# 1, 50, 7.5, true, read
recv-size, 0, 524288000
size, 0, 0
start-read, 0, 0, 78643200
read, 0, 133124
recv-read, 0, 0, 78643200
network, 0, 29187
start-read, 1, 78643200, 78643200
read, 1, 130214
recv-read, 1, 78643200, 78643200
network, 1, 28993
start-read, 2, 157286400, 78643200
read, 2, 123688
recv-read, 2, 157286400, 78643200
network, 2, 27913
start-read, 3, 235929600, 78643200
read, 3, 131200
recv-read, 3, 235929600, 78643200
network, 3, 42555
start-read, 4, 314572800, 78643200
read, 4, 115544
recv-read, 4, 314572800, 78643200
network, 4, 36978
start-read, 5, 393216000, 78643200
read, 5, 112265
recv-read, 5, 393216000, 78643200
network, 5, 37564
start-read, 6, 471859200, 78643200
read, 6, 111352
recv-read, 6, 471859200, 52428800
network, 6, 23592
start-read, 7, 550502400, 78643200
cmd-read, 0, 1085066
