# Thu Sep 10 16:32:55 PDT 2015
# 5, 200, 0, read
record-value, 112
chunk-size, 1422549852, 4899
disks, 8, 

size, 5, 1, 2097152000, 0
size, 6, 1, 2097152000, 0
size, 7, 1, 2097152000, 0
size, 8, 1, 2097152000, 0
size, 9, 1, 2097152000, 0


read-start, 5, 1, 0, 1422549852, 17
read-start, 6, 1, 0, 1422549852, 17
read-start, 7, 1, 0, 1422549852, 17
read-start, 8, 1, 0, 1422549852, 17
read-start, 9, 1, 0, 1422549852, 17
read-wait, 5, 1, 0
read, 5, 1, 0, 1422549852, 178410
circular-read-start, 5, 1, 142254985200, 178428
read-wait, 6, 1, 178570
read, 6, 1, 0, 1422549852, 178570
circular-read-start, 6, 1, 142254985200, 178587
read-wait, 7, 1, 178575
read, 7, 1, 0, 1422549852, 178575
circular-read-start, 7, 1, 142254985200, 178592
read-wait, 8, 1, 178581
read, 8, 1, 0, 1422549852, 178581
circular-read-start, 8, 1, 142254985200, 178598
read-wait, 9, 1, 178586
read, 9, 1, 0, 1422549852, 179070
circular-read-start, 9, 1, 142254985200, 179087
read-start, 5, 2, 1422549852, 674602148, 754730
circular-read-total, 5, 1, 142254985200, 29886, 576302
read-start, 8, 2, 1422549852, 674602148, 755054
circular-read-total, 8, 1, 142254985200, 32735, 576455
read-start, 6, 2, 1422549852, 674602148, 755136
circular-read-total, 6, 1, 142254985200, 32202, 576548
read-start, 9, 2, 1422549852, 674602148, 755283
circular-read-total, 9, 1, 142254985200, 32178, 576195
read-start, 7, 2, 1422549852, 674602148, 755410
circular-read-total, 7, 1, 142254985200, 35607, 576818
read-wait, 6, 2, 609
read, 6, 2, 1422549852, 674602148, 71693
circular-read-start, 6, 2, 67460214800, 826829
read-wait, 5, 2, 72233
read, 5, 2, 1422549852, 674602148, 108933
circular-read-start, 5, 2, 67460214800, 863664
read-wait, 9, 2, 108512
read, 9, 2, 1422549852, 674602148, 108512
circular-read-start, 9, 2, 67460214800, 863796
read-wait, 7, 2, 108389
read, 7, 2, 1422549852, 674602148, 108389
circular-read-start, 7, 2, 67460214800, 863800
read-wait, 8, 2, 108752
read, 8, 2, 1422549852, 674602148, 108752
circular-read-start, 8, 2, 67460214800, 863806
circular-read-total, 6, 2, 67460214800, 14747, 309521
circular-read-total, 5, 2, 67460214800, 13483, 272817
circular-read-total, 8, 2, 67460214800, 15277, 272688
circular-read-total, 9, 2, 67460214800, 15264, 272748
circular-read-total, 7, 2, 67460214800, 16340, 272975

cmd-read, 1137348
