# 1, 50, 5, true, read
recv-size, 0, 524288000
size, 0, 0
start-read, 0, 0, 52428800
read, 0, 126739
recv-read, 0, 0, 52428800
network, 0, 61079
start-read, 1, 52428800, 52428800
read, 1, 127391
recv-read, 1, 52428800, 52428800
network, 1, 59240
start-read, 2, 104857600, 52428800
read, 2, 128867
recv-read, 2, 104857600, 52428800
network, 2, 59257
start-read, 3, 157286400, 52428800
read, 3, 122943
recv-read, 3, 157286400, 52428800
network, 3, 59351
start-read, 4, 209715200, 52428800
read, 4, 118239
recv-read, 4, 209715200, 52428800
network, 4, 59352
start-read, 5, 262144000, 52428800
read, 5, 116863
recv-read, 5, 262144000, 52428800
network, 5, 59502
start-read, 6, 314572800, 52428800
read, 6, 113465
recv-read, 6, 314572800, 52428800
network, 6, 59178
start-read, 7, 367001600, 52428800
read, 7, 113481
recv-read, 7, 367001600, 52428800
network, 7, 59337
start-read, 8, 419430400, 52428800
read, 8, 113380
recv-read, 8, 419430400, 52428800
network, 8, 59144
start-read, 9, 471859200, 52428800
read, 9, 113041
recv-read, 9, 471859200, 52428800
network, 9, 59352
start-read, 10, 524288000, 52428800
cmd-read, 0, 1790046
