# Fri Oct 23 09:43:07 PDT 2015
# 6, 1400, 0, read
max-chunk, 3, 1, 137773447, 0
chunk-size, 137773447, 3484
disks, 1

size, 3, 2, 2333333333, 0
size, 4, 1, 2333333333, 0
size, 5, 1, 2333333333, 0
size, 6, 1, 2333333333, 0
size, 7, 1, 2333333333, 0
size, 8, 1, 2333333333, 0


read-start, 3, 1, 0, 137773447, 95
read-start, 4, 1, 0, 137773447, 95
read-start, 5, 1, 0, 137773447, 95
read-start, 6, 1, 0, 137773447, 95
read-start, 7, 1, 0, 137773447, 95
read-start, 8, 1, 0, 137773447, 95
read-wait, 3, 1, 0
read, 3, 1, 0, 137773447, 331903
circular-read-start, 3, 1, 13777344700, 331998
read-wait, 4, 1, 332093
read, 4, 1, 0, 137773447, 332093
circular-read-start, 4, 1, 13777344700, 332188
read-wait, 5, 1, 332096
read, 5, 1, 0, 137773447, 335966
circular-read-start, 5, 1, 13777344700, 336061
read-wait, 6, 1, 336101
read, 6, 1, 0, 137773447, 336101
circular-read-start, 6, 1, 13777344700, 336197
read-wait, 7, 1, 336104
read, 7, 1, 0, 137773447, 336752
circular-read-start, 7, 1, 13777344700, 336848
read-wait, 8, 1, 336883
read, 8, 1, 0, 137773447, 336883
circular-read-start, 8, 1, 13777344700, 336979
read-start, 3, 2, 137773447, 137773447, 369404
circular-read-total, 3, 1, 13777344700, 7596, 37411
read-start, 4, 2, 137773447, 137773447, 390523
circular-read-total, 4, 1, 13777344700, 10499, 58334
read-start, 8, 2, 137773447, 137773447, 392669
circular-read-total, 8, 1, 13777344700, 11398, 55690
read-start, 7, 2, 137773447, 137773447, 393627
circular-read-total, 7, 1, 13777344700, 15551, 56779
read-start, 5, 2, 137773447, 137773447, 393732
circular-read-total, 5, 1, 13777344700, 13783, 57670
read-start, 6, 2, 137773447, 137773447, 393936
circular-read-total, 6, 1, 13777344700, 13020, 57739
read-wait, 5, 2, 1685
read, 5, 2, 137773447, 137773447, 342116
circular-read-start, 5, 2, 13777344700, 735849
read-wait, 6, 2, 342092
read, 6, 2, 137773447, 137773447, 342092
circular-read-start, 6, 2, 13777344700, 736029
read-wait, 8, 2, 343363
read, 8, 2, 137773447, 137773447, 343363
circular-read-start, 8, 2, 13777344700, 736033
read-wait, 7, 2, 342408
read, 7, 2, 137773447, 137773447, 343242
circular-read-start, 7, 2, 13777344700, 736869
read-wait, 4, 2, 346510
read, 4, 2, 137773447, 137773447, 346510
circular-read-start, 4, 2, 13777344700, 737033
read-wait, 3, 2, 367631
read, 3, 2, 137773447, 137773447, 367632
circular-read-start, 3, 2, 13777344700, 737036
read-start, 3, 3, 275546894, 137773447, 774069
circular-read-total, 3, 2, 13777344700, 988, 37041
read-start, 8, 3, 275546894, 137773447, 795329
circular-read-total, 8, 2, 13777344700, 9203, 59296
read-start, 4, 3, 275546894, 137773447, 795501
circular-read-total, 4, 2, 13777344700, 16966, 58468
read-start, 6, 3, 275546894, 137773447, 796018
circular-read-total, 6, 2, 13777344700, 8595, 59989
read-start, 7, 3, 275546894, 137773447, 796354
circular-read-total, 7, 2, 13777344700, 11197, 59485
read-start, 5, 3, 275546894, 137773447, 796694
circular-read-total, 5, 2, 13777344700, 12926, 60845
read-wait, 5, 3, 1133
read, 5, 3, 275546894, 137773447, 344487
circular-read-start, 5, 3, 13777344700, 1141182
read-wait, 4, 3, 345855
read, 4, 3, 275546894, 137773447, 345855
circular-read-start, 4, 3, 13777344700, 1141357
read-wait, 6, 3, 345341
read, 6, 3, 275546894, 137773447, 345341
circular-read-start, 6, 3, 13777344700, 1141359
read-wait, 7, 3, 345012
read, 7, 3, 275546894, 137773447, 349720
circular-read-start, 7, 3, 13777344700, 1146074
read-wait, 8, 3, 350927
read, 8, 3, 275546894, 137773447, 350927
circular-read-start, 8, 3, 13777344700, 1146256
read-wait, 3, 3, 372191
read, 3, 3, 275546894, 137773447, 372191
circular-read-start, 3, 3, 13777344700, 1146261
read-start, 3, 4, 413320341, 137773447, 1180763
circular-read-total, 3, 3, 13777344700, 457, 34510
read-start, 4, 4, 413320341, 137773447, 1203003
circular-read-total, 4, 3, 13777344700, 16477, 61647
read-start, 7, 4, 413320341, 137773447, 1204587
circular-read-total, 7, 3, 13777344700, 11613, 58512
read-start, 6, 4, 413320341, 137773447, 1204658
circular-read-total, 6, 3, 13777344700, 10239, 63298
read-start, 8, 4, 413320341, 137773447, 1204660
circular-read-total, 8, 3, 13777344700, 10734, 58403
read-start, 5, 4, 413320341, 137773447, 1205940
circular-read-total, 5, 3, 13777344700, 12984, 64758
read-wait, 5, 4, 1947
read, 5, 4, 413320341, 137773447, 359215
circular-read-start, 5, 4, 13777344700, 1565155
read-wait, 6, 4, 360670
read, 6, 4, 413320341, 137773447, 360670
circular-read-start, 6, 4, 13777344700, 1565329
read-wait, 4, 4, 362332
read, 4, 4, 413320341, 137773447, 362332
circular-read-start, 4, 4, 13777344700, 1565336
read-wait, 7, 4, 360752
read, 7, 4, 413320341, 137773447, 360752
circular-read-start, 7, 4, 13777344700, 1565340
read-wait, 3, 4, 384586
read, 3, 4, 413320341, 137773447, 384586
circular-read-start, 3, 4, 13777344700, 1565350
read-wait, 8, 4, 360695
read, 8, 4, 413320341, 137773447, 360695
circular-read-start, 8, 4, 13777344700, 1565356
read-start, 3, 5, 551093788, 137773447, 1605344
circular-read-total, 3, 4, 13777344700, 1502, 39996
read-start, 6, 5, 551093788, 137773447, 1624599
circular-read-total, 6, 4, 13777344700, 8523, 59272
read-start, 7, 5, 551093788, 137773447, 1625131
circular-read-total, 7, 4, 13777344700, 10267, 59792
read-start, 8, 5, 551093788, 137773447, 1625250
circular-read-total, 8, 4, 13777344700, 7210, 59895
read-start, 5, 5, 551093788, 137773447, 1625621
circular-read-total, 5, 4, 13777344700, 11739, 60465
read-start, 4, 5, 551093788, 137773447, 1625831
circular-read-total, 4, 4, 13777344700, 16985, 60495
read-wait, 7, 5, 1856
read, 7, 5, 551093788, 137773447, 356184
circular-read-start, 7, 5, 13777344700, 1981316
read-wait, 6, 5, 356944
read, 6, 5, 551093788, 137773447, 356944
circular-read-start, 6, 5, 13777344700, 1981544
read-wait, 5, 5, 355928
read, 5, 5, 551093788, 137773447, 355928
circular-read-start, 5, 5, 13777344700, 1981550
read-wait, 4, 5, 355721
read, 4, 5, 551093788, 137773447, 355721
circular-read-start, 4, 5, 13777344700, 1981553
read-wait, 8, 5, 356314
read, 8, 5, 551093788, 137773447, 356862
circular-read-start, 8, 5, 13777344700, 1982113
read-wait, 3, 5, 377095
read, 3, 5, 551093788, 137773447, 377095
circular-read-start, 3, 5, 13777344700, 1982439
read-start, 3, 6, 688867235, 137773447, 2025957
circular-read-total, 3, 5, 13777344700, 430, 43518
read-start, 4, 6, 688867235, 137773447, 2038744
circular-read-total, 4, 5, 13777344700, 14847, 57191
read-start, 6, 6, 688867235, 137773447, 2041511
circular-read-total, 6, 5, 13777344700, 8515, 59967
read-start, 8, 6, 688867235, 137773447, 2041718
circular-read-total, 8, 5, 13777344700, 9194, 59604
read-start, 7, 6, 688867235, 137773447, 2041805
circular-read-total, 7, 5, 13777344700, 10330, 60489
read-start, 5, 6, 688867235, 137773447, 2041998
circular-read-total, 5, 5, 13777344700, 11598, 60448
read-wait, 5, 6, 643
read, 5, 6, 688867235, 137773447, 347150
circular-read-start, 5, 6, 13777344700, 2389149
read-wait, 7, 6, 347527
read, 7, 6, 688867235, 137773447, 347527
circular-read-start, 7, 6, 13777344700, 2389333
read-wait, 4, 6, 350597
read, 4, 6, 688867235, 137773447, 350597
circular-read-start, 4, 6, 13777344700, 2389342
read-wait, 6, 6, 347835
read, 6, 6, 688867235, 137773447, 359366
circular-read-start, 6, 6, 13777344700, 2400878
read-wait, 8, 6, 359351
read, 8, 6, 688867235, 137773447, 359351
circular-read-start, 8, 6, 13777344700, 2401069
read-wait, 3, 6, 375118
read, 3, 6, 688867235, 137773447, 375119
circular-read-start, 3, 6, 13777344700, 2401076
read-start, 3, 7, 826640682, 137773447, 2440279
circular-read-total, 3, 6, 13777344700, 758, 39210
read-start, 4, 7, 826640682, 137773447, 2457613
circular-read-total, 4, 6, 13777344700, 8996, 68271
read-start, 7, 7, 826640682, 137773447, 2458882
circular-read-total, 7, 6, 13777344700, 9194, 69550
read-start, 5, 7, 826640682, 137773447, 2459345
circular-read-total, 5, 6, 13777344700, 9848, 70196
read-start, 8, 7, 826640682, 137773447, 2459461
circular-read-total, 8, 6, 13777344700, 11151, 58392
read-start, 6, 7, 826640682, 137773447, 2460558
circular-read-total, 6, 6, 13777344700, 11478, 59680
read-wait, 5, 7, 3001
read, 5, 7, 826640682, 137773447, 344863
circular-read-start, 5, 7, 13777344700, 2804209
read-wait, 7, 7, 345501
read, 7, 7, 826640682, 137773447, 345501
circular-read-start, 7, 7, 13777344700, 2804384
read-wait, 6, 7, 343835
read, 6, 7, 826640682, 137773447, 348020
circular-read-start, 6, 7, 13777344700, 2808579
read-wait, 4, 7, 351125
read, 4, 7, 826640682, 137773447, 351125
circular-read-start, 4, 7, 13777344700, 2808739
read-wait, 3, 7, 368470
read, 3, 7, 826640682, 137773447, 368470
circular-read-start, 3, 7, 13777344700, 2808750
read-wait, 8, 7, 349290
read, 8, 7, 826640682, 137773447, 349290
circular-read-start, 8, 7, 13777344700, 2808752
read-start, 3, 8, 964414129, 137773447, 2846983
circular-read-total, 3, 7, 13777344700, 747, 38244
read-start, 8, 8, 964414129, 137773447, 2867918
circular-read-total, 8, 7, 13777344700, 8877, 59166
read-start, 6, 8, 964414129, 137773447, 2868560
circular-read-total, 6, 7, 13777344700, 8763, 59981
read-start, 5, 8, 964414129, 137773447, 2868671
circular-read-total, 5, 7, 13777344700, 9944, 64461
read-start, 7, 8, 964414129, 137773447, 2868701
circular-read-total, 7, 7, 13777344700, 10133, 64317
read-start, 4, 8, 964414129, 137773447, 2869235
circular-read-total, 4, 7, 13777344700, 16949, 60495
read-wait, 5, 8, 1325
read, 5, 8, 964414129, 137773447, 343721
circular-read-start, 5, 8, 13777344700, 3212392
read-wait, 7, 8, 343895
read, 7, 8, 964414129, 137773447, 343895
circular-read-start, 7, 8, 13777344700, 3212597
read-wait, 6, 8, 344043
read, 6, 8, 964414129, 137773447, 344043
circular-read-start, 6, 8, 13777344700, 3212604
read-wait, 4, 8, 343372
read, 4, 8, 964414129, 137773447, 343372
circular-read-start, 4, 8, 13777344700, 3212607
read-wait, 3, 8, 365634
read, 3, 8, 964414129, 137773447, 365634
circular-read-start, 3, 8, 13777344700, 3212617
read-wait, 8, 8, 344702
read, 8, 8, 964414129, 137773447, 344702
circular-read-start, 8, 8, 13777344700, 3212621
read-start, 3, 9, 1102187576, 137773447, 3250949
circular-read-total, 3, 8, 13777344700, 249, 38332
read-start, 7, 9, 1102187576, 137773447, 3271171
circular-read-total, 7, 8, 13777344700, 8898, 58574
read-start, 5, 9, 1102187576, 137773447, 3271827
circular-read-total, 5, 8, 13777344700, 11300, 59435
read-start, 8, 9, 1102187576, 137773447, 3272565
circular-read-total, 8, 8, 13777344700, 9336, 59944
read-start, 4, 9, 1102187576, 137773447, 3272648
circular-read-total, 4, 8, 13777344700, 19062, 60041
read-start, 6, 9, 1102187576, 137773447, 3272666
circular-read-total, 6, 8, 13777344700, 9220, 60061
read-wait, 5, 9, 1666
read, 5, 9, 1102187576, 137773447, 335903
circular-read-start, 5, 9, 13777344700, 3607731
read-wait, 6, 9, 335273
read, 6, 9, 1102187576, 137773447, 338984
circular-read-start, 6, 9, 13777344700, 3611650
read-wait, 7, 9, 340645
read, 7, 9, 1102187576, 137773447, 342179
circular-read-start, 7, 9, 13777344700, 3613351
read-wait, 8, 9, 341062
read, 8, 9, 1102187576, 137773447, 341062
circular-read-start, 8, 9, 13777344700, 3613627
read-wait, 4, 9, 340983
read, 4, 9, 1102187576, 137773447, 340983
circular-read-start, 4, 9, 13777344700, 3613632
read-wait, 3, 9, 362690
read, 3, 9, 1102187576, 137773447, 362690
circular-read-start, 3, 9, 13777344700, 3613640
read-start, 3, 10, 1239961023, 137773447, 3647712
circular-read-total, 3, 9, 13777344700, 359, 34080
read-start, 5, 10, 1239961023, 137773447, 3671221
circular-read-total, 5, 9, 13777344700, 10794, 63492
read-start, 6, 10, 1239961023, 137773447, 3671275
circular-read-total, 6, 9, 13777344700, 8988, 59625
read-start, 8, 10, 1239961023, 137773447, 3672028
circular-read-total, 8, 9, 13777344700, 9763, 58400
read-start, 7, 10, 1239961023, 137773447, 3672753
circular-read-total, 7, 9, 13777344700, 8290, 59400
read-start, 4, 10, 1239961023, 137773447, 3672914
circular-read-total, 4, 9, 13777344700, 18334, 59281
read-wait, 5, 10, 2809
read, 5, 10, 1239961023, 137773447, 341466
circular-read-start, 5, 10, 13777344700, 4012688
read-wait, 6, 10, 341637
read, 6, 10, 1239961023, 137773447, 341637
circular-read-start, 6, 10, 13777344700, 4012913
read-wait, 7, 10, 340167
read, 7, 10, 1239961023, 137773447, 341166
circular-read-start, 7, 10, 13777344700, 4013920
read-wait, 8, 10, 342134
read, 8, 10, 1239961023, 137773447, 342134
circular-read-start, 8, 10, 13777344700, 4014162
read-wait, 4, 10, 341251
read, 4, 10, 1239961023, 137773447, 341251
circular-read-start, 4, 10, 13777344700, 4014165
read-wait, 3, 10, 366464
read, 3, 10, 1239961023, 137773447, 366464
circular-read-start, 3, 10, 13777344700, 4014177
read-start, 3, 11, 1377734470, 137773447, 4055740
circular-read-total, 3, 10, 13777344700, 549, 41563
read-start, 7, 11, 1377734470, 137773447, 4071092
circular-read-total, 7, 10, 13777344700, 9866, 57172
read-start, 6, 11, 1377734470, 137773447, 4073059
circular-read-total, 6, 10, 13777344700, 10050, 60147
read-start, 5, 11, 1377734470, 137773447, 4073337
circular-read-total, 5, 10, 13777344700, 12854, 60648
read-start, 4, 11, 1377734470, 137773447, 4073671
circular-read-total, 4, 10, 13777344700, 16878, 59506
read-start, 8, 11, 1377734470, 137773447, 4073904
circular-read-total, 8, 10, 13777344700, 9792, 59741
read-wait, 5, 11, 1535
read, 5, 11, 1377734470, 137773447, 340246
circular-read-start, 5, 11, 13777344700, 4413583
read-wait, 7, 11, 342694
read, 7, 11, 1377734470, 137773447, 342694
circular-read-start, 7, 11, 13777344700, 4413786
read-wait, 6, 11, 340740
read, 6, 11, 1377734470, 137773447, 340740
circular-read-start, 6, 11, 13777344700, 4413800
read-wait, 8, 11, 339905
read, 8, 11, 1377734470, 137773447, 339905
circular-read-start, 8, 11, 13777344700, 4413809
read-wait, 4, 11, 340140
read, 4, 11, 1377734470, 137773447, 340140
circular-read-start, 4, 11, 13777344700, 4413812
read-wait, 3, 11, 358093
read, 3, 11, 1377734470, 137773447, 358093
circular-read-start, 3, 11, 13777344700, 4413833
read-start, 3, 12, 1515507917, 137773447, 4455333
circular-read-total, 3, 11, 13777344700, 816, 41500
read-start, 7, 12, 1515507917, 137773447, 4471041
circular-read-total, 7, 11, 13777344700, 9012, 57255
read-start, 6, 12, 1515507917, 137773447, 4472927
circular-read-total, 6, 11, 13777344700, 8912, 59127
read-start, 4, 12, 1515507917, 137773447, 4473425
circular-read-total, 4, 11, 13777344700, 14448, 59613
read-start, 8, 12, 1515507917, 137773447, 4473939
circular-read-total, 8, 11, 13777344700, 8500, 60130
read-start, 5, 12, 1515507917, 137773447, 4474006
circular-read-total, 5, 11, 13777344700, 12893, 60422
read-wait, 7, 12, 4723
read, 7, 12, 1515507917, 137773447, 335757
circular-read-start, 7, 12, 13777344700, 4806799
read-wait, 5, 12, 333078
read, 5, 12, 1515507917, 137773447, 336740
circular-read-start, 5, 12, 13777344700, 4810747
read-wait, 6, 12, 337992
read, 6, 12, 1515507917, 137773447, 337992
circular-read-start, 6, 12, 13777344700, 4810919
read-wait, 8, 12, 336995
read, 8, 12, 1515507917, 137773447, 336995
circular-read-start, 8, 12, 13777344700, 4810935
read-wait, 4, 12, 337520
read, 4, 12, 1515507917, 137773447, 337520
circular-read-start, 4, 12, 13777344700, 4810946
read-wait, 3, 12, 355632
read, 3, 12, 1515507917, 137773447, 355632
circular-read-start, 3, 12, 13777344700, 4810965
read-start, 3, 13, 1653281364, 137773447, 4846846
circular-read-total, 3, 12, 13777344700, 787, 35889
read-start, 5, 13, 1653281364, 137773447, 4869637
circular-read-total, 5, 12, 13777344700, 10827, 58891
read-start, 7, 13, 1653281364, 137773447, 4869807
circular-read-total, 7, 12, 13777344700, 11509, 63008
read-start, 8, 13, 1653281364, 137773447, 4870151
circular-read-total, 8, 12, 13777344700, 8469, 59216
read-start, 6, 13, 1653281364, 137773447, 4870352
circular-read-total, 6, 12, 13777344700, 7450, 59435
read-start, 4, 13, 1653281364, 137773447, 4870822
circular-read-total, 4, 12, 13777344700, 17046, 59876
read-wait, 5, 13, 2786
read, 5, 13, 1653281364, 137773447, 345156
circular-read-start, 5, 13, 13777344700, 5214794
read-wait, 7, 13, 345184
read, 7, 13, 1653281364, 137773447, 345184
circular-read-start, 7, 13, 13777344700, 5214992
read-wait, 6, 13, 344642
read, 6, 13, 1653281364, 137773447, 344642
circular-read-start, 6, 13, 13777344700, 5214995
read-wait, 8, 13, 344857
read, 8, 13, 1653281364, 137773447, 344857
circular-read-start, 8, 13, 13777344700, 5215009
read-wait, 4, 13, 344200
read, 4, 13, 1653281364, 137773447, 344200
circular-read-start, 4, 13, 13777344700, 5215023
read-wait, 3, 13, 368381
read, 3, 13, 1653281364, 137773447, 368381
circular-read-start, 3, 13, 13777344700, 5215227
read-start, 3, 14, 1791054811, 137773447, 5253886
circular-read-total, 3, 13, 13777344700, 1120, 38661
read-start, 6, 14, 1791054811, 137773447, 5273305
circular-read-total, 6, 13, 13777344700, 8218, 58309
read-start, 8, 14, 1791054811, 137773447, 5273744
circular-read-total, 8, 13, 13777344700, 8821, 58735
read-start, 5, 14, 1791054811, 137773447, 5274841
circular-read-total, 5, 13, 13777344700, 13355, 60047
read-start, 7, 14, 1791054811, 137773447, 5275060
circular-read-total, 7, 13, 13777344700, 10944, 60068
read-start, 4, 14, 1791054811, 137773447, 5275095
circular-read-total, 4, 13, 13777344700, 19747, 60072
read-wait, 5, 14, 985
read, 5, 14, 1791054811, 137773447, 344241
circular-read-start, 5, 14, 13777344700, 5619084
read-wait, 7, 14, 344208
read, 7, 14, 1791054811, 137773447, 344209
circular-read-start, 7, 14, 13777344700, 5619270
read-wait, 6, 14, 345978
read, 6, 14, 1791054811, 137773447, 345978
circular-read-start, 6, 14, 13777344700, 5619284
read-wait, 8, 14, 345550
read, 8, 14, 1791054811, 137773447, 345550
circular-read-start, 8, 14, 13777344700, 5619295
read-wait, 4, 14, 344206
read, 4, 14, 1791054811, 137773447, 344206
circular-read-start, 4, 14, 13777344700, 5619302
read-wait, 3, 14, 365440
read, 3, 14, 1791054811, 137773447, 365440
circular-read-start, 3, 14, 13777344700, 5619327
read-start, 3, 15, 1928828258, 137773447, 5656453
circular-read-total, 3, 14, 13777344700, 766, 37136
read-start, 8, 15, 1928828258, 137773447, 5677563
circular-read-total, 8, 14, 13777344700, 9300, 58268
read-start, 4, 15, 1928828258, 137773447, 5679033
circular-read-total, 4, 14, 13777344700, 18195, 59731
read-start, 6, 15, 1928828258, 137773447, 5679171
circular-read-total, 6, 14, 13777344700, 10030, 59888
read-start, 5, 15, 1928828258, 137773447, 5679438
circular-read-total, 5, 14, 13777344700, 11468, 60354
read-start, 7, 15, 1928828258, 137773447, 5679776
circular-read-total, 7, 14, 13777344700, 9784, 60506
read-wait, 7, 15, 1643
read, 7, 15, 1928828258, 137773447, 331983
circular-read-start, 7, 15, 13777344700, 6011759
read-wait, 5, 15, 332583
read, 5, 15, 1928828258, 137773447, 340578
circular-read-start, 5, 15, 13777344700, 6020017
read-wait, 8, 15, 342622
read, 8, 15, 1928828258, 137773447, 342622
circular-read-start, 8, 15, 13777344700, 6020186
read-wait, 6, 15, 341020
read, 6, 15, 1928828258, 137773447, 341020
circular-read-start, 6, 15, 13777344700, 6020191
read-wait, 4, 15, 341170
read, 4, 15, 1928828258, 137773447, 341170
circular-read-start, 4, 15, 13777344700, 6020204
read-wait, 3, 15, 363752
read, 3, 15, 1928828258, 137773447, 363752
circular-read-start, 3, 15, 13777344700, 6020206
read-start, 3, 16, 2066601705, 137773447, 6060494
circular-read-total, 3, 15, 13777344700, 3105, 40293
read-start, 6, 16, 2066601705, 137773447, 6077480
circular-read-total, 6, 15, 13777344700, 10550, 57289
read-start, 7, 16, 2066601705, 137773447, 6078457
circular-read-total, 7, 15, 13777344700, 11805, 66698
read-start, 4, 16, 2066601705, 137773447, 6079270
circular-read-total, 4, 15, 13777344700, 17461, 59066
read-start, 8, 16, 2066601705, 137773447, 6079624
circular-read-total, 8, 15, 13777344700, 9741, 59437
read-start, 5, 16, 2066601705, 137773447, 6079737
circular-read-total, 5, 15, 13777344700, 12362, 59719
read-wait, 6, 16, 3568
read, 6, 16, 2066601705, 137773447, 324019
circular-read-start, 6, 16, 13777344700, 6401500
read-wait, 7, 16, 323171
read, 7, 16, 2066601705, 137773447, 338050
circular-read-start, 7, 16, 13777344700, 6416508
read-wait, 8, 16, 337115
read, 8, 16, 2066601705, 137773447, 337115
circular-read-start, 8, 16, 13777344700, 6416739
read-wait, 5, 16, 337005
read, 5, 16, 2066601705, 137773447, 339834
circular-read-start, 5, 16, 13777344700, 6419572
read-wait, 4, 16, 340475
read, 4, 16, 2066601705, 137773447, 340475
circular-read-start, 4, 16, 13777344700, 6419746
read-wait, 3, 16, 359255
read, 3, 16, 2066601705, 137773447, 359255
circular-read-start, 3, 16, 13777344700, 6419750
read-start, 3, 17, 2204375152, 128958181, 6458768
circular-read-total, 3, 16, 13777344700, 1539, 39027
read-start, 6, 17, 2204375152, 128958181, 6476793
circular-read-total, 6, 16, 13777344700, 9767, 75294
read-start, 7, 17, 2204375152, 128958181, 6477389
circular-read-total, 7, 16, 13777344700, 9890, 60882
read-start, 8, 17, 2204375152, 128958181, 6477478
circular-read-total, 8, 16, 13777344700, 10164, 60738
read-start, 5, 17, 2204375152, 128958181, 6478073
circular-read-total, 5, 16, 13777344700, 9723, 58501
read-start, 4, 17, 2204375152, 128958181, 6478262
circular-read-total, 4, 16, 13777344700, 21054, 58516
read-wait, 8, 17, 2100
read, 8, 17, 2204375152, 128958181, 303454
circular-read-start, 8, 17, 12895818100, 6780932
read-wait, 5, 17, 303061
read, 5, 17, 2204375152, 128958181, 340070
circular-read-start, 5, 17, 12895818100, 6818143
read-wait, 7, 17, 340930
read, 7, 17, 2204375152, 128958181, 340931
circular-read-start, 7, 17, 12895818100, 6818321
read-wait, 6, 17, 341535
read, 6, 17, 2204375152, 128958181, 341535
circular-read-start, 6, 17, 12895818100, 6818329
read-wait, 4, 17, 340071
read, 4, 17, 2204375152, 128958181, 340071
circular-read-start, 4, 17, 12895818100, 6818334
read-wait, 3, 17, 359570
read, 3, 17, 2204375152, 128958181, 359570
circular-read-start, 3, 17, 12895818100, 6818338
circular-read-total, 3, 17, 12895818100, 1847, 33305
circular-read-total, 8, 17, 12895818100, 8986, 90154
circular-read-total, 5, 17, 12895818100, 11963, 54236
circular-read-total, 4, 17, 12895818100, 13659, 54287
circular-read-total, 6, 17, 12895818100, 9247, 54905
circular-read-total, 7, 17, 12895818100, 10055, 55095

cmd-read, 6876073
# Fri Oct 23 11:52:58 PDT 2015
# 4, 1400, 0, read
max-chunk, 3, 1, 137773447, 0
chunk-size, 137773447, 5227
disks, 1

size, 3, 2, 3500000000, 0
size, 4, 1, 3500000000, 0
size, 5, 1, 3500000000, 0
size, 6, 1, 3500000000, 0


read-start, 3, 1, 0, 137773447, 133
read-start, 4, 1, 0, 137773447, 133
read-start, 5, 1, 0, 137773447, 133
read-start, 6, 1, 0, 137773447, 133
read-wait, 3, 1, 0
read, 3, 1, 0, 137773447, 524042
circular-read-start, 3, 1, 13777344700, 524177
read-wait, 4, 1, 524316
read, 4, 1, 0, 137773447, 524316
circular-read-start, 4, 1, 13777344700, 524450
read-wait, 5, 1, 524323
read, 5, 1, 0, 137773447, 524323
circular-read-start, 5, 1, 13777344700, 524456
read-wait, 6, 1, 524326
read, 6, 1, 0, 137773447, 524326
circular-read-start, 6, 1, 13777344700, 524460
read-start, 4, 2, 137773447, 137773447, 555784
circular-read-total, 4, 1, 13777344700, 20902, 31334
read-start, 3, 2, 137773447, 137773447, 557679
circular-read-total, 3, 1, 13777344700, 22112, 33502
read-start, 5, 2, 137773447, 137773447, 558815
circular-read-total, 5, 1, 13777344700, 19816, 34358
read-start, 6, 2, 137773447, 137773447, 558895
circular-read-total, 6, 1, 13777344700, 19098, 34435
read-wait, 4, 2, 5605
read, 4, 2, 137773447, 137773447, 502394
circular-read-start, 4, 2, 13777344700, 1058178
read-wait, 5, 2, 499544
read, 5, 2, 137773447, 137773447, 509853
circular-read-start, 5, 2, 13777344700, 1068669
read-wait, 3, 2, 511235
read, 3, 2, 137773447, 137773447, 529143
circular-read-start, 3, 2, 13777344700, 1086823
read-wait, 6, 2, 528141
read, 6, 2, 137773447, 137773447, 528141
circular-read-start, 6, 2, 13777344700, 1087037
read-start, 4, 3, 275546894, 137773447, 1113258
circular-read-total, 4, 2, 13777344700, 5116, 55079
read-start, 3, 3, 275546894, 137773447, 1114666
circular-read-total, 3, 2, 13777344700, 7736, 27844
read-start, 5, 3, 275546894, 137773447, 1115576
circular-read-total, 5, 2, 13777344700, 6299, 46907
read-start, 6, 3, 275546894, 137773447, 1115865
circular-read-total, 6, 2, 13777344700, 7150, 28828
read-wait, 4, 3, 7206
read, 4, 3, 275546894, 137773447, 512073
circular-read-start, 4, 3, 13777344700, 1625333
read-wait, 5, 3, 510014
read, 5, 3, 275546894, 137773447, 513558
circular-read-start, 5, 3, 13777344700, 1629135
read-wait, 3, 3, 514644
read, 3, 3, 275546894, 137773447, 524185
circular-read-start, 3, 3, 13777344700, 1638853
read-wait, 6, 3, 523176
read, 6, 3, 275546894, 137773447, 523176
circular-read-start, 6, 3, 13777344700, 1639041
read-start, 4, 4, 413320341, 137773447, 1665449
circular-read-total, 4, 3, 13777344700, 7765, 40121
read-start, 3, 4, 413320341, 137773447, 1666968
circular-read-total, 3, 3, 13777344700, 9160, 28117
read-start, 6, 4, 413320341, 137773447, 1667774
circular-read-total, 6, 3, 13777344700, 9569, 28733
read-start, 5, 4, 413320341, 137773447, 1668792
circular-read-total, 5, 3, 13777344700, 7439, 39658
read-wait, 4, 4, 9129
read, 4, 4, 413320341, 137773447, 505821
circular-read-start, 4, 4, 13777344700, 2171271
read-wait, 5, 4, 502747
read, 5, 4, 413320341, 137773447, 516949
circular-read-start, 5, 4, 13777344700, 2185742
read-wait, 6, 4, 518426
read, 6, 4, 413320341, 137773447, 518426
circular-read-start, 6, 4, 13777344700, 2186201
read-wait, 3, 4, 519243
read, 3, 4, 413320341, 137773447, 519667
circular-read-start, 3, 4, 13777344700, 2186636
read-start, 4, 5, 551093788, 137773447, 2213726
circular-read-total, 4, 4, 13777344700, 5883, 42454
read-start, 3, 5, 551093788, 137773447, 2215538
circular-read-total, 3, 4, 13777344700, 9014, 28901
read-start, 6, 5, 551093788, 137773447, 2220331
circular-read-total, 6, 4, 13777344700, 12517, 34130
read-start, 5, 5, 551093788, 137773447, 2220657
circular-read-total, 5, 4, 13777344700, 11727, 34915
read-wait, 4, 5, 7303
read, 4, 5, 551093788, 137773447, 536306
circular-read-start, 4, 5, 13777344700, 2750033
read-wait, 5, 5, 529634
read, 5, 5, 551093788, 137773447, 532576
circular-read-start, 5, 5, 13777344700, 2753233
read-wait, 6, 5, 533114
read, 6, 5, 551093788, 137773447, 533114
circular-read-start, 6, 5, 13777344700, 2753446
read-wait, 3, 5, 537924
read, 3, 5, 551093788, 137773447, 537924
circular-read-start, 3, 5, 13777344700, 2753462
read-start, 4, 6, 688867235, 137773447, 2782413
circular-read-total, 4, 5, 13777344700, 7948, 32380
read-start, 3, 6, 688867235, 137773447, 2783305
circular-read-total, 3, 5, 13777344700, 11256, 29842
read-start, 6, 6, 688867235, 137773447, 2783886
circular-read-total, 6, 5, 13777344700, 12606, 30440
read-start, 5, 6, 688867235, 137773447, 2784753
circular-read-total, 5, 5, 13777344700, 12823, 31519
read-wait, 4, 6, 7140
read, 4, 6, 688867235, 137773447, 514224
circular-read-start, 4, 6, 13777344700, 3296638
read-wait, 5, 6, 512125
read, 5, 6, 688867235, 137773447, 516130
circular-read-start, 5, 6, 13777344700, 3300883
read-wait, 3, 6, 517837
read, 3, 6, 688867235, 137773447, 517837
circular-read-start, 3, 6, 13777344700, 3301143
read-wait, 6, 6, 517261
read, 6, 6, 688867235, 137773447, 517261
circular-read-start, 6, 6, 13777344700, 3301147
read-start, 4, 7, 826640682, 137773447, 3328365
circular-read-total, 4, 6, 13777344700, 8634, 31727
read-start, 3, 7, 826640682, 137773447, 3329982
circular-read-total, 3, 6, 13777344700, 10705, 28840
read-start, 5, 7, 826640682, 137773447, 3330499
circular-read-total, 5, 6, 13777344700, 8912, 29616
read-start, 6, 7, 826640682, 137773447, 3331828
circular-read-total, 6, 6, 13777344700, 9108, 30682
read-wait, 5, 7, 7227
read, 5, 7, 826640682, 137773447, 502105
circular-read-start, 5, 7, 13777344700, 3832605
read-wait, 4, 7, 504425
read, 4, 7, 826640682, 137773447, 504425
circular-read-start, 4, 7, 13777344700, 3832790
read-wait, 6, 7, 500976
read, 6, 7, 826640682, 137773447, 500976
circular-read-start, 6, 7, 13777344700, 3832805
read-wait, 3, 7, 502836
read, 3, 7, 826640682, 137773447, 502940
circular-read-start, 3, 7, 13777344700, 3832923
read-start, 4, 8, 964414129, 137773447, 3859107
circular-read-total, 4, 7, 13777344700, 11814, 26318
read-start, 3, 8, 964414129, 137773447, 3860684
circular-read-total, 3, 7, 13777344700, 9613, 27763
read-start, 6, 8, 964414129, 137773447, 3863540
circular-read-total, 6, 7, 13777344700, 10335, 30735
read-start, 5, 8, 964414129, 137773447, 3864541
circular-read-total, 5, 7, 13777344700, 10334, 31936
read-wait, 4, 8, 6299
read, 4, 8, 964414129, 137773447, 495018
circular-read-start, 4, 8, 13777344700, 4354127
read-wait, 5, 8, 489852
read, 5, 8, 964414129, 137773447, 499532
circular-read-start, 5, 8, 13777344700, 4364075
read-wait, 6, 8, 500809
read, 6, 8, 964414129, 137773447, 500810
circular-read-start, 6, 8, 13777344700, 4364351
read-wait, 3, 8, 503681
read, 3, 8, 964414129, 137773447, 503681
circular-read-start, 3, 8, 13777344700, 4364365
read-start, 4, 9, 1102187576, 137773447, 4390011
circular-read-total, 4, 8, 13777344700, 8395, 35888
read-start, 3, 9, 1102187576, 137773447, 4394473
circular-read-total, 3, 8, 13777344700, 13878, 30108
read-start, 6, 9, 1102187576, 137773447, 4397781
circular-read-total, 6, 8, 13777344700, 15413, 33430
read-start, 5, 9, 1102187576, 137773447, 4397956
circular-read-total, 5, 8, 13777344700, 15298, 33880
read-wait, 4, 9, 11843
read, 4, 9, 1102187576, 137773447, 492553
circular-read-start, 4, 9, 13777344700, 4882564
read-wait, 5, 9, 484791
read, 5, 9, 1102187576, 137773447, 498120
circular-read-start, 5, 9, 13777344700, 4896077
read-wait, 6, 9, 498486
read, 6, 9, 1102187576, 137773447, 498486
circular-read-start, 6, 9, 13777344700, 4896268
read-wait, 3, 9, 501813
read, 3, 9, 1102187576, 137773447, 501813
circular-read-start, 3, 9, 13777344700, 4896287
read-start, 4, 10, 1239961023, 137773447, 4923844
circular-read-total, 4, 9, 13777344700, 7678, 41279
read-start, 3, 10, 1239961023, 137773447, 4926937
circular-read-total, 3, 9, 13777344700, 11957, 30649
read-start, 6, 10, 1239961023, 137773447, 4927536
circular-read-total, 6, 9, 13777344700, 12035, 31268
read-start, 5, 10, 1239961023, 137773447, 4928050
circular-read-total, 5, 9, 13777344700, 12587, 31973
read-wait, 4, 10, 6844
read, 4, 10, 1239961023, 137773447, 491487
circular-read-start, 4, 10, 13777344700, 5415332
read-wait, 5, 10, 487484
read, 5, 10, 1239961023, 137773447, 494936
circular-read-start, 5, 10, 13777344700, 5422987
read-wait, 6, 10, 495869
read, 6, 10, 1239961023, 137773447, 495870
circular-read-start, 6, 10, 13777344700, 5423406
read-wait, 3, 10, 496500
read, 3, 10, 1239961023, 137773447, 497183
circular-read-start, 3, 10, 13777344700, 5424120
read-start, 4, 11, 1377734470, 137773447, 5451824
circular-read-total, 4, 10, 13777344700, 8556, 36492
read-start, 5, 11, 1377734470, 137773447, 5454061
circular-read-total, 5, 10, 13777344700, 13332, 31073
read-start, 3, 11, 1377734470, 137773447, 5454288
circular-read-total, 3, 10, 13777344700, 13902, 30168
read-start, 6, 11, 1377734470, 137773447, 5454720
circular-read-total, 6, 10, 13777344700, 13167, 31313
read-wait, 4, 11, 9943
read, 4, 11, 1377734470, 137773447, 486040
circular-read-start, 4, 11, 13777344700, 5937867
read-wait, 5, 11, 484008
read, 5, 11, 1377734470, 137773447, 492630
circular-read-start, 5, 11, 13777344700, 5946692
read-wait, 6, 11, 492208
read, 6, 11, 1377734470, 137773447, 492208
circular-read-start, 6, 11, 13777344700, 5946929
read-wait, 3, 11, 492647
read, 3, 11, 1377734470, 137773447, 494998
circular-read-start, 3, 11, 13777344700, 5949287
read-start, 4, 12, 1515507917, 137773447, 5977891
circular-read-total, 4, 11, 13777344700, 7921, 40031
read-start, 6, 12, 1515507917, 137773447, 5980408
circular-read-total, 6, 11, 13777344700, 11871, 33480
read-start, 5, 12, 1515507917, 137773447, 5980410
circular-read-total, 5, 11, 13777344700, 12204, 33722
read-start, 3, 12, 1515507917, 137773447, 5982508
circular-read-total, 3, 11, 13777344700, 10920, 33224
read-wait, 4, 12, 11295
read, 4, 12, 1515507917, 137773447, 481116
circular-read-start, 4, 12, 13777344700, 6459008
read-wait, 5, 12, 478815
read, 5, 12, 1515507917, 137773447, 492792
circular-read-start, 5, 12, 13777344700, 6473205
read-wait, 6, 12, 492992
read, 6, 12, 1515507917, 137773447, 492992
circular-read-start, 6, 12, 13777344700, 6473401
read-wait, 3, 12, 490904
read, 3, 12, 1515507917, 137773447, 492306
circular-read-start, 3, 12, 13777344700, 6474814
read-start, 4, 13, 1653281364, 137773447, 6501868
circular-read-total, 4, 12, 13777344700, 10791, 42865
read-start, 5, 13, 1653281364, 137773447, 6504555
circular-read-total, 5, 12, 13777344700, 14752, 31350
read-start, 3, 13, 1653281364, 137773447, 6504586
circular-read-total, 3, 12, 13777344700, 16971, 29773
read-start, 6, 13, 1653281364, 137773447, 6506671
circular-read-total, 6, 12, 13777344700, 14752, 33271
read-wait, 4, 13, 10412
read, 4, 13, 1653281364, 137773447, 481092
circular-read-start, 4, 13, 13777344700, 6982962
read-wait, 5, 13, 478609
read, 5, 13, 1653281364, 137773447, 492648
circular-read-start, 5, 13, 13777344700, 6997205
read-wait, 6, 13, 490753
read, 6, 13, 1653281364, 137773447, 490754
circular-read-start, 6, 13, 13777344700, 6997426
read-wait, 3, 13, 492872
read, 3, 13, 1653281364, 137773447, 492872
circular-read-start, 3, 13, 13777344700, 6997459
read-start, 4, 14, 1791054811, 137773447, 7027829
circular-read-total, 4, 13, 13777344700, 12810, 44873
read-start, 3, 14, 1791054811, 137773447, 7031011
circular-read-total, 3, 13, 13777344700, 16518, 33551
read-start, 6, 14, 1791054811, 137773447, 7032020
circular-read-total, 6, 13, 13777344700, 19883, 34593
read-start, 5, 14, 1791054811, 137773447, 7032522
circular-read-total, 5, 13, 13777344700, 19856, 35317
read-wait, 4, 14, 14424
read, 4, 14, 1791054811, 137773447, 481838
circular-read-start, 4, 14, 13777344700, 7509672
read-wait, 5, 14, 477357
read, 5, 14, 1791054811, 137773447, 492101
circular-read-start, 5, 14, 13777344700, 7524626
read-wait, 6, 14, 492801
read, 6, 14, 1791054811, 137773447, 492801
circular-read-start, 6, 14, 13777344700, 7524821
read-wait, 3, 14, 493832
read, 3, 14, 1791054811, 137773447, 493833
circular-read-start, 3, 14, 13777344700, 7524845
read-start, 3, 15, 1928828258, 137773447, 7555909
circular-read-total, 3, 14, 13777344700, 23449, 31064
read-start, 4, 15, 1928828258, 137773447, 7555990
circular-read-total, 4, 14, 13777344700, 18648, 46321
read-start, 5, 15, 1928828258, 137773447, 7558577
circular-read-total, 5, 14, 13777344700, 23985, 33951
read-start, 6, 15, 1928828258, 137773447, 7559356
circular-read-total, 6, 14, 13777344700, 24233, 34534
read-wait, 4, 15, 5427
read, 4, 15, 1928828258, 137773447, 483886
circular-read-start, 4, 15, 13777344700, 8039876
read-wait, 5, 15, 481541
read, 5, 15, 1928828258, 137773447, 492220
circular-read-start, 5, 15, 13777344700, 8050800
read-wait, 6, 15, 491806
read, 6, 15, 1928828258, 137773447, 491806
circular-read-start, 6, 15, 13777344700, 8051162
read-wait, 3, 15, 495300
read, 3, 15, 1928828258, 137773447, 495300
circular-read-start, 3, 15, 13777344700, 8051210
read-start, 4, 16, 2066601705, 137773447, 8080842
circular-read-total, 4, 15, 13777344700, 19072, 40968
read-start, 3, 16, 2066601705, 137773447, 8084936
circular-read-total, 3, 15, 13777344700, 24901, 33726
read-start, 6, 16, 2066601705, 137773447, 8086896
circular-read-total, 6, 15, 13777344700, 27324, 35733
read-start, 5, 16, 2066601705, 137773447, 8087253
circular-read-total, 5, 15, 13777344700, 27333, 36452
read-wait, 4, 16, 11576
read, 4, 16, 2066601705, 137773447, 486344
circular-read-start, 4, 16, 13777344700, 8567187
read-wait, 5, 16, 480146
read, 5, 16, 2066601705, 137773447, 492404
circular-read-start, 5, 16, 13777344700, 8579659
read-wait, 6, 16, 492945
read, 6, 16, 2066601705, 137773447, 492945
circular-read-start, 6, 16, 13777344700, 8579842
read-wait, 3, 16, 494950
read, 3, 16, 2066601705, 137773447, 494950
circular-read-start, 3, 16, 13777344700, 8579887
read-start, 4, 17, 2204375152, 137773447, 8613569
circular-read-total, 4, 16, 13777344700, 19891, 46382
read-start, 3, 17, 2204375152, 137773447, 8619251
circular-read-total, 3, 16, 13777344700, 25024, 39363
read-start, 6, 17, 2204375152, 137773447, 8619832
circular-read-total, 6, 16, 13777344700, 30242, 40003
read-start, 5, 17, 2204375152, 137773447, 8620184
circular-read-total, 5, 16, 13777344700, 31113, 40524
read-wait, 4, 17, 15324
read, 4, 17, 2204375152, 137773447, 486700
circular-read-start, 4, 17, 13777344700, 9100269
read-wait, 5, 17, 480296
read, 5, 17, 2204375152, 137773447, 491917
circular-read-start, 5, 17, 13777344700, 9112101
read-wait, 6, 17, 492465
read, 6, 17, 2204375152, 137773447, 492465
circular-read-start, 6, 17, 13777344700, 9112298
read-wait, 3, 17, 493093
read, 3, 17, 2204375152, 137773447, 493093
circular-read-start, 3, 17, 13777344700, 9112344
read-start, 4, 18, 2342148599, 137773447, 9144640
circular-read-total, 4, 17, 13777344700, 18419, 44374
read-start, 3, 18, 2342148599, 137773447, 9145395
circular-read-total, 3, 17, 13777344700, 25837, 33050
read-start, 5, 18, 2342148599, 137773447, 9149547
circular-read-total, 5, 17, 13777344700, 26785, 37445
read-start, 6, 18, 2342148599, 137773447, 9151081
circular-read-total, 6, 17, 13777344700, 26496, 38783
read-wait, 4, 18, 7548
read, 4, 18, 2342148599, 137773447, 486879
circular-read-start, 4, 18, 13777344700, 9631521
read-wait, 5, 18, 482221
read, 5, 18, 2342148599, 137773447, 491285
circular-read-start, 5, 18, 13777344700, 9640835
read-wait, 6, 18, 489950
read, 6, 18, 2342148599, 137773447, 489950
circular-read-start, 6, 18, 13777344700, 9641032
read-wait, 3, 18, 495696
read, 3, 18, 2342148599, 137773447, 495696
circular-read-start, 3, 18, 13777344700, 9641092
read-start, 4, 19, 2479922046, 137773447, 9678588
circular-read-total, 4, 18, 13777344700, 29408, 47067
read-start, 3, 19, 2479922046, 137773447, 9679174
circular-read-total, 3, 18, 13777344700, 31113, 38081
read-start, 6, 19, 2479922046, 137773447, 9681776
circular-read-total, 6, 18, 13777344700, 35451, 40744
read-start, 5, 19, 2479922046, 137773447, 9682211
circular-read-total, 5, 18, 13777344700, 35947, 41375
read-wait, 4, 19, 9044
read, 4, 19, 2479922046, 137773447, 497713
circular-read-start, 4, 19, 13777344700, 10176302
read-wait, 5, 19, 494353
read, 5, 19, 2479922046, 137773447, 494353
circular-read-start, 5, 19, 13777344700, 10176565
read-wait, 6, 19, 494810
read, 6, 19, 2479922046, 137773447, 494810
circular-read-start, 6, 19, 13777344700, 10176587
read-wait, 3, 19, 497460
read, 3, 19, 2479922046, 137773447, 497460
circular-read-start, 3, 19, 13777344700, 10176635
read-start, 3, 20, 2617695493, 137773447, 10219693
circular-read-total, 3, 19, 13777344700, 40026, 43059
read-start, 4, 20, 2617695493, 137773447, 10219827
circular-read-total, 4, 19, 13777344700, 40355, 43524
read-start, 5, 20, 2617695493, 137773447, 10220841
circular-read-total, 5, 19, 13777344700, 39682, 44276
read-start, 6, 20, 2617695493, 137773447, 10221255
circular-read-total, 6, 19, 13777344700, 39641, 44667
read-wait, 5, 20, 709
read, 5, 20, 2617695493, 137773447, 493399
circular-read-start, 5, 20, 13777344700, 10714243
read-wait, 4, 20, 494720
read, 4, 20, 2617695493, 137773447, 515496
circular-read-start, 4, 20, 13777344700, 10735333
read-wait, 6, 20, 514330
read, 6, 20, 2617695493, 137773447, 514330
circular-read-start, 6, 20, 13777344700, 10735586
read-wait, 3, 20, 515941
read, 3, 20, 2617695493, 137773447, 561597
circular-read-start, 3, 20, 13777344700, 10781292
read-start, 4, 21, 2755468940, 137773447, 10827219
circular-read-total, 4, 20, 13777344700, 17513, 91886
read-start, 5, 21, 2755468940, 137773447, 10828114
circular-read-total, 5, 20, 13777344700, 20952, 113870
read-start, 6, 21, 2755468940, 137773447, 10828157
circular-read-total, 6, 20, 13777344700, 21173, 92576
read-start, 3, 21, 2755468940, 137773447, 10831204
circular-read-total, 3, 20, 13777344700, 21264, 49912
read-wait, 4, 21, 14379
read, 4, 21, 2755468940, 137773447, 504527
circular-read-start, 4, 21, 13777344700, 11331750
read-wait, 5, 21, 503880
read, 5, 21, 2755468940, 137773447, 503880
circular-read-start, 5, 21, 13777344700, 11331995
read-wait, 6, 21, 503859
read, 6, 21, 2755468940, 137773447, 503859
circular-read-start, 6, 21, 13777344700, 11332017
read-wait, 3, 21, 501016
read, 3, 21, 2755468940, 137773447, 533655
circular-read-start, 3, 21, 13777344700, 11364859
read-start, 6, 22, 2893242387, 137773447, 11409128
circular-read-total, 6, 21, 13777344700, 21672, 77112
read-start, 5, 22, 2893242387, 137773447, 11409799
circular-read-total, 5, 21, 13777344700, 22312, 77811
read-start, 3, 22, 2893242387, 137773447, 11412202
circular-read-total, 3, 21, 13777344700, 20540, 47342
read-start, 4, 22, 2893242387, 137773447, 11414756
circular-read-total, 4, 21, 13777344700, 16108, 83007
read-wait, 5, 22, 11796
read, 5, 22, 2893242387, 137773447, 497468
circular-read-start, 5, 22, 13777344700, 11907268
read-wait, 6, 22, 498471
read, 6, 22, 2893242387, 137773447, 498472
circular-read-start, 6, 22, 13777344700, 11907600
read-wait, 4, 22, 492852
read, 4, 22, 2893242387, 137773447, 507120
circular-read-start, 4, 22, 13777344700, 11921880
read-wait, 3, 22, 509932
read, 3, 22, 2893242387, 137773447, 529487
circular-read-start, 3, 22, 13777344700, 11941690
read-start, 5, 23, 3031015834, 137773447, 11986652
circular-read-total, 5, 22, 13777344700, 28272, 79383
read-start, 6, 23, 3031015834, 137773447, 11987514
circular-read-total, 6, 22, 13777344700, 27649, 79913
read-start, 4, 23, 3031015834, 137773447, 11990857
circular-read-total, 4, 22, 13777344700, 23160, 68976
read-start, 3, 23, 3031015834, 137773447, 11991023
circular-read-total, 3, 22, 13777344700, 28697, 49331
read-wait, 5, 23, 11956
read, 5, 23, 3031015834, 137773447, 495772
circular-read-start, 5, 23, 13777344700, 12482424
read-wait, 6, 23, 495165
read, 6, 23, 3031015834, 137773447, 495165
circular-read-start, 6, 23, 13777344700, 12482680
read-wait, 4, 23, 491841
read, 4, 23, 3031015834, 137773447, 494562
circular-read-start, 4, 23, 13777344700, 12485420
read-wait, 3, 23, 494674
read, 3, 23, 3031015834, 137773447, 528204
circular-read-start, 3, 23, 13777344700, 12519227
read-start, 4, 24, 3168789281, 137773447, 12561688
circular-read-total, 4, 23, 13777344700, 24055, 76271
read-start, 5, 24, 3168789281, 137773447, 12564563
circular-read-total, 5, 23, 13777344700, 27069, 82136
read-start, 6, 24, 3168789281, 137773447, 12566257
circular-read-total, 6, 23, 13777344700, 28092, 83584
read-start, 3, 24, 3168789281, 137773447, 12570053
circular-read-total, 3, 23, 13777344700, 21099, 50823
read-wait, 5, 24, 14721
read, 5, 24, 3168789281, 137773447, 495205
circular-read-start, 5, 24, 13777344700, 13059769
read-wait, 6, 24, 493725
read, 6, 24, 3168789281, 137773447, 493725
circular-read-start, 6, 24, 13777344700, 13059982
read-wait, 4, 24, 498305
read, 4, 24, 3168789281, 137773447, 498305
circular-read-start, 4, 24, 13777344700, 13059994
read-wait, 3, 24, 489975
read, 3, 24, 3168789281, 137773447, 500826
circular-read-start, 3, 24, 13777344700, 13070879
read-start, 4, 25, 3306562728, 137773447, 13110308
circular-read-total, 4, 24, 13777344700, 39020, 50318
read-start, 6, 25, 3306562728, 137773447, 13118103
circular-read-total, 6, 24, 13777344700, 41078, 58123
read-start, 5, 25, 3306562728, 137773447, 13118939
circular-read-total, 5, 24, 13777344700, 40190, 59169
read-start, 3, 25, 3306562728, 137773447, 13121680
circular-read-total, 3, 24, 13777344700, 35634, 50800
read-wait, 6, 25, 9566
read, 6, 25, 3306562728, 137773447, 455022
circular-read-start, 6, 25, 13777344700, 13573125
read-wait, 4, 25, 463532
read, 4, 25, 3306562728, 137773447, 491711
circular-read-start, 4, 25, 13777344700, 13602024
read-wait, 5, 25, 483257
read, 5, 25, 3306562728, 137773447, 495468
circular-read-start, 5, 25, 13777344700, 13614408
read-wait, 3, 25, 492960
read, 3, 25, 3306562728, 137773447, 492960
circular-read-start, 3, 25, 13777344700, 13614642
read-start, 6, 26, 3444336175, 55663825, 13655406
circular-read-total, 6, 25, 13777344700, 24344, 82281
read-start, 4, 26, 3444336175, 55663825, 13659025
circular-read-total, 4, 25, 13777344700, 22998, 57014
read-start, 5, 26, 3444336175, 55663825, 13664068
circular-read-total, 5, 25, 13777344700, 34141, 49660
read-start, 3, 26, 3444336175, 55663825, 13667606
circular-read-total, 3, 25, 13777344700, 30309, 52963
read-wait, 6, 26, 20657
read, 6, 26, 3444336175, 55663825, 451453
circular-read-start, 6, 26, 5566382500, 14106861
read-wait, 4, 26, 448145
read, 4, 26, 3444336175, 55663825, 490574
circular-read-start, 4, 26, 5566382500, 14149599
read-wait, 5, 26, 485731
read, 5, 26, 3444336175, 55663825, 496900
circular-read-start, 5, 26, 5566382500, 14160968
read-wait, 3, 26, 493569
read, 3, 26, 3444336175, 55663825, 493570
circular-read-start, 3, 26, 5566382500, 14161176
circular-read-total, 6, 26, 5566382500, 8224, 62472
circular-read-total, 4, 26, 5566382500, 10302, 26578
circular-read-total, 3, 26, 5566382500, 14816, 16016
circular-read-total, 5, 26, 5566382500, 15934, 17266

cmd-read, 14192463
