# Fri Oct 23 09:43:07 PDT 2015
record-value, 112
seek-chunk, 137773447
file, 4, 2333333333

read-start, 1, 0, 137773447, 24966
circular-read-start, 4, 1, 233333333300, 25980
circular-read-total, 4, 1, 233333333300, 296329, 315476
linear-scan, 316260
-sort , 37477, 56
-merge, 24898, 56
-last , 339
read, 1, 137773447, 317274
network, 1, 75285

read-start, 2, 137773447, 137773447, 417540
circular-read-start, 4, 2, 233333333300, 417869
circular-read-total, 4, 2, 233333333300, 295750, 322232
linear-scan, 322658
-sort , 36730, 55
-merge, 24381, 55
-last , 423
read, 2, 137773447, 322986
network, 2, 79658

read-start, 3, 275546894, 137773447, 820200
circular-read-start, 4, 3, 233333333300, 820518
circular-read-total, 4, 3, 233333333300, 295294, 319306
linear-scan, 319785
-sort , 35974, 54
-merge, 23867, 54
-last , 478
read, 3, 137773447, 320103
network, 3, 89222

read-start, 4, 413320341, 137773447, 1229532
circular-read-start, 4, 4, 233333333300, 1229850
circular-read-total, 4, 4, 233333333300, 295501, 317706
linear-scan, 318168
-sort , 35493, 53
-merge, 23693, 53
-last , 460
read, 4, 137773447, 318487
network, 4, 102091

read-start, 5, 551093788, 137773447, 1650122
circular-read-start, 4, 5, 233333333300, 1652025
circular-read-total, 4, 5, 233333333300, 318533, 354528
linear-scan, 354954
-sort , 37675, 52
-merge, 27950, 52
-last , 424
read, 5, 137773447, 356858
network, 5, 59597

read-start, 6, 688867235, 137773447, 2066589
circular-read-start, 4, 6, 233333333300, 2067712
circular-read-total, 4, 6, 233333333300, 308002, 334691
linear-scan, 335733
-sort , 36172, 50
-merge, 25896, 50
-last , 1037
read, 6, 137773447, 336856
network, 6, 80880

read-start, 7, 826640682, 137773447, 2484332
circular-read-start, 4, 7, 233333333300, 2485439
circular-read-total, 4, 7, 233333333300, 309302, 337969
linear-scan, 338768
-sort , 34883, 49
-merge, 25129, 49
-last , 796
read, 7, 137773447, 339875
network, 7, 68568

read-start, 8, 964414129, 137773447, 2892789
circular-read-start, 4, 8, 233333333300, 2893268
circular-read-total, 4, 8, 233333333300, 311490, 331999
linear-scan, 332558
-sort , 34720, 48
-merge, 25498, 48
-last , 557
read, 8, 137773447, 333038
network, 8, 71599

read-start, 9, 1102187576, 137773447, 3297436
circular-read-start, 4, 9, 233333333300, 3298329
circular-read-total, 4, 9, 233333333300, 310735, 325380
linear-scan, 326838
-sort , 33107, 46
-merge, 24632, 46
-last , 1455
read, 9, 137773447, 327731
network, 9, 71723

read-start, 10, 1239961023, 137773447, 3696899
circular-read-start, 4, 10, 233333333300, 3697339
circular-read-total, 4, 10, 233333333300, 310024, 327852
linear-scan, 328223
-sort , 32227, 45
-merge, 24490, 45
-last , 369
read, 10, 137773447, 328663
network, 10, 73210

read-start, 11, 1377734470, 137773447, 4098775
circular-read-start, 4, 11, 233333333300, 4099357
circular-read-total, 4, 11, 233333333300, 299191, 309877
linear-scan, 310249
-sort , 29563, 43
-merge, 23203, 43
-last , 371
read, 11, 137773447, 310832
network, 11, 89193

read-start, 12, 1515507917, 137773447, 4498811
circular-read-start, 4, 12, 233333333300, 4499623
circular-read-total, 4, 12, 233333333300, 292034, 302148
linear-scan, 302949
-sort , 28731, 40
-merge, 20670, 40
-last , 797
read, 12, 137773447, 303761
network, 12, 92443

read-start, 13, 1653281364, 137773447, 4895022
circular-read-start, 4, 13, 233333333300, 4895786
circular-read-total, 4, 13, 233333333300, 292872, 303159
linear-scan, 303597
-sort , 25838, 38
-merge, 20005, 38
-last , 435
read, 13, 137773447, 304361
network, 13, 99219

read-start, 14, 1791054811, 137773447, 5298616
circular-read-start, 4, 14, 233333333300, 5299087
circular-read-total, 4, 14, 233333333300, 292583, 302888
linear-scan, 303761
-sort , 23349, 34
-merge, 18475, 34
-last , 871
read, 14, 137773447, 304233
network, 14, 99570

read-start, 15, 1928828258, 137773447, 5702434
circular-read-start, 4, 15, 233333333300, 5703240
circular-read-total, 4, 15, 233333333300, 291811, 302067
linear-scan, 302728
-sort , 21083, 30
-merge, 16281, 30
-last , 658
read, 15, 137773447, 303534
network, 15, 98519

read-start, 16, 2066601705, 137773447, 6104495
circular-read-start, 4, 16, 233333333300, 6105296
circular-read-total, 4, 16, 233333333300, 292285, 302567
linear-scan, 303210
-sort , 16330, 24
-merge, 13882, 24
-last , 640
read, 16, 137773447, 304011
network, 16, 93834

read-start, 17, 2204375152, 128958181, 6502349
circular-read-start, 4, 17, 233333333300, 6502848
circular-read-total, 4, 17, 233333333300, 291766, 301837
linear-scan, 302953
-sort , 7864, 15
-merge, 9573, 15
-last , 261
read, 17, 128958181, 303452
network, 17, 90148

exit, 6901039
# Fri Oct 23 11:52:58 PDT 2015
record-value, 112
seek-chunk, 137773447
file, 4, 3500000000

read-start, 1, 0, 137773447, 16441
circular-read-start, 4, 1, 350000000000, 17897
circular-read-total, 4, 1, 350000000000, 436263, 468029
linear-scan, 468909
-sort , 40840, 61
-merge, 29100, 61
-last , 878
read, 1, 137773447, 470365
network, 1, 88393

read-start, 2, 137773447, 137773447, 575203
circular-read-start, 4, 2, 350000000000, 576014
circular-read-total, 4, 2, 350000000000, 436684, 480466
linear-scan, 480972
-sort , 40058, 61
-merge, 28781, 61
-last , 503
read, 2, 137773447, 481783
network, 2, 75180

read-start, 3, 275546894, 137773447, 1132173
circular-read-start, 4, 3, 350000000000, 1133120
circular-read-total, 4, 3, 350000000000, 437302, 475045
linear-scan, 475933
-sort , 39968, 60
-merge, 28353, 60
-last , 885
read, 3, 137773447, 476880
network, 3, 75017

read-start, 4, 413320341, 137773447, 1684081
circular-read-start, 4, 4, 350000000000, 1684474
circular-read-total, 4, 4, 350000000000, 435847, 475345
linear-scan, 475731
-sort , 39537, 60
-merge, 28650, 60
-last , 383
read, 4, 137773447, 476124
network, 4, 76424

read-start, 5, 551093788, 137773447, 2236639
circular-read-start, 4, 5, 350000000000, 2237550
circular-read-total, 4, 5, 350000000000, 435793, 473550
linear-scan, 474073
-sort , 38986, 59
-merge, 28269, 59
-last , 520
read, 5, 137773447, 474984
network, 5, 88561

read-start, 6, 688867235, 137773447, 2800194
circular-read-start, 4, 6, 350000000000, 2801068
circular-read-total, 4, 6, 350000000000, 434026, 467163
linear-scan, 468134
-sort , 38346, 58
-merge, 27292, 58
-last , 967
read, 6, 137773447, 469008
network, 6, 78926

read-start, 7, 826640682, 137773447, 3348136
circular-read-start, 4, 7, 350000000000, 3348609
circular-read-total, 4, 7, 350000000000, 433099, 468189
linear-scan, 469090
-sort , 38224, 57
-merge, 27317, 57
-last , 899
read, 7, 137773447, 469564
network, 7, 62136

read-start, 8, 964414129, 137773447, 3879848
circular-read-start, 4, 8, 350000000000, 3880771
circular-read-total, 4, 8, 350000000000, 433114, 461462
linear-scan, 462190
-sort , 37773, 57
-merge, 26713, 57
-last , 725
read, 8, 137773447, 463113
network, 8, 71118

read-start, 9, 1102187576, 137773447, 4414089
circular-read-start, 4, 9, 350000000000, 4414594
circular-read-total, 4, 9, 350000000000, 433475, 464847
linear-scan, 465371
-sort , 37276, 56
-merge, 26901, 56
-last , 521
read, 9, 137773447, 465876
network, 9, 63869

read-start, 10, 1239961023, 137773447, 4943844
circular-read-start, 4, 10, 350000000000, 4944599
circular-read-total, 4, 10, 350000000000, 431449, 457664
linear-scan, 458287
-sort , 36722, 55
-merge, 26278, 55
-last , 620
read, 10, 137773447, 459042
network, 10, 68135

read-start, 11, 1377734470, 137773447, 5471027
circular-read-start, 4, 11, 350000000000, 5471935
circular-read-total, 4, 11, 350000000000, 429389, 454694
linear-scan, 455526
-sort , 36400, 54
-merge, 25782, 54
-last , 829
read, 11, 137773447, 456434
network, 11, 69245

read-start, 12, 1515507917, 137773447, 5996716
circular-read-start, 4, 12, 350000000000, 5997072
circular-read-total, 4, 12, 350000000000, 429188, 455932
linear-scan, 456627
-sort , 35794, 53
-merge, 26107, 53
-last , 694
read, 12, 137773447, 456984
network, 12, 69269

read-start, 13, 1653281364, 137773447, 6522979
circular-read-start, 4, 13, 350000000000, 6523847
circular-read-total, 4, 13, 350000000000, 428418, 449149
linear-scan, 449856
-sort , 36762, 52
-merge, 26045, 52
-last , 704
read, 13, 137773447, 450724
network, 13, 74620

read-start, 14, 1791054811, 137773447, 7048327
circular-read-start, 4, 14, 350000000000, 7049143
circular-read-total, 4, 14, 350000000000, 431556, 451159
linear-scan, 451733
-sort , 35436, 51
-merge, 25460, 51
-last , 572
read, 14, 137773447, 452549
network, 14, 74783

read-start, 15, 1928828258, 137773447, 7575663
circular-read-start, 4, 15, 350000000000, 7576052
circular-read-total, 4, 15, 350000000000, 430936, 448616
linear-scan, 449177
-sort , 34456, 50
-merge, 25808, 50
-last , 559
read, 15, 137773447, 449566
network, 15, 77967

read-start, 16, 2066601705, 137773447, 8103203
circular-read-start, 4, 16, 350000000000, 8104123
circular-read-total, 4, 16, 350000000000, 432013, 448315
linear-scan, 449611
-sort , 33475, 48
-merge, 24241, 48
-last , 1290
read, 16, 137773447, 450530
network, 16, 82368

read-start, 17, 2204375152, 137773447, 8636142
circular-read-start, 4, 17, 350000000000, 8636512
circular-read-total, 4, 17, 350000000000, 435784, 451283
linear-scan, 451857
-sort , 31139, 47
-merge, 23639, 47
-last , 572
read, 17, 137773447, 452227
network, 17, 79014

read-start, 18, 2342148599, 137773447, 9167389
circular-read-start, 4, 18, 350000000000, 9168288
circular-read-total, 4, 18, 350000000000, 434770, 450493
linear-scan, 451534
-sort , 30104, 45
-merge, 22302, 45
-last , 1037
read, 18, 137773447, 452433
network, 18, 78252

read-start, 19, 2479922046, 137773447, 9698085
circular-read-start, 4, 19, 350000000000, 9698925
circular-read-total, 4, 19, 350000000000, 439318, 454935
linear-scan, 455281
-sort , 29522, 44
-merge, 23134, 44
-last , 344
read, 19, 137773447, 456122
network, 19, 83348

read-start, 20, 2617695493, 137773447, 10237562
circular-read-start, 4, 20, 350000000000, 10238495
circular-read-total, 4, 20, 350000000000, 490903, 507992
linear-scan, 509021
-sort , 33810, 41
-merge, 27579, 41
-last , 1024
read, 20, 137773447, 509954
network, 20, 96939

read-start, 21, 2755468940, 137773447, 10844464
circular-read-start, 4, 21, 350000000000, 10845461
circular-read-total, 4, 21, 350000000000, 459967, 476934
linear-scan, 477842
-sort , 27735, 39
-merge, 22433, 39
-last , 905
read, 21, 137773447, 478839
network, 21, 102103

read-start, 22, 2893242387, 137773447, 11425436
circular-read-start, 4, 22, 350000000000, 11426096
circular-read-total, 4, 22, 350000000000, 453562, 470364
linear-scan, 471128
-sort , 25294, 36
-merge, 20336, 36
-last , 759
read, 22, 137773447, 471788
network, 22, 106584

read-start, 23, 3031015834, 137773447, 12003822
circular-read-start, 4, 23, 350000000000, 12004843
circular-read-total, 4, 23, 350000000000, 454867, 471616
linear-scan, 472484
-sort , 23321, 32
-merge, 19380, 32
-last , 865
read, 23, 137773447, 473505
network, 23, 105221

read-start, 24, 3168789281, 137773447, 12582564
circular-read-start, 4, 24, 350000000000, 12583533
circular-read-total, 4, 24, 350000000000, 439005, 454605
linear-scan, 455319
-sort , 16123, 27
-merge, 15709, 27
-last , 712
read, 24, 137773447, 456288
network, 24, 95540

read-start, 25, 3306562728, 137773447, 13134412
circular-read-start, 4, 25, 350000000000, 13135308
circular-read-total, 4, 25, 350000000000, 437684, 453004
linear-scan, 454120
-sort , 11285, 19
-merge, 12997, 19
-last , 1112
read, 25, 137773447, 455016
network, 25, 82267

read-start, 26, 3444336175, 55663825, 13671715
circular-read-start, 4, 26, 350000000000, 13671937
circular-read-total, 4, 26, 350000000000, 435190, 450763
linear-scan, 451225
-sort , 3351, 15
-merge, 4355, 15
-last , 94
read, 26, 55663825, 451448
network, 26, 62465

exit, 14208905
