# Fri Oct 23 09:43:07 PDT 2015
record-value, 112
seek-chunk, 137773447
file, 4, 2333333333

read-start, 1, 0, 137773447, 11748
circular-read-start, 4, 1, 233333333300, 12775
circular-read-total, 4, 1, 233333333300, 314647, 334352
linear-scan, 334938
-sort , 36612, 56
-merge, 23840, 56
-last , 259
read, 1, 137773447, 335965
network, 1, 57664

read-start, 2, 137773447, 137773447, 405386
circular-read-start, 4, 2, 233333333300, 405697
circular-read-total, 4, 2, 233333333300, 314501, 341392
linear-scan, 341804
-sort , 36161, 55
-merge, 23296, 55
-last , 411
read, 2, 137773447, 342116
network, 2, 60843

read-start, 3, 275546894, 137773447, 808348
circular-read-start, 4, 3, 233333333300, 808662
circular-read-total, 4, 3, 233333333300, 318096, 343522
linear-scan, 344172
-sort , 35969, 54
-merge, 23856, 54
-last , 649
read, 3, 137773447, 344486
network, 3, 64754

read-start, 4, 413320341, 137773447, 1217593
circular-read-start, 4, 4, 233333333300, 1218030
circular-read-total, 4, 4, 233333333300, 334101, 358309
linear-scan, 358778
-sort , 38512, 53
-merge, 25338, 53
-last , 467
read, 4, 137773447, 359214
network, 4, 60458

read-start, 5, 551093788, 137773447, 1637274
circular-read-start, 4, 5, 233333333300, 1637948
circular-read-total, 4, 5, 233333333300, 329607, 349454
linear-scan, 349868
-sort , 37284, 52
-merge, 24794, 52
-last , 412
read, 5, 137773447, 350542
network, 5, 65832

read-start, 6, 688867235, 137773447, 2053652
circular-read-start, 4, 6, 233333333300, 2054003
circular-read-total, 4, 6, 233333333300, 328052, 345801
linear-scan, 346797
-sort , 36156, 50
-merge, 23809, 50
-last , 994
read, 6, 137773447, 347149
network, 6, 70182

read-start, 7, 826640682, 137773447, 2470999
circular-read-start, 4, 7, 233333333300, 2471566
circular-read-total, 4, 7, 233333333300, 328975, 343474
linear-scan, 344295
-sort , 35662, 49
-merge, 23780, 49
-last , 818
read, 7, 137773447, 344862
network, 7, 64452

read-start, 8, 964414129, 137773447, 2880324
circular-read-start, 4, 8, 233333333300, 2880662
circular-read-total, 4, 8, 233333333300, 329955, 342823
linear-scan, 343383
-sort , 34462, 48
-merge, 23513, 48
-last , 558
read, 8, 137773447, 343720
network, 8, 59426

read-start, 9, 1102187576, 137773447, 3283481
circular-read-start, 4, 9, 233333333300, 3283983
circular-read-total, 4, 9, 233333333300, 321015, 334611
linear-scan, 335400
-sort , 32168, 46
-merge, 22253, 46
-last , 787
read, 9, 137773447, 335902
network, 9, 63474

read-start, 10, 1239961023, 137773447, 3682875
circular-read-start, 4, 10, 233333333300, 3683355
circular-read-total, 4, 10, 233333333300, 327342, 340483
linear-scan, 340985
-sort , 31051, 45
-merge, 22252, 45
-last , 324
read, 10, 137773447, 341465
network, 10, 60641

read-start, 11, 1377734470, 137773447, 4084991
circular-read-start, 4, 11, 233333333300, 4085373
circular-read-total, 4, 11, 233333333300, 326288, 339465
linear-scan, 339862
-sort , 29946, 43
-merge, 21967, 43
-last , 395
read, 11, 137773447, 340245
network, 11, 60419

read-start, 12, 1515507917, 137773447, 4485659
circular-read-start, 4, 12, 233333333300, 4486151
circular-read-total, 4, 12, 233333333300, 321873, 335346
linear-scan, 336247
-sort , 27905, 40
-merge, 20039, 40
-last , 899
read, 12, 137773447, 336739
network, 12, 58875

read-start, 13, 1653281364, 137773447, 4881291
circular-read-start, 4, 13, 233333333300, 4881791
circular-read-total, 4, 13, 233333333300, 331116, 344227
linear-scan, 344654
-sort , 27290, 38
-merge, 19202, 38
-last , 426
read, 13, 137773447, 345155
network, 13, 60040

read-start, 14, 1791054811, 137773447, 5286495
circular-read-start, 4, 14, 233333333300, 5286864
circular-read-total, 4, 14, 233333333300, 329792, 342923
linear-scan, 343871
-sort , 24720, 34
-merge, 17386, 34
-last , 947
read, 14, 137773447, 344240
network, 14, 60350

read-start, 15, 1928828258, 137773447, 5691092
circular-read-start, 4, 15, 233333333300, 5691573
circular-read-total, 4, 15, 233333333300, 326093, 339300
linear-scan, 340096
-sort , 21084, 30
-merge, 14777, 30
-last , 794
read, 15, 137773447, 340577
network, 15, 59717

read-start, 16, 2066601705, 137773447, 6091391
circular-read-start, 4, 16, 233333333300, 6091807
circular-read-total, 4, 16, 233333333300, 325595, 338728
linear-scan, 339417
-sort , 15942, 24
-merge, 11973, 24
-last , 687
read, 16, 137773447, 339834
network, 16, 58494

read-start, 17, 2204375152, 128958181, 6489726
circular-read-start, 4, 17, 233333333300, 6490049
circular-read-total, 4, 17, 233333333300, 325376, 338533
linear-scan, 339746
-sort , 9059, 15
-merge, 8042, 15
-last , 261
read, 17, 128958181, 340068
network, 17, 54226

exit, 6887822
# Fri Oct 23 11:52:58 PDT 2015
record-value, 112
seek-chunk, 137773447
file, 4, 3500000000

read-start, 1, 0, 137773447, 4060
circular-read-start, 4, 1, 350000000000, 5223
circular-read-total, 4, 1, 350000000000, 494516, 521882
linear-scan, 522878
-sort , 43050, 61
-merge, 27955, 61
-last , 994
read, 1, 137773447, 524041
network, 1, 33499

read-start, 2, 137773447, 137773447, 561606
circular-read-start, 4, 2, 350000000000, 561950
circular-read-total, 4, 2, 350000000000, 493067, 528227
linear-scan, 528798
-sort , 42343, 61
-merge, 27163, 61
-last , 569
read, 2, 137773447, 529142
network, 2, 27838

read-start, 3, 275546894, 137773447, 1118593
circular-read-start, 4, 3, 350000000000, 1119049
circular-read-total, 4, 3, 350000000000, 488328, 523005
linear-scan, 523728
-sort , 41344, 60
-merge, 26814, 60
-last , 722
read, 3, 137773447, 524184
network, 3, 28108

read-start, 4, 413320341, 137773447, 1670894
circular-read-start, 4, 4, 350000000000, 1671245
circular-read-total, 4, 4, 350000000000, 481585, 518938
linear-scan, 519315
-sort , 40763, 60
-merge, 27519, 60
-last , 374
read, 4, 137773447, 519666
network, 4, 28898

read-start, 5, 551093788, 137773447, 2219464
circular-read-start, 4, 5, 350000000000, 2219902
circular-read-total, 4, 5, 350000000000, 473884, 509636
linear-scan, 510158
-sort , 40638, 59
-merge, 26504, 59
-last , 520
read, 5, 137773447, 510596
network, 5, 57163

read-start, 6, 688867235, 137773447, 2787231
circular-read-start, 4, 6, 350000000000, 2787585
circular-read-total, 4, 6, 350000000000, 472718, 507033
linear-scan, 507772
-sort , 39775, 58
-merge, 26132, 58
-last , 738
read, 6, 137773447, 508126
network, 6, 38541

read-start, 7, 826640682, 137773447, 3333909
circular-read-start, 4, 7, 350000000000, 3334230
circular-read-total, 4, 7, 350000000000, 470867, 501756
linear-scan, 502618
-sort , 39010, 57
-merge, 25017, 57
-last , 861
read, 7, 137773447, 502939
network, 7, 27758

read-start, 8, 964414129, 137773447, 3864610
circular-read-start, 4, 8, 350000000000, 3864934
circular-read-total, 4, 8, 350000000000, 470199, 498895
linear-scan, 499398
-sort , 38465, 57
-merge, 24846, 57
-last , 502
read, 8, 137773447, 499722
network, 8, 34060

read-start, 9, 1102187576, 137773447, 4398400
circular-read-start, 4, 9, 350000000000, 4398727
circular-read-total, 4, 9, 350000000000, 469861, 495769
linear-scan, 496277
-sort , 37784, 56
-merge, 24310, 56
-last , 506
read, 9, 137773447, 496604
network, 9, 35847

read-start, 10, 1239961023, 137773447, 4930863
circular-read-start, 4, 10, 350000000000, 4931176
circular-read-total, 4, 10, 350000000000, 470485, 496262
linear-scan, 496869
-sort , 37327, 55
-merge, 24164, 55
-last , 604
read, 10, 137773447, 497182
network, 10, 30163

read-start, 11, 1377734470, 137773447, 5458215
circular-read-start, 4, 11, 350000000000, 5458665
circular-read-total, 4, 11, 350000000000, 470598, 493898
linear-scan, 494547
-sort , 36472, 54
-merge, 24058, 54
-last , 647
read, 11, 137773447, 494997
network, 11, 33213

read-start, 12, 1515507917, 137773447, 5986435
circular-read-start, 4, 12, 350000000000, 5986750
circular-read-total, 4, 12, 350000000000, 470025, 491325
linear-scan, 491989
-sort , 36010, 53
-merge, 23521, 53
-last , 662
read, 12, 137773447, 492305
network, 12, 29768

read-start, 13, 1653281364, 137773447, 6508513
circular-read-start, 4, 13, 350000000000, 6508858
circular-read-total, 4, 13, 350000000000, 470100, 490725
linear-scan, 491399
-sort , 35391, 52
-merge, 23474, 52
-last , 672
read, 13, 137773447, 491745
network, 13, 34675

read-start, 14, 1791054811, 137773447, 7034938
circular-read-start, 4, 14, 350000000000, 7035284
circular-read-total, 4, 14, 350000000000, 470243, 490872
linear-scan, 491420
-sort , 33472, 51
-merge, 22189, 51
-last , 546
read, 14, 137773447, 491766
network, 14, 33127

read-start, 15, 1928828258, 137773447, 7559835
circular-read-start, 4, 15, 350000000000, 7560155
circular-read-total, 4, 15, 350000000000, 470291, 490734
linear-scan, 491278
-sort , 33551, 50
-merge, 22318, 50
-last , 542
read, 15, 137773447, 491598
network, 15, 37424

read-start, 16, 2066601705, 137773447, 8088863
circular-read-start, 4, 16, 350000000000, 8089336
circular-read-total, 4, 16, 350000000000, 470052, 490636
linear-scan, 491553
-sort , 32738, 48
-merge, 21461, 48
-last , 916
read, 16, 137773447, 492026
network, 16, 42273

read-start, 17, 2204375152, 137773447, 8623178
circular-read-start, 4, 17, 350000000000, 8623498
circular-read-total, 4, 17, 350000000000, 470269, 490727
linear-scan, 491267
-sort , 31462, 47
-merge, 21181, 47
-last , 538
read, 17, 137773447, 491588
network, 17, 34552

read-start, 18, 2342148599, 137773447, 9149322
circular-read-start, 4, 18, 350000000000, 9149654
circular-read-total, 4, 18, 350000000000, 470123, 490736
linear-scan, 491552
-sort , 29773, 45
-merge, 19845, 45
-last , 815
read, 18, 137773447, 491885
network, 18, 41885

read-start, 19, 2479922046, 137773447, 9683100
circular-read-start, 4, 19, 350000000000, 9683474
circular-read-total, 4, 19, 350000000000, 470766, 491419
linear-scan, 491735
-sort , 28156, 44
-merge, 19219, 44
-last , 314
read, 19, 137773447, 492109
network, 19, 48403

read-start, 20, 2617695493, 137773447, 10223621
circular-read-start, 4, 20, 350000000000, 10223939
circular-read-total, 4, 20, 350000000000, 541046, 560253
linear-scan, 561277
-sort , 35048, 41
-merge, 23437, 41
-last , 1022
read, 20, 137773447, 561595
network, 20, 49909

read-start, 21, 2755468940, 137773447, 10835131
circular-read-start, 4, 21, 350000000000, 10835515
circular-read-total, 4, 21, 350000000000, 512648, 532563
linear-scan, 533269
-sort , 33184, 39
-merge, 22500, 39
-last , 704
read, 21, 137773447, 533654
network, 21, 47325

read-start, 22, 2893242387, 137773447, 11416129
circular-read-start, 4, 22, 350000000000, 11416491
circular-read-total, 4, 22, 350000000000, 508177, 528363
linear-scan, 529119
-sort , 30265, 36
-merge, 20601, 36
-last , 753
read, 22, 137773447, 529480
network, 22, 49335

read-start, 23, 3031015834, 137773447, 11994949
circular-read-start, 4, 23, 350000000000, 11995295
circular-read-total, 4, 23, 350000000000, 506768, 526820
linear-scan, 527852
-sort , 26944, 32
-merge, 18651, 32
-last , 1030
read, 23, 137773447, 528197
network, 23, 50825

read-start, 24, 3168789281, 137773447, 12573980
circular-read-start, 4, 24, 350000000000, 12574369
circular-read-total, 4, 24, 350000000000, 479179, 499732
linear-scan, 500434
-sort , 18033, 27
-merge, 13355, 27
-last , 701
read, 24, 137773447, 500824
network, 24, 50796

read-start, 25, 3306562728, 137773447, 13125606
circular-read-start, 4, 25, 350000000000, 13125969
circular-read-total, 4, 25, 350000000000, 469678, 490723
linear-scan, 491633
-sort , 11113, 19
-merge, 9334, 19
-last , 908
read, 25, 137773447, 491995
network, 25, 53924

read-start, 26, 3444336175, 55663825, 13671533
circular-read-start, 4, 26, 350000000000, 13671666
circular-read-total, 4, 26, 350000000000, 469067, 489917
linear-scan, 490376
-sort , 3253, 15
-merge, 2869, 15
-last , 98
read, 26, 55663825, 490510
network, 26, 19069

exit, 14196523
