# Thu Oct 22 12:11:40 PDT 2015
# 1, 5, 0, first
connect: Connection refused
# Thu Oct 22 12:14:28 PDT 2015
# 1, 5, 0, first
max-chunk, 3, 1, 137773447, 0
chunk-size, 137773447, 20908
disks, 1

read-start, 3, 1, 0, 1, 61
read-wait, 3, 1, 0
read, 3, 1, 0, 1, 7255

first, 000001146232ad3e47bd
cmd-first, 7255
# Thu Oct 22 12:48:37 PDT 2015
# 10, 1400, 0, read
max-chunk, 3, 1, 137773447, 0
chunk-size, 137773447, 2090
disks, 1

size, 3, 2, 1400000000, 0
size, 4, 1, 1400000000, 0
size, 5, 1, 1400000000, 0
size, 6, 1, 1400000000, 0
size, 7, 1, 1400000000, 0
size, 8, 1, 1400000000, 0
size, 9, 1, 1400000000, 0
size, 10, 1, 1400000000, 0
size, 11, 1, 1400000000, 0
size, 12, 1, 1400000000, 0


read-start, 3, 1, 0, 137773447, 58
read-start, 4, 1, 0, 137773447, 58
read-start, 5, 1, 0, 137773447, 58
read-start, 6, 1, 0, 137773447, 58
read-start, 7, 1, 0, 137773447, 58
read-start, 8, 1, 0, 137773447, 58
read-start, 9, 1, 0, 137773447, 58
read-start, 10, 1, 0, 137773447, 58
read-start, 11, 1, 0, 137773447, 58
read-start, 12, 1, 0, 137773447, 59
read-wait, 3, 1, 0
read, 3, 1, 0, 137773447, 193604
circular-read-start, 3, 1, 13777344700, 193663
read-wait, 4, 1, 193798
read, 4, 1, 0, 137773447, 207875
circular-read-start, 4, 1, 13777344700, 207934
read-wait, 5, 1, 208070
read, 5, 1, 0, 137773447, 208070
circular-read-start, 5, 1, 13777344700, 208129
read-wait, 6, 1, 208073
read, 6, 1, 0, 137773447, 208073
circular-read-start, 6, 1, 13777344700, 208132
read-wait, 7, 1, 208077
read, 7, 1, 0, 137773447, 208077
circular-read-start, 7, 1, 13777344700, 208136
read-wait, 8, 1, 208081
read, 8, 1, 0, 137773447, 243798
circular-read-start, 8, 1, 13777344700, 243857
read-wait, 9, 1, 244000
read, 9, 1, 0, 137773447, 244000
circular-read-start, 9, 1, 13777344700, 244059
read-wait, 10, 1, 244003
read, 10, 1, 0, 137773447, 244003
circular-read-start, 10, 1, 13777344700, 244062
read-wait, 11, 1, 244007
read, 11, 1, 0, 137773447, 244007
circular-read-start, 11, 1, 13777344700, 244066
read-wait, 12, 1, 244011
read, 12, 1, 0, 137773447, 244011
circular-read-start, 12, 1, 13777344700, 244070
read-start, 12, 2, 137773447, 137773447, 327693
circular-read-total, 12, 1, 13777344700, 9613, 83633
read-start, 11, 2, 137773447, 137773447, 330306
circular-read-total, 11, 1, 13777344700, 8155, 86241
read-start, 6, 2, 137773447, 137773447, 331997
circular-read-total, 6, 1, 13777344700, 7616, 123872
read-start, 8, 2, 137773447, 137773447, 332710
circular-read-total, 8, 1, 13777344700, 10632, 88855
read-start, 3, 2, 137773447, 137773447, 334740
circular-read-total, 3, 1, 13777344700, 5462, 141083
read-start, 7, 2, 137773447, 137773447, 335091
circular-read-total, 7, 1, 13777344700, 6935, 126961
read-start, 10, 2, 137773447, 137773447, 335401
circular-read-total, 10, 1, 13777344700, 9208, 91344
read-start, 9, 2, 137773447, 137773447, 335473
circular-read-total, 9, 1, 13777344700, 8562, 91422
read-start, 5, 2, 137773447, 137773447, 336692
circular-read-total, 5, 1, 13777344700, 6159, 128571
read-start, 4, 2, 137773447, 137773447, 337628
circular-read-total, 4, 1, 13777344700, 7372, 129701
read-wait, 9, 2, 16553
read, 9, 2, 137773447, 137773447, 213904
circular-read-start, 9, 2, 13777344700, 549378
read-wait, 7, 2, 214464
read, 7, 2, 137773447, 137773447, 214464
circular-read-start, 7, 2, 13777344700, 549556
read-wait, 5, 2, 212872
read, 5, 2, 137773447, 137773447, 212872
circular-read-start, 5, 2, 13777344700, 549565
read-wait, 12, 2, 221875
read, 12, 2, 137773447, 137773447, 221875
circular-read-start, 12, 2, 13777344700, 549569
read-wait, 6, 2, 217576
read, 6, 2, 137773447, 137773447, 217576
circular-read-start, 6, 2, 13777344700, 549573
read-wait, 4, 2, 211949
read, 4, 2, 137773447, 137773447, 214490
circular-read-start, 4, 2, 13777344700, 552119
read-wait, 10, 2, 216905
read, 10, 2, 137773447, 137773447, 216905
circular-read-start, 10, 2, 13777344700, 552306
read-wait, 8, 2, 219597
read, 8, 2, 137773447, 137773447, 240166
circular-read-start, 8, 2, 13777344700, 572877
read-wait, 11, 2, 242753
read, 11, 2, 137773447, 137773447, 242753
circular-read-start, 11, 2, 13777344700, 573060
read-wait, 3, 2, 238321
read, 3, 2, 137773447, 137773447, 238321
circular-read-start, 3, 2, 13777344700, 573062
read-start, 11, 3, 275546894, 137773447, 649211
circular-read-total, 11, 2, 13777344700, 2038, 76165
read-start, 12, 3, 275546894, 137773447, 651939
circular-read-total, 12, 2, 13777344700, 915, 102386
read-start, 8, 3, 275546894, 137773447, 656101
circular-read-total, 8, 2, 13777344700, 2748, 83232
read-start, 10, 3, 275546894, 137773447, 656622
circular-read-total, 10, 2, 13777344700, 1318, 104323
read-start, 7, 3, 275546894, 137773447, 659550
circular-read-total, 7, 2, 13777344700, 3789, 110000
read-start, 6, 3, 275546894, 137773447, 660756
circular-read-total, 6, 2, 13777344700, 3125, 111190
read-start, 3, 3, 275546894, 137773447, 660879
circular-read-total, 3, 2, 13777344700, 2016, 87827
read-start, 9, 3, 275546894, 137773447, 661642
circular-read-total, 9, 2, 13777344700, 3925, 112280
read-start, 5, 3, 275546894, 137773447, 662280
circular-read-total, 5, 2, 13777344700, 2889, 112721
read-start, 4, 3, 275546894, 137773447, 662886
circular-read-total, 4, 2, 13777344700, 3310, 110771
read-wait, 9, 3, 15391
read, 9, 3, 275546894, 137773447, 208210
circular-read-start, 9, 3, 13777344700, 869853
read-wait, 7, 3, 210480
read, 7, 3, 275546894, 137773447, 210480
circular-read-start, 7, 3, 13777344700, 870031
read-wait, 8, 3, 213934
read, 8, 3, 275546894, 137773447, 213934
circular-read-start, 8, 3, 13777344700, 870036
read-wait, 5, 3, 207759
read, 5, 3, 275546894, 137773447, 207759
circular-read-start, 5, 3, 13777344700, 870039
read-wait, 6, 3, 209286
read, 6, 3, 275546894, 137773447, 209286
circular-read-start, 6, 3, 13777344700, 870043
read-wait, 10, 3, 213426
read, 10, 3, 275546894, 137773447, 213426
circular-read-start, 10, 3, 13777344700, 870048
read-wait, 12, 3, 218114
read, 12, 3, 275546894, 137773447, 218114
circular-read-start, 12, 3, 13777344700, 870054
read-wait, 4, 3, 207175
read, 4, 3, 275546894, 137773447, 214221
circular-read-start, 4, 3, 13777344700, 877107
read-wait, 3, 3, 216409
read, 3, 3, 275546894, 137773447, 216409
circular-read-start, 3, 3, 13777344700, 877289
read-wait, 11, 3, 228097
read, 11, 3, 275546894, 137773447, 228097
circular-read-start, 11, 3, 13777344700, 877309
read-start, 12, 4, 413320341, 137773447, 956858
circular-read-total, 12, 3, 13777344700, 809, 86816
read-start, 11, 4, 413320341, 137773447, 960575
circular-read-total, 11, 3, 13777344700, 2229, 83279
read-start, 8, 4, 413320341, 137773447, 960818
circular-read-total, 8, 3, 13777344700, 1953, 90792
read-start, 10, 4, 413320341, 137773447, 964404
circular-read-total, 10, 3, 13777344700, 1497, 94364
read-start, 5, 4, 413320341, 137773447, 964581
circular-read-total, 5, 3, 13777344700, 2272, 94548
read-start, 7, 4, 413320341, 137773447, 965448
circular-read-total, 7, 3, 13777344700, 2365, 95424
read-start, 6, 4, 413320341, 137773447, 967897
circular-read-total, 6, 3, 13777344700, 1889, 97862
read-start, 9, 4, 413320341, 137773447, 968743
circular-read-total, 9, 3, 13777344700, 2819, 98899
read-start, 3, 4, 413320341, 137773447, 969310
circular-read-total, 3, 3, 13777344700, 2931, 92026
read-start, 4, 4, 413320341, 137773447, 971359
circular-read-total, 4, 3, 13777344700, 3395, 94257
read-wait, 5, 4, 18173
read, 5, 4, 413320341, 137773447, 195664
circular-read-start, 5, 4, 13777344700, 1160246
read-wait, 10, 4, 196018
read, 10, 4, 413320341, 137773447, 205062
circular-read-start, 10, 4, 13777344700, 1169466
read-wait, 6, 4, 201746
read, 6, 4, 413320341, 137773447, 204914
circular-read-start, 6, 4, 13777344700, 1172812
read-wait, 9, 4, 204238
read, 9, 4, 413320341, 137773447, 205574
circular-read-start, 9, 4, 13777344700, 1174318
read-wait, 7, 4, 209049
read, 7, 4, 413320341, 137773447, 209049
circular-read-start, 7, 4, 13777344700, 1174498
read-wait, 12, 4, 217646
read, 12, 4, 413320341, 137773447, 217646
circular-read-start, 12, 4, 13777344700, 1174505
read-wait, 8, 4, 213702
read, 8, 4, 413320341, 137773447, 213702
circular-read-start, 8, 4, 13777344700, 1174521
read-wait, 3, 4, 205221
read, 3, 4, 413320341, 137773447, 205221
circular-read-start, 3, 4, 13777344700, 1174532
read-wait, 11, 4, 213965
read, 11, 4, 413320341, 137773447, 213965
circular-read-start, 11, 4, 13777344700, 1174541
read-wait, 4, 4, 203187
read, 4, 4, 413320341, 137773447, 207885
circular-read-start, 4, 4, 13777344700, 1179245
read-start, 11, 5, 551093788, 137773447, 1253815
circular-read-total, 11, 4, 13777344700, 608, 79287
read-start, 10, 5, 551093788, 137773447, 1261810
circular-read-total, 10, 4, 13777344700, 1522, 92353
read-start, 9, 5, 551093788, 137773447, 1264153
circular-read-total, 9, 4, 13777344700, 2489, 89845
read-start, 8, 5, 551093788, 137773447, 1265013
circular-read-total, 8, 4, 13777344700, 2377, 90501
read-start, 12, 5, 551093788, 137773447, 1265543
circular-read-total, 12, 4, 13777344700, 1464, 91039
read-start, 3, 5, 551093788, 137773447, 1266842
circular-read-total, 3, 4, 13777344700, 4407, 92314
read-start, 4, 5, 551093788, 137773447, 1267642
circular-read-total, 4, 4, 13777344700, 3162, 88403
read-start, 6, 5, 551093788, 137773447, 1268838
circular-read-total, 6, 4, 13777344700, 2954, 96032
read-start, 5, 5, 551093788, 137773447, 1270771
circular-read-total, 5, 4, 13777344700, 2653, 110538
read-start, 7, 5, 551093788, 137773447, 1271056
circular-read-total, 7, 4, 13777344700, 3771, 96564
read-wait, 7, 5, 11726
read, 7, 5, 551093788, 137773447, 195642
circular-read-start, 7, 5, 13777344700, 1466699
read-wait, 9, 5, 202728
read, 9, 5, 551093788, 137773447, 202728
circular-read-start, 9, 5, 13777344700, 1466882
read-wait, 5, 5, 196115
read, 5, 5, 551093788, 137773447, 196115
circular-read-start, 5, 5, 13777344700, 1466887
read-wait, 10, 5, 205086
read, 10, 5, 551093788, 137773447, 205086
circular-read-start, 10, 5, 13777344700, 1466897
read-wait, 6, 5, 198063
read, 6, 5, 551093788, 137773447, 200836
circular-read-start, 6, 5, 13777344700, 1469674
read-wait, 12, 5, 204309
read, 12, 5, 551093788, 137773447, 204309
circular-read-start, 12, 5, 13777344700, 1469852
read-wait, 8, 5, 204845
read, 8, 5, 551093788, 137773447, 204845
circular-read-start, 8, 5, 13777344700, 1469858
read-wait, 3, 5, 203019
read, 3, 5, 551093788, 137773447, 203019
circular-read-start, 3, 5, 13777344700, 1469861
read-wait, 4, 5, 202227
read, 4, 5, 551093788, 137773447, 202227
circular-read-start, 4, 5, 13777344700, 1469870
read-wait, 11, 5, 216063
read, 11, 5, 551093788, 137773447, 216063
circular-read-start, 11, 5, 13777344700, 1469879
read-start, 12, 6, 688867235, 137773447, 1550535
circular-read-total, 12, 5, 13777344700, 742, 80695
read-start, 8, 6, 688867235, 137773447, 1556569
circular-read-total, 8, 5, 13777344700, 1775, 86720
read-start, 3, 6, 688867235, 137773447, 1557725
circular-read-total, 3, 5, 13777344700, 3831, 87871
read-start, 10, 6, 688867235, 137773447, 1557779
circular-read-total, 10, 5, 13777344700, 1954, 90891
read-start, 11, 6, 688867235, 137773447, 1558044
circular-read-total, 11, 5, 13777344700, 1143, 88172
read-start, 6, 6, 688867235, 137773447, 1561353
circular-read-total, 6, 5, 13777344700, 3576, 91687
read-start, 7, 6, 688867235, 137773447, 1562581
circular-read-total, 7, 5, 13777344700, 3500, 95888
read-start, 5, 6, 688867235, 137773447, 1562687
circular-read-total, 5, 5, 13777344700, 3126, 95807
read-start, 9, 6, 688867235, 137773447, 1563707
circular-read-total, 9, 5, 13777344700, 3141, 96829
read-start, 4, 6, 688867235, 137773447, 1564180
circular-read-total, 4, 5, 13777344700, 2532, 94317
read-wait, 7, 6, 13560
read, 7, 6, 688867235, 137773447, 195416
circular-read-start, 7, 6, 13777344700, 1757997
read-wait, 9, 6, 194475
read, 9, 6, 688867235, 137773447, 200839
circular-read-start, 9, 6, 13777344700, 1764546
read-wait, 6, 6, 203379
read, 6, 6, 688867235, 137773447, 203379
circular-read-start, 6, 6, 13777344700, 1764732
read-wait, 10, 6, 206963
read, 10, 6, 688867235, 137773447, 206963
circular-read-start, 10, 6, 13777344700, 1764743
read-wait, 8, 6, 208176
read, 8, 6, 688867235, 137773447, 208176
circular-read-start, 8, 6, 13777344700, 1764745
read-wait, 12, 6, 214218
read, 12, 6, 688867235, 137773447, 214218
circular-read-start, 12, 6, 13777344700, 1764753
read-wait, 5, 6, 202068
read, 5, 6, 688867235, 137773447, 202068
circular-read-start, 5, 6, 13777344700, 1764756
read-wait, 11, 6, 206720
read, 11, 6, 688867235, 137773447, 206720
circular-read-start, 11, 6, 13777344700, 1764764
read-wait, 3, 6, 207042
read, 3, 6, 688867235, 137773447, 207042
circular-read-start, 3, 6, 13777344700, 1764767
read-wait, 4, 6, 200593
read, 4, 6, 688867235, 137773447, 202557
circular-read-start, 4, 6, 13777344700, 1766737
read-start, 12, 7, 826640682, 137773447, 1844114
circular-read-total, 12, 6, 13777344700, 1073, 79366
read-start, 11, 7, 826640682, 137773447, 1848344
circular-read-total, 11, 6, 13777344700, 661, 83591
read-start, 9, 7, 826640682, 137773447, 1850324
circular-read-total, 9, 6, 13777344700, 3085, 85779
read-start, 8, 7, 826640682, 137773447, 1850381
circular-read-total, 8, 6, 13777344700, 1844, 85645
read-start, 10, 7, 826640682, 137773447, 1850401
circular-read-total, 10, 6, 13777344700, 1642, 85668
read-start, 3, 7, 826640682, 137773447, 1852900
circular-read-total, 3, 6, 13777344700, 2989, 88139
read-start, 6, 7, 826640682, 137773447, 1853657
circular-read-total, 6, 6, 13777344700, 3125, 88930
read-start, 5, 7, 826640682, 137773447, 1855412
circular-read-total, 5, 6, 13777344700, 2579, 90663
read-start, 7, 7, 826640682, 137773447, 1855505
circular-read-total, 7, 6, 13777344700, 2143, 97509
read-start, 4, 7, 826640682, 137773447, 1857858
circular-read-total, 4, 6, 13777344700, 2376, 91120
read-wait, 7, 7, 14803
read, 7, 7, 826640682, 137773447, 194987
circular-read-start, 7, 7, 13777344700, 2050492
read-wait, 9, 7, 200353
read, 9, 7, 826640682, 137773447, 200353
circular-read-start, 9, 7, 13777344700, 2050678
read-wait, 10, 7, 200323
read, 10, 7, 826640682, 137773447, 200324
circular-read-start, 10, 7, 13777344700, 2050725
read-wait, 6, 7, 197070
read, 6, 7, 826640682, 137773447, 201782
circular-read-start, 6, 7, 13777344700, 2055439
read-wait, 12, 7, 211503
read, 12, 7, 826640682, 137773447, 211503
circular-read-start, 12, 7, 13777344700, 2055618
read-wait, 8, 7, 205259
read, 8, 7, 826640682, 137773447, 205259
circular-read-start, 8, 7, 13777344700, 2055640
read-wait, 5, 7, 200229
read, 5, 7, 826640682, 137773447, 200230
circular-read-start, 5, 7, 13777344700, 2055642
read-wait, 11, 7, 207308
read, 11, 7, 826640682, 137773447, 207308
circular-read-start, 11, 7, 13777344700, 2055653
read-wait, 4, 7, 197797
read, 4, 7, 826640682, 137773447, 200736
circular-read-start, 4, 7, 13777344700, 2058594
read-wait, 3, 7, 205924
read, 3, 7, 826640682, 137773447, 205924
circular-read-start, 3, 7, 13777344700, 2058825
read-start, 11, 8, 964414129, 137773447, 2138296
circular-read-total, 11, 7, 13777344700, 1076, 82655
read-start, 8, 8, 964414129, 137773447, 2141545
circular-read-total, 8, 7, 13777344700, 2903, 85915
read-start, 12, 8, 964414129, 137773447, 2141624
circular-read-total, 12, 7, 13777344700, 1438, 86000
read-start, 10, 8, 964414129, 137773447, 2144436
circular-read-total, 10, 7, 13777344700, 2425, 93724
read-start, 7, 8, 964414129, 137773447, 2146559
circular-read-total, 7, 7, 13777344700, 3921, 96074
read-start, 4, 8, 964414129, 137773447, 2146717
circular-read-total, 4, 7, 13777344700, 3396, 88123
read-start, 3, 8, 964414129, 137773447, 2146795
circular-read-total, 3, 7, 13777344700, 3233, 87970
read-start, 6, 8, 964414129, 137773447, 2147372
circular-read-total, 6, 7, 13777344700, 1282, 91941
read-start, 9, 8, 964414129, 137773447, 2147799
circular-read-total, 9, 7, 13777344700, 3578, 97121
read-start, 5, 8, 964414129, 137773447, 2150360
circular-read-total, 5, 7, 13777344700, 2744, 94722
read-wait, 7, 8, 16951
read, 7, 8, 964414129, 137773447, 195011
circular-read-start, 7, 8, 13777344700, 2341570
read-wait, 9, 8, 193957
read, 9, 8, 964414129, 137773447, 200186
circular-read-start, 9, 8, 13777344700, 2347986
read-wait, 10, 8, 203728
read, 10, 8, 964414129, 137773447, 203728
circular-read-start, 10, 8, 13777344700, 2348164
read-wait, 8, 8, 206621
read, 8, 8, 964414129, 137773447, 206621
circular-read-start, 8, 8, 13777344700, 2348167
read-wait, 6, 8, 200797
read, 6, 8, 964414129, 137773447, 201530
circular-read-start, 6, 8, 13777344700, 2348903
read-wait, 12, 8, 207456
read, 12, 8, 964414129, 137773447, 207456
circular-read-start, 12, 8, 13777344700, 2349081
read-wait, 11, 8, 210795
read, 11, 8, 964414129, 137773447, 210795
circular-read-start, 11, 8, 13777344700, 2349092
read-wait, 5, 8, 198735
read, 5, 8, 964414129, 137773447, 198735
circular-read-start, 5, 8, 13777344700, 2349096
read-wait, 4, 8, 202382
read, 4, 8, 964414129, 137773447, 202382
circular-read-start, 4, 8, 13777344700, 2349100
read-wait, 3, 8, 202320
read, 3, 8, 964414129, 137773447, 202320
circular-read-start, 3, 8, 13777344700, 2349115
read-start, 10, 9, 1102187576, 137773447, 2433315
circular-read-total, 10, 8, 13777344700, 1925, 85159
read-start, 8, 9, 1102187576, 137773447, 2433922
circular-read-total, 8, 8, 13777344700, 2916, 85766
read-start, 12, 9, 1102187576, 137773447, 2435446
circular-read-total, 12, 8, 13777344700, 1258, 86371
read-start, 3, 9, 1102187576, 137773447, 2436919
circular-read-total, 3, 8, 13777344700, 2012, 87805
read-start, 7, 9, 1102187576, 137773447, 2438517
circular-read-total, 7, 8, 13777344700, 2644, 96952
read-start, 11, 9, 1102187576, 137773447, 2439072
circular-read-total, 11, 8, 13777344700, 503, 89988
read-start, 5, 9, 1102187576, 137773447, 2441356
circular-read-total, 5, 8, 13777344700, 2234, 92269
read-start, 4, 9, 1102187576, 137773447, 2441986
circular-read-total, 4, 8, 13777344700, 2958, 92893
read-start, 6, 9, 1102187576, 137773447, 2444495
circular-read-total, 6, 8, 13777344700, 2544, 95595
read-start, 9, 9, 1102187576, 137773447, 2444511
circular-read-total, 9, 8, 13777344700, 3180, 96529
read-wait, 7, 9, 15751
read, 7, 9, 1102187576, 137773447, 194364
circular-read-start, 7, 9, 13777344700, 2632881
read-wait, 10, 9, 199748
read, 10, 9, 1102187576, 137773447, 200198
circular-read-start, 10, 9, 13777344700, 2633513
read-wait, 9, 9, 189177
read, 9, 9, 1102187576, 137773447, 199557
circular-read-start, 9, 9, 13777344700, 2644068
read-wait, 8, 9, 210334
read, 8, 9, 1102187576, 137773447, 218244
circular-read-start, 8, 9, 13777344700, 2652166
read-wait, 11, 9, 213289
read, 11, 9, 1102187576, 137773447, 213289
circular-read-start, 11, 9, 13777344700, 2652362
read-wait, 6, 9, 207870
read, 6, 9, 1102187576, 137773447, 207870
circular-read-start, 6, 9, 13777344700, 2652365
read-wait, 12, 9, 216926
read, 12, 9, 1102187576, 137773447, 216926
circular-read-start, 12, 9, 13777344700, 2652373
read-wait, 4, 9, 210393
read, 4, 9, 1102187576, 137773447, 210393
circular-read-start, 4, 9, 13777344700, 2652379
read-wait, 5, 9, 211025
read, 5, 9, 1102187576, 137773447, 211025
circular-read-start, 5, 9, 13777344700, 2652381
read-wait, 3, 9, 215485
read, 3, 9, 1102187576, 137773447, 215485
circular-read-start, 3, 9, 13777344700, 2652405
read-start, 11, 10, 1239961023, 137773447, 2733727
circular-read-total, 11, 9, 13777344700, 1680, 81376
read-start, 8, 10, 1239961023, 137773447, 2738174
circular-read-total, 8, 9, 13777344700, 4097, 86009
read-start, 10, 10, 1239961023, 137773447, 2738336
circular-read-total, 10, 9, 13777344700, 2798, 104832
read-start, 12, 10, 1239961023, 137773447, 2739028
circular-read-total, 12, 9, 13777344700, 2011, 86662
read-start, 6, 10, 1239961023, 137773447, 2739124
circular-read-total, 6, 9, 13777344700, 3566, 86764
read-start, 5, 10, 1239961023, 137773447, 2739249
circular-read-total, 5, 9, 13777344700, 3415, 86873
read-start, 9, 10, 1239961023, 137773447, 2739346
circular-read-total, 9, 9, 13777344700, 2070, 95288
read-start, 4, 10, 1239961023, 137773447, 2742288
circular-read-total, 4, 9, 13777344700, 3024, 89915
read-start, 3, 10, 1239961023, 137773447, 2742479
circular-read-total, 3, 9, 13777344700, 2627, 90080
read-start, 7, 10, 1239961023, 137773447, 2746446
circular-read-total, 7, 9, 13777344700, 1851, 113571
read-wait, 9, 10, 18869
read, 9, 10, 1239961023, 137773447, 199565
circular-read-start, 9, 10, 13777344700, 2938911
read-wait, 8, 10, 200921
read, 8, 10, 1239961023, 137773447, 212086
circular-read-start, 8, 10, 13777344700, 2950261
read-wait, 11, 10, 216715
read, 11, 10, 1239961023, 137773447, 216715
circular-read-start, 11, 10, 13777344700, 2950443
read-wait, 7, 10, 203999
read, 7, 10, 1239961023, 137773447, 203999
circular-read-start, 7, 10, 13777344700, 2950446
read-wait, 10, 10, 212113
read, 10, 10, 1239961023, 137773447, 212113
circular-read-start, 10, 10, 13777344700, 2950449
read-wait, 6, 10, 211327
read, 6, 10, 1239961023, 137773447, 211327
circular-read-start, 6, 10, 13777344700, 2950452
read-wait, 12, 10, 211428
read, 12, 10, 1239961023, 137773447, 211428
circular-read-start, 12, 10, 13777344700, 2950457
read-wait, 4, 10, 208175
read, 4, 10, 1239961023, 137773447, 208175
circular-read-start, 4, 10, 13777344700, 2950464
read-wait, 5, 10, 211221
read, 5, 10, 1239961023, 137773447, 211221
circular-read-start, 5, 10, 13777344700, 2950470
read-wait, 3, 10, 207996
read, 3, 10, 1239961023, 137773447, 207996
circular-read-start, 3, 10, 13777344700, 2950475
read-start, 12, 11, 1377734470, 22265530, 3034442
circular-read-total, 12, 10, 13777344700, 889, 84000
read-start, 10, 11, 1377734470, 22265530, 3036859
circular-read-total, 10, 10, 13777344700, 1897, 86420
read-start, 3, 11, 1377734470, 22265530, 3037764
circular-read-total, 3, 10, 13777344700, 3245, 87304
read-start, 6, 11, 1377734470, 22265530, 3038362
circular-read-total, 6, 10, 13777344700, 1576, 87917
read-start, 11, 11, 1377734470, 22265530, 3039577
circular-read-total, 11, 10, 13777344700, 984, 89141
read-start, 9, 11, 1377734470, 22265530, 3042052
read-start, 7, 11, 1377734470, 22265530, 3042056
circular-read-total, 9, 10, 13777344700, 1077, 103146
circular-read-total, 7, 10, 13777344700, 1945, 91614
read-start, 8, 11, 1377734470, 22265530, 3042367
circular-read-total, 8, 10, 13777344700, 3552, 92114
read-start, 4, 11, 1377734470, 22265530, 3042579
circular-read-total, 4, 10, 13777344700, 2434, 92122
read-start, 5, 11, 1377734470, 22265530, 3045662
circular-read-total, 5, 10, 13777344700, 2405, 95200
read-wait, 12, 11, 24058
read, 12, 11, 1377734470, 22265530, 192169
circular-read-start, 12, 11, 2226553000, 3226611
read-wait, 8, 11, 184470
read, 8, 11, 1377734470, 22265530, 204863
circular-read-start, 8, 11, 2226553000, 3247231
read-wait, 6, 11, 209053
read, 6, 11, 1377734470, 22265530, 209053
circular-read-start, 6, 11, 2226553000, 3247416
read-wait, 3, 11, 209653
read, 3, 11, 1377734470, 22265530, 209654
circular-read-start, 3, 11, 2226553000, 3247418
read-wait, 4, 11, 204842
read, 4, 11, 1377734470, 22265530, 204842
circular-read-start, 4, 11, 2226553000, 3247421
read-wait, 9, 11, 205370
read, 9, 11, 1377734470, 22265530, 205370
circular-read-start, 9, 11, 2226553000, 3247423
read-wait, 10, 11, 210565
read, 10, 11, 1377734470, 22265530, 210565
circular-read-start, 10, 11, 2226553000, 3247424
read-wait, 5, 11, 201763
read, 5, 11, 1377734470, 22265530, 201763
circular-read-start, 5, 11, 2226553000, 3247426
read-wait, 7, 11, 205371
read, 7, 11, 1377734470, 22265530, 205371
circular-read-start, 7, 11, 2226553000, 3247428
read-wait, 11, 11, 207852
read, 11, 11, 1377734470, 22265530, 207852
circular-read-start, 11, 11, 2226553000, 3247429
circular-read-total, 8, 11, 2226553000, 1742, 9080
circular-read-total, 11, 11, 2226553000, 328, 8915
circular-read-total, 10, 11, 2226553000, 1070, 9206
circular-read-total, 7, 11, 2226553000, 1002, 9579
circular-read-total, 12, 11, 2226553000, 602, 30721
circular-read-total, 9, 11, 2226553000, 1526, 10939
circular-read-total, 4, 11, 2226553000, 1135, 11370
circular-read-total, 3, 11, 2226553000, 1280, 11664
circular-read-total, 5, 11, 2226553000, 1536, 11817
circular-read-total, 6, 11, 2226553000, 917, 12010

cmd-read, 3265156
