# Thu Oct 22 12:48:37 PDT 2015
record-value, 112
seek-chunk, 137773447
file, 4, 1400000000

read-start, 1, 0, 137773447, 45889
circular-read-start, 4, 1, 140000000000, 47006
circular-read-total, 4, 1, 140000000000, 186892, 200620
linear-scan, 201404
-sort , 33524, 48
-merge, 21141, 48
-last , 782
read, 1, 137773447, 202521
network, 1, 125079

read-start, 2, 137773447, 137773447, 373524
circular-read-start, 4, 2, 140000000000, 373854
circular-read-total, 4, 2, 140000000000, 186622, 206782
linear-scan, 207161
-sort , 32064, 47
-merge, 20231, 47
-last , 377
read, 2, 137773447, 207491
network, 2, 116707

read-start, 3, 275546894, 137773447, 697771
circular-read-start, 4, 3, 140000000000, 698101
circular-read-total, 4, 3, 140000000000, 186674, 203448
linear-scan, 204090
-sort , 30976, 45
-merge, 19602, 45
-last , 640
read, 3, 137773447, 204420
network, 3, 100458

read-start, 4, 413320341, 137773447, 1002689
circular-read-start, 4, 4, 140000000000, 1003020
circular-read-total, 4, 4, 140000000000, 186826, 198606
linear-scan, 199335
-sort , 29707, 43
-merge, 18884, 43
-last , 727
read, 4, 137773447, 199666
network, 4, 108968

read-start, 5, 551093788, 137773447, 1311374
circular-read-start, 4, 5, 140000000000, 1311701
circular-read-total, 4, 5, 140000000000, 186973, 195492
linear-scan, 196068
-sort , 28584, 41
-merge, 18233, 41
-last , 574
read, 5, 137773447, 196395
network, 5, 88546

read-start, 6, 688867235, 137773447, 1596367
circular-read-start, 4, 6, 140000000000, 1596690
circular-read-total, 4, 6, 140000000000, 186875, 192316
linear-scan, 193268
-sort , 26723, 38
-merge, 17174, 38
-last , 950
read, 6, 137773447, 193592
network, 6, 99940

read-start, 7, 826640682, 137773447, 1889945
circular-read-start, 4, 7, 140000000000, 1890276
circular-read-total, 4, 7, 140000000000, 186827, 192164
linear-scan, 193003
-sort , 24640, 35
-merge, 15966, 35
-last , 836
read, 7, 137773447, 193333
network, 7, 104139

read-start, 8, 964414129, 137773447, 2187456
circular-read-start, 4, 8, 140000000000, 2187784
circular-read-total, 4, 8, 140000000000, 186575, 191921
linear-scan, 192775
-sort , 21814, 31
-merge, 14265, 31
-last , 852
read, 8, 137773447, 193103
network, 8, 100701

read-start, 9, 1102187576, 137773447, 2481278
circular-read-start, 4, 9, 140000000000, 2481604
circular-read-total, 4, 9, 140000000000, 186747, 192044
linear-scan, 192479
-sort , 17966, 26
-merge, 12073, 26
-last , 433
read, 9, 137773447, 192805
network, 9, 110759

read-start, 10, 1239961023, 137773447, 2784860
circular-read-start, 4, 10, 140000000000, 2785173
circular-read-total, 4, 10, 140000000000, 186900, 192290
linear-scan, 192731
-sort , 10046, 17
-merge, 7585, 17
-last , 439
read, 10, 137773447, 193044
network, 10, 102307

read-start, 11, 1377734470, 22265530, 3080274
circular-read-start, 4, 11, 140000000000, 3080329
circular-read-total, 4, 11, 140000000000, 186831, 192063
linear-scan, 192113
-sort , 1305, 8
-merge, 621, 8
-last , 49
read, 11, 22265530, 192167
network, 11, 30696

exit, 3311047
