# Thu Oct 22 12:48:37 PDT 2015
record-value, 112
seek-chunk, 137773447
file, 4, 1400000000

read-start, 1, 0, 137773447, 32567
circular-read-start, 4, 1, 140000000000, 33584
circular-read-total, 4, 1, 140000000000, 190621, 204780
linear-scan, 205569
-sort , 33062, 48
-merge, 21943, 48
-last , 787
read, 1, 137773447, 206586
network, 1, 128796

read-start, 2, 137773447, 137773447, 367982
circular-read-start, 4, 2, 140000000000, 368319
circular-read-total, 4, 2, 140000000000, 190784, 213145
linear-scan, 213566
-sort , 31998, 47
-merge, 21638, 47
-last , 419
read, 2, 137773447, 213904
network, 2, 112214

read-start, 3, 275546894, 137773447, 694151
circular-read-start, 4, 3, 140000000000, 694473
circular-read-total, 4, 3, 140000000000, 190065, 207244
linear-scan, 207887
-sort , 30787, 45
-merge, 20746, 45
-last , 641
read, 3, 137773447, 208209
network, 3, 98855

read-start, 4, 413320341, 137773447, 1001252
circular-read-start, 4, 4, 140000000000, 1001570
circular-read-total, 4, 4, 140000000000, 191996, 204515
linear-scan, 205256
-sort , 29865, 43
-merge, 20331, 43
-last , 739
read, 4, 137773447, 205573
network, 4, 89785

read-start, 5, 551093788, 137773447, 1296662
circular-read-start, 4, 5, 140000000000, 1296966
circular-read-total, 4, 5, 140000000000, 191869, 199550
linear-scan, 200150
-sort , 28382, 41
-merge, 19377, 41
-last , 598
read, 5, 137773447, 200454
network, 5, 99082

read-start, 6, 688867235, 137773447, 1596216
circular-read-start, 4, 6, 140000000000, 1596548
circular-read-total, 4, 6, 140000000000, 191806, 199545
linear-scan, 200506
-sort , 26515, 38
-merge, 18430, 38
-last , 959
read, 6, 137773447, 200838
network, 6, 85740

read-start, 7, 826640682, 137773447, 1882833
circular-read-start, 4, 7, 140000000000, 1883158
circular-read-total, 4, 7, 140000000000, 191298, 199043
linear-scan, 199885
-sort , 24668, 35
-merge, 16964, 35
-last , 840
read, 7, 137773447, 200209
network, 7, 97229

read-start, 8, 964414129, 137773447, 2180308
circular-read-start, 4, 8, 140000000000, 2180640
circular-read-total, 4, 8, 140000000000, 191271, 198976
linear-scan, 199854
-sort , 22026, 31
-merge, 15393, 31
-last , 876
read, 8, 137773447, 200185
network, 8, 96505

read-start, 9, 1102187576, 137773447, 2477020
circular-read-start, 4, 9, 140000000000, 2477351
circular-read-total, 4, 9, 140000000000, 190813, 198761
linear-scan, 199225
-sort , 17802, 26
-merge, 13028, 26
-last , 462
read, 9, 137773447, 199556
network, 9, 95246

read-start, 10, 1239961023, 137773447, 2771855
circular-read-start, 4, 10, 140000000000, 2772192
circular-read-total, 4, 10, 140000000000, 190812, 198761
linear-scan, 199226
-sort , 9939, 17
-merge, 8439, 17
-last , 464
read, 10, 137773447, 199564
network, 10, 103123

read-start, 11, 1377734470, 22265530, 3074562
circular-read-start, 4, 11, 140000000000, 3074615
circular-read-total, 4, 11, 140000000000, 190941, 198941
linear-scan, 199004
-sort , 1366, 8
-merge, 673, 8
-last , 62
read, 11, 22265530, 199057
network, 11, 17234

exit, 3297724
