# Thu Oct 22 12:48:37 PDT 2015
record-value, 112
seek-chunk, 137773447
file, 4, 1400000000

read-start, 1, 0, 137773447, 24954
circular-read-start, 4, 1, 140000000000, 26123
circular-read-total, 4, 1, 140000000000, 229700, 241709
linear-scan, 242616
-sort , 42050, 48
-merge, 28279, 48
-last , 904
read, 1, 137773447, 243784
network, 1, 88844

read-start, 2, 137773447, 137773447, 357606
circular-read-start, 4, 2, 140000000000, 357958
circular-read-total, 4, 2, 140000000000, 216235, 239405
linear-scan, 239814
-sort , 37450, 47
-merge, 26196, 47
-last , 408
read, 2, 137773447, 240165
network, 2, 83195

read-start, 3, 275546894, 137773447, 680997
circular-read-start, 4, 3, 140000000000, 681321
circular-read-total, 4, 3, 140000000000, 188653, 206408
linear-scan, 207055
-sort , 31522, 45
-merge, 20382, 45
-last , 645
read, 3, 137773447, 207379
network, 3, 97305

read-start, 4, 413320341, 137773447, 985714
circular-read-start, 4, 4, 140000000000, 986040
circular-read-total, 4, 4, 140000000000, 188289, 203568
linear-scan, 204323
-sort , 31244, 43
-merge, 20172, 43
-last , 754
read, 4, 137773447, 204649
network, 4, 99528

read-start, 5, 551093788, 137773447, 1289909
circular-read-start, 4, 5, 140000000000, 1290237
circular-read-total, 4, 5, 140000000000, 188494, 199947
linear-scan, 200529
-sort , 29794, 41
-merge, 19602, 41
-last , 580
read, 5, 137773447, 200857
network, 5, 90671

read-start, 6, 688867235, 137773447, 1581466
circular-read-start, 4, 6, 140000000000, 1581790
circular-read-total, 4, 6, 140000000000, 191216, 199845
linear-scan, 200784
-sort , 27690, 38
-merge, 18461, 38
-last , 937
read, 6, 137773447, 201108
network, 6, 92670

read-start, 7, 826640682, 137773447, 1875277
circular-read-start, 4, 7, 140000000000, 1875605
circular-read-total, 4, 7, 140000000000, 188249, 196925
linear-scan, 197777
-sort , 25237, 35
-merge, 16692, 35
-last , 851
read, 7, 137773447, 198105
network, 7, 93036

read-start, 8, 964414129, 137773447, 2166441
circular-read-start, 4, 8, 140000000000, 2166765
circular-read-total, 4, 8, 140000000000, 191964, 200526
linear-scan, 201451
-sort , 21859, 31
-merge, 14953, 31
-last , 923
read, 8, 137773447, 201774
network, 8, 90563

read-start, 9, 1102187576, 137773447, 2458818
circular-read-start, 4, 9, 140000000000, 2459158
circular-read-total, 4, 9, 140000000000, 209333, 217353
linear-scan, 217903
-sort , 21180, 26
-merge, 14476, 26
-last , 548
read, 9, 137773447, 218243
network, 9, 85983

read-start, 10, 1239961023, 137773447, 2763071
circular-read-start, 4, 10, 140000000000, 2763420
circular-read-total, 4, 10, 140000000000, 203334, 211258
linear-scan, 211736
-sort , 12948, 17
-merge, 9999, 17
-last , 476
read, 10, 137773447, 212084
network, 10, 92082

read-start, 11, 1377734470, 22265530, 3067264
circular-read-start, 4, 11, 140000000000, 3067319
circular-read-total, 4, 11, 140000000000, 196819, 204732
linear-scan, 204801
-sort , 1742, 8
-merge, 776, 8
-last , 68
read, 11, 22265530, 204856
network, 11, 9067

exit, 3290112
