# Thu Oct 22 16:39:14 PDT 2015
# 6, 1400, 0, read
max-chunk, 3, 1, 137773447, 0
chunk-size, 137773447, 3484
disks, 1

size, 3, 2, 2333333333, 3
size, 4, 1, 2333333333, 2
size, 5, 1, 2333333333, 2
size, 6, 1, 2333333333, 2
size, 7, 1, 2333333333, 2
size, 8, 1, 2333333333, 0


read-start, 3, 1, 0, 137773447, 61
read-start, 4, 1, 0, 137773447, 61
read-start, 5, 1, 0, 137773447, 61
read-start, 6, 1, 0, 137773447, 61
read-start, 7, 1, 0, 137773447, 61
read-start, 8, 1, 0, 137773447, 61
read-wait, 3, 1, 0
read, 3, 1, 0, 137773447, 375035
circular-read-start, 3, 1, 13777344700, 375099
read-wait, 4, 1, 376632
read, 4, 1, 0, 137773447, 376635
circular-read-start, 4, 1, 13777344700, 376701
read-wait, 5, 1, 376650
read, 5, 1, 0, 137773447, 376650
circular-read-start, 5, 1, 13777344700, 376711
read-wait, 6, 1, 376661
read, 6, 1, 0, 137773447, 487305
circular-read-start, 6, 1, 13777344700, 487367
read-wait, 7, 1, 487838
read, 7, 1, 0, 137773447, 487838
circular-read-start, 7, 1, 13777344700, 487899
read-wait, 8, 1, 487848
read, 8, 1, 0, 137773447, 487848
circular-read-start, 8, 1, 13777344700, 487911
read-start, 4, 2, 137773447, 137773447, 573643
circular-read-total, 4, 1, 13777344700, 33753, 196968
read-start, 5, 2, 137773447, 137773447, 578142
circular-read-total, 5, 1, 13777344700, 35439, 201461
read-start, 3, 2, 137773447, 137773447, 587526
circular-read-total, 3, 1, 13777344700, 36998, 212436
read-start, 7, 2, 137773447, 137773447, 590491
circular-read-total, 7, 1, 13777344700, 41264, 102606
read-start, 8, 2, 137773447, 137773447, 592125
circular-read-total, 8, 1, 13777344700, 46009, 104218
read-start, 6, 2, 137773447, 137773447, 615423
circular-read-total, 6, 1, 13777344700, 89954, 128056
read-wait, 5, 2, 37737
read, 5, 2, 137773447, 137773447, 382166
circular-read-start, 5, 2, 13777344700, 960310
read-wait, 6, 2, 345444
read, 6, 2, 137773447, 137773447, 501747
circular-read-start, 6, 2, 13777344700, 1117174
read-wait, 8, 2, 525709
read, 8, 2, 137773447, 137773447, 525709
circular-read-start, 8, 2, 13777344700, 1117838
read-wait, 7, 2, 527375
read, 7, 2, 137773447, 137773447, 527375
circular-read-start, 7, 2, 13777344700, 1117867
read-wait, 4, 2, 544294
read, 4, 2, 137773447, 137773447, 544295
circular-read-start, 4, 2, 13777344700, 1117938
read-wait, 3, 2, 530487
read, 3, 2, 137773447, 137773447, 530492
circular-read-start, 3, 2, 13777344700, 1118019
read-start, 8, 3, 275546894, 137773447, 1217935
circular-read-total, 8, 2, 13777344700, 71943, 100133
read-start, 4, 3, 275546894, 137773447, 1228390
circular-read-total, 4, 2, 13777344700, 78806, 110452
read-start, 7, 3, 275546894, 137773447, 1229093
circular-read-total, 7, 2, 13777344700, 70530, 111247
read-start, 5, 3, 275546894, 137773447, 1229412
circular-read-total, 5, 2, 13777344700, 53361, 269106
read-start, 3, 3, 275546894, 137773447, 1230328
circular-read-total, 3, 2, 13777344700, 74073, 112310
read-start, 6, 3, 275546894, 137773447, 1244180
circular-read-total, 6, 2, 13777344700, 83366, 127006
read-wait, 5, 3, 22676
read, 5, 3, 275546894, 137773447, 374362
circular-read-start, 5, 3, 13777344700, 1603776
read-wait, 4, 3, 376078
read, 4, 3, 275546894, 137773447, 376078
circular-read-start, 4, 3, 13777344700, 1604469
read-wait, 6, 3, 360296
read, 6, 3, 275546894, 137773447, 493331
circular-read-start, 6, 3, 13777344700, 1737512
read-wait, 7, 3, 509337
read, 7, 3, 275546894, 137773447, 509337
circular-read-start, 7, 3, 13777344700, 1738430
read-wait, 8, 3, 520519
read, 8, 3, 275546894, 137773447, 520519
circular-read-start, 8, 3, 13777344700, 1738455
read-wait, 3, 3, 508148
read, 3, 3, 275546894, 137773447, 508149
circular-read-start, 3, 3, 13777344700, 1738480
read-start, 4, 4, 413320341, 137773447, 1826380
circular-read-total, 4, 3, 13777344700, 26786, 221922
read-start, 7, 4, 413320341, 137773447, 1827196
circular-read-total, 7, 3, 13777344700, 38975, 88776
read-start, 8, 4, 413320341, 137773447, 1830170
circular-read-total, 8, 3, 13777344700, 39815, 91722
read-start, 5, 4, 413320341, 137773447, 1831894
circular-read-total, 5, 3, 13777344700, 22333, 228121
read-start, 3, 4, 413320341, 137773447, 1832182
circular-read-total, 3, 3, 13777344700, 42148, 93703
read-start, 6, 4, 413320341, 137773447, 1842532
circular-read-total, 6, 3, 13777344700, 58134, 105020
read-wait, 5, 4, 16592
read, 5, 4, 413320341, 137773447, 372382
circular-read-start, 5, 4, 13777344700, 2204278
read-wait, 6, 4, 362401
read, 6, 4, 413320341, 137773447, 481872
circular-read-start, 6, 4, 13777344700, 2324406
read-wait, 4, 4, 498741
read, 4, 4, 413320341, 137773447, 498741
circular-read-start, 4, 4, 13777344700, 2325122
read-wait, 7, 4, 497952
read, 7, 4, 413320341, 137773447, 497952
circular-read-start, 7, 4, 13777344700, 2325149
read-wait, 3, 4, 493025
read, 3, 4, 413320341, 137773447, 493025
circular-read-start, 3, 4, 13777344700, 2325208
read-wait, 8, 4, 495075
read, 8, 4, 413320341, 137773447, 495075
circular-read-start, 8, 4, 13777344700, 2325245
read-start, 8, 5, 551093788, 137773447, 2420180
circular-read-total, 8, 4, 13777344700, 63095, 94943
read-start, 7, 5, 551093788, 137773447, 2420686
circular-read-total, 7, 4, 13777344700, 63715, 95543
read-start, 5, 5, 551093788, 137773447, 2422351
circular-read-total, 5, 4, 13777344700, 42646, 218073
read-start, 4, 5, 551093788, 137773447, 2422420
circular-read-total, 4, 4, 13777344700, 63514, 97298
read-start, 3, 5, 551093788, 137773447, 2423116
circular-read-total, 3, 4, 13777344700, 61990, 97908
read-start, 6, 5, 551093788, 137773447, 2438032
circular-read-total, 6, 4, 13777344700, 72477, 113626
read-wait, 7, 5, 17752
read, 7, 5, 551093788, 137773447, 366341
circular-read-start, 7, 5, 13777344700, 2787029
read-wait, 6, 5, 349525
read, 6, 5, 551093788, 137773447, 485603
circular-read-start, 6, 5, 13777344700, 2923637
read-wait, 5, 5, 501939
read, 5, 5, 551093788, 137773447, 501940
circular-read-start, 5, 5, 13777344700, 2924292
read-wait, 4, 5, 501893
read, 4, 5, 551093788, 137773447, 501893
circular-read-start, 4, 5, 13777344700, 2924315
read-wait, 8, 5, 504251
read, 8, 5, 551093788, 137773447, 504251
circular-read-start, 8, 5, 13777344700, 2924432
read-wait, 3, 5, 501355
read, 3, 5, 551093788, 137773447, 501355
circular-read-start, 3, 5, 13777344700, 2924472
read-start, 8, 6, 688867235, 137773447, 3015871
circular-read-total, 8, 5, 13777344700, 46610, 91439
read-start, 7, 6, 688867235, 137773447, 3017049
circular-read-total, 7, 5, 13777344700, 27946, 230024
read-start, 5, 6, 688867235, 137773447, 3018330
circular-read-total, 5, 5, 13777344700, 49587, 94038
read-start, 3, 6, 688867235, 137773447, 3018830
circular-read-total, 3, 5, 13777344700, 49210, 94363
read-start, 4, 6, 688867235, 137773447, 3020449
circular-read-total, 4, 5, 13777344700, 50725, 96135
read-start, 6, 6, 688867235, 137773447, 3036688
circular-read-total, 6, 5, 13777344700, 72923, 113051
read-wait, 5, 6, 18573
read, 5, 6, 688867235, 137773447, 365001
circular-read-start, 5, 6, 13777344700, 3383332
read-wait, 7, 6, 367038
read, 7, 6, 688867235, 137773447, 367038
circular-read-start, 7, 6, 13777344700, 3384088
read-wait, 4, 6, 363711
read, 4, 6, 688867235, 137773447, 394695
circular-read-start, 4, 6, 13777344700, 3415145
read-wait, 6, 6, 379262
read, 6, 6, 688867235, 137773447, 480492
circular-read-start, 6, 6, 13777344700, 3517183
read-wait, 8, 6, 501968
read, 8, 6, 688867235, 137773447, 501968
circular-read-start, 8, 6, 13777344700, 3517840
read-wait, 3, 6, 499111
read, 3, 6, 688867235, 137773447, 499111
circular-read-start, 3, 6, 13777344700, 3517942
read-start, 8, 7, 826640682, 137773447, 3608971
circular-read-total, 8, 6, 13777344700, 28350, 91135
read-start, 5, 7, 826640682, 137773447, 3609971
circular-read-total, 5, 6, 13777344700, 22225, 226650
read-start, 7, 7, 826640682, 137773447, 3610336
circular-read-total, 7, 6, 13777344700, 25457, 226250
read-start, 3, 7, 826640682, 137773447, 3613224
circular-read-total, 3, 6, 13777344700, 26503, 95287
read-start, 4, 7, 826640682, 137773447, 3615806
circular-read-total, 4, 6, 13777344700, 29981, 200661
read-start, 6, 7, 826640682, 137773447, 3622723
circular-read-total, 6, 6, 13777344700, 61383, 105540
read-wait, 5, 7, 17807
read, 5, 7, 826640682, 137773447, 361572
circular-read-start, 5, 7, 13777344700, 3971545
read-wait, 7, 7, 361916
read, 7, 7, 826640682, 137773447, 361916
circular-read-start, 7, 7, 13777344700, 3972253
read-wait, 6, 7, 349593
read, 6, 7, 826640682, 137773447, 475659
circular-read-start, 6, 7, 13777344700, 4098383
read-wait, 4, 7, 483173
read, 4, 7, 826640682, 137773447, 483173
circular-read-start, 4, 7, 13777344700, 4098979
read-wait, 3, 7, 485884
read, 3, 7, 826640682, 137773447, 485884
circular-read-start, 3, 7, 13777344700, 4099109
read-wait, 8, 7, 490169
read, 8, 7, 826640682, 137773447, 490169
circular-read-start, 8, 7, 13777344700, 4099140
read-start, 8, 8, 964414129, 137773447, 4207363
circular-read-total, 8, 7, 13777344700, 41910, 108234
read-start, 4, 8, 964414129, 137773447, 4208139
circular-read-total, 4, 7, 13777344700, 43150, 109166
read-start, 7, 8, 964414129, 137773447, 4212174
circular-read-total, 7, 7, 13777344700, 26054, 239925
read-start, 3, 8, 964414129, 137773447, 4212884
circular-read-total, 3, 7, 13777344700, 41558, 113775
read-start, 5, 8, 964414129, 137773447, 4212898
circular-read-total, 5, 7, 13777344700, 28496, 241353
read-start, 6, 8, 964414129, 137773447, 4227418
circular-read-total, 6, 7, 13777344700, 63006, 129034
read-wait, 5, 8, 16248
read, 5, 8, 964414129, 137773447, 366049
circular-read-start, 5, 8, 13777344700, 4578948
read-wait, 7, 8, 367581
read, 7, 8, 964414129, 137773447, 367581
circular-read-start, 7, 8, 13777344700, 4579757
read-wait, 6, 8, 352374
read, 6, 8, 964414129, 137773447, 474789
circular-read-start, 6, 8, 13777344700, 4702208
read-wait, 4, 8, 494688
read, 4, 8, 964414129, 137773447, 494688
circular-read-start, 4, 8, 13777344700, 4702828
read-wait, 3, 8, 490007
read, 3, 8, 964414129, 137773447, 490007
circular-read-start, 3, 8, 13777344700, 4702892
read-wait, 8, 8, 495556
read, 8, 8, 964414129, 137773447, 495556
circular-read-start, 8, 8, 13777344700, 4702920
read-start, 8, 9, 1102187576, 137773447, 4789910
circular-read-total, 8, 8, 13777344700, 32990, 86996
read-start, 4, 9, 1102187576, 137773447, 4790546
circular-read-total, 4, 8, 13777344700, 35776, 87717
read-start, 7, 9, 1102187576, 137773447, 4792309
circular-read-total, 7, 8, 13777344700, 24414, 212555
read-start, 5, 9, 1102187576, 137773447, 4792482
circular-read-total, 5, 8, 13777344700, 21182, 213538
read-start, 3, 9, 1102187576, 137773447, 4794764
circular-read-total, 3, 8, 13777344700, 35204, 91876
read-start, 6, 9, 1102187576, 137773447, 4803498
circular-read-total, 6, 8, 13777344700, 67509, 101290
read-wait, 5, 9, 13502
read, 5, 9, 1102187576, 137773447, 360605
circular-read-start, 5, 9, 13777344700, 5153088
read-wait, 6, 9, 350272
read, 6, 9, 1102187576, 137773447, 468188
circular-read-start, 6, 9, 13777344700, 5271690
read-wait, 7, 9, 480003
read, 7, 9, 1102187576, 137773447, 480005
circular-read-start, 7, 9, 13777344700, 5272317
read-wait, 8, 9, 482520
read, 8, 9, 1102187576, 137773447, 482520
circular-read-start, 8, 9, 13777344700, 5272434
read-wait, 4, 9, 481922
read, 4, 9, 1102187576, 137773447, 481922
circular-read-start, 4, 9, 13777344700, 5272468
read-wait, 3, 9, 477774
read, 3, 9, 1102187576, 137773447, 477774
circular-read-start, 3, 9, 13777344700, 5272539
read-start, 8, 10, 1239961023, 137773447, 5362177
circular-read-total, 8, 9, 13777344700, 38288, 89748
read-start, 5, 10, 1239961023, 137773447, 5365629
circular-read-total, 5, 9, 13777344700, 30031, 212546
read-start, 7, 10, 1239961023, 137773447, 5368105
circular-read-total, 7, 9, 13777344700, 37858, 95788
read-start, 3, 10, 1239961023, 137773447, 5368563
circular-read-total, 3, 9, 13777344700, 39323, 96026
read-start, 4, 10, 1239961023, 137773447, 5369399
circular-read-total, 4, 9, 13777344700, 41825, 96937
read-start, 6, 10, 1239961023, 137773447, 5381623
circular-read-total, 6, 9, 13777344700, 80261, 109933
read-wait, 5, 10, 18134
read, 5, 10, 1239961023, 137773447, 354821
circular-read-start, 5, 10, 13777344700, 5720451
read-wait, 6, 10, 339485
read, 6, 10, 1239961023, 137773447, 466938
circular-read-start, 6, 10, 13777344700, 5848562
read-wait, 7, 10, 481491
read, 7, 10, 1239961023, 137773447, 481493
circular-read-start, 7, 10, 13777344700, 5849599
read-wait, 8, 10, 487513
read, 8, 10, 1239961023, 137773447, 487513
circular-read-start, 8, 10, 13777344700, 5849690
read-wait, 4, 10, 480300
read, 4, 10, 1239961023, 137773447, 480300
circular-read-start, 4, 10, 13777344700, 5849700
read-wait, 3, 10, 481238
read, 3, 10, 1239961023, 137773447, 481238
circular-read-start, 3, 10, 13777344700, 5849802
read-start, 7, 11, 1377734470, 137773447, 5935853
circular-read-total, 7, 10, 13777344700, 43171, 86262
read-start, 8, 11, 1377734470, 137773447, 5935892
circular-read-total, 8, 10, 13777344700, 44768, 86203
read-start, 5, 11, 1377734470, 137773447, 5936677
circular-read-total, 5, 10, 13777344700, 40360, 216232
read-start, 4, 11, 1377734470, 137773447, 5938064
circular-read-total, 4, 10, 13777344700, 50496, 88363
read-start, 3, 11, 1377734470, 137773447, 5938966
circular-read-total, 3, 10, 13777344700, 42371, 89164
read-start, 6, 11, 1377734470, 137773447, 5948082
circular-read-total, 6, 10, 13777344700, 72831, 99520
read-wait, 5, 11, 11628
read, 5, 11, 1377734470, 137773447, 344383
circular-read-start, 5, 11, 13777344700, 6281062
read-wait, 7, 11, 345963
read, 7, 11, 1377734470, 137773447, 345963
circular-read-start, 7, 11, 13777344700, 6281817
read-wait, 6, 11, 333814
read, 6, 11, 1377734470, 137773447, 458791
circular-read-start, 6, 11, 13777344700, 6406877
read-wait, 8, 11, 471658
read, 8, 11, 1377734470, 137773447, 471659
circular-read-start, 8, 11, 13777344700, 6407552
read-wait, 4, 11, 469515
read, 4, 11, 1377734470, 137773447, 469515
circular-read-start, 4, 11, 13777344700, 6407579
read-wait, 3, 11, 468779
read, 3, 11, 1377734470, 137773447, 468779
circular-read-start, 3, 11, 13777344700, 6407746
read-start, 8, 12, 1515507917, 137773447, 6503504
circular-read-total, 8, 11, 13777344700, 29690, 95953
read-start, 7, 12, 1515507917, 137773447, 6507325
circular-read-total, 7, 11, 13777344700, 21640, 225508
read-start, 5, 12, 1515507917, 137773447, 6509011
circular-read-total, 5, 11, 13777344700, 23415, 227989
read-start, 4, 12, 1515507917, 137773447, 6511426
circular-read-total, 4, 11, 13777344700, 31702, 103846
read-start, 3, 12, 1515507917, 137773447, 6511562
circular-read-total, 3, 11, 13777344700, 27697, 103816
read-start, 6, 12, 1515507917, 137773447, 6519899
circular-read-total, 6, 11, 13777344700, 49045, 113024
read-wait, 7, 12, 17485
read, 7, 12, 1515507917, 137773447, 339302
circular-read-start, 7, 12, 13777344700, 6846628
read-wait, 5, 12, 338022
read, 5, 12, 1515507917, 137773447, 345502
circular-read-start, 5, 12, 13777344700, 6854517
read-wait, 6, 12, 335230
read, 6, 12, 1515507917, 137773447, 448420
circular-read-start, 6, 12, 13777344700, 6968320
read-wait, 8, 12, 465506
read, 8, 12, 1515507917, 137773447, 465506
circular-read-start, 8, 12, 13777344700, 6969011
read-wait, 4, 12, 457640
read, 4, 12, 1515507917, 137773447, 457640
circular-read-start, 4, 12, 13777344700, 6969066
read-wait, 3, 12, 457614
read, 3, 12, 1515507917, 137773447, 457614
circular-read-start, 3, 12, 13777344700, 6969176
read-start, 8, 13, 1653281364, 137773447, 7073874
circular-read-total, 8, 12, 13777344700, 40530, 104863
read-start, 4, 13, 1653281364, 137773447, 7075573
circular-read-total, 4, 12, 13777344700, 42162, 106511
read-start, 7, 13, 1653281364, 137773447, 7078083
circular-read-total, 7, 12, 13777344700, 27879, 231467
read-start, 5, 13, 1653281364, 137773447, 7079875
circular-read-total, 5, 12, 13777344700, 28539, 225361
read-start, 3, 13, 1653281364, 137773447, 7082299
circular-read-total, 3, 12, 13777344700, 36100, 113127
read-start, 6, 13, 1653281364, 137773447, 7085918
circular-read-total, 6, 12, 13777344700, 54524, 117597
read-wait, 5, 13, 18880
read, 5, 13, 1653281364, 137773447, 344857
circular-read-start, 5, 13, 13777344700, 7424734
read-wait, 7, 13, 347274
read, 7, 13, 1653281364, 137773447, 347274
circular-read-start, 7, 13, 13777344700, 7425358
read-wait, 6, 13, 339457
read, 6, 13, 1653281364, 137773447, 441273
circular-read-start, 6, 13, 13777344700, 7527191
read-wait, 8, 13, 454295
read, 8, 13, 1653281364, 137773447, 454295
circular-read-start, 8, 13, 13777344700, 7528169
read-wait, 4, 13, 452674
read, 4, 13, 1653281364, 137773447, 452674
circular-read-start, 4, 13, 13777344700, 7528248
read-wait, 3, 13, 446033
read, 3, 13, 1653281364, 137773447, 446033
circular-read-start, 3, 13, 13777344700, 7528333
read-start, 8, 14, 1791054811, 137773447, 7628953
circular-read-total, 8, 13, 13777344700, 40277, 100867
read-start, 7, 14, 1791054811, 137773447, 7631265
circular-read-total, 7, 13, 13777344700, 18592, 205908
read-start, 4, 14, 1791054811, 137773447, 7631280
circular-read-total, 4, 13, 13777344700, 42481, 103036
read-start, 5, 14, 1791054811, 137773447, 7633338
circular-read-total, 5, 13, 13777344700, 26071, 208607
read-start, 3, 14, 1791054811, 137773447, 7635205
circular-read-total, 3, 13, 13777344700, 37866, 106873
read-start, 6, 14, 1791054811, 137773447, 7635944
circular-read-total, 6, 13, 13777344700, 48784, 108753
read-wait, 5, 14, 17277
read, 5, 14, 1791054811, 137773447, 343789
circular-read-start, 5, 14, 13777344700, 7977127
read-wait, 7, 14, 346484
read, 7, 14, 1791054811, 137773447, 346484
circular-read-start, 7, 14, 13777344700, 7977751
read-wait, 6, 14, 341870
read, 6, 14, 1791054811, 137773447, 439333
circular-read-start, 6, 14, 13777344700, 8075282
read-wait, 8, 14, 447025
read, 8, 14, 1791054811, 137773447, 447026
circular-read-start, 8, 14, 13777344700, 8075979
read-wait, 4, 14, 444749
read, 4, 14, 1791054811, 137773447, 444749
circular-read-start, 4, 14, 13777344700, 8076030
read-wait, 3, 14, 440939
read, 3, 14, 1791054811, 137773447, 440939
circular-read-start, 3, 14, 13777344700, 8076147
read-start, 8, 15, 1928828258, 137773447, 8180666
circular-read-total, 8, 14, 13777344700, 41623, 104694
read-start, 6, 15, 1928828258, 137773447, 8182883
circular-read-total, 6, 14, 13777344700, 47211, 107601
read-start, 4, 15, 1928828258, 137773447, 8187544
circular-read-total, 4, 14, 13777344700, 41244, 111514
read-start, 7, 15, 1928828258, 137773447, 8187681
circular-read-total, 7, 14, 13777344700, 25408, 209931
read-start, 5, 15, 1928828258, 137773447, 8189268
circular-read-total, 5, 14, 13777344700, 25989, 212144
read-start, 3, 15, 1928828258, 137773447, 8191781
circular-read-total, 3, 14, 13777344700, 35881, 115637
read-wait, 7, 15, 19514
read, 7, 15, 1928828258, 137773447, 337320
circular-read-start, 7, 15, 13777344700, 8525002
read-wait, 5, 15, 336183
read, 5, 15, 1928828258, 137773447, 343225
circular-read-start, 5, 15, 13777344700, 8532494
read-wait, 8, 15, 352442
read, 8, 15, 1928828258, 137773447, 352442
circular-read-start, 8, 15, 13777344700, 8533108
read-wait, 6, 15, 350257
read, 6, 15, 1928828258, 137773447, 450561
circular-read-start, 6, 15, 13777344700, 8633449
read-wait, 4, 15, 446589
read, 4, 15, 1928828258, 137773447, 446590
circular-read-start, 4, 15, 13777344700, 8634134
read-wait, 3, 15, 442370
read, 3, 15, 1928828258, 137773447, 442370
circular-read-start, 3, 15, 13777344700, 8634151
read-start, 8, 16, 2066601705, 137773447, 8730564
circular-read-total, 8, 15, 13777344700, 28109, 197456
read-start, 7, 16, 2066601705, 137773447, 8734216
circular-read-total, 7, 15, 13777344700, 21981, 209227
read-start, 3, 16, 2066601705, 137773447, 8738108
circular-read-total, 3, 15, 13777344700, 24656, 103970
read-start, 4, 16, 2066601705, 137773447, 8738465
circular-read-total, 4, 15, 13777344700, 35688, 104339
read-start, 5, 16, 2066601705, 137773447, 8740386
circular-read-total, 5, 15, 13777344700, 24865, 207891
read-start, 6, 16, 2066601705, 137773447, 8745670
circular-read-total, 6, 15, 13777344700, 52764, 112228
read-wait, 6, 16, 12490
read, 6, 16, 2066601705, 137773447, 456904
circular-read-start, 6, 16, 13777344700, 9202575
read-wait, 7, 16, 469513
read, 7, 16, 2066601705, 137773447, 469513
circular-read-start, 7, 16, 13777344700, 9203730
read-wait, 8, 16, 473207
read, 8, 16, 2066601705, 137773447, 473207
circular-read-start, 8, 16, 13777344700, 9203772
read-wait, 5, 16, 463403
read, 5, 16, 2066601705, 137773447, 463405
circular-read-start, 5, 16, 13777344700, 9203792
read-wait, 4, 16, 465422
read, 4, 16, 2066601705, 137773447, 465422
circular-read-start, 4, 16, 13777344700, 9203887
read-wait, 3, 16, 465804
read, 3, 16, 2066601705, 137773447, 465804
circular-read-start, 3, 16, 13777344700, 9203912
read-start, 8, 17, 2204375152, 128958181, 9295927
circular-read-total, 8, 16, 13777344700, 60357, 92156
read-start, 5, 17, 2204375152, 128958181, 9297314
circular-read-total, 5, 16, 13777344700, 53528, 93522
read-start, 4, 17, 2204375152, 128958181, 9298129
circular-read-total, 4, 16, 13777344700, 59256, 94253
read-start, 7, 17, 2204375152, 128958181, 9298881
circular-read-total, 7, 16, 13777344700, 55118, 95151
read-start, 3, 17, 2204375152, 128958181, 9300958
circular-read-total, 3, 16, 13777344700, 49789, 97046
read-start, 6, 17, 2204375152, 128958181, 9303486
circular-read-total, 6, 16, 13777344700, 70861, 100911
read-wait, 8, 17, 14653
read, 8, 17, 2204375152, 128958181, 321116
circular-read-start, 8, 17, 12895818100, 9617045
read-wait, 5, 17, 320056
read, 5, 17, 2204375152, 128958181, 337666
circular-read-start, 5, 17, 12895818100, 9634983
read-wait, 7, 17, 337128
read, 7, 17, 2204375152, 128958181, 337128
circular-read-start, 7, 17, 12895818100, 9636010
read-wait, 6, 17, 332557
read, 6, 17, 2204375152, 128958181, 446289
circular-read-start, 6, 17, 12895818100, 9749776
read-wait, 4, 17, 452328
read, 4, 17, 2204375152, 128958181, 452328
circular-read-start, 4, 17, 12895818100, 9750458
read-wait, 3, 17, 449549
read, 3, 17, 2204375152, 128958181, 449550
circular-read-start, 3, 17, 12895818100, 9750509
circular-read-total, 8, 17, 12895818100, 20256, 222620
circular-read-total, 7, 17, 12895818100, 21867, 211422
circular-read-total, 5, 17, 12895818100, 23787, 213381
circular-read-total, 4, 17, 12895818100, 31322, 97922
circular-read-total, 3, 17, 12895818100, 28699, 98577
circular-read-total, 6, 17, 12895818100, 58685, 110633

cmd-read, 9873234
