# Thu Oct 22 12:48:37 PDT 2015
record-value, 112
seek-chunk, 137773447
file, 4, 1400000000

read-start, 1, 0, 137773447, 32567
circular-read-start, 4, 1, 140000000000, 33584
circular-read-total, 4, 1, 140000000000, 190621, 204780
linear-scan, 205569
-sort , 33062, 48
-merge, 21943, 48
-last , 787
read, 1, 137773447, 206586
network, 1, 128796

read-start, 2, 137773447, 137773447, 367982
circular-read-start, 4, 2, 140000000000, 368319
circular-read-total, 4, 2, 140000000000, 190784, 213145
linear-scan, 213566
-sort , 31998, 47
-merge, 21638, 47
-last , 419
read, 2, 137773447, 213904
network, 2, 112214

read-start, 3, 275546894, 137773447, 694151
circular-read-start, 4, 3, 140000000000, 694473
circular-read-total, 4, 3, 140000000000, 190065, 207244
linear-scan, 207887
-sort , 30787, 45
-merge, 20746, 45
-last , 641
read, 3, 137773447, 208209
network, 3, 98855

read-start, 4, 413320341, 137773447, 1001252
circular-read-start, 4, 4, 140000000000, 1001570
circular-read-total, 4, 4, 140000000000, 191996, 204515
linear-scan, 205256
-sort , 29865, 43
-merge, 20331, 43
-last , 739
read, 4, 137773447, 205573
network, 4, 89785

read-start, 5, 551093788, 137773447, 1296662
circular-read-start, 4, 5, 140000000000, 1296966
circular-read-total, 4, 5, 140000000000, 191869, 199550
linear-scan, 200150
-sort , 28382, 41
-merge, 19377, 41
-last , 598
read, 5, 137773447, 200454
network, 5, 99082

read-start, 6, 688867235, 137773447, 1596216
circular-read-start, 4, 6, 140000000000, 1596548
circular-read-total, 4, 6, 140000000000, 191806, 199545
linear-scan, 200506
-sort , 26515, 38
-merge, 18430, 38
-last , 959
read, 6, 137773447, 200838
network, 6, 85740

read-start, 7, 826640682, 137773447, 1882833
circular-read-start, 4, 7, 140000000000, 1883158
circular-read-total, 4, 7, 140000000000, 191298, 199043
linear-scan, 199885
-sort , 24668, 35
-merge, 16964, 35
-last , 840
read, 7, 137773447, 200209
network, 7, 97229

read-start, 8, 964414129, 137773447, 2180308
circular-read-start, 4, 8, 140000000000, 2180640
circular-read-total, 4, 8, 140000000000, 191271, 198976
linear-scan, 199854
-sort , 22026, 31
-merge, 15393, 31
-last , 876
read, 8, 137773447, 200185
network, 8, 96505

read-start, 9, 1102187576, 137773447, 2477020
circular-read-start, 4, 9, 140000000000, 2477351
circular-read-total, 4, 9, 140000000000, 190813, 198761
linear-scan, 199225
-sort , 17802, 26
-merge, 13028, 26
-last , 462
read, 9, 137773447, 199556
network, 9, 95246

read-start, 10, 1239961023, 137773447, 2771855
circular-read-start, 4, 10, 140000000000, 2772192
circular-read-total, 4, 10, 140000000000, 190812, 198761
linear-scan, 199226
-sort , 9939, 17
-merge, 8439, 17
-last , 464
read, 10, 137773447, 199564
network, 10, 103123

read-start, 11, 1377734470, 22265530, 3074562
circular-read-start, 4, 11, 140000000000, 3074615
circular-read-total, 4, 11, 140000000000, 190941, 198941
linear-scan, 199004
-sort , 1366, 8
-merge, 673, 8
-last , 62
read, 11, 22265530, 199057
network, 11, 17234

exit, 3297724
# Thu Oct 22 14:34:32 PDT 2015
record-value, 112
seek-chunk, 137773447
file, 4, 1750000000

read-start, 1, 0, 137773447, 22342
circular-read-start, 4, 1, 175000000000, 25761
circular-read-total, 4, 1, 175000000000, 252394, 293271
linear-scan, 294359
-sort , 39540, 51
-merge, 27193, 51
-last , 1083
read, 1, 137773447, 297778
network, 1, 151129

read-start, 2, 137773447, 137773447, 471308
circular-read-start, 4, 2, 175000000000, 472577
circular-read-total, 4, 2, 175000000000, 252324, 303100
linear-scan, 304015
-sort , 38553, 50
-merge, 28217, 50
-last , 911
read, 2, 137773447, 305284
network, 2, 195411

read-start, 3, 275546894, 137773447, 972033
circular-read-start, 4, 3, 175000000000, 973325
circular-read-total, 4, 3, 175000000000, 245718, 287180
linear-scan, 287826
-sort , 35283, 49
-merge, 25619, 49
-last , 643
read, 3, 137773447, 289119
network, 3, 190499

read-start, 4, 413320341, 137773447, 1451681
circular-read-start, 4, 4, 175000000000, 1452918
circular-read-total, 4, 4, 175000000000, 244739, 282883
linear-scan, 283924
-sort , 34173, 47
-merge, 24947, 47
-last , 1038
read, 4, 137773447, 285162
network, 4, 165555

read-start, 5, 551093788, 137773447, 1902479
circular-read-start, 4, 5, 175000000000, 1903660
circular-read-total, 4, 5, 175000000000, 248047, 277747
linear-scan, 278382
-sort , 34495, 46
-merge, 24987, 46
-last , 633
read, 5, 137773447, 279564
network, 5, 216430

read-start, 6, 688867235, 137773447, 2398550
circular-read-start, 4, 6, 175000000000, 2399877
circular-read-total, 4, 6, 175000000000, 246998, 273686
linear-scan, 274531
-sort , 32209, 44
-merge, 23750, 44
-last , 842
read, 6, 137773447, 275859
network, 6, 176389

read-start, 7, 826640682, 137773447, 2850870
circular-read-start, 4, 7, 175000000000, 2852225
circular-read-total, 4, 7, 175000000000, 248457, 267144
linear-scan, 267957
-sort , 31351, 42
-merge, 23016, 42
-last , 811
read, 7, 137773447, 269313
network, 7, 196646

read-start, 8, 964414129, 137773447, 3316883
circular-read-start, 4, 8, 175000000000, 3318459
circular-read-total, 4, 8, 175000000000, 247599, 267262
linear-scan, 267814
-sort , 31511, 40
-merge, 23813, 40
-last , 549
read, 8, 137773447, 269392
network, 8, 218089

read-start, 9, 1102187576, 137773447, 3804370
circular-read-start, 4, 9, 175000000000, 3805846
circular-read-total, 4, 9, 175000000000, 248444, 257850
linear-scan, 258554
-sort , 27884, 37
-merge, 22020, 37
-last , 701
read, 9, 137773447, 260030
network, 9, 224764

read-start, 10, 1239961023, 137773447, 4289192
circular-read-start, 4, 10, 175000000000, 4290574
circular-read-total, 4, 10, 175000000000, 249801, 259016
linear-scan, 260200
-sort , 25520, 33
-merge, 20128, 33
-last , 1181
read, 10, 137773447, 261582
network, 10, 218209

read-start, 11, 1377734470, 137773447, 4769026
circular-read-start, 4, 11, 175000000000, 4770358
circular-read-total, 4, 11, 175000000000, 247553, 256986
linear-scan, 257679
-sort , 22083, 29
-merge, 17989, 29
-last , 690
read, 11, 137773447, 259012
network, 11, 225366

read-start, 12, 1515507917, 137773447, 5253458
circular-read-start, 4, 12, 175000000000, 5254758
circular-read-total, 4, 12, 175000000000, 246003, 255453
linear-scan, 256369
-sort , 16857, 22
-merge, 15161, 22
-last , 912
read, 12, 137773447, 257670
network, 12, 199719

read-start, 13, 1653281364, 96718636, 5710871
circular-read-start, 4, 13, 175000000000, 5711798
circular-read-total, 4, 13, 175000000000, 244943, 254539
linear-scan, 255809
-sort , 7532, 14
-merge, 8845, 14
-last , 1265
read, 13, 96718636, 256736
network, 13, 163357

exit, 6177902
# Thu Oct 22 16:39:14 PDT 2015
record-value, 112
seek-chunk, 137773447
file, 4, 2333333333

read-start, 1, 0, 137773447, 12320
circular-read-start, 4, 1, 233333333300, 15551
circular-read-total, 4, 1, 233333333300, 329650, 371438
linear-scan, 372505
-sort , 40582, 56
-merge, 29913, 56
-last , 346
read, 1, 137773447, 375735
network, 1, 202258

read-start, 2, 137773447, 137773447, 590404
circular-read-start, 4, 2, 233333333300, 591698
circular-read-total, 4, 2, 233333333300, 326402, 380433
linear-scan, 380862
-sort , 39171, 55
-merge, 29375, 55
-last , 427
read, 2, 137773447, 382157
network, 2, 269074

read-start, 3, 275546894, 137773447, 1241671
circular-read-start, 4, 3, 233333333300, 1243028
circular-read-total, 4, 3, 233333333300, 324821, 372501
linear-scan, 372998
-sort , 37840, 54
-merge, 28306, 54
-last , 494
read, 3, 137773447, 374355
network, 3, 228111

read-start, 4, 413320341, 137773447, 1844153
circular-read-start, 4, 4, 233333333300, 1845562
circular-read-total, 4, 4, 233333333300, 326905, 370464
linear-scan, 370966
-sort , 37943, 53
-merge, 28241, 53
-last , 499
read, 4, 137773447, 372375
network, 4, 218056

read-start, 5, 551093788, 137773447, 2434610
circular-read-start, 4, 5, 233333333300, 2435903
circular-read-total, 4, 5, 233333333300, 324482, 366612
linear-scan, 367403
-sort , 36386, 52
-merge, 27816, 52
-last , 420
read, 5, 137773447, 368697
network, 5, 227259

read-start, 6, 688867235, 137773447, 3030589
circular-read-start, 4, 6, 233333333300, 3031687
circular-read-total, 4, 6, 233333333300, 323677, 362284
linear-scan, 363894
-sort , 36087, 50
-merge, 27381, 50
-last , 1605
read, 6, 137773447, 364992
network, 6, 226619

read-start, 7, 826640682, 137773447, 3622229
circular-read-start, 4, 7, 233333333300, 3623310
circular-read-total, 4, 7, 233333333300, 324867, 359553
linear-scan, 360478
-sort , 35249, 49
-merge, 26585, 49
-last , 923
read, 7, 137773447, 361560
network, 7, 241344

read-start, 8, 964414129, 137773447, 4225156
circular-read-start, 4, 8, 233333333300, 4226575
circular-read-total, 4, 8, 233333333300, 330693, 364014
linear-scan, 364621
-sort , 35502, 48
-merge, 27226, 48
-last , 604
read, 8, 137773447, 366041
network, 8, 213530

read-start, 9, 1102187576, 137773447, 4804740
circular-read-start, 4, 9, 233333333300, 4806046
circular-read-total, 4, 9, 233333333300, 329636, 358290
linear-scan, 359288
-sort , 34368, 46
-merge, 26153, 46
-last , 994
read, 9, 137773447, 360595
network, 9, 212514

read-start, 10, 1239961023, 137773447, 5377887
circular-read-start, 4, 10, 233333333300, 5379248
circular-read-total, 4, 10, 233333333300, 329119, 352568
linear-scan, 353455
-sort , 33058, 45
-merge, 25184, 45
-last , 349
read, 10, 137773447, 354817
network, 10, 216219

read-start, 11, 1377734470, 137773447, 5948935
circular-read-start, 4, 11, 233333333300, 5950198
circular-read-total, 4, 11, 233333333300, 329709, 342334
linear-scan, 343114
-sort , 31992, 43
-merge, 24850, 43
-last , 383
read, 11, 137773447, 344378
network, 11, 227933

read-start, 12, 1515507917, 137773447, 6521269
circular-read-start, 4, 12, 233333333300, 6522645
circular-read-total, 4, 12, 233333333300, 330281, 343067
linear-scan, 344124
-sort , 30492, 40
-merge, 23449, 40
-last , 1054
read, 12, 137773447, 345501
network, 12, 225314

read-start, 13, 1653281364, 137773447, 7092133
circular-read-start, 4, 13, 233333333300, 7093508
circular-read-total, 4, 13, 233333333300, 330449, 343021
linear-scan, 343476
-sort , 28526, 38
-merge, 23416, 38
-last , 453
read, 13, 137773447, 344852
network, 13, 208597

read-start, 14, 1791054811, 137773447, 7645596
circular-read-start, 4, 14, 233333333300, 7646981
circular-read-total, 4, 14, 233333333300, 328870, 341316
linear-scan, 342393
-sort , 26144, 34
-merge, 20885, 34
-last , 1074
read, 14, 137773447, 343779
network, 14, 212135

read-start, 15, 1928828258, 137773447, 8201527
circular-read-start, 4, 15, 233333333300, 8202800
circular-read-total, 4, 15, 233333333300, 328595, 341101
linear-scan, 341950
-sort , 22941, 30
-merge, 18939, 30
-last , 846
read, 15, 137773447, 343224
network, 15, 207858

read-start, 16, 2066601705, 137773447, 8752645
circular-read-start, 4, 16, 233333333300, 8753963
circular-read-total, 4, 16, 233333333300, 322885, 335880
linear-scan, 336612
-sort , 17392, 24
-merge, 16713, 24
-last , 730
read, 16, 137773447, 337931
network, 16, 218981

read-start, 17, 2204375152, 128958181, 9309572
circular-read-start, 4, 17, 233333333300, 9310648
circular-read-total, 4, 17, 233333333300, 321864, 334785
linear-scan, 336585
-sort , 9284, 15
-merge, 11607, 15
-last , 284
read, 17, 128958181, 337662
network, 17, 213356

exit, 9885552
