# Thu Oct 22 12:48:37 PDT 2015
record-value, 112
seek-chunk, 137773447
file, 4, 1400000000

read-start, 1, 0, 137773447, 24954
circular-read-start, 4, 1, 140000000000, 26123
circular-read-total, 4, 1, 140000000000, 229700, 241709
linear-scan, 242616
-sort , 42050, 48
-merge, 28279, 48
-last , 904
read, 1, 137773447, 243784
network, 1, 88844

read-start, 2, 137773447, 137773447, 357606
circular-read-start, 4, 2, 140000000000, 357958
circular-read-total, 4, 2, 140000000000, 216235, 239405
linear-scan, 239814
-sort , 37450, 47
-merge, 26196, 47
-last , 408
read, 2, 137773447, 240165
network, 2, 83195

read-start, 3, 275546894, 137773447, 680997
circular-read-start, 4, 3, 140000000000, 681321
circular-read-total, 4, 3, 140000000000, 188653, 206408
linear-scan, 207055
-sort , 31522, 45
-merge, 20382, 45
-last , 645
read, 3, 137773447, 207379
network, 3, 97305

read-start, 4, 413320341, 137773447, 985714
circular-read-start, 4, 4, 140000000000, 986040
circular-read-total, 4, 4, 140000000000, 188289, 203568
linear-scan, 204323
-sort , 31244, 43
-merge, 20172, 43
-last , 754
read, 4, 137773447, 204649
network, 4, 99528

read-start, 5, 551093788, 137773447, 1289909
circular-read-start, 4, 5, 140000000000, 1290237
circular-read-total, 4, 5, 140000000000, 188494, 199947
linear-scan, 200529
-sort , 29794, 41
-merge, 19602, 41
-last , 580
read, 5, 137773447, 200857
network, 5, 90671

read-start, 6, 688867235, 137773447, 1581466
circular-read-start, 4, 6, 140000000000, 1581790
circular-read-total, 4, 6, 140000000000, 191216, 199845
linear-scan, 200784
-sort , 27690, 38
-merge, 18461, 38
-last , 937
read, 6, 137773447, 201108
network, 6, 92670

read-start, 7, 826640682, 137773447, 1875277
circular-read-start, 4, 7, 140000000000, 1875605
circular-read-total, 4, 7, 140000000000, 188249, 196925
linear-scan, 197777
-sort , 25237, 35
-merge, 16692, 35
-last , 851
read, 7, 137773447, 198105
network, 7, 93036

read-start, 8, 964414129, 137773447, 2166441
circular-read-start, 4, 8, 140000000000, 2166765
circular-read-total, 4, 8, 140000000000, 191964, 200526
linear-scan, 201451
-sort , 21859, 31
-merge, 14953, 31
-last , 923
read, 8, 137773447, 201774
network, 8, 90563

read-start, 9, 1102187576, 137773447, 2458818
circular-read-start, 4, 9, 140000000000, 2459158
circular-read-total, 4, 9, 140000000000, 209333, 217353
linear-scan, 217903
-sort , 21180, 26
-merge, 14476, 26
-last , 548
read, 9, 137773447, 218243
network, 9, 85983

read-start, 10, 1239961023, 137773447, 2763071
circular-read-start, 4, 10, 140000000000, 2763420
circular-read-total, 4, 10, 140000000000, 203334, 211258
linear-scan, 211736
-sort , 12948, 17
-merge, 9999, 17
-last , 476
read, 10, 137773447, 212084
network, 10, 92082

read-start, 11, 1377734470, 22265530, 3067264
circular-read-start, 4, 11, 140000000000, 3067319
circular-read-total, 4, 11, 140000000000, 196819, 204732
linear-scan, 204801
-sort , 1742, 8
-merge, 776, 8
-last , 68
read, 11, 22265530, 204856
network, 11, 9067

exit, 3290112
# Thu Oct 22 14:34:32 PDT 2015
record-value, 112
seek-chunk, 137773447
file, 4, 1750000000

read-start, 1, 0, 137773447, 17972
circular-read-start, 4, 1, 175000000000, 20705
circular-read-total, 4, 1, 175000000000, 265058, 303409
linear-scan, 304529
-sort , 41577, 51
-merge, 28109, 51
-last , 1118
read, 1, 137773447, 307262
network, 1, 133053

read-start, 2, 137773447, 137773447, 458353
circular-read-start, 4, 2, 175000000000, 459507
circular-read-total, 4, 2, 175000000000, 264016, 311394
linear-scan, 312258
-sort , 40471, 50
-merge, 29186, 50
-last , 862
read, 2, 137773447, 313413
network, 2, 214125

read-start, 3, 275546894, 137773447, 985959
circular-read-start, 4, 3, 175000000000, 987153
circular-read-total, 4, 3, 175000000000, 263216, 308622
linear-scan, 309564
-sort , 38517, 49
-merge, 28767, 49
-last , 939
read, 3, 137773447, 310758
network, 3, 149744

read-start, 4, 413320341, 137773447, 1446500
circular-read-start, 4, 4, 175000000000, 1447631
circular-read-total, 4, 4, 175000000000, 262857, 302969
linear-scan, 304124
-sort , 37632, 47
-merge, 26334, 47
-last , 1152
read, 4, 137773447, 305256
network, 4, 146892

read-start, 5, 551093788, 137773447, 1898684
circular-read-start, 4, 5, 175000000000, 1899772
circular-read-total, 4, 5, 175000000000, 261465, 295891
linear-scan, 296577
-sort , 36921, 46
-merge, 26400, 46
-last , 684
read, 5, 137773447, 297666
network, 5, 204540

read-start, 6, 688867235, 137773447, 2400968
circular-read-start, 4, 6, 175000000000, 2402058
circular-read-total, 4, 6, 175000000000, 262211, 290704
linear-scan, 291536
-sort , 36245, 44
-merge, 25680, 44
-last , 830
read, 6, 137773447, 292626
network, 6, 152427

read-start, 7, 826640682, 137773447, 2846050
circular-read-start, 4, 7, 175000000000, 2847178
circular-read-total, 4, 7, 175000000000, 243281, 268733
linear-scan, 269564
-sort , 31414, 42
-merge, 23637, 42
-last , 829
read, 7, 137773447, 270692
network, 7, 203519

read-start, 8, 964414129, 137773447, 3320283
circular-read-start, 4, 8, 175000000000, 3321342
circular-read-total, 4, 8, 175000000000, 235553, 250750
linear-scan, 251428
-sort , 28951, 40
-merge, 21949, 40
-last , 675
read, 8, 137773447, 252487
network, 8, 232750

read-start, 9, 1102187576, 137773447, 3805561
circular-read-start, 4, 9, 175000000000, 3806600
circular-read-total, 4, 9, 175000000000, 235796, 247087
linear-scan, 248126
-sort , 26759, 37
-merge, 20940, 37
-last , 1037
read, 9, 137773447, 249165
network, 9, 250466

read-start, 10, 1239961023, 137773447, 4305243
circular-read-start, 4, 10, 175000000000, 4306646
circular-read-total, 4, 10, 175000000000, 244760, 254626
linear-scan, 255766
-sort , 24126, 33
-merge, 20765, 33
-last , 1137
read, 10, 137773447, 257169
network, 10, 203228

read-start, 11, 1377734470, 137773447, 4765667
circular-read-start, 4, 11, 175000000000, 4767250
circular-read-total, 4, 11, 175000000000, 247371, 256800
linear-scan, 257470
-sort , 21051, 29
-merge, 20219, 29
-last , 668
read, 11, 137773447, 259054
network, 11, 220376

read-start, 12, 1515507917, 137773447, 5245119
circular-read-start, 4, 12, 175000000000, 5246250
circular-read-total, 4, 12, 175000000000, 242801, 253027
linear-scan, 254146
-sort , 15841, 22
-merge, 15909, 22
-last , 1116
read, 12, 137773447, 255277
network, 12, 197879

read-start, 13, 1653281364, 96718636, 5698319
circular-read-start, 4, 13, 175000000000, 5699095
circular-read-total, 4, 13, 175000000000, 235613, 246992
linear-scan, 247628
-sort , 5796, 14
-merge, 6970, 14
-last , 633
read, 13, 96718636, 248403
network, 13, 172849

exit, 6173532
# Thu Oct 22 16:39:14 PDT 2015
record-value, 112
seek-chunk, 137773447
file, 4, 2333333333

read-start, 1, 0, 137773447, 8779
circular-read-start, 4, 1, 233333333300, 11461
circular-read-total, 4, 1, 233333333300, 315059, 352263
linear-scan, 353127
-sort , 37683, 56
-merge, 27005, 56
-last , 266
read, 1, 137773447, 355809
network, 1, 217691

read-start, 2, 137773447, 137773447, 582364
circular-read-start, 4, 2, 233333333300, 583457
circular-read-total, 4, 2, 233333333300, 314033, 362464
linear-scan, 362888
-sort , 36483, 55
-merge, 27114, 55
-last , 422
read, 2, 137773447, 363982
network, 2, 290703

read-start, 3, 275546894, 137773447, 1237109
circular-read-start, 4, 3, 233333333300, 1238175
circular-read-total, 4, 3, 233333333300, 314054, 361225
linear-scan, 361718
-sort , 35967, 54
-merge, 26685, 54
-last , 490
read, 3, 137773447, 362784
network, 3, 235164

read-start, 4, 413320341, 137773447, 1835098
circular-read-start, 4, 4, 233333333300, 1836158
circular-read-total, 4, 4, 233333333300, 328879, 373916
linear-scan, 374441
-sort , 37645, 53
-merge, 28463, 53
-last , 521
read, 4, 137773447, 375502
network, 4, 220524

read-start, 5, 551093788, 137773447, 2431138
circular-read-start, 4, 5, 233333333300, 2432312
circular-read-total, 4, 5, 233333333300, 347303, 392883
linear-scan, 393325
-sort , 42426, 52
-merge, 30930, 52
-last , 440
read, 5, 137773447, 394499
network, 5, 203480

read-start, 6, 688867235, 137773447, 3029167
circular-read-start, 4, 6, 233333333300, 3030377
circular-read-total, 4, 6, 233333333300, 350251, 392226
linear-scan, 393484
-sort , 40884, 50
-merge, 29652, 50
-last , 1256
read, 6, 137773447, 394694
network, 6, 200654

read-start, 7, 826640682, 137773447, 3624524
circular-read-start, 4, 7, 233333333300, 3625811
circular-read-total, 4, 7, 233333333300, 346763, 385639
linear-scan, 386630
-sort , 39892, 49
-merge, 29769, 49
-last , 988
read, 7, 137773447, 387918
network, 7, 204389

read-start, 8, 964414129, 137773447, 4216857
circular-read-start, 4, 8, 233333333300, 4218042
circular-read-total, 4, 8, 233333333300, 348949, 383241
linear-scan, 383916
-sort , 39157, 48
-merge, 29482, 48
-last , 672
read, 8, 137773447, 385101
network, 8, 197295

read-start, 9, 1102187576, 137773447, 4799263
circular-read-start, 4, 9, 233333333300, 4800393
circular-read-total, 4, 9, 233333333300, 350292, 376558
linear-scan, 377474
-sort , 38434, 46
-merge, 28345, 46
-last , 914
read, 9, 137773447, 378604
network, 9, 200222

read-start, 10, 1239961023, 137773447, 5378117
circular-read-start, 4, 10, 233333333300, 5379296
circular-read-total, 4, 10, 233333333300, 351553, 372727
linear-scan, 374143
-sort , 37281, 45
-merge, 29062, 45
-last , 394
read, 10, 137773447, 375322
network, 10, 193322

read-start, 11, 1377734470, 137773447, 5946781
circular-read-start, 4, 11, 233333333300, 5947888
circular-read-total, 4, 11, 233333333300, 351454, 365741
linear-scan, 366296
-sort , 35900, 43
-merge, 28820, 43
-last , 399
read, 11, 137773447, 367404
network, 11, 205924

read-start, 12, 1515507917, 137773447, 6520143
circular-read-start, 4, 12, 233333333300, 6521292
circular-read-total, 4, 12, 233333333300, 330839, 346525
linear-scan, 347312
-sort , 31017, 40
-merge, 24768, 40
-last , 785
read, 12, 137773447, 348461
network, 12, 215661

read-start, 13, 1653281364, 137773447, 7084291
circular-read-start, 4, 13, 233333333300, 7085368
circular-read-total, 4, 13, 233333333300, 314461, 329939
linear-scan, 330482
-sort , 26977, 38
-merge, 21766, 38
-last , 541
read, 13, 137773447, 331559
network, 13, 224121

read-start, 14, 1791054811, 137773447, 7639997
circular-read-start, 4, 14, 233333333300, 7641070
circular-read-total, 4, 14, 233333333300, 326841, 340478
linear-scan, 341645
-sort , 25926, 34
-merge, 21355, 34
-last , 1164
read, 14, 137773447, 342718
network, 14, 213529

read-start, 15, 1928828258, 137773447, 8196261
circular-read-start, 4, 15, 233333333300, 8197431
circular-read-total, 4, 15, 233333333300, 343391, 357013
linear-scan, 357842
-sort , 25749, 30
-merge, 21962, 30
-last , 825
read, 15, 137773447, 359011
network, 15, 191890

read-start, 16, 2066601705, 137773447, 8747183
circular-read-start, 4, 16, 233333333300, 8748325
circular-read-total, 4, 16, 233333333300, 332147, 345661
linear-scan, 346539
-sort , 18548, 24
-merge, 17504, 24
-last , 876
read, 16, 137773447, 347682
network, 16, 211958

read-start, 17, 2204375152, 128958181, 9306847
circular-read-start, 4, 17, 233333333300, 9307851
circular-read-total, 4, 17, 233333333300, 313971, 328447
linear-scan, 329522
-sort , 7553, 15
-merge, 10064, 15
-last , 221
read, 17, 128958181, 330527
network, 17, 219709

exit, 9882011
