# 1, 1gb, 50m, true, first
read, 0, 3042
network, 0, 0
cmd-first, 0, 3042
# 1, 1gb, 50m, true, read
size, 0, 0
read, 0, 3050
network, 0, 164
read, 1, 3031
network, 1, 130
read, 2, 3050
network, 2, 129
read, 3, 3165
network, 3, 171
read, 4, 3170
network, 4, 130
read, 5, 3176
network, 5, 132
read, 6, 3153
network, 6, 130
read, 7, 3162
network, 7, 131
read, 8, 3163
network, 8, 130
read, 9, 3184
network, 9, 131
read, 10, 3160
network, 10, 130
read, 11, 3155
network, 11, 141
read, 12, 3184
network, 12, 139
read, 13, 3189
network, 13, 140
read, 14, 3195
network, 14, 139
read, 15, 3214
network, 15, 140
read, 16, 3221
network, 16, 140
read, 17, 3178
network, 17, 131
read, 18, 3186
network, 18, 130
read, 19, 3178
network, 19, 129
cmd-read, 0, 65940
# 1, 1gb, 50m, true, write
size, 0, 0
read, 0, 3165
network, 0, 163
write, 0, 171
read, 1, 3160
network, 1, 148
write, 1, 174
read, 2, 3155
network, 2, 127
write, 2, 168
read, 3, 3182
network, 3, 123
write, 3, 168
read, 4, 3202
network, 4, 120
write, 4, 167
read, 5, 3177
network, 5, 122
write, 5, 172
read, 6, 3160
network, 6, 119
write, 6, 172
read, 7, 3191
network, 7, 121
write, 7, 168
read, 8, 3048
network, 8, 118
write, 8, 168
read, 9, 3060
network, 9, 121
write, 9, 168
read, 10, 3046
network, 10, 120
write, 10, 175
read, 11, 3058
network, 11, 120
write, 11, 174
read, 12, 3080
network, 12, 117
write, 12, 170
read, 13, 3081
network, 13, 120
write, 13, 170
read, 14, 3080
network, 14, 119
write, 14, 169
read, 15, 3067
network, 15, 121
write, 15, 178
read, 16, 3085
network, 16, 119
write, 16, 171
read, 17, 3075
network, 17, 122
write, 17, 169
read, 18, 3060
network, 18, 119
write, 18, 171
read, 19, 3061
network, 19, 122
write, 19, 170
cmd-write, 0, 64899
