# Sun Oct 18 23:52:54 PDT 2015
# 4, 100, 0, range-10737418
max-chunk, 3, 1, 171511808, 0
chunk-size, 171511808, 6149
disks, 8

size, 3, 2, 250000000, 0
size, 4, 1, 250000000, 0
size, 5, 1, 250000000, 0
size, 6, 1, 250000000, 0


read-start, 3, 1, 0, 171511808, 8
read-start, 4, 1, 0, 171511808, 8
read-start, 5, 1, 0, 171511808, 8
read-start, 6, 1, 0, 171511808, 8
read-wait, 3, 1, 0
read, 3, 1, 0, 171511808, 55129
circular-read-start, 3, 1, 17151180800, 55138
read-wait, 4, 1, 55298
read, 4, 1, 0, 171511808, 55298
circular-read-start, 4, 1, 17151180800, 55307
read-wait, 5, 1, 55300
read, 5, 1, 0, 171511808, 55300
circular-read-start, 5, 1, 17151180800, 55309
read-wait, 6, 1, 55430
read, 6, 1, 0, 171511808, 55430
circular-read-start, 6, 1, 17151180800, 55438

cmd-range, 56596, 10737418
# Mon Oct 19 00:02:07 PDT 2015
# 4, 1000, 0, range-3758096384
max-chunk, 3, 1, 171511808, 0
chunk-size, 171511808, 6149
disks, 8

size, 3, 2, 2500000000, 0
size, 4, 1, 2500000000, 0
size, 5, 1, 2500000000, 0
size, 6, 1, 2500000000, 0


read-start, 3, 1, 0, 171511808, 17
read-start, 4, 1, 0, 171511808, 17
read-start, 5, 1, 0, 171511808, 17
read-start, 6, 1, 0, 171511808, 17
read-wait, 3, 1, 0
read, 3, 1, 0, 171511808, 519392
circular-read-start, 3, 1, 17151180800, 519409
read-wait, 4, 1, 519564
read, 4, 1, 0, 171511808, 519564
circular-read-start, 4, 1, 17151180800, 519582
read-wait, 5, 1, 519566
read, 5, 1, 0, 171511808, 519857
circular-read-start, 5, 1, 17151180800, 519875
read-wait, 6, 1, 520032
read, 6, 1, 0, 171511808, 520032
circular-read-start, 6, 1, 17151180800, 520049
read-start, 4, 2, 171511808, 171511808, 714899
circular-read-total, 4, 1, 17151180800, 108128, 195317
read-start, 3, 2, 171511808, 171511808, 715253
circular-read-total, 3, 1, 17151180800, 92693, 195844
read-start, 5, 2, 171511808, 171511808, 715643
circular-read-total, 5, 1, 17151180800, 83518, 195768
read-start, 6, 2, 171511808, 171511808, 715802
circular-read-total, 6, 1, 17151180800, 79228, 195752
read-wait, 3, 2, 549
read, 3, 2, 171511808, 171511808, 517683
circular-read-start, 3, 2, 17151180800, 1232936
read-wait, 5, 2, 517436
read, 5, 2, 171511808, 171511808, 518914
circular-read-start, 5, 2, 17151180800, 1234557
read-wait, 6, 2, 518894
read, 6, 2, 171511808, 171511808, 518894
circular-read-start, 6, 2, 17151180800, 1234697
read-wait, 4, 2, 519802
read, 4, 2, 171511808, 171511808, 519802
circular-read-start, 4, 2, 17151180800, 1234702
read-start, 3, 3, 343023616, 171511808, 1428772
circular-read-total, 3, 2, 17151180800, 85772, 195835
read-start, 5, 3, 343023616, 171511808, 1430058
circular-read-total, 5, 2, 17151180800, 98659, 195500
read-start, 4, 3, 343023616, 171511808, 1430095
circular-read-total, 4, 2, 17151180800, 102201, 195393
read-wait, 3, 3, 1441
read-start, 6, 3, 343023616, 171511808, 1430271
circular-read-total, 6, 2, 17151180800, 86949, 195574
read, 3, 3, 343023616, 171511808, 518167
circular-read-start, 3, 3, 17151180800, 1946940
read-wait, 5, 3, 517026
read, 5, 3, 343023616, 171511808, 518255
circular-read-start, 5, 3, 17151180800, 1948313
read-wait, 4, 3, 518363
read, 4, 3, 343023616, 171511808, 518363
circular-read-start, 4, 3, 17151180800, 1948459
read-wait, 6, 3, 518190
read, 6, 3, 343023616, 171511808, 518190
circular-read-start, 6, 3, 17151180800, 1948462
read-start, 3, 4, 514535424, 171511808, 2142608
circular-read-total, 3, 3, 17151180800, 90602, 195668
read-start, 4, 4, 514535424, 171511808, 2143785
circular-read-total, 4, 3, 17151180800, 94420, 195325
read-start, 5, 4, 514535424, 171511808, 2143791
circular-read-total, 5, 3, 17151180800, 87357, 195477
read-wait, 3, 4, 1480
read-start, 6, 4, 514535424, 171511808, 2144170
circular-read-total, 6, 3, 17151180800, 64525, 195707
read, 3, 4, 514535424, 171511808, 516905
circular-read-start, 3, 4, 17151180800, 2659514
read-wait, 5, 4, 515867
read, 5, 4, 514535424, 171511808, 518815
circular-read-start, 5, 4, 17151180800, 2662607
read-wait, 4, 4, 518963
read, 4, 4, 514535424, 171511808, 518963
circular-read-start, 4, 4, 17151180800, 2662748
read-wait, 6, 4, 518600
read, 6, 4, 514535424, 171511808, 518600
circular-read-start, 6, 4, 17151180800, 2662770
read-start, 3, 5, 686047232, 171511808, 2855194
circular-read-total, 3, 4, 17151180800, 101745, 195680
read-start, 4, 5, 686047232, 171511808, 2858073
circular-read-total, 4, 4, 17151180800, 91439, 195324
read-start, 5, 5, 686047232, 171511808, 2858380
circular-read-total, 5, 4, 17151180800, 83915, 195773
read-wait, 3, 5, 3292
read-start, 6, 5, 686047232, 171511808, 2858560
circular-read-total, 6, 4, 17151180800, 65570, 195789
read, 3, 5, 686047232, 171511808, 517318
circular-read-start, 3, 5, 17151180800, 3372513
read-wait, 5, 5, 514271
read, 5, 5, 686047232, 171511808, 517843
circular-read-start, 5, 5, 17151180800, 3376224
read-wait, 4, 5, 518298
read, 4, 5, 686047232, 171511808, 518298
circular-read-start, 4, 5, 17151180800, 3376371
read-wait, 6, 5, 517818
read, 6, 5, 686047232, 171511808, 517818
circular-read-start, 6, 5, 17151180800, 3376379
read-start, 3, 6, 857559040, 171511808, 3568407
circular-read-total, 3, 5, 17151180800, 98146, 195894
read-start, 6, 6, 857559040, 171511808, 3571966
circular-read-total, 6, 5, 17151180800, 72240, 195587
read-start, 4, 6, 857559040, 171511808, 3572008
circular-read-total, 4, 5, 17151180800, 84045, 195636
read-wait, 3, 6, 3605
read-start, 5, 6, 857559040, 171511808, 3572114
circular-read-total, 5, 5, 17151180800, 90286, 195889
read, 3, 6, 857559040, 171511808, 517161
circular-read-start, 3, 6, 17151180800, 4085569
read-wait, 5, 6, 513597
read, 5, 6, 857559040, 171511808, 519587
circular-read-start, 5, 6, 17151180800, 4091701
read-wait, 4, 6, 519843
read, 4, 6, 857559040, 171511808, 519843
circular-read-start, 4, 6, 17151180800, 4091852
read-wait, 6, 6, 519897
read, 6, 6, 857559040, 171511808, 519897
circular-read-start, 6, 6, 17151180800, 4091864

cmd-range, 4183680, 3758096384
