# 1, 600, 0, true, read
record-value, 112
chunk-size, 151441929, 52428800
disks, 1
size, 1, 0
recv-size, 1, 1996488704
start-read, 1, 0, 151441929
read, 1, 1328029
recv-read, 1, 0, 151441929
network, 1, 172839
start-read, 2, 151441929, 151441929
read, 2, 1304122
recv-read, 2, 151441929, 151441929
network, 2, 172565
start-read, 3, 302883858, 151441929
read, 3, 1304203
recv-read, 3, 302883858, 151441929
network, 3, 172376
start-read, 4, 454325787, 151441929
read, 4, 1300609
recv-read, 4, 454325787, 151441929
network, 4, 172432
start-read, 5, 605767716, 151441929
read, 5, 1297747
recv-read, 5, 605767716, 151441929
network, 5, 172357
start-read, 6, 757209645, 151441929
read, 6, 1296332
recv-read, 6, 757209645, 151441929
network, 6, 172429
start-read, 7, 908651574, 151441929
read, 7, 1298472
recv-read, 7, 908651574, 151441929
network, 7, 172383
start-read, 8, 1060093503, 151441929
read, 8, 1296346
recv-read, 8, 1060093503, 151441929
network, 8, 172506
start-read, 9, 1211535432, 151441929
read, 9, 1296041
recv-read, 9, 1211535432, 151441929
network, 9, 172558
start-read, 10, 1362977361, 151441929
read, 10, 1296323
recv-read, 10, 1362977361, 151441929
network, 10, 172500
start-read, 11, 1514419290, 151441929
read, 11, 1294741
recv-read, 11, 1514419290, 151441929
network, 11, 172387
start-read, 12, 1665861219, 151441929
read, 12, 1295153
recv-read, 12, 1665861219, 151441929
network, 12, 172312
start-read, 13, 1817303148, 151441929
read, 13, 1295220
recv-read, 13, 1817303148, 151441929
network, 13, 172275
start-read, 14, 1968745077, 151441929
read, 14, 1295484
recv-read, 14, 1968745077, 27743627
network, 14, 28440
cmd-read, 0, 20469195
