# 2, 2, 0.5, false, read
recv-size, 0, 20971520
size, 0, 0
recv-size, 1, 20971520
size, 1, 0
start-read, 0, 0, 5242880
start-read, 1, 0, 5242880
read, 0, 10915
recv-read, 0, 0, 5242880
network, 0, 2734
read, 1, 13650
recv-read, 1, 0, 5242880
network, 1, 6242
start-read, 2, 5242880, 5242880
start-read, 3, 5242880, 5242880
read, 2, 8194
recv-read, 2, 5242880, 5242880
network, 2, 2743
read, 3, 10937
recv-read, 3, 5242880, 5242880
network, 3, 5919
start-read, 4, 10485760, 5242880
start-read, 5, 10485760, 5242880
read, 4, 6006
recv-read, 4, 10485760, 5242880
network, 4, 2683
read, 5, 8689
recv-read, 5, 10485760, 5242880
network, 5, 5871
start-read, 6, 15728640, 5242880
start-read, 7, 15728640, 5242880
read, 6, 1802
recv-read, 6, 15728640, 5242880
network, 6, 2713
read, 7, 4516
recv-read, 7, 15728640, 5242880
network, 7, 5913
start-read, 8, 20971520, 5242880
start-read, 9, 20971520, 5242880
read, 8, 487
recv-read, 8, 20971520, 0
network, 8, 0
read, 9, 522
recv-read, 9, 20971520, 0
network, 9, 0
cmd-read, 0, 72074
