# Tue Oct 20 18:03:06 PDT 2015
start, 0
myid, 2
memory, 32170233856
disks, 1
disk-path, /mnt/b
in-files, 1
file-size, 200000000000
total-size, 200000000000
bucket-size, 15011375100
mybuckets, 14
local-bucket, 2, 0, 0
local-bucket, 7, 1, 0
local-bucket, 12, 2, 0
local-bucket, 17, 3, 0
local-bucket, 22, 4, 0
local-bucket, 27, 5, 0
local-bucket, 32, 6, 0
local-bucket, 37, 7, 0
local-bucket, 42, 8, 0
local-bucket, 47, 9, 0
local-bucket, 52, 10, 0
local-bucket, 57, 11, 0
local-bucket, 62, 12, 0
local-bucket, 67, 13, 0
buckets, 70
bucket, 0, 0
bucket, 1, 1
bucket, 2, 2
bucket, 3, 3
bucket, 4, 4
bucket, 5, 0
bucket, 6, 1
bucket, 7, 2
bucket, 8, 3
bucket, 9, 4
bucket, 10, 0
bucket, 11, 1
bucket, 12, 2
bucket, 13, 3
bucket, 14, 4
bucket, 15, 0
bucket, 16, 1
bucket, 17, 2
bucket, 18, 3
bucket, 19, 4
bucket, 20, 0
bucket, 21, 1
bucket, 22, 2
bucket, 23, 3
bucket, 24, 4
bucket, 25, 0
bucket, 26, 1
bucket, 27, 2
bucket, 28, 3
bucket, 29, 4
bucket, 30, 0
bucket, 31, 1
bucket, 32, 2
bucket, 33, 3
bucket, 34, 4
bucket, 35, 0
bucket, 36, 1
bucket, 37, 2
bucket, 38, 3
bucket, 39, 4
bucket, 40, 0
bucket, 41, 1
bucket, 42, 2
bucket, 43, 3
bucket, 44, 4
bucket, 45, 0
bucket, 46, 1
bucket, 47, 2
bucket, 48, 3
bucket, 49, 4
bucket, 50, 0
bucket, 51, 1
bucket, 52, 2
bucket, 53, 3
bucket, 54, 4
bucket, 55, 0
bucket, 56, 1
bucket, 57, 2
bucket, 58, 3
bucket, 59, 4
bucket, 60, 0
bucket, 61, 1
bucket, 62, 2
bucket, 63, 3
bucket, 64, 4
bucket, 65, 0
bucket, 66, 1
bucket, 67, 2
bucket, 68, 3
bucket, 69, 4
nodes, 5
backend, 172.30.0.76:9000
backend, 172.30.0.77:9000
backend, 172.30.0.75:9000
backend, 172.30.0.78:9000
backend, 172.30.0.132:9000
client, 172.30.0.105:9000
operation, nth-client, 3758096384
phase-one-start, 18
p0, listen, 0.0.0.0:9000
disk, 0, /mnt/b, 14
p1, disk-start, 18
p0, connect, 172.30.0.76:9000
p0, connect, 172.30.0.77:9000
p0, connect, 172.30.0.75:9000
p0, connect, 172.30.0.78:9000
p0, connect, 172.30.0.132:9000
p1, netout-start, 10020
p0, new-connection, 172.30.0.76:57820
p0, new-connection, 172.30.0.132:60379
p0, new-connection, 172.30.0.75:49038
p0, new-connection, 172.30.0.77:56555
p0, new-connection, 172.30.0.78:50749
p1, send-start, 10226
p1, recv-start, 10227
circular-read-start, 3, 1, 200000000000, 10227
circular-read-total, 3, 1, 200000000000, 553240, 1640068
p1, disk-done, 1683066, 1672839
p1, recv-end, 1868294, 1858066
p1, send-end, 1868294, 1858067
p1, netout-done, 1868554, 1858534, 1856101
p1, disk-drained, 1868555, 1868536, 0
p1, disk-write, 1868555, 1868536, 925275
p1, disk-end, 1868555, 1868536
phase-one-end, 1868556, 1858537
phase-two-start, 1868556
sort-disk, 1868556, 0, 14, 5, 1
sending-to-client, 172.30.0.105:9000
send-bucket, 1903036, 2, 14286851900
sent-bucket, 2065472, 2, 162436
send-bucket, 2094326, 7, 14285618600
sent-bucket, 2256390, 7, 162064
send-bucket, 2282776, 12, 14286470300
sent-bucket, 2445080, 12, 162303
send-bucket, 2471480, 17, 14285531100
sent-bucket, 2633987, 17, 162507
send-bucket, 2660163, 22, 14286988500
sent-bucket, 2822400, 22, 162236
sort-disk, 2822461, 0, 21386, 137152, 155959
phase-two-end, 2822461, 953905
finish, 2822461, 2812442
