# 1, 10gb, 1gb, true, read
read, 0, 30026
network, 0, 0
cmd-first, 0, 30026
# 1, 10gb, 1gb, true, read
size, 0, 0
read, 0, 60844
network, 0, 9461
read, 1, 61015
network, 1, 9108
read, 2, 57067
network, 2, 8952
read, 3, 51174
network, 3, 8945
read, 4, 48238
network, 4, 8940
read, 5, 45429
network, 5, 8967
read, 6, 42521
network, 6, 8960
read, 7, 38790
network, 7, 8960
read, 8, 35485
network, 8, 4375
# 1, 10gb, 1gb, true, read
size, 0, 0
read, 0, 60933
network, 0, 9376
write, 0, 3261
read, 1, 60706
network, 1, 9573
write, 1, 3315
read, 2, 55521
network, 2, 9037
write, 2, 3316
read, 3, 51008
network, 3, 9114
write, 3, 3319
read, 4, 48200
network, 4, 9056
write, 4, 3324
read, 5, 45649
network, 5, 9016
write, 5, 3337
read, 6, 42577
network, 6, 8963
write, 6, 3326
read, 7, 38752
network, 7, 9131
write, 7, 3321
read, 8, 35822
network, 8, 9138
write, 8, 3329
read, 9, 30613
network, 9, 9208
write, 9, 3362
cmd-write, 0, 565446
# 1, 10gb, 500mb, true, first
read, 0, 26462
network, 0, 0
cmd-first, 0, 26462
# 1, 10gb, 500mb, true, read
size, 0, 0
read, 0, 60722
network, 0, 2773
read, 1, 60503
network, 1, 2495
read, 2, 57792
network, 2, 2490
read, 3, 54578
network, 3, 2496
read, 4, 51734
network, 4, 2495
read, 5, 48128
network, 5, 2497
read, 6, 45554
network, 6, 2495
read, 7, 42667
network, 7, 2495
read, 8, 41533
network, 8, 2495
read, 9, 40498
network, 9, 2493
read, 10, 39510
network, 10, 2491
read, 11, 38035
network, 11, 2493
read, 12, 37035
network, 12, 2488
read, 13, 35734
network, 13, 2493
read, 14, 34753
network, 14, 2488
read, 15, 33772
network, 15, 2627
read, 16, 32638
network, 16, 2666
read, 17, 31138
network, 17, 2658
read, 18, 29789
network, 18, 2620
read, 19, 28176
network, 19, 2595
# 1, 10gb, 500mb, true, write
size, 0, 0
read, 0, 58616
network, 0, 2959
write, 0, 1659
read, 1, 59140
network, 1, 2772
write, 1, 1639
read, 2, 56280
network, 2, 2493
write, 2, 1653
read, 3, 53461
network, 3, 2493
write, 3, 1651
read, 4, 50174
network, 4, 2500
write, 4, 1664
read, 5, 47458
network, 5, 2499
write, 5, 1655
read, 6, 44263
network, 6, 2494
write, 6, 1661
read, 7, 42400
network, 7, 2498
write, 7, 1656
read, 8, 41363
network, 8, 2494
write, 8, 1663
read, 9, 40272
network, 9, 2494
write, 9, 1664
read, 10, 39245
network, 10, 2494
write, 10, 1657
read, 11, 37878
network, 11, 2493
write, 11, 1663
read, 12, 37139
network, 12, 2493
write, 12, 1659
read, 13, 35898
network, 13, 2498
write, 13, 1670
read, 14, 34516
network, 14, 2499
write, 14, 1669
read, 15, 33828
network, 15, 2500
write, 15, 1657
read, 16, 32594
network, 16, 2497
write, 16, 1667
read, 17, 31185
network, 17, 2494
write, 17, 1657
read, 18, 29728
network, 18, 2494
write, 18, 1667
read, 19, 28156
network, 19, 2495
write, 19, 1668
cmd-write, 0, 887496
