# i2.xlarge
# Sun Aug  2 17:33:17 PDT 2015
# 1, 1gb, 100m, false, first
read, 0, 3449
network, 0, 0
cmd-first, 0, 3449
# 1, 1gb, 100m, false, first
read, 0, 3432
network, 0, 0
cmd-first, 0, 3432
# 1, 1gb, 100m, false, first
read, 0, 3425
network, 0, 0
cmd-first, 0, 3425
# 1, 1gb, 100m, false, first
read, 0, 2890
network, 0, 0
read, 1, 3347
network, 1, 0
cmd-first, 0, 3347
# 1, 1gb, 100m, false, first
read, 0, 2782
network, 0, 0
read, 1, 3118
network, 1, 0
cmd-first, 0, 3118
# 1, 1gb, 100m, false, first
read, 0, 2823
network, 0, 0
read, 1, 3212
network, 1, 0
cmd-first, 0, 3212
# 1, 1gb, 100m, false, read
size, 0, 0
size, 1, 0
read, 0, 3874
network, 0, 370
read, 1, 4281
network, 1, 364
read, 2, 3589
network, 2, 316
read, 3, 3905
network, 3, 306
read, 4, 3268
network, 4, 316
read, 5, 3584
network, 5, 303
read, 6, 2906
network, 6, 308
read, 7, 3214
network, 7, 304
read, 8, 2546
network, 8, 315
read, 9, 2861
network, 9, 303
read, 10, 2204
network, 10, 334
read, 11, 2538
network, 11, 326
read, 12, 1872
network, 12, 463
read, 13, 2335
network, 13, 437
read, 14, 1509
network, 14, 584
read, 15, 2094
network, 15, 617
read, 16, 1186
network, 16, 617
read, 17, 1804
network, 17, 592
read, 18, 627
network, 18, 644
read, 19, 1271
network, 19, 601
read, 20, 261
network, 20, 0
read, 21, 264
network, 21, 0
cmd-read, 0, 37260
# 1, 1gb, 100m, false, read
size, 0, 0
size, 1, 0
read, 0, 4173
network, 0, 358
read, 1, 4532
network, 1, 351
read, 2, 3581
network, 2, 304
read, 3, 3886
network, 3, 302
read, 4, 3232
network, 4, 310
read, 5, 3542
network, 5, 303
read, 6, 2849
network, 6, 304
read, 7, 3153
network, 7, 296
read, 8, 2507
network, 8, 300
read, 9, 2807
network, 9, 296
read, 10, 2151
network, 10, 312
read, 11, 2464
network, 11, 314
read, 12, 1839
network, 12, 455
read, 13, 2294
network, 13, 428
read, 14, 1472
network, 14, 587
read, 15, 2060
network, 15, 622
read, 16, 1129
network, 16, 671
read, 17, 1801
network, 17, 671
read, 18, 607
network, 18, 718
read, 19, 1325
network, 19, 729
read, 20, 263
network, 20, 0
read, 21, 267
network, 21, 0
cmd-read, 0, 37423
# 1, 1gb, 100m, false, read
size, 0, 0
size, 1, 0
read, 0, 4107
network, 0, 346
read, 1, 4454
network, 1, 343
read, 2, 3472
network, 2, 302
read, 3, 3774
network, 3, 301
read, 4, 3116
network, 4, 296
read, 5, 3413
network, 5, 293
read, 6, 2777
network, 6, 289
read, 7, 3066
network, 7, 288
read, 8, 2423
network, 8, 295
read, 9, 2718
network, 9, 286
read, 10, 2096
network, 10, 299
read, 11, 2395
network, 11, 298
read, 12, 1792
network, 12, 475
read, 13, 2268
network, 13, 445
read, 14, 1428
network, 14, 614
read, 15, 2042
network, 15, 649
read, 16, 1087
network, 16, 625
read, 17, 1713
network, 17, 596
read, 18, 591
network, 18, 629
read, 19, 1221
network, 19, 637
read, 20, 261
network, 20, 0
read, 21, 261
network, 21, 0
cmd-read, 0, 36386
# 1, 1gb, 100m, false, write
size, 0, 0
size, 1, 0
read, 0, 3967
network, 0, 349
read, 1, 4477
network, 1, 348
write, 0, 36
write, 1, 40
write, 2, 38
write, 3, 38
write, 4, 39
write, 5, 38
write, 6, 38
write, 7, 39
write, 8, 39
write, 9, 38
write, 10, 38
write, 11, 39
write, 12, 39
write, 13, 38
write, 14, 38
write, 15, 38
write, 16, 38
write, 17, 40
write, 18, 38
read, 2, 3408
network, 2, 363
read, 3, 3771
network, 3, 304
write, 19, 38
write, 20, 39
write, 21, 40
write, 22, 40
write, 23, 40
write, 24, 40
write, 25, 40
write, 26, 40
write, 27, 40
write, 28, 44
write, 29, 40
write, 30, 39
write, 31, 40
write, 32, 40
write, 33, 39
write, 34, 39
write, 35, 39
write, 36, 38
write, 37, 38
write, 38, 38
read, 4, 3069
network, 4, 354
read, 5, 3424
network, 5, 352
write, 39, 40
write, 40, 42
write, 41, 42
write, 42, 41
write, 43, 44
write, 44, 42
write, 45, 42
write, 46, 41
write, 47, 43
write, 48, 42
write, 49, 41
write, 50, 42
write, 51, 44
write, 52, 44
write, 53, 51
write, 54, 43
write, 55, 46
write, 56, 44
write, 57, 42
write, 58, 43
read, 6, 2733
network, 6, 374
read, 7, 3108
network, 7, 372
write, 59, 59
write, 60, 46
write, 61, 44
write, 62, 43
write, 63, 44
write, 64, 46
write, 65, 45
write, 66, 45
write, 67, 45
write, 68, 45
write, 69, 44
write, 70, 42
write, 71, 44
write, 72, 46
write, 73, 45
write, 74, 45
write, 75, 46
write, 76, 43
write, 77, 43
write, 78, 41
read, 8, 2373
network, 8, 393
read, 9, 2766
network, 9, 356
write, 79, 43
write, 80, 46
write, 81, 45
write, 82, 45
write, 83, 45
write, 84, 47
write, 85, 48
write, 86, 46
write, 87, 47
write, 88, 46
write, 89, 45
write, 90, 45
write, 91, 46
write, 92, 46
write, 93, 45
write, 94, 45
write, 95, 46
write, 96, 44
write, 97, 44
write, 98, 42
read, 10, 2054
network, 10, 469
read, 11, 2523
network, 11, 427
write, 99, 44
write, 100, 48
write, 101, 47
write, 102, 47
write, 103, 48
write, 104, 48
write, 105, 49
write, 106, 50
write, 107, 50
write, 108, 49
write, 109, 50
write, 110, 49
write, 111, 50
write, 112, 49
write, 113, 48
write, 114, 49
write, 115, 50
write, 116, 57
write, 117, 46
write, 118, 46
read, 12, 1735
network, 12, 580
read, 13, 2316
network, 13, 564
write, 119, 47
write, 120, 51
write, 121, 50
write, 122, 50
write, 123, 50
write, 124, 50
write, 125, 49
write, 126, 49
write, 127, 50
write, 128, 50
write, 129, 49
write, 130, 49
write, 131, 50
write, 132, 50
write, 133, 50
write, 134, 50
write, 135, 50
write, 136, 50
write, 137, 50
write, 138, 55
read, 14, 1407
network, 14, 628
read, 15, 2035
network, 15, 632
write, 139, 53
write, 140, 53
write, 141, 52
write, 142, 51
write, 143, 53
write, 144, 53
write, 145, 53
write, 146, 49
write, 147, 53
write, 148, 53
write, 149, 53
write, 150, 52
write, 151, 54
write, 152, 55
write, 153, 55
write, 154, 53
write, 155, 55
write, 156, 53
write, 157, 50
write, 158, 52
read, 16, 1067
network, 16, 724
read, 17, 1792
network, 17, 706
write, 159, 54
write, 160, 54
write, 161, 50
write, 162, 50
write, 163, 54
write, 164, 54
write, 165, 54
write, 166, 54
write, 167, 55
write, 168, 54
write, 169, 53
write, 170, 53
write, 171, 53
write, 172, 50
write, 173, 53
write, 174, 53
read, 18, 576
write, 175, 65
write, 176, 63
write, 177, 62
write, 178, 68
network, 18, 1375
read, 19, 1951
network, 19, 757
write, 179, 53
write, 180, 53
write, 181, 52
write, 182, 50
write, 183, 51
write, 184, 51
write, 185, 52
write, 186, 51
write, 187, 51
write, 188, 51
write, 189, 52
write, 190, 51
read, 20, 250
network, 20, 0
write, 191, 51
read, 21, 261
network, 21, 0
write, 192, 51
write, 193, 51
write, 194, 51
write, 195, 51
write, 196, 52
write, 197, 51
write, 198, 50
write, 199, 51
cmd-write, 0, 41420
# 1, 1gb, 100m, false, write
size, 0, 0
size, 1, 0
read, 0, 3900
network, 0, 347
read, 1, 4269
network, 1, 347
write, 0, 205
write, 1, 39
write, 2, 40
write, 3, 40
write, 4, 40
write, 5, 40
write, 6, 40
write, 7, 40
write, 8, 40
write, 9, 38
write, 10, 39
write, 11, 41
write, 12, 40
write, 13, 40
write, 14, 40
write, 15, 40
write, 16, 44
write, 17, 40
write, 18, 40
read, 2, 3385
network, 2, 359
read, 3, 3745
network, 3, 300
write, 19, 39
write, 20, 40
write, 21, 40
write, 22, 46
write, 23, 40
write, 24, 40
write, 25, 40
write, 26, 40
write, 27, 40
write, 28, 40
write, 29, 40
write, 30, 40
write, 31, 40
write, 32, 42
write, 33, 40
write, 34, 40
write, 35, 44
write, 36, 46
write, 37, 46
write, 38, 46
read, 4, 3046
network, 4, 356
read, 5, 3403
network, 5, 338
write, 39, 38
write, 40, 42
write, 41, 43
write, 42, 41
write, 43, 43
write, 44, 42
write, 45, 43
write, 46, 42
write, 47, 43
write, 48, 42
write, 49, 42
write, 50, 41
write, 51, 42
write, 52, 43
write, 53, 43
write, 54, 42
write, 55, 43
write, 56, 42
write, 57, 43
write, 58, 42
read, 6, 2706
network, 6, 357
read, 7, 3063
network, 7, 355
write, 59, 43
write, 60, 44
write, 61, 43
write, 62, 43
write, 63, 45
write, 64, 44
write, 65, 44
write, 66, 43
write, 67, 44
write, 68, 44
write, 69, 43
write, 70, 43
write, 71, 45
write, 72, 44
write, 73, 44
write, 74, 43
write, 75, 44
write, 76, 43
write, 77, 42
write, 78, 45
read, 8, 2376
network, 8, 431
read, 9, 2808
network, 9, 374
write, 79, 46
write, 80, 49
write, 81, 48
write, 82, 48
write, 83, 52
write, 84, 52
write, 85, 50
write, 86, 49
write, 87, 52
write, 88, 49
write, 89, 46
write, 90, 48
write, 91, 49
write, 92, 49
write, 93, 49
write, 94, 48
write, 95, 49
write, 96, 47
write, 97, 47
write, 98, 46
read, 10, 2056
network, 10, 526
read, 11, 2582
network, 11, 443
write, 99, 45
write, 100, 48
write, 101, 48
write, 102, 49
write, 103, 52
write, 104, 53
write, 105, 53
write, 106, 53
write, 107, 62
write, 108, 53
write, 109, 52
write, 110, 49
write, 111, 50
write, 112, 52
write, 113, 52
write, 114, 49
write, 115, 51
write, 116, 47
write, 117, 47
write, 118, 47
read, 12, 1735
network, 12, 595
read, 13, 2330
network, 13, 576
write, 119, 48
write, 120, 50
write, 121, 50
write, 122, 50
write, 123, 50
write, 124, 50
write, 125, 50
write, 126, 49
write, 127, 50
write, 128, 50
write, 129, 51
write, 130, 49
write, 131, 50
write, 132, 50
write, 133, 50
write, 134, 58
write, 135, 60
write, 136, 59
write, 137, 58
write, 138, 59
read, 14, 1407
network, 14, 615
read, 15, 2022
network, 15, 635
write, 139, 51
write, 140, 50
write, 141, 49
write, 142, 49
write, 143, 50
write, 144, 51
write, 145, 50
write, 146, 50
write, 147, 51
write, 148, 50
write, 149, 49
write, 150, 48
write, 151, 50
write, 152, 50
write, 153, 49
write, 154, 49
write, 155, 50
write, 156, 50
write, 157, 49
write, 158, 50
read, 16, 1101
network, 16, 654
read, 17, 1755
network, 17, 629
write, 159, 50
write, 160, 51
write, 161, 50
write, 162, 50
write, 163, 50
write, 164, 51
write, 165, 50
write, 166, 50
write, 167, 51
write, 168, 50
write, 169, 49
write, 170, 49
write, 171, 50
write, 172, 53
write, 173, 51
write, 174, 49
read, 18, 576
write, 175, 51
write, 176, 62
write, 177, 63
write, 178, 67
network, 18, 1302
read, 19, 1878
network, 19, 754
write, 179, 53
write, 180, 54
write, 181, 55
write, 182, 54
write, 183, 56
write, 184, 54
write, 185, 54
write, 186, 53
write, 187, 55
write, 188, 52
write, 189, 51
write, 190, 53
read, 20, 261
network, 20, 0
read, 21, 265
network, 21, 0
write, 191, 63
write, 192, 55
write, 193, 51
write, 194, 52
write, 195, 59
write, 196, 54
write, 197, 53
write, 198, 53
write, 199, 51
cmd-write, 0, 41711
# 1, 1gb, 100m, false, write
size, 0, 0
size, 1, 0
read, 0, 3947
network, 0, 334
read, 1, 4282
network, 1, 333
write, 0, 204
write, 1, 37
write, 2, 38
write, 3, 39
write, 4, 38
write, 5, 38
write, 6, 39
write, 7, 39
write, 8, 39
write, 9, 39
write, 10, 39
write, 11, 39
write, 12, 39
write, 13, 39
write, 14, 38
write, 15, 39
write, 16, 39
write, 17, 39
write, 18, 40
read, 2, 3392
network, 2, 371
read, 3, 3764
network, 3, 311
write, 19, 49
write, 20, 51
write, 21, 49
write, 22, 49
write, 23, 43
write, 24, 42
write, 25, 43
write, 26, 42
write, 27, 43
write, 28, 42
write, 29, 42
write, 30, 40
write, 31, 41
write, 32, 40
write, 33, 41
write, 34, 42
write, 35, 42
write, 36, 39
write, 37, 39
write, 38, 43
read, 4, 3047
network, 4, 353
read, 5, 3401
network, 5, 343
write, 39, 39
write, 40, 42
write, 41, 42
write, 42, 42
write, 43, 43
write, 44, 42
write, 45, 42
write, 46, 41
write, 47, 43
write, 48, 42
write, 49, 42
write, 50, 42
write, 51, 42
write, 52, 42
write, 53, 42
write, 54, 45
write, 55, 43
write, 56, 42
write, 57, 42
write, 58, 42
read, 6, 2706
network, 6, 361
read, 7, 3067
network, 7, 351
write, 59, 43
write, 60, 44
write, 61, 44
write, 62, 43
write, 63, 44
write, 64, 44
write, 65, 44
write, 66, 43
write, 67, 44
write, 68, 44
write, 69, 44
write, 70, 43
write, 71, 44
write, 72, 44
write, 73, 43
write, 74, 43
write, 75, 44
write, 76, 51
write, 77, 42
write, 78, 41
read, 8, 2406
network, 8, 414
read, 9, 2821
network, 9, 371
write, 79, 43
write, 80, 47
write, 81, 46
write, 82, 45
write, 83, 46
write, 84, 47
write, 85, 47
write, 86, 47
write, 87, 47
write, 88, 46
write, 89, 46
write, 90, 46
write, 91, 47
write, 92, 46
write, 93, 46
write, 94, 46
write, 95, 47
write, 96, 44
write, 97, 44
write, 98, 43
read, 10, 2107
network, 10, 561
read, 11, 2668
network, 11, 517
write, 99, 45
write, 100, 48
write, 101, 52
write, 102, 51
write, 103, 51
write, 104, 52
write, 105, 50
write, 106, 53
write, 107, 55
write, 108, 50
write, 109, 51
write, 110, 50
write, 111, 50
write, 112, 53
write, 113, 52
write, 114, 53
write, 115, 54
write, 116, 52
write, 117, 50
write, 118, 50
read, 12, 1735
network, 12, 650
read, 13, 2386
network, 13, 618
write, 119, 48
write, 120, 50
write, 121, 50
write, 122, 50
write, 123, 50
write, 124, 50
write, 125, 50
write, 126, 49
write, 127, 50
write, 128, 53
write, 129, 53
write, 130, 53
write, 131, 54
write, 132, 51
write, 133, 52
write, 134, 53
write, 135, 51
write, 136, 51
write, 137, 50
write, 138, 50
read, 14, 1412
network, 14, 645
read, 15, 2058
network, 15, 636
write, 139, 51
write, 140, 50
write, 141, 50
write, 142, 49
write, 143, 52
write, 144, 50
write, 145, 50
write, 146, 50
write, 147, 50
write, 148, 50
write, 149, 49
write, 150, 49
write, 151, 50
write, 152, 51
write, 153, 50
write, 154, 49
write, 155, 51
write, 156, 50
write, 157, 51
write, 158, 51
read, 16, 1080
network, 16, 632
read, 17, 1712
network, 17, 667
write, 159, 51
write, 160, 59
write, 161, 50
write, 162, 50
write, 163, 51
write, 164, 50
write, 165, 50
write, 166, 51
write, 167, 51
write, 168, 50
write, 169, 50
write, 170, 52
write, 171, 50
write, 172, 50
write, 173, 50
write, 174, 50
read, 18, 576
write, 175, 52
write, 176, 63
write, 177, 63
write, 178, 54
network, 18, 1245
read, 19, 1821
network, 19, 619
write, 179, 52
write, 180, 51
write, 181, 52
write, 182, 50
write, 183, 51
write, 184, 52
write, 185, 51
write, 186, 50
write, 187, 51
write, 188, 52
write, 189, 51
write, 190, 51
read, 20, 256
network, 20, 0
read, 21, 260
network, 21, 0
write, 191, 51
write, 192, 52
write, 193, 51
write, 194, 50
write, 195, 51
write, 196, 51
write, 197, 51
write, 198, 54
write, 199, 52
cmd-write, 0, 41791
# 1, 1gb, 50m, false, first
read, 0, 2411
network, 0, 0
read, 1, 3009
network, 1, 0
cmd-first, 0, 3009
# 1, 1gb, 50m, false, first
read, 0, 2295
network, 0, 0
read, 1, 3024
network, 1, 0
cmd-first, 0, 3024
# 1, 1gb, 50m, false, first
read, 0, 2309
network, 0, 0
read, 1, 2803
network, 1, 0
cmd-first, 0, 2803
# 1, 1gb, 50m, false, read
size, 0, 0
size, 1, 0
read, 0, 3814
network, 0, 178
read, 1, 4144
network, 1, 217
read, 2, 3591
network, 2, 156
read, 3, 3747
network, 3, 154
read, 4, 3416
network, 4, 151
read, 5, 3567
network, 5, 150
read, 6, 3235
network, 6, 147
read, 7, 3383
network, 7, 148
read, 8, 3059
network, 8, 151
read, 9, 3211
network, 9, 148
read, 10, 2917
network, 10, 161
read, 11, 3079
network, 11, 158
read, 12, 2714
network, 12, 237
read, 13, 2951
network, 13, 231
read, 14, 2541
network, 14, 292
read, 15, 2834
network, 15, 305
read, 16, 2386
network, 16, 304
read, 17, 2691
network, 17, 291
read, 18, 2197
network, 18, 318
read, 19, 2516
network, 19, 311
read, 20, 2034
network, 20, 337
read, 21, 2371
network, 21, 338
read, 22, 1888
network, 22, 354
read, 23, 2242
network, 23, 340
read, 24, 1687
network, 24, 347
read, 25, 2034
network, 25, 359
read, 26, 1522
network, 26, 349
read, 27, 1872
network, 27, 344
read, 28, 1356
network, 28, 320
read, 29, 1677
network, 29, 305
read, 30, 1186
network, 30, 322
read, 31, 1508
network, 31, 318
read, 32, 1005
network, 32, 308
read, 33, 1314
network, 33, 319
read, 34, 827
network, 34, 322
read, 35, 1149
network, 35, 307
read, 36, 637
network, 36, 331
read, 37, 969
network, 37, 320
read, 38, 363
network, 38, 351
read, 39, 715
network, 39, 350
read, 40, 259
network, 40, 0
read, 41, 264
network, 41, 0
cmd-read, 0, 58783
# 1, 1gb, 50m, false, read
size, 0, 0
size, 1, 0
read, 0, 3744
network, 0, 167
read, 1, 4159
network, 1, 165
read, 2, 3442
network, 2, 144
read, 3, 3586
network, 3, 149
read, 4, 3268
network, 4, 144
read, 5, 3412
network, 5, 143
read, 6, 3093
network, 6, 137
read, 7, 3230
network, 7, 137
read, 8, 2901
network, 8, 140
read, 9, 3042
network, 9, 132
read, 10, 2733
network, 10, 146
read, 11, 2879
network, 11, 145
read, 12, 2579
network, 12, 232
read, 13, 2811
network, 13, 218
read, 14, 2449
network, 14, 326
read, 15, 2775
network, 15, 322
read, 16, 2288
network, 16, 311
read, 17, 2599
network, 17, 298
read, 18, 2076
network, 18, 316
read, 19, 2393
network, 19, 309
read, 20, 1928
network, 20, 306
read, 21, 2234
network, 21, 315
read, 22, 1767
network, 22, 314
read, 23, 2081
network, 23, 299
read, 24, 1606
network, 24, 344
read, 25, 1950
network, 25, 353
read, 26, 1448
network, 26, 350
read, 27, 1799
network, 27, 366
read, 28, 1291
network, 28, 359
read, 29, 1651
network, 29, 337
read, 30, 1131
network, 30, 341
read, 31, 1473
network, 31, 325
read, 32, 970
network, 32, 319
read, 33, 1290
network, 33, 331
read, 34, 800
network, 34, 333
read, 35, 1133
network, 35, 318
read, 36, 612
network, 36, 329
read, 37, 942
network, 37, 325
read, 38, 356
network, 38, 320
read, 39, 677
network, 39, 333
read, 40, 120683
network, 40, 302
cmd-read, 0, 177647
# 1, 1gb, 50m, false, read
# 1, 1gb, 50m, false, write
# 1, 1gb, 50m, false, write
# 1, 1gb, 50m, false, write
# 1, 1gb, 50m, true, first
read, 0, 2647
network, 0, 0
read, 1, 2718
network, 1, 0
cmd-first, 0, 2718
# 1, 1gb, 50m, true, first
read, 0, 2618
network, 0, 0
read, 1, 2694
network, 1, 0
cmd-first, 0, 2694
# 1, 1gb, 50m, true, first
read, 0, 2612
network, 0, 0
read, 1, 2699
network, 1, 0
cmd-first, 0, 2699
# 1, 1gb, 50m, true, read
size, 0, 0
size, 1, 0
read, 0, 3806
network, 0, 176
read, 1, 4055
network, 1, 174
read, 2, 3729
network, 2, 141
read, 3, 3912
network, 3, 138
read, 4, 3565
network, 4, 147
read, 5, 3815
network, 5, 139
read, 6, 3383
network, 6, 138
read, 7, 3679
network, 7, 140
read, 8, 3191
network, 8, 138
read, 9, 3488
network, 9, 136
read, 10, 3010
network, 10, 159
read, 11, 3323
network, 11, 149
read, 12, 2837
network, 12, 218
read, 13, 3161
network, 13, 205
read, 14, 2679
network, 14, 291
read, 15, 3001
network, 15, 293
read, 16, 2684
network, 16, 333
read, 17, 3017
network, 17, 345
read, 18, 2683
network, 18, 333
read, 19, 3017
network, 19, 307
read, 20, 2682
network, 20, 315
read, 21, 2998
network, 21, 314
read, 22, 2677
network, 22, 305
read, 23, 2982
network, 23, 299
read, 24, 2679
network, 24, 347
read, 25, 3026
network, 25, 344
read, 26, 2673
network, 26, 329
read, 27, 3003
network, 27, 340
read, 28, 2670
network, 28, 318
read, 29, 2989
network, 29, 313
read, 30, 2674
network, 30, 343
read, 31, 3018
network, 31, 347
read, 32, 2675
network, 32, 358
read, 33, 3034
network, 33, 353
read, 34, 2678
network, 34, 319
read, 35, 2997
network, 35, 316
read, 36, 2688
network, 36, 323
read, 37, 3011
network, 37, 320
read, 38, 2638
network, 38, 324
read, 39, 2963
network, 39, 315
cmd-read, 0, 75293
# 1, 1gb, 50m, true, read
size, 0, 0
size, 1, 0
read, 0, 3706
network, 0, 174
read, 1, 4023
network, 1, 170
read, 2, 3507
network, 2, 131
read, 3, 3801
network, 3, 128
read, 4, 3320
network, 4, 133
read, 5, 3653
network, 5, 129
read, 6, 3154
network, 6, 131
read, 7, 3477
network, 7, 130
read, 8, 2984
network, 8, 132
read, 9, 3300
network, 9, 129
read, 10, 2854
network, 10, 139
read, 11, 3171
network, 11, 135
read, 12, 2677
network, 12, 209
read, 13, 3018
network, 13, 197
read, 14, 2671
network, 14, 329
read, 15, 3001
network, 15, 329
read, 16, 2666
network, 16, 315
read, 17, 2981
network, 17, 340
read, 18, 2660
network, 18, 304
read, 19, 2965
network, 19, 302
read, 20, 2662
network, 20, 339
read, 21, 3002
network, 21, 359
read, 22, 2663
network, 22, 332
read, 23, 2996
network, 23, 310
read, 24, 2664
network, 24, 318
read, 25, 2983
network, 25, 314
read, 26, 2666
network, 26, 306
read, 27, 2973
network, 27, 318
read, 28, 2670
network, 28, 326
read, 29, 2996
network, 29, 327
read, 30, 2671
network, 30, 312
read, 31, 2984
network, 31, 349
read, 32, 2685
network, 32, 325
read, 33, 3010
network, 33, 322
read, 34, 2701
network, 34, 331
read, 35, 3032
network, 35, 343
read, 36, 2713
network, 36, 337
read, 37, 3050
network, 37, 362
read, 38, 2671
network, 38, 346
read, 39, 3018
network, 39, 328
cmd-read, 0, 74334
# 1, 1gb, 50m, true, read
size, 0, 0
size, 1, 0
read, 0, 3691
network, 0, 171
read, 1, 3974
network, 1, 168
read, 2, 3499
network, 2, 131
read, 3, 3802
network, 3, 128
read, 4, 3320
network, 4, 132
read, 5, 3640
network, 5, 129
read, 6, 3146
network, 6, 136
read, 7, 3481
network, 7, 131
read, 8, 2975
network, 8, 129
read, 9, 3326
network, 9, 127
read, 10, 2860
network, 10, 142
read, 11, 3089
network, 11, 135
read, 12, 2667
network, 12, 211
read, 13, 3016
network, 13, 225
read, 14, 2662
network, 14, 331
read, 15, 2994
network, 15, 324
read, 16, 2662
network, 16, 315
read, 17, 2977
network, 17, 290
read, 18, 2663
network, 18, 300
read, 19, 2964
network, 19, 295
read, 20, 2667
network, 20, 327
read, 21, 2994
network, 21, 315
read, 22, 2679
network, 22, 336
read, 23, 3015
network, 23, 318
read, 24, 2686
network, 24, 332
read, 25, 3018
network, 25, 335
read, 26, 2691
network, 26, 303
read, 27, 2995
network, 27, 300
read, 28, 2696
network, 28, 354
read, 29, 3050
network, 29, 344
read, 30, 2692
network, 30, 309
read, 31, 3002
network, 31, 305
read, 32, 2691
network, 32, 320
read, 33, 3012
network, 33, 315
read, 34, 2692
network, 34, 347
read, 35, 3039
network, 35, 336
read, 36, 2697
network, 36, 361
read, 37, 3059
network, 37, 349
read, 38, 2643
network, 38, 307
read, 39, 2950
network, 39, 306
cmd-read, 0, 74051
# 1, 1gb, 50m, true, write
size, 0, 0
size, 1, 0
read, 0, 3690
network, 0, 166
read, 1, 3935
network, 1, 163
write, 0, 205
write, 1, 38
write, 2, 38
write, 3, 38
write, 4, 38
write, 5, 39
write, 6, 38
write, 7, 39
write, 8, 39
read, 2, 3492
network, 2, 171
read, 3, 3806
network, 3, 146
write, 9, 39
write, 10, 40
write, 11, 41
write, 12, 41
write, 13, 42
write, 14, 41
write, 15, 41
write, 16, 40
write, 17, 38
write, 18, 39
read, 4, 3348
network, 4, 175
read, 5, 3643
network, 5, 164
write, 19, 40
write, 20, 44
write, 21, 45
write, 22, 44
write, 23, 46
write, 24, 42
write, 25, 42
write, 26, 42
write, 27, 43
write, 28, 41
read, 6, 3147
network, 6, 165
read, 7, 3486
network, 7, 168
write, 29, 42
write, 30, 42
write, 31, 43
write, 32, 43
write, 33, 42
write, 34, 42
write, 35, 43
write, 36, 41
write, 37, 42
write, 38, 41
read, 8, 3012
network, 8, 170
read, 9, 3316
network, 9, 172
write, 39, 45
write, 40, 47
write, 41, 47
write, 42, 47
write, 43, 45
write, 44, 52
write, 45, 48
write, 46, 46
write, 47, 46
write, 48, 44
read, 10, 2851
network, 10, 237
read, 11, 3170
network, 11, 207
write, 49, 45
write, 50, 49
write, 51, 48
write, 52, 48
write, 53, 47
write, 54, 49
write, 55, 50
write, 56, 47
write, 57, 49
write, 58, 47
read, 12, 2687
network, 12, 263
read, 13, 3016
network, 13, 256
write, 59, 45
write, 60, 50
write, 61, 50
write, 62, 50
write, 63, 50
write, 64, 50
write, 65, 52
write, 66, 53
write, 67, 53
write, 68, 52
read, 14, 2683
network, 14, 297
read, 15, 2981
network, 15, 292
write, 69, 50
write, 70, 49
write, 71, 50
write, 72, 49
write, 73, 49
write, 74, 50
write, 75, 50
write, 76, 49
write, 77, 49
write, 78, 49
read, 16, 2690
network, 16, 369
read, 17, 3059
network, 17, 348
write, 79, 53
write, 80, 54
write, 81, 53
write, 82, 52
write, 83, 53
write, 84, 52
write, 85, 49
write, 86, 52
write, 87, 51
write, 88, 51
read, 18, 2681
network, 18, 303
read, 19, 2985
network, 19, 300
write, 89, 49
write, 90, 50
write, 91, 50
write, 92, 50
write, 93, 50
write, 94, 50
write, 95, 51
write, 96, 52
write, 97, 53
write, 98, 53
read, 20, 2678
network, 20, 327
read, 21, 3005
network, 21, 318
write, 99, 50
write, 100, 50
write, 101, 50
write, 102, 50
write, 103, 51
write, 104, 50
write, 105, 50
write, 106, 51
write, 107, 51
write, 108, 50
read, 22, 2677
network, 22, 331
read, 23, 3008
network, 23, 348
write, 109, 54
write, 110, 54
write, 111, 53
write, 112, 54
write, 113, 55
write, 114, 52
write, 115, 52
write, 116, 54
write, 117, 53
write, 118, 53
read, 24, 2673
network, 24, 375
read, 25, 3048
network, 25, 327
write, 119, 51
write, 120, 51
write, 121, 50
write, 122, 51
write, 123, 51
write, 124, 50
write, 125, 51
write, 126, 50
write, 127, 51
write, 128, 50
read, 26, 2669
network, 26, 319
read, 27, 2989
network, 27, 313
write, 129, 57
write, 130, 51
write, 131, 51
write, 132, 51
write, 133, 51
write, 134, 51
write, 135, 51
write, 136, 51
write, 137, 51
write, 138, 51
read, 28, 2671
network, 28, 384
read, 29, 3055
network, 29, 374
write, 139, 51
write, 140, 62
write, 141, 55
write, 142, 51
write, 143, 51
write, 144, 53
write, 145, 55
write, 146, 54
write, 147, 55
write, 148, 55
read, 30, 2679
network, 30, 353
read, 31, 3032
network, 31, 362
write, 149, 51
write, 150, 51
write, 151, 52
write, 152, 51
write, 153, 52
write, 154, 51
write, 155, 51
write, 156, 51
write, 157, 51
write, 158, 51
read, 32, 2676
network, 32, 343
read, 33, 3019
network, 33, 337
write, 159, 51
write, 160, 52
write, 161, 53
write, 162, 52
write, 163, 52
write, 164, 52
write, 165, 52
write, 166, 52
write, 167, 52
write, 168, 52
read, 34, 2683
network, 34, 339
read, 35, 3023
network, 35, 327
write, 169, 51
write, 170, 53
write, 171, 52
write, 172, 52
write, 173, 55
write, 174, 56
write, 175, 52
write, 176, 55
write, 177, 55
write, 178, 56
read, 36, 2686
network, 36, 396
read, 37, 3082
network, 37, 366
write, 179, 56
write, 180, 56
write, 181, 56
write, 182, 56
write, 183, 56
write, 184, 56
write, 185, 55
write, 186, 55
write, 187, 56
write, 188, 56
read, 38, 2641
network, 38, 353
read, 39, 2994
network, 39, 347
write, 189, 52
write, 190, 52
write, 191, 52
write, 192, 52
write, 193, 52
write, 194, 52
write, 195, 52
write, 196, 52
write, 197, 52
write, 198, 52
write, 199, 52
cmd-write, 0, 78440
# 1, 1gb, 50m, true, write
size, 0, 0
size, 1, 0
read, 0, 3689
network, 0, 165
read, 1, 3975
network, 1, 164
write, 0, 204
write, 1, 38
write, 2, 38
write, 3, 38
write, 4, 39
write, 5, 39
write, 6, 39
write, 7, 39
write, 8, 39
read, 2, 3514
network, 2, 164
read, 3, 3781
network, 3, 146
write, 9, 39
write, 10, 40
write, 11, 41
write, 12, 40
write, 13, 45
write, 14, 39
write, 15, 40
write, 16, 39
write, 17, 39
write, 18, 40
read, 4, 3311
network, 4, 177
read, 5, 3646
network, 5, 163
write, 19, 41
write, 20, 43
write, 21, 45
write, 22, 44
write, 23, 43
write, 24, 42
write, 25, 45
write, 26, 44
write, 27, 46
write, 28, 44
read, 6, 3153
network, 6, 179
read, 7, 3489
network, 7, 172
write, 29, 44
write, 30, 42
write, 31, 44
write, 32, 43
write, 33, 43
write, 34, 43
write, 35, 43
write, 36, 41
write, 37, 42
write, 38, 41
read, 8, 2981
network, 8, 177
read, 9, 3331
network, 9, 169
write, 39, 42
write, 40, 45
write, 41, 45
write, 42, 45
write, 43, 44
write, 44, 46
write, 45, 47
write, 46, 44
write, 47, 43
write, 48, 44
read, 10, 2824
network, 10, 261
read, 11, 3175
network, 11, 225
write, 49, 46
write, 50, 51
write, 51, 51
write, 52, 52
write, 53, 52
write, 54, 52
write, 55, 53
write, 56, 49
write, 57, 49
write, 58, 46
read, 12, 2668
network, 12, 273
read, 13, 3026
network, 13, 266
write, 59, 46
write, 60, 50
write, 61, 52
write, 62, 54
write, 63, 54
write, 64, 54
write, 65, 52
write, 66, 51
write, 67, 52
write, 68, 53
read, 14, 2667
network, 14, 304
read, 15, 2971
network, 15, 298
write, 69, 49
write, 70, 49
write, 71, 50
write, 72, 49
write, 73, 49
write, 74, 50
write, 75, 50
write, 76, 49
write, 77, 49
write, 78, 49
read, 16, 2674
network, 16, 345
read, 17, 3019
network, 17, 365
write, 79, 53
write, 80, 53
write, 81, 52
write, 82, 53
write, 83, 52
write, 84, 50
write, 85, 50
write, 86, 52
write, 87, 53
write, 88, 52
read, 18, 2668
network, 18, 350
read, 19, 3019
network, 19, 322
write, 89, 49
write, 90, 50
write, 91, 50
write, 92, 50
write, 93, 50
write, 94, 50
write, 95, 50
write, 96, 50
write, 97, 50
write, 98, 55
read, 20, 2671
network, 20, 329
read, 21, 3001
network, 21, 328
write, 99, 59
write, 100, 59
write, 101, 59
write, 102, 59
write, 103, 61
write, 104, 59
write, 105, 60
write, 106, 61
write, 107, 61
write, 108, 60
read, 22, 2678
network, 22, 329
read, 23, 3007
network, 23, 318
write, 109, 51
write, 110, 50
write, 111, 51
write, 112, 53
write, 113, 55
write, 114, 54
write, 115, 55
write, 116, 53
write, 117, 54
write, 118, 53
read, 24, 2676
network, 24, 343
read, 25, 3020
network, 25, 372
write, 119, 54
write, 120, 55
write, 121, 54
write, 122, 51
write, 123, 51
write, 124, 54
write, 125, 56
write, 126, 53
write, 127, 55
write, 128, 52
read, 26, 2679
network, 26, 330
read, 27, 3009
network, 27, 322
write, 129, 51
write, 130, 51
write, 131, 51
write, 132, 51
write, 133, 51
write, 134, 51
write, 135, 51
write, 136, 51
write, 137, 51
write, 138, 50
read, 28, 2690
network, 28, 342
read, 29, 3033
network, 29, 341
write, 139, 52
write, 140, 51
write, 141, 51
write, 142, 51
write, 143, 55
write, 144, 51
write, 145, 51
write, 146, 51
write, 147, 52
write, 148, 51
read, 30, 2695
network, 30, 377
read, 31, 3073
network, 31, 372
write, 149, 54
write, 150, 55
write, 151, 55
write, 152, 55
write, 153, 56
write, 154, 56
write, 155, 56
write, 156, 55
write, 157, 52
write, 158, 54
read, 32, 2705
network, 32, 352
read, 33, 3058
network, 33, 362
write, 159, 56
write, 160, 56
write, 161, 56
write, 162, 56
write, 163, 56
write, 164, 56
write, 165, 56
write, 166, 56
write, 167, 52
write, 168, 52
read, 34, 2710
network, 34, 348
read, 35, 3059
network, 35, 339
write, 169, 51
write, 170, 53
write, 171, 52
write, 172, 52
write, 173, 52
write, 174, 52
write, 175, 52
write, 176, 52
write, 177, 52
write, 178, 52
read, 36, 2711
network, 36, 402
read, 37, 3113
network, 37, 393
write, 179, 52
write, 180, 55
write, 181, 56
write, 182, 62
write, 183, 56
write, 184, 55
write, 185, 56
write, 186, 55
write, 187, 55
write, 188, 55
read, 38, 2664
network, 38, 368
read, 39, 3032
network, 39, 384
write, 189, 56
write, 190, 52
write, 191, 55
write, 192, 56
write, 193, 55
write, 194, 56
write, 195, 56
write, 196, 55
write, 197, 56
write, 198, 56
write, 199, 56
cmd-write, 0, 79164
# 1, 1gb, 50m, true, write
size, 0, 0
size, 1, 0
read, 0, 3669
network, 0, 172
read, 1, 3957
network, 1, 164
write, 0, 204
write, 1, 37
write, 2, 38
write, 3, 39
write, 4, 38
write, 5, 39
write, 6, 39
write, 7, 39
write, 8, 39
read, 2, 3543
network, 2, 167
read, 3, 3756
network, 3, 144
write, 9, 39
write, 10, 41
write, 11, 41
write, 12, 40
write, 13, 40
write, 14, 40
write, 15, 40
write, 16, 39
write, 17, 38
write, 18, 39
read, 4, 3325
network, 4, 175
read, 5, 3643
network, 5, 164
write, 19, 41
write, 20, 44
write, 21, 45
write, 22, 42
write, 23, 45
write, 24, 45
write, 25, 45
write, 26, 43
write, 27, 44
write, 28, 42
read, 6, 3155
network, 6, 176
read, 7, 3443
network, 7, 182
write, 29, 46
write, 30, 46
write, 31, 47
write, 32, 46
write, 33, 47
write, 34, 45
write, 35, 46
write, 36, 42
write, 37, 43
write, 38, 41
read, 8, 2989
network, 8, 174
read, 9, 3334
network, 9, 165
write, 39, 56
write, 40, 57
write, 41, 56
write, 42, 57
write, 43, 57
write, 44, 57
write, 45, 58
write, 46, 56
write, 47, 45
write, 48, 44
read, 10, 2836
network, 10, 221
read, 11, 3175
network, 11, 197
write, 49, 44
write, 50, 48
write, 51, 48
write, 52, 48
write, 53, 48
write, 54, 49
write, 55, 49
write, 56, 47
write, 57, 48
write, 58, 46
read, 12, 2670
network, 12, 307
read, 13, 3016
network, 13, 297
write, 59, 50
write, 60, 53
write, 61, 52
write, 62, 50
write, 63, 53
write, 64, 54
write, 65, 54
write, 66, 53
write, 67, 64
write, 68, 53
read, 14, 2670
network, 14, 311
read, 15, 2981
network, 15, 297
write, 69, 51
write, 70, 53
write, 71, 54
write, 72, 53
write, 73, 54
write, 74, 52
write, 75, 49
write, 76, 49
write, 77, 50
write, 78, 49
read, 16, 2686
network, 16, 316
read, 17, 3003
network, 17, 324
write, 79, 50
write, 80, 50
write, 81, 50
write, 82, 49
write, 83, 50
write, 84, 50
write, 85, 50
write, 86, 49
write, 87, 50
write, 88, 50
read, 18, 2686
network, 18, 357
read, 19, 3044
network, 19, 342
write, 89, 53
write, 90, 53
write, 91, 50
write, 92, 49
write, 93, 50
write, 94, 51
write, 95, 54
write, 96, 53
write, 97, 53
write, 98, 53
read, 20, 2704
network, 20, 357
read, 21, 3061
network, 21, 330
write, 99, 52
write, 100, 50
write, 101, 50
write, 102, 50
write, 103, 50
write, 104, 50
write, 105, 50
write, 106, 51
write, 107, 51
write, 108, 51
read, 22, 2695
network, 22, 321
read, 23, 3017
network, 23, 315
write, 109, 51
write, 110, 51
write, 111, 51
write, 112, 51
write, 113, 51
write, 114, 50
write, 115, 51
write, 116, 50
write, 117, 51
write, 118, 51
read, 24, 2689
network, 24, 333
read, 25, 3023
network, 25, 342
write, 119, 52
write, 120, 54
write, 121, 54
write, 122, 54
write, 123, 55
write, 124, 51
write, 125, 52
write, 126, 54
write, 127, 55
write, 128, 54
read, 26, 2686
network, 26, 354
read, 27, 3041
network, 27, 318
write, 129, 51
write, 130, 51
write, 131, 52
write, 132, 51
write, 133, 51
write, 134, 51
write, 135, 51
write, 136, 51
write, 137, 51
write, 138, 51
read, 28, 2686
network, 28, 344
read, 29, 3030
network, 29, 343
write, 139, 51
write, 140, 52
write, 141, 51
write, 142, 52
write, 143, 52
write, 144, 52
write, 145, 51
write, 146, 51
write, 147, 52
write, 148, 51
read, 30, 2681
network, 30, 332
read, 31, 3014
network, 31, 327
write, 149, 51
write, 150, 55
write, 151, 58
write, 152, 51
write, 153, 52
write, 154, 52
write, 155, 52
write, 156, 52
write, 157, 52
write, 158, 51
read, 32, 2681
network, 32, 372
read, 33, 3054
network, 33, 372
write, 159, 55
write, 160, 52
write, 161, 56
write, 162, 53
write, 163, 52
write, 164, 52
write, 165, 52
write, 166, 52
write, 167, 53
write, 168, 55
read, 34, 2691
network, 34, 336
read, 35, 3028
network, 35, 355
write, 169, 55
write, 170, 56
write, 171, 55
write, 172, 55
write, 173, 55
write, 174, 55
write, 175, 53
write, 176, 52
write, 177, 52
write, 178, 52
read, 36, 2693
network, 36, 352
read, 37, 3045
network, 37, 351
write, 179, 52
write, 180, 52
write, 181, 52
write, 182, 52
write, 183, 53
write, 184, 52
write, 185, 52
write, 186, 52
write, 187, 52
write, 188, 52
read, 38, 2644
network, 38, 367
read, 39, 3012
network, 39, 363
write, 189, 53
write, 190, 56
write, 191, 55
write, 192, 55
write, 193, 56
write, 194, 56
write, 195, 56
write, 196, 56
write, 197, 56
write, 198, 52
write, 199, 56
cmd-write, 0, 78808
# 1, 10gb, 1gb, false, read
read, 0, 23189
network, 0, 0
read, 1, 26836
network, 1, 0
cmd-first, 0, 26836
# 1, 10gb, 1gb, false, read
read, 0, 22971
network, 0, 0
read, 1, 27612
network, 1, 0
cmd-first, 0, 27612
# 1, 10gb, 1gb, false, read
read, 0, 22990
network, 0, 0
read, 1, 26232
network, 1, 0
cmd-first, 0, 26232
# 1, 10gb, 1gb, false, read
size, 0, 0
size, 1, 0
read, 0, 48993
network, 0, 9588
read, 1, 58581
network, 1, 12277
read, 2, 42782
network, 2, 9108
read, 3, 51890
network, 3, 12068
read, 4, 39269
network, 4, 9157
read, 5, 48427
network, 5, 12038
read, 6, 34997
network, 6, 9090
read, 7, 44087
network, 7, 12165
read, 8, 30879
network, 8, 9190
read, 9, 40070
network, 9, 12156
read, 10, 26772
network, 10, 9439
read, 11, 36212
network, 11, 12234
read, 12, 22733
network, 12, 11638
read, 13, 34371
network, 13, 11129
read, 14, 17851
network, 14, 13109
read, 15, 30960
network, 15, 12951
read, 16, 13445
network, 16, 12956
read, 17, 26401
network, 17, 12036
read, 18, 7531
network, 18, 12917
read, 19, 20449
network, 19, 12978
read, 20, 2617
network, 20, 0
read, 21, 2619
network, 21, 0
cmd-read, 0, 568024
# 1, 10gb, 1gb, false, read
size, 0, 0
size, 1, 0
read, 0, 50580
network, 0, 9592
read, 1, 60172
network, 1, 12304
read, 2, 41886
network, 2, 9169
read, 3, 51055
network, 3, 12182
read, 4, 37703
network, 4, 9124
read, 5, 46828
network, 5, 12172
read, 6, 33490
network, 6, 9094
read, 7, 42584
network, 7, 12213
read, 8, 29528
network, 8, 9161
read, 9, 38689
network, 9, 12237
read, 10, 25495
network, 10, 9405
read, 11, 34901
network, 11, 12176
read, 12, 21569
network, 12, 11480
read, 13, 33049
network, 13, 12317
read, 14, 16883
network, 14, 13056
read, 15, 29940
network, 15, 13147
read, 16, 12670
network, 16, 13040
read, 17, 25711
network, 17, 12965
read, 18, 7187
network, 18, 13141
read, 19, 20329
network, 19, 11953
read, 20, 2504
network, 20, 0
read, 21, 2604
network, 21, 0
cmd-read, 0, 560696
# 1, 10gb, 1gb, false, read
size, 0, 0
size, 1, 0
read, 0, 49489
network, 0, 9584
read, 1, 59073
network, 1, 12337
read, 2, 39605
network, 2, 9156
read, 3, 48761
network, 3, 12270
read, 4, 35717
network, 4, 9159
read, 5, 44876
network, 5, 12319
read, 6, 32031
network, 6, 9176
read, 7, 41208
network, 7, 12315
read, 8, 28126
network, 8, 9184
read, 9, 37310
network, 9, 12311
read, 10, 24438
network, 10, 9467
read, 11, 33905
network, 11, 12029
read, 12, 20743
network, 12, 11473
read, 13, 32217
network, 13, 12180
read, 14, 16361
network, 14, 12978
read, 15, 29339
network, 15, 13033
read, 16, 12416
network, 16, 13276
read, 17, 25692
network, 17, 12763
read, 18, 6843
network, 18, 13114
read, 19, 19957
# 1, 10gb, 1gb, false, read
size, 0, 0
