# 1, 50, 3, false, read
size, 0, 0
read, 0, 202911
network, 0, 36393
read, 1, 201426
network, 1, 34955
read, 2, 197067
network, 2, 35138
read, 3, 193783
network, 3, 35192
read, 4, 189978
network, 4, 35165
read, 5, 185111
network, 5, 35147
read, 6, 183801
network, 6, 35149
read, 7, 184404
network, 7, 35083
read, 8, 176475
network, 8, 35111
read, 9, 171577
network, 9, 34949
read, 10, 166533
network, 10, 35098
read, 11, 161998
network, 11, 34929
read, 12, 155292
network, 12, 34880
read, 13, 148419
network, 13, 34973
read, 14, 145627
network, 14, 35004
read, 15, 146868
network, 15, 34893
read, 16, 143567
network, 16, 21925
