# Thu Sep 10 01:07:15 UTC 2015
# 1, 500, 0, true, read
record-value, 112
chunk-size, 707612437, 12194
disks, 4

size, 5, 1, 5242880000, 0


read-start, 5, 1, 0, 707612437, 28
read-wait, 5, 1, 0
read, 5, 1, 0, 707612437, 335218
network, 1, 284332
read-start, 5, 2, 707612437, 707612437, 619579
read-wait, 5, 2, 0
read, 5, 2, 707612437, 707612437, 320061
network, 2, 284359
read-start, 5, 3, 1415224874, 707612437, 1224000
read-wait, 5, 3, 0
read, 5, 3, 1415224874, 707612437, 337496
network, 3, 284313
read-start, 5, 4, 2122837311, 707612437, 1845810
read-wait, 5, 4, 0
read, 5, 4, 2122837311, 707612437, 296863
network, 4, 284393
read-start, 5, 5, 2830449748, 707612437, 2427067
read-wait, 5, 5, 0
read, 5, 5, 2830449748, 707612437, 286552
network, 5, 284456
read-start, 5, 6, 3538062185, 707612437, 2998076
read-wait, 5, 6, 0
read, 5, 6, 3538062185, 707612437, 284747
network, 6, 284311
read-start, 5, 7, 4245674622, 707612437, 3567134
read-wait, 5, 7, 0
read, 5, 7, 4245674622, 707612437, 283477
network, 7, 284300
read-start, 5, 8, 4953287059, 707612437, 4134912
read-wait, 5, 8, 0
read, 5, 8, 4953287059, 289592920, 277199
network, 8, 115876

cmd-read, 4527959
