# 1, 50, 8, true, read
recv-size, 0, 524288000
size, 0, 0
start-read, 0, 0, 83886080
read, 0, 144998
recv-read, 0, 0, 83886080
network, 0, 100905
start-read, 1, 83886080, 83886080
read, 1, 155825
recv-read, 1, 83886080, 83886080
network, 1, 97527
start-read, 2, 167772160, 83886080
read, 2, 148724
recv-read, 2, 167772160, 83886080
network, 2, 97676
start-read, 3, 251658240, 83886080
read, 3, 135181
recv-read, 3, 251658240, 83886080
network, 3, 97580
start-read, 4, 335544320, 83886080
read, 4, 120156
recv-read, 4, 335544320, 83886080
network, 4, 97499
start-read, 5, 419430400, 83886080
read, 5, 118497
recv-read, 5, 419430400, 83886080
network, 5, 97700
start-read, 6, 503316480, 83886080
read, 6, 117356
recv-read, 6, 503316480, 20971520
network, 6, 21303
cmd-read, 0, 1551272
