# Thu Sep 10 13:05:02 PDT 2015
# 4, 250, 0, read
record-value, 112
chunk-size, 1422549852, 6124
disks, 8, 

size, 5, 1, 2621440000, 0
size, 6, 1, 2621440000, 0
size, 7, 1, 2621440000, 0
size, 8, 1, 2621440000, 0


read-start, 5, 1, 0, 1422549852, 37
read-start, 6, 1, 0, 1422549852, 37
read-start, 7, 1, 0, 1422549852, 38
read-start, 8, 1, 0, 1422549852, 38
read-wait, 5, 1, 0
read, 5, 1, 0, 1422549852, 204325
circular-read-start, 5, 1, 142254985200, 204363
read-wait, 6, 1, 204488
read, 6, 1, 0, 1422549852, 208123
circular-read-start, 6, 1, 142254985200, 208161
read-wait, 7, 1, 208275
read, 7, 1, 0, 1422549852, 226316
circular-read-start, 7, 1, 142254985200, 226354
read-wait, 8, 1, 226905
read, 8, 1, 0, 1422549852, 226906
circular-read-start, 8, 1, 142254985200, 226944
read-start, 7, 2, 1422549852, 1198890148, 675836
circular-read-total, 7, 1, 142254985200, 31867, 449487
read-start, 5, 2, 1422549852, 1198890148, 675841
circular-read-total, 5, 1, 142254985200, 35567, 471482
read-start, 6, 2, 1422549852, 1198890148, 681450
circular-read-total, 6, 1, 142254985200, 52588, 473289
read-start, 8, 2, 1422549852, 1198890148, 681653
circular-read-total, 8, 1, 142254985200, 50516, 454709
read-wait, 7, 2, 6898
read, 7, 2, 1422549852, 1198890148, 125588
circular-read-start, 7, 2, 119889014800, 801425
read-wait, 5, 2, 125744
read, 5, 2, 1422549852, 1198890148, 125744
circular-read-start, 5, 2, 119889014800, 801586
read-wait, 6, 2, 120143
read, 6, 2, 1422549852, 1198890148, 121180
circular-read-start, 6, 2, 119889014800, 802631
read-wait, 8, 2, 121126
read, 8, 2, 1422549852, 1198890148, 126364
circular-read-start, 8, 2, 119889014800, 808018
circular-read-total, 5, 2, 119889014800, 23236, 388258
circular-read-total, 7, 2, 119889014800, 22324, 390577
circular-read-total, 8, 2, 119889014800, 51292, 391186
circular-read-total, 6, 2, 119889014800, 40131, 396664

cmd-read, 1200737
