# Thu Sep 10 13:05:02 PDT 2015
record-value, 96
seek-chunk, 1595288049
file, 4, 327680000
file, 5, 327680000
file, 6, 327680000
file, 7, 327680000
file, 8, 327680000
file, 9, 327680000
file, 10, 327680000
file, 11, 327680000

read-start, 1, 0, 1422549852, 1684
linear-scan-start, 1422549852, 101610703
circular-read-start, 5, 1, 32768000000, 16434
circular-read-start, 7, 1, 32768000000, 16434
circular-read-start, 10, 1, 32768000000, 16434
circular-read-start, 8, 1, 32768000000, 16434
circular-read-start, 9, 1, 32768000000, 16434
circular-read-start, 4, 1, 32768000000, 16434
circular-read-start, 6, 1, 32768000000, 16435
circular-read-start, 11, 1, 32768000000, 16435
circular-read-total, 4, 1, 32768000000, 77823, 167286
circular-read-total, 7, 1, 32768000000, 78252, 167287
circular-read-total, 8, 1, 32768000000, 77329, 167288
circular-read-total, 5, 1, 32768000000, 77297, 167292
circular-read-total, 9, 1, 32768000000, 77984, 167310
circular-read-total, 10, 1, 32768000000, 77304, 167399
circular-read-total, 6, 1, 32768000000, 77974, 168783
circular-read-total, 11, 1, 32768000000, 79147, 169197
linear-scan, 189583, 1422549852
-sort , 49136, 23
-merge, 74704, 23
-last , 4143
read, 1, 1422549852, 204332
network, 1, 471440

read-start, 2, 1422549852, 1198890148, 677513
linear-scan-start, 1198890148, 101610703
circular-read-start, 4, 2, 32768000000, 680314
circular-read-start, 5, 2, 32768000000, 680314
circular-read-start, 11, 2, 32768000000, 680314
circular-read-start, 7, 2, 32768000000, 680314
circular-read-start, 9, 2, 32768000000, 680314
circular-read-start, 10, 2, 32768000000, 680314
circular-read-start, 6, 2, 32768000000, 680314
circular-read-start, 8, 2, 32768000000, 680314
duplicate-rec, 1, 8aeaab339086d14c033c
circular-read-total, 6, 2, 32768000000, 78761, 104587
circular-read-total, 11, 2, 32768000000, 79420, 104612
circular-read-total, 9, 2, 32768000000, 81594, 104632
circular-read-total, 5, 2, 32768000000, 77792, 104638
circular-read-total, 8, 2, 32768000000, 80315, 104639
circular-read-total, 10, 2, 32768000000, 79415, 104682
circular-read-total, 7, 2, 32768000000, 82581, 104876
circular-read-total, 4, 2, 32768000000, 78683, 104936
linear-scan, 117033, 1198890148
-sort , 26410, 12
-merge, 40481, 12
-last , 3147
read, 2, 1198890148, 119835
network, 2, 394146

exit, 1202464
