# 1, 50, 2, true, read
recv-size, 0, 524288000
size, 0, 0
start-read, 0, 0, 20971520
read, 0, 120033
recv-read, 0, 0, 20971520
network, 0, 8052
start-read, 1, 20971520, 20971520
read, 1, 113353
recv-read, 1, 20971520, 20971520
network, 1, 7829
start-read, 2, 41943040, 20971520
read, 2, 112453
recv-read, 2, 41943040, 20971520
network, 2, 6729
start-read, 3, 62914560, 20971520
read, 3, 110351
recv-read, 3, 62914560, 20971520
network, 3, 7182
start-read, 4, 83886080, 20971520
read, 4, 110288
recv-read, 4, 83886080, 20971520
network, 4, 8520
start-read, 5, 104857600, 20971520
read, 5, 112279
recv-read, 5, 104857600, 20971520
network, 5, 6815
start-read, 6, 125829120, 20971520
read, 6, 109458
recv-read, 6, 125829120, 20971520
network, 6, 6800
start-read, 7, 146800640, 20971520
read, 7, 109366
recv-read, 7, 146800640, 20971520
network, 7, 6733
start-read, 8, 167772160, 20971520
read, 8, 109359
recv-read, 8, 167772160, 20971520
network, 8, 6587
start-read, 9, 188743680, 20971520
read, 9, 109525
recv-read, 9, 188743680, 20971520
network, 9, 6490
start-read, 10, 209715200, 20971520
read, 10, 109480
recv-read, 10, 209715200, 20971520
network, 10, 6426
start-read, 11, 230686720, 20971520
read, 11, 109440
recv-read, 11, 230686720, 20971520
network, 11, 6179
start-read, 12, 251658240, 20971520
read, 12, 109375
recv-read, 12, 251658240, 20971520
network, 12, 6080
start-read, 13, 272629760, 20971520
read, 13, 109397
recv-read, 13, 272629760, 20971520
network, 13, 6548
start-read, 14, 293601280, 20971520
read, 14, 111504
recv-read, 14, 293601280, 20971520
network, 14, 7074
start-read, 15, 314572800, 20971520
read, 15, 110557
recv-read, 15, 314572800, 20971520
network, 15, 6233
start-read, 16, 335544320, 20971520
read, 16, 109549
recv-read, 16, 335544320, 20971520
network, 16, 5906
start-read, 17, 356515840, 20971520
read, 17, 109435
recv-read, 17, 356515840, 20971520
network, 17, 6075
start-read, 18, 377487360, 20971520
read, 18, 109383
recv-read, 18, 377487360, 20971520
network, 18, 6075
start-read, 19, 398458880, 20971520
read, 19, 109316
recv-read, 19, 398458880, 20971520
network, 19, 6035
start-read, 20, 419430400, 20971520
read, 20, 109445
recv-read, 20, 419430400, 20971520
network, 20, 6193
start-read, 21, 440401920, 20971520
read, 21, 109401
recv-read, 21, 440401920, 20971520
network, 21, 6309
start-read, 22, 461373440, 20971520
read, 22, 109703
recv-read, 22, 461373440, 20971520
network, 22, 6761
start-read, 23, 482344960, 20971520
read, 23, 111388
recv-read, 23, 482344960, 20971520
network, 23, 5090
start-read, 24, 503316480, 20971520
read, 24, 109316
recv-read, 24, 503316480, 20971520
network, 24, 5051
start-read, 25, 524288000, 20971520
cmd-read, 0, 2927529
