# Mon Sep 21 01:06:13 PDT 2015
# 1, 2000, 0, read
max-chunk, 3, 1, 707645831, 0
chunk-size, 707645831, 12299
disks, 8

size, 3, 2, 20000000000, 0
size, 4, 1, 20000000000, 0


read-start, 3, 1, 0, 707645831, 27
read-start, 4, 1, 0, 707645831, 27
read-wait, 3, 1, 0
read, 3, 1, 0, 707645831, 1129593
circular-read-start, 3, 1, 70764583100, 1129621
read-wait, 4, 1, 1129716
read, 4, 1, 0, 707645831, 1163162
circular-read-start, 4, 1, 70764583100, 1163189
read-start, 3, 2, 707645831, 707645831, 1439562
circular-read-total, 3, 1, 70764583100, 45954, 309942
read-start, 4, 2, 707645831, 707645831, 1448832
circular-read-total, 4, 1, 70764583100, 67743, 285642
read-wait, 4, 2, 0
read, 4, 2, 707645831, 707645831, 1158463
circular-read-start, 4, 2, 70764583100, 2607296
read-wait, 3, 2, 1167897
read, 3, 2, 707645831, 707645831, 1167897
circular-read-start, 3, 2, 70764583100, 2607459
read-start, 3, 3, 1415291662, 707645831, 2892637
circular-read-total, 3, 2, 70764583100, 87379, 285178
read-start, 4, 3, 1415291662, 707645831, 2892831
circular-read-total, 4, 2, 70764583100, 91561, 285535
read-wait, 4, 3, 0
read, 4, 3, 1415291662, 707645831, 1148174
circular-read-start, 4, 3, 70764583100, 4041005
read-wait, 3, 3, 1148478
read, 3, 3, 1415291662, 707645831, 1148478
circular-read-start, 3, 3, 70764583100, 4041116
read-start, 3, 4, 2122937493, 707645831, 4326229
circular-read-total, 3, 3, 70764583100, 99845, 285112
read-start, 4, 4, 2122937493, 707645831, 4326286
circular-read-total, 4, 3, 70764583100, 99645, 285281
read-wait, 4, 4, 0
read, 4, 4, 2122937493, 707645831, 1148982
circular-read-start, 4, 4, 70764583100, 5475269
read-wait, 3, 4, 1149208
read, 3, 4, 2122937493, 707645831, 1149208
circular-read-start, 3, 4, 70764583100, 5475437
read-start, 3, 5, 2830583324, 707645831, 5760657
circular-read-total, 3, 4, 70764583100, 87291, 285220
read-start, 4, 5, 2830583324, 707645831, 5760813
circular-read-total, 4, 4, 70764583100, 87586, 285544
read-wait, 4, 5, 0
read, 4, 5, 2830583324, 707645831, 1140082
circular-read-start, 4, 5, 70764583100, 6900896
read-wait, 3, 5, 1140346
read, 3, 5, 2830583324, 707645831, 1140346
circular-read-start, 3, 5, 70764583100, 6901004
read-start, 3, 6, 3538229155, 707645831, 7186727
circular-read-total, 3, 5, 70764583100, 87100, 285723
read-start, 4, 6, 3538229155, 707645831, 7187125
circular-read-total, 4, 5, 70764583100, 93414, 286229
read-wait, 4, 6, 0
read, 4, 6, 3538229155, 707645831, 1137570
circular-read-start, 4, 6, 70764583100, 8324696
read-wait, 3, 6, 1138077
read, 3, 6, 3538229155, 707645831, 1138077
circular-read-start, 3, 6, 70764583100, 8324804
read-start, 3, 7, 4245874986, 707645831, 8609978
circular-read-total, 3, 6, 70764583100, 84607, 285173
read-start, 4, 7, 4245874986, 707645831, 8610276
circular-read-total, 4, 6, 70764583100, 91266, 285580
read-wait, 4, 7, 0
read, 4, 7, 4245874986, 707645831, 1154300
circular-read-start, 4, 7, 70764583100, 9764577
read-wait, 3, 7, 1154762
read, 3, 7, 4245874986, 707645831, 1154762
circular-read-start, 3, 7, 70764583100, 9764741
read-start, 3, 8, 4953520817, 707645831, 10049937
circular-read-total, 3, 7, 70764583100, 88667, 285196
read-start, 4, 8, 4953520817, 707645831, 10050250
circular-read-total, 4, 7, 70764583100, 94300, 285672
read-wait, 4, 8, 0
read, 4, 8, 4953520817, 707645831, 1144784
circular-read-start, 4, 8, 70764583100, 11195035
read-wait, 3, 8, 1145261
read, 3, 8, 4953520817, 707645831, 1145261
circular-read-start, 3, 8, 70764583100, 11195199
read-start, 3, 9, 5661166648, 707645831, 11480392
circular-read-total, 3, 8, 70764583100, 88208, 285193
read-start, 4, 9, 5661166648, 707645831, 11480570
circular-read-total, 4, 8, 70764583100, 93143, 285535
read-wait, 4, 9, 0
read, 4, 9, 5661166648, 707645831, 1132146
circular-read-start, 4, 9, 70764583100, 12612717
read-wait, 3, 9, 1132482
read, 3, 9, 5661166648, 707645831, 1132482
circular-read-start, 3, 9, 70764583100, 12612874
read-start, 3, 10, 6368812479, 707645831, 12898077
circular-read-total, 3, 9, 70764583100, 84359, 285202
read-start, 4, 10, 6368812479, 707645831, 12898139
circular-read-total, 4, 9, 70764583100, 91973, 285422
read-wait, 4, 10, 0
read, 4, 10, 6368812479, 707645831, 1130388
circular-read-start, 4, 10, 70764583100, 14028528
read-wait, 3, 10, 1130616
read, 3, 10, 6368812479, 707645831, 1130616
circular-read-start, 3, 10, 70764583100, 14028693
read-start, 4, 11, 7076458310, 707645831, 14313983
circular-read-total, 4, 10, 70764583100, 69992, 285455
read-wait, 4, 11, 213
read-start, 3, 11, 7076458310, 707645831, 14314201
circular-read-total, 3, 10, 70764583100, 76446, 285507
read, 4, 11, 7076458310, 707645831, 1127047
circular-read-start, 4, 11, 70764583100, 15441030
read-wait, 3, 11, 1126938
read, 3, 11, 7076458310, 707645831, 1126938
circular-read-start, 3, 11, 70764583100, 15441140
read-start, 4, 12, 7784104141, 707645831, 15726272
circular-read-total, 4, 11, 70764583100, 92346, 285241
read-wait, 4, 12, 52
read-start, 3, 12, 7784104141, 707645831, 15726330
circular-read-total, 3, 11, 70764583100, 101777, 285190
read, 4, 12, 7784104141, 707645831, 1126538
circular-read-start, 4, 12, 70764583100, 16852810
read-wait, 3, 12, 1126639
read, 3, 12, 7784104141, 707645831, 1126639
circular-read-start, 3, 12, 70764583100, 16852970
read-start, 3, 13, 8491749972, 707645831, 17138207
circular-read-total, 3, 12, 70764583100, 90576, 285237
read-start, 4, 13, 8491749972, 707645831, 17138260
circular-read-total, 4, 12, 70764583100, 101516, 285449
read-wait, 4, 13, 0
read, 4, 13, 8491749972, 707645831, 1117294
circular-read-start, 4, 13, 70764583100, 18255554
read-wait, 3, 13, 1117510
read, 3, 13, 8491749972, 707645831, 1117510
circular-read-start, 3, 13, 70764583100, 18255717
read-start, 3, 14, 9199395803, 707645831, 18541285
circular-read-total, 3, 13, 70764583100, 91672, 285568
read-start, 4, 14, 9199395803, 707645831, 18541308
circular-read-total, 4, 13, 70764583100, 85396, 285754
read-wait, 4, 14, 0
read, 4, 14, 9199395803, 707645831, 1114772
circular-read-start, 4, 14, 70764583100, 19656081
read-wait, 3, 14, 1114906
read, 3, 14, 9199395803, 707645831, 1114906
circular-read-start, 3, 14, 70764583100, 19656192
read-start, 3, 15, 9907041634, 707645831, 19941291
circular-read-total, 3, 14, 70764583100, 101488, 285098
read-start, 4, 15, 9907041634, 707645831, 19941429
circular-read-total, 4, 14, 70764583100, 109710, 285347
read-wait, 4, 15, 0
read, 4, 15, 9907041634, 707645831, 1131936
circular-read-start, 4, 15, 70764583100, 21073365
read-wait, 3, 15, 1132235
read, 3, 15, 9907041634, 707645831, 1132235
circular-read-start, 3, 15, 70764583100, 21073526
read-start, 4, 16, 10614687465, 707645831, 21357989
circular-read-total, 4, 15, 70764583100, 184608, 284624
read-wait, 4, 16, 254
read-start, 3, 16, 10614687465, 707645831, 21358246
circular-read-total, 3, 15, 70764583100, 133377, 284719
read, 4, 16, 10614687465, 707645831, 1109255
circular-read-start, 4, 16, 70764583100, 22467245
read-wait, 3, 16, 1109155
read, 3, 16, 10614687465, 707645831, 1109155
circular-read-start, 3, 16, 70764583100, 22467402
read-start, 3, 17, 11322333296, 707645831, 22752547
circular-read-total, 3, 16, 70764583100, 89878, 285145
read-wait, 3, 17, 444
read-start, 4, 17, 11322333296, 707645831, 22752995
circular-read-total, 4, 16, 70764583100, 95859, 285749
read, 3, 17, 11322333296, 707645831, 1082993
circular-read-start, 3, 17, 70764583100, 23835541
read-wait, 4, 17, 1082698
read, 4, 17, 11322333296, 707645831, 1104405
circular-read-start, 4, 17, 70764583100, 23857401
read-start, 3, 18, 12029979127, 707645831, 24134920
circular-read-total, 3, 17, 70764583100, 35464, 299378
read-start, 4, 18, 12029979127, 707645831, 24143081
circular-read-total, 4, 17, 70764583100, 66226, 285680
read-wait, 4, 18, 0
read, 4, 18, 12029979127, 707645831, 1102730
circular-read-start, 4, 18, 70764583100, 25245812
read-wait, 3, 18, 1110997
read, 3, 18, 12029979127, 707645831, 1110997
circular-read-start, 3, 18, 70764583100, 25245918
read-start, 3, 19, 12737624958, 707645831, 25531334
circular-read-total, 3, 18, 70764583100, 81049, 285416
read-wait, 3, 19, 122
read-start, 4, 19, 12737624958, 707645831, 25531457
circular-read-total, 4, 18, 70764583100, 90458, 285645
read, 3, 19, 12737624958, 707645831, 1081407
circular-read-start, 3, 19, 70764583100, 26612742
read-wait, 4, 19, 1081436
read, 4, 19, 12737624958, 707645831, 1114918
circular-read-start, 4, 19, 70764583100, 26646376
read-start, 3, 20, 13445270789, 707645831, 26923731
circular-read-total, 3, 19, 70764583100, 33427, 310988
read-wait, 3, 20, 8425
read-start, 4, 20, 13445270789, 707645831, 26932160
circular-read-total, 4, 19, 70764583100, 67118, 285784
read, 3, 20, 13445270789, 707645831, 1080875
circular-read-start, 3, 20, 70764583100, 28004607
read-wait, 4, 20, 1072601
read, 4, 20, 13445270789, 707645831, 1108316
circular-read-start, 4, 20, 70764583100, 28040477
read-start, 3, 21, 14152916620, 707645831, 28321510
circular-read-total, 3, 20, 70764583100, 59161, 316902
read-wait, 3, 21, 4780
read-start, 4, 21, 14152916620, 707645831, 28326293
circular-read-total, 4, 20, 70764583100, 80311, 285816
read, 3, 21, 14152916620, 707645831, 1080337
circular-read-start, 3, 21, 70764583100, 29401847
read-wait, 4, 21, 1075708
read, 4, 21, 14152916620, 707645831, 1100886
circular-read-start, 4, 21, 70764583100, 29427179
read-start, 3, 22, 14860562451, 707645831, 29708110
circular-read-total, 3, 21, 70764583100, 49000, 306263
read-wait, 3, 22, 4635
read-start, 4, 22, 14860562451, 707645831, 29712746
circular-read-total, 4, 21, 70764583100, 72437, 285567
read, 3, 22, 14860562451, 707645831, 1083812
circular-read-start, 3, 22, 70764583100, 30791923
read-wait, 4, 22, 1079277
read, 4, 22, 14860562451, 707645831, 1092028
circular-read-start, 4, 22, 70764583100, 30804775
read-start, 3, 23, 15568208282, 707645831, 31085765
circular-read-total, 3, 22, 70764583100, 55850, 293841
read-wait, 3, 23, 4636
read-start, 4, 23, 15568208282, 707645831, 31090404
circular-read-total, 4, 22, 70764583100, 69090, 285629
read, 3, 23, 15568208282, 707645831, 1088894
circular-read-start, 3, 23, 70764583100, 32174660
read-wait, 4, 23, 1084411
read, 4, 23, 15568208282, 707645831, 1092269
circular-read-start, 4, 23, 70764583100, 32182674
read-start, 3, 24, 16275854113, 707645831, 32463621
circular-read-total, 3, 23, 70764583100, 57748, 288962
read-wait, 3, 24, 4595
read-start, 4, 24, 16275854113, 707645831, 32468221
circular-read-total, 4, 23, 70764583100, 70934, 285547
read, 3, 24, 16275854113, 707645831, 1084318
circular-read-start, 3, 24, 70764583100, 33547940
read-wait, 4, 24, 1079823
read, 4, 24, 16275854113, 707645831, 1100638
circular-read-start, 4, 24, 70764583100, 33568859
read-start, 3, 25, 16983499944, 707645831, 33849315
circular-read-total, 3, 24, 70764583100, 58349, 301375
read-wait, 3, 25, 5128
read-start, 4, 25, 16983499944, 707645831, 33854447
circular-read-total, 4, 24, 70764583100, 74610, 285587
read, 3, 25, 16983499944, 707645831, 1083708
circular-read-start, 3, 25, 70764583100, 34933023
read-wait, 4, 25, 1078732
read, 4, 25, 16983499944, 707645831, 1099808
circular-read-start, 4, 25, 70764583100, 34954255
read-start, 3, 26, 17691145775, 707645831, 35235529
circular-read-total, 3, 25, 70764583100, 66678, 302505
read-wait, 3, 26, 4093
read-start, 4, 26, 17691145775, 707645831, 35239643
circular-read-total, 4, 25, 70764583100, 77382, 285387
read, 3, 26, 17691145775, 707645831, 1080581
circular-read-start, 3, 26, 70764583100, 36316110
read-wait, 4, 26, 1076575
read, 4, 26, 17691145775, 707645831, 1096482
circular-read-start, 4, 26, 70764583100, 36336125
read-start, 3, 27, 18398791606, 707645831, 36615409
circular-read-total, 3, 26, 70764583100, 53696, 299298
read-wait, 3, 27, 6277
read-start, 4, 27, 18398791606, 707645831, 36621690
circular-read-total, 4, 26, 70764583100, 65199, 285564
read, 3, 27, 18398791606, 707645831, 1077565
circular-read-start, 3, 27, 70764583100, 37692975
read-wait, 4, 27, 1071438
read, 4, 27, 18398791606, 707645831, 1094605
circular-read-start, 4, 27, 70764583100, 37716296
read-start, 3, 28, 19106437437, 707645831, 37996280
circular-read-total, 3, 27, 70764583100, 57537, 303305
read-wait, 3, 28, 5609
read-start, 4, 28, 19106437437, 707645831, 38001894
circular-read-total, 4, 27, 70764583100, 72120, 285597
read, 3, 28, 19106437437, 707645831, 1066227
circular-read-start, 3, 28, 70764583100, 39062507
read-wait, 4, 28, 1060770
read, 4, 28, 19106437437, 707645831, 1083038
circular-read-start, 4, 28, 70764583100, 39084932
read-start, 3, 29, 19814083268, 185916732, 39363291
circular-read-total, 3, 28, 70764583100, 42442, 300786
read-wait, 3, 29, 7113
read-start, 4, 29, 19814083268, 185916732, 39370406
circular-read-total, 4, 28, 70764583100, 68146, 285473
read, 3, 29, 19814083268, 185916732, 1055927
circular-read-start, 3, 29, 18591673200, 40419218
read-wait, 4, 29, 1048913
read, 4, 29, 19814083268, 185916732, 1079808
circular-read-start, 4, 29, 18591673200, 40450214
circular-read-total, 3, 29, 18591673200, 17064, 101270
circular-read-total, 4, 29, 18591673200, 23282, 74325

cmd-read, 40524766
