# Mon Sep 21 01:06:13 PDT 2015
memory, 128926187520
record-value, 112
seek-chunk, 707645831
file, 4, 5000000000
file, 5, 5000000000
file, 6, 5000000000
file, 7, 5000000000

read-start, 1, 0, 707645831, 3725
circular-read-start, 4, 1, 500000000000, 11060
circular-read-start, 5, 1, 500000000000, 11060
circular-read-start, 6, 1, 500000000000, 11060
circular-read-start, 7, 1, 500000000000, 11060
circular-read-total, 6, 1, 500000000000, 1088522, 1148027
circular-read-total, 7, 1, 500000000000, 1084599, 1148092
circular-read-total, 5, 1, 500000000000, 1091713, 1150692
circular-read-total, 4, 1, 500000000000, 1094476, 1154162
linear-scan, 1155829
-sort , 98402, 63
-merge, 85054, 63
-last , 1609
read, 1, 707645831, 1163164
network, 1, 285640

read-start, 2, 707645831, 707645831, 1452533
circular-read-start, 4, 2, 500000000000, 1453943
circular-read-start, 5, 2, 500000000000, 1453943
circular-read-start, 6, 2, 500000000000, 1453943
circular-read-start, 7, 2, 500000000000, 1453943
circular-read-total, 7, 2, 500000000000, 1062352, 1147462
circular-read-total, 6, 2, 500000000000, 1065167, 1150021
circular-read-total, 5, 2, 500000000000, 1067015, 1151943
circular-read-total, 4, 2, 500000000000, 1069178, 1154485
linear-scan, 1157055
-sort , 98222, 62
-merge, 80945, 62
-last , 2447
read, 2, 707645831, 1158465
network, 2, 285529

read-start, 3, 1415291662, 707645831, 2896535
circular-read-start, 4, 3, 500000000000, 2897945
circular-read-start, 5, 3, 500000000000, 2897945
circular-read-start, 6, 3, 500000000000, 2897945
circular-read-start, 7, 3, 500000000000, 2897945
circular-read-total, 7, 3, 500000000000, 1067654, 1138854
circular-read-total, 6, 3, 500000000000, 1068369, 1139767
circular-read-total, 5, 3, 500000000000, 1069911, 1141045
circular-read-total, 4, 3, 500000000000, 1073300, 1145191
linear-scan, 1146765
-sort , 95337, 62
-merge, 83553, 62
-last , 1524
read, 3, 707645831, 1148176
network, 3, 285271

read-start, 4, 2122937493, 707645831, 4329993
circular-read-start, 5, 4, 500000000000, 4331405
circular-read-start, 4, 4, 500000000000, 4331405
circular-read-start, 6, 4, 500000000000, 4331405
circular-read-start, 7, 4, 500000000000, 4331405
circular-read-total, 7, 4, 500000000000, 1064332, 1138619
circular-read-total, 5, 4, 500000000000, 1067719, 1139101
circular-read-total, 6, 4, 500000000000, 1067370, 1139274
circular-read-total, 4, 4, 500000000000, 1073575, 1145225
linear-scan, 1147573
-sort , 96910, 61
-merge, 80666, 61
-last , 2239
read, 4, 707645831, 1148984
network, 4, 285542

read-start, 5, 2830583324, 707645831, 5764523
circular-read-start, 5, 5, 500000000000, 5765948
circular-read-start, 4, 5, 500000000000, 5765948
circular-read-start, 6, 5, 500000000000, 5765948
circular-read-start, 7, 5, 500000000000, 5765948
circular-read-total, 7, 5, 500000000000, 1064111, 1130960
circular-read-total, 6, 5, 500000000000, 1069985, 1131631
circular-read-total, 5, 5, 500000000000, 1070591, 1132747
circular-read-total, 4, 5, 500000000000, 1074902, 1137361
linear-scan, 1138660
-sort , 94637, 61
-merge, 81620, 61
-last , 1268
read, 5, 707645831, 1140084
network, 5, 286227

read-start, 6, 3538229155, 707645831, 7190838
circular-read-start, 5, 6, 500000000000, 7192249
circular-read-start, 4, 6, 500000000000, 7192249
circular-read-start, 6, 6, 500000000000, 7192249
circular-read-start, 7, 6, 500000000000, 7192249
circular-read-total, 6, 6, 500000000000, 1068058, 1127357
circular-read-total, 7, 6, 500000000000, 1064568, 1127471
circular-read-total, 5, 6, 500000000000, 1069787, 1128801
circular-read-total, 4, 6, 500000000000, 1074284, 1134139
linear-scan, 1136162
-sort , 92864, 60
-merge, 79661, 60
-last , 1938
read, 6, 707645831, 1137572
network, 6, 285578

read-start, 7, 4245874986, 707645831, 8613992
circular-read-start, 4, 7, 500000000000, 8615402
circular-read-start, 5, 7, 500000000000, 8615402
circular-read-start, 6, 7, 500000000000, 8615402
circular-read-start, 7, 7, 500000000000, 8615402
circular-read-total, 7, 7, 500000000000, 1063378, 1143032
circular-read-total, 6, 7, 500000000000, 1067964, 1144446
circular-read-total, 5, 7, 500000000000, 1069788, 1145851
circular-read-total, 4, 7, 500000000000, 1073426, 1150280
linear-scan, 1152893
-sort , 91790, 59
-merge, 82269, 59
-last , 2491
read, 7, 707645831, 1154302
network, 7, 285670

read-start, 8, 4953520817, 707645831, 10053969
circular-read-start, 4, 8, 500000000000, 10055384
circular-read-start, 5, 8, 500000000000, 10055384
circular-read-start, 6, 8, 500000000000, 10055384
circular-read-start, 7, 8, 500000000000, 10055384
circular-read-total, 7, 8, 500000000000, 1057595, 1135217
circular-read-total, 5, 8, 500000000000, 1062678, 1135525
circular-read-total, 6, 8, 500000000000, 1060931, 1135547
circular-read-total, 4, 8, 500000000000, 1070310, 1141918
linear-scan, 1143372
-sort , 96939, 59
-merge, 77443, 59
-last , 1410
read, 8, 707645831, 1144786
network, 8, 285533

read-start, 9, 5661166648, 707645831, 11484292
circular-read-start, 5, 9, 500000000000, 11485701
circular-read-start, 4, 9, 500000000000, 11485701
circular-read-start, 6, 9, 500000000000, 11485701
circular-read-start, 7, 9, 500000000000, 11485701
circular-read-total, 7, 9, 500000000000, 1062870, 1122075
circular-read-total, 5, 9, 500000000000, 1067413, 1122786
circular-read-total, 6, 9, 500000000000, 1068799, 1123724
circular-read-total, 4, 9, 500000000000, 1072792, 1128706
linear-scan, 1130739
-sort , 93161, 58
-merge, 77507, 58
-last , 1948
read, 9, 707645831, 1132149
network, 9, 285410

read-start, 10, 6368812479, 707645831, 12901864
circular-read-start, 5, 10, 500000000000, 12903275
circular-read-start, 4, 10, 500000000000, 12903275
circular-read-start, 6, 10, 500000000000, 12903275
circular-read-start, 7, 10, 500000000000, 12903275
circular-read-total, 7, 10, 500000000000, 1064967, 1119594
circular-read-total, 5, 10, 500000000000, 1070358, 1119790
circular-read-total, 4, 10, 500000000000, 1076968, 1126018
circular-read-total, 6, 10, 500000000000, 1075851, 1126454
linear-scan, 1128979
-sort , 90579, 57
-merge, 76742, 57
-last , 2404
read, 10, 707645831, 1130390
network, 10, 285445

read-start, 11, 7076458310, 707645831, 14317711
circular-read-start, 5, 11, 500000000000, 14319125
circular-read-start, 4, 11, 500000000000, 14319125
circular-read-start, 6, 11, 500000000000, 14319125
circular-read-start, 7, 11, 500000000000, 14319125
circular-read-total, 7, 11, 500000000000, 1067525, 1117311
circular-read-total, 5, 11, 500000000000, 1070516, 1117532
circular-read-total, 4, 11, 500000000000, 1075906, 1122914
circular-read-total, 6, 11, 500000000000, 1076766, 1124523
linear-scan, 1125635
-sort , 89188, 57
-merge, 77527, 57
-last , 1096
read, 11, 707645831, 1127049
network, 11, 285230

read-start, 12, 7784104141, 707645831, 15730002
circular-read-start, 4, 12, 500000000000, 15731413
circular-read-start, 5, 12, 500000000000, 15731413
circular-read-start, 6, 12, 500000000000, 15731413
circular-read-start, 7, 12, 500000000000, 15731413
circular-read-total, 7, 12, 500000000000, 1065874, 1117453
circular-read-total, 5, 12, 500000000000, 1070562, 1117483
circular-read-total, 4, 12, 500000000000, 1075880, 1119265
circular-read-total, 6, 12, 500000000000, 1079259, 1123678
linear-scan, 1125130
-sort , 88951, 56
-merge, 76102, 56
-last , 1411
read, 12, 707645831, 1126540
network, 12, 285447

read-start, 13, 8491749972, 707645831, 17141994
circular-read-start, 4, 13, 500000000000, 17143415
circular-read-start, 5, 13, 500000000000, 17143415
circular-read-start, 6, 13, 500000000000, 17143415
circular-read-start, 7, 13, 500000000000, 17143415
circular-read-total, 5, 13, 500000000000, 1072887, 1107952
circular-read-total, 7, 13, 500000000000, 1072335, 1108040
circular-read-total, 4, 13, 500000000000, 1077044, 1110666
circular-read-total, 6, 13, 500000000000, 1080021, 1114194
linear-scan, 1115875
-sort , 86768, 55
-merge, 76247, 55
-last , 1624
read, 13, 707645831, 1117296
network, 13, 285741

read-start, 14, 9199395803, 707645831, 18545045
circular-read-start, 5, 14, 500000000000, 18546459
circular-read-start, 4, 14, 500000000000, 18546459
circular-read-start, 6, 14, 500000000000, 18546459
circular-read-start, 7, 14, 500000000000, 18546459
circular-read-total, 7, 14, 500000000000, 1067370, 1105181
circular-read-total, 5, 14, 500000000000, 1074415, 1105970
circular-read-total, 4, 14, 500000000000, 1075491, 1107493
circular-read-total, 6, 14, 500000000000, 1079065, 1111535
linear-scan, 1113361
-sort , 85942, 54
-merge, 76075, 54
-last , 1757
read, 14, 707645831, 1114774
network, 14, 285345

read-start, 15, 9907041634, 707645831, 19945168
circular-read-start, 5, 15, 500000000000, 19946582
circular-read-start, 4, 15, 500000000000, 19946582
circular-read-start, 6, 15, 500000000000, 19946582
circular-read-start, 7, 15, 500000000000, 19946582
circular-read-total, 5, 15, 500000000000, 1068444, 1122068
circular-read-total, 7, 15, 500000000000, 1063545, 1122243
circular-read-total, 4, 15, 500000000000, 1073314, 1125270
circular-read-total, 6, 15, 500000000000, 1075819, 1128660
linear-scan, 1130525
-sort , 85419, 53
-merge, 73907, 53
-last , 1794
read, 15, 707645831, 1131938
network, 15, 284620

read-start, 16, 10614687465, 707645831, 21361732
circular-read-start, 4, 16, 500000000000, 21363143
circular-read-start, 5, 16, 500000000000, 21363143
circular-read-start, 6, 16, 500000000000, 21363143
circular-read-start, 7, 16, 500000000000, 21363143
circular-read-total, 5, 16, 500000000000, 1072706, 1099654
circular-read-total, 7, 16, 500000000000, 1073528, 1099675
circular-read-total, 4, 16, 500000000000, 1076674, 1103373
circular-read-total, 6, 16, 500000000000, 1078991, 1106117
linear-scan, 1107847
-sort , 82141, 52
-merge, 74810, 52
-last , 1665
read, 16, 707645831, 1109257
network, 16, 285740

read-start, 17, 11322333296, 707645831, 22756740
circular-read-start, 4, 17, 500000000000, 22758149
circular-read-start, 5, 17, 500000000000, 22758149
circular-read-start, 6, 17, 500000000000, 22758149
circular-read-start, 7, 17, 500000000000, 22758149
circular-read-total, 5, 17, 500000000000, 1072624, 1095150
circular-read-total, 7, 17, 500000000000, 1068282, 1095218
circular-read-total, 4, 17, 500000000000, 1076165, 1098566
circular-read-total, 6, 17, 500000000000, 1078024, 1101475
linear-scan, 1102998
-sort , 81459, 51
-merge, 72220, 51
-last , 1477
read, 17, 707645831, 1104408
network, 17, 285677

read-start, 18, 12029979127, 707645831, 24146830
circular-read-start, 5, 18, 500000000000, 24148252
circular-read-start, 4, 18, 500000000000, 24148252
circular-read-start, 6, 18, 500000000000, 24148252
circular-read-start, 7, 18, 500000000000, 24148252
circular-read-total, 7, 18, 500000000000, 1066288, 1092665
circular-read-total, 5, 18, 500000000000, 1073976, 1095647
circular-read-total, 4, 18, 500000000000, 1075747, 1098304
circular-read-total, 6, 18, 500000000000, 1076529, 1100201
linear-scan, 1101310
-sort , 79435, 50
-merge, 71482, 50
-last , 1094
read, 18, 707645831, 1102732
network, 18, 285643

read-start, 19, 12737624958, 707645831, 25535209
circular-read-start, 4, 19, 500000000000, 25536622
circular-read-start, 5, 19, 500000000000, 25536622
circular-read-start, 6, 19, 500000000000, 25536622
circular-read-start, 7, 19, 500000000000, 25536622
circular-read-total, 7, 19, 500000000000, 1064498, 1104024
circular-read-total, 5, 19, 500000000000, 1069099, 1104678
circular-read-total, 4, 19, 500000000000, 1074879, 1110596
circular-read-total, 6, 19, 500000000000, 1074842, 1111232
linear-scan, 1113507
-sort , 81338, 48
-merge, 69927, 48
-last , 2174
read, 19, 707645831, 1114920
network, 19, 285782

read-start, 20, 13445270789, 707645831, 26935915
circular-read-start, 4, 20, 500000000000, 26937329
circular-read-start, 5, 20, 500000000000, 26937329
circular-read-start, 6, 20, 500000000000, 26937329
circular-read-start, 7, 20, 500000000000, 26937329
circular-read-total, 5, 20, 500000000000, 1069523, 1099158
circular-read-total, 7, 20, 500000000000, 1064717, 1099224
circular-read-total, 4, 20, 500000000000, 1073599, 1103257
circular-read-total, 6, 20, 500000000000, 1075087, 1105501
linear-scan, 1106904
-sort , 79449, 47
-merge, 70635, 47
-last , 1365
read, 20, 707645831, 1108318
network, 20, 285813

read-start, 21, 14152916620, 707645831, 28330050
circular-read-start, 4, 21, 500000000000, 28331460
circular-read-start, 5, 21, 500000000000, 28331460
circular-read-start, 6, 21, 500000000000, 28331460
circular-read-start, 7, 21, 500000000000, 28331460
circular-read-total, 5, 21, 500000000000, 1069171, 1090759
circular-read-total, 7, 21, 500000000000, 1067910, 1090803
circular-read-total, 4, 21, 500000000000, 1073605, 1095924
circular-read-total, 6, 21, 500000000000, 1073752, 1097459
linear-scan, 1099478
-sort , 72478, 45
-merge, 66410, 45
-last , 1935
read, 21, 707645831, 1100888
network, 21, 285565

read-start, 22, 14860562451, 707645831, 29716506
circular-read-start, 4, 22, 500000000000, 29717920
circular-read-start, 5, 22, 500000000000, 29717920
circular-read-start, 6, 22, 500000000000, 29717920
circular-read-start, 7, 22, 500000000000, 29717920
circular-read-total, 5, 22, 500000000000, 1058080, 1081489
circular-read-total, 7, 22, 500000000000, 1056213, 1081527
circular-read-total, 4, 22, 500000000000, 1065894, 1086539
circular-read-total, 6, 22, 500000000000, 1069363, 1088338
linear-scan, 1090617
-sort , 66321, 43
-merge, 63220, 43
-last , 2178
read, 22, 707645831, 1092030
network, 22, 285627

read-start, 23, 15568208282, 707645831, 31094168
circular-read-start, 4, 23, 500000000000, 31095581
circular-read-start, 5, 23, 500000000000, 31095581
circular-read-start, 6, 23, 500000000000, 31095581
circular-read-start, 7, 23, 500000000000, 31095581
circular-read-total, 5, 23, 500000000000, 1059394, 1082073
circular-read-total, 7, 23, 500000000000, 1060519, 1083079
circular-read-total, 4, 23, 500000000000, 1067880, 1088770
circular-read-total, 6, 23, 500000000000, 1069304, 1088906
linear-scan, 1090857
-sort , 62802, 41
-merge, 58472, 41
-last , 1869
read, 23, 707645831, 1092271
network, 23, 285545

read-start, 24, 16275854113, 707645831, 32471987
circular-read-start, 4, 24, 500000000000, 32473447
circular-read-start, 5, 24, 500000000000, 32473447
circular-read-start, 6, 24, 500000000000, 32473447
circular-read-start, 7, 24, 500000000000, 32473447
circular-read-total, 7, 24, 500000000000, 1068390, 1090896
circular-read-total, 5, 24, 500000000000, 1068780, 1091292
circular-read-total, 4, 24, 500000000000, 1072021, 1096809
circular-read-total, 6, 24, 500000000000, 1073033, 1098136
linear-scan, 1099180
-sort , 62067, 39
-merge, 59687, 39
-last , 1033
read, 24, 707645831, 1100640
network, 24, 285586

read-start, 25, 16983499944, 707645831, 33858216
circular-read-start, 5, 25, 500000000000, 33859639
circular-read-start, 4, 25, 500000000000, 33859639
circular-read-start, 6, 25, 500000000000, 33859639
circular-read-start, 7, 25, 500000000000, 33859639
circular-read-total, 7, 25, 500000000000, 1063300, 1088428
circular-read-total, 5, 25, 500000000000, 1065589, 1088560
circular-read-total, 4, 25, 500000000000, 1070599, 1095155
circular-read-total, 6, 25, 500000000000, 1070837, 1095807
linear-scan, 1098387
-sort , 59753, 36
-merge, 61683, 36
-last , 957
read, 25, 707645831, 1099810
network, 25, 285373

read-start, 26, 17691145775, 707645831, 35243415
circular-read-start, 5, 26, 500000000000, 35244876
circular-read-start, 4, 26, 500000000000, 35244876
circular-read-start, 6, 26, 500000000000, 35244876
circular-read-start, 7, 26, 500000000000, 35244876
circular-read-total, 5, 26, 500000000000, 1061636, 1087249
circular-read-total, 7, 26, 500000000000, 1064096, 1087422
circular-read-total, 4, 26, 500000000000, 1068181, 1093329
circular-read-total, 6, 26, 500000000000, 1068411, 1093847
linear-scan, 1095023
-sort , 52816, 32
-merge, 55100, 32
-last , 1157
read, 26, 707645831, 1096484
network, 26, 285562

read-start, 27, 18398791606, 707645831, 36625465
circular-read-start, 5, 27, 500000000000, 36626877
circular-read-start, 4, 27, 500000000000, 36626877
circular-read-start, 6, 27, 500000000000, 36626877
circular-read-start, 7, 27, 500000000000, 36626877
circular-read-total, 5, 27, 500000000000, 1057413, 1083806
circular-read-total, 7, 27, 500000000000, 1057472, 1083836
circular-read-total, 6, 27, 500000000000, 1065528, 1090689
circular-read-total, 4, 27, 500000000000, 1065832, 1090713
linear-scan, 1093196
-sort , 44745, 26
-merge, 43340, 26
-last , 2369
read, 27, 707645831, 1094607
network, 27, 285595

read-start, 28, 19106437437, 707645831, 38005671
circular-read-start, 5, 28, 500000000000, 38007084
circular-read-start, 4, 28, 500000000000, 38007084
circular-read-start, 6, 28, 500000000000, 38007084
circular-read-start, 7, 28, 500000000000, 38007084
circular-read-total, 7, 28, 500000000000, 1048613, 1073251
circular-read-total, 5, 28, 500000000000, 1047639, 1073448
circular-read-total, 4, 28, 500000000000, 1051991, 1076169
circular-read-total, 6, 28, 500000000000, 1056644, 1080031
linear-scan, 1081628
-sort , 29192, 18
-merge, 32448, 18
-last , 1544
read, 28, 707645831, 1083040
network, 28, 285471

read-start, 29, 19814083268, 185916732, 39374186
circular-read-start, 4, 29, 500000000000, 39374557
circular-read-start, 5, 29, 500000000000, 39374557
circular-read-start, 6, 29, 500000000000, 39374557
circular-read-start, 7, 29, 500000000000, 39374557
circular-read-total, 5, 29, 500000000000, 1047840, 1070361
circular-read-total, 7, 29, 500000000000, 1050027, 1071952
circular-read-total, 4, 29, 500000000000, 1053090, 1077144
circular-read-total, 6, 29, 500000000000, 1054060, 1078675
linear-scan, 1079439
-sort , 6555, 15
-merge, 7763, 15
-last , 246
read, 29, 185916732, 1079810
network, 29, 74323

exit, 40528575
