# Mon Sep 21 01:06:13 PDT 2015
memory, 128926187520
record-value, 112
seek-chunk, 707645831
file, 4, 5000000000
file, 5, 5000000000
file, 6, 5000000000
file, 7, 5000000000

read-start, 1, 0, 707645831, 1988
circular-read-start, 4, 1, 500000000000, 9111
circular-read-start, 5, 1, 500000000000, 9111
circular-read-start, 6, 1, 500000000000, 9111
circular-read-start, 7, 1, 500000000000, 9111
circular-read-total, 5, 1, 500000000000, 1069688, 1119318
circular-read-total, 4, 1, 500000000000, 1069250, 1119372
circular-read-total, 7, 1, 500000000000, 1072199, 1120126
circular-read-total, 6, 1, 500000000000, 1073418, 1120761
linear-scan, 1122418
-sort , 91896, 63
-merge, 79152, 63
-last , 1602
read, 1, 707645831, 1129541
network, 1, 309908

read-start, 2, 707645831, 707645831, 1441457
circular-read-start, 4, 2, 500000000000, 1442859
circular-read-start, 5, 2, 500000000000, 1442859
circular-read-start, 6, 2, 500000000000, 1442859
circular-read-start, 7, 2, 500000000000, 1442859
circular-read-total, 4, 2, 500000000000, 1046357, 1108507
circular-read-total, 5, 2, 500000000000, 1049109, 1111439
circular-read-total, 7, 2, 500000000000, 1052160, 1111831
circular-read-total, 6, 2, 500000000000, 1055850, 1114311
linear-scan, 1116820
-sort , 90031, 62
-merge, 77258, 62
-last , 2390
read, 2, 707645831, 1118223
network, 2, 334776

read-start, 3, 1415291662, 707645831, 2894466
circular-read-start, 5, 3, 500000000000, 2895867
circular-read-start, 4, 3, 500000000000, 2895867
circular-read-start, 6, 3, 500000000000, 2895867
circular-read-start, 7, 3, 500000000000, 2895867
circular-read-total, 5, 3, 500000000000, 1050392, 1109736
circular-read-total, 4, 3, 500000000000, 1050624, 1109967
circular-read-total, 7, 3, 500000000000, 1054154, 1110992
circular-read-total, 6, 3, 500000000000, 1056795, 1112121
linear-scan, 1113707
-sort , 89715, 62
-merge, 77150, 62
-last , 1538
read, 3, 707645831, 1115108
network, 3, 318400

read-start, 4, 2122937493, 707645831, 4327991
circular-read-start, 5, 4, 500000000000, 4329394
circular-read-start, 4, 4, 500000000000, 4329394
circular-read-start, 6, 4, 500000000000, 4329394
circular-read-start, 7, 4, 500000000000, 4329394
circular-read-total, 5, 4, 500000000000, 1048054, 1108833
circular-read-total, 4, 4, 500000000000, 1048799, 1109433
circular-read-total, 7, 4, 500000000000, 1052672, 1110820
circular-read-total, 6, 4, 500000000000, 1057969, 1114614
linear-scan, 1116940
-sort , 89558, 61
-merge, 76474, 61
-last , 2221
read, 4, 707645831, 1118343
network, 4, 316015

read-start, 5, 2830583324, 707645831, 5762354
circular-read-start, 4, 5, 500000000000, 5763759
circular-read-start, 5, 5, 500000000000, 5763759
circular-read-start, 6, 5, 500000000000, 5763759
circular-read-start, 7, 5, 500000000000, 5763759
circular-read-total, 4, 5, 500000000000, 1044868, 1127384
circular-read-total, 5, 5, 500000000000, 1045704, 1128305
circular-read-total, 7, 5, 500000000000, 1049894, 1129837
circular-read-total, 6, 5, 500000000000, 1053311, 1132054
linear-scan, 1133358
-sort , 90129, 61
-merge, 77933, 61
-last , 1274
read, 5, 707645831, 1134763
network, 5, 291233

read-start, 6, 3538229155, 707645831, 7188358
circular-read-start, 4, 6, 500000000000, 7189760
circular-read-start, 5, 6, 500000000000, 7189760
circular-read-start, 6, 6, 500000000000, 7189760
circular-read-start, 7, 6, 500000000000, 7189760
circular-read-total, 5, 6, 500000000000, 1048369, 1099809
circular-read-total, 4, 6, 500000000000, 1051316, 1102435
circular-read-total, 7, 6, 500000000000, 1054028, 1102795
circular-read-total, 6, 6, 500000000000, 1056091, 1103183
linear-scan, 1105162
-sort , 87481, 60
-merge, 75493, 60
-last , 1901
read, 6, 707645831, 1106563
network, 6, 316610

read-start, 7, 4245874986, 707645831, 8611544
circular-read-start, 5, 7, 500000000000, 8612946
circular-read-start, 4, 7, 500000000000, 8612946
circular-read-start, 6, 7, 500000000000, 8612946
circular-read-start, 7, 7, 500000000000, 8612946
circular-read-total, 4, 7, 500000000000, 1048863, 1103008
circular-read-total, 5, 7, 500000000000, 1050178, 1104504
circular-read-total, 7, 7, 500000000000, 1053164, 1104679
circular-read-total, 6, 7, 500000000000, 1055215, 1105286
linear-scan, 1108042
-sort , 86572, 59
-merge, 76552, 59
-last , 2636
read, 7, 707645831, 1109443
network, 7, 330445

read-start, 8, 4953520817, 707645831, 10051438
circular-read-start, 5, 8, 500000000000, 10052840
circular-read-start, 4, 8, 500000000000, 10052840
circular-read-start, 6, 8, 500000000000, 10052840
circular-read-start, 7, 8, 500000000000, 10052840
circular-read-total, 4, 8, 500000000000, 1046495, 1104390
circular-read-total, 5, 8, 500000000000, 1047590, 1105469
circular-read-total, 7, 8, 500000000000, 1050583, 1105815
circular-read-total, 6, 8, 500000000000, 1053534, 1107175
linear-scan, 1108629
-sort , 88779, 59
-merge, 74047, 59
-last , 1412
read, 8, 707645831, 1110031
network, 8, 320342

read-start, 9, 5661166648, 707645831, 11481827
circular-read-start, 4, 9, 500000000000, 11483228
circular-read-start, 5, 9, 500000000000, 11483228
circular-read-start, 6, 9, 500000000000, 11483228
circular-read-start, 7, 9, 500000000000, 11483228
circular-read-total, 4, 9, 500000000000, 1049461, 1095693
circular-read-total, 5, 9, 500000000000, 1053676, 1099120
circular-read-total, 6, 9, 500000000000, 1057236, 1099536
circular-read-total, 7, 9, 500000000000, 1057131, 1100322
linear-scan, 1102290
-sort , 84315, 58
-merge, 73143, 58
-last , 1890
read, 9, 707645831, 1103691
network, 9, 313918

read-start, 10, 6368812479, 707645831, 12899447
circular-read-start, 5, 10, 500000000000, 12900848
circular-read-start, 4, 10, 500000000000, 12900848
circular-read-start, 6, 10, 500000000000, 12900848
circular-read-start, 7, 10, 500000000000, 12900848
circular-read-total, 4, 10, 500000000000, 1050718, 1091921
circular-read-total, 7, 10, 500000000000, 1054643, 1093015
circular-read-total, 5, 10, 500000000000, 1052979, 1093960
circular-read-total, 6, 10, 500000000000, 1059781, 1096140
linear-scan, 1098690
-sort , 84874, 57
-merge, 72494, 57
-last , 2437
read, 10, 707645831, 1100092
network, 10, 315957

read-start, 11, 7076458310, 707645831, 14315506
circular-read-start, 4, 11, 500000000000, 14316942
circular-read-start, 5, 11, 500000000000, 14316942
circular-read-start, 6, 11, 500000000000, 14316942
circular-read-start, 7, 11, 500000000000, 14316942
circular-read-total, 5, 11, 500000000000, 1045776, 1106443
circular-read-total, 4, 11, 500000000000, 1046263, 1107361
circular-read-total, 7, 11, 500000000000, 1049606, 1107729
circular-read-total, 6, 11, 500000000000, 1052000, 1108556
linear-scan, 1109644
-sort , 87646, 57
-merge, 73732, 57
-last , 1072
read, 11, 707645831, 1111080
network, 11, 300977

read-start, 12, 7784104141, 707645831, 15727570
circular-read-start, 5, 12, 500000000000, 15728972
circular-read-start, 4, 12, 500000000000, 15728972
circular-read-start, 6, 12, 500000000000, 15728972
circular-read-start, 7, 12, 500000000000, 15728972
circular-read-total, 5, 12, 500000000000, 1051607, 1086402
circular-read-total, 7, 12, 500000000000, 1054864, 1087472
circular-read-total, 4, 12, 500000000000, 1054175, 1089470
circular-read-total, 6, 12, 500000000000, 1058421, 1089559
linear-scan, 1090976
-sort , 82270, 56
-merge, 73832, 56
-last , 1380
read, 12, 707645831, 1092378
network, 12, 319430

read-start, 13, 8491749972, 707645831, 17139382
circular-read-start, 5, 13, 500000000000, 17140797
circular-read-start, 4, 13, 500000000000, 17140797
circular-read-start, 6, 13, 500000000000, 17140797
circular-read-start, 7, 13, 500000000000, 17140797
circular-read-total, 4, 13, 500000000000, 1047195, 1097633
circular-read-total, 5, 13, 500000000000, 1048199, 1098811
circular-read-total, 7, 13, 500000000000, 1051733, 1099404
circular-read-total, 6, 13, 500000000000, 1054199, 1100729
linear-scan, 1102361
-sort , 83687, 55
-merge, 73420, 55
-last , 1576
read, 13, 707645831, 1103775
network, 13, 299226

read-start, 14, 9199395803, 707645831, 18542396
circular-read-start, 5, 14, 500000000000, 18543799
circular-read-start, 4, 14, 500000000000, 18543799
circular-read-start, 6, 14, 500000000000, 18543799
circular-read-start, 7, 14, 500000000000, 18543799
circular-read-total, 4, 14, 500000000000, 1051983, 1078963
circular-read-total, 5, 14, 500000000000, 1052601, 1079705
circular-read-total, 7, 14, 500000000000, 1056570, 1080946
circular-read-total, 6, 14, 500000000000, 1058686, 1082441
linear-scan, 1084263
-sort , 79550, 54
-merge, 70110, 54
-last , 1758
read, 14, 707645831, 1085666
network, 14, 314271

read-start, 15, 9907041634, 707645831, 19942337
circular-read-start, 4, 15, 500000000000, 19943748
circular-read-start, 5, 15, 500000000000, 19943748
circular-read-start, 6, 15, 500000000000, 19943748
circular-read-start, 7, 15, 500000000000, 19943748
circular-read-total, 5, 15, 500000000000, 1050654, 1077584
circular-read-total, 4, 15, 500000000000, 1051437, 1078288
circular-read-total, 6, 15, 500000000000, 1058178, 1081807
circular-read-total, 7, 15, 500000000000, 1057794, 1082356
linear-scan, 1084239
-sort , 78457, 53
-merge, 68678, 53
-last , 1815
read, 15, 707645831, 1085650
network, 15, 331228

read-start, 16, 10614687465, 707645831, 21359228
circular-read-start, 5, 16, 500000000000, 21360630
circular-read-start, 4, 16, 500000000000, 21360630
circular-read-start, 6, 16, 500000000000, 21360630
circular-read-start, 7, 16, 500000000000, 21360630
circular-read-total, 4, 16, 500000000000, 1049405, 1076801
circular-read-total, 5, 16, 500000000000, 1050263, 1077654
circular-read-total, 7, 16, 500000000000, 1053460, 1078510
circular-read-total, 6, 16, 500000000000, 1057345, 1081051
linear-scan, 1082808
-sort , 76811, 52
-merge, 67249, 52
-last , 1696
read, 16, 707645831, 1084209
network, 16, 310012

read-start, 17, 11322333296, 707645831, 22753465
circular-read-start, 4, 17, 500000000000, 22754870
circular-read-start, 5, 17, 500000000000, 22754870
circular-read-start, 6, 17, 500000000000, 22754870
circular-read-start, 7, 17, 500000000000, 22754870
circular-read-total, 4, 17, 500000000000, 1049737, 1076789
circular-read-total, 5, 17, 500000000000, 1050986, 1078008
circular-read-total, 7, 17, 500000000000, 1054271, 1078607
circular-read-total, 6, 17, 500000000000, 1056368, 1080048
linear-scan, 1081539
-sort , 75170, 51
-merge, 65983, 51
-last , 1448
read, 17, 707645831, 1082943
network, 17, 299360

read-start, 18, 12029979127, 707645831, 24135774
circular-read-start, 5, 18, 500000000000, 24137175
circular-read-start, 4, 18, 500000000000, 24137175
circular-read-start, 6, 18, 500000000000, 24137175
circular-read-start, 7, 18, 500000000000, 24137175
circular-read-total, 4, 18, 500000000000, 1048802, 1075806
circular-read-total, 5, 18, 500000000000, 1049517, 1076581
circular-read-total, 7, 18, 500000000000, 1054100, 1078743
circular-read-total, 6, 18, 500000000000, 1056183, 1079847
linear-scan, 1080935
-sort , 73575, 50
-merge, 65186, 50
-last , 1074
read, 18, 707645831, 1082336
network, 18, 313999

read-start, 19, 12737624958, 707645831, 25532125
circular-read-start, 4, 19, 500000000000, 25533527
circular-read-start, 5, 19, 500000000000, 25533527
circular-read-start, 6, 19, 500000000000, 25533527
circular-read-start, 7, 19, 500000000000, 25533527
circular-read-total, 4, 19, 500000000000, 1047197, 1074817
circular-read-total, 5, 19, 500000000000, 1048169, 1075575
circular-read-total, 6, 19, 500000000000, 1053610, 1077357
circular-read-total, 7, 19, 500000000000, 1053181, 1077786
linear-scan, 1079956
-sort , 72175, 48
-merge, 66973, 48
-last , 2073
read, 19, 707645831, 1081358
network, 19, 310957

read-start, 20, 13445270789, 707645831, 26924458
circular-read-start, 4, 20, 500000000000, 26925859
circular-read-start, 5, 20, 500000000000, 26925859
circular-read-start, 6, 20, 500000000000, 26925859
circular-read-start, 7, 20, 500000000000, 26925859
circular-read-total, 5, 20, 500000000000, 1047037, 1074015
circular-read-total, 4, 20, 500000000000, 1048094, 1074848
circular-read-total, 7, 20, 500000000000, 1052505, 1077326
circular-read-total, 6, 20, 500000000000, 1054512, 1078041
linear-scan, 1079424
-sort , 70008, 47
-merge, 61395, 47
-last , 1348
read, 20, 707645831, 1080825
network, 20, 316871

read-start, 21, 14152916620, 707645831, 28322173
circular-read-start, 4, 21, 500000000000, 28323576
circular-read-start, 5, 21, 500000000000, 28323576
circular-read-start, 6, 21, 500000000000, 28323576
circular-read-start, 7, 21, 500000000000, 28323576
circular-read-total, 4, 21, 500000000000, 1045566, 1072855
circular-read-total, 5, 21, 500000000000, 1046375, 1073756
circular-read-total, 7, 21, 500000000000, 1049723, 1074591
circular-read-total, 6, 21, 500000000000, 1053179, 1076938
linear-scan, 1078884
-sort , 67031, 45
-merge, 59244, 45
-last , 1869
read, 21, 707645831, 1080287
network, 21, 306136

read-start, 22, 14860562451, 707645831, 29708710
circular-read-start, 4, 22, 500000000000, 29710110
circular-read-start, 5, 22, 500000000000, 29710110
circular-read-start, 6, 22, 500000000000, 29710110
circular-read-start, 7, 22, 500000000000, 29710110
circular-read-total, 4, 22, 500000000000, 1054699, 1078136
circular-read-total, 7, 22, 500000000000, 1055455, 1078170
circular-read-total, 5, 22, 500000000000, 1056742, 1079924
circular-read-total, 6, 22, 500000000000, 1058533, 1080155
linear-scan, 1082362
-sort , 65432, 43
-merge, 57430, 43
-last , 2106
read, 22, 707645831, 1083762
network, 22, 293814

read-start, 23, 15568208282, 707645831, 31086301
circular-read-start, 5, 23, 500000000000, 31087721
circular-read-start, 4, 23, 500000000000, 31087721
circular-read-start, 6, 23, 500000000000, 31087721
circular-read-start, 7, 23, 500000000000, 31087721
circular-read-total, 6, 23, 500000000000, 1061557, 1081983
circular-read-total, 7, 23, 500000000000, 1061681, 1082204
circular-read-total, 5, 23, 500000000000, 1062289, 1083262
circular-read-total, 4, 23, 500000000000, 1064356, 1085448
linear-scan, 1087424
-sort , 61904, 41
-merge, 55093, 41
-last , 1901
read, 23, 707645831, 1088844
network, 23, 288939

read-start, 24, 16275854113, 707645831, 32464095
circular-read-start, 4, 24, 500000000000, 32465497
circular-read-start, 5, 24, 500000000000, 32465497
circular-read-start, 6, 24, 500000000000, 32465497
circular-read-start, 7, 24, 500000000000, 32465497
circular-read-total, 7, 24, 500000000000, 1057869, 1077520
circular-read-total, 5, 24, 500000000000, 1059324, 1079272
circular-read-total, 6, 24, 500000000000, 1060205, 1080101
circular-read-total, 4, 24, 500000000000, 1061513, 1081825
linear-scan, 1082866
-sort , 57908, 39
-merge, 55330, 39
-last , 1031
read, 24, 707645831, 1084268
network, 24, 301355

read-start, 25, 16983499944, 707645831, 33849725
circular-read-start, 5, 25, 500000000000, 33851130
circular-read-start, 4, 25, 500000000000, 33851130
circular-read-start, 6, 25, 500000000000, 33851130
circular-read-start, 7, 25, 500000000000, 33851130
circular-read-total, 7, 25, 500000000000, 1056615, 1076281
circular-read-total, 4, 25, 500000000000, 1057774, 1077768
circular-read-total, 5, 25, 500000000000, 1058976, 1078958
circular-read-total, 6, 25, 500000000000, 1060085, 1079677
linear-scan, 1082254
-sort , 54132, 36
-merge, 50574, 36
-last , 946
read, 25, 707645831, 1083658
network, 25, 302479

read-start, 26, 17691145775, 707645831, 35235876
circular-read-start, 5, 26, 500000000000, 35237278
circular-read-start, 4, 26, 500000000000, 35237278
circular-read-start, 6, 26, 500000000000, 35237278
circular-read-start, 7, 26, 500000000000, 35237278
circular-read-total, 7, 26, 500000000000, 1053775, 1073341
circular-read-total, 5, 26, 500000000000, 1055401, 1075241
circular-read-total, 4, 26, 500000000000, 1056277, 1076394
circular-read-total, 6, 26, 500000000000, 1058222, 1077972
linear-scan, 1079129
-sort , 48239, 32
-merge, 44482, 32
-last , 1139
read, 26, 707645831, 1080531
network, 26, 299267

read-start, 27, 18398791606, 707645831, 36615693
circular-read-start, 5, 27, 500000000000, 36617094
circular-read-start, 4, 27, 500000000000, 36617094
circular-read-start, 6, 27, 500000000000, 36617094
circular-read-start, 7, 27, 500000000000, 36617094
circular-read-total, 7, 27, 500000000000, 1049625, 1069262
circular-read-total, 5, 27, 500000000000, 1051986, 1071948
circular-read-total, 4, 27, 500000000000, 1052597, 1072581
circular-read-total, 6, 27, 500000000000, 1053960, 1073701
linear-scan, 1076114
-sort , 39993, 26
-merge, 37333, 26
-last , 2304
read, 27, 707645831, 1077515
network, 27, 303285

read-start, 28, 19106437437, 707645831, 37996500
circular-read-start, 5, 28, 500000000000, 37997908
circular-read-start, 4, 28, 500000000000, 37997908
circular-read-start, 6, 28, 500000000000, 37997908
circular-read-start, 7, 28, 500000000000, 37997908
circular-read-total, 7, 28, 500000000000, 1035586, 1059985
circular-read-total, 4, 28, 500000000000, 1036234, 1060451
circular-read-total, 5, 28, 500000000000, 1037052, 1061639
circular-read-total, 6, 28, 500000000000, 1039411, 1063183
linear-scan, 1064770
-sort , 27357, 18
-merge, 28922, 18
-last , 1537
read, 28, 707645831, 1066178
network, 28, 300752

read-start, 29, 19814083268, 185916732, 39363449
circular-read-start, 5, 29, 500000000000, 39363817
circular-read-start, 4, 29, 500000000000, 39363817
circular-read-start, 6, 29, 500000000000, 39363817
circular-read-start, 7, 29, 500000000000, 39363817
circular-read-total, 4, 29, 500000000000, 1024949, 1052047
circular-read-total, 5, 29, 500000000000, 1025356, 1052603
circular-read-total, 6, 29, 500000000000, 1029385, 1054242
circular-read-total, 7, 29, 500000000000, 1028773, 1054540
linear-scan, 1055509
-sort , 6032, 15
-merge, 6542, 15
-last , 246
read, 29, 185916732, 1055878
network, 29, 101261

exit, 40524896
