# 3, 1, 0.5, false, read
recv-size, 0, 10485760
size, 0, 0
recv-size, 1, 10485760
size, 1, 0
recv-size, 2, 10485760
size, 2, 0
start-read, 0, 0, 5242880
start-read, 1, 0, 5242880
start-read, 2, 0, 5242880
read, 0, 6557
recv-read, 0, 0, 5242880
network, 0, 2709
read, 1, 9266
recv-read, 1, 0, 5242880
network, 1, 6079
read, 2, 15346
recv-read, 2, 0, 5242880
network, 2, 6282
start-read, 3, 5242880, 5242880
start-read, 4, 5242880, 5242880
start-read, 5, 5242880, 5242880
read, 3, 1798
recv-read, 3, 5242880, 5242880
network, 3, 4972
read, 4, 6770
recv-read, 4, 5242880, 5242880
network, 4, 3823
read, 5, 10593
recv-read, 5, 5242880, 5242880
network, 5, 5956
start-read, 6, 10485760, 5242880
start-read, 7, 10485760, 5242880
start-read, 8, 10485760, 5242880
read, 6, 244
recv-read, 6, 10485760, 0
network, 6, 0
read, 7, 248
recv-read, 7, 10485760, 0
network, 7, 0
read, 8, 252
recv-read, 8, 10485760, 0
network, 8, 0
cmd-read, 0, 47577
