# 1, 50, 1, false, read
recv-size, 0, 524288000
size, 0, 0
start-read, 0, 0, 10485760
read, 0, 165968
recv-read, 0, 0, 10485760
network, 0, 9177
start-read, 1, 10485760, 10485760
read, 1, 144022
recv-read, 1, 10485760, 10485760
network, 1, 8643
start-read, 2, 20971520, 10485760
read, 2, 148947
recv-read, 2, 20971520, 10485760
network, 2, 8623
start-read, 3, 31457280, 10485760
read, 3, 142777
recv-read, 3, 31457280, 10485760
network, 3, 8775
start-read, 4, 41943040, 10485760
read, 4, 145957
recv-read, 4, 41943040, 10485760
network, 4, 8643
start-read, 5, 52428800, 10485760
read, 5, 148002
recv-read, 5, 52428800, 10485760
network, 5, 8626
start-read, 6, 62914560, 10485760
read, 6, 141668
recv-read, 6, 62914560, 10485760
network, 6, 8798
start-read, 7, 73400320, 10485760
read, 7, 145407
recv-read, 7, 73400320, 10485760
network, 7, 8766
start-read, 8, 83886080, 10485760
read, 8, 145481
recv-read, 8, 83886080, 10485760
network, 8, 8805
start-read, 9, 94371840, 10485760
read, 9, 147798
recv-read, 9, 94371840, 10485760
network, 9, 8785
start-read, 10, 104857600, 10485760
read, 10, 142864
recv-read, 10, 104857600, 10485760
network, 10, 8635
start-read, 11, 115343360, 10485760
read, 11, 143298
recv-read, 11, 115343360, 10485760
network, 11, 8826
start-read, 12, 125829120, 10485760
read, 12, 145296
recv-read, 12, 125829120, 10485760
network, 12, 8645
start-read, 13, 136314880, 10485760
read, 13, 143616
recv-read, 13, 136314880, 10485760
network, 13, 8634
start-read, 14, 146800640, 10485760
read, 14, 143067
recv-read, 14, 146800640, 10485760
network, 14, 8830
start-read, 15, 157286400, 10485760
read, 15, 140514
recv-read, 15, 157286400, 10485760
network, 15, 8792
start-read, 16, 167772160, 10485760
read, 16, 140359
recv-read, 16, 167772160, 10485760
network, 16, 8806
start-read, 17, 178257920, 10485760
read, 17, 141413
recv-read, 17, 178257920, 10485760
network, 17, 8820
start-read, 18, 188743680, 10485760
read, 18, 139470
recv-read, 18, 188743680, 10485760
network, 18, 8785
start-read, 19, 199229440, 10485760
read, 19, 142408
recv-read, 19, 199229440, 10485760
network, 19, 8819
start-read, 20, 209715200, 10485760
read, 20, 141587
recv-read, 20, 209715200, 10485760
network, 20, 8802
start-read, 21, 220200960, 10485760
read, 21, 141668
recv-read, 21, 220200960, 10485760
network, 21, 8850
start-read, 22, 230686720, 10485760
read, 22, 140708
recv-read, 22, 230686720, 10485760
network, 22, 8732
start-read, 23, 241172480, 10485760
read, 23, 141176
recv-read, 23, 241172480, 10485760
network, 23, 8784
start-read, 24, 251658240, 10485760
read, 24, 141213
recv-read, 24, 251658240, 10485760
network, 24, 8835
start-read, 25, 262144000, 10485760
read, 25, 138744
recv-read, 25, 262144000, 10485760
network, 25, 8626
start-read, 26, 272629760, 10485760
read, 26, 140643
recv-read, 26, 272629760, 10485760
network, 26, 8609
start-read, 27, 283115520, 10485760
read, 27, 141074
recv-read, 27, 283115520, 10485760
network, 27, 8749
start-read, 28, 293601280, 10485760
read, 28, 138947
recv-read, 28, 293601280, 10485760
network, 28, 8700
start-read, 29, 304087040, 10485760
read, 29, 140127
recv-read, 29, 304087040, 10485760
network, 29, 8707
start-read, 30, 314572800, 10485760
read, 30, 138421
recv-read, 30, 314572800, 10485760
network, 30, 8699
start-read, 31, 325058560, 10485760
read, 31, 139748
recv-read, 31, 325058560, 10485760
network, 31, 8785
start-read, 32, 335544320, 10485760
read, 32, 140819
recv-read, 32, 335544320, 10485760
network, 32, 8708
start-read, 33, 346030080, 10485760
read, 33, 140919
recv-read, 33, 346030080, 10485760
network, 33, 8824
start-read, 34, 356515840, 10485760
read, 34, 140185
recv-read, 34, 356515840, 10485760
network, 34, 8696
start-read, 35, 367001600, 10485760
read, 35, 139621
recv-read, 35, 367001600, 10485760
network, 35, 8737
start-read, 36, 377487360, 10485760
read, 36, 139693
recv-read, 36, 377487360, 10485760
network, 36, 8828
start-read, 37, 387973120, 10485760
read, 37, 138983
recv-read, 37, 387973120, 10485760
network, 37, 8806
start-read, 38, 398458880, 10485760
read, 38, 140010
recv-read, 38, 398458880, 10485760
network, 38, 8715
start-read, 39, 408944640, 10485760
read, 39, 140787
recv-read, 39, 408944640, 10485760
network, 39, 8652
start-read, 40, 419430400, 10485760
read, 40, 139801
recv-read, 40, 419430400, 10485760
network, 40, 8692
start-read, 41, 429916160, 10485760
read, 41, 139699
recv-read, 41, 429916160, 10485760
network, 41, 8637
start-read, 42, 440401920, 10485760
read, 42, 141490
recv-read, 42, 440401920, 10485760
network, 42, 8615
start-read, 43, 450887680, 10485760
read, 43, 140908
recv-read, 43, 450887680, 10485760
network, 43, 8736
start-read, 44, 461373440, 10485760
read, 44, 140403
recv-read, 44, 461373440, 10485760
network, 44, 8734
start-read, 45, 471859200, 10485760
read, 45, 140695
recv-read, 45, 471859200, 10485760
network, 45, 8699
start-read, 46, 482344960, 10485760
read, 46, 140313
recv-read, 46, 482344960, 10485760
network, 46, 8725
start-read, 47, 492830720, 10485760
read, 47, 140613
recv-read, 47, 492830720, 10485760
network, 47, 8671
start-read, 48, 503316480, 10485760
read, 48, 141194
recv-read, 48, 503316480, 10485760
network, 48, 8682
start-read, 49, 513802240, 10485760
read, 49, 142202
recv-read, 49, 513802240, 10485760
network, 49, 8694
start-read, 50, 524288000, 10485760
cmd-read, 0, 7547896
