# Sun Sep 20 20:21:35 PDT 2015
# 11, 116.67, 0, read
max-chunk, 3, 1, 171511808, 0
chunk-size, 171511808, 2049
disks, 8

size, 3, 2, 1166700000, 0
size, 4, 1, 1166700000, 0
size, 5, 1, 1166700000, 0
size, 6, 1, 1166700000, 0
size, 7, 1, 1166700000, 0
size, 8, 1, 1166700000, 0
size, 9, 1, 1166700000, 0
size, 10, 1, 1166700000, 0
size, 11, 1, 1166700000, 0
size, 12, 1, 1166700000, 0
size, 13, 1, 1166700000, 0
size, 14, 1, 1166700000, 0


read-start, 3, 1, 0, 171511808, 26
read-start, 4, 1, 0, 171511808, 26
read-start, 5, 1, 0, 171511808, 26
read-start, 6, 1, 0, 171511808, 26
read-start, 7, 1, 0, 171511808, 26
read-start, 8, 1, 0, 171511808, 26
read-start, 9, 1, 0, 171511808, 26
read-start, 10, 1, 0, 171511808, 26
read-start, 11, 1, 0, 171511808, 26
read-start, 12, 1, 0, 171511808, 26
read-start, 13, 1, 0, 171511808, 26
read-start, 14, 1, 0, 171511808, 26
read-wait, 3, 1, 0
read, 3, 1, 0, 171511808, 268446
circular-read-start, 3, 1, 17151180800, 268473
read-wait, 4, 1, 268613
read, 4, 1, 0, 171511808, 269412
circular-read-start, 4, 1, 17151180800, 269439
read-wait, 5, 1, 269610
read, 5, 1, 0, 171511808, 269610
circular-read-start, 5, 1, 17151180800, 269636
read-wait, 6, 1, 269612
read, 6, 1, 0, 171511808, 269612
circular-read-start, 6, 1, 17151180800, 269639
read-wait, 7, 1, 269615
read, 7, 1, 0, 171511808, 269615
circular-read-start, 7, 1, 17151180800, 269641
read-wait, 8, 1, 269617
read, 8, 1, 0, 171511808, 269617
circular-read-start, 8, 1, 17151180800, 269644
read-wait, 9, 1, 269619
read, 9, 1, 0, 171511808, 269619
circular-read-start, 9, 1, 17151180800, 269646
read-wait, 10, 1, 269622
read, 10, 1, 0, 171511808, 269622
circular-read-start, 10, 1, 17151180800, 269649
read-wait, 11, 1, 269624
read, 11, 1, 0, 171511808, 269624
circular-read-start, 11, 1, 17151180800, 269650
read-wait, 12, 1, 269626
read, 12, 1, 0, 171511808, 269626
circular-read-start, 12, 1, 17151180800, 269653
read-wait, 13, 1, 269628
read, 13, 1, 0, 171511808, 269628
circular-read-start, 13, 1, 17151180800, 269655
read-wait, 14, 1, 269630
read, 14, 1, 0, 171511808, 269630
circular-read-start, 14, 1, 17151180800, 269657
read-start, 3, 2, 171511808, 171511808, 462950
circular-read-total, 3, 1, 17151180800, 63354, 194477
read-start, 11, 2, 171511808, 171511808, 463878
circular-read-total, 11, 1, 17151180800, 137623, 194227
read-start, 12, 2, 171511808, 171511808, 463955
circular-read-total, 12, 1, 17151180800, 116721, 194302
read-start, 14, 2, 171511808, 171511808, 463980
circular-read-total, 14, 1, 17151180800, 118810, 194323
read-start, 13, 2, 171511808, 171511808, 463989
circular-read-total, 13, 1, 17151180800, 120338, 194334
read-start, 10, 2, 171511808, 171511808, 464062
circular-read-total, 10, 1, 17151180800, 110035, 194413
read-start, 8, 2, 171511808, 171511808, 464110
circular-read-total, 8, 1, 17151180800, 108022, 194465
read-start, 7, 2, 171511808, 171511808, 464323
circular-read-total, 7, 1, 17151180800, 130586, 194682
read-start, 9, 2, 171511808, 171511808, 464443
circular-read-total, 9, 1, 17151180800, 139093, 194797
read-start, 5, 2, 171511808, 171511808, 464551
circular-read-total, 5, 1, 17151180800, 141564, 194914
read-start, 6, 2, 171511808, 171511808, 464829
circular-read-total, 6, 1, 17151180800, 129115, 195190
read-start, 4, 2, 171511808, 171511808, 465567
circular-read-total, 4, 1, 17151180800, 122097, 196127
read-wait, 6, 2, 816
read, 6, 2, 171511808, 171511808, 242078
circular-read-start, 6, 2, 17151180800, 706908
read-wait, 10, 2, 242992
read, 10, 2, 171511808, 171511808, 243299
circular-read-start, 10, 2, 17151180800, 707361
read-wait, 8, 2, 243389
read, 8, 2, 171511808, 171511808, 243389
circular-read-start, 8, 2, 17151180800, 707499
read-wait, 7, 2, 243178
read, 7, 2, 171511808, 171511808, 243178
circular-read-start, 7, 2, 17151180800, 707502
read-wait, 14, 2, 243526
read, 14, 2, 171511808, 171511808, 243526
circular-read-start, 14, 2, 17151180800, 707507
read-wait, 11, 2, 243635
read, 11, 2, 171511808, 171511808, 243635
circular-read-start, 11, 2, 17151180800, 707513
read-wait, 9, 2, 243073
read, 9, 2, 171511808, 171511808, 243073
circular-read-start, 9, 2, 17151180800, 707517
read-wait, 12, 2, 243565
read, 12, 2, 171511808, 171511808, 243565
circular-read-start, 12, 2, 17151180800, 707520
read-wait, 3, 2, 244575
read, 3, 2, 171511808, 171511808, 244575
circular-read-start, 3, 2, 17151180800, 707525
read-wait, 5, 2, 242984
read, 5, 2, 171511808, 171511808, 242984
circular-read-start, 5, 2, 17151180800, 707535
read-wait, 4, 2, 242053
read, 4, 2, 171511808, 171511808, 243766
circular-read-start, 4, 2, 17151180800, 709333
read-wait, 13, 2, 245506
read, 13, 2, 171511808, 171511808, 245506
circular-read-start, 13, 2, 17151180800, 709495
read-start, 6, 3, 343023616, 171511808, 901167
circular-read-total, 6, 2, 17151180800, 84350, 194260
read-start, 10, 3, 343023616, 171511808, 901851
circular-read-total, 10, 2, 17151180800, 61261, 194491
read-start, 11, 3, 343023616, 171511808, 902386
circular-read-total, 11, 2, 17151180800, 111945, 194873
read-start, 7, 3, 343023616, 171511808, 902641
circular-read-total, 7, 2, 17151180800, 131554, 195138
read-start, 12, 3, 343023616, 171511808, 902670
circular-read-total, 12, 2, 17151180800, 123967, 195149
read-start, 8, 3, 343023616, 171511808, 902910
circular-read-total, 8, 2, 17151180800, 111701, 195410
read-start, 9, 3, 343023616, 171511808, 903048
circular-read-total, 9, 2, 17151180800, 127689, 195531
read-start, 3, 3, 343023616, 171511808, 903057
circular-read-total, 3, 2, 17151180800, 120488, 195531
read-start, 5, 3, 343023616, 171511808, 903088
circular-read-total, 5, 2, 17151180800, 122206, 195552
read-start, 14, 3, 343023616, 171511808, 903594
circular-read-total, 14, 2, 17151180800, 137982, 196087
read-start, 13, 3, 343023616, 171511808, 904024
circular-read-total, 13, 2, 17151180800, 112690, 194528
read-wait, 7, 3, 1675
read-start, 4, 3, 343023616, 171511808, 904382
circular-read-total, 4, 2, 17151180800, 119570, 195048
read, 7, 3, 343023616, 171511808, 242609
circular-read-start, 7, 3, 17151180800, 1145251
read-wait, 6, 3, 244225
read, 6, 3, 343023616, 171511808, 244225
circular-read-start, 6, 3, 17151180800, 1145393
read-wait, 11, 3, 243010
read, 11, 3, 343023616, 171511808, 243010
circular-read-start, 11, 3, 17151180800, 1145397
read-wait, 12, 3, 242732
read, 12, 3, 343023616, 171511808, 242732
circular-read-start, 12, 3, 17151180800, 1145402
read-wait, 8, 3, 242557
read, 8, 3, 343023616, 171511808, 242557
circular-read-start, 8, 3, 17151180800, 1145468
read-wait, 9, 3, 242422
read, 9, 3, 343023616, 171511808, 242606
circular-read-start, 9, 3, 17151180800, 1145655
read-wait, 14, 3, 242196
read, 14, 3, 343023616, 171511808, 242379
circular-read-start, 14, 3, 17151180800, 1145974
read-wait, 10, 3, 244275
read, 10, 3, 343023616, 171511808, 244275
circular-read-start, 10, 3, 17151180800, 1146126
read-wait, 5, 3, 243042
read, 5, 3, 343023616, 171511808, 243042
circular-read-start, 5, 3, 17151180800, 1146130
read-wait, 3, 3, 243078
read, 3, 3, 343023616, 171511808, 243078
circular-read-start, 3, 3, 17151180800, 1146136
read-wait, 4, 3, 241758
read, 4, 3, 343023616, 171511808, 242933
circular-read-start, 4, 3, 17151180800, 1147316
read-wait, 13, 3, 243440
read, 13, 3, 343023616, 171511808, 243440
circular-read-start, 13, 3, 17151180800, 1147465
read-start, 9, 4, 514535424, 171511808, 1340175
circular-read-total, 9, 3, 17151180800, 109378, 194519
read-start, 3, 4, 514535424, 171511808, 1340410
circular-read-total, 3, 3, 17151180800, 87490, 194274
read-start, 5, 4, 514535424, 171511808, 1340425
circular-read-total, 5, 3, 17151180800, 81929, 194294
read-start, 11, 4, 514535424, 171511808, 1340457
circular-read-total, 11, 3, 17151180800, 92210, 195059
read-start, 14, 4, 514535424, 171511808, 1340509
circular-read-total, 14, 3, 17151180800, 105770, 194534
read-start, 7, 4, 514535424, 171511808, 1340510
circular-read-total, 7, 3, 17151180800, 104304, 195259
read-start, 12, 4, 514535424, 171511808, 1340602
circular-read-total, 12, 3, 17151180800, 104625, 195200
read-start, 6, 4, 514535424, 171511808, 1341158
circular-read-total, 6, 3, 17151180800, 121738, 195765
read-start, 10, 4, 514535424, 171511808, 1341509
circular-read-total, 10, 3, 17151180800, 120396, 195382
read-start, 8, 4, 514535424, 171511808, 1341628
circular-read-total, 8, 3, 17151180800, 115384, 196159
read-start, 13, 4, 514535424, 171511808, 1341884
circular-read-total, 13, 3, 17151180800, 126754, 194419
read-start, 4, 4, 514535424, 171511808, 1342281
circular-read-total, 4, 3, 17151180800, 125307, 194965
read-wait, 8, 4, 934
read, 8, 4, 514535424, 171511808, 243136
circular-read-start, 8, 4, 17151180800, 1584764
read-wait, 7, 4, 244408
read, 7, 4, 514535424, 171511808, 244409
circular-read-start, 7, 4, 17151180800, 1584919
read-wait, 11, 4, 244472
read, 11, 4, 514535424, 171511808, 244472
circular-read-start, 11, 4, 17151180800, 1584929
read-wait, 6, 4, 243773
read, 6, 4, 514535424, 171511808, 243773
circular-read-start, 6, 4, 17151180800, 1584932
read-wait, 12, 4, 244334
read, 12, 4, 514535424, 171511808, 244334
circular-read-start, 12, 4, 17151180800, 1584937
read-wait, 10, 4, 243432
read, 10, 4, 514535424, 171511808, 243432
circular-read-start, 10, 4, 17151180800, 1584941
read-wait, 9, 4, 244768
read, 9, 4, 514535424, 171511808, 244768
circular-read-start, 9, 4, 17151180800, 1584943
read-wait, 14, 4, 244441
read, 14, 4, 514535424, 171511808, 244441
circular-read-start, 14, 4, 17151180800, 1584951
read-wait, 4, 4, 242679
read, 4, 4, 514535424, 171511808, 243454
circular-read-start, 4, 4, 17151180800, 1585736
read-wait, 3, 4, 245470
read, 3, 4, 514535424, 171511808, 245470
circular-read-start, 3, 4, 17151180800, 1585881
read-wait, 5, 4, 245461
read, 5, 4, 514535424, 171511808, 245461
circular-read-start, 5, 4, 17151180800, 1585886
read-wait, 13, 4, 244019
read, 13, 4, 514535424, 171511808, 244019
circular-read-start, 13, 4, 17151180800, 1585903
read-start, 7, 5, 686047232, 171511808, 1779148
circular-read-total, 7, 4, 17151180800, 140283, 194228
read-start, 9, 5, 686047232, 171511808, 1779268
circular-read-total, 9, 4, 17151180800, 110919, 194324
read-start, 11, 5, 686047232, 171511808, 1779299
circular-read-total, 11, 4, 17151180800, 134668, 194369
read-start, 8, 5, 686047232, 171511808, 1779363
circular-read-total, 8, 4, 17151180800, 110778, 194599
read-start, 14, 5, 686047232, 171511808, 1779398
circular-read-total, 14, 4, 17151180800, 120763, 194447
read-start, 12, 5, 686047232, 171511808, 1779464
circular-read-total, 12, 4, 17151180800, 88812, 194529
read-start, 10, 5, 686047232, 171511808, 1779693
circular-read-total, 10, 4, 17151180800, 107191, 194752
read-start, 6, 5, 686047232, 171511808, 1779742
circular-read-total, 6, 4, 17151180800, 120539, 194809
read-start, 5, 5, 686047232, 171511808, 1780208
circular-read-total, 5, 4, 17151180800, 122277, 194321
read-start, 13, 5, 686047232, 171511808, 1780251
circular-read-total, 13, 4, 17151180800, 124572, 194348
read-start, 3, 5, 686047232, 171511808, 1780510
circular-read-total, 3, 4, 17151180800, 132790, 194628
read-start, 4, 5, 686047232, 171511808, 1780769
circular-read-total, 4, 4, 17151180800, 130698, 195033
read-wait, 8, 5, 1502
read, 8, 5, 686047232, 171511808, 242681
circular-read-start, 8, 5, 17151180800, 2022045
read-wait, 11, 5, 242908
read, 11, 5, 686047232, 171511808, 242908
circular-read-start, 11, 5, 17151180800, 2022208
read-wait, 9, 5, 243077
read, 9, 5, 686047232, 171511808, 243077
circular-read-start, 9, 5, 17151180800, 2022346
read-wait, 7, 5, 243200
read, 7, 5, 686047232, 171511808, 243200
circular-read-start, 7, 5, 17151180800, 2022348
read-wait, 6, 5, 242608
read, 6, 5, 686047232, 171511808, 242654
circular-read-start, 6, 5, 17151180800, 2022396
read-wait, 14, 5, 243144
read, 14, 5, 686047232, 171511808, 243144
circular-read-start, 14, 5, 17151180800, 2022542
read-wait, 12, 5, 243081
read, 12, 5, 686047232, 171511808, 243081
circular-read-start, 12, 5, 17151180800, 2022546
read-wait, 10, 5, 242866
read, 10, 5, 686047232, 171511808, 243786
circular-read-start, 10, 5, 17151180800, 2023480
read-wait, 13, 5, 243371
read, 13, 5, 686047232, 171511808, 243372
circular-read-start, 13, 5, 17151180800, 2023623
read-wait, 5, 5, 243423
read, 5, 5, 686047232, 171511808, 243424
circular-read-start, 5, 5, 17151180800, 2023632
read-wait, 4, 5, 242868
read, 4, 5, 686047232, 171511808, 244568
circular-read-start, 4, 5, 17151180800, 2025338
read-wait, 3, 5, 244975
read, 3, 5, 686047232, 171511808, 244975
circular-read-start, 3, 5, 17151180800, 2025486
read-start, 8, 6, 857559040, 171511808, 2217120
circular-read-total, 8, 5, 17151180800, 84059, 195075
read-start, 6, 6, 857559040, 171511808, 2218168
circular-read-total, 6, 5, 17151180800, 112991, 195771
read-start, 10, 6, 857559040, 171511808, 2218212
circular-read-total, 10, 5, 17151180800, 92024, 194732
read-start, 13, 6, 857559040, 171511808, 2218222
circular-read-total, 13, 5, 17151180800, 132737, 194599
read-start, 5, 6, 857559040, 171511808, 2218231
circular-read-total, 5, 5, 17151180800, 110805, 194599
read-start, 14, 6, 857559040, 171511808, 2218253
circular-read-total, 14, 5, 17151180800, 122670, 195710
read-start, 9, 6, 857559040, 171511808, 2218360
circular-read-total, 9, 5, 17151180800, 120469, 196014
read-start, 7, 6, 857559040, 171511808, 2218424
circular-read-total, 7, 5, 17151180800, 128381, 196076
read-start, 11, 6, 857559040, 171511808, 2218447
circular-read-total, 11, 5, 17151180800, 120800, 196239
read-start, 12, 6, 857559040, 171511808, 2218579
circular-read-total, 12, 5, 17151180800, 83865, 196032
read-start, 4, 6, 857559040, 171511808, 2219914
circular-read-total, 4, 5, 17151180800, 112369, 194576
read-wait, 8, 6, 2966
read-start, 3, 6, 857559040, 171511808, 2220193
circular-read-total, 3, 5, 17151180800, 140573, 194707
read, 8, 6, 857559040, 171511808, 242351
circular-read-start, 8, 6, 17151180800, 2459472
read-wait, 9, 6, 241259
read, 9, 6, 857559040, 171511808, 242512
circular-read-start, 9, 6, 17151180800, 2460872
read-wait, 11, 6, 242579
read, 11, 6, 857559040, 171511808, 242579
circular-read-start, 11, 6, 17151180800, 2461026
read-wait, 12, 6, 242524
read, 12, 6, 857559040, 171511808, 242524
circular-read-start, 12, 6, 17151180800, 2461103
read-wait, 7, 6, 242741
read, 7, 6, 857559040, 171511808, 242741
circular-read-start, 7, 6, 17151180800, 2461166
read-wait, 6, 6, 242999
read, 6, 6, 857559040, 171511808, 242999
circular-read-start, 6, 6, 17151180800, 2461167
read-wait, 14, 6, 242918
read, 14, 6, 857559040, 171511808, 242918
circular-read-start, 14, 6, 17151180800, 2461171
read-wait, 13, 6, 242955
read, 13, 6, 857559040, 171511808, 242955
circular-read-start, 13, 6, 17151180800, 2461178
read-wait, 10, 6, 242975
read, 10, 6, 857559040, 171511808, 243196
circular-read-start, 10, 6, 17151180800, 2461409
read-wait, 5, 6, 243322
read, 5, 6, 857559040, 171511808, 243322
circular-read-start, 5, 6, 17151180800, 2461553
read-wait, 4, 6, 241651
read, 4, 6, 857559040, 171511808, 245036
circular-read-start, 4, 6, 17151180800, 2464951
read-wait, 3, 6, 244899
read, 3, 6, 857559040, 171511808, 244899
circular-read-start, 3, 6, 17151180800, 2465093
read-start, 9, 7, 1029070848, 137629152, 2657158
circular-read-total, 9, 6, 17151180800, 107017, 196286
read-start, 8, 7, 1029070848, 137629152, 2657395
circular-read-total, 8, 6, 17151180800, 99384, 197923
read-start, 11, 7, 1029070848, 137629152, 2657758
circular-read-total, 11, 6, 17151180800, 117277, 196733
read-start, 5, 7, 1029070848, 137629152, 2657859
circular-read-total, 5, 6, 17151180800, 109764, 196306
read-start, 10, 7, 1029070848, 137629152, 2658019
circular-read-total, 10, 6, 17151180800, 121000, 196609
read-start, 6, 7, 1029070848, 137629152, 2658194
circular-read-total, 6, 6, 17151180800, 96224, 197026
read-start, 7, 7, 1029070848, 137629152, 2658345
circular-read-total, 7, 6, 17151180800, 136328, 197179
read-start, 14, 7, 1029070848, 137629152, 2658360
circular-read-total, 14, 6, 17151180800, 113908, 197188
read-start, 13, 7, 1029070848, 137629152, 2658466
circular-read-total, 13, 6, 17151180800, 124304, 197288
read-start, 12, 7, 1029070848, 137629152, 2658935
circular-read-total, 12, 6, 17151180800, 111206, 197832
read-start, 3, 7, 1029070848, 137629152, 2659483
circular-read-total, 3, 6, 17151180800, 104196, 194390
read-start, 4, 7, 1029070848, 137629152, 2659749
circular-read-total, 4, 6, 17151180800, 126167, 194797
read-wait, 9, 7, 2609
read, 9, 7, 1029070848, 137629152, 242741
circular-read-start, 9, 7, 13762915200, 2899900
read-wait, 13, 7, 241573
read, 13, 7, 1029070848, 137629152, 242471
circular-read-start, 13, 7, 13762915200, 2900938
read-wait, 11, 7, 243330
read, 11, 7, 1029070848, 137629152, 243330
circular-read-start, 11, 7, 13762915200, 2901088
read-wait, 8, 7, 243694
read, 8, 7, 1029070848, 137629152, 243694
circular-read-start, 8, 7, 13762915200, 2901090
read-wait, 6, 7, 242906
read, 6, 7, 1029070848, 137629152, 242906
circular-read-start, 6, 7, 13762915200, 2901101
read-wait, 12, 7, 242168
read, 12, 7, 1029070848, 137629152, 242756
circular-read-start, 12, 7, 13762915200, 2901692
read-wait, 10, 7, 243812
read, 10, 7, 1029070848, 137629152, 243812
circular-read-start, 10, 7, 13762915200, 2901831
read-wait, 7, 7, 243491
read, 7, 7, 1029070848, 137629152, 243491
circular-read-start, 7, 7, 13762915200, 2901836
read-wait, 14, 7, 243481
read, 14, 7, 1029070848, 137629152, 243481
circular-read-start, 14, 7, 13762915200, 2901841
read-wait, 4, 7, 242102
read, 4, 7, 1029070848, 137629152, 244722
circular-read-start, 4, 7, 13762915200, 2904472
read-wait, 3, 7, 245127
read, 3, 7, 1029070848, 137629152, 245127
circular-read-start, 3, 7, 13762915200, 2904611
read-wait, 5, 7, 246763
read, 5, 7, 1029070848, 137629152, 246763
circular-read-start, 5, 7, 13762915200, 2904622
circular-read-total, 9, 7, 13762915200, 38476, 155541
circular-read-total, 10, 7, 13762915200, 65223, 155775
circular-read-total, 14, 7, 13762915200, 66618, 156077
circular-read-total, 6, 7, 13762915200, 94326, 156968
circular-read-total, 8, 7, 13762915200, 45505, 156998
circular-read-total, 13, 7, 13762915200, 76678, 157157
circular-read-total, 12, 7, 13762915200, 65781, 156741
circular-read-total, 7, 7, 13762915200, 109836, 156981
circular-read-total, 11, 7, 13762915200, 93921, 157825
circular-read-total, 5, 7, 13762915200, 99609, 155141
circular-read-total, 3, 7, 13762915200, 101900, 155488
circular-read-total, 4, 7, 13762915200, 110464, 155830

cmd-read, 3060590
