# Sun Sep 20 20:21:35 PDT 2015
memory, 32170233856
record-value, 112
seek-chunk, 171511808
file, 4, 1166700000

read-start, 1, 0, 171511808, 15601
circular-read-start, 4, 1, 116670000000, 17347
circular-read-total, 4, 1, 116670000000, 256843, 263065
linear-scan, 264244
-sort , 38825, 42
-merge, 22288, 42
-last , 1176
read, 1, 171511808, 265990
network, 1, 197840

read-start, 2, 171511808, 171511808, 479436
circular-read-start, 4, 2, 116670000000, 479775
circular-read-total, 4, 2, 116670000000, 234206, 241195
linear-scan, 242059
-sort , 36688, 40
-merge, 21318, 40
-last , 862
read, 2, 171511808, 242399
network, 2, 196070

read-start, 3, 343023616, 171511808, 917929
circular-read-start, 4, 3, 116670000000, 918276
circular-read-total, 4, 3, 116670000000, 234201, 240743
linear-scan, 241881
-sort , 33761, 37
-merge, 19557, 37
-last , 1137
read, 3, 171511808, 242228
network, 3, 195823

read-start, 4, 514535424, 171511808, 1355984
circular-read-start, 4, 4, 116670000000, 1356325
circular-read-total, 4, 4, 116670000000, 234297, 241053
linear-scan, 241790
-sort , 30845, 34
-merge, 18005, 34
-last , 735
read, 4, 171511808, 242131
network, 4, 196691

read-start, 5, 686047232, 171511808, 1794811
circular-read-start, 4, 5, 116670000000, 1795152
circular-read-total, 4, 5, 116670000000, 234505, 241217
linear-scan, 242555
-sort , 26911, 29
-merge, 15412, 29
-last , 1336
read, 5, 171511808, 242896
network, 5, 196233

read-start, 6, 857559040, 171511808, 2233944
circular-read-start, 4, 6, 116670000000, 2234285
circular-read-total, 4, 6, 116670000000, 234560, 241242
linear-scan, 242160
-sort , 21068, 23
-merge, 12539, 23
-last , 917
read, 6, 171511808, 242502
network, 6, 196743

read-start, 7, 1029070848, 137629152, 2673240
circular-read-start, 4, 7, 116670000000, 2673514
circular-read-total, 4, 7, 116670000000, 234358, 240861
linear-scan, 242244
-sort , 10647, 15
-merge, 6379, 15
-last , 246
read, 7, 137629152, 242518
network, 7, 158620

exit, 3076083
