# Sun Sep 20 20:21:35 PDT 2015
memory, 32170233856
record-value, 112
seek-chunk, 171511808
file, 4, 1166700000

read-start, 1, 0, 171511808, 8539
circular-read-start, 4, 1, 116670000000, 10098
circular-read-total, 4, 1, 116670000000, 256446, 262496
linear-scan, 263690
-sort , 38277, 42
-merge, 22338, 42
-last , 1192
read, 1, 171511808, 265249
network, 1, 199024

read-start, 2, 171511808, 171511808, 472816
circular-read-start, 4, 2, 116670000000, 473175
circular-read-total, 4, 2, 116670000000, 234605, 241082
linear-scan, 241948
-sort , 36487, 40
-merge, 21451, 40
-last , 864
read, 2, 171511808, 242307
network, 2, 195988

read-start, 3, 343023616, 171511808, 911115
circular-read-start, 4, 3, 116670000000, 911474
circular-read-total, 4, 3, 116670000000, 234608, 241115
linear-scan, 242239
-sort , 34025, 37
-merge, 20156, 37
-last , 1122
read, 3, 171511808, 242598
network, 3, 195029

read-start, 4, 514535424, 171511808, 1348965
circular-read-start, 4, 4, 116670000000, 1349326
circular-read-total, 4, 4, 116670000000, 234391, 240648
linear-scan, 241380
-sort , 30945, 34
-merge, 18688, 34
-last , 730
read, 4, 171511808, 241741
network, 4, 196871

read-start, 5, 686047232, 171511808, 1787584
circular-read-start, 4, 5, 116670000000, 1787943
circular-read-total, 4, 5, 116670000000, 234437, 240737
linear-scan, 242057
-sort , 26754, 29
-merge, 15659, 29
-last , 1318
read, 5, 171511808, 242415
network, 5, 196837

read-start, 6, 857559040, 171511808, 2226841
circular-read-start, 4, 6, 116670000000, 2227200
circular-read-total, 4, 6, 116670000000, 234441, 240769
linear-scan, 241697
-sort , 21153, 23
-merge, 12502, 23
-last , 926
read, 6, 171511808, 242055
network, 6, 197814

read-start, 7, 1029070848, 137629152, 2666742
circular-read-start, 4, 7, 116670000000, 2667031
circular-read-total, 4, 7, 116670000000, 234405, 240822
linear-scan, 242211
-sort , 10648, 15
-merge, 6536, 15
-last , 254
read, 7, 137629152, 242500
network, 7, 157722

exit, 3068996
