# 1, 50, 3, true, read
recv-size, 0, 524288000
size, 0, 0
start-read, 0, 0, 31457280
read, 0, 121103
recv-read, 0, 0, 31457280
network, 0, 11822
start-read, 1, 31457280, 31457280
read, 1, 110744
recv-read, 1, 31457280, 31457280
network, 1, 9395
start-read, 2, 62914560, 31457280
read, 2, 111617
recv-read, 2, 62914560, 31457280
network, 2, 8812
start-read, 3, 94371840, 31457280
read, 3, 111036
recv-read, 3, 94371840, 31457280
network, 3, 8818
start-read, 4, 125829120, 31457280
read, 4, 110356
recv-read, 4, 125829120, 31457280
network, 4, 9248
start-read, 5, 157286400, 31457280
read, 5, 114248
recv-read, 5, 157286400, 31457280
network, 5, 11945
start-read, 6, 188743680, 31457280
read, 6, 110071
recv-read, 6, 188743680, 31457280
network, 6, 11652
start-read, 7, 220200960, 31457280
read, 7, 109994
recv-read, 7, 220200960, 31457280
network, 7, 11518
start-read, 8, 251658240, 31457280
read, 8, 110064
recv-read, 8, 251658240, 31457280
network, 8, 11155
start-read, 9, 283115520, 31457280
read, 9, 110291
recv-read, 9, 283115520, 31457280
network, 9, 10813
start-read, 10, 314572800, 31457280
read, 10, 110203
recv-read, 10, 314572800, 31457280
network, 10, 10688
start-read, 11, 346030080, 31457280
read, 11, 110170
recv-read, 11, 346030080, 31457280
network, 11, 10805
start-read, 12, 377487360, 31457280
read, 12, 110020
recv-read, 12, 377487360, 31457280
network, 12, 10559
start-read, 13, 408944640, 31457280
read, 13, 110239
recv-read, 13, 408944640, 31457280
network, 13, 10418
start-read, 14, 440401920, 31457280
read, 14, 110052
recv-read, 14, 440401920, 31457280
network, 14, 10049
start-read, 15, 471859200, 31457280
read, 15, 110217
recv-read, 15, 471859200, 31457280
network, 15, 10103
start-read, 16, 503316480, 31457280
read, 16, 109934
recv-read, 16, 503316480, 20971520
network, 16, 6696
start-read, 17, 534773760, 31457280
cmd-read, 0, 2065214
