# 1, 10g, 10485, false, first
read, 0, 31371
network, 0, 0
cmd-first, 0, 31371
# 1, 10g, 10485, false, chunk-10485
size, 0, 0
read, 0, 31547
network, 0, 4
cmd-chunk, 0, 31551
# 1, 10g, 1048576, false, chunk-1048576
size, 0, 0
read, 0, 45170
network, 0, 354
cmd-chunk, 0, 45561
# 1, 10g, 2621440, false, chunk-2621440
size, 0, 0
read, 0, 48897
network, 0, 945
cmd-chunk, 0, 49933
# 1, 10g, 5242880, false, chunk-5242880
size, 0, 0
read, 0, 50107
network, 0, 2947
cmd-chunk, 0, 53252
# 1, 10g, 7864320, false, chunk-7864320
size, 0, 0
read, 0, 49509
network, 0, 6288
cmd-chunk, 0, 56077
# 1, 10g, 10485760, false, chunk-10485760
size, 0, 0
read, 0, 50073
network, 0, 9697
cmd-chunk, 0, 60132
# 1, 10g, 20971520, false, chunk-20971520
size, 0, 0
read, 0, 51860
network, 0, 23306
cmd-chunk, 0, 75948
