# Wed Aug  5 03:12:33 UTC 2015
read, 0, 27592
# Wed Aug  5 03:13:15 UTC 2015
read, 0, 27649
insert, 0, 9810
sort, 0, 0
merge, 0, 0
linear scan, 0, 31532
# Wed Aug  5 03:13:57 UTC 2015
read, 0, 28201
insert, 0, 20639
sort, 0, 4427
merge, 0, 12709
linear scan, 0, 45145
# Wed Aug  5 03:14:53 UTC 2015
read, 0, 28180
insert, 0, 23257
sort, 0, 5744
merge, 0, 13082
linear scan, 0, 48866
# Wed Aug  5 03:15:54 UTC 2015
read, 0, 25890
insert, 0, 23633
sort, 0, 6975
merge, 0, 13170
linear scan, 0, 50063
# Wed Aug  5 03:16:58 UTC 2015
read, 0, 21659
insert, 0, 22697
sort, 0, 7397
merge, 0, 13410
linear scan, 0, 49463
# Wed Aug  5 03:18:04 UTC 2015
read, 0, 21899
insert, 0, 23106
sort, 0, 7713
merge, 0, 13305
linear scan, 0, 49995
# Wed Aug  5 03:19:15 UTC 2015
read, 0, 21774
insert, 0, 23759
sort, 0, 9242
merge, 0, 13112
linear scan, 0, 51652
