# Sun Sep 20 17:27:21 PDT 2015
# 9, 140, 0, read
max-chunk, 3, 1, 171511808, 0
chunk-size, 171511808, 2459
disks, 8

size, 3, 2, 1400000000, 0
size, 4, 1, 1400000000, 0
size, 5, 1, 1400000000, 0
size, 6, 1, 1400000000, 0
size, 7, 1, 1400000000, 0
size, 8, 1, 1400000000, 0
size, 9, 1, 1400000000, 0
size, 10, 1, 1400000000, 0
size, 11, 1, 1400000000, 0
size, 12, 1, 1400000000, 0


read-start, 3, 1, 0, 171511808, 27
read-start, 4, 1, 0, 171511808, 27
read-start, 5, 1, 0, 171511808, 27
read-start, 6, 1, 0, 171511808, 27
read-start, 7, 1, 0, 171511808, 27
read-start, 8, 1, 0, 171511808, 27
read-start, 9, 1, 0, 171511808, 27
read-start, 10, 1, 0, 171511808, 27
read-start, 11, 1, 0, 171511808, 27
read-start, 12, 1, 0, 171511808, 27
read-wait, 3, 1, 0
read, 3, 1, 0, 171511808, 293240
circular-read-start, 3, 1, 17151180800, 293268
read-wait, 4, 1, 293410
read, 4, 1, 0, 171511808, 316185
circular-read-start, 4, 1, 17151180800, 316213
read-wait, 5, 1, 316355
read, 5, 1, 0, 171511808, 316355
circular-read-start, 5, 1, 17151180800, 316383
read-wait, 6, 1, 316357
read, 6, 1, 0, 171511808, 316357
circular-read-start, 6, 1, 17151180800, 316385
read-wait, 7, 1, 316360
read, 7, 1, 0, 171511808, 316360
circular-read-start, 7, 1, 17151180800, 316388
read-wait, 8, 1, 316362
read, 8, 1, 0, 171511808, 316362
circular-read-start, 8, 1, 17151180800, 316390
read-wait, 9, 1, 316364
read, 9, 1, 0, 171511808, 316364
circular-read-start, 9, 1, 17151180800, 316392
read-wait, 10, 1, 316366
read, 10, 1, 0, 171511808, 316366
circular-read-start, 10, 1, 17151180800, 316394
read-wait, 11, 1, 316368
read, 11, 1, 0, 171511808, 316368
circular-read-start, 11, 1, 17151180800, 316396
read-wait, 12, 1, 316370
read, 12, 1, 0, 171511808, 316370
circular-read-start, 12, 1, 17151180800, 316398
read-start, 3, 2, 171511808, 171511808, 500041
circular-read-total, 3, 1, 17151180800, 25694, 206773
read-start, 12, 2, 171511808, 171511808, 510747
circular-read-total, 12, 1, 17151180800, 141850, 194348
read-start, 6, 2, 171511808, 171511808, 510771
circular-read-total, 6, 1, 17151180800, 150387, 194385
read-start, 5, 2, 171511808, 171511808, 510772
circular-read-total, 5, 1, 17151180800, 136129, 194389
read-start, 4, 2, 171511808, 171511808, 510931
circular-read-total, 4, 1, 17151180800, 125270, 194718
read-start, 9, 2, 171511808, 171511808, 510934
circular-read-total, 9, 1, 17151180800, 140077, 194541
read-start, 10, 2, 171511808, 171511808, 511096
circular-read-total, 10, 1, 17151180800, 113659, 194702
read-start, 8, 2, 171511808, 171511808, 511173
circular-read-total, 8, 1, 17151180800, 123393, 194783
read-start, 7, 2, 171511808, 171511808, 511219
circular-read-total, 7, 1, 17151180800, 114096, 194831
read-start, 11, 2, 171511808, 171511808, 511279
circular-read-total, 11, 1, 17151180800, 106486, 194883
read-wait, 9, 2, 350
read, 9, 2, 171511808, 171511808, 290015
circular-read-start, 9, 2, 17151180800, 800950
read-wait, 7, 2, 289872
read, 7, 2, 171511808, 171511808, 290870
circular-read-start, 7, 2, 17151180800, 802089
read-wait, 5, 2, 291462
read, 5, 2, 171511808, 171511808, 291462
circular-read-start, 5, 2, 17151180800, 802234
read-wait, 6, 2, 291472
read, 6, 2, 171511808, 171511808, 291472
circular-read-start, 6, 2, 17151180800, 802243
read-wait, 12, 2, 291501
read, 12, 2, 171511808, 171511808, 291501
circular-read-start, 12, 2, 17151180800, 802248
read-wait, 4, 2, 291322
read, 4, 2, 171511808, 171511808, 292878
circular-read-start, 4, 2, 17151180800, 803810
read-wait, 8, 2, 292779
read, 8, 2, 171511808, 171511808, 292779
circular-read-start, 8, 2, 17151180800, 803953
read-wait, 3, 2, 303913
read, 3, 2, 171511808, 171511808, 303913
circular-read-start, 3, 2, 17151180800, 803955
read-wait, 10, 2, 292860
read, 10, 2, 171511808, 171511808, 292860
circular-read-start, 10, 2, 17151180800, 803957
read-wait, 11, 2, 292682
read, 11, 2, 171511808, 171511808, 292682
circular-read-start, 11, 2, 17151180800, 803962
read-start, 9, 3, 343023616, 171511808, 995952
circular-read-total, 9, 2, 17151180800, 108378, 195002
read-start, 5, 3, 343023616, 171511808, 996558
circular-read-total, 5, 2, 17151180800, 121365, 194323
read-start, 12, 3, 343023616, 171511808, 996654
circular-read-total, 12, 2, 17151180800, 132754, 194406
read-start, 6, 3, 343023616, 171511808, 996725
circular-read-total, 6, 2, 17151180800, 132323, 194481
read-start, 7, 3, 343023616, 171511808, 997200
circular-read-total, 7, 2, 17151180800, 115885, 195110
read-start, 8, 3, 343023616, 171511808, 998279
circular-read-total, 8, 2, 17151180800, 142008, 194326
read-start, 4, 3, 343023616, 171511808, 998578
circular-read-total, 4, 2, 17151180800, 138533, 194768
read-start, 3, 3, 343023616, 171511808, 998598
circular-read-total, 3, 2, 17151180800, 127837, 194643
read-start, 10, 3, 343023616, 171511808, 998793
circular-read-total, 10, 2, 17151180800, 101236, 194836
read-wait, 5, 3, 2245
read-start, 11, 3, 343023616, 171511808, 998857
circular-read-total, 11, 2, 17151180800, 101220, 194894
read, 5, 3, 343023616, 171511808, 290892
circular-read-start, 5, 3, 17151180800, 1287451
read-wait, 9, 3, 291668
read, 9, 3, 343023616, 171511808, 291668
circular-read-start, 9, 3, 17151180800, 1287620
read-wait, 10, 3, 288834
read, 10, 3, 343023616, 171511808, 291064
circular-read-start, 10, 3, 17151180800, 1289858
read-wait, 8, 3, 291769
read, 8, 3, 343023616, 171511808, 292158
circular-read-start, 8, 3, 17151180800, 1290438
read-wait, 7, 3, 293385
read, 7, 3, 343023616, 171511808, 293385
circular-read-start, 7, 3, 17151180800, 1290585
read-wait, 12, 3, 293933
read, 12, 3, 343023616, 171511808, 293933
circular-read-start, 12, 3, 17151180800, 1290588
read-wait, 6, 3, 293866
read, 6, 3, 343023616, 171511808, 293866
circular-read-start, 6, 3, 17151180800, 1290592
read-wait, 3, 3, 292015
read, 3, 3, 343023616, 171511808, 292015
circular-read-start, 3, 3, 17151180800, 1290614
read-wait, 4, 3, 292039
read, 4, 3, 343023616, 171511808, 292995
circular-read-start, 4, 3, 17151180800, 1291574
read-wait, 11, 3, 292860
read, 11, 3, 343023616, 171511808, 292860
circular-read-start, 11, 3, 17151180800, 1291717
read-start, 9, 4, 514535424, 171511808, 1483456
circular-read-total, 9, 3, 17151180800, 107735, 195835
read-start, 5, 4, 514535424, 171511808, 1483463
circular-read-total, 5, 3, 17151180800, 107353, 196012
read-start, 6, 4, 514535424, 171511808, 1485008
circular-read-total, 6, 3, 17151180800, 147732, 194416
read-start, 10, 4, 514535424, 171511808, 1485088
circular-read-total, 10, 3, 17151180800, 87342, 195230
read-start, 3, 4, 514535424, 171511808, 1485170
circular-read-total, 3, 3, 17151180800, 129123, 194555
read-start, 8, 4, 514535424, 171511808, 1485195
circular-read-total, 8, 3, 17151180800, 112976, 194757
read-start, 12, 4, 514535424, 171511808, 1485256
circular-read-total, 12, 3, 17151180800, 110407, 194668
read-start, 7, 4, 514535424, 171511808, 1485451
circular-read-total, 7, 3, 17151180800, 106330, 194865
read-start, 11, 4, 514535424, 171511808, 1486312
circular-read-total, 11, 3, 17151180800, 120460, 194594
read-start, 4, 4, 514535424, 171511808, 1486346
circular-read-total, 4, 3, 17151180800, 140772, 194772
read-wait, 7, 4, 904
read, 7, 4, 514535424, 171511808, 290967
circular-read-start, 7, 4, 17151180800, 1776418
read-wait, 9, 4, 293118
read, 9, 4, 514535424, 171511808, 293118
circular-read-start, 9, 4, 17151180800, 1776574
read-wait, 5, 4, 293114
read, 5, 4, 514535424, 171511808, 293114
circular-read-start, 5, 4, 17151180800, 1776577
read-wait, 10, 4, 291501
read, 10, 4, 514535424, 171511808, 291501
circular-read-start, 10, 4, 17151180800, 1776590
read-wait, 6, 4, 291582
read, 6, 4, 514535424, 171511808, 291582
circular-read-start, 6, 4, 17151180800, 1776591
read-wait, 12, 4, 291342
read, 12, 4, 514535424, 171511808, 291342
circular-read-start, 12, 4, 17151180800, 1776598
read-wait, 3, 4, 291442
read, 3, 4, 514535424, 171511808, 291870
circular-read-start, 3, 4, 17151180800, 1777040
read-wait, 8, 4, 291981
read, 8, 4, 514535424, 171511808, 292673
circular-read-start, 8, 4, 17151180800, 1777869
read-wait, 4, 4, 291677
read, 4, 4, 514535424, 171511808, 292456
circular-read-start, 4, 4, 17151180800, 1778803
read-wait, 11, 4, 292634
read, 11, 4, 514535424, 171511808, 292634
circular-read-start, 11, 4, 17151180800, 1778947
read-start, 5, 5, 686047232, 171511808, 1971515
circular-read-total, 5, 4, 17151180800, 146145, 194937
read-start, 9, 5, 686047232, 171511808, 1971611
circular-read-total, 9, 4, 17151180800, 108998, 195037
read-start, 3, 5, 686047232, 171511808, 1971642
circular-read-total, 3, 4, 17151180800, 110169, 194601
read-start, 10, 5, 686047232, 171511808, 1971720
circular-read-total, 10, 4, 17151180800, 55936, 195130
read-start, 6, 5, 686047232, 171511808, 1971837
circular-read-total, 6, 4, 17151180800, 122636, 195245
read-start, 12, 5, 686047232, 171511808, 1971925
circular-read-total, 12, 4, 17151180800, 121109, 195326
read-start, 7, 5, 686047232, 171511808, 1972497
circular-read-total, 7, 4, 17151180800, 98130, 196078
read-start, 8, 5, 686047232, 171511808, 1972701
circular-read-total, 8, 4, 17151180800, 116751, 194832
read-start, 4, 5, 686047232, 171511808, 1973399
circular-read-total, 4, 4, 17151180800, 135540, 194595
read-wait, 7, 5, 1682
read-start, 11, 5, 686047232, 171511808, 1974248
circular-read-total, 11, 4, 17151180800, 96198, 195301
read, 7, 5, 686047232, 171511808, 290939
circular-read-start, 7, 5, 17151180800, 2263436
read-wait, 9, 5, 291982
read, 9, 5, 686047232, 171511808, 291982
circular-read-start, 9, 5, 17151180800, 2263594
read-wait, 6, 5, 291766
read, 6, 5, 686047232, 171511808, 291766
circular-read-start, 6, 5, 17151180800, 2263604
read-wait, 10, 5, 291893
read, 10, 5, 686047232, 171511808, 291893
circular-read-start, 10, 5, 17151180800, 2263614
read-wait, 8, 5, 290917
read, 8, 5, 686047232, 171511808, 292728
circular-read-start, 8, 5, 17151180800, 2265429
read-wait, 12, 5, 293651
read, 12, 5, 686047232, 171511808, 295980
circular-read-start, 12, 5, 17151180800, 2267906
read-wait, 5, 5, 296531
read, 5, 5, 686047232, 171511808, 296531
circular-read-start, 5, 5, 17151180800, 2268046
read-wait, 11, 5, 293807
read, 11, 5, 686047232, 171511808, 293807
circular-read-start, 11, 5, 17151180800, 2268056
read-wait, 3, 5, 296417
read, 3, 5, 686047232, 171511808, 296417
circular-read-start, 3, 5, 17151180800, 2268059
read-wait, 4, 5, 294669
read, 4, 5, 686047232, 171511808, 294669
circular-read-start, 4, 5, 17151180800, 2268068
read-start, 8, 6, 857559040, 171511808, 2459929
circular-read-total, 8, 5, 17151180800, 99810, 194499
read-start, 10, 6, 857559040, 171511808, 2460420
circular-read-total, 10, 5, 17151180800, 75700, 196808
read-start, 9, 6, 857559040, 171511808, 2460523
circular-read-total, 9, 5, 17151180800, 107432, 196929
read-start, 7, 6, 857559040, 171511808, 2460607
circular-read-total, 7, 5, 17151180800, 76599, 197171
read-start, 6, 6, 857559040, 171511808, 2460609
circular-read-total, 6, 5, 17151180800, 111729, 197005
read-start, 3, 6, 857559040, 171511808, 2462521
circular-read-total, 3, 5, 17151180800, 131827, 194461
read-start, 12, 6, 857559040, 171511808, 2462533
circular-read-total, 12, 5, 17151180800, 136053, 194627
read-start, 5, 6, 857559040, 171511808, 2462543
circular-read-total, 5, 5, 17151180800, 118722, 194496
read-start, 4, 6, 857559040, 171511808, 2462810
circular-read-total, 4, 5, 17151180800, 132927, 194742
read-wait, 7, 6, 2733
read-start, 11, 6, 857559040, 171511808, 2463411
circular-read-total, 11, 5, 17151180800, 97011, 195355
read, 7, 6, 857559040, 171511808, 290686
circular-read-start, 7, 6, 17151180800, 2751293
read-wait, 9, 6, 290926
read, 9, 6, 857559040, 171511808, 290926
circular-read-start, 9, 6, 17151180800, 2751450
read-wait, 10, 6, 291041
read, 10, 6, 857559040, 171511808, 291221
circular-read-start, 10, 6, 17151180800, 2751642
read-wait, 6, 6, 291223
read, 6, 6, 857559040, 171511808, 291223
circular-read-start, 6, 6, 17151180800, 2751833
read-wait, 8, 6, 291911
read, 8, 6, 857559040, 171511808, 291911
circular-read-start, 8, 6, 17151180800, 2751840
read-wait, 12, 6, 289350
read, 12, 6, 857559040, 171511808, 292620
circular-read-start, 12, 6, 17151180800, 2755153
read-wait, 5, 6, 292750
read, 5, 6, 857559040, 171511808, 292750
circular-read-start, 5, 6, 17151180800, 2755294
read-wait, 4, 6, 292493
read, 4, 6, 857559040, 171511808, 292493
circular-read-start, 4, 6, 17151180800, 2755304
read-wait, 11, 6, 291895
read, 11, 6, 857559040, 171511808, 291895
circular-read-start, 11, 6, 17151180800, 2755307
read-wait, 3, 6, 292807
read, 3, 6, 857559040, 171511808, 292807
circular-read-start, 3, 6, 17151180800, 2755328
read-start, 7, 7, 1029070848, 171511808, 2945741
circular-read-total, 7, 6, 17151180800, 36078, 194448
read-start, 10, 7, 1029070848, 171511808, 2946902
circular-read-total, 10, 6, 17151180800, 54214, 195260
read-start, 8, 7, 1029070848, 171511808, 2947224
circular-read-total, 8, 6, 17151180800, 90262, 195383
read-start, 6, 7, 1029070848, 171511808, 2947603
circular-read-total, 6, 6, 17151180800, 96192, 195770
read-start, 9, 7, 1029070848, 171511808, 2948150
circular-read-total, 9, 6, 17151180800, 127253, 196699
read-start, 4, 7, 1029070848, 171511808, 2949772
circular-read-total, 4, 6, 17151180800, 138220, 194468
read-start, 12, 7, 1029070848, 171511808, 2949784
circular-read-total, 12, 6, 17151180800, 133185, 194630
read-start, 3, 7, 1029070848, 171511808, 2949892
circular-read-total, 3, 6, 17151180800, 130674, 194563
read-start, 5, 7, 1029070848, 171511808, 2949989
circular-read-total, 5, 6, 17151180800, 132890, 194694
read-wait, 7, 7, 5010
read-start, 11, 7, 1029070848, 171511808, 2950856
circular-read-total, 11, 6, 17151180800, 88120, 195549
read, 7, 7, 1029070848, 171511808, 290012
circular-read-start, 7, 7, 17151180800, 3235754
read-wait, 8, 7, 288686
read, 8, 7, 1029070848, 171511808, 291801
circular-read-start, 8, 7, 17151180800, 3239026
read-wait, 9, 7, 291024
read, 9, 7, 1029070848, 171511808, 291024
circular-read-start, 9, 7, 17151180800, 3239174
read-wait, 10, 7, 292276
read, 10, 7, 1029070848, 171511808, 292276
circular-read-start, 10, 7, 17151180800, 3239179
read-wait, 6, 7, 291583
read, 6, 7, 1029070848, 171511808, 291583
circular-read-start, 6, 7, 17151180800, 3239187
read-wait, 12, 7, 289408
read, 12, 7, 1029070848, 171511808, 292761
circular-read-start, 12, 7, 17151180800, 3242545
read-wait, 11, 7, 291836
read, 11, 7, 1029070848, 171511808, 291836
circular-read-start, 11, 7, 17151180800, 3242693
read-wait, 5, 7, 292706
read, 5, 7, 1029070848, 171511808, 292706
circular-read-start, 5, 7, 17151180800, 3242695
read-wait, 4, 7, 292931
read, 4, 7, 1029070848, 171511808, 292931
circular-read-start, 4, 7, 17151180800, 3242703
read-wait, 3, 7, 292832
read, 3, 7, 1029070848, 171511808, 292832
circular-read-start, 3, 7, 17151180800, 3242724
read-start, 7, 8, 1200582656, 171511808, 3434341
circular-read-total, 7, 7, 17151180800, 55253, 198587
read-start, 8, 8, 1200582656, 171511808, 3435079
circular-read-total, 8, 7, 17151180800, 107615, 196053
read-start, 10, 8, 1200582656, 171511808, 3435419
circular-read-total, 10, 7, 17151180800, 56861, 196240
read-start, 9, 8, 1200582656, 171511808, 3435440
circular-read-total, 9, 7, 17151180800, 123649, 196265
read-start, 6, 8, 1200582656, 171511808, 3435581
circular-read-total, 6, 7, 17151180800, 132369, 196393
read-start, 4, 8, 1200582656, 171511808, 3437198
circular-read-total, 4, 7, 17151180800, 135489, 194494
read-start, 12, 8, 1200582656, 171511808, 3437384
circular-read-total, 12, 7, 17151180800, 141941, 194838
read-start, 5, 8, 1200582656, 171511808, 3437509
circular-read-total, 5, 7, 17151180800, 133614, 194813
read-start, 3, 8, 1200582656, 171511808, 3437525
circular-read-total, 3, 7, 17151180800, 131821, 194801
read-start, 11, 8, 1200582656, 171511808, 3437812
circular-read-total, 11, 7, 17151180800, 104262, 195119
read-wait, 11, 8, 27
read, 11, 8, 1200582656, 171511808, 289914
circular-read-start, 11, 8, 17151180800, 3727727
read-wait, 8, 8, 292787
read, 8, 8, 1200582656, 171511808, 292787
circular-read-start, 8, 8, 17151180800, 3727866
read-wait, 10, 8, 292451
read, 10, 8, 1200582656, 171511808, 292451
circular-read-start, 10, 8, 17151180800, 3727871
read-wait, 9, 8, 292435
read, 9, 8, 1200582656, 171511808, 292435
circular-read-start, 9, 8, 17151180800, 3727876
read-wait, 7, 8, 293540
read, 7, 8, 1200582656, 171511808, 293540
circular-read-start, 7, 8, 17151180800, 3727881
read-wait, 4, 8, 290689
read, 4, 8, 1200582656, 171511808, 291353
circular-read-start, 4, 8, 17151180800, 3728552
read-wait, 6, 8, 293110
read, 6, 8, 1200582656, 171511808, 293110
circular-read-start, 6, 8, 17151180800, 3728691
read-wait, 12, 8, 291315
read, 12, 8, 1200582656, 171511808, 292555
circular-read-start, 12, 8, 17151180800, 3729939
read-wait, 5, 8, 292576
read, 5, 8, 1200582656, 171511808, 292576
circular-read-start, 5, 8, 17151180800, 3730085
read-wait, 3, 8, 292567
read, 3, 8, 1200582656, 171511808, 292567
circular-read-start, 3, 8, 17151180800, 3730093
read-start, 7, 9, 1372094464, 27905536, 3922715
circular-read-total, 7, 8, 17151180800, 63225, 194834
read-start, 6, 9, 1372094464, 27905536, 3923147
circular-read-total, 6, 8, 17151180800, 129534, 194455
read-start, 11, 9, 1372094464, 27905536, 3923235
circular-read-total, 11, 8, 17151180800, 101632, 195508
read-start, 4, 9, 1372094464, 27905536, 3923319
circular-read-total, 4, 8, 17151180800, 129856, 194767
read-start, 9, 9, 1372094464, 27905536, 3923591
circular-read-total, 9, 8, 17151180800, 139670, 195715
read-start, 8, 9, 1372094464, 27905536, 3923645
circular-read-total, 8, 8, 17151180800, 108200, 195779
read-start, 10, 9, 1372094464, 27905536, 3923993
circular-read-total, 10, 8, 17151180800, 92942, 196121
read-start, 3, 9, 1372094464, 27905536, 3924483
circular-read-total, 3, 8, 17151180800, 134609, 194389
read-start, 12, 9, 1372094464, 27905536, 3924594
circular-read-total, 12, 8, 17151180800, 136287, 194655
read-start, 5, 9, 1372094464, 27905536, 3924753
circular-read-total, 5, 8, 17151180800, 136200, 194668
read-wait, 8, 9, 1155
read, 8, 9, 1372094464, 27905536, 290730
circular-read-start, 8, 9, 2790553600, 4214376
read-wait, 6, 9, 291370
read, 6, 9, 1372094464, 27905536, 291370
circular-read-start, 6, 9, 2790553600, 4214518
read-wait, 12, 9, 289927
read, 12, 9, 1372094464, 27905536, 291570
circular-read-start, 12, 9, 2790553600, 4216164
read-wait, 9, 9, 292709
read, 9, 9, 1372094464, 27905536, 292709
circular-read-start, 9, 9, 2790553600, 4216301
read-wait, 10, 9, 292310
read, 10, 9, 1372094464, 27905536, 292310
circular-read-start, 10, 9, 2790553600, 4216304
read-wait, 7, 9, 293591
read, 7, 9, 1372094464, 27905536, 293591
circular-read-start, 7, 9, 2790553600, 4216307
read-wait, 11, 9, 293073
read, 11, 9, 1372094464, 27905536, 293073
circular-read-start, 11, 9, 2790553600, 4216309
read-wait, 3, 9, 291827
read, 3, 9, 1372094464, 27905536, 291827
circular-read-start, 3, 9, 2790553600, 4216310
read-wait, 4, 9, 292993
read, 4, 9, 1372094464, 27905536, 292993
circular-read-start, 4, 9, 2790553600, 4216313
read-wait, 5, 9, 291563
read, 5, 9, 1372094464, 27905536, 291563
circular-read-start, 5, 9, 2790553600, 4216316
circular-read-total, 6, 9, 2790553600, 6535, 28271
circular-read-total, 8, 9, 2790553600, 14745, 28819
circular-read-total, 4, 9, 2790553600, 15811, 28214
circular-read-total, 10, 9, 2790553600, 14336, 28233
circular-read-total, 12, 9, 2790553600, 16488, 28383
circular-read-total, 7, 9, 2790553600, 14817, 28258
circular-read-total, 5, 9, 2790553600, 16992, 28289
circular-read-total, 9, 9, 2790553600, 14214, 28317
circular-read-total, 3, 9, 2790553600, 15102, 28785
circular-read-total, 11, 9, 2790553600, 12283, 28889

cmd-read, 4245447
