# Sun Sep 20 17:27:21 PDT 2015
memory, 32170233856
record-value, 112
seek-chunk, 171511808
file, 4, 1400000000

read-start, 1, 0, 171511808, 3592
circular-read-start, 4, 1, 140000000000, 5254
circular-read-total, 4, 1, 140000000000, 306369, 313709
linear-scan, 314524
-sort , 40917, 45
-merge, 23967, 45
-last , 813
read, 1, 171511808, 316185
network, 1, 194712

read-start, 2, 171511808, 171511808, 514498
circular-read-start, 4, 2, 140000000000, 514841
circular-read-total, 4, 2, 140000000000, 283336, 291604
linear-scan, 292535
-sort , 39191, 43
-merge, 22771, 43
-last , 929
read, 2, 171511808, 292879
network, 2, 194766

read-start, 3, 343023616, 171511808, 1002146
circular-read-start, 4, 3, 140000000000, 1002490
circular-read-total, 4, 3, 140000000000, 283588, 291923
linear-scan, 292651
-sort , 37310, 41
-merge, 21931, 41
-last , 726
read, 3, 171511808, 292996
network, 3, 194770

read-start, 4, 514535424, 171511808, 1489915
circular-read-start, 4, 4, 140000000000, 1490257
circular-read-total, 4, 4, 140000000000, 282664, 290938
linear-scan, 292115
-sort , 34951, 38
-merge, 20306, 38
-last , 1175
read, 4, 171511808, 292457
network, 4, 194558

read-start, 5, 686047232, 171511808, 1976969
circular-read-start, 4, 5, 140000000000, 1977313
circular-read-total, 4, 5, 140000000000, 282050, 290163
linear-scan, 291240
-sort , 32077, 35
-merge, 18616, 35
-last , 1076
read, 5, 171511808, 291584
network, 5, 197825

read-start, 6, 857559040, 171511808, 2466382
circular-read-start, 4, 6, 140000000000, 2466728
circular-read-total, 4, 6, 140000000000, 281854, 289818
linear-scan, 290897
-sort , 28578, 31
-merge, 16469, 31
-last , 1078
read, 6, 171511808, 291244
network, 6, 195715

read-start, 7, 1029070848, 171511808, 2953345
circular-read-start, 4, 7, 140000000000, 2953688
circular-read-total, 4, 7, 140000000000, 282071, 289971
linear-scan, 290522
-sort , 23608, 26
-merge, 13887, 26
-last , 550
read, 7, 171511808, 290866
network, 7, 196558

read-start, 8, 1200582656, 171511808, 3440773
circular-read-start, 4, 8, 140000000000, 3441117
circular-read-total, 4, 8, 140000000000, 282374, 290456
linear-scan, 291009
-sort , 15474, 17
-merge, 9339, 17
-last , 552
read, 8, 171511808, 291354
network, 8, 194542

read-start, 9, 1372094464, 27905536, 3926895
circular-read-start, 4, 9, 140000000000, 3926951
circular-read-total, 4, 9, 140000000000, 283327, 291758
linear-scan, 292050
-sort , 2180, 9
-merge, 896, 9
-last , 290
read, 9, 27905536, 292106
network, 9, 29059

exit, 4249051
