# Sun Sep 20 17:27:21 PDT 2015
memory, 32170233856
record-value, 112
seek-chunk, 171511808
file, 4, 1400000000

read-start, 1, 0, 171511808, 17471
circular-read-start, 4, 1, 140000000000, 19066
circular-read-total, 4, 1, 140000000000, 303826, 311234
linear-scan, 312048
-sort , 41022, 45
-merge, 23925, 45
-last , 813
read, 1, 171511808, 313644
network, 1, 197049

read-start, 2, 171511808, 171511808, 528168
circular-read-start, 4, 2, 140000000000, 528517
circular-read-total, 4, 2, 140000000000, 281197, 289216
linear-scan, 290135
-sort , 39243, 43
-merge, 22887, 43
-last , 918
read, 2, 171511808, 290484
network, 2, 195398

read-start, 3, 343023616, 171511808, 1014054
circular-read-start, 4, 3, 140000000000, 1014401
circular-read-total, 4, 3, 140000000000, 281267, 289445
linear-scan, 290182
-sort , 37420, 41
-merge, 21752, 41
-last , 735
read, 3, 171511808, 290529
network, 3, 198030

read-start, 4, 514535424, 171511808, 1502634
circular-read-start, 4, 4, 140000000000, 1502983
circular-read-total, 4, 4, 140000000000, 281272, 289419
linear-scan, 290609
-sort , 34852, 38
-merge, 20374, 38
-last , 1188
read, 4, 171511808, 290958
network, 4, 195684

read-start, 5, 686047232, 171511808, 1989281
circular-read-start, 4, 5, 140000000000, 1989629
circular-read-total, 4, 5, 140000000000, 286470, 294556
linear-scan, 295619
-sort , 32248, 35
-merge, 18801, 35
-last , 1062
read, 5, 171511808, 295967
network, 5, 194613

read-start, 6, 857559040, 171511808, 2479868
circular-read-start, 4, 6, 140000000000, 2480217
circular-read-total, 4, 6, 140000000000, 283113, 291183
linear-scan, 292257
-sort , 28550, 31
-merge, 16558, 31
-last , 1073
read, 6, 171511808, 292606
network, 6, 194594

read-start, 7, 1029070848, 171511808, 2967097
circular-read-start, 4, 7, 140000000000, 2967444
circular-read-total, 4, 7, 140000000000, 283811, 291850
linear-scan, 292401
-sort , 23780, 26
-merge, 14072, 26
-last , 549
read, 7, 171511808, 292748
network, 7, 194801

read-start, 8, 1200582656, 171511808, 3454675
circular-read-start, 4, 8, 140000000000, 3455022
circular-read-total, 4, 8, 140000000000, 283464, 291640
linear-scan, 292195
-sort , 15519, 17
-merge, 9327, 17
-last , 554
read, 8, 171511808, 292541
network, 8, 194643

read-start, 9, 1372094464, 27905536, 3941864
circular-read-start, 4, 9, 140000000000, 3941920
circular-read-total, 4, 9, 140000000000, 282854, 291219
linear-scan, 291501
-sort , 2115, 9
-merge, 881, 9
-last , 280
read, 9, 27905536, 291557
network, 9, 28377

exit, 4262730
