# Sun Sep 20 17:27:21 PDT 2015
memory, 32170233856
record-value, 112
seek-chunk, 171511808
file, 4, 1400000000

read-start, 1, 0, 171511808, 10458
circular-read-start, 4, 1, 140000000000, 12057
circular-read-total, 4, 1, 140000000000, 303918, 311289
linear-scan, 312094
-sort , 40743, 45
-merge, 23629, 45
-last , 803
read, 1, 171511808, 313693
network, 1, 197674

read-start, 2, 171511808, 171511808, 521829
circular-read-start, 4, 2, 140000000000, 522177
circular-read-total, 4, 2, 140000000000, 283109, 291171
linear-scan, 292097
-sort , 39292, 43
-merge, 23208, 43
-last , 925
read, 2, 171511808, 292445
network, 2, 194658

read-start, 3, 343023616, 171511808, 1008938
circular-read-start, 4, 3, 140000000000, 1009290
circular-read-total, 4, 3, 140000000000, 283205, 291072
linear-scan, 291808
-sort , 37058, 41
-merge, 21574, 41
-last , 734
read, 3, 171511808, 292160
network, 3, 194724

read-start, 4, 514535424, 171511808, 1495857
circular-read-start, 4, 4, 140000000000, 1496206
circular-read-total, 4, 4, 140000000000, 283059, 291135
linear-scan, 292327
-sort , 34812, 38
-merge, 20073, 38
-last , 1190
read, 4, 171511808, 292675
network, 4, 194814

read-start, 5, 686047232, 171511808, 1983367
circular-read-start, 4, 5, 140000000000, 1983719
circular-read-total, 4, 5, 140000000000, 283467, 291311
linear-scan, 292378
-sort , 32142, 35
-merge, 18780, 35
-last , 1065
read, 5, 171511808, 292730
network, 5, 194454

read-start, 6, 857559040, 171511808, 2470598
circular-read-start, 4, 6, 140000000000, 2470946
circular-read-total, 4, 6, 140000000000, 282369, 290381
linear-scan, 291458
-sort , 28468, 31
-merge, 16417, 31
-last , 1076
read, 6, 171511808, 291806
network, 6, 195489

read-start, 7, 1029070848, 171511808, 2957898
circular-read-start, 4, 7, 140000000000, 2958249
circular-read-total, 4, 7, 140000000000, 283081, 290903
linear-scan, 291451
-sort , 23821, 26
-merge, 14185, 26
-last , 546
read, 7, 171511808, 291803
network, 7, 195965

read-start, 8, 1200582656, 171511808, 3445756
circular-read-start, 4, 8, 140000000000, 3446102
circular-read-total, 4, 8, 140000000000, 282323, 290292
linear-scan, 290848
-sort , 15382, 17
-merge, 9135, 17
-last , 554
read, 8, 171511808, 291194
network, 8, 197328

read-start, 9, 1372094464, 27905536, 3934326
circular-read-start, 4, 9, 140000000000, 3934384
circular-read-total, 4, 9, 140000000000, 282387, 290387
linear-scan, 290674
-sort , 2113, 9
-merge, 852, 9
-last , 286
read, 9, 27905536, 290732
network, 9, 28786

exit, 4256156
