# Sun Sep 20 17:27:21 PDT 2015
memory, 32170233856
record-value, 112
seek-chunk, 171511808
file, 4, 1400000000

read-start, 1, 0, 171511808, 7005
circular-read-start, 4, 1, 140000000000, 8614
circular-read-total, 4, 1, 140000000000, 306321, 313479
linear-scan, 314280
-sort , 40596, 45
-merge, 23642, 45
-last , 800
read, 1, 171511808, 315889
network, 1, 194840

read-start, 2, 171511808, 171511808, 517740
circular-read-start, 4, 2, 140000000000, 518086
circular-read-total, 4, 2, 140000000000, 281791, 289726
linear-scan, 290647
-sort , 39111, 43
-merge, 22624, 43
-last , 920
read, 2, 171511808, 290993
network, 2, 194948

read-start, 3, 343023616, 171511808, 1003686
circular-read-start, 4, 3, 140000000000, 1004032
circular-read-total, 4, 3, 140000000000, 281539, 289394
linear-scan, 290128
-sort , 37154, 41
-merge, 21565, 41
-last , 733
read, 3, 171511808, 290474
network, 3, 197797

read-start, 4, 514535424, 171511808, 1491962
circular-read-start, 4, 4, 140000000000, 1492309
circular-read-total, 4, 4, 140000000000, 281388, 289125
linear-scan, 290317
-sort , 34957, 38
-merge, 20032, 38
-last , 1191
read, 4, 171511808, 290664
network, 4, 196151

read-start, 5, 686047232, 171511808, 1978782
circular-read-start, 4, 5, 140000000000, 1979127
circular-read-total, 4, 5, 140000000000, 281123, 288569
linear-scan, 289630
-sort , 31951, 35
-merge, 18436, 35
-last , 1059
read, 5, 171511808, 289975
network, 5, 198782

read-start, 6, 857559040, 171511808, 2467546
circular-read-start, 4, 6, 140000000000, 2467893
circular-read-total, 4, 6, 140000000000, 281064, 288411
linear-scan, 289482
-sort , 28526, 31
-merge, 16396, 31
-last , 1069
read, 6, 171511808, 289828
network, 6, 197153

read-start, 7, 1029070848, 171511808, 2954532
circular-read-start, 4, 7, 140000000000, 2954878
circular-read-total, 4, 7, 140000000000, 281081, 288383
linear-scan, 288935
-sort , 23520, 26
-merge, 13829, 26
-last , 550
read, 7, 171511808, 289280
network, 7, 198684

read-start, 8, 1200582656, 171511808, 3442502
circular-read-start, 4, 8, 140000000000, 3442848
circular-read-total, 4, 8, 140000000000, 281054, 288438
linear-scan, 288992
-sort , 15446, 17
-merge, 9041, 17
-last , 552
read, 8, 171511808, 289337
network, 8, 198216

read-start, 9, 1372094464, 27905536, 3930061
circular-read-start, 4, 9, 140000000000, 3930117
circular-read-total, 4, 9, 140000000000, 280971, 288534
linear-scan, 288823
-sort , 2120, 9
-merge, 851, 9
-last , 287
read, 9, 27905536, 288879
network, 9, 30662

exit, 4252382
