# Sun Sep 20 17:27:21 PDT 2015
memory, 32170233856
record-value, 112
seek-chunk, 171511808
file, 4, 1400000000

read-start, 1, 0, 171511808, 5291
circular-read-start, 4, 1, 140000000000, 6846
circular-read-total, 4, 1, 140000000000, 303677, 311480
linear-scan, 312290
-sort , 40943, 45
-merge, 24290, 45
-last , 808
read, 1, 171511808, 313845
network, 1, 196871

read-start, 2, 171511808, 171511808, 516015
circular-read-start, 4, 2, 140000000000, 516357
circular-read-total, 4, 2, 140000000000, 281020, 289791
linear-scan, 290705
-sort , 39454, 43
-merge, 23773, 43
-last , 913
read, 2, 171511808, 291047
network, 2, 194714

read-start, 3, 343023616, 171511808, 1001780
circular-read-start, 4, 3, 140000000000, 1002122
circular-read-total, 4, 3, 140000000000, 281098, 289786
linear-scan, 290538
-sort , 37320, 41
-merge, 21973, 41
-last , 750
read, 3, 171511808, 290880
network, 3, 196000

read-start, 4, 514535424, 171511808, 1488665
circular-read-start, 4, 4, 140000000000, 1489020
circular-read-total, 4, 4, 140000000000, 281316, 289950
linear-scan, 291148
-sort , 34989, 38
-merge, 20445, 38
-last , 1196
read, 4, 171511808, 291503
network, 4, 196522

read-start, 5, 686047232, 171511808, 1976697
circular-read-start, 4, 5, 140000000000, 1977040
circular-read-total, 4, 5, 140000000000, 281127, 289714
linear-scan, 290782
-sort , 32231, 35
-merge, 18916, 35
-last , 1066
read, 5, 171511808, 291125
network, 5, 199850

read-start, 6, 857559040, 171511808, 2467704
circular-read-start, 4, 6, 140000000000, 2468048
circular-read-total, 4, 6, 140000000000, 281015, 289580
linear-scan, 290649
-sort , 28545, 31
-merge, 16776, 31
-last , 1068
read, 6, 171511808, 290993
network, 6, 196389

read-start, 7, 1029070848, 171511808, 2955130
circular-read-start, 4, 7, 140000000000, 2955491
circular-read-total, 4, 7, 140000000000, 280969, 289411
linear-scan, 289962
-sort , 23670, 26
-merge, 14045, 26
-last , 549
read, 7, 171511808, 290323
network, 7, 197172

read-start, 8, 1200582656, 171511808, 3442629
circular-read-start, 4, 8, 140000000000, 3442987
circular-read-total, 4, 8, 140000000000, 281010, 289351
linear-scan, 289905
-sort , 15550, 17
-merge, 9232, 17
-last , 552
read, 8, 171511808, 290263
network, 8, 196957

read-start, 9, 1372094464, 27905536, 3929853
circular-read-start, 4, 9, 140000000000, 3929912
circular-read-total, 4, 9, 140000000000, 280912, 289253
linear-scan, 289545
-sort , 2143, 9
-merge, 871, 9
-last , 291
read, 9, 27905536, 289603
network, 9, 30232

exit, 4250560
