# Wed Oct 21 16:56:04 PDT 2015
# 4, 1400, 0, read
max-chunk, 3, 1, 136782397, 1
chunk-size, 136782397, 5239
disks, 1

size, 3, 2, 3500000000, 0
size, 4, 1, 3500000000, 0
size, 5, 1, 3500000000, 0
size, 6, 1, 3500000000, 0


read-start, 3, 1, 0, 136782397, 72
read-start, 4, 1, 0, 136782397, 72
read-start, 5, 1, 0, 136782397, 72
read-start, 6, 1, 0, 136782397, 72
read-wait, 3, 1, 0
read, 3, 1, 0, 136782397, 496934
circular-read-start, 3, 1, 13678239700, 497007
read-wait, 4, 1, 497485
read, 4, 1, 0, 136782397, 497485
circular-read-start, 4, 1, 13678239700, 497558
read-wait, 5, 1, 497488
read, 5, 1, 0, 136782397, 509892
circular-read-start, 5, 1, 13678239700, 509965
read-wait, 6, 1, 510390
read, 6, 1, 0, 136782397, 510390
circular-read-start, 6, 1, 13678239700, 510463
