# Wed Oct 21 10:56:26 PDT 2015
start, 0
myid, 2
memory, 32170233856
disks, 1
disk-path, /mnt/b
in-files, 1
file-size, 125000000000
total-size, 125000000000
bucket-size, 15011375100
mybuckets, 9
local-bucket, 2, 0, 0
local-bucket, 10, 1, 0
local-bucket, 18, 2, 0
local-bucket, 26, 3, 0
local-bucket, 34, 4, 0
local-bucket, 42, 5, 0
local-bucket, 50, 6, 0
local-bucket, 58, 7, 0
local-bucket, 66, 8, 0
buckets, 72
bucket, 0, 0
bucket, 1, 1
bucket, 2, 2
bucket, 3, 3
bucket, 4, 4
bucket, 5, 5
bucket, 6, 6
bucket, 7, 7
bucket, 8, 0
bucket, 9, 1
bucket, 10, 2
bucket, 11, 3
bucket, 12, 4
bucket, 13, 5
bucket, 14, 6
bucket, 15, 7
bucket, 16, 0
bucket, 17, 1
bucket, 18, 2
bucket, 19, 3
bucket, 20, 4
bucket, 21, 5
bucket, 22, 6
bucket, 23, 7
bucket, 24, 0
bucket, 25, 1
bucket, 26, 2
bucket, 27, 3
bucket, 28, 4
bucket, 29, 5
bucket, 30, 6
bucket, 31, 7
bucket, 32, 0
bucket, 33, 1
bucket, 34, 2
bucket, 35, 3
bucket, 36, 4
bucket, 37, 5
bucket, 38, 6
bucket, 39, 7
bucket, 40, 0
bucket, 41, 1
bucket, 42, 2
bucket, 43, 3
bucket, 44, 4
bucket, 45, 5
bucket, 46, 6
bucket, 47, 7
bucket, 48, 0
bucket, 49, 1
bucket, 50, 2
bucket, 51, 3
bucket, 52, 4
bucket, 53, 5
bucket, 54, 6
bucket, 55, 7
bucket, 56, 0
bucket, 57, 1
bucket, 58, 2
bucket, 59, 3
bucket, 60, 4
bucket, 61, 5
bucket, 62, 6
bucket, 63, 7
bucket, 64, 0
bucket, 65, 1
bucket, 66, 2
bucket, 67, 3
bucket, 68, 4
bucket, 69, 5
bucket, 70, 6
bucket, 71, 7
nodes, 8
backend, 172.30.0.76:9000
backend, 172.30.0.77:9000
backend, 172.30.0.75:9000
backend, 172.30.0.78:9000
backend, 172.30.0.132:9000
backend, 172.30.0.90:9000
backend, 172.30.0.49:9000
backend, 172.30.0.48:9000
client, 172.30.0.105:9000
operation, nth-client, 3758096384
phase-one-start, 21
p0, listen, 0.0.0.0:9000
disk, 0, /mnt/b, 9
p1, disk-start, 21
p0, connect, 172.30.0.76:9000
p0, connect, 172.30.0.77:9000
p0, connect, 172.30.0.75:9000
p0, connect, 172.30.0.78:9000
p0, connect, 172.30.0.132:9000
p0, connect, 172.30.0.90:9000
p0, connect, 172.30.0.49:9000
p0, connect, 172.30.0.48:9000
p1, netout-start, 10025
p0, new-connection, 172.30.0.76:57844
p0, new-connection, 172.30.0.49:42316
p0, new-connection, 172.30.0.90:59593
p0, new-connection, 172.30.0.132:60406
p0, new-connection, 172.30.0.75:49064
p0, new-connection, 172.30.0.48:52496
p0, new-connection, 172.30.0.78:50771
p0, new-connection, 172.30.0.77:56577
p1, send-start, 10065
p1, recv-start, 10065
circular-read-start, 3, 1, 125000000000, 10065
circular-read-total, 3, 1, 125000000000, 324777, 1019239
p1, disk-done, 1065868, 1055802
p1, netout-done, 1265726, 1255701, 1253670
p1, recv-end, 1287793, 1277727
p1, send-end, 1287793, 1277728
p1, disk-drained, 1287803, 1287781, 0
p1, disk-write, 1287803, 1287781, 554874
p1, disk-end, 1287804, 1287782
phase-one-end, 1287804, 1277782
phase-two-start, 1287804
sort-disk, 1287804, 0, 9, 4, 1
sending-to-client, 172.30.0.105:9000
send-bucket, 1321412, 2, 13889930000
sent-bucket, 1479254, 2, 157842
send-bucket, 1506917, 10, 13887982400
sent-bucket, 1664543, 10, 157625
send-bucket, 1690410, 18, 13889455800
sent-bucket, 1848111, 18, 157700
send-bucket, 1873255, 26, 13888426200
sent-bucket, 2030905, 26, 157650
sort-disk, 2030945, 0, 17214, 107301, 120867
phase-two-end, 2030946, 743141
finish, 2030946, 2020924
