# Tue Sep 15 00:47:31 PDT 2015
# 5, 280, 0, read
record-value, 112
chunk-size, 168172393, 603
disks, 1

size, 5, 1, 2936012800, 0
size, 6, 1, 2936012800, 0
size, 7, 1, 2936012800, 0
size, 8, 1, 2936012800, 0
size, 9, 1, 2936012800, 0


read-start, 5, 1, 0, 168172393, 36
read-start, 6, 1, 0, 168172393, 36
read-start, 7, 1, 0, 168172393, 36
read-start, 8, 1, 0, 168172393, 36
read-start, 9, 1, 0, 168172393, 36
read-wait, 5, 1, 0
read, 5, 1, 0, 168172393, 634639
circular-read-start, 5, 1, 16817239300, 634675
read-wait, 6, 1, 634820
read, 6, 1, 0, 168172393, 636883
circular-read-start, 6, 1, 16817239300, 636919
read-wait, 7, 1, 637047
read, 7, 1, 0, 168172393, 637048
circular-read-start, 7, 1, 16817239300, 637084
read-wait, 8, 1, 637049
read, 8, 1, 0, 168172393, 637049
circular-read-start, 8, 1, 16817239300, 637086
read-wait, 9, 1, 637188
read, 9, 1, 0, 168172393, 637188
circular-read-start, 9, 1, 16817239300, 637224
read-start, 8, 2, 168172393, 168172393, 1612860
circular-read-total, 8, 1, 16817239300, 865305, 975774
read-start, 6, 2, 168172393, 168172393, 1613175
circular-read-total, 6, 1, 16817239300, 834031, 976256
read-start, 5, 2, 168172393, 168172393, 1613228
circular-read-total, 5, 1, 16817239300, 794908, 978553
read-start, 7, 2, 168172393, 168172393, 1613253
circular-read-total, 7, 1, 16817239300, 821123, 976169
read-wait, 7, 2, 16
read-start, 9, 2, 168172393, 168172393, 1613274
circular-read-total, 9, 1, 16817239300, 835101, 976049
read, 7, 2, 168172393, 168172393, 607060
circular-read-start, 7, 2, 16817239300, 2220314
read-wait, 9, 2, 607194
read, 9, 2, 168172393, 168172393, 608801
circular-read-start, 9, 2, 16817239300, 2222075
read-wait, 6, 2, 609055
read, 6, 2, 168172393, 168172393, 610066
circular-read-start, 6, 2, 16817239300, 2223242
read-wait, 8, 2, 610530
read, 8, 2, 168172393, 168172393, 610530
circular-read-start, 8, 2, 16817239300, 2223390
read-wait, 5, 2, 610166
read, 5, 2, 168172393, 168172393, 612128
circular-read-start, 5, 2, 16817239300, 2225357
read-start, 9, 3, 336344786, 168172393, 3199245
circular-read-total, 9, 2, 16817239300, 833830, 977384
read-start, 6, 3, 336344786, 168172393, 3200190
circular-read-total, 6, 2, 16817239300, 852419, 976947
read-start, 7, 3, 336344786, 168172393, 3200537
circular-read-total, 7, 2, 16817239300, 825460, 980222
read-start, 8, 3, 336344786, 168172393, 3201054
circular-read-total, 8, 2, 16817239300, 829960, 977663
read-start, 5, 3, 336344786, 168172393, 3201195
circular-read-total, 5, 2, 16817239300, 849436, 975838
read-wait, 6, 3, 1008
read, 6, 3, 336344786, 168172393, 610053
circular-read-start, 6, 3, 16817239300, 3810244
read-wait, 7, 3, 609858
read, 7, 3, 336344786, 168172393, 609858
circular-read-start, 7, 3, 16817239300, 3810395
read-wait, 8, 3, 609343
read, 8, 3, 336344786, 168172393, 610431
circular-read-start, 8, 3, 16817239300, 3811485
read-wait, 9, 3, 612397
read, 9, 3, 336344786, 168172393, 612397
circular-read-start, 9, 3, 16817239300, 3811643
read-wait, 5, 3, 610452
read, 5, 3, 336344786, 168172393, 610452
circular-read-start, 5, 3, 16817239300, 3811647
read-start, 5, 4, 504517179, 168172393, 4786170
circular-read-total, 5, 3, 16817239300, 821800, 974522
read-start, 8, 4, 504517179, 168172393, 4788021
circular-read-total, 8, 3, 16817239300, 854111, 976535
read-start, 9, 4, 504517179, 168172393, 4788053
circular-read-total, 9, 3, 16817239300, 839410, 976410
read-start, 7, 4, 504517179, 168172393, 4788053
circular-read-total, 7, 3, 16817239300, 831105, 977658
read-start, 6, 4, 504517179, 168172393, 4788160
circular-read-total, 6, 3, 16817239300, 842949, 977916
read-wait, 7, 4, 113
read, 7, 4, 504517179, 168172393, 607041
circular-read-start, 7, 4, 16817239300, 5395095
read-wait, 8, 4, 607225
read, 8, 4, 504517179, 168172393, 611830
circular-read-start, 8, 4, 16817239300, 5399851
read-wait, 6, 4, 611839
read, 6, 4, 504517179, 168172393, 611839
circular-read-start, 6, 4, 16817239300, 5400000
read-wait, 9, 4, 612008
read, 9, 4, 504517179, 168172393, 612008
circular-read-start, 9, 4, 16817239300, 5400062
read-wait, 5, 4, 613893
read, 5, 4, 504517179, 168172393, 613893
circular-read-start, 5, 4, 16817239300, 5400064
read-start, 8, 5, 672689572, 168172393, 6376190
circular-read-total, 8, 4, 16817239300, 819308, 976338
read-start, 7, 5, 672689572, 168172393, 6376751
circular-read-total, 7, 4, 16817239300, 830382, 981656
read-start, 6, 5, 672689572, 168172393, 6376849
circular-read-total, 6, 4, 16817239300, 855023, 976848
read-start, 9, 5, 672689572, 168172393, 6376896
circular-read-total, 9, 4, 16817239300, 830851, 976834
read-start, 5, 5, 672689572, 168172393, 6377475
circular-read-total, 5, 4, 16817239300, 814747, 977410
read-wait, 8, 5, 1303
read, 8, 5, 672689572, 168172393, 610390
circular-read-start, 8, 5, 16817239300, 6986580
read-wait, 7, 5, 609981
read, 7, 5, 672689572, 168172393, 609981
circular-read-start, 7, 5, 16817239300, 6986732
read-wait, 6, 5, 609886
read, 6, 5, 672689572, 168172393, 609886
circular-read-start, 6, 5, 16817239300, 6986735
read-wait, 9, 5, 609853
read, 9, 5, 672689572, 168172393, 613990
circular-read-start, 9, 5, 16817239300, 6990886
read-wait, 5, 5, 613587
read, 5, 5, 672689572, 168172393, 613587
circular-read-start, 5, 5, 16817239300, 6991062
read-start, 5, 6, 840861965, 168172393, 7965672
circular-read-total, 5, 5, 16817239300, 830944, 974610
read-start, 8, 6, 840861965, 168172393, 7966384
circular-read-total, 8, 5, 16817239300, 835176, 979804
read-start, 7, 6, 840861965, 168172393, 7966970
circular-read-total, 7, 5, 16817239300, 841147, 980238
read-start, 9, 6, 840861965, 168172393, 7967056
circular-read-total, 9, 5, 16817239300, 826399, 976169
read-start, 6, 6, 840861965, 168172393, 7967552
circular-read-total, 6, 5, 16817239300, 863275, 980816
read-wait, 7, 6, 612
read, 7, 6, 840861965, 168172393, 607038
circular-read-start, 7, 6, 16817239300, 8574009
read-wait, 8, 6, 607778
read, 8, 6, 840861965, 168172393, 610435
circular-read-start, 8, 6, 16817239300, 8576820
read-wait, 6, 6, 609422
read, 6, 6, 840861965, 168172393, 609546
circular-read-start, 6, 6, 16817239300, 8577099
read-wait, 9, 6, 610202
read, 9, 6, 840861965, 168172393, 610203
circular-read-start, 9, 6, 16817239300, 8577259
read-wait, 5, 6, 611601
read, 5, 6, 840861965, 168172393, 611601
circular-read-start, 5, 6, 16817239300, 8577274
read-start, 9, 7, 1009034358, 168172393, 9553429
circular-read-total, 9, 6, 16817239300, 867110, 976170
read-start, 8, 7, 1009034358, 168172393, 9553834
circular-read-total, 8, 6, 16817239300, 835276, 977013
read-start, 6, 7, 1009034358, 168172393, 9553970
circular-read-total, 6, 6, 16817239300, 812852, 976870
read-start, 7, 7, 1009034358, 168172393, 9554188
circular-read-total, 7, 6, 16817239300, 843394, 980179
read-wait, 7, 7, 115
read-start, 5, 7, 1009034358, 168172393, 9554415
circular-read-total, 5, 6, 16817239300, 829808, 977140
read, 7, 7, 1009034358, 168172393, 606831
circular-read-start, 7, 7, 16817239300, 10161020
read-wait, 8, 7, 607345
read, 8, 7, 1009034358, 168172393, 611515
circular-read-start, 8, 7, 16817239300, 10165349
read-wait, 6, 7, 611531
read, 6, 7, 1009034358, 168172393, 611531
circular-read-start, 6, 7, 16817239300, 10165501
read-wait, 9, 7, 612087
read, 9, 7, 1009034358, 168172393, 617482
circular-read-start, 9, 7, 16817239300, 10170912
read-wait, 5, 7, 616674
read, 5, 7, 1009034358, 168172393, 616674
circular-read-start, 5, 7, 16817239300, 10171089
read-start, 9, 8, 1177206751, 168172393, 11145550
circular-read-total, 9, 7, 16817239300, 808324, 974638
read-start, 6, 8, 1177206751, 168172393, 11145591
circular-read-total, 6, 7, 16817239300, 823579, 980090
read-start, 5, 8, 1177206751, 168172393, 11146704
circular-read-total, 5, 7, 16817239300, 824862, 975614
read-start, 8, 8, 1177206751, 168172393, 11147280
circular-read-total, 8, 7, 16817239300, 844374, 981931
read-start, 7, 8, 1177206751, 168172393, 11147490
circular-read-total, 7, 7, 16817239300, 832561, 986470
read-wait, 7, 8, 32
read, 7, 8, 1177206751, 168172393, 607422
circular-read-start, 7, 8, 16817239300, 11754913
read-wait, 8, 8, 607792
read, 8, 8, 1177206751, 168172393, 610698
circular-read-start, 8, 8, 16817239300, 11757979
read-wait, 6, 8, 612539
read, 6, 8, 1177206751, 168172393, 612539
circular-read-start, 6, 8, 16817239300, 11758131
read-wait, 9, 8, 612591
read, 9, 8, 1177206751, 168172393, 612591
circular-read-start, 9, 8, 16817239300, 11758142
read-wait, 5, 8, 611457
read, 5, 8, 1177206751, 168172393, 611457
circular-read-start, 5, 8, 16817239300, 11758162
read-start, 7, 9, 1345379144, 168172393, 12732792
circular-read-total, 7, 8, 16817239300, 813257, 977878
read-start, 9, 9, 1345379144, 168172393, 12734417
circular-read-total, 9, 8, 16817239300, 825206, 976275
read-start, 5, 9, 1345379144, 168172393, 12734663
circular-read-total, 5, 8, 16817239300, 837535, 976501
read-start, 6, 9, 1345379144, 168172393, 12734881
circular-read-total, 6, 8, 16817239300, 853098, 976749
read-wait, 7, 9, 2214
read-start, 8, 9, 1345379144, 168172393, 12735063
circular-read-total, 8, 8, 16817239300, 831734, 977084
read, 7, 9, 1345379144, 168172393, 606920
circular-read-start, 7, 9, 16817239300, 13339712
read-wait, 8, 9, 604816
read, 8, 9, 1345379144, 168172393, 610995
circular-read-start, 8, 9, 16817239300, 13346059
read-wait, 6, 9, 611335
read, 6, 9, 1345379144, 168172393, 611335
circular-read-start, 6, 9, 16817239300, 13346217
read-wait, 9, 9, 611806
read, 9, 9, 1345379144, 168172393, 616160
circular-read-start, 9, 9, 16817239300, 13350578
read-wait, 5, 9, 616085
read, 5, 9, 1345379144, 168172393, 616085
circular-read-start, 5, 9, 16817239300, 13350749
read-start, 7, 10, 1513551537, 168172393, 14324056
circular-read-total, 7, 9, 16817239300, 845647, 984344
read-start, 9, 10, 1513551537, 168172393, 14325609
circular-read-total, 9, 9, 16817239300, 830067, 975030
read-start, 8, 10, 1513551537, 168172393, 14325743
circular-read-total, 8, 9, 16817239300, 807981, 979684
read-start, 6, 10, 1513551537, 168172393, 14326174
circular-read-total, 6, 9, 16817239300, 814225, 979956
read-wait, 7, 10, 2278
read-start, 5, 10, 1513551537, 168172393, 14326501
circular-read-total, 5, 9, 16817239300, 842624, 975752
read, 7, 10, 1513551537, 168172393, 607473
circular-read-start, 7, 10, 16817239300, 14931529
read-wait, 8, 10, 605972
read, 8, 10, 1513551537, 168172393, 610752
circular-read-start, 8, 10, 16817239300, 14936495
read-wait, 6, 10, 610476
read, 6, 10, 1513551537, 168172393, 610476
circular-read-start, 6, 10, 16817239300, 14936650
read-wait, 9, 10, 611047
read, 9, 10, 1513551537, 168172393, 611047
circular-read-start, 9, 10, 16817239300, 14936657
read-wait, 5, 10, 610172
read, 5, 10, 1513551537, 168172393, 610172
circular-read-start, 5, 10, 16817239300, 14936674
read-start, 8, 11, 1681723930, 168172393, 15911059
circular-read-total, 8, 10, 16817239300, 835885, 974563
read-start, 9, 11, 1681723930, 168172393, 15912752
circular-read-total, 9, 10, 16817239300, 833715, 976095
read-start, 6, 11, 1681723930, 168172393, 15913253
circular-read-total, 6, 10, 16817239300, 827123, 976602
read-start, 7, 11, 1681723930, 168172393, 15913390
circular-read-total, 7, 10, 16817239300, 836927, 981860
read-wait, 7, 11, 15
read-start, 5, 11, 1681723930, 168172393, 15913564
circular-read-total, 5, 10, 16817239300, 833044, 976889
read, 7, 11, 1681723930, 168172393, 606339
circular-read-start, 7, 11, 16817239300, 16519730
read-wait, 8, 11, 608846
read, 8, 11, 1681723930, 168172393, 609635
circular-read-start, 8, 11, 16817239300, 16520695
read-wait, 9, 11, 608101
read, 9, 11, 1681723930, 168172393, 612542
circular-read-start, 9, 11, 16817239300, 16525294
read-wait, 6, 11, 612195
read, 6, 11, 1681723930, 168172393, 612195
circular-read-start, 6, 11, 16817239300, 16525449
read-wait, 5, 11, 611916
read, 5, 11, 1681723930, 168172393, 611916
circular-read-start, 5, 11, 16817239300, 16525480
read-start, 8, 12, 1849896323, 168172393, 17500866
circular-read-total, 8, 11, 16817239300, 807932, 980170
read-start, 7, 12, 1849896323, 168172393, 17501332
circular-read-total, 7, 11, 16817239300, 843872, 981602
read-wait, 7, 12, 396
read-start, 5, 12, 1849896323, 168172393, 17501797
circular-read-total, 5, 11, 16817239300, 845366, 976317
read-start, 6, 12, 1849896323, 168172393, 17501813
circular-read-total, 6, 11, 16817239300, 837298, 976364
read-start, 9, 12, 1849896323, 168172393, 17501831
circular-read-total, 9, 11, 16817239300, 858098, 976535
read, 7, 12, 1849896323, 168172393, 606421
circular-read-start, 7, 12, 16817239300, 18107753
read-wait, 8, 12, 607053
read, 8, 12, 1849896323, 168172393, 609575
circular-read-start, 8, 12, 16817239300, 18110441
read-wait, 6, 12, 608794
read, 6, 12, 1849896323, 168172393, 609285
circular-read-start, 6, 12, 16817239300, 18111098
read-wait, 9, 12, 609418
read, 9, 12, 1849896323, 168172393, 610612
circular-read-start, 9, 12, 16817239300, 18112444
read-wait, 5, 12, 610838
read, 5, 12, 1849896323, 168172393, 610838
circular-read-start, 5, 12, 16817239300, 18112636
read-start, 6, 13, 2018068716, 168172393, 19086623
circular-read-total, 6, 12, 16817239300, 847127, 975525
read-start, 9, 13, 2018068716, 168172393, 19087644
circular-read-total, 9, 12, 16817239300, 820145, 975200
read-start, 8, 13, 2018068716, 168172393, 19087903
circular-read-total, 8, 12, 16817239300, 833179, 977461
read-start, 5, 13, 2018068716, 168172393, 19088441
circular-read-total, 5, 12, 16817239300, 831724, 975804
read-start, 7, 13, 2018068716, 168172393, 19088661
circular-read-total, 7, 12, 16817239300, 820240, 980907
read-wait, 7, 13, 0
read, 7, 13, 2018068716, 168172393, 606317
circular-read-start, 7, 13, 16817239300, 19694978
read-wait, 8, 13, 607236
read, 8, 13, 2018068716, 168172393, 610067
circular-read-start, 8, 13, 16817239300, 19697970
read-wait, 9, 13, 610482
read, 9, 13, 2018068716, 168172393, 611029
circular-read-start, 9, 13, 16817239300, 19698673
read-wait, 6, 13, 612205
read, 6, 13, 2018068716, 168172393, 612205
circular-read-start, 6, 13, 16817239300, 19698829
read-wait, 5, 13, 610410
read, 5, 13, 2018068716, 168172393, 610410
circular-read-start, 5, 13, 16817239300, 19698851
read-start, 5, 14, 2186241109, 168172393, 20674612
circular-read-total, 5, 13, 16817239300, 831730, 975761
read-start, 8, 14, 2186241109, 168172393, 20674803
circular-read-total, 8, 13, 16817239300, 816501, 976832
read-start, 6, 14, 2186241109, 168172393, 20675095
circular-read-total, 6, 13, 16817239300, 864481, 976266
read-start, 9, 14, 2186241109, 168172393, 20675115
circular-read-total, 9, 13, 16817239300, 820483, 976442
read-start, 7, 14, 2186241109, 168172393, 20675618
circular-read-total, 7, 13, 16817239300, 831965, 980639
read-wait, 7, 14, 21
read, 7, 14, 2186241109, 168172393, 606340
circular-read-start, 7, 14, 16817239300, 21281958
read-wait, 8, 14, 607315
read, 8, 14, 2186241109, 168172393, 609994
circular-read-start, 8, 14, 16817239300, 21284798
read-wait, 9, 14, 609840
read, 9, 14, 2186241109, 168172393, 611239
circular-read-start, 9, 14, 16817239300, 21286355
read-wait, 6, 14, 611416
read, 6, 14, 2186241109, 168172393, 611416
circular-read-start, 6, 14, 16817239300, 21286512
read-wait, 5, 14, 611933
read, 5, 14, 2186241109, 168172393, 611933
circular-read-start, 5, 14, 16817239300, 21286546
read-start, 7, 15, 2354413502, 168172393, 22261168
circular-read-total, 7, 14, 16817239300, 815891, 979209
read-start, 9, 15, 2354413502, 168172393, 22262266
circular-read-total, 9, 14, 16817239300, 861403, 975911
read-start, 8, 15, 2354413502, 168172393, 22262446
circular-read-total, 8, 14, 16817239300, 803252, 977648
read-start, 5, 15, 2354413502, 168172393, 22262478
circular-read-total, 5, 14, 16817239300, 840183, 975931
read-wait, 7, 15, 1566
read-start, 6, 15, 2354413502, 168172393, 22262798
circular-read-total, 6, 14, 16817239300, 808660, 976286
read, 7, 15, 2354413502, 168172393, 607042
circular-read-start, 7, 15, 16817239300, 22868211
read-wait, 8, 15, 605919
read, 8, 15, 2354413502, 168172393, 610290
circular-read-start, 8, 15, 16817239300, 22872737
read-wait, 9, 15, 610628
read, 9, 15, 2354413502, 168172393, 611434
circular-read-start, 9, 15, 16817239300, 22873700
read-wait, 6, 15, 611059
read, 6, 15, 2354413502, 168172393, 611059
circular-read-start, 6, 15, 16817239300, 22873858
read-wait, 5, 15, 611408
read, 5, 15, 2354413502, 168172393, 611408
circular-read-start, 5, 15, 16817239300, 22873886
read-start, 8, 16, 2522585895, 168172393, 23848293
circular-read-total, 8, 15, 16817239300, 832278, 975555
read-start, 6, 16, 2522585895, 168172393, 23848943
circular-read-total, 6, 15, 16817239300, 841280, 975085
read-start, 5, 16, 2522585895, 168172393, 23849085
circular-read-total, 5, 15, 16817239300, 846759, 975198
read-wait, 8, 16, 1251
read-start, 9, 16, 2522585895, 168172393, 23849548
circular-read-total, 9, 15, 16817239300, 852522, 975847
read-start, 7, 16, 2522585895, 168172393, 23849626
circular-read-total, 7, 15, 16817239300, 843330, 981414
read, 8, 16, 2522585895, 168172393, 611039
circular-read-start, 8, 16, 16817239300, 24459332
read-wait, 7, 16, 609857
read, 7, 16, 2522585895, 168172393, 609857
circular-read-start, 7, 16, 16817239300, 24459484
read-wait, 9, 16, 609940
read, 9, 16, 2522585895, 168172393, 610989
circular-read-start, 9, 16, 16817239300, 24460537
read-wait, 6, 16, 611758
read, 6, 16, 2522585895, 168172393, 611758
circular-read-start, 6, 16, 16817239300, 24460702
read-wait, 5, 16, 611622
read, 5, 16, 2522585895, 168172393, 611622
circular-read-start, 5, 16, 16817239300, 24460708
read-start, 8, 17, 2690758288, 168172393, 25437128
circular-read-total, 8, 16, 16817239300, 796767, 977795
read-start, 5, 17, 2690758288, 168172393, 25437398
circular-read-total, 5, 16, 16817239300, 853852, 976690
read-start, 7, 17, 2690758288, 168172393, 25437620
circular-read-total, 7, 16, 16817239300, 795853, 978136
read-start, 6, 17, 2690758288, 168172393, 25437709
circular-read-total, 6, 16, 16817239300, 837001, 977006
read-start, 9, 17, 2690758288, 168172393, 25438116
circular-read-total, 9, 16, 16817239300, 846706, 977578
read-wait, 8, 17, 988
read, 8, 17, 2690758288, 168172393, 609772
circular-read-start, 8, 17, 16817239300, 26046900
read-wait, 9, 17, 608935
read, 9, 17, 2690758288, 168172393, 610700
circular-read-start, 9, 17, 16817239300, 26048817
read-wait, 7, 17, 611348
read, 7, 17, 2690758288, 168172393, 611348
circular-read-start, 7, 17, 16817239300, 26048969
read-wait, 6, 17, 611267
read, 6, 17, 2690758288, 168172393, 611267
circular-read-start, 6, 17, 16817239300, 26048976
read-wait, 5, 17, 611585
read, 5, 17, 2690758288, 168172393, 611585
circular-read-start, 5, 17, 16817239300, 26048984
read-start, 9, 18, 2858930681, 77082119, 27024322
circular-read-total, 9, 17, 16817239300, 858407, 975610
read-start, 8, 18, 2858930681, 77082119, 27024741
circular-read-total, 8, 17, 16817239300, 826481, 977840
read-start, 7, 18, 2858930681, 77082119, 27025196
circular-read-total, 7, 17, 16817239300, 839848, 976226
read-start, 5, 18, 2858930681, 77082119, 27025619
circular-read-total, 5, 17, 16817239300, 846103, 976635
read-wait, 8, 18, 1044
read-start, 6, 18, 2858930681, 77082119, 27025787
circular-read-total, 6, 17, 16817239300, 831159, 976811
read, 8, 18, 2858930681, 77082119, 609618
circular-read-start, 8, 18, 7708211900, 27634359
read-wait, 7, 18, 609313
read, 7, 18, 2858930681, 77082119, 609313
circular-read-start, 7, 18, 7708211900, 27634510
read-wait, 9, 18, 610191
read, 9, 18, 2858930681, 77082119, 610397
circular-read-start, 9, 18, 7708211900, 27634719
read-wait, 6, 18, 609083
read, 6, 18, 2858930681, 77082119, 609083
circular-read-start, 6, 18, 7708211900, 27634871
read-wait, 5, 18, 609358
read, 5, 18, 2858930681, 77082119, 609358
circular-read-start, 5, 18, 7708211900, 27634978
circular-read-total, 7, 18, 7708211900, 367822, 443806
circular-read-total, 9, 18, 7708211900, 385888, 443646
circular-read-total, 5, 18, 7708211900, 375282, 444639
circular-read-total, 6, 18, 7708211900, 375136, 445276
circular-read-total, 8, 18, 7708211900, 399546, 446058

cmd-read, 28080452
