# 1, 50, 3, true, read
recv-size, 0, 524288000
size, 0, 0
start-read, 0, 0, 31457280
read, 0, 121174
recv-read, 0, 0, 31457280
network, 0, 35140
start-read, 1, 31457280, 31457280
read, 1, 112639
recv-read, 1, 31457280, 31457280
network, 1, 33971
start-read, 2, 62914560, 31457280
read, 2, 113233
recv-read, 2, 62914560, 31457280
network, 2, 33999
start-read, 3, 94371840, 31457280
read, 3, 112619
recv-read, 3, 94371840, 31457280
network, 3, 33942
start-read, 4, 125829120, 31457280
read, 4, 111914
recv-read, 4, 125829120, 31457280
network, 4, 33937
start-read, 5, 157286400, 31457280
read, 5, 110707
recv-read, 5, 157286400, 31457280
network, 5, 33968
start-read, 6, 188743680, 31457280
read, 6, 110581
recv-read, 6, 188743680, 31457280
network, 6, 34019
start-read, 7, 220200960, 31457280
read, 7, 110722
recv-read, 7, 220200960, 31457280
network, 7, 34070
start-read, 8, 251658240, 31457280
read, 8, 110597
recv-read, 8, 251658240, 31457280
network, 8, 33970
start-read, 9, 283115520, 31457280
read, 9, 110611
recv-read, 9, 283115520, 31457280
network, 9, 33965
start-read, 10, 314572800, 31457280
read, 10, 110678
recv-read, 10, 314572800, 31457280
network, 10, 34126
start-read, 11, 346030080, 31457280
read, 11, 110600
recv-read, 11, 346030080, 31457280
network, 11, 33967
start-read, 12, 377487360, 31457280
read, 12, 110571
recv-read, 12, 377487360, 31457280
network, 12, 33859
start-read, 13, 408944640, 31457280
read, 13, 110622
recv-read, 13, 408944640, 31457280
network, 13, 33967
start-read, 14, 440401920, 31457280
read, 14, 110476
recv-read, 14, 440401920, 31457280
network, 14, 33941
start-read, 15, 471859200, 31457280
read, 15, 110565
recv-read, 15, 471859200, 31457280
network, 15, 34085
start-read, 16, 503316480, 31457280
read, 16, 110283
recv-read, 16, 503316480, 20971520
network, 16, 21317
start-read, 17, 534773760, 31457280
cmd-read, 0, 2465172
