# Thu Sep 10 13:30:47 PDT 2015
# 6, 167, 0, read
record-value, 112
chunk-size, 1422549852, 4083
disks, 8, 

size, 5, 1, 1751121920, 0
size, 6, 1, 1751121920, 0
size, 7, 1, 1751121920, 0
size, 8, 1, 1751121920, 0
size, 9, 1, 1751121920, 0
size, 10, 1, 1751121920, 0


read-start, 5, 1, 0, 1422549852, 25
read-start, 6, 1, 0, 1422549852, 25
read-start, 7, 1, 0, 1422549852, 25
read-start, 8, 1, 0, 1422549852, 25
read-start, 9, 1, 0, 1422549852, 25
read-start, 10, 1, 0, 1422549852, 25
read-wait, 5, 1, 0
read, 5, 1, 0, 1422549852, 157276
circular-read-start, 5, 1, 142254985200, 157302
read-wait, 6, 1, 157431
read, 6, 1, 0, 1422549852, 157431
circular-read-start, 6, 1, 142254985200, 157457
read-wait, 7, 1, 157436
read, 7, 1, 0, 1422549852, 157436
circular-read-start, 7, 1, 142254985200, 157462
read-wait, 8, 1, 157439
read, 8, 1, 0, 1422549852, 157439
circular-read-start, 8, 1, 142254985200, 157465
read-wait, 9, 1, 157444
read, 9, 1, 0, 1422549852, 157444
circular-read-start, 9, 1, 142254985200, 157470
read-wait, 10, 1, 157449
read, 10, 1, 0, 1422549852, 157449
circular-read-start, 10, 1, 142254985200, 157475
read-start, 9, 2, 1422549852, 328572068, 849367
circular-read-total, 9, 1, 142254985200, 42644, 691897
read-start, 6, 2, 1422549852, 328572068, 849464
circular-read-total, 6, 1, 142254985200, 40231, 692007
read-start, 10, 2, 1422549852, 328572068, 849504
circular-read-total, 10, 1, 142254985200, 43269, 692028
read-start, 7, 2, 1422549852, 328572068, 849512
circular-read-total, 7, 1, 142254985200, 44127, 692049
read-start, 5, 2, 1422549852, 328572068, 849555
circular-read-total, 5, 1, 142254985200, 43582, 692252
read-start, 8, 2, 1422549852, 328572068, 849721
circular-read-total, 8, 1, 142254985200, 46969, 692256
read-wait, 6, 2, 631
read, 6, 2, 1422549852, 328572068, 58334
circular-read-start, 6, 2, 32857206800, 907799
read-wait, 9, 2, 58554
read, 9, 2, 1422549852, 328572068, 58554
circular-read-start, 9, 2, 32857206800, 907922
read-wait, 8, 2, 58205
read, 8, 2, 1422549852, 328572068, 58205
circular-read-start, 8, 2, 32857206800, 907927
read-wait, 7, 2, 58424
read, 7, 2, 1422549852, 328572068, 58424
circular-read-start, 7, 2, 32857206800, 907937
read-wait, 10, 2, 58442
read, 10, 2, 1422549852, 328572068, 58442
circular-read-start, 10, 2, 32857206800, 907946
read-wait, 5, 2, 58398
read, 5, 2, 1422549852, 328572068, 59403
circular-read-start, 5, 2, 32857206800, 908958
circular-read-total, 5, 2, 32857206800, 3794, 158018
circular-read-total, 6, 2, 32857206800, 3817, 160648
circular-read-total, 10, 2, 32857206800, 4193, 160613
circular-read-total, 8, 2, 32857206800, 4088, 160820
circular-read-total, 9, 2, 32857206800, 3891, 160897
circular-read-total, 7, 2, 32857206800, 4158, 160940

cmd-read, 1071622
