# Thu Sep 10 13:30:47 PDT 2015
record-value, 96
seek-chunk, 1595288049
file, 4, 218890240
file, 5, 218890240
file, 6, 218890240
file, 7, 218890240
file, 8, 218890240
file, 9, 218890240
file, 10, 218890240
file, 11, 218890240

read-start, 1, 0, 1422549852, 3661
linear-scan-start, 1422549852, 101610703
circular-read-start, 4, 1, 21889024000, 18323
circular-read-start, 6, 1, 21889024000, 18324
circular-read-start, 9, 1, 21889024000, 18324
circular-read-start, 8, 1, 21889024000, 18324
circular-read-start, 5, 1, 21889024000, 18324
circular-read-start, 10, 1, 21889024000, 18324
circular-read-start, 7, 1, 21889024000, 18324
circular-read-start, 11, 1, 21889024000, 18324
circular-read-total, 9, 1, 21889024000, 52369, 110640
circular-read-total, 7, 1, 21889024000, 52256, 110707
circular-read-total, 5, 1, 21889024000, 53196, 110742
circular-read-total, 11, 1, 21889024000, 54415, 110760
circular-read-total, 10, 1, 21889024000, 52185, 110790
circular-read-total, 6, 1, 21889024000, 53337, 110822
circular-read-total, 8, 1, 21889024000, 52916, 110969
circular-read-total, 4, 1, 21889024000, 54860, 111165
linear-scan, 138458, 1422549852
-sort , 36971, 18
-merge, 61193, 18
-last , 1946
read, 1, 1422549852, 153120
network, 1, 696126

read-start, 2, 1422549852, 328572068, 852942
linear-scan-start, 328572068, 101610703
circular-read-start, 4, 2, 21889024000, 853711
circular-read-start, 7, 2, 21889024000, 853711
circular-read-start, 10, 2, 21889024000, 853711
circular-read-start, 11, 2, 21889024000, 853711
circular-read-start, 6, 2, 21889024000, 853711
circular-read-start, 8, 2, 21889024000, 853711
circular-read-start, 9, 2, 21889024000, 853711
circular-read-start, 5, 2, 21889024000, 853711
duplicate-rec, 1, cff63f981949e8bada81
circular-read-total, 6, 2, 21889024000, 49512, 50522
circular-read-total, 7, 2, 21889024000, 50477, 51437
circular-read-total, 4, 2, 21889024000, 51139, 52182
circular-read-total, 8, 2, 21889024000, 51310, 52327
circular-read-total, 5, 2, 21889024000, 51671, 52671
circular-read-total, 10, 2, 21889024000, 52720, 53759
circular-read-total, 9, 2, 21889024000, 54490, 55505
circular-read-total, 11, 2, 21889024000, 54976, 55997
linear-scan, 57563, 328572068
-sort , 7061, 4
-merge, 4648, 4
-last , 901
read, 2, 328572068, 58333
network, 2, 160607

exit, 1075122
