# Tue Oct 20 13:42:54 PDT 2015
start, 0
myid, 1
memory, 32170233856
disks, 1
disk-path, /mnt/b
in-files, 1
file-size, 250000000000
total-size, 250000000000
bucket-size, 15011375100
mybuckets, 17
local-bucket, 1, 0, 0
local-bucket, 5, 1, 0
local-bucket, 9, 2, 0
local-bucket, 13, 3, 0
local-bucket, 17, 4, 0
local-bucket, 21, 5, 0
local-bucket, 25, 6, 0
local-bucket, 29, 7, 0
local-bucket, 33, 8, 0
local-bucket, 37, 9, 0
local-bucket, 41, 10, 0
local-bucket, 45, 11, 0
local-bucket, 49, 12, 0
local-bucket, 53, 13, 0
local-bucket, 57, 14, 0
local-bucket, 61, 15, 0
local-bucket, 65, 16, 0
buckets, 68
bucket, 0, 0
bucket, 1, 1
bucket, 2, 2
bucket, 3, 3
bucket, 4, 0
bucket, 5, 1
bucket, 6, 2
bucket, 7, 3
bucket, 8, 0
bucket, 9, 1
bucket, 10, 2
bucket, 11, 3
bucket, 12, 0
bucket, 13, 1
bucket, 14, 2
bucket, 15, 3
bucket, 16, 0
bucket, 17, 1
bucket, 18, 2
bucket, 19, 3
bucket, 20, 0
bucket, 21, 1
bucket, 22, 2
bucket, 23, 3
bucket, 24, 0
bucket, 25, 1
bucket, 26, 2
bucket, 27, 3
bucket, 28, 0
bucket, 29, 1
bucket, 30, 2
bucket, 31, 3
bucket, 32, 0
bucket, 33, 1
bucket, 34, 2
bucket, 35, 3
bucket, 36, 0
bucket, 37, 1
bucket, 38, 2
bucket, 39, 3
bucket, 40, 0
bucket, 41, 1
bucket, 42, 2
bucket, 43, 3
bucket, 44, 0
bucket, 45, 1
bucket, 46, 2
bucket, 47, 3
bucket, 48, 0
bucket, 49, 1
bucket, 50, 2
bucket, 51, 3
bucket, 52, 0
bucket, 53, 1
bucket, 54, 2
bucket, 55, 3
bucket, 56, 0
bucket, 57, 1
bucket, 58, 2
bucket, 59, 3
bucket, 60, 0
bucket, 61, 1
bucket, 62, 2
bucket, 63, 3
bucket, 64, 0
bucket, 65, 1
bucket, 66, 2
bucket, 67, 3
nodes, 4
backend, 172.30.0.76:9000
backend, 172.30.0.77:9000
backend, 172.30.0.75:9000
backend, 172.30.0.78:9000
client, 172.30.0.105:9000
operation, nth-client, 3758096384
phase-one-start, 17
p0, listen, 0.0.0.0:9000
disk, 0, /mnt/b, 17
p1, disk-start, 18
p0, connect, 172.30.0.76:9000
p0, connect, 172.30.0.77:9000
p0, connect, 172.30.0.75:9000
p0, connect, 172.30.0.78:9000
p1, netout-start, 10019
p0, new-connection, 172.30.0.75:59959
p0, new-connection, 172.30.0.76:48915
p0, new-connection, 172.30.0.78:51479
p0, new-connection, 172.30.0.77:41218
p1, send-start, 10020
p1, recv-start, 10020
circular-read-start, 3, 1, 250000000000, 10020
circular-read-total, 3, 1, 250000000000, 681864, 1972838
p1, disk-done, 2010801, 2000780
p1, netout-done, 2181842, 2171822, 2169700
p1, recv-end, 2189067, 2179046
p1, send-end, 2189067, 2179046
p1, disk-drained, 2189078, 2189060, 0
p1, disk-write, 2189079, 2189060, 1139561
p1, disk-end, 2189079, 2189060
phase-one-end, 2189079, 2179061
phase-two-start, 2189079
sort-disk, 2189079, 0, 17, 7, 1
sending-to-client, 172.30.0.105:9000
send-bucket, 2223198, 1, 14707027100
sent-bucket, 2390185, 1, 166987
send-bucket, 2420239, 5, 14706567800
sent-bucket, 2587302, 5, 167063
send-bucket, 2614133, 9, 14703840100
sent-bucket, 2781262, 9, 167128
send-bucket, 2808215, 13, 14705339800
sent-bucket, 2975348, 13, 167132
send-bucket, 3001373, 17, 14706418300
sent-bucket, 3168457, 17, 167084
send-bucket, 3194661, 21, 14707405500
sent-bucket, 3361634, 21, 166973
send-bucket, 3387891, 25, 8171360900
sent-bucket, 3478886, 25, 90995
sort-disk, 3478929, 0, 30279, 191306, 226347
phase-two-end, 3478930, 1289850
finish, 3478930, 3468912
