# Tue Oct 20 13:42:54 PDT 2015
start, 0
myid, 2
memory, 32170233856
disks, 1
disk-path, /mnt/b
in-files, 1
file-size, 250000000000
total-size, 250000000000
bucket-size, 15011375100
mybuckets, 17
local-bucket, 2, 0, 0
local-bucket, 6, 1, 0
local-bucket, 10, 2, 0
local-bucket, 14, 3, 0
local-bucket, 18, 4, 0
local-bucket, 22, 5, 0
local-bucket, 26, 6, 0
local-bucket, 30, 7, 0
local-bucket, 34, 8, 0
local-bucket, 38, 9, 0
local-bucket, 42, 10, 0
local-bucket, 46, 11, 0
local-bucket, 50, 12, 0
local-bucket, 54, 13, 0
local-bucket, 58, 14, 0
local-bucket, 62, 15, 0
local-bucket, 66, 16, 0
buckets, 68
bucket, 0, 0
bucket, 1, 1
bucket, 2, 2
bucket, 3, 3
bucket, 4, 0
bucket, 5, 1
bucket, 6, 2
bucket, 7, 3
bucket, 8, 0
bucket, 9, 1
bucket, 10, 2
bucket, 11, 3
bucket, 12, 0
bucket, 13, 1
bucket, 14, 2
bucket, 15, 3
bucket, 16, 0
bucket, 17, 1
bucket, 18, 2
bucket, 19, 3
bucket, 20, 0
bucket, 21, 1
bucket, 22, 2
bucket, 23, 3
bucket, 24, 0
bucket, 25, 1
bucket, 26, 2
bucket, 27, 3
bucket, 28, 0
bucket, 29, 1
bucket, 30, 2
bucket, 31, 3
bucket, 32, 0
bucket, 33, 1
bucket, 34, 2
bucket, 35, 3
bucket, 36, 0
bucket, 37, 1
bucket, 38, 2
bucket, 39, 3
bucket, 40, 0
bucket, 41, 1
bucket, 42, 2
bucket, 43, 3
bucket, 44, 0
bucket, 45, 1
bucket, 46, 2
bucket, 47, 3
bucket, 48, 0
bucket, 49, 1
bucket, 50, 2
bucket, 51, 3
bucket, 52, 0
bucket, 53, 1
bucket, 54, 2
bucket, 55, 3
bucket, 56, 0
bucket, 57, 1
bucket, 58, 2
bucket, 59, 3
bucket, 60, 0
bucket, 61, 1
bucket, 62, 2
bucket, 63, 3
bucket, 64, 0
bucket, 65, 1
bucket, 66, 2
bucket, 67, 3
nodes, 4
backend, 172.30.0.76:9000
backend, 172.30.0.77:9000
backend, 172.30.0.75:9000
backend, 172.30.0.78:9000
client, 172.30.0.105:9000
operation, nth-client, 3758096384
phase-one-start, 15
p0, listen, 0.0.0.0:9000
disk, 0, /mnt/b, 17
p1, disk-start, 16
p0, connect, 172.30.0.76:9000
p0, connect, 172.30.0.77:9000
p0, connect, 172.30.0.75:9000
p0, connect, 172.30.0.78:9000
p1, netout-start, 10017
p0, new-connection, 172.30.0.75:49023
p0, new-connection, 172.30.0.76:57805
p0, new-connection, 172.30.0.78:50734
p0, new-connection, 172.30.0.77:56540
p1, send-start, 10287
p1, recv-start, 10288
circular-read-start, 3, 1, 250000000000, 10288
circular-read-total, 3, 1, 250000000000, 681438, 1975517
p1, disk-done, 2014186, 2003898
p1, recv-end, 2189197, 2178909
p1, send-end, 2189197, 2178909
p1, netout-done, 2189197, 2179179, 2176745
p1, disk-drained, 2189208, 2189192, 0
p1, disk-write, 2189208, 2189192, 1154426
p1, disk-end, 2189209, 2189192
phase-one-end, 2189209, 2179193
phase-two-start, 2189209
sort-disk, 2189209, 0, 17, 6, 1
sending-to-client, 172.30.0.105:9000
send-bucket, 2224963, 2, 14706332200
sent-bucket, 2392075, 2, 167111
send-bucket, 2423553, 6, 14706166600
sent-bucket, 2590615, 6, 167062
send-bucket, 2618243, 10, 14706948200
sent-bucket, 2785212, 10, 166969
send-bucket, 2811958, 14, 14707169600
sent-bucket, 2978980, 14, 167022
send-bucket, 3005502, 18, 14705345300
sent-bucket, 3172635, 18, 167133
send-bucket, 3199533, 22, 14705051200
sent-bucket, 3366801, 22, 167267
sort-disk, 3366951, 0, 25795, 169881, 191180
phase-two-end, 3366951, 1177742
finish, 3366951, 3356935
