# Thu Sep 10 01:55:09 PDT 2015
# 1, 100, 0, read
record-value, 112
chunk-size, 171478413, 2967
disks, 1, 

size, 5, 1, 1048576000, 0


read-start, 5, 1, 0, 171478413, 12
read-wait, 5, 1, 0
read, 5, 1, 0, 171478413, 240527
network, 1, 195663
read-start, 5, 2, 171478413, 171478413, 436203
read-wait, 5, 2, 0
read, 5, 2, 171478413, 171478413, 218316
network, 2, 195608
read-start, 5, 3, 342956826, 171478413, 850129
read-wait, 5, 3, 0
read, 5, 3, 342956826, 171478413, 218140
network, 3, 195639
read-start, 5, 4, 514435239, 171478413, 1263908
read-wait, 5, 4, 0
read, 5, 4, 514435239, 171478413, 218011
network, 4, 195691
read-start, 5, 5, 685913652, 171478413, 1677612
read-wait, 5, 5, 0
read, 5, 5, 685913652, 171478413, 218351
network, 5, 195595
read-start, 5, 6, 857392065, 171478413, 2091559
read-wait, 5, 6, 0
read, 5, 6, 857392065, 171478413, 218051
network, 6, 195708
read-start, 5, 7, 1028870478, 171478413, 2505320
read-wait, 5, 7, 0
read, 5, 7, 1028870478, 19705522, 217271
network, 7, 19355

cmd-read, 2741935
