# Thu Sep 24 23:18:09 PDT 2015
start, 0
myid, 0
disks, 1
disk-path, /mnt/b
in-files, 1
mybuckets, 14
local-bucket, 0, 0, 0
local-bucket, 3, 1, 0
local-bucket, 6, 2, 0
local-bucket, 9, 3, 0
local-bucket, 12, 4, 0
local-bucket, 15, 5, 0
local-bucket, 18, 6, 0
local-bucket, 21, 7, 0
local-bucket, 24, 8, 0
local-bucket, 27, 9, 0
local-bucket, 30, 10, 0
local-bucket, 33, 11, 0
local-bucket, 36, 12, 0
local-bucket, 39, 13, 0
buckets, 42
bucket, 0, 0
bucket, 1, 1
bucket, 2, 2
bucket, 3, 0
bucket, 4, 1
bucket, 5, 2
bucket, 6, 0
bucket, 7, 1
bucket, 8, 2
bucket, 9, 0
bucket, 10, 1
bucket, 11, 2
bucket, 12, 0
bucket, 13, 1
bucket, 14, 2
bucket, 15, 0
bucket, 16, 1
bucket, 17, 2
bucket, 18, 0
bucket, 19, 1
bucket, 20, 2
bucket, 21, 0
bucket, 22, 1
bucket, 23, 2
bucket, 24, 0
bucket, 25, 1
bucket, 26, 2
bucket, 27, 0
bucket, 28, 1
bucket, 29, 2
bucket, 30, 0
bucket, 31, 1
bucket, 32, 2
bucket, 33, 0
bucket, 34, 1
bucket, 35, 2
bucket, 36, 0
bucket, 37, 1
bucket, 38, 2
bucket, 39, 0
bucket, 40, 1
bucket, 41, 2
nodes, 3
backend, 172.30.0.37:9000
backend, 172.30.0.39:9000
backend, 172.30.0.38:9000
phase-one-start, 12
p0, listen, 0.0.0.0:9000
disk, 0, /mnt/b, 14
p1, disk-start, 13
p0, connect, 172.30.0.37:9000
p0, connect, 172.30.0.39:9000
p0, connect, 172.30.0.38:9000
p1, netout-start, 10015
p0, new-connection, 172.30.0.37:56689
p0, new-connection, 172.30.0.38:43230
p0, new-connection, 172.30.0.39:41782
p1, send-start, 10048
p1, recv-start, 10049
circular-read-start, 3, 1, 200000000000, 10049
circular-read-total, 3, 1, 200000000000, 550930, 1352376
p1, disk-done, 1383429, 1373379
p1, netout-done, 1542480, 1532465, 1529983
p1, recv-end, 1543315, 1533265
p1, send-end, 1543315, 1533266
p1, disk-drained, 1543336, 1543322, 0
p1, disk-write, 1543365, 1543351, 909678
p1, disk-end, 1543365, 1543351
phase-one-end, 1543365, 1543352
phase-two-start, 1543365
sort-disk, 2394150, 0, 62001, 409137, 437357
phase-two-end, 2394150, 850784
finish, 2394150, 2384137
