# Thu Sep 24 23:18:09 PDT 2015
start, 0
myid, 1
disks, 1
disk-path, /mnt/b
in-files, 1
mybuckets, 14
local-bucket, 1, 0, 0
local-bucket, 4, 1, 0
local-bucket, 7, 2, 0
local-bucket, 10, 3, 0
local-bucket, 13, 4, 0
local-bucket, 16, 5, 0
local-bucket, 19, 6, 0
local-bucket, 22, 7, 0
local-bucket, 25, 8, 0
local-bucket, 28, 9, 0
local-bucket, 31, 10, 0
local-bucket, 34, 11, 0
local-bucket, 37, 12, 0
local-bucket, 40, 13, 0
buckets, 42
bucket, 0, 0
bucket, 1, 1
bucket, 2, 2
bucket, 3, 0
bucket, 4, 1
bucket, 5, 2
bucket, 6, 0
bucket, 7, 1
bucket, 8, 2
bucket, 9, 0
bucket, 10, 1
bucket, 11, 2
bucket, 12, 0
bucket, 13, 1
bucket, 14, 2
bucket, 15, 0
bucket, 16, 1
bucket, 17, 2
bucket, 18, 0
bucket, 19, 1
bucket, 20, 2
bucket, 21, 0
bucket, 22, 1
bucket, 23, 2
bucket, 24, 0
bucket, 25, 1
bucket, 26, 2
bucket, 27, 0
bucket, 28, 1
bucket, 29, 2
bucket, 30, 0
bucket, 31, 1
bucket, 32, 2
bucket, 33, 0
bucket, 34, 1
bucket, 35, 2
bucket, 36, 0
bucket, 37, 1
bucket, 38, 2
bucket, 39, 0
bucket, 40, 1
bucket, 41, 2
nodes, 3
backend, 172.30.0.37:9000
backend, 172.30.0.39:9000
backend, 172.30.0.38:9000
phase-one-start, 10
p0, listen, 0.0.0.0:9000
disk, 0, /mnt/b, 14
p1, disk-start, 11
p0, connect, 172.30.0.37:9000
p0, connect, 172.30.0.39:9000
p0, connect, 172.30.0.38:9000
p1, netout-start, 10013
p0, new-connection, 172.30.0.37:34113
p0, new-connection, 172.30.0.38:43340
p0, new-connection, 172.30.0.39:60686
p1, send-start, 10013
p1, recv-start, 10014
circular-read-start, 3, 1, 200000000000, 10014
circular-read-total, 3, 1, 200000000000, 552869, 1361858
p1, disk-done, 1393114, 1383100
p1, netout-done, 1542834, 1532820, 1530535
p1, recv-end, 1543349, 1533335
p1, send-end, 1543349, 1533336
p1, disk-drained, 1543379, 1543367, 14
p1, disk-write, 1543379, 1543367, 945338
p1, disk-end, 1543379, 1543368
phase-one-end, 1543379, 1543368
phase-two-start, 1543379
sort-disk, 2360479, 0, 62552, 375702, 437116
phase-two-end, 2360479, 817099
finish, 2360479, 2350468
