# 1, 50, 10, true, read
recv-size, 0, 524288000
size, 0, 0
start-read, 0, 0, 104857600
read, 0, 361144
recv-read, 0, 0, 104857600
network, 0, 126639
start-read, 1, 104857600, 104857600
read, 1, 326954
recv-read, 1, 104857600, 104857600
network, 1, 123082
start-read, 2, 209715200, 104857600
read, 2, 273587
recv-read, 2, 209715200, 104857600
network, 2, 122726
start-read, 3, 314572800, 104857600
read, 3, 214570
recv-read, 3, 314572800, 104857600
network, 3, 122919
start-read, 4, 419430400, 104857600
read, 4, 131636
recv-read, 4, 419430400, 104857600
network, 4, 123005
start-read, 5, 524288000, 104857600
cmd-read, 0, 1927961
