# Wed Sep 16 09:45:41 PDT 2015
# 12, 116.66, 0, read
record-value, 112
chunk-size, 168172393, 251
disks, 1

size, 5, 1, 1166600000, 0
size, 6, 1, 1166600000, 0
size, 7, 1, 1166600000, 0
size, 8, 1, 1166600000, 0
size, 9, 1, 1166600000, 0
size, 10, 1, 1166600000, 0
size, 11, 1, 1166600000, 0
size, 12, 1, 1166600000, 0
size, 13, 1, 1166600000, 0
size, 14, 1, 1166600000, 0
size, 15, 1, 1166600000, 0
size, 16, 1, 1166600000, 0


read-start, 5, 1, 0, 168172393, 34
read-start, 6, 1, 0, 168172393, 34
read-start, 7, 1, 0, 168172393, 34
read-start, 8, 1, 0, 168172393, 34
read-start, 9, 1, 0, 168172393, 34
read-start, 10, 1, 0, 168172393, 34
read-start, 11, 1, 0, 168172393, 34
read-start, 12, 1, 0, 168172393, 34
read-start, 13, 1, 0, 168172393, 34
read-start, 14, 1, 0, 168172393, 34
read-start, 15, 1, 0, 168172393, 34
read-start, 16, 1, 0, 168172393, 34
read-wait, 5, 1, 0
read, 5, 1, 0, 168172393, 267284
circular-read-start, 5, 1, 16817239300, 267319
read-wait, 6, 1, 267444
read, 6, 1, 0, 168172393, 267446
circular-read-start, 6, 1, 16817239300, 267481
read-wait, 7, 1, 267659
read, 7, 1, 0, 168172393, 267659
circular-read-start, 7, 1, 16817239300, 267693
read-wait, 8, 1, 267661
read, 8, 1, 0, 168172393, 267661
circular-read-start, 8, 1, 16817239300, 267696
read-wait, 9, 1, 267664
read, 9, 1, 0, 168172393, 267664
circular-read-start, 9, 1, 16817239300, 267699
read-wait, 10, 1, 267667
read, 10, 1, 0, 168172393, 267667
circular-read-start, 10, 1, 16817239300, 267701
read-wait, 11, 1, 267669
read, 11, 1, 0, 168172393, 267669
circular-read-start, 11, 1, 16817239300, 267704
read-wait, 12, 1, 267672
read, 12, 1, 0, 168172393, 267672
circular-read-start, 12, 1, 16817239300, 267707
read-wait, 13, 1, 267675
read, 13, 1, 0, 168172393, 267675
circular-read-start, 13, 1, 16817239300, 267710
read-wait, 14, 1, 267678
read, 14, 1, 0, 168172393, 267678
circular-read-start, 14, 1, 16817239300, 267713
read-wait, 15, 1, 267681
read, 15, 1, 0, 168172393, 267681
circular-read-start, 15, 1, 16817239300, 267716
read-wait, 16, 1, 267684
read, 16, 1, 0, 168172393, 267684
circular-read-start, 16, 1, 16817239300, 267718
read-start, 8, 2, 168172393, 168172393, 2621191
circular-read-total, 8, 1, 16817239300, 2028521, 2353498
read-start, 6, 2, 168172393, 168172393, 2621832
circular-read-total, 6, 1, 16817239300, 1960397, 2354351
read-start, 13, 2, 168172393, 168172393, 2622012
circular-read-total, 13, 1, 16817239300, 1929764, 2354302
read-start, 5, 2, 168172393, 168172393, 2622085
circular-read-total, 5, 1, 16817239300, 1900232, 2354766
read-start, 7, 2, 168172393, 168172393, 2622422
circular-read-total, 7, 1, 16817239300, 1919729, 2354728
read-start, 12, 2, 168172393, 168172393, 2622520
circular-read-total, 12, 1, 16817239300, 1950864, 2354813
read-start, 9, 2, 168172393, 168172393, 2622833
circular-read-total, 9, 1, 16817239300, 1924848, 2355134
read-start, 14, 2, 168172393, 168172393, 2622878
read-start, 15, 2, 168172393, 168172393, 2622878
circular-read-total, 15, 1, 16817239300, 1980939, 2355163
circular-read-total, 14, 1, 16817239300, 1989788, 2355420
read-start, 10, 2, 168172393, 168172393, 2623425
circular-read-total, 10, 1, 16817239300, 1901064, 2355723
read-start, 11, 2, 168172393, 168172393, 2623564
circular-read-total, 11, 1, 16817239300, 1974417, 2355860
read-wait, 8, 2, 2510
read-start, 16, 2, 168172393, 168172393, 2623840
circular-read-total, 16, 1, 16817239300, 2018993, 2356121
read, 8, 2, 168172393, 168172393, 242584
circular-read-start, 8, 2, 16817239300, 2863776
read-wait, 10, 2, 240503
read, 10, 2, 168172393, 168172393, 243891
circular-read-start, 10, 2, 16817239300, 2867316
read-wait, 12, 2, 244948
read, 12, 2, 168172393, 168172393, 244948
circular-read-start, 12, 2, 16817239300, 2867468
read-wait, 9, 2, 244636
read, 9, 2, 168172393, 168172393, 244636
circular-read-start, 9, 2, 16817239300, 2867470
read-wait, 16, 2, 243632
read, 16, 2, 168172393, 168172393, 243632
circular-read-start, 16, 2, 16817239300, 2867472
read-wait, 14, 2, 244606
read, 14, 2, 168172393, 168172393, 244606
circular-read-start, 14, 2, 16817239300, 2867484
read-wait, 13, 2, 245474
read, 13, 2, 168172393, 168172393, 245474
circular-read-start, 13, 2, 16817239300, 2867486
read-wait, 11, 2, 243925
read, 11, 2, 168172393, 168172393, 243925
circular-read-start, 11, 2, 16817239300, 2867489
read-wait, 5, 2, 245406
read, 5, 2, 168172393, 168172393, 245406
circular-read-start, 5, 2, 16817239300, 2867492
read-wait, 7, 2, 245082
read, 7, 2, 168172393, 168172393, 245082
circular-read-start, 7, 2, 16817239300, 2867504
read-wait, 6, 2, 245679
read, 6, 2, 168172393, 168172393, 245679
circular-read-start, 6, 2, 16817239300, 2867512
read-wait, 15, 2, 244671
read, 15, 2, 168172393, 168172393, 244671
circular-read-start, 15, 2, 16817239300, 2867550
read-start, 15, 3, 336344786, 168172393, 5220321
circular-read-total, 15, 2, 16817239300, 2018916, 2352771
read-start, 7, 3, 336344786, 168172393, 5221358
circular-read-total, 7, 2, 16817239300, 1966333, 2353853
read-start, 10, 3, 336344786, 168172393, 5221902
circular-read-total, 10, 2, 16817239300, 1913049, 2354585
read-start, 11, 3, 336344786, 168172393, 5221915
circular-read-total, 11, 2, 16817239300, 1983073, 2354426
read-start, 5, 3, 336344786, 168172393, 5222152
circular-read-total, 5, 2, 16817239300, 1929707, 2354659
read-start, 12, 3, 336344786, 168172393, 5222251
circular-read-total, 12, 2, 16817239300, 1935293, 2354782
read-start, 8, 3, 336344786, 168172393, 5222438
circular-read-total, 8, 2, 16817239300, 1986300, 2358664
read-start, 6, 3, 336344786, 168172393, 5222620
circular-read-total, 6, 2, 16817239300, 1988754, 2355107
read-start, 9, 3, 336344786, 168172393, 5222690
circular-read-total, 9, 2, 16817239300, 1929202, 2355220
read-start, 16, 3, 336344786, 168172393, 5222928
circular-read-total, 16, 2, 16817239300, 2021723, 2355456
read-start, 14, 3, 336344786, 168172393, 5223017
circular-read-total, 14, 2, 16817239300, 1932713, 2355533
read-start, 13, 3, 336344786, 168172393, 5223072
circular-read-total, 13, 2, 16817239300, 1921637, 2355585
read-wait, 9, 3, 381
read, 9, 3, 336344786, 168172393, 241980
circular-read-start, 9, 3, 16817239300, 5464671
read-wait, 8, 3, 242380
read, 8, 3, 336344786, 168172393, 242380
circular-read-start, 8, 3, 16817239300, 5464818
read-wait, 13, 3, 241748
read, 13, 3, 336344786, 168172393, 241748
circular-read-start, 13, 3, 16817239300, 5464821
read-wait, 14, 3, 241873
read, 14, 3, 336344786, 168172393, 241873
circular-read-start, 14, 3, 16817239300, 5464891
read-wait, 11, 3, 242980
read, 11, 3, 336344786, 168172393, 242980
circular-read-start, 11, 3, 16817239300, 5464895
read-wait, 10, 3, 242993
read, 10, 3, 336344786, 168172393, 243257
circular-read-start, 10, 3, 16817239300, 5465160
read-wait, 16, 3, 242379
read, 16, 3, 336344786, 168172393, 242379
circular-read-start, 16, 3, 16817239300, 5465307
read-wait, 12, 3, 243075
read, 12, 3, 336344786, 168172393, 243075
circular-read-start, 12, 3, 16817239300, 5465326
read-wait, 7, 3, 243971
read, 7, 3, 336344786, 168172393, 243971
circular-read-start, 7, 3, 16817239300, 5465329
read-wait, 5, 3, 243190
read, 5, 3, 336344786, 168172393, 243190
circular-read-start, 5, 3, 16817239300, 5465343
read-wait, 6, 3, 242725
read, 6, 3, 336344786, 168172393, 242725
circular-read-start, 6, 3, 16817239300, 5465345
read-wait, 15, 3, 245031
read, 15, 3, 336344786, 168172393, 245032
circular-read-start, 15, 3, 16817239300, 5465353
read-start, 7, 4, 504517179, 168172393, 7818361
circular-read-total, 7, 3, 16817239300, 1899563, 2353031
read-start, 16, 4, 504517179, 168172393, 7819350
circular-read-total, 16, 3, 16817239300, 2032025, 2354042
read-start, 11, 4, 504517179, 168172393, 7820358
circular-read-total, 11, 3, 16817239300, 1904223, 2355462
read-start, 12, 4, 504517179, 168172393, 7820531
circular-read-total, 12, 3, 16817239300, 1922390, 2355204
read-start, 13, 4, 504517179, 168172393, 7820619
circular-read-total, 13, 3, 16817239300, 1888639, 2355798
read-start, 8, 4, 504517179, 168172393, 7820671
circular-read-total, 8, 3, 16817239300, 2024579, 2355852
read-start, 10, 4, 504517179, 168172393, 7820841
circular-read-total, 10, 3, 16817239300, 1954225, 2355681
read-start, 14, 4, 504517179, 168172393, 7820912
circular-read-total, 14, 3, 16817239300, 2096484, 2356021
read-start, 5, 4, 504517179, 168172393, 7820919
circular-read-total, 5, 3, 16817239300, 1935719, 2355576
read-start, 6, 4, 504517179, 168172393, 7821167
circular-read-total, 6, 3, 16817239300, 1960976, 2355822
read-start, 9, 4, 504517179, 168172393, 7821180
circular-read-total, 9, 3, 16817239300, 1877335, 2356509
read-wait, 10, 4, 453
read-start, 15, 4, 504517179, 168172393, 7821436
circular-read-total, 15, 3, 16817239300, 1959784, 2356082
read, 10, 4, 504517179, 168172393, 245707
circular-read-start, 10, 4, 16817239300, 8066549
read-wait, 9, 4, 245536
read, 9, 4, 504517179, 168172393, 245684
circular-read-start, 9, 4, 16817239300, 8066864
read-wait, 8, 4, 246348
read, 8, 4, 504517179, 168172393, 246348
circular-read-start, 8, 4, 16817239300, 8067020
read-wait, 13, 4, 246409
read, 13, 4, 504517179, 168172393, 246409
circular-read-start, 13, 4, 16817239300, 8067028
read-wait, 12, 4, 246500
read, 12, 4, 504517179, 168172393, 246500
circular-read-start, 12, 4, 16817239300, 8067032
read-wait, 14, 4, 246121
read, 14, 4, 504517179, 168172393, 246121
circular-read-start, 14, 4, 16817239300, 8067033
read-wait, 11, 4, 246678
read, 11, 4, 504517179, 168172393, 246678
circular-read-start, 11, 4, 16817239300, 8067036
read-wait, 16, 4, 247695
read, 16, 4, 504517179, 168172393, 247695
circular-read-start, 16, 4, 16817239300, 8067046
read-wait, 6, 4, 245888
read, 6, 4, 504517179, 168172393, 245888
circular-read-start, 6, 4, 16817239300, 8067056
read-wait, 5, 4, 246146
read, 5, 4, 504517179, 168172393, 246146
circular-read-start, 5, 4, 16817239300, 8067066
read-wait, 7, 4, 248708
read, 7, 4, 504517179, 168172393, 248708
circular-read-start, 7, 4, 16817239300, 8067069
read-wait, 15, 4, 245653
read, 15, 4, 504517179, 168172393, 245653
circular-read-start, 15, 4, 16817239300, 8067089
read-start, 11, 5, 672689572, 168172393, 10419401
circular-read-total, 11, 4, 16817239300, 1893253, 2352420
read-start, 9, 5, 672689572, 168172393, 10421042
circular-read-total, 9, 4, 16817239300, 1909415, 2354177
read-start, 10, 5, 672689572, 168172393, 10421111
circular-read-total, 10, 4, 16817239300, 1917144, 2354561
read-start, 6, 5, 672689572, 168172393, 10421922
circular-read-total, 6, 4, 16817239300, 1957283, 2354865
read-start, 12, 5, 672689572, 168172393, 10422214
circular-read-total, 12, 4, 16817239300, 1927604, 2355183
read-start, 16, 5, 672689572, 168172393, 10422306
circular-read-total, 16, 4, 16817239300, 1987195, 2355260
read-start, 15, 5, 672689572, 168172393, 10422513
circular-read-total, 15, 4, 16817239300, 2011470, 2355423
read-start, 13, 5, 672689572, 168172393, 10422628
circular-read-total, 13, 4, 16817239300, 1912549, 2355600
read-start, 14, 5, 672689572, 168172393, 10422652
circular-read-total, 14, 4, 16817239300, 1970883, 2355618
read-start, 7, 5, 672689572, 168172393, 10422861
circular-read-total, 7, 4, 16817239300, 1936675, 2355791
read-start, 5, 5, 672689572, 168172393, 10422918
circular-read-total, 5, 4, 16817239300, 1902661, 2355851
read-start, 8, 5, 672689572, 168172393, 10423111
circular-read-total, 8, 4, 16817239300, 2012640, 2356091
read-wait, 10, 5, 2056
read, 10, 5, 672689572, 168172393, 243727
circular-read-start, 10, 5, 16817239300, 10664839
read-wait, 13, 5, 242373
read, 13, 5, 672689572, 168172393, 242373
circular-read-start, 13, 5, 16817239300, 10665001
read-wait, 11, 5, 245607
read, 11, 5, 672689572, 168172393, 245607
circular-read-start, 11, 5, 16817239300, 10665009
read-wait, 9, 5, 243974
read, 9, 5, 672689572, 168172393, 243974
circular-read-start, 9, 5, 16817239300, 10665016
read-wait, 14, 5, 242369
read, 14, 5, 672689572, 168172393, 242369
circular-read-start, 14, 5, 16817239300, 10665021
read-wait, 8, 5, 241911
read, 8, 5, 672689572, 168172393, 242289
circular-read-start, 8, 5, 16817239300, 10665401
read-wait, 16, 5, 243244
read, 16, 5, 672689572, 168172393, 243244
circular-read-start, 16, 5, 16817239300, 10665550
read-wait, 12, 5, 243348
read, 12, 5, 672689572, 168172393, 243348
circular-read-start, 12, 5, 16817239300, 10665562
read-wait, 15, 5, 243055
read, 15, 5, 672689572, 168172393, 243055
circular-read-start, 15, 5, 16817239300, 10665568
read-wait, 6, 5, 243658
read, 6, 5, 672689572, 168172393, 243658
circular-read-start, 6, 5, 16817239300, 10665580
read-wait, 7, 5, 242726
read, 7, 5, 672689572, 168172393, 242780
circular-read-start, 7, 5, 16817239300, 10665642
read-wait, 5, 5, 242899
read, 5, 5, 672689572, 168172393, 242899
circular-read-start, 5, 5, 16817239300, 10665817
read-start, 10, 6, 840861965, 168172393, 13018344
circular-read-total, 10, 5, 16817239300, 1878497, 2353505
read-start, 14, 6, 840861965, 168172393, 13018711
circular-read-total, 14, 5, 16817239300, 1990295, 2353690
read-start, 9, 6, 840861965, 168172393, 13019222
circular-read-total, 9, 5, 16817239300, 1968518, 2354206
read-start, 11, 6, 840861965, 168172393, 13019432
circular-read-total, 11, 5, 16817239300, 1979793, 2354423
read-start, 7, 6, 840861965, 168172393, 13019764
circular-read-total, 7, 5, 16817239300, 1936771, 2354320
read-start, 12, 6, 840861965, 168172393, 13020170
circular-read-total, 12, 5, 16817239300, 1997768, 2354609
read-start, 8, 6, 840861965, 168172393, 13020385
circular-read-total, 8, 5, 16817239300, 1965448, 2354983
read-start, 5, 6, 840861965, 168172393, 13020814
circular-read-total, 5, 5, 16817239300, 1955909, 2354996
read-start, 6, 6, 840861965, 168172393, 13020841
circular-read-total, 6, 5, 16817239300, 1974019, 2355261
read-start, 15, 6, 840861965, 168172393, 13020886
circular-read-total, 15, 5, 16817239300, 1959580, 2355318
read-start, 13, 6, 840861965, 168172393, 13020887
circular-read-total, 13, 5, 16817239300, 1970715, 2355885
read-start, 16, 6, 840861965, 168172393, 13021062
circular-read-total, 16, 5, 16817239300, 2093436, 2355512
read-wait, 10, 6, 2721
read, 10, 6, 840861965, 168172393, 243445
circular-read-start, 10, 6, 16817239300, 13261789
read-wait, 11, 6, 242518
read, 11, 6, 840861965, 168172393, 242831
circular-read-start, 11, 6, 16817239300, 13262264
read-wait, 13, 6, 241530
read, 13, 6, 840861965, 168172393, 241827
circular-read-start, 13, 6, 16817239300, 13262714
read-wait, 14, 6, 244154
read, 14, 6, 840861965, 168172393, 244154
circular-read-start, 14, 6, 16817239300, 13262866
read-wait, 16, 6, 241811
read, 16, 6, 840861965, 168172393, 241811
circular-read-start, 16, 6, 16817239300, 13262874
read-wait, 8, 6, 242490
read, 8, 6, 840861965, 168172393, 242490
circular-read-start, 8, 6, 16817239300, 13262876
read-wait, 9, 6, 243660
read, 9, 6, 840861965, 168172393, 243660
circular-read-start, 9, 6, 16817239300, 13262882
read-wait, 15, 6, 242000
read, 15, 6, 840861965, 168172393, 242071
circular-read-start, 15, 6, 16817239300, 13262958
read-wait, 12, 6, 242947
read, 12, 6, 840861965, 168172393, 242947
circular-read-start, 12, 6, 16817239300, 13263117
read-wait, 7, 6, 243369
read, 7, 6, 840861965, 168172393, 243369
circular-read-start, 7, 6, 16817239300, 13263134
read-wait, 6, 6, 242293
read, 6, 6, 840861965, 168172393, 242293
circular-read-start, 6, 6, 16817239300, 13263135
read-wait, 5, 6, 242329
read, 5, 6, 840861965, 168172393, 242329
circular-read-start, 5, 6, 16817239300, 13263143
read-start, 5, 7, 1009034358, 157565642, 15616938
circular-read-total, 5, 6, 16817239300, 1868508, 2353795
read-start, 13, 7, 1009034358, 157565642, 15617003
circular-read-total, 13, 6, 16817239300, 1946578, 2354288
read-start, 11, 7, 1009034358, 157565642, 15617128
circular-read-total, 11, 6, 16817239300, 1894663, 2354863
read-start, 10, 7, 1009034358, 157565642, 15617140
circular-read-total, 10, 6, 16817239300, 1927048, 2355351
read-start, 7, 7, 1009034358, 157565642, 15617209
circular-read-total, 7, 6, 16817239300, 1898425, 2354074
read-start, 15, 7, 1009034358, 157565642, 15617443
circular-read-total, 15, 6, 16817239300, 2001881, 2354596
read-start, 9, 7, 1009034358, 157565642, 15617646
circular-read-total, 9, 6, 16817239300, 1930522, 2354764
read-start, 12, 7, 1009034358, 157565642, 15617934
circular-read-total, 12, 6, 16817239300, 1977834, 2354821
read-start, 16, 7, 1009034358, 157565642, 15618239
circular-read-total, 16, 6, 16817239300, 2075578, 2355365
read-start, 14, 7, 1009034358, 157565642, 15618308
circular-read-total, 14, 6, 16817239300, 1935201, 2355442
read-wait, 11, 7, 1328
read-start, 6, 7, 1009034358, 157565642, 15618475
circular-read-total, 6, 6, 16817239300, 2031454, 2355339
read-start, 8, 7, 1009034358, 157565642, 15618564
circular-read-total, 8, 6, 16817239300, 1989513, 2355688
read, 11, 7, 1009034358, 157565642, 242806
circular-read-start, 11, 7, 15756564200, 15859935
read-wait, 15, 7, 242637
read, 15, 7, 1009034358, 157565642, 242637
circular-read-start, 15, 7, 15756564200, 15860081
read-wait, 10, 7, 243008
read, 10, 7, 1009034358, 157565642, 245143
circular-read-start, 10, 7, 15756564200, 15862284
read-wait, 14, 7, 244128
read, 14, 7, 1009034358, 157565642, 244128
circular-read-start, 14, 7, 15756564200, 15862437
read-wait, 13, 7, 245435
read, 13, 7, 1009034358, 157565642, 245435
circular-read-start, 13, 7, 15756564200, 15862439
read-wait, 8, 7, 243889
read, 8, 7, 1009034358, 157565642, 243889
circular-read-start, 8, 7, 15756564200, 15862453
read-wait, 12, 7, 244520
read, 12, 7, 1009034358, 157565642, 244520
circular-read-start, 12, 7, 15756564200, 15862455
read-wait, 16, 7, 244222
read, 16, 7, 1009034358, 157565642, 244222
circular-read-start, 16, 7, 15756564200, 15862462
read-wait, 6, 7, 243988
read, 6, 7, 1009034358, 157565642, 243988
circular-read-start, 6, 7, 15756564200, 15862464
read-wait, 9, 7, 244821
read, 9, 7, 1009034358, 157565642, 244821
circular-read-start, 9, 7, 15756564200, 15862468
read-wait, 5, 7, 245561
read, 5, 7, 1009034358, 157565642, 245561
circular-read-start, 5, 7, 15756564200, 15862500
read-wait, 7, 7, 245305
read, 7, 7, 1009034358, 157565642, 245305
circular-read-start, 7, 7, 15756564200, 15862514
circular-read-total, 8, 7, 15756564200, 1908740, 2204455
circular-read-total, 11, 7, 15756564200, 1809035, 2207172
circular-read-total, 14, 7, 15756564200, 1884409, 2205882
circular-read-total, 5, 7, 15756564200, 1844121, 2205912
circular-read-total, 10, 7, 15756564200, 1798396, 2206132
circular-read-total, 6, 7, 15756564200, 1848545, 2206057
circular-read-total, 12, 7, 15756564200, 1820482, 2206161
circular-read-total, 9, 7, 15756564200, 1860962, 2206246
circular-read-total, 13, 7, 15756564200, 1810284, 2206277
circular-read-total, 15, 7, 15756564200, 1875814, 2208871
circular-read-total, 7, 7, 15756564200, 1797208, 2206477
circular-read-total, 16, 7, 15756564200, 1909667, 2206801

cmd-read, 18069321
