# Wed Sep 16 09:45:41 PDT 2015
record-value, 96
seek-chunk, 188593327
file, 4, 1166600000

read-start, 1, 0, 168172393, 7528
circular-read-start, 4, 1, 116660000000, 9224
circular-read-total, 4, 1, 116660000000, 254489, 260763
linear-scan, 261572
-sort , 35615, 43
-merge, 23859, 43
-last , 468
read, 1, 168172393, 263268
network, 1, 2357554

read-start, 2, 168172393, 168172393, 2628650
circular-read-start, 4, 2, 116660000000, 2628983
circular-read-total, 4, 2, 116660000000, 234208, 241110
linear-scan, 242261
-sort , 33715, 40
-merge, 23002, 40
-last , 1149
read, 2, 168172393, 242594
network, 2, 2358605

read-start, 3, 336344786, 168172393, 5230005
circular-read-start, 4, 3, 116660000000, 5230338
circular-read-total, 4, 3, 116660000000, 234309, 241330
linear-scan, 241874
-sort , 31606, 38
-merge, 21508, 38
-last , 542
read, 3, 168172393, 242207
network, 3, 2356072

read-start, 4, 504517179, 168172393, 7828346
circular-read-start, 4, 4, 116660000000, 7828679
circular-read-total, 4, 4, 116660000000, 234238, 241273
linear-scan, 242453
-sort , 28822, 34
-merge, 19110, 34
-last , 1179
read, 4, 168172393, 242786
network, 4, 2359758

read-start, 5, 672689572, 168172393, 10430895
circular-read-start, 4, 5, 116660000000, 10431227
circular-read-total, 4, 5, 116660000000, 234137, 241014
linear-scan, 241967
-sort , 25397, 30
-merge, 17297, 30
-last , 951
read, 5, 168172393, 242299
network, 5, 2354883

read-start, 6, 840861965, 168172393, 13028277
circular-read-start, 4, 6, 116660000000, 13028616
circular-read-total, 4, 6, 116660000000, 234315, 240825
linear-scan, 241760
-sort , 20118, 24
-merge, 13516, 24
-last , 933
read, 6, 168172393, 242099
network, 6, 2355881

read-start, 7, 1009034358, 157565642, 15626564
circular-read-start, 4, 7, 116660000000, 15626888
circular-read-total, 4, 7, 116660000000, 234347, 241211
linear-scan, 242745
-sort , 11308, 15
-merge, 8048, 15
-last , 288
read, 7, 157565642, 243069
network, 7, 2205023

exit, 18077458
