# Mon Sep 21 02:59:42 PDT 2015
# 19, 70, 0, read
max-chunk, 3, 1, 171511808, 0
chunk-size, 171511808, 1229
disks, 8

size, 3, 2, 700000000, 0
size, 4, 1, 700000000, 0
size, 5, 1, 700000000, 0
size, 6, 1, 700000000, 0
size, 7, 1, 700000000, 0
size, 8, 1, 700000000, 0
size, 9, 1, 700000000, 0
size, 10, 1, 700000000, 0
size, 11, 1, 700000000, 0
size, 12, 1, 700000000, 0
size, 13, 1, 700000000, 0
size, 14, 1, 700000000, 0
size, 15, 1, 700000000, 0
size, 16, 1, 700000000, 0
size, 17, 1, 700000000, 0
size, 18, 1, 700000000, 0
size, 19, 1, 700000000, 0
size, 20, 1, 700000000, 0
size, 21, 1, 700000000, 0
size, 22, 1, 700000000, 0


read-start, 3, 1, 0, 171511808, 39
read-start, 4, 1, 0, 171511808, 39
read-start, 5, 1, 0, 171511808, 39
read-start, 6, 1, 0, 171511808, 39
read-start, 7, 1, 0, 171511808, 39
read-start, 8, 1, 0, 171511808, 39
read-start, 9, 1, 0, 171511808, 39
read-start, 10, 1, 0, 171511808, 39
read-start, 11, 1, 0, 171511808, 39
read-start, 12, 1, 0, 171511808, 39
read-start, 13, 1, 0, 171511808, 39
read-start, 14, 1, 0, 171511808, 39
read-start, 15, 1, 0, 171511808, 39
read-start, 16, 1, 0, 171511808, 39
read-start, 17, 1, 0, 171511808, 39
read-start, 18, 1, 0, 171511808, 39
read-start, 19, 1, 0, 171511808, 39
read-start, 20, 1, 0, 171511808, 39
read-start, 21, 1, 0, 171511808, 39
read-start, 22, 1, 0, 171511808, 39
read-wait, 3, 1, 0
read, 3, 1, 0, 171511808, 160706
circular-read-start, 3, 1, 17151180800, 160745
read-wait, 4, 1, 160876
read, 4, 1, 0, 171511808, 161785
circular-read-start, 4, 1, 17151180800, 161824
read-wait, 5, 1, 161961
read, 5, 1, 0, 171511808, 161961
circular-read-start, 5, 1, 17151180800, 162001
read-wait, 6, 1, 161963
read, 6, 1, 0, 171511808, 161963
circular-read-start, 6, 1, 17151180800, 162003
read-wait, 7, 1, 161966
read, 7, 1, 0, 171511808, 161966
circular-read-start, 7, 1, 17151180800, 162005
read-wait, 8, 1, 161968
read, 8, 1, 0, 171511808, 161968
circular-read-start, 8, 1, 17151180800, 162008
read-wait, 9, 1, 161970
read, 9, 1, 0, 171511808, 161970
circular-read-start, 9, 1, 17151180800, 162010
read-wait, 10, 1, 161972
read, 10, 1, 0, 171511808, 162830
circular-read-start, 10, 1, 17151180800, 162869
read-wait, 11, 1, 163011
read, 11, 1, 0, 171511808, 163011
circular-read-start, 11, 1, 17151180800, 163051
read-wait, 12, 1, 163014
read, 12, 1, 0, 171511808, 163014
circular-read-start, 12, 1, 17151180800, 163053
read-wait, 13, 1, 163016
read, 13, 1, 0, 171511808, 163016
circular-read-start, 13, 1, 17151180800, 163056
read-wait, 14, 1, 163018
read, 14, 1, 0, 171511808, 163018
circular-read-start, 14, 1, 17151180800, 163058
read-wait, 15, 1, 163021
read, 15, 1, 0, 171511808, 163021
circular-read-start, 15, 1, 17151180800, 163061
read-wait, 16, 1, 163023
read, 16, 1, 0, 171511808, 163023
circular-read-start, 16, 1, 17151180800, 163063
read-wait, 17, 1, 163025
read, 17, 1, 0, 171511808, 163025
circular-read-start, 17, 1, 17151180800, 163065
read-wait, 18, 1, 163027
read, 18, 1, 0, 171511808, 163027
circular-read-start, 18, 1, 17151180800, 163067
read-wait, 19, 1, 163030
read, 19, 1, 0, 171511808, 163312
circular-read-start, 19, 1, 17151180800, 163352
read-wait, 20, 1, 163498
read, 20, 1, 0, 171511808, 163498
circular-read-start, 20, 1, 17151180800, 163538
read-wait, 21, 1, 163501
read, 21, 1, 0, 171511808, 163501
circular-read-start, 21, 1, 17151180800, 163541
read-wait, 22, 1, 163504
read, 22, 1, 0, 171511808, 163504
circular-read-start, 22, 1, 17151180800, 163545
read-start, 3, 2, 171511808, 171511808, 519696
circular-read-total, 3, 1, 17151180800, 23542, 358954
read-start, 7, 2, 171511808, 171511808, 521785
circular-read-total, 7, 1, 17151180800, 569, 359781
read-start, 6, 2, 171511808, 171511808, 521848
circular-read-total, 6, 1, 17151180800, 415, 359847
read-start, 10, 2, 171511808, 171511808, 522015
circular-read-total, 10, 1, 17151180800, 1374, 359149
read-start, 12, 2, 171511808, 171511808, 522036
circular-read-total, 12, 1, 17151180800, 684, 358984
read-start, 9, 2, 171511808, 171511808, 522055
circular-read-total, 9, 1, 17151180800, 804, 360047
read-start, 18, 2, 171511808, 171511808, 522112
circular-read-total, 18, 1, 17151180800, 1559, 359047
read-start, 22, 2, 171511808, 171511808, 522135
circular-read-total, 22, 1, 17151180800, 684, 358592
read-start, 5, 2, 171511808, 171511808, 522146
circular-read-total, 5, 1, 17151180800, 838, 360147
read-start, 11, 2, 171511808, 171511808, 522158
circular-read-total, 11, 1, 17151180800, 713, 359109
read-start, 8, 2, 171511808, 171511808, 522162
circular-read-total, 8, 1, 17151180800, 874, 360156
read-start, 17, 2, 171511808, 171511808, 522185
read-start, 16, 2, 171511808, 171511808, 522185
circular-read-total, 17, 1, 17151180800, 1347, 359121
circular-read-total, 16, 1, 17151180800, 786, 359125
read-start, 21, 2, 171511808, 171511808, 522195
circular-read-total, 21, 1, 17151180800, 1156, 358656
read-start, 19, 2, 171511808, 171511808, 522213
circular-read-total, 19, 1, 17151180800, 1230, 358863
read-start, 13, 2, 171511808, 171511808, 522286
circular-read-total, 13, 1, 17151180800, 1035, 359233
read-start, 14, 2, 171511808, 171511808, 522314
circular-read-total, 14, 1, 17151180800, 779, 359259
read-start, 4, 2, 171511808, 171511808, 522384
circular-read-total, 4, 1, 17151180800, 430, 360562
read-start, 20, 2, 171511808, 171511808, 522399
circular-read-total, 20, 1, 17151180800, 1015, 358864
read-start, 15, 2, 171511808, 171511808, 522456
circular-read-total, 15, 1, 17151180800, 534, 359398
read-wait, 16, 2, 3035
read, 16, 2, 171511808, 171511808, 145783
circular-read-start, 16, 2, 17151180800, 667969
read-wait, 13, 2, 145827
read, 13, 2, 171511808, 171511808, 145839
circular-read-start, 13, 2, 17151180800, 668125
read-wait, 8, 2, 146104
read, 8, 2, 171511808, 171511808, 146227
circular-read-start, 8, 2, 17151180800, 668389
read-wait, 18, 2, 146414
read, 18, 2, 171511808, 171511808, 146414
circular-read-start, 18, 2, 17151180800, 668526
read-wait, 11, 2, 146373
read, 11, 2, 171511808, 171511808, 146373
circular-read-start, 11, 2, 17151180800, 668531
read-wait, 7, 2, 146757
read, 7, 2, 171511808, 171511808, 146757
circular-read-start, 7, 2, 17151180800, 668542
read-wait, 22, 2, 146414
read, 22, 2, 171511808, 171511808, 146414
circular-read-start, 22, 2, 17151180800, 668549
read-wait, 10, 2, 146535
read, 10, 2, 171511808, 171511808, 146535
circular-read-start, 10, 2, 17151180800, 668550
read-wait, 17, 2, 146376
read, 17, 2, 171511808, 171511808, 146376
circular-read-start, 17, 2, 17151180800, 668561
read-wait, 15, 2, 146106
read, 15, 2, 171511808, 171511808, 146106
circular-read-start, 15, 2, 17151180800, 668563
read-wait, 21, 2, 146376
read, 21, 2, 171511808, 171511808, 146376
circular-read-start, 21, 2, 17151180800, 668572
read-wait, 9, 2, 146621
read, 9, 2, 171511808, 171511808, 146621
circular-read-start, 9, 2, 17151180800, 668677
read-wait, 14, 2, 146368
read, 14, 2, 171511808, 171511808, 146368
circular-read-start, 14, 2, 17151180800, 668683
read-wait, 3, 2, 148990
read, 3, 2, 171511808, 171511808, 148990
circular-read-start, 3, 2, 17151180800, 668687
read-wait, 12, 2, 146654
read, 12, 2, 171511808, 171511808, 146654
circular-read-start, 12, 2, 17151180800, 668691
read-wait, 6, 2, 146847
read, 6, 2, 171511808, 171511808, 146847
circular-read-start, 6, 2, 17151180800, 668695
read-wait, 20, 2, 146302
read, 20, 2, 171511808, 171511808, 146302
circular-read-start, 20, 2, 17151180800, 668702
read-wait, 5, 2, 146565
read, 5, 2, 171511808, 171511808, 146565
circular-read-start, 5, 2, 17151180800, 668711
read-wait, 4, 2, 146330
read, 4, 2, 171511808, 171511808, 146330
circular-read-start, 4, 2, 17151180800, 668715
read-wait, 19, 2, 146510
read, 19, 2, 171511808, 171511808, 146653
circular-read-start, 19, 2, 17151180800, 668867
read-start, 3, 3, 343023616, 171511808, 1022080
circular-read-total, 3, 2, 17151180800, 41949, 353398
read-start, 14, 3, 343023616, 171511808, 1023617
circular-read-total, 14, 2, 17151180800, 207, 354936
read-start, 15, 3, 343023616, 171511808, 1023629
circular-read-total, 15, 2, 17151180800, 433, 355070
read-start, 5, 3, 343023616, 171511808, 1023718
circular-read-total, 5, 2, 17151180800, 434, 355009
read-start, 16, 3, 343023616, 171511808, 1023949
circular-read-total, 16, 2, 17151180800, 427, 355983
read-start, 21, 3, 343023616, 171511808, 1023983
circular-read-total, 21, 2, 17151180800, 341, 355413
read-start, 9, 3, 343023616, 171511808, 1024066
circular-read-total, 9, 2, 17151180800, 448, 355392
read-start, 20, 3, 343023616, 171511808, 1024127
circular-read-total, 20, 2, 17151180800, 175, 355428
read-start, 22, 3, 343023616, 171511808, 1024139
circular-read-total, 22, 2, 17151180800, 260, 355592
read-start, 11, 3, 343023616, 171511808, 1024144
circular-read-total, 11, 2, 17151180800, 848, 355614
read-start, 18, 3, 343023616, 171511808, 1024166
circular-read-total, 18, 2, 17151180800, 839, 355642
read-start, 6, 3, 343023616, 171511808, 1024212
circular-read-total, 6, 2, 17151180800, 448, 355518
read-start, 4, 3, 343023616, 171511808, 1024233
circular-read-total, 4, 2, 17151180800, 429, 355521
read-start, 10, 3, 343023616, 171511808, 1024249
circular-read-total, 10, 2, 17151180800, 414, 355701
read-start, 7, 3, 343023616, 171511808, 1024288
circular-read-total, 7, 2, 17151180800, 619, 355747
read-start, 17, 3, 343023616, 171511808, 1024301
circular-read-total, 17, 2, 17151180800, 428, 355741
read-start, 8, 3, 343023616, 171511808, 1024334
circular-read-total, 8, 2, 17151180800, 350, 355948
read-start, 13, 3, 343023616, 171511808, 1024346
circular-read-total, 13, 2, 17151180800, 213, 356222
read-start, 12, 3, 343023616, 171511808, 1024389
circular-read-total, 12, 2, 17151180800, 403, 355699
read-start, 19, 3, 343023616, 171511808, 1024395
circular-read-total, 19, 2, 17151180800, 758, 355529
read-wait, 11, 3, 2961
read, 11, 3, 343023616, 171511808, 145772
circular-read-start, 11, 3, 17151180800, 1169917
read-wait, 16, 3, 146130
read, 16, 3, 343023616, 171511808, 146130
circular-read-start, 16, 3, 17151180800, 1170079
read-wait, 10, 3, 145839
read, 10, 3, 343023616, 171511808, 146030
circular-read-start, 10, 3, 17151180800, 1170280
read-wait, 8, 3, 146090
read, 8, 3, 343023616, 171511808, 146294
circular-read-start, 8, 3, 17151180800, 1170629
read-wait, 18, 3, 146599
read, 18, 3, 343023616, 171511808, 146599
circular-read-start, 18, 3, 17151180800, 1170766
read-wait, 22, 3, 146636
read, 22, 3, 343023616, 171511808, 146636
circular-read-start, 22, 3, 17151180800, 1170776
read-wait, 12, 3, 146391
read, 12, 3, 343023616, 171511808, 146391
circular-read-start, 12, 3, 17151180800, 1170780
read-wait, 15, 3, 147157
read, 15, 3, 343023616, 171511808, 147157
circular-read-start, 15, 3, 17151180800, 1170786
read-wait, 20, 3, 146669
read, 20, 3, 343023616, 171511808, 146669
circular-read-start, 20, 3, 17151180800, 1170797
read-wait, 14, 3, 147181
read, 14, 3, 343023616, 171511808, 147181
circular-read-start, 14, 3, 17151180800, 1170799
read-wait, 9, 3, 146739
read, 9, 3, 343023616, 171511808, 146739
circular-read-start, 9, 3, 17151180800, 1170806
read-wait, 13, 3, 146461
read, 13, 3, 343023616, 171511808, 146461
circular-read-start, 13, 3, 17151180800, 1170808
read-wait, 6, 3, 146603
read, 6, 3, 343023616, 171511808, 146603
circular-read-start, 6, 3, 17151180800, 1170816
read-wait, 3, 3, 148747
read, 3, 3, 343023616, 171511808, 148747
circular-read-start, 3, 3, 17151180800, 1170828
read-wait, 17, 3, 146530
read, 17, 3, 343023616, 171511808, 146530
circular-read-start, 17, 3, 17151180800, 1170831
read-wait, 4, 3, 146606
read, 4, 3, 343023616, 171511808, 146606
circular-read-start, 4, 3, 17151180800, 1170840
read-wait, 21, 3, 146864
read, 21, 3, 343023616, 171511808, 146864
circular-read-start, 21, 3, 17151180800, 1170847
read-wait, 19, 3, 146463
read, 19, 3, 343023616, 171511808, 146968
circular-read-start, 19, 3, 17151180800, 1171364
read-wait, 7, 3, 147229
read, 7, 3, 343023616, 171511808, 147229
circular-read-start, 7, 3, 17151180800, 1171517
read-wait, 5, 3, 147803
read, 5, 3, 343023616, 171511808, 147803
circular-read-start, 5, 3, 17151180800, 1171521
read-start, 3, 4, 514535424, 171511808, 1520293
circular-read-total, 3, 3, 17151180800, 53794, 349467
read-start, 6, 4, 514535424, 171511808, 1525940
circular-read-total, 6, 3, 17151180800, 619, 355128
read-start, 9, 4, 514535424, 171511808, 1525975
circular-read-total, 9, 3, 17151180800, 230, 355172
read-start, 5, 4, 514535424, 171511808, 1526040
circular-read-total, 5, 3, 17151180800, 544, 354522
read-start, 21, 4, 514535424, 171511808, 1526074
circular-read-total, 21, 3, 17151180800, 796, 355229
read-start, 22, 4, 514535424, 171511808, 1526092
circular-read-total, 22, 3, 17151180800, 258, 355318
read-start, 10, 4, 514535424, 171511808, 1526171
read-start, 17, 4, 514535424, 171511808, 1526173
circular-read-total, 10, 3, 17151180800, 234, 355893
circular-read-total, 17, 3, 17151180800, 251, 355344
read-start, 4, 4, 514535424, 171511808, 1526203
circular-read-total, 4, 3, 17151180800, 390, 355365
read-start, 14, 4, 514535424, 171511808, 1526236
circular-read-total, 14, 3, 17151180800, 663, 355438
read-start, 8, 4, 514535424, 171511808, 1526276
circular-read-total, 8, 3, 17151180800, 364, 355650
read-start, 13, 4, 514535424, 171511808, 1526283
circular-read-total, 13, 3, 17151180800, 428, 355477
read-start, 15, 4, 514535424, 171511808, 1526361
circular-read-total, 15, 3, 17151180800, 483, 355577
read-start, 12, 4, 514535424, 171511808, 1526399
read-start, 7, 4, 514535424, 171511808, 1526400
circular-read-total, 12, 3, 17151180800, 402, 355621
circular-read-total, 7, 3, 17151180800, 401, 354884
read-start, 19, 4, 514535424, 171511808, 1526402
circular-read-total, 19, 3, 17151180800, 968, 355039
read-start, 16, 4, 514535424, 171511808, 1526405
read-start, 20, 4, 514535424, 171511808, 1526405
circular-read-total, 16, 3, 17151180800, 512, 356327
circular-read-total, 20, 3, 17151180800, 479, 355611
read-start, 11, 4, 514535424, 171511808, 1526417
circular-read-total, 11, 3, 17151180800, 245, 356502
read-start, 18, 4, 514535424, 171511808, 1526465
circular-read-total, 18, 3, 17151180800, 867, 355700
read-wait, 11, 4, 3057
read, 11, 4, 514535424, 171511808, 145383
circular-read-start, 11, 4, 17151180800, 1671801
read-wait, 13, 4, 145664
read, 13, 4, 514535424, 171511808, 145687
circular-read-start, 13, 4, 17151180800, 1671970
read-wait, 16, 4, 145725
read, 16, 4, 514535424, 171511808, 145725
circular-read-start, 16, 4, 17151180800, 1672130
read-wait, 18, 4, 145674
read, 18, 4, 514535424, 171511808, 145783
circular-read-start, 18, 4, 17151180800, 1672248
read-wait, 20, 4, 145988
read, 20, 4, 514535424, 171511808, 145988
circular-read-start, 20, 4, 17151180800, 1672394
read-wait, 22, 4, 146305
read, 22, 4, 514535424, 171511808, 146305
circular-read-start, 22, 4, 17151180800, 1672398
read-wait, 12, 4, 146003
read, 12, 4, 514535424, 171511808, 146003
circular-read-start, 12, 4, 17151180800, 1672403
read-wait, 10, 4, 146238
read, 10, 4, 514535424, 171511808, 146238
circular-read-start, 10, 4, 17151180800, 1672410
read-wait, 9, 4, 146486
read, 9, 4, 514535424, 171511808, 146486
circular-read-start, 9, 4, 17151180800, 1672462
read-wait, 8, 4, 146193
read, 8, 4, 514535424, 171511808, 146193
circular-read-start, 8, 4, 17151180800, 1672470
read-wait, 17, 4, 146298
read, 17, 4, 514535424, 171511808, 146298
circular-read-start, 17, 4, 17151180800, 1672471
read-wait, 15, 4, 146112
read, 15, 4, 514535424, 171511808, 146112
circular-read-start, 15, 4, 17151180800, 1672474
read-wait, 6, 4, 146537
read, 6, 4, 514535424, 171511808, 146537
circular-read-start, 6, 4, 17151180800, 1672477
read-wait, 21, 4, 146410
read, 21, 4, 514535424, 171511808, 146410
circular-read-start, 21, 4, 17151180800, 1672484
read-wait, 14, 4, 146256
read, 14, 4, 514535424, 171511808, 146256
circular-read-start, 14, 4, 17151180800, 1672492
read-wait, 7, 4, 146099
read, 7, 4, 514535424, 171511808, 146099
circular-read-start, 7, 4, 17151180800, 1672499
read-wait, 5, 4, 146472
read, 5, 4, 514535424, 171511808, 146472
circular-read-start, 5, 4, 17151180800, 1672513
read-wait, 19, 4, 146118
read, 19, 4, 514535424, 171511808, 146164
circular-read-start, 19, 4, 17151180800, 1672567
read-wait, 3, 4, 152430
read, 3, 4, 514535424, 171511808, 152430
circular-read-start, 3, 4, 17151180800, 1672724
read-wait, 4, 4, 146531
read, 4, 4, 514535424, 171511808, 146531
circular-read-start, 4, 4, 17151180800, 1672735
read-start, 21, 5, 686047232, 13952768, 2061575
circular-read-total, 21, 4, 17151180800, 692, 389093
read-start, 20, 5, 686047232, 13952768, 2061610
circular-read-total, 20, 4, 17151180800, 214, 389218
read-start, 7, 5, 686047232, 13952768, 2061709
circular-read-total, 7, 4, 17151180800, 376, 389212
read-start, 22, 5, 686047232, 13952768, 2061712
circular-read-total, 22, 4, 17151180800, 230, 389316
read-start, 15, 5, 686047232, 13952768, 2061716
read-start, 11, 5, 686047232, 13952768, 2061716
circular-read-total, 11, 4, 17151180800, 383, 389917
circular-read-total, 15, 4, 17151180800, 615, 389246
read-start, 12, 5, 686047232, 13952768, 2061731
circular-read-total, 12, 4, 17151180800, 178, 389330
read-start, 14, 5, 686047232, 13952768, 2061821
circular-read-total, 14, 4, 17151180800, 612, 389331
read-start, 6, 5, 686047232, 13952768, 2061829
circular-read-total, 6, 4, 17151180800, 620, 389352
read-start, 16, 5, 686047232, 13952768, 2061838
circular-read-total, 16, 4, 17151180800, 539, 389710
read-start, 4, 5, 686047232, 13952768, 2061892
circular-read-total, 4, 4, 17151180800, 326, 389159
read-start, 13, 5, 686047232, 13952768, 2061947
circular-read-total, 13, 4, 17151180800, 860, 389979
read-start, 10, 5, 686047232, 13952768, 2061973
circular-read-total, 10, 4, 17151180800, 266, 389565
read-start, 17, 5, 686047232, 13952768, 2062000
read-start, 3, 5, 686047232, 13952768, 2062003
circular-read-total, 17, 4, 17151180800, 369, 389532
circular-read-total, 3, 4, 17151180800, 29088, 389285
read-start, 8, 5, 686047232, 13952768, 2062046
circular-read-total, 8, 4, 17151180800, 204, 389578
read-start, 18, 5, 686047232, 13952768, 2062087
read-start, 19, 5, 686047232, 13952768, 2062087
circular-read-total, 19, 4, 17151180800, 266, 389523
circular-read-total, 18, 4, 17151180800, 290, 389842
read-start, 9, 5, 686047232, 13952768, 2062106
circular-read-total, 9, 4, 17151180800, 206, 389647
read-start, 5, 5, 686047232, 13952768, 2062268
circular-read-total, 5, 4, 17151180800, 398, 389756
read-wait, 16, 5, 3184
read, 16, 5, 686047232, 13952768, 144442
circular-read-start, 16, 5, 1395276800, 2206280
read-wait, 4, 5, 144529
read, 4, 5, 686047232, 13952768, 144899
circular-read-start, 4, 5, 1395276800, 2206791
read-wait, 21, 5, 145355
read, 21, 5, 686047232, 13952768, 145355
circular-read-start, 21, 5, 1395276800, 2206931
read-wait, 14, 5, 145113
read, 14, 5, 686047232, 13952768, 145113
circular-read-start, 14, 5, 1395276800, 2206935
read-wait, 9, 5, 144833
read, 9, 5, 686047232, 13952768, 144833
circular-read-start, 9, 5, 1395276800, 2206939
read-wait, 10, 5, 144967
read, 10, 5, 686047232, 13952768, 145193
circular-read-start, 10, 5, 1395276800, 2207167
read-wait, 13, 5, 145360
read, 13, 5, 686047232, 13952768, 145360
circular-read-start, 13, 5, 1395276800, 2207307
read-wait, 18, 5, 145221
read, 18, 5, 686047232, 13952768, 145221
circular-read-start, 18, 5, 1395276800, 2207309
read-wait, 6, 5, 145485
read, 6, 5, 686047232, 13952768, 145485
circular-read-start, 6, 5, 1395276800, 2207315
read-wait, 8, 5, 145270
read, 8, 5, 686047232, 13952768, 145270
circular-read-start, 8, 5, 1395276800, 2207316
read-wait, 11, 5, 145601
read, 11, 5, 686047232, 13952768, 145601
circular-read-start, 11, 5, 1395276800, 2207318
read-wait, 12, 5, 145588
read, 12, 5, 686047232, 13952768, 145588
circular-read-start, 12, 5, 1395276800, 2207320
read-wait, 19, 5, 145235
read, 19, 5, 686047232, 13952768, 145235
circular-read-start, 19, 5, 1395276800, 2207322
read-wait, 17, 5, 145324
read, 17, 5, 686047232, 13952768, 145324
circular-read-start, 17, 5, 1395276800, 2207324
read-wait, 20, 5, 145716
read, 20, 5, 686047232, 13952768, 145716
circular-read-start, 20, 5, 1395276800, 2207326
read-wait, 5, 5, 145063
read, 5, 5, 686047232, 13952768, 145063
circular-read-start, 5, 5, 1395276800, 2207332
read-wait, 22, 5, 145621
read, 22, 5, 686047232, 13952768, 145621
circular-read-start, 22, 5, 1395276800, 2207334
read-wait, 15, 5, 145623
read, 15, 5, 686047232, 13952768, 145623
circular-read-start, 15, 5, 1395276800, 2207339
read-wait, 7, 5, 145632
read, 7, 5, 686047232, 13952768, 145632
circular-read-start, 7, 5, 1395276800, 2207341
read-wait, 3, 5, 145341
read, 3, 5, 686047232, 13952768, 145341
circular-read-start, 3, 5, 1395276800, 2207345
circular-read-total, 15, 5, 1395276800, 268, 25589
circular-read-total, 16, 5, 1395276800, 430, 26659
circular-read-total, 12, 5, 1395276800, 248, 25740
circular-read-total, 3, 5, 1395276800, 3255, 25752
circular-read-total, 19, 5, 1395276800, 333, 25796
circular-read-total, 14, 5, 1395276800, 246, 26195
circular-read-total, 8, 5, 1395276800, 298, 25850
circular-read-total, 4, 5, 1395276800, 358, 26379
circular-read-total, 11, 5, 1395276800, 288, 25890
circular-read-total, 17, 5, 1395276800, 387, 25922
circular-read-total, 20, 5, 1395276800, 331, 25933
circular-read-total, 7, 5, 1395276800, 259, 25956
circular-read-total, 13, 5, 1395276800, 331, 26043
circular-read-total, 22, 5, 1395276800, 270, 26042
circular-read-total, 21, 5, 1395276800, 193, 26446
circular-read-total, 10, 5, 1395276800, 470, 26223
circular-read-total, 18, 5, 1395276800, 306, 26112
circular-read-total, 5, 5, 1395276800, 460, 26166
circular-read-total, 9, 5, 1395276800, 202, 26634
circular-read-total, 6, 5, 1395276800, 277, 26333

cmd-read, 2236439
