# Mon Sep 21 02:59:42 PDT 2015
memory, 32170233856
record-value, 112
seek-chunk, 171511808
file, 4, 700000000

read-start, 1, 0, 171511808, 22011
circular-read-start, 4, 1, 70000000000, 23635
circular-read-total, 4, 1, 70000000000, 156324, 159907
linear-scan, 160655
-sort , 31122, 35
-merge, 18767, 35
-last , 745
read, 1, 171511808, 162279
network, 1, 359684

read-start, 2, 171511808, 171511808, 544025
circular-read-start, 4, 2, 70000000000, 544372
circular-read-total, 4, 2, 70000000000, 140811, 144610
linear-scan, 145289
-sort , 27739, 31
-merge, 16664, 31
-last , 676
read, 2, 171511808, 145636
network, 2, 355479

read-start, 3, 343023616, 171511808, 1045194
circular-read-start, 4, 3, 70000000000, 1045542
circular-read-total, 4, 3, 70000000000, 140689, 144475
linear-scan, 145473
-sort , 22575, 25
-merge, 13836, 25
-last , 995
read, 3, 171511808, 145822
network, 3, 356770

read-start, 4, 514535424, 171511808, 1547813
circular-read-start, 4, 4, 70000000000, 1548159
circular-read-total, 4, 4, 70000000000, 140581, 144361
linear-scan, 145170
-sort , 14202, 16
-merge, 8941, 16
-last , 487
read, 4, 171511808, 145516
network, 4, 390005

read-start, 5, 686047232, 13952768, 2083400
circular-read-start, 4, 5, 70000000000, 2083428
circular-read-total, 4, 5, 70000000000, 140413, 144014
linear-scan, 144150
-sort , 1055, 5
-merge, 262, 5
-last , 135
read, 5, 13952768, 144178
network, 5, 27072

exit, 2258056
