# Mon Sep 21 02:59:42 PDT 2015
memory, 32170233856
record-value, 112
seek-chunk, 171511808
file, 4, 700000000

read-start, 1, 0, 171511808, 18513
circular-read-start, 4, 1, 70000000000, 20160
circular-read-total, 4, 1, 70000000000, 154219, 157872
linear-scan, 158631
-sort , 31544, 35
-merge, 19014, 35
-last , 756
read, 1, 171511808, 160278
network, 1, 361450

read-start, 2, 171511808, 171511808, 540282
circular-read-start, 4, 2, 70000000000, 540633
circular-read-total, 4, 2, 70000000000, 140527, 144374
linear-scan, 145046
-sort , 28131, 31
-merge, 17440, 31
-last , 670
read, 2, 171511808, 145398
network, 2, 356787

read-start, 3, 343023616, 171511808, 1042500
circular-read-start, 4, 3, 70000000000, 1042843
circular-read-total, 4, 3, 70000000000, 140493, 144243
linear-scan, 145245
-sort , 22910, 25
-merge, 14048, 25
-last , 999
read, 3, 171511808, 145589
network, 3, 356393

read-start, 4, 514535424, 171511808, 1544511
circular-read-start, 4, 4, 70000000000, 1544857
circular-read-total, 4, 4, 70000000000, 140422, 144207
linear-scan, 145081
-sort , 14369, 16
-merge, 9180, 16
-last , 491
read, 4, 171511808, 145426
network, 4, 389837

read-start, 5, 686047232, 13952768, 2079844
circular-read-start, 4, 5, 70000000000, 2079872
circular-read-total, 4, 5, 70000000000, 140351, 144035
linear-scan, 144177
-sort , 1075, 5
-merge, 291, 5
-last , 140
read, 5, 13952768, 144204
network, 5, 27046

exit, 2254591
