# Mon Sep 21 02:59:42 PDT 2015
memory, 32170233856
record-value, 112
seek-chunk, 171511808
file, 4, 700000000

read-start, 1, 0, 171511808, 16834
circular-read-start, 4, 1, 70000000000, 18416
circular-read-total, 4, 1, 70000000000, 154773, 158429
linear-scan, 159171
-sort , 31061, 35
-merge, 18341, 35
-last , 739
read, 1, 171511808, 160754
network, 1, 361064

read-start, 2, 171511808, 171511808, 538691
circular-read-start, 4, 2, 70000000000, 539033
circular-read-total, 4, 2, 70000000000, 140643, 144487
linear-scan, 145156
-sort , 27434, 31
-merge, 16329, 31
-last , 667
read, 2, 171511808, 145498
network, 2, 356292

read-start, 3, 343023616, 171511808, 1040540
circular-read-start, 4, 3, 70000000000, 1040883
circular-read-total, 4, 3, 70000000000, 140657, 144443
linear-scan, 145428
-sort , 22418, 25
-merge, 13385, 25
-last , 983
read, 3, 171511808, 145772
network, 3, 356468

read-start, 4, 514535424, 171511808, 1542812
circular-read-start, 4, 4, 70000000000, 1543155
circular-read-total, 4, 4, 70000000000, 140517, 144246
linear-scan, 145040
-sort , 14071, 16
-merge, 8539, 16
-last , 490
read, 4, 171511808, 145383
network, 4, 389873

read-start, 5, 686047232, 13952768, 2078111
circular-read-start, 4, 5, 70000000000, 2078139
circular-read-total, 4, 5, 70000000000, 140240, 143895
linear-scan, 144032
-sort , 1050, 5
-merge, 258, 5
-last , 135
read, 5, 13952768, 144059
network, 5, 27349

exit, 2252872
