# Mon Sep 21 02:59:42 PDT 2015
memory, 32170233856
record-value, 112
seek-chunk, 171511808
file, 4, 700000000

read-start, 1, 0, 171511808, 11176
circular-read-start, 4, 1, 70000000000, 12730
circular-read-total, 4, 1, 70000000000, 154677, 158245
linear-scan, 158994
-sort , 31206, 35
-merge, 18505, 35
-last , 747
read, 1, 171511808, 160548
network, 1, 361239

read-start, 2, 171511808, 171511808, 533016
circular-read-start, 4, 2, 70000000000, 533360
circular-read-total, 4, 2, 70000000000, 141216, 145136
linear-scan, 145803
-sort , 27597, 31
-merge, 16533, 31
-last , 663
read, 2, 171511808, 146147
network, 2, 355813

read-start, 3, 343023616, 171511808, 1035031
circular-read-start, 4, 3, 70000000000, 1035377
circular-read-total, 4, 3, 70000000000, 140986, 144945
linear-scan, 145941
-sort , 22607, 25
-merge, 13448, 25
-last , 993
read, 3, 171511808, 146288
network, 3, 355587

read-start, 4, 514535424, 171511808, 1536952
circular-read-start, 4, 4, 70000000000, 1537295
circular-read-total, 4, 4, 70000000000, 140836, 144774
linear-scan, 145596
-sort , 14087, 16
-merge, 8878, 16
-last , 490
read, 4, 171511808, 145939
network, 4, 389738

read-start, 5, 686047232, 13952768, 2072699
circular-read-start, 4, 5, 70000000000, 2072727
circular-read-total, 4, 5, 70000000000, 140641, 144451
linear-scan, 144588
-sort , 1055, 5
-merge, 263, 5
-last , 136
read, 5, 13952768, 144616
network, 5, 26432

exit, 2247124
