# Mon Sep 21 02:59:42 PDT 2015
memory, 32170233856
record-value, 112
seek-chunk, 171511808
file, 4, 700000000

read-start, 1, 0, 171511808, 9381
circular-read-start, 4, 1, 70000000000, 10941
circular-read-total, 4, 1, 70000000000, 154760, 158394
linear-scan, 159144
-sort , 31190, 35
-merge, 18419, 35
-last , 747
read, 1, 171511808, 160704
network, 1, 360710

read-start, 2, 171511808, 171511808, 530846
circular-read-start, 4, 2, 70000000000, 531192
circular-read-total, 4, 2, 70000000000, 140748, 144542
linear-scan, 145213
-sort , 27727, 31
-merge, 16409, 31
-last , 668
read, 2, 171511808, 145559
network, 2, 356755

read-start, 3, 343023616, 171511808, 1033193
circular-read-start, 4, 3, 70000000000, 1033541
circular-read-total, 4, 3, 70000000000, 140870, 144686
linear-scan, 145683
-sort , 22697, 25
-merge, 13666, 25
-last , 994
read, 3, 171511808, 146032
network, 3, 355988

read-start, 4, 514535424, 171511808, 1535285
circular-read-start, 4, 4, 70000000000, 1535633
circular-read-total, 4, 4, 70000000000, 140675, 144411
linear-scan, 145224
-sort , 14114, 16
-merge, 8637, 16
-last , 488
read, 4, 171511808, 145572
network, 4, 389633

read-start, 5, 686047232, 13952768, 2070573
circular-read-start, 4, 5, 70000000000, 2070601
circular-read-total, 4, 5, 70000000000, 140847, 144524
linear-scan, 144658
-sort , 1056, 5
-merge, 260, 5
-last , 133
read, 5, 13952768, 144686
network, 5, 26756

exit, 2245335
