# Mon Sep 21 02:59:42 PDT 2015
memory, 32170233856
record-value, 112
seek-chunk, 171511808
file, 4, 700000000

read-start, 1, 0, 171511808, 36539
circular-read-start, 4, 1, 70000000000, 38144
circular-read-total, 4, 1, 70000000000, 152319, 156067
linear-scan, 156819
-sort , 31266, 35
-merge, 18513, 35
-last , 749
read, 1, 171511808, 158424
network, 1, 363343

read-start, 2, 171511808, 171511808, 558355
circular-read-start, 4, 2, 70000000000, 558698
circular-read-total, 4, 2, 70000000000, 140770, 145084
linear-scan, 145760
-sort , 27725, 31
-merge, 16529, 31
-last , 673
read, 2, 171511808, 146103
network, 2, 355675

read-start, 3, 343023616, 171511808, 1060205
circular-read-start, 4, 3, 70000000000, 1060556
circular-read-total, 4, 3, 70000000000, 140766, 145113
linear-scan, 146109
-sort , 22708, 25
-merge, 13365, 25
-last , 993
read, 3, 171511808, 146461
network, 3, 355442

read-start, 4, 514535424, 171511808, 1562140
circular-read-start, 4, 4, 70000000000, 1562482
circular-read-total, 4, 4, 70000000000, 140504, 144807
linear-scan, 145616
-sort , 14161, 16
-merge, 8651, 16
-last , 491
read, 4, 171511808, 145959
network, 4, 389598

read-start, 5, 686047232, 13952768, 2097740
circular-read-start, 4, 5, 70000000000, 2097768
circular-read-total, 4, 5, 70000000000, 140459, 144596
linear-scan, 144733
-sort , 1057, 5
-merge, 260, 5
-last , 136
read, 5, 13952768, 144761
network, 5, 26822

exit, 2272499
