# Mon Sep 21 02:59:42 PDT 2015
memory, 32170233856
record-value, 112
seek-chunk, 171511808
file, 4, 700000000

read-start, 1, 0, 171511808, 3420
circular-read-start, 4, 1, 70000000000, 5161
circular-read-total, 4, 1, 70000000000, 155461, 159213
linear-scan, 159963
-sort , 32303, 35
-merge, 19755, 35
-last , 748
read, 1, 171511808, 161704
network, 1, 360333

read-start, 2, 171511808, 171511808, 525505
circular-read-start, 4, 2, 70000000000, 525856
circular-read-total, 4, 2, 70000000000, 140668, 144997
linear-scan, 145670
-sort , 28768, 31
-merge, 17913, 31
-last , 670
read, 2, 171511808, 146022
network, 2, 355624

read-start, 3, 343023616, 171511808, 1027219
circular-read-start, 4, 3, 70000000000, 1027571
circular-read-total, 4, 3, 70000000000, 140516, 144783
linear-scan, 145778
-sort , 23266, 25
-merge, 14354, 25
-last , 992
read, 3, 171511808, 146130
network, 3, 355804

read-start, 4, 514535424, 171511808, 1529190
circular-read-start, 4, 4, 70000000000, 1529534
circular-read-total, 4, 4, 70000000000, 140523, 144812
linear-scan, 145675
-sort , 14699, 16
-merge, 9378, 16
-last , 492
read, 4, 171511808, 146018
network, 4, 389643

read-start, 5, 686047232, 13952768, 2064880
circular-read-start, 4, 5, 70000000000, 2064909
circular-read-total, 4, 5, 70000000000, 140457, 144732
linear-scan, 144870
-sort , 1090, 5
-merge, 279, 5
-last , 137
read, 5, 13952768, 144899
network, 5, 26317

exit, 2239466
