# Mon Sep 21 02:59:42 PDT 2015
memory, 32170233856
record-value, 112
seek-chunk, 171511808
file, 4, 700000000

read-start, 1, 0, 171511808, 1683
circular-read-start, 4, 1, 70000000000, 3242
circular-read-total, 4, 1, 70000000000, 154710, 158311
linear-scan, 159062
-sort , 31185, 35
-merge, 18443, 35
-last , 749
read, 1, 171511808, 160622
network, 1, 358725

read-start, 2, 171511808, 171511808, 521071
circular-read-start, 4, 2, 70000000000, 521417
circular-read-total, 4, 2, 70000000000, 140870, 144658
linear-scan, 145332
-sort , 27571, 31
-merge, 16382, 31
-last , 671
read, 2, 171511808, 145678
network, 2, 356445

read-start, 3, 343023616, 171511808, 1023308
circular-read-start, 4, 3, 70000000000, 1023652
circular-read-total, 4, 3, 70000000000, 140834, 144701
linear-scan, 145701
-sort , 22760, 25
-merge, 13386, 25
-last , 997
read, 3, 171511808, 146045
network, 3, 352137

read-start, 4, 514535424, 171511808, 1521513
circular-read-start, 4, 4, 70000000000, 1521858
circular-read-total, 4, 4, 70000000000, 140673, 144414
linear-scan, 145220
-sort , 14140, 16
-merge, 8631, 16
-last , 493
read, 4, 171511808, 145564
network, 4, 396045

read-start, 5, 686047232, 13952768, 2063213
circular-read-start, 4, 5, 70000000000, 2063241
circular-read-total, 4, 5, 70000000000, 140438, 144172
linear-scan, 144312
-sort , 1065, 5
-merge, 260, 5
-last , 139
read, 5, 13952768, 144340
network, 5, 26691

exit, 2237684
