# Mon Sep 21 02:59:42 PDT 2015
memory, 32170233856
record-value, 112
seek-chunk, 171511808
file, 4, 700000000

read-start, 1, 0, 171511808, 34707
circular-read-start, 4, 1, 70000000000, 36736
circular-read-total, 4, 1, 70000000000, 153011, 156689
linear-scan, 157442
-sort , 31546, 35
-merge, 19891, 35
-last , 749
read, 1, 171511808, 159470
network, 1, 362384

read-start, 2, 171511808, 171511808, 556605
circular-read-start, 4, 2, 70000000000, 557052
circular-read-total, 4, 2, 70000000000, 140878, 145080
linear-scan, 145764
-sort , 28240, 31
-merge, 17739, 31
-last , 680
read, 2, 171511808, 146210
network, 2, 355364

read-start, 3, 343023616, 171511808, 1058260
circular-read-start, 4, 3, 70000000000, 1058707
circular-read-total, 4, 3, 70000000000, 140704, 144634
linear-scan, 145653
-sort , 22829, 25
-merge, 14544, 25
-last , 1015
read, 3, 171511808, 146099
network, 3, 355949

read-start, 4, 514535424, 171511808, 1560355
circular-read-start, 4, 4, 70000000000, 1560789
circular-read-total, 4, 4, 70000000000, 140543, 144409
linear-scan, 145345
-sort , 14261, 16
-merge, 9579, 16
-last , 505
read, 4, 171511808, 145780
network, 4, 389629

read-start, 5, 686047232, 13952768, 2095860
circular-read-start, 4, 5, 70000000000, 2095896
circular-read-total, 4, 5, 70000000000, 140411, 144203
linear-scan, 144340
-sort , 1068, 5
-merge, 293, 5
-last , 136
read, 5, 13952768, 144377
network, 5, 27361

exit, 2270763
