# Mon Sep 21 02:59:42 PDT 2015
memory, 32170233856
record-value, 112
seek-chunk, 171511808
file, 4, 700000000

read-start, 1, 0, 171511808, 32754
circular-read-start, 4, 1, 70000000000, 34326
circular-read-total, 4, 1, 70000000000, 152415, 156058
linear-scan, 156805
-sort , 31279, 35
-merge, 18791, 35
-last , 744
read, 1, 171511808, 158377
network, 1, 363919

read-start, 2, 171511808, 171511808, 555113
circular-read-start, 4, 2, 70000000000, 555452
circular-read-total, 4, 2, 70000000000, 140461, 144367
linear-scan, 145045
-sort , 27520, 31
-merge, 16507, 31
-last , 675
read, 2, 171511808, 145384
network, 2, 356126

read-start, 3, 343023616, 171511808, 1056708
circular-read-start, 4, 3, 70000000000, 1057057
circular-read-total, 4, 3, 70000000000, 140446, 144313
linear-scan, 145302
-sort , 22604, 25
-merge, 13472, 25
-last , 986
read, 3, 171511808, 145651
network, 3, 356577

read-start, 4, 514535424, 171511808, 1558988
circular-read-start, 4, 4, 70000000000, 1559329
circular-read-total, 4, 4, 70000000000, 140416, 144337
linear-scan, 145125
-sort , 14101, 16
-merge, 8850, 16
-last , 488
read, 4, 171511808, 145466
network, 4, 389692

read-start, 5, 686047232, 13952768, 2094195
circular-read-start, 4, 5, 70000000000, 2094223
circular-read-total, 4, 5, 70000000000, 140458, 144150
linear-scan, 144286
-sort , 1049, 5
-merge, 263, 5
-last , 135
read, 5, 13952768, 144313
network, 5, 27280

exit, 2269063
