# Mon Sep 21 02:59:42 PDT 2015
memory, 32170233856
record-value, 112
seek-chunk, 171511808
file, 4, 700000000

read-start, 1, 0, 171511808, 30932
circular-read-start, 4, 1, 70000000000, 33034
circular-read-total, 4, 1, 70000000000, 156778, 160372
linear-scan, 161123
-sort , 32361, 35
-merge, 20756, 35
-last , 747
read, 1, 171511808, 163225
network, 1, 358623

read-start, 2, 171511808, 171511808, 552831
circular-read-start, 4, 2, 70000000000, 553308
circular-read-total, 4, 2, 70000000000, 141157, 145393
linear-scan, 146098
-sort , 28970, 31
-merge, 19397, 31
-last , 702
read, 2, 171511808, 146574
network, 2, 355428

read-start, 3, 343023616, 171511808, 1054864
circular-read-start, 4, 3, 70000000000, 1055313
circular-read-total, 4, 3, 70000000000, 141109, 145474
linear-scan, 146515
-sort , 23814, 25
-merge, 15723, 25
-last , 1038
read, 3, 171511808, 146964
network, 3, 355009

read-start, 4, 514535424, 171511808, 1556858
circular-read-start, 4, 4, 70000000000, 1557292
circular-read-total, 4, 4, 70000000000, 140617, 144798
linear-scan, 145725
-sort , 14705, 16
-merge, 10141, 16
-last , 523
read, 4, 171511808, 146159
network, 4, 389448

read-start, 5, 686047232, 13952768, 2092529
circular-read-start, 4, 5, 70000000000, 2092570
circular-read-total, 4, 5, 70000000000, 140514, 144632
linear-scan, 144775
-sort , 1088, 5
-merge, 311, 5
-last , 141
read, 5, 13952768, 144816
network, 5, 26127

exit, 2266915
