# Mon Sep 21 02:59:42 PDT 2015
memory, 32170233856
record-value, 112
seek-chunk, 171511808
file, 4, 700000000

read-start, 1, 0, 171511808, 29257
circular-read-start, 4, 1, 70000000000, 30833
circular-read-total, 4, 1, 70000000000, 153340, 157025
linear-scan, 157772
-sort , 31301, 35
-merge, 18633, 35
-last , 744
read, 1, 171511808, 159348
network, 1, 362410

read-start, 2, 171511808, 171511808, 551068
circular-read-start, 4, 2, 70000000000, 551420
circular-read-total, 4, 2, 70000000000, 140477, 144468
linear-scan, 145142
-sort , 27764, 31
-merge, 16632, 31
-last , 671
read, 2, 171511808, 145494
network, 2, 356385

read-start, 3, 343023616, 171511808, 1052988
circular-read-start, 4, 3, 70000000000, 1053343
circular-read-total, 4, 3, 70000000000, 140519, 144505
linear-scan, 145491
-sort , 22556, 25
-merge, 13559, 25
-last , 983
read, 3, 171511808, 145847
network, 3, 356401

read-start, 4, 514535424, 171511808, 1555286
circular-read-start, 4, 4, 70000000000, 1555636
circular-read-total, 4, 4, 70000000000, 140479, 144609
linear-scan, 145433
-sort , 14260, 16
-merge, 9132, 16
-last , 488
read, 4, 171511808, 145782
network, 4, 389787

read-start, 5, 686047232, 13952768, 2090910
circular-read-start, 4, 5, 70000000000, 2090938
circular-read-total, 4, 5, 70000000000, 140362, 144257
linear-scan, 144396
-sort , 1058, 5
-merge, 268, 5
-last , 138
read, 5, 13952768, 144424
network, 5, 26877

exit, 2265300
