# Mon Sep 21 02:59:42 PDT 2015
memory, 32170233856
record-value, 112
seek-chunk, 171511808
file, 4, 700000000

read-start, 1, 0, 171511808, 27594
circular-read-start, 4, 1, 70000000000, 29165
circular-read-total, 4, 1, 70000000000, 154249, 157949
linear-scan, 158689
-sort , 31167, 35
-merge, 18629, 35
-last , 738
read, 1, 171511808, 160260
network, 1, 361683

read-start, 2, 171511808, 171511808, 549611
circular-read-start, 4, 2, 70000000000, 549969
circular-read-total, 4, 2, 70000000000, 140602, 144748
linear-scan, 145418
-sort , 27586, 31
-merge, 16627, 31
-last , 667
read, 2, 171511808, 145775
network, 2, 356174

read-start, 3, 343023616, 171511808, 1051592
circular-read-start, 4, 3, 70000000000, 1051937
circular-read-total, 4, 3, 70000000000, 140623, 144763
linear-scan, 145758
-sort , 22542, 25
-merge, 13471, 25
-last , 993
read, 3, 171511808, 146103
network, 3, 355722

read-start, 4, 514535424, 171511808, 1553465
circular-read-start, 4, 4, 70000000000, 1553811
circular-read-total, 4, 4, 70000000000, 140520, 144610
linear-scan, 145416
-sort , 14134, 16
-merge, 8694, 16
-last , 488
read, 4, 171511808, 145762
network, 4, 389979

read-start, 5, 686047232, 13952768, 2089293
circular-read-start, 4, 5, 70000000000, 2089321
circular-read-total, 4, 5, 70000000000, 140538, 144575
linear-scan, 144714
-sort , 1047, 5
-merge, 263, 5
-last , 137
read, 5, 13952768, 144742
network, 5, 26453

exit, 2263771
