# Mon Sep 21 02:59:42 PDT 2015
memory, 32170233856
record-value, 112
seek-chunk, 171511808
file, 4, 700000000

read-start, 1, 0, 171511808, 23955
circular-read-start, 4, 1, 70000000000, 25530
circular-read-total, 4, 1, 70000000000, 154565, 158238
linear-scan, 158985
-sort , 31480, 35
-merge, 18815, 35
-last , 745
read, 1, 171511808, 160559
network, 1, 361785

read-start, 2, 171511808, 171511808, 546349
circular-read-start, 4, 2, 70000000000, 546694
circular-read-total, 4, 2, 70000000000, 140617, 144591
linear-scan, 145255
-sort , 27823, 31
-merge, 16964, 31
-last , 661
read, 2, 171511808, 145600
network, 2, 355367

read-start, 3, 343023616, 171511808, 1047403
circular-read-start, 4, 3, 70000000000, 1047752
circular-read-total, 4, 3, 70000000000, 140568, 144582
linear-scan, 145579
-sort , 22734, 25
-merge, 13883, 25
-last , 994
read, 3, 171511808, 145927
network, 3, 356734

read-start, 4, 514535424, 171511808, 1550113
circular-read-start, 4, 4, 70000000000, 1550456
circular-read-total, 4, 4, 70000000000, 140578, 144543
linear-scan, 145373
-sort , 14269, 16
-merge, 8916, 16
-last , 491
read, 4, 171511808, 145715
network, 4, 389532

read-start, 5, 686047232, 13952768, 2085444
circular-read-start, 4, 5, 70000000000, 2085472
circular-read-total, 4, 5, 70000000000, 140545, 144624
linear-scan, 144761
-sort , 1083, 5
-merge, 278, 5
-last , 136
read, 5, 13952768, 144789
network, 5, 26347

exit, 2260197
