# 1, 50, 8, false, read
recv-size, 0, 524288000
size, 0, 0
start-read, 0, 0, 83886080
read, 0, 268136
recv-read, 0, 0, 83886080
network, 0, 100813
start-read, 1, 83886080, 83886080
read, 1, 240592
recv-read, 1, 83886080, 83886080
network, 1, 97445
start-read, 2, 167772160, 83886080
read, 2, 201373
recv-read, 2, 167772160, 83886080
network, 2, 97208
start-read, 3, 251658240, 83886080
read, 3, 158692
recv-read, 3, 251658240, 83886080
network, 3, 97369
start-read, 4, 335544320, 83886080
read, 4, 145273
recv-read, 4, 335544320, 83886080
network, 4, 97203
start-read, 5, 419430400, 83886080
read, 5, 150825
recv-read, 5, 419430400, 83886080
network, 5, 97305
start-read, 6, 503316480, 83886080
read, 6, 147073
recv-read, 6, 503316480, 20971520
network, 6, 21374
cmd-read, 0, 1921021
