# 1, 50, 0.5, false, read
recv-size, 0, 524288000
size, 0, 0
start-read, 0, 0, 5242880
read, 0, 162702
recv-read, 0, 0, 5242880
network, 0, 2526
start-read, 1, 5242880, 5242880
read, 1, 140002
recv-read, 1, 5242880, 5242880
network, 1, 2311
start-read, 2, 10485760, 5242880
read, 2, 143601
recv-read, 2, 10485760, 5242880
network, 2, 2506
start-read, 3, 15728640, 5242880
read, 3, 141549
recv-read, 3, 15728640, 5242880
network, 3, 2530
start-read, 4, 20971520, 5242880
read, 4, 141209
recv-read, 4, 20971520, 5242880
network, 4, 2501
start-read, 5, 26214400, 5242880
read, 5, 143312
recv-read, 5, 26214400, 5242880
network, 5, 2326
start-read, 6, 31457280, 5242880
read, 6, 144149
recv-read, 6, 31457280, 5242880
network, 6, 2472
start-read, 7, 36700160, 5242880
read, 7, 143962
recv-read, 7, 36700160, 5242880
network, 7, 2457
start-read, 8, 41943040, 5242880
read, 8, 144025
recv-read, 8, 41943040, 5242880
network, 8, 2511
start-read, 9, 47185920, 5242880
read, 9, 142844
recv-read, 9, 47185920, 5242880
network, 9, 2536
start-read, 10, 52428800, 5242880
read, 10, 143018
recv-read, 10, 52428800, 5242880
network, 10, 2310
start-read, 11, 57671680, 5242880
read, 11, 142550
recv-read, 11, 57671680, 5242880
network, 11, 2334
start-read, 12, 62914560, 5242880
read, 12, 142104
recv-read, 12, 62914560, 5242880
network, 12, 2509
start-read, 13, 68157440, 5242880
read, 13, 140421
recv-read, 13, 68157440, 5242880
network, 13, 2462
start-read, 14, 73400320, 5242880
read, 14, 140368
recv-read, 14, 73400320, 5242880
network, 14, 2507
start-read, 15, 78643200, 5242880
read, 15, 139713
recv-read, 15, 78643200, 5242880
network, 15, 2304
start-read, 16, 83886080, 5242880
read, 16, 140316
recv-read, 16, 83886080, 5242880
network, 16, 2302
start-read, 17, 89128960, 5242880
read, 17, 139041
recv-read, 17, 89128960, 5242880
network, 17, 2302
start-read, 18, 94371840, 5242880
read, 18, 140330
recv-read, 18, 94371840, 5242880
network, 18, 2502
start-read, 19, 99614720, 5242880
read, 19, 141421
recv-read, 19, 99614720, 5242880
network, 19, 2506
start-read, 20, 104857600, 5242880
read, 20, 134875
recv-read, 20, 104857600, 5242880
network, 20, 2517
start-read, 21, 110100480, 5242880
read, 21, 141285
recv-read, 21, 110100480, 5242880
network, 21, 2475
start-read, 22, 115343360, 5242880
read, 22, 141740
recv-read, 22, 115343360, 5242880
network, 22, 2475
start-read, 23, 120586240, 5242880
read, 23, 140879
recv-read, 23, 120586240, 5242880
network, 23, 2499
start-read, 24, 125829120, 5242880
read, 24, 141201
recv-read, 24, 125829120, 5242880
network, 24, 2486
start-read, 25, 131072000, 5242880
read, 25, 143064
recv-read, 25, 131072000, 5242880
network, 25, 2511
start-read, 26, 136314880, 5242880
read, 26, 141025
recv-read, 26, 136314880, 5242880
network, 26, 2505
start-read, 27, 141557760, 5242880
read, 27, 141663
recv-read, 27, 141557760, 5242880
network, 27, 2481
start-read, 28, 146800640, 5242880
read, 28, 141687
recv-read, 28, 146800640, 5242880
network, 28, 2507
start-read, 29, 152043520, 5242880
read, 29, 142280
recv-read, 29, 152043520, 5242880
network, 29, 2449
start-read, 30, 157286400, 5242880
read, 30, 144339
recv-read, 30, 157286400, 5242880
network, 30, 2456
start-read, 31, 162529280, 5242880
read, 31, 141816
recv-read, 31, 162529280, 5242880
network, 31, 2500
start-read, 32, 167772160, 5242880
read, 32, 141398
recv-read, 32, 167772160, 5242880
network, 32, 2481
start-read, 33, 173015040, 5242880
read, 33, 145237
recv-read, 33, 173015040, 5242880
network, 33, 2318
start-read, 34, 178257920, 5242880
read, 34, 143177
recv-read, 34, 178257920, 5242880
network, 34, 2306
start-read, 35, 183500800, 5242880
read, 35, 139044
recv-read, 35, 183500800, 5242880
network, 35, 2508
start-read, 36, 188743680, 5242880
read, 36, 142260
recv-read, 36, 188743680, 5242880
network, 36, 2314
start-read, 37, 193986560, 5242880
read, 37, 139514
recv-read, 37, 193986560, 5242880
network, 37, 2308
start-read, 38, 199229440, 5242880
read, 38, 143046
recv-read, 38, 199229440, 5242880
network, 38, 2334
start-read, 39, 204472320, 5242880
read, 39, 140278
recv-read, 39, 204472320, 5242880
network, 39, 2492
start-read, 40, 209715200, 5242880
read, 40, 143695
recv-read, 40, 209715200, 5242880
network, 40, 2504
start-read, 41, 214958080, 5242880
read, 41, 140469
recv-read, 41, 214958080, 5242880
network, 41, 2516
start-read, 42, 220200960, 5242880
read, 42, 140850
recv-read, 42, 220200960, 5242880
network, 42, 2484
start-read, 43, 225443840, 5242880
read, 43, 139726
recv-read, 43, 225443840, 5242880
network, 43, 2481
start-read, 44, 230686720, 5242880
read, 44, 142104
recv-read, 44, 230686720, 5242880
network, 44, 2505
start-read, 45, 235929600, 5242880
read, 45, 142426
recv-read, 45, 235929600, 5242880
network, 45, 2306
start-read, 46, 241172480, 5242880
read, 46, 140881
recv-read, 46, 241172480, 5242880
network, 46, 2304
start-read, 47, 246415360, 5242880
read, 47, 141209
recv-read, 47, 246415360, 5242880
network, 47, 2305
start-read, 48, 251658240, 5242880
read, 48, 142500
recv-read, 48, 251658240, 5242880
network, 48, 2502
start-read, 49, 256901120, 5242880
read, 49, 142529
recv-read, 49, 256901120, 5242880
network, 49, 2417
start-read, 50, 262144000, 5242880
read, 50, 142091
recv-read, 50, 262144000, 5242880
network, 50, 2509
start-read, 51, 267386880, 5242880
read, 51, 141299
recv-read, 51, 267386880, 5242880
network, 51, 2305
start-read, 52, 272629760, 5242880
read, 52, 141812
recv-read, 52, 272629760, 5242880
network, 52, 2300
start-read, 53, 277872640, 5242880
read, 53, 135233
recv-read, 53, 277872640, 5242880
network, 53, 2304
start-read, 54, 283115520, 5242880
read, 54, 143984
recv-read, 54, 283115520, 5242880
network, 54, 2498
start-read, 55, 288358400, 5242880
read, 55, 142175
recv-read, 55, 288358400, 5242880
network, 55, 2463
start-read, 56, 293601280, 5242880
read, 56, 143130
recv-read, 56, 293601280, 5242880
network, 56, 2485
start-read, 57, 298844160, 5242880
read, 57, 143850
recv-read, 57, 298844160, 5242880
network, 57, 2493
start-read, 58, 304087040, 5242880
read, 58, 141668
recv-read, 58, 304087040, 5242880
network, 58, 2498
start-read, 59, 309329920, 5242880
read, 59, 143208
recv-read, 59, 309329920, 5242880
network, 59, 2464
start-read, 60, 314572800, 5242880
read, 60, 141165
recv-read, 60, 314572800, 5242880
network, 60, 2484
start-read, 61, 319815680, 5242880
read, 61, 141196
recv-read, 61, 319815680, 5242880
network, 61, 2502
start-read, 62, 325058560, 5242880
read, 62, 141957
recv-read, 62, 325058560, 5242880
network, 62, 2475
start-read, 63, 330301440, 5242880
read, 63, 142429
recv-read, 63, 330301440, 5242880
network, 63, 2475
start-read, 64, 335544320, 5242880
read, 64, 144205
recv-read, 64, 335544320, 5242880
network, 64, 2469
start-read, 65, 340787200, 5242880
read, 65, 141153
recv-read, 65, 340787200, 5242880
network, 65, 2475
start-read, 66, 346030080, 5242880
read, 66, 142389
recv-read, 66, 346030080, 5242880
network, 66, 2486
start-read, 67, 351272960, 5242880
read, 67, 139576
recv-read, 67, 351272960, 5242880
network, 67, 2434
start-read, 68, 356515840, 5242880
read, 68, 144793
recv-read, 68, 356515840, 5242880
network, 68, 2479
start-read, 69, 361758720, 5242880
read, 69, 144315
recv-read, 69, 361758720, 5242880
network, 69, 2509
start-read, 70, 367001600, 5242880
read, 70, 143967
recv-read, 70, 367001600, 5242880
network, 70, 2462
start-read, 71, 372244480, 5242880
read, 71, 141243
recv-read, 71, 372244480, 5242880
network, 71, 2512
start-read, 72, 377487360, 5242880
read, 72, 144357
recv-read, 72, 377487360, 5242880
network, 72, 2498
start-read, 73, 382730240, 5242880
read, 73, 144410
recv-read, 73, 382730240, 5242880
network, 73, 2517
start-read, 74, 387973120, 5242880
read, 74, 142810
recv-read, 74, 387973120, 5242880
network, 74, 2494
start-read, 75, 393216000, 5242880
read, 75, 145105
recv-read, 75, 393216000, 5242880
network, 75, 2509
start-read, 76, 398458880, 5242880
read, 76, 141870
recv-read, 76, 398458880, 5242880
network, 76, 2495
start-read, 77, 403701760, 5242880
read, 77, 143166
recv-read, 77, 403701760, 5242880
network, 77, 2484
start-read, 78, 408944640, 5242880
read, 78, 141943
recv-read, 78, 408944640, 5242880
network, 78, 2477
start-read, 79, 414187520, 5242880
read, 79, 145012
recv-read, 79, 414187520, 5242880
network, 79, 2479
start-read, 80, 419430400, 5242880
read, 80, 142937
recv-read, 80, 419430400, 5242880
network, 80, 2306
start-read, 81, 424673280, 5242880
read, 81, 143670
recv-read, 81, 424673280, 5242880
network, 81, 2461
start-read, 82, 429916160, 5242880
read, 82, 143831
recv-read, 82, 429916160, 5242880
network, 82, 2476
start-read, 83, 435159040, 5242880
read, 83, 142846
recv-read, 83, 435159040, 5242880
network, 83, 2478
start-read, 84, 440401920, 5242880
read, 84, 141641
recv-read, 84, 440401920, 5242880
network, 84, 2490
start-read, 85, 445644800, 5242880
read, 85, 143551
recv-read, 85, 445644800, 5242880
network, 85, 2500
start-read, 86, 450887680, 5242880
read, 86, 144589
recv-read, 86, 450887680, 5242880
network, 86, 2496
start-read, 87, 456130560, 5242880
read, 87, 143397
recv-read, 87, 456130560, 5242880
network, 87, 2506
start-read, 88, 461373440, 5242880
read, 88, 143485
recv-read, 88, 461373440, 5242880
network, 88, 2494
start-read, 89, 466616320, 5242880
read, 89, 140138
recv-read, 89, 466616320, 5242880
network, 89, 2514
start-read, 90, 471859200, 5242880
read, 90, 143595
recv-read, 90, 471859200, 5242880
network, 90, 2496
start-read, 91, 477102080, 5242880
read, 91, 145169
recv-read, 91, 477102080, 5242880
network, 91, 2486
start-read, 92, 482344960, 5242880
read, 92, 141981
recv-read, 92, 482344960, 5242880
network, 92, 2482
start-read, 93, 487587840, 5242880
read, 93, 142338
recv-read, 93, 487587840, 5242880
network, 93, 2489
start-read, 94, 492830720, 5242880
read, 94, 141286
recv-read, 94, 492830720, 5242880
network, 94, 2496
start-read, 95, 498073600, 5242880
read, 95, 145342
recv-read, 95, 498073600, 5242880
network, 95, 2484
start-read, 96, 503316480, 5242880
read, 96, 146239
recv-read, 96, 503316480, 5242880
network, 96, 2484
start-read, 97, 508559360, 5242880
read, 97, 147133
recv-read, 97, 508559360, 5242880
network, 97, 2489
start-read, 98, 513802240, 5242880
read, 98, 143531
recv-read, 98, 513802240, 5242880
network, 98, 2500
start-read, 99, 519045120, 5242880
read, 99, 144362
recv-read, 99, 519045120, 5242880
network, 99, 2497
start-read, 100, 524288000, 5242880
cmd-read, 0, 14495217
