# Fri Sep 25 00:15:48 PDT 2015
start, 0
myid, 1
memory, 32170233856
disks, 1
disk-path, /mnt/b
in-files, 1
file-size, 120000000000
total-size, 120000000000
bucket-size, 15011375100
mybuckets, 8
local-bucket, 1, 0, 0
local-bucket, 6, 1, 0
local-bucket, 11, 2, 0
local-bucket, 16, 3, 0
local-bucket, 21, 4, 0
local-bucket, 26, 5, 0
local-bucket, 31, 6, 0
local-bucket, 36, 7, 0
buckets, 40
bucket, 0, 0
bucket, 1, 1
bucket, 2, 2
bucket, 3, 3
bucket, 4, 4
bucket, 5, 0
bucket, 6, 1
bucket, 7, 2
bucket, 8, 3
bucket, 9, 4
bucket, 10, 0
bucket, 11, 1
bucket, 12, 2
bucket, 13, 3
bucket, 14, 4
bucket, 15, 0
bucket, 16, 1
bucket, 17, 2
bucket, 18, 3
bucket, 19, 4
bucket, 20, 0
bucket, 21, 1
bucket, 22, 2
bucket, 23, 3
bucket, 24, 4
bucket, 25, 0
bucket, 26, 1
bucket, 27, 2
bucket, 28, 3
bucket, 29, 4
bucket, 30, 0
bucket, 31, 1
bucket, 32, 2
bucket, 33, 3
bucket, 34, 4
bucket, 35, 0
bucket, 36, 1
bucket, 37, 2
bucket, 38, 3
bucket, 39, 4
nodes, 5
backend, 172.30.0.162:9000
backend, 172.30.0.163:9000
backend, 172.30.0.164:9000
backend, 172.30.0.160:9000
backend, 172.30.0.161:9000
phase-one-start, 14
p0, listen, 0.0.0.0:9000
disk, 0, /mnt/b, 8
p1, disk-start, 15
p0, connect, 172.30.0.162:9000
p0, connect, 172.30.0.163:9000
p0, connect, 172.30.0.164:9000
p0, connect, 172.30.0.160:9000
p0, connect, 172.30.0.161:9000
p1, netout-start, 10016
p0, new-connection, 172.30.0.164:59096
p0, new-connection, 172.30.0.163:35681
p0, new-connection, 172.30.0.161:54415
p0, new-connection, 172.30.0.162:57048
p0, new-connection, 172.30.0.160:53539
p1, send-start, 10034
p1, recv-start, 10035
circular-read-start, 3, 1, 120000000000, 10035
circular-read-total, 3, 1, 120000000000, 334287, 870379
p1, disk-done, 907631, 897595
p1, netout-done, 1097746, 1087729, 1085683
p1, recv-end, 1124443, 1114408
p1, send-end, 1124443, 1114409
p1, disk-drained, 1124454, 1124438, 0
p1, disk-write, 1124454, 1124438, 576468
p1, disk-end, 1124454, 1124439
phase-one-end, 1124454, 1114439
phase-two-start, 1124454
sort-disk, 1558665, 0, 36446, 169006, 260921
phase-two-end, 1558665, 434211
finish, 1558665, 1548651
