# Fri Sep 25 00:15:48 PDT 2015
start, 0
myid, 2
memory, 32170233856
disks, 1
disk-path, /mnt/b
in-files, 1
file-size, 120000000000
total-size, 120000000000
bucket-size, 15011375100
mybuckets, 8
local-bucket, 2, 0, 0
local-bucket, 7, 1, 0
local-bucket, 12, 2, 0
local-bucket, 17, 3, 0
local-bucket, 22, 4, 0
local-bucket, 27, 5, 0
local-bucket, 32, 6, 0
local-bucket, 37, 7, 0
buckets, 40
bucket, 0, 0
bucket, 1, 1
bucket, 2, 2
bucket, 3, 3
bucket, 4, 4
bucket, 5, 0
bucket, 6, 1
bucket, 7, 2
bucket, 8, 3
bucket, 9, 4
bucket, 10, 0
bucket, 11, 1
bucket, 12, 2
bucket, 13, 3
bucket, 14, 4
bucket, 15, 0
bucket, 16, 1
bucket, 17, 2
bucket, 18, 3
bucket, 19, 4
bucket, 20, 0
bucket, 21, 1
bucket, 22, 2
bucket, 23, 3
bucket, 24, 4
bucket, 25, 0
bucket, 26, 1
bucket, 27, 2
bucket, 28, 3
bucket, 29, 4
bucket, 30, 0
bucket, 31, 1
bucket, 32, 2
bucket, 33, 3
bucket, 34, 4
bucket, 35, 0
bucket, 36, 1
bucket, 37, 2
bucket, 38, 3
bucket, 39, 4
nodes, 5
backend, 172.30.0.162:9000
backend, 172.30.0.163:9000
backend, 172.30.0.164:9000
backend, 172.30.0.160:9000
backend, 172.30.0.161:9000
phase-one-start, 51
p0, listen, 0.0.0.0:9000
disk, 0, /mnt/b, 8
p1, disk-start, 51
p0, connect, 172.30.0.162:9000
p0, connect, 172.30.0.163:9000
p0, connect, 172.30.0.164:9000
p0, connect, 172.30.0.160:9000
p0, connect, 172.30.0.161:9000
p1, netout-start, 10053
p0, new-connection, 172.30.0.164:47474
p0, new-connection, 172.30.0.163:50689
p0, new-connection, 172.30.0.161:57819
p0, new-connection, 172.30.0.162:43785
p0, new-connection, 172.30.0.160:47528
p1, send-start, 10108
p1, recv-start, 10108
circular-read-start, 3, 1, 120000000000, 10108
circular-read-total, 3, 1, 120000000000, 327861, 892606
p1, disk-done, 927010, 916901
p1, netout-done, 1106381, 1096328, 1094363
p1, recv-end, 1124272, 1114163
p1, send-end, 1124272, 1114163
p1, disk-drained, 1124287, 1124235, 4
p1, disk-write, 1124287, 1124235, 568158
p1, disk-end, 1124287, 1124236
phase-one-end, 1124287, 1114236
phase-two-start, 1124287
sort-disk, 1560657, 0, 35642, 169018, 263063
phase-two-end, 1560657, 436369
finish, 1560657, 1550606
