# Fri Sep 25 00:15:48 PDT 2015
start, 0
myid, 3
memory, 32170233856
disks, 1
disk-path, /mnt/b
in-files, 1
file-size, 120000000000
total-size, 120000000000
bucket-size, 15011375100
mybuckets, 8
local-bucket, 3, 0, 0
local-bucket, 8, 1, 0
local-bucket, 13, 2, 0
local-bucket, 18, 3, 0
local-bucket, 23, 4, 0
local-bucket, 28, 5, 0
local-bucket, 33, 6, 0
local-bucket, 38, 7, 0
buckets, 40
bucket, 0, 0
bucket, 1, 1
bucket, 2, 2
bucket, 3, 3
bucket, 4, 4
bucket, 5, 0
bucket, 6, 1
bucket, 7, 2
bucket, 8, 3
bucket, 9, 4
bucket, 10, 0
bucket, 11, 1
bucket, 12, 2
bucket, 13, 3
bucket, 14, 4
bucket, 15, 0
bucket, 16, 1
bucket, 17, 2
bucket, 18, 3
bucket, 19, 4
bucket, 20, 0
bucket, 21, 1
bucket, 22, 2
bucket, 23, 3
bucket, 24, 4
bucket, 25, 0
bucket, 26, 1
bucket, 27, 2
bucket, 28, 3
bucket, 29, 4
bucket, 30, 0
bucket, 31, 1
bucket, 32, 2
bucket, 33, 3
bucket, 34, 4
bucket, 35, 0
bucket, 36, 1
bucket, 37, 2
bucket, 38, 3
bucket, 39, 4
nodes, 5
backend, 172.30.0.162:9000
backend, 172.30.0.163:9000
backend, 172.30.0.164:9000
backend, 172.30.0.160:9000
backend, 172.30.0.161:9000
phase-one-start, 14
p0, listen, 0.0.0.0:9000
disk, 0, /mnt/b, 8
p1, disk-start, 15
p0, connect, 172.30.0.162:9000
p0, connect, 172.30.0.163:9000
p0, connect, 172.30.0.164:9000
p0, connect, 172.30.0.160:9000
p0, connect, 172.30.0.161:9000
p1, netout-start, 10016
p0, new-connection, 172.30.0.164:40758
p0, new-connection, 172.30.0.163:51315
p0, new-connection, 172.30.0.161:43111
p0, new-connection, 172.30.0.162:45160
p0, new-connection, 172.30.0.160:35269
p1, send-start, 10017
p1, recv-start, 10017
circular-read-start, 3, 1, 120000000000, 10017
circular-read-total, 3, 1, 120000000000, 335933, 900988
p1, disk-done, 938365, 928347
p1, netout-done, 1119528, 1109511, 1107277
p1, recv-end, 1124636, 1114618
p1, send-end, 1124636, 1114618
p1, disk-drained, 1124651, 1124636, 0
p1, disk-write, 1124652, 1124636, 581415
p1, disk-end, 1124652, 1124636
phase-one-end, 1124652, 1114637
phase-two-start, 1124652
sort-disk, 1559796, 0, 36341, 171090, 259767
phase-two-end, 1559796, 435144
finish, 1559796, 1549781
