# Thu Sep 10 16:32:32 PDT 2015
# 2, 500, 0, read
record-value, 112
chunk-size, 1422549852, 12249
disks, 8, 

size, 5, 1, 5242880000, 0
size, 6, 1, 5242880000, 0


read-start, 5, 1, 0, 1422549852, 12
read-start, 6, 1, 0, 1422549852, 12
read-wait, 5, 1, 0
read, 5, 1, 0, 1422549852, 300695
circular-read-start, 5, 1, 142254985200, 300708
read-wait, 6, 1, 300855
read, 6, 1, 0, 1422549852, 300855
circular-read-start, 6, 1, 142254985200, 300868
read-start, 6, 2, 1422549852, 1422549852, 530383
circular-read-total, 6, 1, 142254985200, 13348, 229515
read-start, 5, 2, 1422549852, 1422549852, 532350
circular-read-total, 5, 1, 142254985200, 14923, 231642
read-wait, 5, 2, 0
read, 5, 2, 1422549852, 1422549852, 268063
circular-read-start, 5, 2, 142254985200, 800413
read-wait, 6, 2, 270165
read, 6, 2, 1422549852, 1422549852, 280473
circular-read-start, 6, 2, 142254985200, 810856
read-start, 6, 3, 2845099704, 1422549852, 1039230
circular-read-total, 6, 2, 142254985200, 12678, 228374
read-start, 5, 3, 2845099704, 1422549852, 1040878
circular-read-total, 5, 2, 142254985200, 13847, 240464
read-wait, 5, 3, 0
read, 5, 3, 2845099704, 1422549852, 222209
circular-read-start, 5, 3, 142254985200, 1263087
read-wait, 6, 3, 223995
read, 6, 3, 2845099704, 1422549852, 231744
circular-read-start, 6, 3, 142254985200, 1270974
read-start, 6, 4, 4267649556, 975230444, 1499976
circular-read-total, 6, 3, 142254985200, 14375, 229001
read-wait, 6, 4, 2213
read-start, 5, 4, 4267649556, 975230444, 1502189
circular-read-total, 5, 3, 142254985200, 14894, 239102
read, 6, 4, 4267649556, 975230444, 182450
circular-read-start, 6, 4, 97523044400, 1682426
read-wait, 5, 4, 180361
read, 5, 4, 4267649556, 975230444, 180821
circular-read-start, 5, 4, 97523044400, 1683011
circular-read-total, 6, 4, 97523044400, 10568, 158191
circular-read-total, 5, 4, 97523044400, 10410, 157890

cmd-read, 1841034
