# Mon Oct 19 01:42:34 PDT 2015
# 3, 1000, 0, range-3758096384
max-chunk, 3, 1, 171511808, 0
chunk-size, 171511808, 8199
disks, 8

size, 3, 2, 3333333333, 0
size, 4, 1, 3333333333, 0
size, 5, 1, 3333333333, 0


read-start, 3, 1, 0, 171511808, 21
read-start, 4, 1, 0, 171511808, 21
read-start, 5, 1, 0, 171511808, 21
read-wait, 3, 1, 0
read, 3, 1, 0, 171511808, 719861
circular-read-start, 3, 1, 17151180800, 719882
read-wait, 4, 1, 720029
read, 4, 1, 0, 171511808, 720661
circular-read-start, 4, 1, 17151180800, 720682
read-wait, 5, 1, 720899
read, 5, 1, 0, 171511808, 721263
circular-read-start, 5, 1, 17151180800, 721284
read-start, 3, 2, 171511808, 171511808, 915343
circular-read-total, 3, 1, 17151180800, 109357, 195460
read-start, 4, 2, 171511808, 171511808, 916404
circular-read-total, 4, 1, 17151180800, 95519, 195722
read-wait, 3, 2, 1892
read-start, 5, 2, 171511808, 171511808, 917242
circular-read-total, 5, 1, 17151180800, 86135, 195957
read, 3, 2, 171511808, 171511808, 690322
circular-read-start, 3, 2, 17151180800, 1605665
read-wait, 4, 2, 689401
read, 4, 2, 171511808, 171511808, 701492
circular-read-start, 4, 2, 17151180800, 1617897
read-wait, 5, 2, 700832
read, 5, 2, 171511808, 171511808, 700832
circular-read-start, 5, 2, 17151180800, 1618074
read-start, 3, 3, 343023616, 171511808, 1801155
circular-read-total, 3, 2, 17151180800, 32606, 195489
read-start, 4, 3, 343023616, 171511808, 1813443
circular-read-total, 4, 2, 17151180800, 105855, 195545
read-wait, 3, 3, 12321
read-start, 5, 3, 343023616, 171511808, 1813518
circular-read-total, 5, 2, 17151180800, 100506, 195443
read, 3, 3, 343023616, 171511808, 690483
circular-read-start, 3, 3, 17151180800, 2491638
read-wait, 4, 3, 678339
read, 4, 3, 343023616, 171511808, 699530
circular-read-start, 4, 3, 17151180800, 2512973
read-wait, 5, 3, 699646
read, 5, 3, 343023616, 171511808, 699646
circular-read-start, 5, 3, 17151180800, 2513164
read-start, 3, 4, 514535424, 171511808, 2700956
circular-read-total, 3, 3, 17151180800, 62582, 209318
read-start, 4, 4, 514535424, 171511808, 2708667
circular-read-total, 4, 3, 17151180800, 90896, 195694
read-wait, 3, 4, 7721
read-start, 5, 4, 514535424, 171511808, 2708920
circular-read-total, 5, 3, 17151180800, 95118, 195755
read, 3, 4, 514535424, 171511808, 690233
circular-read-start, 3, 4, 17151180800, 3391190
read-wait, 4, 4, 682663
read, 4, 4, 514535424, 171511808, 698212
circular-read-start, 4, 4, 17151180800, 3406880
read-wait, 5, 4, 698168
read, 5, 4, 514535424, 171511808, 698168
circular-read-start, 5, 4, 17151180800, 3407089
read-start, 3, 5, 686047232, 171511808, 3591248
circular-read-total, 3, 4, 17151180800, 25932, 200060
read-wait, 3, 5, 11199
read-start, 4, 5, 686047232, 171511808, 3602459
circular-read-total, 4, 4, 17151180800, 96110, 195578
read-start, 5, 5, 686047232, 171511808, 3602462
circular-read-total, 5, 4, 17151180800, 101630, 195372
read, 3, 5, 686047232, 171511808, 690517
circular-read-start, 3, 5, 17151180800, 4281765
read-wait, 4, 5, 679451
read, 4, 5, 686047232, 171511808, 697018
circular-read-start, 4, 5, 17151180800, 4299477
read-wait, 5, 5, 697233
read, 5, 5, 686047232, 171511808, 697233
circular-read-start, 5, 5, 17151180800, 4299695
read-start, 3, 6, 857559040, 171511808, 4482718
circular-read-total, 3, 5, 17151180800, 72216, 200953
read-start, 4, 6, 857559040, 171511808, 4495105
circular-read-total, 4, 5, 17151180800, 96004, 195628
read-wait, 3, 6, 12446
read-start, 5, 6, 857559040, 171511808, 4495232
circular-read-total, 5, 5, 17151180800, 83706, 195537
read, 3, 6, 857559040, 171511808, 690557
circular-read-start, 3, 6, 17151180800, 5173276
read-wait, 4, 6, 678311
read, 4, 6, 857559040, 171511808, 689689
circular-read-start, 4, 6, 17151180800, 5184795
read-wait, 5, 6, 689764
read, 5, 6, 857559040, 171511808, 691372
circular-read-start, 5, 6, 17151180800, 5186605
read-start, 3, 7, 1029070848, 171511808, 5369205
circular-read-total, 3, 6, 17151180800, 49936, 195928
read-start, 4, 7, 1029070848, 171511808, 5380676
circular-read-total, 4, 6, 17151180800, 86538, 195881
read-wait, 3, 7, 12930
read-start, 5, 7, 1029070848, 171511808, 5382192
circular-read-total, 5, 6, 17151180800, 101418, 195587
read, 3, 7, 1029070848, 171511808, 690925
circular-read-start, 3, 7, 17151180800, 6060130
read-wait, 4, 7, 679597
read, 4, 7, 1029070848, 171511808, 689287
circular-read-start, 4, 7, 17151180800, 6069964
read-wait, 5, 7, 687956
read, 5, 7, 1029070848, 171511808, 690703
circular-read-start, 5, 7, 17151180800, 6072895
read-start, 3, 8, 1200582656, 171511808, 6258724
circular-read-total, 3, 7, 17151180800, 92260, 198594
read-start, 4, 8, 1200582656, 171511808, 6265537
circular-read-total, 4, 7, 17151180800, 104667, 195573
read-wait, 3, 8, 10073
read-start, 5, 8, 1200582656, 171511808, 6268803
circular-read-total, 5, 7, 17151180800, 85127, 195908
read, 3, 8, 1200582656, 171511808, 690190
circular-read-start, 3, 8, 17151180800, 6948915
read-wait, 4, 8, 683521
read, 4, 8, 1200582656, 171511808, 689717
circular-read-start, 4, 8, 17151180800, 6955254
read-wait, 5, 8, 686656
read, 5, 8, 1200582656, 171511808, 690304
circular-read-start, 5, 8, 17151180800, 6959108

cmd-range, 7016110, 3758096384
