# Mon Oct 19 01:42:34 PDT 2015
memory, 32170233856
record-value, 112
seek-chunk, 171511808
file, 4, 3333333333

read-start, 1, 0, 171511808, 5276
circular-read-start, 4, 1, 333333333300, 6963
circular-read-total, 4, 1, 333333333300, 698817, 717825
linear-scan, 719481
-sort , 54644, 58
-merge, 31848, 58
-last , 361
read, 1, 171511808, 721168
network, 1, 195935

read-start, 2, 171511808, 171511808, 922394
circular-read-start, 4, 2, 333333333300, 922746
circular-read-total, 4, 2, 333333333300, 669402, 689415
linear-scan, 690043
-sort , 53756, 57
-merge, 31192, 57
-last , 628
read, 2, 171511808, 690395
network, 2, 205813

read-start, 3, 343023616, 171511808, 1818633
circular-read-start, 4, 3, 333333333300, 1818981
circular-read-total, 4, 3, 333333333300, 669575, 689680
linear-scan, 690504
-sort , 53297, 56
-merge, 31189, 56
-last , 823
read, 3, 171511808, 690851
network, 3, 204284

read-start, 4, 514535424, 171511808, 2713999
circular-read-start, 4, 4, 333333333300, 2714347
circular-read-total, 4, 4, 333333333300, 669608, 689535
linear-scan, 690524
-sort , 52118, 55
-merge, 30231, 55
-last , 988
read, 4, 171511808, 690873
network, 4, 202594

read-start, 5, 686047232, 171511808, 3607503
circular-read-start, 4, 5, 333333333300, 3607853
circular-read-total, 4, 5, 333333333300, 669611, 690118
linear-scan, 691212
-sort , 51645, 54
-merge, 30311, 54
-last , 1093
read, 5, 171511808, 691562
network, 5, 201138

read-start, 6, 857559040, 171511808, 4500237
circular-read-start, 4, 6, 333333333300, 4500585
circular-read-total, 4, 6, 333333333300, 669748, 689876
linear-scan, 690995
-sort , 50927, 53
-merge, 29493, 53
-last , 1118
read, 6, 171511808, 691343
network, 6, 195546

read-start, 7, 1029070848, 171511808, 5387160
circular-read-start, 4, 7, 333333333300, 5387509
circular-read-total, 4, 7, 333333333300, 669532, 689252
linear-scan, 690325
-sort , 49534, 52
-merge, 28747, 52
-last , 1072
read, 7, 171511808, 690674
network, 7, 195896

read-start, 8, 1200582656, 171511808, 6273735
circular-read-start, 4, 8, 333333333300, 6274085
circular-read-total, 4, 8, 333333333300, 669442, 688992
linear-scan, 689925
-sort , 48313, 51
-merge, 27964, 51
-last , 932
read, 8, 171511808, 690275
