# Mon Oct 19 01:42:34 PDT 2015
memory, 32170233856
record-value, 112
seek-chunk, 171511808
file, 4, 3333333333

read-start, 1, 0, 171511808, 3635
circular-read-start, 4, 1, 333333333300, 5471
circular-read-total, 4, 1, 333333333300, 698977, 717104
linear-scan, 718766
-sort , 55420, 58
-merge, 32917, 58
-last , 378
read, 1, 171511808, 720602
network, 1, 195704

read-start, 2, 171511808, 171511808, 919962
circular-read-start, 4, 2, 333333333300, 920329
circular-read-total, 4, 2, 333333333300, 668870, 700512
linear-scan, 701131
-sort , 54535, 57
-merge, 32025, 57
-last , 618
read, 2, 171511808, 701498
network, 2, 195500

read-start, 3, 343023616, 171511808, 1817008
circular-read-start, 4, 3, 333333333300, 1817377
circular-read-total, 4, 3, 333333333300, 668877, 698325
linear-scan, 699166
-sort , 54238, 56
-merge, 32144, 56
-last , 840
read, 3, 171511808, 699535
network, 3, 195664

read-start, 4, 514535424, 171511808, 2712240
circular-read-start, 4, 4, 333333333300, 2712610
circular-read-total, 4, 4, 333333333300, 668811, 696859
linear-scan, 697848
-sort , 53344, 55
-merge, 31681, 55
-last , 988
read, 4, 171511808, 698218
network, 4, 195536

read-start, 5, 686047232, 171511808, 3606038
circular-read-start, 4, 5, 333333333300, 3606414
circular-read-total, 4, 5, 333333333300, 668866, 695548
linear-scan, 696648
-sort , 52543, 54
-merge, 31084, 54
-last , 1099
read, 5, 171511808, 697023
network, 5, 195594

read-start, 6, 857559040, 171511808, 4498692
circular-read-start, 4, 6, 333333333300, 4499069
circular-read-total, 4, 6, 333333333300, 668991, 688184
linear-scan, 689317
-sort , 51783, 53
-merge, 30944, 53
-last , 1132
read, 6, 171511808, 689695
network, 6, 195880

read-start, 7, 1029070848, 171511808, 5384270
circular-read-start, 4, 7, 333333333300, 5384640
circular-read-total, 4, 7, 333333333300, 668863, 687821
linear-scan, 688922
-sort , 50838, 52
-merge, 30652, 52
-last , 1100
read, 7, 171511808, 689292
network, 7, 195545

read-start, 8, 1200582656, 171511808, 6269138
circular-read-start, 4, 8, 333333333300, 6269508
circular-read-total, 4, 8, 333333333300, 668949, 688390
linear-scan, 689352
-sort , 50037, 51
-merge, 29997, 51
-last , 961
read, 8, 171511808, 689722
