# Sun Sep 20 17:27:14 PDT 2015
# 8, 155.56, 0, read
max-chunk, 3, 1, 171511808, 0
chunk-size, 171511808, 2733
disks, 8

size, 3, 2, 1555600000, 0
size, 4, 1, 1555600000, 0
size, 5, 1, 1555600000, 0
size, 6, 1, 1555600000, 0
size, 7, 1, 1555600000, 0
size, 8, 1, 1555600000, 0
size, 9, 1, 1555600000, 0
size, 10, 1, 1555600000, 0
size, 11, 1, 1555600000, 0


read-start, 3, 1, 0, 171511808, 91
read-start, 4, 1, 0, 171511808, 91
read-start, 5, 1, 0, 171511808, 91
read-start, 6, 1, 0, 171511808, 91
read-start, 7, 1, 0, 171511808, 91
read-start, 8, 1, 0, 171511808, 91
read-start, 9, 1, 0, 171511808, 91
read-start, 10, 1, 0, 171511808, 91
read-start, 11, 1, 0, 171511808, 91
read-wait, 3, 1, 0
read, 3, 1, 0, 171511808, 325648
circular-read-start, 3, 1, 17151180800, 325740
read-wait, 4, 1, 325815
read, 4, 1, 0, 171511808, 350083
circular-read-start, 4, 1, 17151180800, 350174
read-wait, 5, 1, 350260
read, 5, 1, 0, 171511808, 350260
circular-read-start, 5, 1, 17151180800, 350352
read-wait, 6, 1, 350263
read, 6, 1, 0, 171511808, 350263
circular-read-start, 6, 1, 17151180800, 350355
read-wait, 7, 1, 350265
read, 7, 1, 0, 171511808, 350265
circular-read-start, 7, 1, 17151180800, 350357
read-wait, 8, 1, 350267
read, 8, 1, 0, 171511808, 350267
circular-read-start, 8, 1, 17151180800, 350359
read-wait, 9, 1, 350269
read, 9, 1, 0, 171511808, 350269
circular-read-start, 9, 1, 17151180800, 350361
read-wait, 10, 1, 350273
read, 10, 1, 0, 171511808, 350273
circular-read-start, 10, 1, 17151180800, 350365
read-wait, 11, 1, 350275
read, 11, 1, 0, 171511808, 350275
circular-read-start, 11, 1, 17151180800, 350367
read-start, 3, 2, 171511808, 171511808, 539657
circular-read-total, 3, 1, 17151180800, 7553, 213921
read-start, 11, 2, 171511808, 171511808, 545893
circular-read-total, 11, 1, 17151180800, 69765, 195525
read-start, 7, 2, 171511808, 171511808, 545945
circular-read-total, 7, 1, 17151180800, 65138, 195588
read-start, 4, 2, 171511808, 171511808, 546010
circular-read-total, 4, 1, 17151180800, 62861, 195835
read-start, 10, 2, 171511808, 171511808, 546040
circular-read-total, 10, 1, 17151180800, 66884, 195675
read-start, 5, 2, 171511808, 171511808, 546048
circular-read-total, 5, 1, 17151180800, 67720, 195696
read-start, 9, 2, 171511808, 171511808, 546094
circular-read-total, 9, 1, 17151180800, 66793, 195733
read-start, 8, 2, 171511808, 171511808, 546100
circular-read-total, 8, 1, 17151180800, 65371, 195740
read-start, 6, 2, 171511808, 171511808, 546215
circular-read-total, 6, 1, 17151180800, 69934, 195860
read-wait, 6, 2, 4
read, 6, 2, 171511808, 171511808, 321906
circular-read-start, 6, 2, 17151180800, 868121
read-wait, 7, 2, 322320
read, 7, 2, 171511808, 171511808, 322320
circular-read-start, 7, 2, 17151180800, 868265
read-wait, 5, 2, 322220
read, 5, 2, 171511808, 171511808, 323032
circular-read-start, 5, 2, 17151180800, 869081
read-wait, 8, 2, 323119
read, 8, 2, 171511808, 171511808, 323119
circular-read-start, 8, 2, 17151180800, 869219
read-wait, 11, 2, 323335
read, 11, 2, 171511808, 171511808, 323335
circular-read-start, 11, 2, 17151180800, 869228
read-wait, 9, 2, 323139
read, 9, 2, 171511808, 171511808, 323139
circular-read-start, 9, 2, 17151180800, 869233
read-wait, 10, 2, 323196
read, 10, 2, 171511808, 171511808, 323196
circular-read-start, 10, 2, 17151180800, 869237
read-wait, 3, 2, 329582
read, 3, 2, 171511808, 171511808, 329582
circular-read-start, 3, 2, 17151180800, 869240
read-wait, 4, 2, 323232
read, 4, 2, 171511808, 171511808, 323232
circular-read-start, 4, 2, 17151180800, 869242
read-start, 7, 3, 343023616, 171511808, 1063861
circular-read-total, 7, 2, 17151180800, 61590, 195596
read-start, 6, 3, 343023616, 171511808, 1064016
circular-read-total, 6, 2, 17151180800, 68437, 195894
read-start, 11, 3, 343023616, 171511808, 1064768
circular-read-total, 11, 2, 17151180800, 64945, 195539
read-start, 9, 3, 343023616, 171511808, 1064838
circular-read-total, 9, 2, 17151180800, 65481, 195604
read-start, 4, 3, 343023616, 171511808, 1064871
circular-read-total, 4, 2, 17151180800, 64182, 195629
read-start, 10, 3, 343023616, 171511808, 1064902
circular-read-total, 10, 2, 17151180800, 61791, 195665
read-start, 3, 3, 343023616, 171511808, 1064922
circular-read-total, 3, 2, 17151180800, 64594, 195682
read-start, 5, 3, 343023616, 171511808, 1064949
circular-read-total, 5, 2, 17151180800, 61995, 195867
read-start, 8, 3, 343023616, 171511808, 1064954
circular-read-total, 8, 2, 17151180800, 65530, 195734
read-wait, 6, 3, 981
read, 6, 3, 343023616, 171511808, 321641
circular-read-start, 6, 3, 17151180800, 1385657
read-wait, 9, 3, 320959
read, 9, 3, 343023616, 171511808, 322599
circular-read-start, 9, 3, 17151180800, 1387437
read-wait, 5, 3, 322627
read, 5, 3, 343023616, 171511808, 323651
circular-read-start, 5, 3, 17151180800, 1388601
read-wait, 8, 3, 323791
read, 8, 3, 343023616, 171511808, 323791
circular-read-start, 8, 3, 17151180800, 1388745
read-wait, 7, 3, 324885
read, 7, 3, 343023616, 171511808, 324885
circular-read-start, 7, 3, 17151180800, 1388747
read-wait, 11, 3, 323995
read, 11, 3, 343023616, 171511808, 323995
circular-read-start, 11, 3, 17151180800, 1388763
read-wait, 3, 3, 323846
read, 3, 3, 343023616, 171511808, 323846
circular-read-start, 3, 3, 17151180800, 1388769
read-wait, 10, 3, 323874
read, 10, 3, 343023616, 171511808, 323874
circular-read-start, 10, 3, 17151180800, 1388776
read-wait, 4, 3, 323907
read, 4, 3, 343023616, 171511808, 323907
circular-read-start, 4, 3, 17151180800, 1388779
read-start, 6, 4, 514535424, 171511808, 1581151
circular-read-total, 6, 3, 17151180800, 26992, 195493
read-start, 9, 4, 514535424, 171511808, 1583392
circular-read-total, 9, 3, 17151180800, 69675, 195955
read-start, 5, 4, 514535424, 171511808, 1584381
circular-read-total, 5, 3, 17151180800, 61298, 195780
read-start, 11, 4, 514535424, 171511808, 1584458
circular-read-total, 11, 3, 17151180800, 66986, 195695
read-start, 4, 4, 514535424, 171511808, 1584523
circular-read-total, 4, 3, 17151180800, 66226, 195743
read-start, 8, 4, 514535424, 171511808, 1584524
circular-read-total, 8, 3, 17151180800, 72505, 195779
read-start, 7, 4, 514535424, 171511808, 1584585
circular-read-total, 7, 3, 17151180800, 65286, 195838
read-wait, 6, 4, 3502
read-start, 10, 4, 514535424, 171511808, 1584692
circular-read-total, 10, 3, 17151180800, 73225, 195916
read-start, 3, 4, 514535424, 171511808, 1584746
circular-read-total, 3, 3, 17151180800, 69351, 195977
read, 6, 4, 514535424, 171511808, 321360
circular-read-start, 6, 4, 17151180800, 1902511
read-wait, 9, 4, 319262
read, 9, 4, 514535424, 171511808, 322756
circular-read-start, 9, 4, 17151180800, 1906148
read-wait, 5, 4, 321909
read, 5, 4, 514535424, 171511808, 322727
circular-read-start, 5, 4, 17151180800, 1907109
read-wait, 7, 4, 322662
read, 7, 4, 514535424, 171511808, 322662
circular-read-start, 7, 4, 17151180800, 1907248
read-wait, 8, 4, 322742
read, 8, 4, 514535424, 171511808, 322742
circular-read-start, 8, 4, 17151180800, 1907266
read-wait, 10, 4, 322578
read, 10, 4, 514535424, 171511808, 322578
circular-read-start, 10, 4, 17151180800, 1907271
read-wait, 3, 4, 322532
read, 3, 4, 514535424, 171511808, 322751
circular-read-start, 3, 4, 17151180800, 1907497
read-wait, 11, 4, 323178
read, 11, 4, 514535424, 171511808, 323178
circular-read-start, 11, 4, 17151180800, 1907637
read-wait, 4, 4, 323134
read, 4, 4, 514535424, 171511808, 323134
circular-read-start, 4, 4, 17151180800, 1907658
read-start, 6, 5, 686047232, 171511808, 2098278
circular-read-total, 6, 4, 17151180800, 17664, 195768
read-start, 9, 5, 686047232, 171511808, 2102024
circular-read-total, 9, 4, 17151180800, 59687, 195875
read-start, 7, 5, 686047232, 171511808, 2102820
circular-read-total, 7, 4, 17151180800, 64602, 195572
read-start, 5, 5, 686047232, 171511808, 2102958
circular-read-total, 5, 4, 17151180800, 64094, 195848
read-start, 10, 5, 686047232, 171511808, 2103102
circular-read-total, 10, 4, 17151180800, 63155, 195830
read-start, 8, 5, 686047232, 171511808, 2103189
circular-read-total, 8, 4, 17151180800, 69561, 195923
read-start, 3, 5, 686047232, 171511808, 2103329
circular-read-total, 3, 4, 17151180800, 64100, 195831
read-start, 4, 5, 686047232, 171511808, 2103439
circular-read-total, 4, 4, 17151180800, 62739, 195781
read-wait, 6, 5, 5349
read-start, 11, 5, 686047232, 171511808, 2103744
circular-read-total, 11, 4, 17151180800, 69323, 196107
read, 6, 5, 686047232, 171511808, 321543
circular-read-start, 6, 5, 17151180800, 2419822
read-wait, 7, 5, 317154
read, 7, 5, 686047232, 171511808, 321563
circular-read-start, 7, 5, 17151180800, 2424384
read-wait, 9, 5, 322500
read, 9, 5, 686047232, 171511808, 322930
circular-read-start, 9, 5, 17151180800, 2424954
read-wait, 8, 5, 321915
read, 8, 5, 686047232, 171511808, 322391
circular-read-start, 8, 5, 17151180800, 2425581
read-wait, 5, 5, 322761
read, 5, 5, 686047232, 171511808, 323157
circular-read-start, 5, 5, 17151180800, 2426115
read-wait, 10, 5, 323171
read, 10, 5, 686047232, 171511808, 323171
circular-read-start, 10, 5, 17151180800, 2426273
read-wait, 3, 5, 322947
read, 3, 5, 686047232, 171511808, 323239
circular-read-start, 3, 5, 17151180800, 2426569
read-wait, 11, 5, 322964
read, 11, 5, 686047232, 171511808, 322965
circular-read-start, 11, 5, 17151180800, 2426710
read-wait, 4, 5, 323272
read, 4, 5, 686047232, 171511808, 323272
circular-read-start, 4, 5, 17151180800, 2426712
read-start, 6, 6, 857559040, 171511808, 2615605
circular-read-total, 6, 5, 17151180800, 10135, 195784
read-start, 7, 6, 857559040, 171511808, 2620318
circular-read-total, 7, 5, 17151180800, 56467, 195934
read-start, 9, 6, 857559040, 171511808, 2620924
circular-read-total, 9, 5, 17151180800, 63942, 195968
read-start, 8, 6, 857559040, 171511808, 2621451
circular-read-total, 8, 5, 17151180800, 70260, 195870
read-start, 5, 6, 857559040, 171511808, 2622079
circular-read-total, 5, 5, 17151180800, 71202, 195964
read-start, 10, 6, 857559040, 171511808, 2622196
circular-read-total, 10, 5, 17151180800, 69890, 195923
read-start, 4, 6, 857559040, 171511808, 2622396
circular-read-total, 4, 5, 17151180800, 69088, 195684
read-start, 11, 6, 857559040, 171511808, 2622409
circular-read-total, 11, 5, 17151180800, 67814, 195699
read-start, 3, 6, 857559040, 171511808, 2622491
circular-read-total, 3, 5, 17151180800, 62824, 195922
read-wait, 6, 6, 6946
read, 6, 6, 857559040, 171511808, 321459
circular-read-start, 6, 6, 17151180800, 2937065
read-wait, 9, 6, 316292
read, 9, 6, 857559040, 171511808, 322487
circular-read-start, 9, 6, 17151180800, 2943411
read-wait, 7, 6, 323231
read, 7, 6, 857559040, 171511808, 323231
circular-read-start, 7, 6, 17151180800, 2943550
read-wait, 8, 6, 322108
read, 8, 6, 857559040, 171511808, 322183
circular-read-start, 8, 6, 17151180800, 2943635
read-wait, 5, 6, 321709
read, 5, 6, 857559040, 171511808, 322976
circular-read-start, 5, 6, 17151180800, 2945056
read-wait, 10, 6, 323003
read, 10, 6, 857559040, 171511808, 323003
circular-read-start, 10, 6, 17151180800, 2945199
read-wait, 11, 6, 322797
read, 11, 6, 857559040, 171511808, 322797
circular-read-start, 11, 6, 17151180800, 2945207
read-wait, 4, 6, 322835
read, 4, 6, 857559040, 171511808, 322835
circular-read-start, 4, 6, 17151180800, 2945231
read-wait, 3, 6, 322756
read, 3, 6, 857559040, 171511808, 323126
circular-read-start, 3, 6, 17151180800, 2945617
read-start, 6, 7, 1029070848, 171511808, 3136249
circular-read-total, 6, 6, 17151180800, 16106, 199184
read-start, 9, 7, 1029070848, 171511808, 3139166
circular-read-total, 9, 6, 17151180800, 59720, 195754
read-start, 7, 7, 1029070848, 171511808, 3139172
circular-read-total, 7, 6, 17151180800, 62374, 195622
read-start, 8, 7, 1029070848, 171511808, 3139505
circular-read-total, 8, 6, 17151180800, 63856, 195869
read-start, 11, 7, 1029070848, 171511808, 3141008
circular-read-total, 11, 6, 17151180800, 72942, 195801
read-start, 4, 7, 1029070848, 171511808, 3141048
circular-read-total, 4, 6, 17151180800, 67748, 195816
read-start, 10, 7, 1029070848, 171511808, 3141055
circular-read-total, 10, 6, 17151180800, 63780, 195855
read-start, 5, 7, 1029070848, 171511808, 3141117
circular-read-total, 5, 6, 17151180800, 58830, 196060
read-wait, 7, 7, 2320
read-start, 3, 7, 1029070848, 171511808, 3141632
circular-read-total, 3, 6, 17151180800, 61221, 196014
read, 7, 7, 1029070848, 171511808, 321215
circular-read-start, 7, 7, 17151180800, 3460388
read-wait, 9, 7, 321367
read, 9, 7, 1029070848, 171511808, 322699
circular-read-start, 9, 7, 17151180800, 3461865
read-wait, 6, 7, 325755
read, 6, 7, 1029070848, 171511808, 325755
circular-read-start, 6, 7, 17151180800, 3462005
read-wait, 5, 7, 320904
read, 5, 7, 1029070848, 171511808, 322786
circular-read-start, 5, 7, 17151180800, 3463903
read-wait, 11, 7, 323034
read, 11, 7, 1029070848, 171511808, 323034
circular-read-start, 11, 7, 17151180800, 3464042
read-wait, 10, 7, 322992
read, 10, 7, 1029070848, 171511808, 322992
circular-read-start, 10, 7, 17151180800, 3464048
read-wait, 8, 7, 324545
read, 8, 7, 1029070848, 171511808, 324545
circular-read-start, 8, 7, 17151180800, 3464050
read-wait, 4, 7, 323026
read, 4, 7, 1029070848, 171511808, 323026
circular-read-start, 4, 7, 17151180800, 3464075
read-wait, 3, 7, 322457
read, 3, 7, 1029070848, 171511808, 322855
circular-read-start, 3, 7, 17151180800, 3464487
read-start, 7, 8, 1200582656, 171511808, 3655471
circular-read-total, 7, 7, 17151180800, 30582, 195085
read-start, 6, 8, 1200582656, 171511808, 3657589
circular-read-total, 6, 7, 17151180800, 49924, 195584
read-start, 9, 8, 1200582656, 171511808, 3658386
circular-read-total, 9, 7, 17151180800, 64558, 196521
read-start, 8, 8, 1200582656, 171511808, 3659754
circular-read-total, 8, 7, 17151180800, 63049, 195703
read-start, 11, 8, 1200582656, 171511808, 3659777
circular-read-total, 11, 7, 17151180800, 65344, 195734
read-start, 5, 8, 1200582656, 171511808, 3659793
circular-read-total, 5, 7, 17151180800, 60214, 195889
read-start, 10, 8, 1200582656, 171511808, 3659857
circular-read-total, 10, 7, 17151180800, 67731, 195809
read-start, 4, 8, 1200582656, 171511808, 3659986
circular-read-total, 4, 7, 17151180800, 70954, 195912
read-wait, 9, 8, 1994
read-start, 3, 8, 1200582656, 171511808, 3660465
circular-read-total, 3, 7, 17151180800, 67774, 195977
read, 9, 8, 1200582656, 171511808, 322829
circular-read-start, 9, 8, 17151180800, 3981215
read-wait, 6, 8, 323768
read, 6, 8, 1200582656, 171511808, 323768
circular-read-start, 6, 8, 17151180800, 3981357
read-wait, 7, 8, 325890
read, 7, 8, 1200582656, 171511808, 325890
circular-read-start, 7, 8, 17151180800, 3981361
read-wait, 10, 8, 321518
read, 10, 8, 1200582656, 171511808, 321747
circular-read-start, 10, 8, 17151180800, 3981605
read-wait, 5, 8, 321950
read, 5, 8, 1200582656, 171511808, 322993
circular-read-start, 5, 8, 17151180800, 3982787
read-wait, 11, 8, 323155
read, 11, 8, 1200582656, 171511808, 323155
circular-read-start, 11, 8, 17151180800, 3982932
read-wait, 8, 8, 323181
read, 8, 8, 1200582656, 171511808, 323181
circular-read-start, 8, 8, 17151180800, 3982935
read-wait, 4, 8, 322965
read, 4, 8, 1200582656, 171511808, 322965
circular-read-start, 4, 8, 17151180800, 3982952
read-wait, 3, 8, 322526
read, 3, 8, 1200582656, 171511808, 322709
circular-read-start, 3, 8, 17151180800, 3983175
read-start, 7, 9, 1372094464, 171511808, 4177057
circular-read-total, 7, 8, 17151180800, 60687, 195695
read-start, 6, 9, 1372094464, 171511808, 4177063
circular-read-total, 6, 8, 17151180800, 64818, 195705
read-start, 9, 9, 1372094464, 171511808, 4177133
circular-read-total, 9, 8, 17151180800, 65837, 195917
read-start, 10, 9, 1372094464, 171511808, 4177485
circular-read-total, 10, 8, 17151180800, 67272, 195880
read-start, 4, 9, 1372094464, 171511808, 4178556
circular-read-total, 4, 8, 17151180800, 63777, 195603
read-start, 8, 9, 1372094464, 171511808, 4178608
circular-read-total, 8, 8, 17151180800, 67043, 195673
read-start, 5, 9, 1372094464, 171511808, 4178696
circular-read-total, 5, 8, 17151180800, 65927, 195909
read-start, 11, 9, 1372094464, 171511808, 4178703
circular-read-total, 11, 8, 17151180800, 61730, 195770
read-wait, 6, 9, 1839
read-start, 3, 9, 1372094464, 171511808, 4178948
circular-read-total, 3, 8, 17151180800, 63302, 195773
read, 6, 9, 1372094464, 171511808, 322078
circular-read-start, 6, 9, 17151180800, 4499142
read-wait, 10, 9, 321798
read, 10, 9, 1372094464, 171511808, 322084
circular-read-start, 10, 9, 17151180800, 4499570
read-wait, 7, 9, 322649
read, 7, 9, 1372094464, 171511808, 322649
circular-read-start, 7, 9, 17151180800, 4499707
read-wait, 9, 9, 322577
read, 9, 9, 1372094464, 171511808, 323174
circular-read-start, 9, 9, 17151180800, 4500307
read-wait, 5, 9, 321759
read, 5, 9, 1372094464, 171511808, 323245
circular-read-start, 5, 9, 17151180800, 4501942
read-wait, 8, 9, 323472
read, 8, 9, 1372094464, 171511808, 323472
circular-read-start, 8, 9, 17151180800, 4502080
read-wait, 11, 9, 323379
read, 11, 9, 1372094464, 171511808, 323379
circular-read-start, 11, 9, 17151180800, 4502082
read-wait, 4, 9, 323545
read, 4, 9, 1372094464, 171511808, 323545
circular-read-start, 4, 9, 17151180800, 4502101
read-wait, 3, 9, 323158
read, 3, 9, 1372094464, 171511808, 323330
circular-read-start, 3, 9, 17151180800, 4502278
read-start, 6, 10, 1543606272, 11993728, 4694929
circular-read-total, 6, 9, 17151180800, 55007, 195800
read-start, 10, 10, 1543606272, 11993728, 4695533
circular-read-total, 10, 9, 17151180800, 61321, 195963
read-start, 7, 10, 1543606272, 11993728, 4695727
circular-read-total, 7, 9, 17151180800, 60322, 196020
read-start, 9, 10, 1543606272, 11993728, 4696019
circular-read-total, 9, 9, 17151180800, 60859, 195711
read-start, 8, 10, 1543606272, 11993728, 4697746
circular-read-total, 8, 9, 17151180800, 61173, 195665
read-start, 4, 10, 1543606272, 11993728, 4697787
circular-read-total, 4, 9, 17151180800, 66329, 195685
read-start, 11, 10, 1543606272, 11993728, 4697806
circular-read-total, 11, 9, 17151180800, 63389, 195723
read-start, 5, 10, 1543606272, 11993728, 4697833
circular-read-total, 5, 9, 17151180800, 66441, 195890
read-start, 3, 10, 1543606272, 11993728, 4697973
circular-read-total, 3, 9, 17151180800, 55505, 195694
read-wait, 6, 10, 3047
read, 6, 10, 1543606272, 11993728, 320102
circular-read-start, 6, 10, 1199372800, 5015031
read-wait, 9, 10, 319150
read, 9, 10, 1543606272, 11993728, 321609
circular-read-start, 9, 10, 1199372800, 5017628
read-wait, 11, 10, 319963
read, 11, 10, 1543606272, 11993728, 320216
circular-read-start, 11, 10, 1199372800, 5018022
read-wait, 7, 10, 322432
read, 7, 10, 1543606272, 11993728, 322432
circular-read-start, 7, 10, 1199372800, 5018160
read-wait, 10, 10, 322631
read, 10, 10, 1543606272, 11993728, 322631
circular-read-start, 10, 10, 1199372800, 5018165
read-wait, 8, 10, 320421
read, 8, 10, 1543606272, 11993728, 321061
circular-read-start, 8, 10, 1199372800, 5018807
read-wait, 5, 10, 321111
read, 5, 10, 1543606272, 11993728, 321427
circular-read-start, 5, 10, 1199372800, 5019260
read-wait, 3, 10, 321427
read, 3, 10, 1543606272, 11993728, 322529
circular-read-start, 3, 10, 1199372800, 5020502
read-wait, 4, 10, 322851
read, 4, 10, 1543606272, 11993728, 322851
circular-read-start, 4, 10, 1199372800, 5020639
circular-read-total, 6, 10, 1199372800, 435, 11564
circular-read-total, 9, 10, 1199372800, 604, 9981
circular-read-total, 11, 10, 1199372800, 879, 10127
circular-read-total, 7, 10, 1199372800, 1860, 10272
circular-read-total, 10, 10, 1199372800, 1142, 10514
circular-read-total, 8, 10, 1199372800, 2595, 10192
circular-read-total, 5, 10, 1199372800, 2984, 10048
circular-read-total, 3, 10, 1199372800, 2254, 10038
circular-read-total, 4, 10, 1199372800, 3881, 10006

cmd-read, 5030836
