# Sun Sep 20 17:27:14 PDT 2015
memory, 32170233856
record-value, 112
seek-chunk, 171511808
file, 4, 1555600000

read-start, 1, 0, 171511808, 16114
circular-read-start, 4, 1, 155560000000, 17720
circular-read-total, 4, 1, 155560000000, 335752, 343985
linear-scan, 345349
-sort , 42598, 46
-merge, 24935, 46
-last , 1363
read, 1, 171511808, 346955
network, 1, 198792

read-start, 2, 171511808, 171511808, 561891
circular-read-start, 4, 2, 155560000000, 562255
circular-read-total, 4, 2, 155560000000, 312218, 320625
linear-scan, 321264
-sort , 41016, 45
-merge, 24422, 45
-last , 638
read, 2, 171511808, 321627
network, 2, 197187

read-start, 3, 343023616, 171511808, 1080743
circular-read-start, 4, 3, 155560000000, 1081112
circular-read-total, 4, 3, 155560000000, 312242, 320627
linear-scan, 321364
-sort , 39274, 43
-merge, 23310, 43
-last , 735
read, 3, 171511808, 321732
network, 3, 197930

read-start, 4, 514535424, 171511808, 1600411
circular-read-start, 4, 4, 155560000000, 1600770
circular-read-total, 4, 4, 155560000000, 312451, 320840
linear-scan, 321346
-sort , 37196, 41
-merge, 22027, 41
-last , 504
read, 4, 171511808, 321705
network, 4, 197337

read-start, 5, 686047232, 171511808, 2119674
circular-read-start, 4, 5, 155560000000, 2120033
circular-read-total, 4, 5, 155560000000, 312334, 320965
linear-scan, 321870
-sort , 34982, 38
-merge, 20594, 38
-last , 904
read, 5, 171511808, 322230
network, 5, 196378

read-start, 6, 857559040, 171511808, 2638315
circular-read-start, 4, 6, 155560000000, 2638674
circular-read-total, 4, 6, 155560000000, 312165, 320358
linear-scan, 321083
-sort , 31994, 35
-merge, 18824, 35
-last , 723
read, 6, 171511808, 321442
network, 6, 197103

read-start, 7, 1029070848, 171511808, 3156891
circular-read-start, 4, 7, 155560000000, 3157251
circular-read-total, 4, 7, 155560000000, 312201, 320344
linear-scan, 320981
-sort , 28420, 31
-merge, 16679, 31
-last , 636
read, 7, 171511808, 321341
network, 7, 197374

read-start, 8, 1200582656, 171511808, 3675637
circular-read-start, 4, 8, 155560000000, 3676020
circular-read-total, 4, 8, 155560000000, 312461, 321209
linear-scan, 322149
-sort , 23519, 25
-merge, 13860, 25
-last , 939
read, 8, 171511808, 322532
network, 8, 196367

read-start, 9, 1372094464, 171511808, 4194539
circular-read-start, 4, 9, 155560000000, 4194899
circular-read-total, 4, 9, 155560000000, 312020, 319718
linear-scan, 321128
-sort , 14450, 15
-merge, 8518, 15
-last , 1409
read, 9, 171511808, 321488
network, 9, 197588

read-start, 10, 1543606272, 11993728, 4713619
circular-read-start, 4, 10, 155560000000, 4713643
circular-read-total, 4, 10, 155560000000, 312044, 319943
linear-scan, 320177
-sort , 934, 4
-merge, 203, 4
-last , 234
read, 10, 11993728, 320201
network, 10, 10089

exit, 5046726
