# Sun Sep 20 17:27:14 PDT 2015
memory, 32170233856
record-value, 112
seek-chunk, 171511808
file, 4, 1555600000

read-start, 1, 0, 171511808, 14226
circular-read-start, 4, 1, 155560000000, 15893
circular-read-total, 4, 1, 155560000000, 335680, 343818
linear-scan, 345199
-sort , 42287, 46
-merge, 24139, 46
-last , 1380
read, 1, 171511808, 346866
network, 1, 199051

read-start, 2, 171511808, 171511808, 560178
circular-read-start, 4, 2, 155560000000, 560526
circular-read-total, 4, 2, 155560000000, 312211, 320758
linear-scan, 321400
-sort , 40793, 45
-merge, 23634, 45
-last , 641
read, 2, 171511808, 321748
network, 2, 197112

read-start, 3, 343023616, 171511808, 1079044
circular-read-start, 4, 3, 155560000000, 1079387
circular-read-total, 4, 3, 155560000000, 312287, 320780
linear-scan, 321500
-sort , 39124, 43
-merge, 22586, 43
-last , 719
read, 3, 171511808, 321843
network, 3, 197913

read-start, 4, 514535424, 171511808, 1598838
circular-read-start, 4, 4, 155560000000, 1599182
circular-read-total, 4, 4, 155560000000, 312242, 320698
linear-scan, 321204
-sort , 37292, 41
-merge, 21612, 41
-last , 504
read, 4, 171511808, 321547
network, 4, 196829

read-start, 5, 686047232, 171511808, 2117251
circular-read-start, 4, 5, 155560000000, 2117593
circular-read-total, 4, 5, 155560000000, 312219, 320668
linear-scan, 321577
-sort , 34868, 38
-merge, 20071, 38
-last , 907
read, 5, 171511808, 321919
network, 5, 197175

read-start, 6, 857559040, 171511808, 2636349
circular-read-start, 4, 6, 155560000000, 2636693
circular-read-total, 4, 6, 155560000000, 312159, 320598
linear-scan, 321318
-sort , 32038, 35
-merge, 18570, 35
-last , 719
read, 6, 171511808, 321662
network, 6, 197160

read-start, 7, 1029070848, 171511808, 3155211
circular-read-start, 4, 7, 155560000000, 3155554
circular-read-total, 4, 7, 155560000000, 312014, 320453
linear-scan, 321086
-sort , 28337, 31
-merge, 16486, 31
-last , 632
read, 7, 171511808, 321429
network, 7, 197341

read-start, 8, 1200582656, 171511808, 3674017
circular-read-start, 4, 8, 155560000000, 3674359
circular-read-total, 4, 8, 155560000000, 312092, 320480
linear-scan, 321406
-sort , 23204, 25
-merge, 13348, 25
-last , 925
read, 8, 171511808, 321748
network, 8, 195879

read-start, 9, 1372094464, 171511808, 4191648
circular-read-start, 4, 9, 155560000000, 4191991
circular-read-total, 4, 9, 155560000000, 312073, 320365
linear-scan, 321743
-sort , 14427, 15
-merge, 8092, 15
-last , 1377
read, 9, 171511808, 322086
network, 9, 195924

read-start, 10, 1543606272, 11993728, 4709700
circular-read-start, 4, 10, 155560000000, 4709724
circular-read-total, 4, 10, 155560000000, 312001, 320210
linear-scan, 320449
-sort , 943, 4
-merge, 189, 4
-last , 237
read, 10, 11993728, 320473
network, 10, 12630

exit, 5045096
