# Sun Sep 20 17:27:14 PDT 2015
memory, 32170233856
record-value, 112
seek-chunk, 171511808
file, 4, 1555600000

read-start, 1, 0, 171511808, 10760
circular-read-start, 4, 1, 155560000000, 12333
circular-read-total, 4, 1, 155560000000, 335398, 343639
linear-scan, 345014
-sort , 42388, 46
-merge, 24495, 46
-last , 1374
read, 1, 171511808, 346587
network, 1, 199416

read-start, 2, 171511808, 171511808, 556768
circular-read-start, 4, 2, 155560000000, 557115
circular-read-total, 4, 2, 155560000000, 312207, 321155
linear-scan, 321790
-sort , 41096, 45
-merge, 24314, 45
-last , 633
read, 2, 171511808, 322136
network, 2, 196686

read-start, 3, 343023616, 171511808, 1075622
circular-read-start, 4, 3, 155560000000, 1075967
circular-read-total, 4, 3, 155560000000, 312233, 321189
linear-scan, 321919
-sort , 39293, 43
-merge, 23186, 43
-last , 729
read, 3, 171511808, 322264
network, 3, 197266

read-start, 4, 514535424, 171511808, 1595192
circular-read-start, 4, 4, 155560000000, 1595548
circular-read-total, 4, 4, 155560000000, 312284, 321277
linear-scan, 321784
-sort , 37253, 41
-merge, 22043, 41
-last , 506
read, 4, 171511808, 322140
network, 4, 196522

read-start, 5, 686047232, 171511808, 2113858
circular-read-start, 4, 5, 155560000000, 2114201
circular-read-total, 4, 5, 155560000000, 312131, 321138
linear-scan, 322047
-sort , 35120, 38
-merge, 20864, 38
-last , 907
read, 5, 171511808, 322390
network, 5, 195837

read-start, 6, 857559040, 171511808, 2632120
circular-read-start, 4, 6, 155560000000, 2632467
circular-read-total, 4, 6, 155560000000, 312250, 321116
linear-scan, 321836
-sort , 32002, 35
-merge, 18764, 35
-last , 719
read, 6, 171511808, 322183
network, 6, 195829

read-start, 7, 1029070848, 171511808, 3150173
circular-read-start, 4, 7, 155560000000, 3150523
circular-read-total, 4, 7, 155560000000, 312179, 321026
linear-scan, 321657
-sort , 28333, 31
-merge, 16624, 31
-last , 629
read, 7, 171511808, 322007
network, 7, 198202

read-start, 8, 1200582656, 171511808, 3670422
circular-read-start, 4, 8, 155560000000, 3670778
circular-read-total, 4, 8, 155560000000, 312163, 320972
linear-scan, 321893
-sort , 23260, 25
-merge, 13548, 25
-last , 920
read, 8, 171511808, 322250
network, 8, 196562

read-start, 9, 1372094464, 171511808, 4189276
circular-read-start, 4, 9, 155560000000, 4189623
circular-read-total, 4, 9, 155560000000, 312035, 320781
linear-scan, 322148
-sort , 14296, 15
-merge, 8292, 15
-last , 1365
read, 9, 171511808, 322495
network, 9, 196638

read-start, 10, 1543606272, 11993728, 4708413
circular-read-start, 4, 10, 155560000000, 4708437
circular-read-total, 4, 10, 155560000000, 312087, 320804
linear-scan, 321037
-sort , 933, 4
-merge, 192, 4
-last , 232
read, 10, 11993728, 321060
network, 10, 9972

exit, 5041594
