# Sun Sep 20 17:27:14 PDT 2015
memory, 32170233856
record-value, 112
seek-chunk, 171511808
file, 4, 1555600000

read-start, 1, 0, 171511808, 8836
circular-read-start, 4, 1, 155560000000, 10419
circular-read-total, 4, 1, 155560000000, 334915, 343083
linear-scan, 344437
-sort , 42248, 46
-merge, 24115, 46
-last , 1353
read, 1, 171511808, 346021
network, 1, 199803

read-start, 2, 171511808, 171511808, 554690
circular-read-start, 4, 2, 155560000000, 555033
circular-read-total, 4, 2, 155560000000, 312107, 320456
linear-scan, 321092
-sort , 40620, 45
-merge, 23473, 45
-last , 635
read, 2, 171511808, 321434
network, 2, 196447

read-start, 3, 343023616, 171511808, 1072609
circular-read-start, 4, 3, 155560000000, 1072953
circular-read-total, 4, 3, 155560000000, 312094, 320584
linear-scan, 321313
-sort , 39129, 43
-merge, 22632, 43
-last , 727
read, 3, 171511808, 321656
network, 3, 199029

read-start, 4, 514535424, 171511808, 1593335
circular-read-start, 4, 4, 155560000000, 1593680
circular-read-total, 4, 4, 155560000000, 312057, 320403
linear-scan, 320909
-sort , 37119, 41
-merge, 21627, 41
-last , 505
read, 4, 171511808, 321255
network, 4, 196940

read-start, 5, 686047232, 171511808, 2111572
circular-read-start, 4, 5, 155560000000, 2111919
circular-read-total, 4, 5, 155560000000, 312003, 320301
linear-scan, 321217
-sort , 34732, 38
-merge, 20071, 38
-last , 915
read, 5, 171511808, 321564
network, 5, 195901

read-start, 6, 857559040, 171511808, 2629071
circular-read-start, 4, 6, 155560000000, 2629415
circular-read-total, 4, 6, 155560000000, 312074, 320300
linear-scan, 321020
-sort , 31952, 35
-merge, 18631, 35
-last , 718
read, 6, 171511808, 321363
network, 6, 197461

read-start, 7, 1029070848, 171511808, 3147928
circular-read-start, 4, 7, 155560000000, 3148270
circular-read-total, 4, 7, 155560000000, 312062, 320239
linear-scan, 320874
-sort , 28192, 31
-merge, 16417, 31
-last , 633
read, 7, 171511808, 321216
network, 7, 195056

read-start, 8, 1200582656, 171511808, 3664228
circular-read-start, 4, 8, 155560000000, 3664572
circular-read-total, 4, 8, 155560000000, 312009, 320156
linear-scan, 321089
-sort , 23165, 25
-merge, 13202, 25
-last , 932
read, 8, 171511808, 321432
network, 8, 200125

read-start, 9, 1372094464, 171511808, 4185816
circular-read-start, 4, 9, 155560000000, 4186162
circular-read-total, 4, 9, 155560000000, 311971, 319970
linear-scan, 321352
-sort , 14444, 15
-merge, 8102, 15
-last , 1381
read, 9, 171511808, 321698
network, 9, 196928

read-start, 10, 1543606272, 11993728, 4704488
circular-read-start, 4, 10, 155560000000, 4704512
circular-read-total, 4, 10, 155560000000, 311845, 319782
linear-scan, 320015
-sort , 949, 4
-merge, 196, 4
-last , 232
read, 10, 11993728, 320039
network, 10, 12625

exit, 5039689
