# Sun Sep 20 17:27:14 PDT 2015
memory, 32170233856
record-value, 112
seek-chunk, 171511808
file, 4, 1555600000

read-start, 1, 0, 171511808, 5493
circular-read-start, 4, 1, 155560000000, 7056
circular-read-total, 4, 1, 155560000000, 334412, 342967
linear-scan, 344327
-sort , 42268, 46
-merge, 24113, 46
-last , 1358
read, 1, 171511808, 345889
network, 1, 200003

read-start, 2, 171511808, 171511808, 551430
circular-read-start, 4, 2, 155560000000, 551775
circular-read-total, 4, 2, 155560000000, 312705, 322034
linear-scan, 322676
-sort , 40901, 45
-merge, 23552, 45
-last , 640
read, 2, 171511808, 323020
network, 2, 195826

read-start, 3, 343023616, 171511808, 1070312
circular-read-start, 4, 3, 155560000000, 1070657
circular-read-total, 4, 3, 155560000000, 312859, 322569
linear-scan, 323294
-sort , 39328, 43
-merge, 22663, 43
-last , 724
read, 3, 171511808, 323639
network, 3, 195736

read-start, 4, 514535424, 171511808, 1589725
circular-read-start, 4, 4, 155560000000, 1590070
circular-read-total, 4, 4, 155560000000, 312584, 321864
linear-scan, 322370
-sort , 37191, 41
-merge, 21664, 41
-last , 505
read, 4, 171511808, 322715
network, 4, 195795

read-start, 5, 686047232, 171511808, 2108283
circular-read-start, 4, 5, 155560000000, 2108629
circular-read-total, 4, 5, 155560000000, 312562, 321895
linear-scan, 322798
-sort , 34709, 38
-merge, 20071, 38
-last , 902
read, 5, 171511808, 323145
network, 5, 195933

read-start, 6, 857559040, 171511808, 2627386
circular-read-start, 4, 6, 155560000000, 2627730
circular-read-total, 4, 6, 155560000000, 312540, 321897
linear-scan, 322620
-sort , 32017, 35
-merge, 18461, 35
-last , 721
read, 6, 171511808, 322964
network, 6, 195830

read-start, 7, 1029070848, 171511808, 3146404
circular-read-start, 4, 7, 155560000000, 3146751
circular-read-total, 4, 7, 155560000000, 312467, 321793
linear-scan, 322427
-sort , 28347, 31
-merge, 16358, 31
-last , 633
read, 7, 171511808, 322774
network, 7, 195848

read-start, 8, 1200582656, 171511808, 3665062
circular-read-start, 4, 8, 155560000000, 3665406
circular-read-total, 4, 8, 155560000000, 312395, 321698
linear-scan, 322636
-sort , 23144, 25
-merge, 13293, 25
-last , 937
read, 8, 171511808, 322981
network, 8, 195898

read-start, 9, 1372094464, 171511808, 4183946
circular-read-start, 4, 9, 155560000000, 4184291
circular-read-total, 4, 9, 155560000000, 312228, 321483
linear-scan, 322888
-sort , 14387, 15
-merge, 8058, 15
-last , 1404
read, 9, 171511808, 323233
network, 9, 195854

read-start, 10, 1543606272, 11993728, 4703063
circular-read-start, 4, 10, 155560000000, 4703088
circular-read-total, 4, 10, 155560000000, 311888, 321158
linear-scan, 321391
-sort , 945, 4
-merge, 188, 4
-last , 232
read, 10, 11993728, 321415
network, 10, 10044

exit, 5036145
