# Sun Sep 20 17:27:14 PDT 2015
memory, 32170233856
record-value, 112
seek-chunk, 171511808
file, 4, 1555600000

read-start, 1, 0, 171511808, 3820
circular-read-start, 4, 1, 155560000000, 5415
circular-read-total, 4, 1, 155560000000, 339047, 347230
linear-scan, 348601
-sort , 42384, 46
-merge, 24171, 46
-last , 1370
read, 1, 171511808, 350196
network, 1, 195802

read-start, 2, 171511808, 171511808, 549852
circular-read-start, 4, 2, 155560000000, 550197
circular-read-total, 4, 2, 155560000000, 312343, 320989
linear-scan, 321631
-sort , 40926, 45
-merge, 23680, 45
-last , 642
read, 2, 171511808, 321976
network, 2, 196844

read-start, 3, 343023616, 171511808, 1068714
circular-read-start, 4, 3, 155560000000, 1069061
circular-read-total, 4, 3, 155560000000, 312454, 321106
linear-scan, 321843
-sort , 39154, 43
-merge, 22633, 43
-last , 736
read, 3, 171511808, 322189
network, 3, 197458

read-start, 4, 514535424, 171511808, 1588366
circular-read-start, 4, 4, 155560000000, 1588736
circular-read-total, 4, 4, 155560000000, 312665, 321587
linear-scan, 322102
-sort , 37248, 41
-merge, 22038, 41
-last , 514
read, 4, 171511808, 322472
network, 4, 196429

read-start, 5, 686047232, 171511808, 2107283
circular-read-start, 4, 5, 155560000000, 2107633
circular-read-total, 4, 5, 155560000000, 312500, 321358
linear-scan, 322275
-sort , 34864, 38
-merge, 20164, 38
-last , 915
read, 5, 171511808, 322625
network, 5, 196303

read-start, 6, 857559040, 171511808, 2626240
circular-read-start, 4, 6, 155560000000, 2626586
circular-read-total, 4, 6, 155560000000, 312511, 321507
linear-scan, 322228
-sort , 32131, 35
-merge, 18744, 35
-last , 719
read, 6, 171511808, 322573
network, 6, 196075

read-start, 7, 1029070848, 171511808, 3144892
circular-read-start, 4, 7, 155560000000, 3145238
circular-read-total, 4, 7, 155560000000, 312488, 321259
linear-scan, 321891
-sort , 28491, 31
-merge, 16466, 31
-last , 631
read, 7, 171511808, 322237
network, 7, 196677

read-start, 8, 1200582656, 171511808, 3663832
circular-read-start, 4, 8, 155560000000, 3664179
circular-read-total, 4, 8, 155560000000, 312358, 321149
linear-scan, 322076
-sort , 23269, 25
-merge, 13418, 25
-last , 925
read, 8, 171511808, 322423
network, 8, 196110

read-start, 9, 1372094464, 171511808, 4182401
circular-read-start, 4, 9, 155560000000, 4182745
circular-read-total, 4, 9, 155560000000, 312262, 320923
linear-scan, 322292
-sort , 14470, 15
-merge, 8135, 15
-last , 1368
read, 9, 171511808, 322636
network, 9, 196554

read-start, 10, 1543606272, 11993728, 4701633
circular-read-start, 4, 10, 155560000000, 4701657
circular-read-total, 4, 10, 155560000000, 312161, 320814
linear-scan, 321049
-sort , 942, 4
-merge, 190, 4
-last , 234
read, 10, 11993728, 321073
network, 10, 11781

exit, 5034773
