# Thu Sep 10 16:32:32 PDT 2015
record-value, 96
seek-chunk, 1595288049
file, 4, 655360000
file, 5, 655360000
file, 6, 655360000
file, 7, 655360000
file, 8, 655360000
file, 9, 655360000
file, 10, 655360000
file, 11, 655360000

read-start, 1, 0, 1422549852, 2036
linear-scan-start, 1422549852, 101610703
circular-read-start, 7, 1, 65536000000, 17006
circular-read-start, 4, 1, 65536000000, 17006
circular-read-start, 8, 1, 65536000000, 17006
circular-read-start, 5, 1, 65536000000, 17006
circular-read-start, 9, 1, 65536000000, 17006
circular-read-start, 6, 1, 65536000000, 17006
circular-read-start, 10, 1, 65536000000, 17006
circular-read-start, 11, 1, 65536000000, 17007
circular-read-total, 10, 1, 65536000000, 168150, 278416
circular-read-total, 4, 1, 65536000000, 168074, 279277
circular-read-total, 6, 1, 65536000000, 170055, 279488
circular-read-total, 9, 1, 65536000000, 167507, 279655
circular-read-total, 8, 1, 65536000000, 167536, 279716
circular-read-total, 5, 1, 65536000000, 168758, 280150
circular-read-total, 7, 1, 65536000000, 172856, 280549
circular-read-total, 11, 1, 65536000000, 170024, 281401
linear-scan, 285715, 1422549852
-sort , 74469, 33
-merge, 96601, 33
-last , 4005
read, 1, 1422549852, 300684
network, 1, 231625

read-start, 2, 1422549852, 1422549852, 534354
linear-scan-start, 1422549852, 101610703
circular-read-start, 6, 2, 65536000000, 537658
circular-read-start, 8, 2, 65536000000, 537658
circular-read-start, 4, 2, 65536000000, 537658
circular-read-start, 5, 2, 65536000000, 537658
circular-read-start, 7, 2, 65536000000, 537658
circular-read-start, 10, 2, 65536000000, 537658
circular-read-start, 11, 2, 65536000000, 537658
circular-read-start, 9, 2, 65536000000, 537658
duplicate-rec, 2, 4574edf1faddeebb5b7a
circular-read-total, 5, 2, 65536000000, 157609, 256212
circular-read-total, 8, 2, 65536000000, 155138, 257433
circular-read-total, 7, 2, 65536000000, 157585, 257722
circular-read-total, 10, 2, 65536000000, 160099, 258166
circular-read-total, 9, 2, 65536000000, 157768, 259397
circular-read-total, 11, 2, 65536000000, 161962, 259626
circular-read-total, 4, 2, 65536000000, 163437, 259878
circular-read-total, 6, 2, 65536000000, 160434, 260242
linear-scan, 264749, 1422549852
-sort , 62351, 29
-merge, 80997, 29
-last , 2268
read, 2, 1422549852, 268053
network, 2, 240444

read-start, 3, 2845099704, 1422549852, 1042864
linear-scan-start, 1422549852, 101610703
circular-read-start, 5, 3, 65536000000, 1046888
circular-read-start, 7, 3, 65536000000, 1046888
circular-read-start, 9, 3, 65536000000, 1046888
circular-read-start, 11, 3, 65536000000, 1046888
circular-read-start, 8, 3, 65536000000, 1046888
circular-read-start, 4, 3, 65536000000, 1046888
circular-read-start, 10, 3, 65536000000, 1046888
circular-read-start, 6, 3, 65536000000, 1046888
duplicate-rec, 1, 8aeae0b2069f969b56ef
circular-read-total, 9, 3, 65536000000, 164214, 209894
circular-read-total, 8, 3, 65536000000, 166959, 210388
circular-read-total, 7, 3, 65536000000, 161090, 211035
circular-read-total, 5, 3, 65536000000, 166963, 211724
circular-read-total, 4, 3, 65536000000, 172164, 212623
circular-read-total, 11, 3, 65536000000, 177615, 213217
circular-read-total, 6, 3, 65536000000, 175038, 213496
circular-read-total, 10, 3, 65536000000, 175174, 215025
linear-scan, 218176, 1422549852
-sort , 49500, 22
-merge, 69270, 22
-last , 2932
read, 3, 1422549852, 222201
network, 3, 239083

read-start, 4, 4267649556, 975230444, 1504159
linear-scan-start, 975230444, 101610703
circular-read-start, 5, 4, 65536000000, 1506607
circular-read-start, 7, 4, 65536000000, 1506607
circular-read-start, 11, 4, 65536000000, 1506607
circular-read-start, 9, 4, 65536000000, 1506607
circular-read-start, 8, 4, 65536000000, 1506607
circular-read-start, 10, 4, 65536000000, 1506607
circular-read-start, 6, 4, 65536000000, 1506607
circular-read-start, 4, 4, 65536000000, 1506607
duplicate-rec, 1, d061679a9e56dd9bb80e
circular-read-total, 9, 4, 65536000000, 159679, 171486
circular-read-total, 8, 4, 65536000000, 157565, 172451
circular-read-total, 7, 4, 65536000000, 161168, 173409
circular-read-total, 4, 4, 65536000000, 162604, 173452
circular-read-total, 11, 4, 65536000000, 170706, 173781
circular-read-total, 5, 4, 65536000000, 170132, 174462
circular-read-total, 10, 4, 65536000000, 163361, 174630
circular-read-total, 6, 4, 65536000000, 166410, 175564
linear-scan, 178366, 975230444
-sort , 23033, 10
-merge, 29025, 10
-last , 2570
read, 4, 975230444, 180815
network, 4, 157875

exit, 1843003
