# Thu Oct 22 12:11:40 PDT 2015
# 1, 5, 0, first
connect: Connection refused
# Thu Oct 22 12:14:28 PDT 2015
# 1, 5, 0, first
max-chunk, 3, 1, 137773447, 0
chunk-size, 137773447, 20908
disks, 1

read-start, 3, 1, 0, 1, 61
read-wait, 3, 1, 0
read, 3, 1, 0, 1, 7255

first, 000001146232ad3e47bd
cmd-first, 7255
# Thu Oct 22 12:48:37 PDT 2015
# 10, 1400, 0, read
max-chunk, 3, 1, 137773447, 0
chunk-size, 137773447, 2090
disks, 1

size, 3, 2, 1400000000, 0
size, 4, 1, 1400000000, 0
size, 5, 1, 1400000000, 0
size, 6, 1, 1400000000, 0
size, 7, 1, 1400000000, 0
size, 8, 1, 1400000000, 0
size, 9, 1, 1400000000, 0
size, 10, 1, 1400000000, 0
size, 11, 1, 1400000000, 0
size, 12, 1, 1400000000, 0


read-start, 3, 1, 0, 137773447, 58
read-start, 4, 1, 0, 137773447, 58
read-start, 5, 1, 0, 137773447, 58
read-start, 6, 1, 0, 137773447, 58
read-start, 7, 1, 0, 137773447, 58
read-start, 8, 1, 0, 137773447, 58
read-start, 9, 1, 0, 137773447, 58
read-start, 10, 1, 0, 137773447, 58
read-start, 11, 1, 0, 137773447, 58
read-start, 12, 1, 0, 137773447, 59
read-wait, 3, 1, 0
read, 3, 1, 0, 137773447, 193604
circular-read-start, 3, 1, 13777344700, 193663
read-wait, 4, 1, 193798
read, 4, 1, 0, 137773447, 207875
circular-read-start, 4, 1, 13777344700, 207934
read-wait, 5, 1, 208070
read, 5, 1, 0, 137773447, 208070
circular-read-start, 5, 1, 13777344700, 208129
read-wait, 6, 1, 208073
read, 6, 1, 0, 137773447, 208073
circular-read-start, 6, 1, 13777344700, 208132
read-wait, 7, 1, 208077
read, 7, 1, 0, 137773447, 208077
circular-read-start, 7, 1, 13777344700, 208136
read-wait, 8, 1, 208081
read, 8, 1, 0, 137773447, 243798
circular-read-start, 8, 1, 13777344700, 243857
read-wait, 9, 1, 244000
read, 9, 1, 0, 137773447, 244000
circular-read-start, 9, 1, 13777344700, 244059
read-wait, 10, 1, 244003
read, 10, 1, 0, 137773447, 244003
circular-read-start, 10, 1, 13777344700, 244062
read-wait, 11, 1, 244007
read, 11, 1, 0, 137773447, 244007
circular-read-start, 11, 1, 13777344700, 244066
read-wait, 12, 1, 244011
read, 12, 1, 0, 137773447, 244011
circular-read-start, 12, 1, 13777344700, 244070
read-start, 12, 2, 137773447, 137773447, 327693
circular-read-total, 12, 1, 13777344700, 9613, 83633
read-start, 11, 2, 137773447, 137773447, 330306
circular-read-total, 11, 1, 13777344700, 8155, 86241
read-start, 6, 2, 137773447, 137773447, 331997
circular-read-total, 6, 1, 13777344700, 7616, 123872
read-start, 8, 2, 137773447, 137773447, 332710
circular-read-total, 8, 1, 13777344700, 10632, 88855
read-start, 3, 2, 137773447, 137773447, 334740
circular-read-total, 3, 1, 13777344700, 5462, 141083
read-start, 7, 2, 137773447, 137773447, 335091
circular-read-total, 7, 1, 13777344700, 6935, 126961
read-start, 10, 2, 137773447, 137773447, 335401
circular-read-total, 10, 1, 13777344700, 9208, 91344
read-start, 9, 2, 137773447, 137773447, 335473
circular-read-total, 9, 1, 13777344700, 8562, 91422
read-start, 5, 2, 137773447, 137773447, 336692
circular-read-total, 5, 1, 13777344700, 6159, 128571
read-start, 4, 2, 137773447, 137773447, 337628
circular-read-total, 4, 1, 13777344700, 7372, 129701
read-wait, 9, 2, 16553
read, 9, 2, 137773447, 137773447, 213904
circular-read-start, 9, 2, 13777344700, 549378
read-wait, 7, 2, 214464
read, 7, 2, 137773447, 137773447, 214464
circular-read-start, 7, 2, 13777344700, 549556
read-wait, 5, 2, 212872
read, 5, 2, 137773447, 137773447, 212872
circular-read-start, 5, 2, 13777344700, 549565
read-wait, 12, 2, 221875
read, 12, 2, 137773447, 137773447, 221875
circular-read-start, 12, 2, 13777344700, 549569
read-wait, 6, 2, 217576
read, 6, 2, 137773447, 137773447, 217576
circular-read-start, 6, 2, 13777344700, 549573
read-wait, 4, 2, 211949
read, 4, 2, 137773447, 137773447, 214490
circular-read-start, 4, 2, 13777344700, 552119
read-wait, 10, 2, 216905
read, 10, 2, 137773447, 137773447, 216905
circular-read-start, 10, 2, 13777344700, 552306
read-wait, 8, 2, 219597
read, 8, 2, 137773447, 137773447, 240166
circular-read-start, 8, 2, 13777344700, 572877
read-wait, 11, 2, 242753
read, 11, 2, 137773447, 137773447, 242753
circular-read-start, 11, 2, 13777344700, 573060
read-wait, 3, 2, 238321
read, 3, 2, 137773447, 137773447, 238321
circular-read-start, 3, 2, 13777344700, 573062
read-start, 11, 3, 275546894, 137773447, 649211
circular-read-total, 11, 2, 13777344700, 2038, 76165
read-start, 12, 3, 275546894, 137773447, 651939
circular-read-total, 12, 2, 13777344700, 915, 102386
read-start, 8, 3, 275546894, 137773447, 656101
circular-read-total, 8, 2, 13777344700, 2748, 83232
read-start, 10, 3, 275546894, 137773447, 656622
circular-read-total, 10, 2, 13777344700, 1318, 104323
read-start, 7, 3, 275546894, 137773447, 659550
circular-read-total, 7, 2, 13777344700, 3789, 110000
read-start, 6, 3, 275546894, 137773447, 660756
circular-read-total, 6, 2, 13777344700, 3125, 111190
read-start, 3, 3, 275546894, 137773447, 660879
circular-read-total, 3, 2, 13777344700, 2016, 87827
read-start, 9, 3, 275546894, 137773447, 661642
circular-read-total, 9, 2, 13777344700, 3925, 112280
read-start, 5, 3, 275546894, 137773447, 662280
circular-read-total, 5, 2, 13777344700, 2889, 112721
read-start, 4, 3, 275546894, 137773447, 662886
circular-read-total, 4, 2, 13777344700, 3310, 110771
read-wait, 9, 3, 15391
read, 9, 3, 275546894, 137773447, 208210
circular-read-start, 9, 3, 13777344700, 869853
read-wait, 7, 3, 210480
read, 7, 3, 275546894, 137773447, 210480
circular-read-start, 7, 3, 13777344700, 870031
read-wait, 8, 3, 213934
read, 8, 3, 275546894, 137773447, 213934
circular-read-start, 8, 3, 13777344700, 870036
read-wait, 5, 3, 207759
read, 5, 3, 275546894, 137773447, 207759
circular-read-start, 5, 3, 13777344700, 870039
read-wait, 6, 3, 209286
read, 6, 3, 275546894, 137773447, 209286
circular-read-start, 6, 3, 13777344700, 870043
read-wait, 10, 3, 213426
read, 10, 3, 275546894, 137773447, 213426
circular-read-start, 10, 3, 13777344700, 870048
read-wait, 12, 3, 218114
read, 12, 3, 275546894, 137773447, 218114
circular-read-start, 12, 3, 13777344700, 870054
read-wait, 4, 3, 207175
read, 4, 3, 275546894, 137773447, 214221
circular-read-start, 4, 3, 13777344700, 877107
read-wait, 3, 3, 216409
read, 3, 3, 275546894, 137773447, 216409
circular-read-start, 3, 3, 13777344700, 877289
read-wait, 11, 3, 228097
read, 11, 3, 275546894, 137773447, 228097
circular-read-start, 11, 3, 13777344700, 877309
read-start, 12, 4, 413320341, 137773447, 956858
circular-read-total, 12, 3, 13777344700, 809, 86816
read-start, 11, 4, 413320341, 137773447, 960575
circular-read-total, 11, 3, 13777344700, 2229, 83279
read-start, 8, 4, 413320341, 137773447, 960818
circular-read-total, 8, 3, 13777344700, 1953, 90792
read-start, 10, 4, 413320341, 137773447, 964404
circular-read-total, 10, 3, 13777344700, 1497, 94364
read-start, 5, 4, 413320341, 137773447, 964581
circular-read-total, 5, 3, 13777344700, 2272, 94548
read-start, 7, 4, 413320341, 137773447, 965448
circular-read-total, 7, 3, 13777344700, 2365, 95424
read-start, 6, 4, 413320341, 137773447, 967897
circular-read-total, 6, 3, 13777344700, 1889, 97862
read-start, 9, 4, 413320341, 137773447, 968743
circular-read-total, 9, 3, 13777344700, 2819, 98899
read-start, 3, 4, 413320341, 137773447, 969310
circular-read-total, 3, 3, 13777344700, 2931, 92026
read-start, 4, 4, 413320341, 137773447, 971359
circular-read-total, 4, 3, 13777344700, 3395, 94257
read-wait, 5, 4, 18173
read, 5, 4, 413320341, 137773447, 195664
circular-read-start, 5, 4, 13777344700, 1160246
read-wait, 10, 4, 196018
read, 10, 4, 413320341, 137773447, 205062
circular-read-start, 10, 4, 13777344700, 1169466
read-wait, 6, 4, 201746
read, 6, 4, 413320341, 137773447, 204914
circular-read-start, 6, 4, 13777344700, 1172812
read-wait, 9, 4, 204238
read, 9, 4, 413320341, 137773447, 205574
circular-read-start, 9, 4, 13777344700, 1174318
read-wait, 7, 4, 209049
read, 7, 4, 413320341, 137773447, 209049
circular-read-start, 7, 4, 13777344700, 1174498
read-wait, 12, 4, 217646
read, 12, 4, 413320341, 137773447, 217646
circular-read-start, 12, 4, 13777344700, 1174505
read-wait, 8, 4, 213702
read, 8, 4, 413320341, 137773447, 213702
circular-read-start, 8, 4, 13777344700, 1174521
read-wait, 3, 4, 205221
read, 3, 4, 413320341, 137773447, 205221
circular-read-start, 3, 4, 13777344700, 1174532
read-wait, 11, 4, 213965
read, 11, 4, 413320341, 137773447, 213965
circular-read-start, 11, 4, 13777344700, 1174541
read-wait, 4, 4, 203187
read, 4, 4, 413320341, 137773447, 207885
circular-read-start, 4, 4, 13777344700, 1179245
read-start, 11, 5, 551093788, 137773447, 1253815
circular-read-total, 11, 4, 13777344700, 608, 79287
read-start, 10, 5, 551093788, 137773447, 1261810
circular-read-total, 10, 4, 13777344700, 1522, 92353
read-start, 9, 5, 551093788, 137773447, 1264153
circular-read-total, 9, 4, 13777344700, 2489, 89845
read-start, 8, 5, 551093788, 137773447, 1265013
circular-read-total, 8, 4, 13777344700, 2377, 90501
read-start, 12, 5, 551093788, 137773447, 1265543
circular-read-total, 12, 4, 13777344700, 1464, 91039
read-start, 3, 5, 551093788, 137773447, 1266842
circular-read-total, 3, 4, 13777344700, 4407, 92314
read-start, 4, 5, 551093788, 137773447, 1267642
circular-read-total, 4, 4, 13777344700, 3162, 88403
read-start, 6, 5, 551093788, 137773447, 1268838
circular-read-total, 6, 4, 13777344700, 2954, 96032
read-start, 5, 5, 551093788, 137773447, 1270771
circular-read-total, 5, 4, 13777344700, 2653, 110538
read-start, 7, 5, 551093788, 137773447, 1271056
circular-read-total, 7, 4, 13777344700, 3771, 96564
read-wait, 7, 5, 11726
read, 7, 5, 551093788, 137773447, 195642
circular-read-start, 7, 5, 13777344700, 1466699
read-wait, 9, 5, 202728
read, 9, 5, 551093788, 137773447, 202728
circular-read-start, 9, 5, 13777344700, 1466882
read-wait, 5, 5, 196115
read, 5, 5, 551093788, 137773447, 196115
circular-read-start, 5, 5, 13777344700, 1466887
read-wait, 10, 5, 205086
read, 10, 5, 551093788, 137773447, 205086
circular-read-start, 10, 5, 13777344700, 1466897
read-wait, 6, 5, 198063
read, 6, 5, 551093788, 137773447, 200836
circular-read-start, 6, 5, 13777344700, 1469674
read-wait, 12, 5, 204309
read, 12, 5, 551093788, 137773447, 204309
circular-read-start, 12, 5, 13777344700, 1469852
read-wait, 8, 5, 204845
read, 8, 5, 551093788, 137773447, 204845
circular-read-start, 8, 5, 13777344700, 1469858
read-wait, 3, 5, 203019
read, 3, 5, 551093788, 137773447, 203019
circular-read-start, 3, 5, 13777344700, 1469861
read-wait, 4, 5, 202227
read, 4, 5, 551093788, 137773447, 202227
circular-read-start, 4, 5, 13777344700, 1469870
read-wait, 11, 5, 216063
read, 11, 5, 551093788, 137773447, 216063
circular-read-start, 11, 5, 13777344700, 1469879
read-start, 12, 6, 688867235, 137773447, 1550535
circular-read-total, 12, 5, 13777344700, 742, 80695
read-start, 8, 6, 688867235, 137773447, 1556569
circular-read-total, 8, 5, 13777344700, 1775, 86720
read-start, 3, 6, 688867235, 137773447, 1557725
circular-read-total, 3, 5, 13777344700, 3831, 87871
read-start, 10, 6, 688867235, 137773447, 1557779
circular-read-total, 10, 5, 13777344700, 1954, 90891
read-start, 11, 6, 688867235, 137773447, 1558044
circular-read-total, 11, 5, 13777344700, 1143, 88172
read-start, 6, 6, 688867235, 137773447, 1561353
circular-read-total, 6, 5, 13777344700, 3576, 91687
read-start, 7, 6, 688867235, 137773447, 1562581
circular-read-total, 7, 5, 13777344700, 3500, 95888
read-start, 5, 6, 688867235, 137773447, 1562687
circular-read-total, 5, 5, 13777344700, 3126, 95807
read-start, 9, 6, 688867235, 137773447, 1563707
circular-read-total, 9, 5, 13777344700, 3141, 96829
read-start, 4, 6, 688867235, 137773447, 1564180
circular-read-total, 4, 5, 13777344700, 2532, 94317
read-wait, 7, 6, 13560
read, 7, 6, 688867235, 137773447, 195416
circular-read-start, 7, 6, 13777344700, 1757997
read-wait, 9, 6, 194475
read, 9, 6, 688867235, 137773447, 200839
circular-read-start, 9, 6, 13777344700, 1764546
read-wait, 6, 6, 203379
read, 6, 6, 688867235, 137773447, 203379
circular-read-start, 6, 6, 13777344700, 1764732
read-wait, 10, 6, 206963
read, 10, 6, 688867235, 137773447, 206963
circular-read-start, 10, 6, 13777344700, 1764743
read-wait, 8, 6, 208176
read, 8, 6, 688867235, 137773447, 208176
circular-read-start, 8, 6, 13777344700, 1764745
read-wait, 12, 6, 214218
read, 12, 6, 688867235, 137773447, 214218
circular-read-start, 12, 6, 13777344700, 1764753
read-wait, 5, 6, 202068
read, 5, 6, 688867235, 137773447, 202068
circular-read-start, 5, 6, 13777344700, 1764756
read-wait, 11, 6, 206720
read, 11, 6, 688867235, 137773447, 206720
circular-read-start, 11, 6, 13777344700, 1764764
read-wait, 3, 6, 207042
read, 3, 6, 688867235, 137773447, 207042
circular-read-start, 3, 6, 13777344700, 1764767
read-wait, 4, 6, 200593
read, 4, 6, 688867235, 137773447, 202557
circular-read-start, 4, 6, 13777344700, 1766737
read-start, 12, 7, 826640682, 137773447, 1844114
circular-read-total, 12, 6, 13777344700, 1073, 79366
read-start, 11, 7, 826640682, 137773447, 1848344
circular-read-total, 11, 6, 13777344700, 661, 83591
read-start, 9, 7, 826640682, 137773447, 1850324
circular-read-total, 9, 6, 13777344700, 3085, 85779
read-start, 8, 7, 826640682, 137773447, 1850381
circular-read-total, 8, 6, 13777344700, 1844, 85645
read-start, 10, 7, 826640682, 137773447, 1850401
circular-read-total, 10, 6, 13777344700, 1642, 85668
read-start, 3, 7, 826640682, 137773447, 1852900
circular-read-total, 3, 6, 13777344700, 2989, 88139
read-start, 6, 7, 826640682, 137773447, 1853657
circular-read-total, 6, 6, 13777344700, 3125, 88930
read-start, 5, 7, 826640682, 137773447, 1855412
circular-read-total, 5, 6, 13777344700, 2579, 90663
read-start, 7, 7, 826640682, 137773447, 1855505
circular-read-total, 7, 6, 13777344700, 2143, 97509
read-start, 4, 7, 826640682, 137773447, 1857858
circular-read-total, 4, 6, 13777344700, 2376, 91120
read-wait, 7, 7, 14803
read, 7, 7, 826640682, 137773447, 194987
circular-read-start, 7, 7, 13777344700, 2050492
read-wait, 9, 7, 200353
read, 9, 7, 826640682, 137773447, 200353
circular-read-start, 9, 7, 13777344700, 2050678
read-wait, 10, 7, 200323
read, 10, 7, 826640682, 137773447, 200324
circular-read-start, 10, 7, 13777344700, 2050725
read-wait, 6, 7, 197070
read, 6, 7, 826640682, 137773447, 201782
circular-read-start, 6, 7, 13777344700, 2055439
read-wait, 12, 7, 211503
read, 12, 7, 826640682, 137773447, 211503
circular-read-start, 12, 7, 13777344700, 2055618
read-wait, 8, 7, 205259
read, 8, 7, 826640682, 137773447, 205259
circular-read-start, 8, 7, 13777344700, 2055640
read-wait, 5, 7, 200229
read, 5, 7, 826640682, 137773447, 200230
circular-read-start, 5, 7, 13777344700, 2055642
read-wait, 11, 7, 207308
read, 11, 7, 826640682, 137773447, 207308
circular-read-start, 11, 7, 13777344700, 2055653
read-wait, 4, 7, 197797
read, 4, 7, 826640682, 137773447, 200736
circular-read-start, 4, 7, 13777344700, 2058594
read-wait, 3, 7, 205924
read, 3, 7, 826640682, 137773447, 205924
circular-read-start, 3, 7, 13777344700, 2058825
read-start, 11, 8, 964414129, 137773447, 2138296
circular-read-total, 11, 7, 13777344700, 1076, 82655
read-start, 8, 8, 964414129, 137773447, 2141545
circular-read-total, 8, 7, 13777344700, 2903, 85915
read-start, 12, 8, 964414129, 137773447, 2141624
circular-read-total, 12, 7, 13777344700, 1438, 86000
read-start, 10, 8, 964414129, 137773447, 2144436
circular-read-total, 10, 7, 13777344700, 2425, 93724
read-start, 7, 8, 964414129, 137773447, 2146559
circular-read-total, 7, 7, 13777344700, 3921, 96074
read-start, 4, 8, 964414129, 137773447, 2146717
circular-read-total, 4, 7, 13777344700, 3396, 88123
read-start, 3, 8, 964414129, 137773447, 2146795
circular-read-total, 3, 7, 13777344700, 3233, 87970
read-start, 6, 8, 964414129, 137773447, 2147372
circular-read-total, 6, 7, 13777344700, 1282, 91941
read-start, 9, 8, 964414129, 137773447, 2147799
circular-read-total, 9, 7, 13777344700, 3578, 97121
read-start, 5, 8, 964414129, 137773447, 2150360
circular-read-total, 5, 7, 13777344700, 2744, 94722
read-wait, 7, 8, 16951
read, 7, 8, 964414129, 137773447, 195011
circular-read-start, 7, 8, 13777344700, 2341570
read-wait, 9, 8, 193957
read, 9, 8, 964414129, 137773447, 200186
circular-read-start, 9, 8, 13777344700, 2347986
read-wait, 10, 8, 203728
read, 10, 8, 964414129, 137773447, 203728
circular-read-start, 10, 8, 13777344700, 2348164
read-wait, 8, 8, 206621
read, 8, 8, 964414129, 137773447, 206621
circular-read-start, 8, 8, 13777344700, 2348167
read-wait, 6, 8, 200797
read, 6, 8, 964414129, 137773447, 201530
circular-read-start, 6, 8, 13777344700, 2348903
read-wait, 12, 8, 207456
read, 12, 8, 964414129, 137773447, 207456
circular-read-start, 12, 8, 13777344700, 2349081
read-wait, 11, 8, 210795
read, 11, 8, 964414129, 137773447, 210795
circular-read-start, 11, 8, 13777344700, 2349092
read-wait, 5, 8, 198735
read, 5, 8, 964414129, 137773447, 198735
circular-read-start, 5, 8, 13777344700, 2349096
read-wait, 4, 8, 202382
read, 4, 8, 964414129, 137773447, 202382
circular-read-start, 4, 8, 13777344700, 2349100
read-wait, 3, 8, 202320
read, 3, 8, 964414129, 137773447, 202320
circular-read-start, 3, 8, 13777344700, 2349115
read-start, 10, 9, 1102187576, 137773447, 2433315
circular-read-total, 10, 8, 13777344700, 1925, 85159
read-start, 8, 9, 1102187576, 137773447, 2433922
circular-read-total, 8, 8, 13777344700, 2916, 85766
read-start, 12, 9, 1102187576, 137773447, 2435446
circular-read-total, 12, 8, 13777344700, 1258, 86371
read-start, 3, 9, 1102187576, 137773447, 2436919
circular-read-total, 3, 8, 13777344700, 2012, 87805
read-start, 7, 9, 1102187576, 137773447, 2438517
circular-read-total, 7, 8, 13777344700, 2644, 96952
read-start, 11, 9, 1102187576, 137773447, 2439072
circular-read-total, 11, 8, 13777344700, 503, 89988
read-start, 5, 9, 1102187576, 137773447, 2441356
circular-read-total, 5, 8, 13777344700, 2234, 92269
read-start, 4, 9, 1102187576, 137773447, 2441986
circular-read-total, 4, 8, 13777344700, 2958, 92893
read-start, 6, 9, 1102187576, 137773447, 2444495
circular-read-total, 6, 8, 13777344700, 2544, 95595
read-start, 9, 9, 1102187576, 137773447, 2444511
circular-read-total, 9, 8, 13777344700, 3180, 96529
read-wait, 7, 9, 15751
read, 7, 9, 1102187576, 137773447, 194364
circular-read-start, 7, 9, 13777344700, 2632881
read-wait, 10, 9, 199748
read, 10, 9, 1102187576, 137773447, 200198
circular-read-start, 10, 9, 13777344700, 2633513
read-wait, 9, 9, 189177
read, 9, 9, 1102187576, 137773447, 199557
circular-read-start, 9, 9, 13777344700, 2644068
read-wait, 8, 9, 210334
read, 8, 9, 1102187576, 137773447, 218244
circular-read-start, 8, 9, 13777344700, 2652166
read-wait, 11, 9, 213289
read, 11, 9, 1102187576, 137773447, 213289
circular-read-start, 11, 9, 13777344700, 2652362
read-wait, 6, 9, 207870
read, 6, 9, 1102187576, 137773447, 207870
circular-read-start, 6, 9, 13777344700, 2652365
read-wait, 12, 9, 216926
read, 12, 9, 1102187576, 137773447, 216926
circular-read-start, 12, 9, 13777344700, 2652373
read-wait, 4, 9, 210393
read, 4, 9, 1102187576, 137773447, 210393
circular-read-start, 4, 9, 13777344700, 2652379
read-wait, 5, 9, 211025
read, 5, 9, 1102187576, 137773447, 211025
circular-read-start, 5, 9, 13777344700, 2652381
read-wait, 3, 9, 215485
read, 3, 9, 1102187576, 137773447, 215485
circular-read-start, 3, 9, 13777344700, 2652405
read-start, 11, 10, 1239961023, 137773447, 2733727
circular-read-total, 11, 9, 13777344700, 1680, 81376
read-start, 8, 10, 1239961023, 137773447, 2738174
circular-read-total, 8, 9, 13777344700, 4097, 86009
read-start, 10, 10, 1239961023, 137773447, 2738336
circular-read-total, 10, 9, 13777344700, 2798, 104832
read-start, 12, 10, 1239961023, 137773447, 2739028
circular-read-total, 12, 9, 13777344700, 2011, 86662
read-start, 6, 10, 1239961023, 137773447, 2739124
circular-read-total, 6, 9, 13777344700, 3566, 86764
read-start, 5, 10, 1239961023, 137773447, 2739249
circular-read-total, 5, 9, 13777344700, 3415, 86873
read-start, 9, 10, 1239961023, 137773447, 2739346
circular-read-total, 9, 9, 13777344700, 2070, 95288
read-start, 4, 10, 1239961023, 137773447, 2742288
circular-read-total, 4, 9, 13777344700, 3024, 89915
read-start, 3, 10, 1239961023, 137773447, 2742479
circular-read-total, 3, 9, 13777344700, 2627, 90080
read-start, 7, 10, 1239961023, 137773447, 2746446
circular-read-total, 7, 9, 13777344700, 1851, 113571
read-wait, 9, 10, 18869
read, 9, 10, 1239961023, 137773447, 199565
circular-read-start, 9, 10, 13777344700, 2938911
read-wait, 8, 10, 200921
read, 8, 10, 1239961023, 137773447, 212086
circular-read-start, 8, 10, 13777344700, 2950261
read-wait, 11, 10, 216715
read, 11, 10, 1239961023, 137773447, 216715
circular-read-start, 11, 10, 13777344700, 2950443
read-wait, 7, 10, 203999
read, 7, 10, 1239961023, 137773447, 203999
circular-read-start, 7, 10, 13777344700, 2950446
read-wait, 10, 10, 212113
read, 10, 10, 1239961023, 137773447, 212113
circular-read-start, 10, 10, 13777344700, 2950449
read-wait, 6, 10, 211327
read, 6, 10, 1239961023, 137773447, 211327
circular-read-start, 6, 10, 13777344700, 2950452
read-wait, 12, 10, 211428
read, 12, 10, 1239961023, 137773447, 211428
circular-read-start, 12, 10, 13777344700, 2950457
read-wait, 4, 10, 208175
read, 4, 10, 1239961023, 137773447, 208175
circular-read-start, 4, 10, 13777344700, 2950464
read-wait, 5, 10, 211221
read, 5, 10, 1239961023, 137773447, 211221
circular-read-start, 5, 10, 13777344700, 2950470
read-wait, 3, 10, 207996
read, 3, 10, 1239961023, 137773447, 207996
circular-read-start, 3, 10, 13777344700, 2950475
read-start, 12, 11, 1377734470, 22265530, 3034442
circular-read-total, 12, 10, 13777344700, 889, 84000
read-start, 10, 11, 1377734470, 22265530, 3036859
circular-read-total, 10, 10, 13777344700, 1897, 86420
read-start, 3, 11, 1377734470, 22265530, 3037764
circular-read-total, 3, 10, 13777344700, 3245, 87304
read-start, 6, 11, 1377734470, 22265530, 3038362
circular-read-total, 6, 10, 13777344700, 1576, 87917
read-start, 11, 11, 1377734470, 22265530, 3039577
circular-read-total, 11, 10, 13777344700, 984, 89141
read-start, 9, 11, 1377734470, 22265530, 3042052
read-start, 7, 11, 1377734470, 22265530, 3042056
circular-read-total, 9, 10, 13777344700, 1077, 103146
circular-read-total, 7, 10, 13777344700, 1945, 91614
read-start, 8, 11, 1377734470, 22265530, 3042367
circular-read-total, 8, 10, 13777344700, 3552, 92114
read-start, 4, 11, 1377734470, 22265530, 3042579
circular-read-total, 4, 10, 13777344700, 2434, 92122
read-start, 5, 11, 1377734470, 22265530, 3045662
circular-read-total, 5, 10, 13777344700, 2405, 95200
read-wait, 12, 11, 24058
read, 12, 11, 1377734470, 22265530, 192169
circular-read-start, 12, 11, 2226553000, 3226611
read-wait, 8, 11, 184470
read, 8, 11, 1377734470, 22265530, 204863
circular-read-start, 8, 11, 2226553000, 3247231
read-wait, 6, 11, 209053
read, 6, 11, 1377734470, 22265530, 209053
circular-read-start, 6, 11, 2226553000, 3247416
read-wait, 3, 11, 209653
read, 3, 11, 1377734470, 22265530, 209654
circular-read-start, 3, 11, 2226553000, 3247418
read-wait, 4, 11, 204842
read, 4, 11, 1377734470, 22265530, 204842
circular-read-start, 4, 11, 2226553000, 3247421
read-wait, 9, 11, 205370
read, 9, 11, 1377734470, 22265530, 205370
circular-read-start, 9, 11, 2226553000, 3247423
read-wait, 10, 11, 210565
read, 10, 11, 1377734470, 22265530, 210565
circular-read-start, 10, 11, 2226553000, 3247424
read-wait, 5, 11, 201763
read, 5, 11, 1377734470, 22265530, 201763
circular-read-start, 5, 11, 2226553000, 3247426
read-wait, 7, 11, 205371
read, 7, 11, 1377734470, 22265530, 205371
circular-read-start, 7, 11, 2226553000, 3247428
read-wait, 11, 11, 207852
read, 11, 11, 1377734470, 22265530, 207852
circular-read-start, 11, 11, 2226553000, 3247429
circular-read-total, 8, 11, 2226553000, 1742, 9080
circular-read-total, 11, 11, 2226553000, 328, 8915
circular-read-total, 10, 11, 2226553000, 1070, 9206
circular-read-total, 7, 11, 2226553000, 1002, 9579
circular-read-total, 12, 11, 2226553000, 602, 30721
circular-read-total, 9, 11, 2226553000, 1526, 10939
circular-read-total, 4, 11, 2226553000, 1135, 11370
circular-read-total, 3, 11, 2226553000, 1280, 11664
circular-read-total, 5, 11, 2226553000, 1536, 11817
circular-read-total, 6, 11, 2226553000, 917, 12010

cmd-read, 3265156
# Thu Oct 22 14:34:32 PDT 2015
# 8, 1400, 0, read
max-chunk, 3, 1, 137773447, 0
chunk-size, 137773447, 2613
disks, 1

size, 3, 2, 1750000000, 0
size, 4, 1, 1750000000, 0
size, 5, 1, 1750000000, 0
size, 6, 1, 1750000000, 0
size, 7, 1, 1750000000, 0
size, 8, 1, 1750000000, 0
size, 9, 1, 1750000000, 0
size, 10, 1, 1750000000, 1


read-start, 3, 1, 0, 137773447, 68
read-start, 4, 1, 0, 137773447, 68
read-start, 5, 1, 0, 137773447, 68
read-start, 6, 1, 0, 137773447, 68
read-start, 7, 1, 0, 137773447, 68
read-start, 8, 1, 0, 137773447, 68
read-start, 9, 1, 0, 137773447, 68
read-start, 10, 1, 0, 137773447, 68
read-wait, 3, 1, 0
read, 3, 1, 0, 137773447, 293628
circular-read-start, 3, 1, 13777344700, 293696
read-wait, 4, 1, 293957
read, 4, 1, 0, 137773447, 293957
circular-read-start, 4, 1, 13777344700, 294026
read-wait, 5, 1, 293963
read, 5, 1, 0, 137773447, 296258
circular-read-start, 5, 1, 13777344700, 296327
read-wait, 6, 1, 296930
read, 6, 1, 0, 137773447, 307263
circular-read-start, 6, 1, 13777344700, 307332
read-wait, 7, 1, 307995
read, 7, 1, 0, 137773447, 307995
circular-read-start, 7, 1, 13777344700, 308064
read-wait, 8, 1, 308007
read, 8, 1, 0, 137773447, 336000
circular-read-start, 8, 1, 13777344700, 336071
read-wait, 9, 1, 336982
read, 9, 1, 0, 137773447, 336982
circular-read-start, 9, 1, 13777344700, 337051
read-wait, 10, 1, 336994
read, 10, 1, 0, 137773447, 336994
circular-read-start, 10, 1, 13777344700, 337063
read-start, 6, 2, 137773447, 137773447, 440446
circular-read-total, 6, 1, 13777344700, 18859, 133136
read-start, 7, 2, 137773447, 137773447, 449034
circular-read-total, 7, 1, 13777344700, 18676, 140984
read-start, 5, 2, 137773447, 137773447, 449283
circular-read-total, 5, 1, 13777344700, 18754, 152974
read-start, 10, 2, 137773447, 137773447, 455337
circular-read-total, 10, 1, 13777344700, 29113, 118286
read-start, 3, 2, 137773447, 137773447, 457396
circular-read-total, 3, 1, 13777344700, 17083, 163714
read-start, 9, 2, 137773447, 137773447, 457880
circular-read-total, 9, 1, 13777344700, 32550, 120836
read-start, 4, 2, 137773447, 137773447, 458291
circular-read-total, 4, 1, 13777344700, 16378, 164273
read-start, 8, 2, 137773447, 137773447, 490017
circular-read-total, 8, 1, 13777344700, 133001, 153946
read-wait, 6, 2, 49940
read, 6, 2, 137773447, 137773447, 313423
circular-read-start, 6, 2, 13777344700, 753871
read-wait, 5, 2, 305147
read, 5, 2, 137773447, 137773447, 312656
circular-read-start, 5, 2, 13777344700, 761942
read-wait, 7, 2, 313674
read, 7, 2, 137773447, 137773447, 313674
circular-read-start, 7, 2, 13777344700, 762709
read-wait, 4, 2, 304427
read, 4, 2, 137773447, 137773447, 304427
circular-read-start, 4, 2, 13777344700, 762718
read-wait, 8, 2, 272709
read, 8, 2, 137773447, 137773447, 340360
circular-read-start, 8, 2, 13777344700, 830382
read-wait, 9, 2, 373262
read, 9, 2, 137773447, 137773447, 373262
circular-read-start, 9, 2, 13777344700, 831143
read-wait, 10, 2, 375824
read, 10, 2, 137773447, 137773447, 375825
circular-read-start, 10, 2, 13777344700, 831162
read-wait, 3, 2, 373781
read, 3, 2, 137773447, 137773447, 373781
circular-read-start, 3, 2, 13777344700, 831178
read-start, 7, 3, 275546894, 137773447, 949759
circular-read-total, 7, 2, 13777344700, 16391, 187066
read-start, 10, 3, 275546894, 137773447, 952926
circular-read-total, 10, 2, 13777344700, 20874, 121775
read-start, 9, 3, 275546894, 137773447, 954240
circular-read-total, 9, 2, 13777344700, 18906, 123110
read-start, 5, 3, 275546894, 137773447, 955851
circular-read-total, 5, 2, 13777344700, 20235, 193919
read-start, 3, 3, 275546894, 137773447, 958731
circular-read-total, 3, 2, 13777344700, 17605, 127561
read-start, 4, 3, 275546894, 137773447, 960681
circular-read-total, 4, 2, 13777344700, 16795, 197963
read-start, 6, 3, 275546894, 137773447, 968054
circular-read-total, 6, 2, 13777344700, 17092, 214193
read-start, 8, 3, 275546894, 137773447, 987706
circular-read-total, 8, 2, 13777344700, 102373, 157323
read-wait, 5, 3, 34031
read, 5, 3, 275546894, 137773447, 308017
circular-read-start, 5, 3, 13777344700, 1263869
read-wait, 6, 3, 296441
read, 6, 3, 275546894, 137773447, 310761
circular-read-start, 6, 3, 13777344700, 1278815
read-wait, 8, 3, 291778
read, 8, 3, 275546894, 137773447, 324797
circular-read-start, 8, 3, 13777344700, 1312507
read-wait, 7, 3, 363492
read, 7, 3, 275546894, 137773447, 363492
circular-read-start, 7, 3, 13777344700, 1313253
read-wait, 9, 3, 359030
read, 9, 3, 275546894, 137773447, 359030
circular-read-start, 9, 3, 13777344700, 1313270
read-wait, 4, 3, 352626
read, 4, 3, 275546894, 137773447, 352626
circular-read-start, 4, 3, 13777344700, 1313308
read-wait, 10, 3, 360389
read, 10, 3, 275546894, 137773447, 360389
circular-read-start, 10, 3, 13777344700, 1313315
read-wait, 3, 3, 354636
read, 3, 3, 275546894, 137773447, 354636
circular-read-start, 3, 3, 13777344700, 1313368
read-start, 6, 4, 413320341, 137773447, 1428593
circular-read-total, 6, 3, 13777344700, 24478, 149803
read-start, 5, 4, 413320341, 137773447, 1429170
circular-read-total, 5, 3, 13777344700, 27326, 165300
read-start, 7, 4, 413320341, 137773447, 1429407
circular-read-total, 7, 3, 13777344700, 45212, 116166
read-start, 4, 4, 413320341, 137773447, 1435070
circular-read-total, 4, 3, 13777344700, 43403, 121765
read-start, 3, 4, 413320341, 137773447, 1435390
circular-read-total, 3, 3, 13777344700, 34146, 122025
read-start, 9, 4, 413320341, 137773447, 1435409
circular-read-total, 9, 3, 13777344700, 42425, 122143
read-start, 10, 4, 413320341, 137773447, 1437673
circular-read-total, 10, 3, 13777344700, 44138, 124364
read-start, 8, 4, 413320341, 137773447, 1454383
circular-read-total, 8, 3, 13777344700, 96940, 141878
read-wait, 5, 4, 27182
read, 5, 4, 413320341, 137773447, 297043
circular-read-start, 5, 4, 13777344700, 1726214
read-wait, 8, 4, 272582
read, 8, 4, 413320341, 137773447, 313140
circular-read-start, 8, 4, 13777344700, 1767524
read-wait, 7, 4, 338967
read, 7, 4, 413320341, 137773447, 338967
circular-read-start, 7, 4, 13777344700, 1768374
read-wait, 6, 4, 339818
read, 6, 4, 413320341, 137773447, 339818
circular-read-start, 6, 4, 13777344700, 1768411
read-wait, 9, 4, 333021
read, 9, 4, 413320341, 137773447, 333021
circular-read-start, 9, 4, 13777344700, 1768431
read-wait, 10, 4, 330787
read, 10, 4, 413320341, 137773447, 330789
circular-read-start, 10, 4, 13777344700, 1768463
read-wait, 4, 4, 333429
read, 4, 4, 413320341, 137773447, 333429
circular-read-start, 4, 4, 13777344700, 1768501
read-wait, 3, 4, 333139
read, 3, 4, 413320341, 137773447, 333139
circular-read-start, 3, 4, 13777344700, 1768529
read-start, 7, 5, 551093788, 137773447, 1880205
circular-read-total, 7, 4, 13777344700, 48886, 111847
read-start, 6, 5, 551093788, 137773447, 1880780
circular-read-total, 6, 4, 13777344700, 49080, 112381
read-start, 5, 5, 551093788, 137773447, 1880892
circular-read-total, 5, 4, 13777344700, 28985, 154677
read-start, 10, 5, 551093788, 137773447, 1882386
circular-read-total, 10, 4, 13777344700, 47951, 113937
read-start, 3, 5, 551093788, 137773447, 1887735
circular-read-total, 3, 4, 13777344700, 46439, 119212
read-start, 9, 5, 551093788, 137773447, 1888154
circular-read-total, 9, 4, 13777344700, 45208, 119728
read-start, 4, 5, 551093788, 137773447, 1888837
circular-read-total, 4, 4, 13777344700, 47668, 120341
read-start, 8, 5, 551093788, 137773447, 1902784
circular-read-total, 8, 4, 13777344700, 118027, 135259
read-wait, 6, 5, 25347
read, 6, 5, 551093788, 137773447, 297686
circular-read-start, 6, 5, 13777344700, 2178467
read-wait, 8, 5, 276324
read, 8, 5, 551093788, 137773447, 356629
circular-read-start, 8, 5, 13777344700, 2259413
read-wait, 5, 5, 379608
read, 5, 5, 551093788, 137773447, 379608
circular-read-start, 5, 5, 13777344700, 2260501
read-wait, 9, 5, 372384
read, 9, 5, 551093788, 137773447, 372384
circular-read-start, 9, 5, 13777344700, 2260538
read-wait, 7, 5, 380352
read, 7, 5, 551093788, 137773447, 380352
circular-read-start, 7, 5, 13777344700, 2260557
read-wait, 10, 5, 378209
read, 10, 5, 551093788, 137773447, 378209
circular-read-start, 10, 5, 13777344700, 2260596
read-wait, 4, 5, 371776
read, 4, 5, 551093788, 137773447, 371776
circular-read-start, 4, 5, 13777344700, 2260614
read-wait, 3, 5, 372890
read, 3, 5, 551093788, 137773447, 372890
circular-read-start, 3, 5, 13777344700, 2260625
read-start, 7, 6, 688867235, 137773447, 2376276
circular-read-total, 7, 5, 13777344700, 52445, 115739
read-start, 10, 6, 688867235, 137773447, 2377225
circular-read-total, 10, 5, 13777344700, 51253, 116647
read-start, 5, 6, 688867235, 137773447, 2377812
circular-read-total, 5, 5, 13777344700, 52750, 117311
read-start, 6, 6, 688867235, 137773447, 2383064
circular-read-total, 6, 5, 13777344700, 29207, 204616
read-start, 3, 6, 688867235, 137773447, 2383608
circular-read-total, 3, 5, 13777344700, 50089, 122987
read-start, 9, 6, 688867235, 137773447, 2386383
circular-read-total, 9, 5, 13777344700, 50177, 125847
read-start, 4, 6, 688867235, 137773447, 2386450
circular-read-total, 4, 5, 13777344700, 50380, 125848
read-start, 8, 6, 688867235, 137773447, 2396883
circular-read-total, 8, 5, 13777344700, 68060, 137470
read-wait, 6, 6, 21861
read, 6, 6, 688867235, 137773447, 292635
circular-read-start, 6, 6, 13777344700, 2675700
read-wait, 8, 6, 279479
read, 8, 6, 688867235, 137773447, 321876
circular-read-start, 8, 6, 13777344700, 2718760
read-wait, 5, 6, 341543
read, 5, 6, 688867235, 137773447, 341543
circular-read-start, 5, 6, 13777344700, 2719356
read-wait, 7, 6, 343127
read, 7, 6, 688867235, 137773447, 343127
circular-read-start, 7, 6, 13777344700, 2719403
read-wait, 9, 6, 333031
read, 9, 6, 688867235, 137773447, 333031
circular-read-start, 9, 6, 13777344700, 2719417
read-wait, 4, 6, 332989
read, 4, 6, 688867235, 137773447, 332989
circular-read-start, 4, 6, 13777344700, 2719440
read-wait, 10, 6, 342238
read, 10, 6, 688867235, 137773447, 342239
circular-read-start, 10, 6, 13777344700, 2719464
read-wait, 3, 6, 335878
read, 3, 6, 688867235, 137773447, 335878
circular-read-start, 3, 6, 13777344700, 2719486
read-start, 5, 7, 826640682, 137773447, 2826035
circular-read-total, 5, 6, 13777344700, 63200, 106681
read-start, 4, 7, 826640682, 137773447, 2827079
circular-read-total, 4, 6, 13777344700, 65434, 107650
read-start, 6, 7, 826640682, 137773447, 2828146
circular-read-total, 6, 6, 13777344700, 43399, 152444
read-start, 7, 7, 826640682, 137773447, 2828596
circular-read-total, 7, 6, 13777344700, 65803, 109194
read-start, 10, 7, 826640682, 137773447, 2829361
circular-read-total, 10, 6, 13777344700, 62799, 109899
read-start, 8, 7, 826640682, 137773447, 2830639
circular-read-total, 8, 6, 13777344700, 61611, 111884
read-start, 9, 7, 826640682, 137773447, 2831312
circular-read-total, 9, 6, 13777344700, 60556, 111901
read-start, 3, 7, 826640682, 137773447, 2832317
circular-read-total, 3, 6, 13777344700, 64551, 112835
read-wait, 6, 7, 19014
read, 6, 7, 826640682, 137773447, 270696
circular-read-start, 6, 7, 13777344700, 3098843
read-wait, 8, 7, 268813
read, 8, 7, 826640682, 137773447, 339854
circular-read-start, 8, 7, 13777344700, 3170494
read-wait, 7, 7, 342544
read, 7, 7, 826640682, 137773447, 342544
circular-read-start, 7, 7, 13777344700, 3171141
read-wait, 5, 7, 345120
read, 5, 7, 826640682, 137773447, 345120
circular-read-start, 5, 7, 13777344700, 3171156
read-wait, 9, 7, 339907
read, 9, 7, 826640682, 137773447, 339907
circular-read-start, 9, 7, 13777344700, 3171220
read-wait, 10, 7, 341890
read, 10, 7, 826640682, 137773447, 341890
circular-read-start, 10, 7, 13777344700, 3171252
read-wait, 3, 7, 339007
read, 3, 7, 826640682, 137773447, 339007
circular-read-start, 3, 7, 13777344700, 3171325
read-wait, 4, 7, 344308
read, 4, 7, 826640682, 137773447, 344308
circular-read-start, 4, 7, 13777344700, 3171388
read-start, 7, 8, 964414129, 137773447, 3294609
circular-read-total, 7, 7, 13777344700, 65049, 123488
read-start, 10, 8, 964414129, 137773447, 3294691
circular-read-total, 10, 7, 13777344700, 64270, 123449
read-start, 5, 8, 964414129, 137773447, 3296599
circular-read-total, 5, 7, 13777344700, 63961, 125450
read-start, 9, 8, 964414129, 137773447, 3301790
circular-read-total, 9, 7, 13777344700, 64457, 130586
read-start, 6, 8, 964414129, 137773447, 3302379
circular-read-total, 6, 7, 13777344700, 31903, 203544
read-start, 4, 8, 964414129, 137773447, 3305503
circular-read-total, 4, 7, 13777344700, 64816, 134118
read-start, 3, 8, 964414129, 137773447, 3309119
circular-read-total, 3, 7, 13777344700, 61487, 137804
read-start, 8, 8, 964414129, 137773447, 3310147
circular-read-total, 8, 7, 13777344700, 69807, 139672
read-wait, 6, 8, 26612
read, 6, 8, 964414129, 137773447, 252491
circular-read-start, 6, 8, 13777344700, 3554874
read-wait, 8, 8, 245403
read, 8, 8, 964414129, 137773447, 342963
circular-read-start, 8, 8, 13777344700, 3653111
read-wait, 7, 8, 359193
read, 7, 8, 964414129, 137773447, 359193
circular-read-start, 7, 8, 13777344700, 3653804
read-wait, 5, 8, 357228
read, 5, 8, 964414129, 137773447, 357228
circular-read-start, 5, 8, 13777344700, 3653827
read-wait, 9, 8, 352065
read, 9, 8, 964414129, 137773447, 352065
circular-read-start, 9, 8, 13777344700, 3653856
read-wait, 10, 8, 359210
read, 10, 8, 964414129, 137773447, 359210
circular-read-start, 10, 8, 13777344700, 3653902
read-wait, 4, 8, 348442
read, 4, 8, 964414129, 137773447, 348442
circular-read-start, 4, 8, 13777344700, 3653946
read-wait, 3, 8, 344877
read, 3, 8, 964414129, 137773447, 344877
circular-read-start, 3, 8, 13777344700, 3653997
read-start, 7, 9, 1102187576, 137773447, 3782097
circular-read-total, 7, 8, 13777344700, 64530, 128292
read-start, 5, 9, 1102187576, 137773447, 3784534
circular-read-total, 5, 8, 13777344700, 63447, 130706
read-start, 6, 9, 1102187576, 137773447, 3787658
circular-read-total, 6, 8, 13777344700, 32033, 232784
read-start, 9, 9, 1102187576, 137773447, 3791103
circular-read-total, 9, 8, 13777344700, 61447, 137289
read-start, 8, 9, 1102187576, 137773447, 3798303
circular-read-total, 8, 8, 13777344700, 59723, 145193
read-start, 10, 9, 1102187576, 137773447, 3799277
circular-read-total, 10, 8, 13777344700, 62212, 145386
read-start, 4, 9, 1102187576, 137773447, 3804608
circular-read-total, 4, 8, 13777344700, 63240, 150686
read-start, 3, 9, 1102187576, 137773447, 3805474
circular-read-total, 3, 8, 13777344700, 61707, 151488
read-wait, 6, 9, 36008
read, 6, 9, 1102187576, 137773447, 249170
circular-read-start, 6, 9, 13777344700, 4036828
read-wait, 8, 9, 239204
read, 8, 9, 1102187576, 137773447, 339361
circular-read-start, 8, 9, 13777344700, 4137665
read-wait, 5, 9, 353690
read, 5, 9, 1102187576, 137773447, 353690
circular-read-start, 5, 9, 13777344700, 4138225
read-wait, 9, 9, 347170
read, 9, 9, 1102187576, 137773447, 347171
circular-read-start, 9, 9, 13777344700, 4138275
read-wait, 7, 9, 356201
read, 7, 9, 1102187576, 137773447, 356201
circular-read-start, 7, 9, 13777344700, 4138298
read-wait, 10, 9, 339070
read, 10, 9, 1102187576, 137773447, 339070
circular-read-start, 10, 9, 13777344700, 4138347
read-wait, 4, 9, 333820
read, 4, 9, 1102187576, 137773447, 333820
circular-read-start, 4, 9, 13777344700, 4138428
read-wait, 3, 9, 333025
read, 3, 9, 1102187576, 137773447, 333025
circular-read-start, 3, 9, 13777344700, 4138500
read-start, 7, 10, 1239961023, 137773447, 4266918
circular-read-total, 7, 9, 13777344700, 66382, 128635
read-start, 5, 10, 1239961023, 137773447, 4268369
circular-read-total, 5, 9, 13777344700, 66381, 130144
read-start, 10, 10, 1239961023, 137773447, 4275510
circular-read-total, 10, 9, 13777344700, 63101, 137187
read-start, 9, 10, 1239961023, 137773447, 4277464
circular-read-total, 9, 9, 13777344700, 63257, 139221
read-start, 3, 10, 1239961023, 137773447, 4283975
circular-read-total, 3, 9, 13777344700, 62974, 145474
read-start, 4, 10, 1239961023, 137773447, 4284569
circular-read-total, 4, 9, 13777344700, 64996, 146155
read-start, 8, 10, 1239961023, 137773447, 4286130
circular-read-total, 8, 9, 13777344700, 64979, 148469
read-start, 6, 10, 1239961023, 137773447, 4287339
circular-read-total, 6, 9, 13777344700, 33051, 250532
read-wait, 6, 10, 21280
read, 6, 10, 1239961023, 137773447, 257175
circular-read-start, 6, 10, 13777344700, 4544515
read-wait, 7, 10, 278152
read, 7, 10, 1239961023, 137773447, 278152
circular-read-start, 7, 10, 13777344700, 4545071
read-wait, 8, 10, 258953
read, 8, 10, 1239961023, 137773447, 330503
circular-read-start, 8, 10, 13777344700, 4616634
read-wait, 9, 10, 339748
read, 9, 10, 1239961023, 137773447, 339748
circular-read-start, 9, 10, 13777344700, 4617213
read-wait, 5, 10, 348891
read, 5, 10, 1239961023, 137773447, 348892
circular-read-start, 5, 10, 13777344700, 4617262
read-wait, 10, 10, 341769
read, 10, 10, 1239961023, 137773447, 341769
circular-read-start, 10, 10, 13777344700, 4617279
read-wait, 4, 10, 332802
read, 4, 10, 1239961023, 137773447, 332803
circular-read-start, 4, 10, 13777344700, 4617373
read-wait, 3, 10, 333461
read, 3, 10, 1239961023, 137773447, 333461
circular-read-start, 3, 10, 13777344700, 4617436
read-start, 7, 11, 1377734470, 137773447, 4746752
circular-read-total, 7, 10, 13777344700, 43172, 201693
read-start, 6, 11, 1377734470, 137773447, 4747763
circular-read-total, 6, 10, 13777344700, 28106, 203262
read-start, 5, 11, 1377734470, 137773447, 4750460
circular-read-total, 5, 10, 13777344700, 53781, 133212
read-start, 10, 11, 1377734470, 137773447, 4757912
circular-read-total, 10, 10, 13777344700, 53752, 140633
read-start, 9, 11, 1377734470, 137773447, 4758377
circular-read-total, 9, 10, 13777344700, 53942, 141179
read-start, 4, 11, 1377734470, 137773447, 4760272
circular-read-total, 4, 10, 13777344700, 54261, 142906
read-start, 3, 11, 1377734470, 137773447, 4760440
circular-read-total, 3, 10, 13777344700, 52752, 143004
read-start, 8, 11, 1377734470, 137773447, 4768429
circular-read-total, 8, 10, 13777344700, 58394, 151805
read-wait, 6, 11, 34757
read, 6, 11, 1377734470, 137773447, 259061
circular-read-start, 6, 11, 13777344700, 5006825
read-wait, 8, 11, 239022
read, 8, 11, 1377734470, 137773447, 335611
circular-read-start, 8, 11, 13777344700, 5104040
read-wait, 9, 11, 346293
read, 9, 11, 1377734470, 137773447, 346293
circular-read-start, 9, 11, 13777344700, 5104670
read-wait, 7, 11, 357954
read, 7, 11, 1377734470, 137773447, 357954
circular-read-start, 7, 11, 13777344700, 5104706
read-wait, 5, 11, 354273
read, 5, 11, 1377734470, 137773447, 354273
circular-read-start, 5, 11, 13777344700, 5104734
read-wait, 10, 11, 346840
read, 10, 11, 1377734470, 137773447, 346840
circular-read-start, 10, 11, 13777344700, 5104753
read-wait, 4, 11, 344546
read, 4, 11, 1377734470, 137773447, 344546
circular-read-start, 4, 11, 13777344700, 5104818
read-wait, 3, 11, 344395
read, 3, 11, 1377734470, 137773447, 344395
circular-read-start, 3, 11, 13777344700, 5104836
read-start, 9, 12, 1515507917, 137773447, 5226408
circular-read-total, 9, 11, 13777344700, 53820, 121756
read-start, 6, 12, 1515507917, 137773447, 5227215
circular-read-total, 6, 11, 13777344700, 29737, 220405
read-start, 10, 12, 1515507917, 137773447, 5228951
circular-read-total, 10, 11, 13777344700, 52165, 124214
read-start, 7, 12, 1515507917, 137773447, 5231184
circular-read-total, 7, 11, 13777344700, 56271, 126497
read-start, 4, 12, 1515507917, 137773447, 5233483
circular-read-total, 4, 11, 13777344700, 55824, 128682
read-start, 8, 12, 1515507917, 137773447, 5234103
circular-read-total, 8, 11, 13777344700, 57590, 130074
read-start, 5, 12, 1515507917, 137773447, 5234224
circular-read-total, 5, 11, 13777344700, 54802, 129495
read-start, 3, 12, 1515507917, 137773447, 5236626
circular-read-total, 3, 11, 13777344700, 52365, 131799
read-wait, 9, 12, 29044
read, 9, 12, 1515507917, 137773447, 252633
circular-read-start, 9, 12, 13777344700, 5479042
read-wait, 7, 12, 248163
read, 7, 12, 1515507917, 137773447, 257671
circular-read-start, 7, 12, 13777344700, 5488855
read-wait, 6, 12, 262136
read, 6, 12, 1515507917, 137773447, 262136
circular-read-start, 6, 12, 13777344700, 5489352
read-wait, 8, 12, 255257
read, 8, 12, 1515507917, 137773447, 328564
circular-read-start, 8, 12, 13777344700, 5562668
read-wait, 10, 12, 334287
read, 10, 12, 1515507917, 137773447, 334288
circular-read-start, 10, 12, 13777344700, 5563239
read-wait, 5, 12, 329032
read, 5, 12, 1515507917, 137773447, 329032
circular-read-start, 5, 12, 13777344700, 5563257
read-wait, 3, 12, 326686
read, 3, 12, 1515507917, 137773447, 326686
circular-read-start, 3, 12, 13777344700, 5563312
read-wait, 4, 12, 329836
read, 4, 12, 1515507917, 137773447, 329836
circular-read-start, 4, 12, 13777344700, 5563320
read-start, 6, 13, 1653281364, 96718636, 5680413
circular-read-total, 6, 12, 13777344700, 17107, 191092
read-start, 9, 13, 1653281364, 96718636, 5687727
circular-read-total, 9, 12, 13777344700, 13504, 208685
read-start, 7, 13, 1653281364, 96718636, 5688597
circular-read-total, 7, 12, 13777344700, 18320, 199752
read-start, 10, 13, 1653281364, 96718636, 5690840
circular-read-total, 10, 12, 13777344700, 32278, 127611
read-start, 5, 13, 1653281364, 96718636, 5691772
circular-read-total, 5, 12, 13777344700, 32754, 128532
read-start, 4, 13, 1653281364, 96718636, 5693630
circular-read-total, 4, 12, 13777344700, 31185, 130320
read-start, 3, 13, 1653281364, 96718636, 5695190
circular-read-total, 3, 12, 13777344700, 29005, 131885
read-start, 8, 13, 1653281364, 96718636, 5698590
circular-read-total, 8, 12, 13777344700, 36601, 135932
read-wait, 9, 13, 29215
read, 9, 13, 1653281364, 96718636, 252962
circular-read-start, 9, 13, 9671863600, 5940690
read-wait, 8, 13, 242398
read, 8, 13, 1653281364, 96718636, 331545
circular-read-start, 8, 13, 9671863600, 6030138
read-wait, 6, 13, 350322
read, 6, 13, 1653281364, 96718636, 350322
circular-read-start, 6, 13, 9671863600, 6030736
read-wait, 10, 13, 339908
read, 10, 13, 1653281364, 96718636, 339909
circular-read-start, 10, 13, 9671863600, 6030749
read-wait, 5, 13, 339014
read, 5, 13, 1653281364, 96718636, 339014
circular-read-start, 5, 13, 9671863600, 6030787
read-wait, 7, 13, 342215
read, 7, 13, 1653281364, 96718636, 342215
circular-read-start, 7, 13, 9671863600, 6030813
read-wait, 3, 13, 335650
read, 3, 13, 1653281364, 96718636, 335650
circular-read-start, 3, 13, 9671863600, 6030841
read-wait, 4, 13, 337224
read, 4, 13, 1653281364, 96718636, 337224
circular-read-start, 4, 13, 9671863600, 6030855
circular-read-total, 6, 13, 9671863600, 53262, 71090
circular-read-total, 10, 13, 9671863600, 52936, 75466
circular-read-total, 7, 13, 9671863600, 55483, 77982
circular-read-total, 5, 13, 9671863600, 55127, 79612
circular-read-total, 4, 13, 9671863600, 54948, 84921
circular-read-total, 9, 13, 9671863600, 22303, 187278
circular-read-total, 8, 13, 9671863600, 54242, 100453
circular-read-total, 3, 13, 9671863600, 51760, 107901

cmd-read, 6155558
# Thu Oct 22 16:39:14 PDT 2015
# 6, 1400, 0, read
max-chunk, 3, 1, 137773447, 0
chunk-size, 137773447, 3484
disks, 1

size, 3, 2, 2333333333, 3
size, 4, 1, 2333333333, 2
size, 5, 1, 2333333333, 2
size, 6, 1, 2333333333, 2
size, 7, 1, 2333333333, 2
size, 8, 1, 2333333333, 0


read-start, 3, 1, 0, 137773447, 61
read-start, 4, 1, 0, 137773447, 61
read-start, 5, 1, 0, 137773447, 61
read-start, 6, 1, 0, 137773447, 61
read-start, 7, 1, 0, 137773447, 61
read-start, 8, 1, 0, 137773447, 61
read-wait, 3, 1, 0
read, 3, 1, 0, 137773447, 375035
circular-read-start, 3, 1, 13777344700, 375099
read-wait, 4, 1, 376632
read, 4, 1, 0, 137773447, 376635
circular-read-start, 4, 1, 13777344700, 376701
read-wait, 5, 1, 376650
read, 5, 1, 0, 137773447, 376650
circular-read-start, 5, 1, 13777344700, 376711
read-wait, 6, 1, 376661
read, 6, 1, 0, 137773447, 487305
circular-read-start, 6, 1, 13777344700, 487367
read-wait, 7, 1, 487838
read, 7, 1, 0, 137773447, 487838
circular-read-start, 7, 1, 13777344700, 487899
read-wait, 8, 1, 487848
read, 8, 1, 0, 137773447, 487848
circular-read-start, 8, 1, 13777344700, 487911
read-start, 4, 2, 137773447, 137773447, 573643
circular-read-total, 4, 1, 13777344700, 33753, 196968
read-start, 5, 2, 137773447, 137773447, 578142
circular-read-total, 5, 1, 13777344700, 35439, 201461
read-start, 3, 2, 137773447, 137773447, 587526
circular-read-total, 3, 1, 13777344700, 36998, 212436
read-start, 7, 2, 137773447, 137773447, 590491
circular-read-total, 7, 1, 13777344700, 41264, 102606
read-start, 8, 2, 137773447, 137773447, 592125
circular-read-total, 8, 1, 13777344700, 46009, 104218
read-start, 6, 2, 137773447, 137773447, 615423
circular-read-total, 6, 1, 13777344700, 89954, 128056
read-wait, 5, 2, 37737
read, 5, 2, 137773447, 137773447, 382166
circular-read-start, 5, 2, 13777344700, 960310
read-wait, 6, 2, 345444
read, 6, 2, 137773447, 137773447, 501747
circular-read-start, 6, 2, 13777344700, 1117174
read-wait, 8, 2, 525709
read, 8, 2, 137773447, 137773447, 525709
circular-read-start, 8, 2, 13777344700, 1117838
read-wait, 7, 2, 527375
read, 7, 2, 137773447, 137773447, 527375
circular-read-start, 7, 2, 13777344700, 1117867
read-wait, 4, 2, 544294
read, 4, 2, 137773447, 137773447, 544295
circular-read-start, 4, 2, 13777344700, 1117938
read-wait, 3, 2, 530487
read, 3, 2, 137773447, 137773447, 530492
circular-read-start, 3, 2, 13777344700, 1118019
read-start, 8, 3, 275546894, 137773447, 1217935
circular-read-total, 8, 2, 13777344700, 71943, 100133
read-start, 4, 3, 275546894, 137773447, 1228390
circular-read-total, 4, 2, 13777344700, 78806, 110452
read-start, 7, 3, 275546894, 137773447, 1229093
circular-read-total, 7, 2, 13777344700, 70530, 111247
read-start, 5, 3, 275546894, 137773447, 1229412
circular-read-total, 5, 2, 13777344700, 53361, 269106
read-start, 3, 3, 275546894, 137773447, 1230328
circular-read-total, 3, 2, 13777344700, 74073, 112310
read-start, 6, 3, 275546894, 137773447, 1244180
circular-read-total, 6, 2, 13777344700, 83366, 127006
read-wait, 5, 3, 22676
read, 5, 3, 275546894, 137773447, 374362
circular-read-start, 5, 3, 13777344700, 1603776
read-wait, 4, 3, 376078
read, 4, 3, 275546894, 137773447, 376078
circular-read-start, 4, 3, 13777344700, 1604469
read-wait, 6, 3, 360296
read, 6, 3, 275546894, 137773447, 493331
circular-read-start, 6, 3, 13777344700, 1737512
read-wait, 7, 3, 509337
read, 7, 3, 275546894, 137773447, 509337
circular-read-start, 7, 3, 13777344700, 1738430
read-wait, 8, 3, 520519
read, 8, 3, 275546894, 137773447, 520519
circular-read-start, 8, 3, 13777344700, 1738455
read-wait, 3, 3, 508148
read, 3, 3, 275546894, 137773447, 508149
circular-read-start, 3, 3, 13777344700, 1738480
read-start, 4, 4, 413320341, 137773447, 1826380
circular-read-total, 4, 3, 13777344700, 26786, 221922
read-start, 7, 4, 413320341, 137773447, 1827196
circular-read-total, 7, 3, 13777344700, 38975, 88776
read-start, 8, 4, 413320341, 137773447, 1830170
circular-read-total, 8, 3, 13777344700, 39815, 91722
read-start, 5, 4, 413320341, 137773447, 1831894
circular-read-total, 5, 3, 13777344700, 22333, 228121
read-start, 3, 4, 413320341, 137773447, 1832182
circular-read-total, 3, 3, 13777344700, 42148, 93703
read-start, 6, 4, 413320341, 137773447, 1842532
circular-read-total, 6, 3, 13777344700, 58134, 105020
read-wait, 5, 4, 16592
read, 5, 4, 413320341, 137773447, 372382
circular-read-start, 5, 4, 13777344700, 2204278
read-wait, 6, 4, 362401
read, 6, 4, 413320341, 137773447, 481872
circular-read-start, 6, 4, 13777344700, 2324406
read-wait, 4, 4, 498741
read, 4, 4, 413320341, 137773447, 498741
circular-read-start, 4, 4, 13777344700, 2325122
read-wait, 7, 4, 497952
read, 7, 4, 413320341, 137773447, 497952
circular-read-start, 7, 4, 13777344700, 2325149
read-wait, 3, 4, 493025
read, 3, 4, 413320341, 137773447, 493025
circular-read-start, 3, 4, 13777344700, 2325208
read-wait, 8, 4, 495075
read, 8, 4, 413320341, 137773447, 495075
circular-read-start, 8, 4, 13777344700, 2325245
read-start, 8, 5, 551093788, 137773447, 2420180
circular-read-total, 8, 4, 13777344700, 63095, 94943
read-start, 7, 5, 551093788, 137773447, 2420686
circular-read-total, 7, 4, 13777344700, 63715, 95543
read-start, 5, 5, 551093788, 137773447, 2422351
circular-read-total, 5, 4, 13777344700, 42646, 218073
read-start, 4, 5, 551093788, 137773447, 2422420
circular-read-total, 4, 4, 13777344700, 63514, 97298
read-start, 3, 5, 551093788, 137773447, 2423116
circular-read-total, 3, 4, 13777344700, 61990, 97908
read-start, 6, 5, 551093788, 137773447, 2438032
circular-read-total, 6, 4, 13777344700, 72477, 113626
read-wait, 7, 5, 17752
read, 7, 5, 551093788, 137773447, 366341
circular-read-start, 7, 5, 13777344700, 2787029
read-wait, 6, 5, 349525
read, 6, 5, 551093788, 137773447, 485603
circular-read-start, 6, 5, 13777344700, 2923637
read-wait, 5, 5, 501939
read, 5, 5, 551093788, 137773447, 501940
circular-read-start, 5, 5, 13777344700, 2924292
read-wait, 4, 5, 501893
read, 4, 5, 551093788, 137773447, 501893
circular-read-start, 4, 5, 13777344700, 2924315
read-wait, 8, 5, 504251
read, 8, 5, 551093788, 137773447, 504251
circular-read-start, 8, 5, 13777344700, 2924432
read-wait, 3, 5, 501355
read, 3, 5, 551093788, 137773447, 501355
circular-read-start, 3, 5, 13777344700, 2924472
read-start, 8, 6, 688867235, 137773447, 3015871
circular-read-total, 8, 5, 13777344700, 46610, 91439
read-start, 7, 6, 688867235, 137773447, 3017049
circular-read-total, 7, 5, 13777344700, 27946, 230024
read-start, 5, 6, 688867235, 137773447, 3018330
circular-read-total, 5, 5, 13777344700, 49587, 94038
read-start, 3, 6, 688867235, 137773447, 3018830
circular-read-total, 3, 5, 13777344700, 49210, 94363
read-start, 4, 6, 688867235, 137773447, 3020449
circular-read-total, 4, 5, 13777344700, 50725, 96135
read-start, 6, 6, 688867235, 137773447, 3036688
circular-read-total, 6, 5, 13777344700, 72923, 113051
read-wait, 5, 6, 18573
read, 5, 6, 688867235, 137773447, 365001
circular-read-start, 5, 6, 13777344700, 3383332
read-wait, 7, 6, 367038
read, 7, 6, 688867235, 137773447, 367038
circular-read-start, 7, 6, 13777344700, 3384088
read-wait, 4, 6, 363711
read, 4, 6, 688867235, 137773447, 394695
circular-read-start, 4, 6, 13777344700, 3415145
read-wait, 6, 6, 379262
read, 6, 6, 688867235, 137773447, 480492
circular-read-start, 6, 6, 13777344700, 3517183
read-wait, 8, 6, 501968
read, 8, 6, 688867235, 137773447, 501968
circular-read-start, 8, 6, 13777344700, 3517840
read-wait, 3, 6, 499111
read, 3, 6, 688867235, 137773447, 499111
circular-read-start, 3, 6, 13777344700, 3517942
read-start, 8, 7, 826640682, 137773447, 3608971
circular-read-total, 8, 6, 13777344700, 28350, 91135
read-start, 5, 7, 826640682, 137773447, 3609971
circular-read-total, 5, 6, 13777344700, 22225, 226650
read-start, 7, 7, 826640682, 137773447, 3610336
circular-read-total, 7, 6, 13777344700, 25457, 226250
read-start, 3, 7, 826640682, 137773447, 3613224
circular-read-total, 3, 6, 13777344700, 26503, 95287
read-start, 4, 7, 826640682, 137773447, 3615806
circular-read-total, 4, 6, 13777344700, 29981, 200661
read-start, 6, 7, 826640682, 137773447, 3622723
circular-read-total, 6, 6, 13777344700, 61383, 105540
read-wait, 5, 7, 17807
read, 5, 7, 826640682, 137773447, 361572
circular-read-start, 5, 7, 13777344700, 3971545
read-wait, 7, 7, 361916
read, 7, 7, 826640682, 137773447, 361916
circular-read-start, 7, 7, 13777344700, 3972253
read-wait, 6, 7, 349593
read, 6, 7, 826640682, 137773447, 475659
circular-read-start, 6, 7, 13777344700, 4098383
read-wait, 4, 7, 483173
read, 4, 7, 826640682, 137773447, 483173
circular-read-start, 4, 7, 13777344700, 4098979
read-wait, 3, 7, 485884
read, 3, 7, 826640682, 137773447, 485884
circular-read-start, 3, 7, 13777344700, 4099109
read-wait, 8, 7, 490169
read, 8, 7, 826640682, 137773447, 490169
circular-read-start, 8, 7, 13777344700, 4099140
read-start, 8, 8, 964414129, 137773447, 4207363
circular-read-total, 8, 7, 13777344700, 41910, 108234
read-start, 4, 8, 964414129, 137773447, 4208139
circular-read-total, 4, 7, 13777344700, 43150, 109166
read-start, 7, 8, 964414129, 137773447, 4212174
circular-read-total, 7, 7, 13777344700, 26054, 239925
read-start, 3, 8, 964414129, 137773447, 4212884
circular-read-total, 3, 7, 13777344700, 41558, 113775
read-start, 5, 8, 964414129, 137773447, 4212898
circular-read-total, 5, 7, 13777344700, 28496, 241353
read-start, 6, 8, 964414129, 137773447, 4227418
circular-read-total, 6, 7, 13777344700, 63006, 129034
read-wait, 5, 8, 16248
read, 5, 8, 964414129, 137773447, 366049
circular-read-start, 5, 8, 13777344700, 4578948
read-wait, 7, 8, 367581
read, 7, 8, 964414129, 137773447, 367581
circular-read-start, 7, 8, 13777344700, 4579757
read-wait, 6, 8, 352374
read, 6, 8, 964414129, 137773447, 474789
circular-read-start, 6, 8, 13777344700, 4702208
read-wait, 4, 8, 494688
read, 4, 8, 964414129, 137773447, 494688
circular-read-start, 4, 8, 13777344700, 4702828
read-wait, 3, 8, 490007
read, 3, 8, 964414129, 137773447, 490007
circular-read-start, 3, 8, 13777344700, 4702892
read-wait, 8, 8, 495556
read, 8, 8, 964414129, 137773447, 495556
circular-read-start, 8, 8, 13777344700, 4702920
read-start, 8, 9, 1102187576, 137773447, 4789910
circular-read-total, 8, 8, 13777344700, 32990, 86996
read-start, 4, 9, 1102187576, 137773447, 4790546
circular-read-total, 4, 8, 13777344700, 35776, 87717
read-start, 7, 9, 1102187576, 137773447, 4792309
circular-read-total, 7, 8, 13777344700, 24414, 212555
read-start, 5, 9, 1102187576, 137773447, 4792482
circular-read-total, 5, 8, 13777344700, 21182, 213538
read-start, 3, 9, 1102187576, 137773447, 4794764
circular-read-total, 3, 8, 13777344700, 35204, 91876
read-start, 6, 9, 1102187576, 137773447, 4803498
circular-read-total, 6, 8, 13777344700, 67509, 101290
read-wait, 5, 9, 13502
read, 5, 9, 1102187576, 137773447, 360605
circular-read-start, 5, 9, 13777344700, 5153088
read-wait, 6, 9, 350272
read, 6, 9, 1102187576, 137773447, 468188
circular-read-start, 6, 9, 13777344700, 5271690
read-wait, 7, 9, 480003
read, 7, 9, 1102187576, 137773447, 480005
circular-read-start, 7, 9, 13777344700, 5272317
read-wait, 8, 9, 482520
read, 8, 9, 1102187576, 137773447, 482520
circular-read-start, 8, 9, 13777344700, 5272434
read-wait, 4, 9, 481922
read, 4, 9, 1102187576, 137773447, 481922
circular-read-start, 4, 9, 13777344700, 5272468
read-wait, 3, 9, 477774
read, 3, 9, 1102187576, 137773447, 477774
circular-read-start, 3, 9, 13777344700, 5272539
read-start, 8, 10, 1239961023, 137773447, 5362177
circular-read-total, 8, 9, 13777344700, 38288, 89748
read-start, 5, 10, 1239961023, 137773447, 5365629
circular-read-total, 5, 9, 13777344700, 30031, 212546
read-start, 7, 10, 1239961023, 137773447, 5368105
circular-read-total, 7, 9, 13777344700, 37858, 95788
read-start, 3, 10, 1239961023, 137773447, 5368563
circular-read-total, 3, 9, 13777344700, 39323, 96026
read-start, 4, 10, 1239961023, 137773447, 5369399
circular-read-total, 4, 9, 13777344700, 41825, 96937
read-start, 6, 10, 1239961023, 137773447, 5381623
circular-read-total, 6, 9, 13777344700, 80261, 109933
read-wait, 5, 10, 18134
read, 5, 10, 1239961023, 137773447, 354821
circular-read-start, 5, 10, 13777344700, 5720451
read-wait, 6, 10, 339485
read, 6, 10, 1239961023, 137773447, 466938
circular-read-start, 6, 10, 13777344700, 5848562
read-wait, 7, 10, 481491
read, 7, 10, 1239961023, 137773447, 481493
circular-read-start, 7, 10, 13777344700, 5849599
read-wait, 8, 10, 487513
read, 8, 10, 1239961023, 137773447, 487513
circular-read-start, 8, 10, 13777344700, 5849690
read-wait, 4, 10, 480300
read, 4, 10, 1239961023, 137773447, 480300
circular-read-start, 4, 10, 13777344700, 5849700
read-wait, 3, 10, 481238
read, 3, 10, 1239961023, 137773447, 481238
circular-read-start, 3, 10, 13777344700, 5849802
read-start, 7, 11, 1377734470, 137773447, 5935853
circular-read-total, 7, 10, 13777344700, 43171, 86262
read-start, 8, 11, 1377734470, 137773447, 5935892
circular-read-total, 8, 10, 13777344700, 44768, 86203
read-start, 5, 11, 1377734470, 137773447, 5936677
circular-read-total, 5, 10, 13777344700, 40360, 216232
read-start, 4, 11, 1377734470, 137773447, 5938064
circular-read-total, 4, 10, 13777344700, 50496, 88363
read-start, 3, 11, 1377734470, 137773447, 5938966
circular-read-total, 3, 10, 13777344700, 42371, 89164
read-start, 6, 11, 1377734470, 137773447, 5948082
circular-read-total, 6, 10, 13777344700, 72831, 99520
read-wait, 5, 11, 11628
read, 5, 11, 1377734470, 137773447, 344383
circular-read-start, 5, 11, 13777344700, 6281062
read-wait, 7, 11, 345963
read, 7, 11, 1377734470, 137773447, 345963
circular-read-start, 7, 11, 13777344700, 6281817
read-wait, 6, 11, 333814
read, 6, 11, 1377734470, 137773447, 458791
circular-read-start, 6, 11, 13777344700, 6406877
read-wait, 8, 11, 471658
read, 8, 11, 1377734470, 137773447, 471659
circular-read-start, 8, 11, 13777344700, 6407552
read-wait, 4, 11, 469515
read, 4, 11, 1377734470, 137773447, 469515
circular-read-start, 4, 11, 13777344700, 6407579
read-wait, 3, 11, 468779
read, 3, 11, 1377734470, 137773447, 468779
circular-read-start, 3, 11, 13777344700, 6407746
read-start, 8, 12, 1515507917, 137773447, 6503504
circular-read-total, 8, 11, 13777344700, 29690, 95953
read-start, 7, 12, 1515507917, 137773447, 6507325
circular-read-total, 7, 11, 13777344700, 21640, 225508
read-start, 5, 12, 1515507917, 137773447, 6509011
circular-read-total, 5, 11, 13777344700, 23415, 227989
read-start, 4, 12, 1515507917, 137773447, 6511426
circular-read-total, 4, 11, 13777344700, 31702, 103846
read-start, 3, 12, 1515507917, 137773447, 6511562
circular-read-total, 3, 11, 13777344700, 27697, 103816
read-start, 6, 12, 1515507917, 137773447, 6519899
circular-read-total, 6, 11, 13777344700, 49045, 113024
read-wait, 7, 12, 17485
read, 7, 12, 1515507917, 137773447, 339302
circular-read-start, 7, 12, 13777344700, 6846628
read-wait, 5, 12, 338022
read, 5, 12, 1515507917, 137773447, 345502
circular-read-start, 5, 12, 13777344700, 6854517
read-wait, 6, 12, 335230
read, 6, 12, 1515507917, 137773447, 448420
circular-read-start, 6, 12, 13777344700, 6968320
read-wait, 8, 12, 465506
read, 8, 12, 1515507917, 137773447, 465506
circular-read-start, 8, 12, 13777344700, 6969011
read-wait, 4, 12, 457640
read, 4, 12, 1515507917, 137773447, 457640
circular-read-start, 4, 12, 13777344700, 6969066
read-wait, 3, 12, 457614
read, 3, 12, 1515507917, 137773447, 457614
circular-read-start, 3, 12, 13777344700, 6969176
read-start, 8, 13, 1653281364, 137773447, 7073874
circular-read-total, 8, 12, 13777344700, 40530, 104863
read-start, 4, 13, 1653281364, 137773447, 7075573
circular-read-total, 4, 12, 13777344700, 42162, 106511
read-start, 7, 13, 1653281364, 137773447, 7078083
circular-read-total, 7, 12, 13777344700, 27879, 231467
read-start, 5, 13, 1653281364, 137773447, 7079875
circular-read-total, 5, 12, 13777344700, 28539, 225361
read-start, 3, 13, 1653281364, 137773447, 7082299
circular-read-total, 3, 12, 13777344700, 36100, 113127
read-start, 6, 13, 1653281364, 137773447, 7085918
circular-read-total, 6, 12, 13777344700, 54524, 117597
read-wait, 5, 13, 18880
read, 5, 13, 1653281364, 137773447, 344857
circular-read-start, 5, 13, 13777344700, 7424734
read-wait, 7, 13, 347274
read, 7, 13, 1653281364, 137773447, 347274
circular-read-start, 7, 13, 13777344700, 7425358
read-wait, 6, 13, 339457
read, 6, 13, 1653281364, 137773447, 441273
circular-read-start, 6, 13, 13777344700, 7527191
read-wait, 8, 13, 454295
read, 8, 13, 1653281364, 137773447, 454295
circular-read-start, 8, 13, 13777344700, 7528169
read-wait, 4, 13, 452674
read, 4, 13, 1653281364, 137773447, 452674
circular-read-start, 4, 13, 13777344700, 7528248
read-wait, 3, 13, 446033
read, 3, 13, 1653281364, 137773447, 446033
circular-read-start, 3, 13, 13777344700, 7528333
read-start, 8, 14, 1791054811, 137773447, 7628953
circular-read-total, 8, 13, 13777344700, 40277, 100867
read-start, 7, 14, 1791054811, 137773447, 7631265
circular-read-total, 7, 13, 13777344700, 18592, 205908
read-start, 4, 14, 1791054811, 137773447, 7631280
circular-read-total, 4, 13, 13777344700, 42481, 103036
read-start, 5, 14, 1791054811, 137773447, 7633338
circular-read-total, 5, 13, 13777344700, 26071, 208607
read-start, 3, 14, 1791054811, 137773447, 7635205
circular-read-total, 3, 13, 13777344700, 37866, 106873
read-start, 6, 14, 1791054811, 137773447, 7635944
circular-read-total, 6, 13, 13777344700, 48784, 108753
read-wait, 5, 14, 17277
read, 5, 14, 1791054811, 137773447, 343789
circular-read-start, 5, 14, 13777344700, 7977127
read-wait, 7, 14, 346484
read, 7, 14, 1791054811, 137773447, 346484
circular-read-start, 7, 14, 13777344700, 7977751
read-wait, 6, 14, 341870
read, 6, 14, 1791054811, 137773447, 439333
circular-read-start, 6, 14, 13777344700, 8075282
read-wait, 8, 14, 447025
read, 8, 14, 1791054811, 137773447, 447026
circular-read-start, 8, 14, 13777344700, 8075979
read-wait, 4, 14, 444749
read, 4, 14, 1791054811, 137773447, 444749
circular-read-start, 4, 14, 13777344700, 8076030
read-wait, 3, 14, 440939
read, 3, 14, 1791054811, 137773447, 440939
circular-read-start, 3, 14, 13777344700, 8076147
read-start, 8, 15, 1928828258, 137773447, 8180666
circular-read-total, 8, 14, 13777344700, 41623, 104694
read-start, 6, 15, 1928828258, 137773447, 8182883
circular-read-total, 6, 14, 13777344700, 47211, 107601
read-start, 4, 15, 1928828258, 137773447, 8187544
circular-read-total, 4, 14, 13777344700, 41244, 111514
read-start, 7, 15, 1928828258, 137773447, 8187681
circular-read-total, 7, 14, 13777344700, 25408, 209931
read-start, 5, 15, 1928828258, 137773447, 8189268
circular-read-total, 5, 14, 13777344700, 25989, 212144
read-start, 3, 15, 1928828258, 137773447, 8191781
circular-read-total, 3, 14, 13777344700, 35881, 115637
read-wait, 7, 15, 19514
read, 7, 15, 1928828258, 137773447, 337320
circular-read-start, 7, 15, 13777344700, 8525002
read-wait, 5, 15, 336183
read, 5, 15, 1928828258, 137773447, 343225
circular-read-start, 5, 15, 13777344700, 8532494
read-wait, 8, 15, 352442
read, 8, 15, 1928828258, 137773447, 352442
circular-read-start, 8, 15, 13777344700, 8533108
read-wait, 6, 15, 350257
read, 6, 15, 1928828258, 137773447, 450561
circular-read-start, 6, 15, 13777344700, 8633449
read-wait, 4, 15, 446589
read, 4, 15, 1928828258, 137773447, 446590
circular-read-start, 4, 15, 13777344700, 8634134
read-wait, 3, 15, 442370
read, 3, 15, 1928828258, 137773447, 442370
circular-read-start, 3, 15, 13777344700, 8634151
read-start, 8, 16, 2066601705, 137773447, 8730564
circular-read-total, 8, 15, 13777344700, 28109, 197456
read-start, 7, 16, 2066601705, 137773447, 8734216
circular-read-total, 7, 15, 13777344700, 21981, 209227
read-start, 3, 16, 2066601705, 137773447, 8738108
circular-read-total, 3, 15, 13777344700, 24656, 103970
read-start, 4, 16, 2066601705, 137773447, 8738465
circular-read-total, 4, 15, 13777344700, 35688, 104339
read-start, 5, 16, 2066601705, 137773447, 8740386
circular-read-total, 5, 15, 13777344700, 24865, 207891
read-start, 6, 16, 2066601705, 137773447, 8745670
circular-read-total, 6, 15, 13777344700, 52764, 112228
read-wait, 6, 16, 12490
read, 6, 16, 2066601705, 137773447, 456904
circular-read-start, 6, 16, 13777344700, 9202575
read-wait, 7, 16, 469513
read, 7, 16, 2066601705, 137773447, 469513
circular-read-start, 7, 16, 13777344700, 9203730
read-wait, 8, 16, 473207
read, 8, 16, 2066601705, 137773447, 473207
circular-read-start, 8, 16, 13777344700, 9203772
read-wait, 5, 16, 463403
read, 5, 16, 2066601705, 137773447, 463405
circular-read-start, 5, 16, 13777344700, 9203792
read-wait, 4, 16, 465422
read, 4, 16, 2066601705, 137773447, 465422
circular-read-start, 4, 16, 13777344700, 9203887
read-wait, 3, 16, 465804
read, 3, 16, 2066601705, 137773447, 465804
circular-read-start, 3, 16, 13777344700, 9203912
read-start, 8, 17, 2204375152, 128958181, 9295927
circular-read-total, 8, 16, 13777344700, 60357, 92156
read-start, 5, 17, 2204375152, 128958181, 9297314
circular-read-total, 5, 16, 13777344700, 53528, 93522
read-start, 4, 17, 2204375152, 128958181, 9298129
circular-read-total, 4, 16, 13777344700, 59256, 94253
read-start, 7, 17, 2204375152, 128958181, 9298881
circular-read-total, 7, 16, 13777344700, 55118, 95151
read-start, 3, 17, 2204375152, 128958181, 9300958
circular-read-total, 3, 16, 13777344700, 49789, 97046
read-start, 6, 17, 2204375152, 128958181, 9303486
circular-read-total, 6, 16, 13777344700, 70861, 100911
read-wait, 8, 17, 14653
read, 8, 17, 2204375152, 128958181, 321116
circular-read-start, 8, 17, 12895818100, 9617045
read-wait, 5, 17, 320056
read, 5, 17, 2204375152, 128958181, 337666
circular-read-start, 5, 17, 12895818100, 9634983
read-wait, 7, 17, 337128
read, 7, 17, 2204375152, 128958181, 337128
circular-read-start, 7, 17, 12895818100, 9636010
read-wait, 6, 17, 332557
read, 6, 17, 2204375152, 128958181, 446289
circular-read-start, 6, 17, 12895818100, 9749776
read-wait, 4, 17, 452328
read, 4, 17, 2204375152, 128958181, 452328
circular-read-start, 4, 17, 12895818100, 9750458
read-wait, 3, 17, 449549
read, 3, 17, 2204375152, 128958181, 449550
circular-read-start, 3, 17, 12895818100, 9750509
circular-read-total, 8, 17, 12895818100, 20256, 222620
circular-read-total, 7, 17, 12895818100, 21867, 211422
circular-read-total, 5, 17, 12895818100, 23787, 213381
circular-read-total, 4, 17, 12895818100, 31322, 97922
circular-read-total, 3, 17, 12895818100, 28699, 98577
circular-read-total, 6, 17, 12895818100, 58685, 110633

cmd-read, 9873234
# Thu Oct 22 21:28:49 PDT 2015
# 4, 1400, 0, read
max-chunk, 3, 1, 137773447, 0
chunk-size, 137773447, 5227
disks, 1

size, 3, 2, 3500000000, 0
size, 4, 1, 3500000000, 0
size, 5, 1, 3500000000, 0
size, 6, 1, 3500000000, 0


read-start, 3, 1, 0, 137773447, 67
read-start, 4, 1, 0, 137773447, 67
read-start, 5, 1, 0, 137773447, 67
read-start, 6, 1, 0, 137773447, 67
read-wait, 3, 1, 0
read, 3, 1, 0, 137773447, 526788
circular-read-start, 3, 1, 13777344700, 526859
read-wait, 4, 1, 527257
read, 4, 1, 0, 137773447, 725564
circular-read-start, 4, 1, 13777344700, 725634
read-wait, 5, 1, 726627
read, 5, 1, 0, 137773447, 726630
circular-read-start, 5, 1, 13777344700, 726698
read-wait, 6, 1, 726651
read, 6, 1, 0, 137773447, 726651
circular-read-start, 6, 1, 13777344700, 726721
read-start, 3, 2, 137773447, 137773447, 761862
circular-read-total, 3, 1, 13777344700, 36506, 235019
read-start, 5, 2, 137773447, 137773447, 833524
circular-read-total, 5, 1, 13777344700, 92763, 106839
read-start, 6, 2, 137773447, 137773447, 834366
circular-read-total, 6, 1, 13777344700, 94482, 107656
read-start, 4, 2, 137773447, 137773447, 847141
circular-read-total, 4, 1, 13777344700, 112637, 121506
read-wait, 4, 2, 3284
read, 4, 2, 137773447, 137773447, 733256
circular-read-start, 4, 2, 13777344700, 1580398
read-wait, 5, 2, 747795
read, 5, 2, 137773447, 137773447, 747796
circular-read-start, 5, 2, 13777344700, 1581320
read-wait, 3, 2, 819485
read, 3, 2, 137773447, 137773447, 819485
circular-read-start, 3, 2, 13777344700, 1581350
read-wait, 6, 2, 747033
read, 6, 2, 137773447, 137773447, 747034
circular-read-start, 6, 2, 13777344700, 1581401
read-start, 6, 3, 275546894, 137773447, 1657569
circular-read-total, 6, 2, 13777344700, 73863, 76168
read-start, 5, 3, 275546894, 137773447, 1660265
circular-read-total, 5, 2, 13777344700, 76611, 78944
read-start, 3, 3, 275546894, 137773447, 1662407
circular-read-total, 3, 2, 13777344700, 78425, 81056
read-start, 4, 3, 275546894, 137773447, 1697897
circular-read-total, 4, 2, 13777344700, 103338, 117496
read-wait, 4, 3, 1355
read, 4, 3, 275546894, 137773447, 726817
circular-read-start, 4, 3, 13777344700, 2424717
read-wait, 5, 3, 765253
read, 5, 3, 275546894, 137773447, 765253
circular-read-start, 5, 3, 13777344700, 2425518
read-wait, 3, 3, 763187
read, 3, 3, 275546894, 137773447, 763188
circular-read-start, 3, 3, 13777344700, 2425596
read-wait, 6, 3, 768054
read, 6, 3, 275546894, 137773447, 768054
circular-read-start, 6, 3, 13777344700, 2425624
read-start, 6, 4, 413320341, 137773447, 2504844
circular-read-total, 6, 3, 13777344700, 76959, 79220
read-start, 3, 4, 413320341, 137773447, 2506039
circular-read-total, 3, 3, 13777344700, 78345, 80443
read-start, 5, 4, 413320341, 137773447, 2506335
circular-read-total, 5, 3, 13777344700, 78435, 80816
read-start, 4, 4, 413320341, 137773447, 2527200
circular-read-total, 4, 3, 13777344700, 88642, 102482
read-wait, 4, 4, 1295
read, 4, 4, 413320341, 137773447, 719918
circular-read-start, 4, 4, 13777344700, 3247118
read-wait, 5, 4, 741797
read, 5, 4, 413320341, 137773447, 741797
circular-read-start, 5, 4, 13777344700, 3248133
read-wait, 6, 4, 743349
read, 6, 4, 413320341, 137773447, 743349
circular-read-start, 6, 4, 13777344700, 3248194
read-wait, 3, 4, 742189
read, 3, 4, 413320341, 137773447, 742189
circular-read-start, 3, 4, 13777344700, 3248229
read-start, 5, 5, 551093788, 137773447, 3327912
circular-read-total, 5, 4, 13777344700, 77780, 79779
read-start, 6, 5, 551093788, 137773447, 3328275
circular-read-total, 6, 4, 13777344700, 76954, 80080
read-start, 3, 5, 551093788, 137773447, 3328621
circular-read-total, 3, 4, 13777344700, 78388, 80392
read-start, 4, 5, 551093788, 137773447, 3352760
circular-read-total, 4, 4, 13777344700, 98456, 105641
read-wait, 4, 5, 82
read, 4, 5, 551093788, 137773447, 709149
circular-read-start, 4, 5, 13777344700, 4061910
read-wait, 5, 5, 734971
read, 5, 5, 551093788, 137773447, 734971
circular-read-start, 5, 5, 13777344700, 4062883
read-wait, 6, 5, 734691
read, 6, 5, 551093788, 137773447, 734691
circular-read-start, 6, 5, 13777344700, 4062967
read-wait, 3, 5, 734392
read, 3, 5, 551093788, 137773447, 734392
circular-read-start, 3, 5, 13777344700, 4063014
read-start, 6, 6, 688867235, 137773447, 4155549
circular-read-total, 6, 5, 13777344700, 90577, 92585
read-start, 5, 6, 688867235, 137773447, 4155796
circular-read-total, 5, 5, 13777344700, 90911, 92912
read-start, 3, 6, 688867235, 137773447, 4157104
circular-read-total, 3, 5, 13777344700, 91537, 94089
read-start, 4, 6, 688867235, 137773447, 4165183
circular-read-total, 4, 5, 13777344700, 96714, 103273
read-wait, 4, 6, 2630
read, 4, 6, 688867235, 137773447, 721271
circular-read-start, 4, 6, 13777344700, 4886455
read-wait, 5, 6, 731531
read, 5, 6, 688867235, 137773447, 731543
circular-read-start, 5, 6, 13777344700, 4887339
read-wait, 3, 6, 730418
read, 3, 6, 688867235, 137773447, 730418
circular-read-start, 3, 6, 13777344700, 4887523
read-wait, 6, 6, 732026
read, 6, 6, 688867235, 137773447, 732026
circular-read-start, 6, 6, 13777344700, 4887576
read-start, 6, 7, 826640682, 137773447, 4982993
circular-read-total, 6, 6, 13777344700, 91616, 95417
read-start, 3, 7, 826640682, 137773447, 4987403
circular-read-total, 3, 6, 13777344700, 92741, 99891
read-start, 5, 7, 826640682, 137773447, 4997322
circular-read-total, 5, 6, 13777344700, 74685, 109982
read-start, 4, 7, 826640682, 137773447, 5011420
circular-read-total, 4, 6, 13777344700, 116248, 124964
read-wait, 5, 7, 15573
read, 5, 7, 826640682, 137773447, 512652
circular-read-start, 5, 7, 13777344700, 5509974
read-wait, 4, 7, 498925
read, 4, 7, 826640682, 137773447, 725374
circular-read-start, 4, 7, 13777344700, 5736795
read-wait, 6, 7, 754750
read, 6, 7, 826640682, 137773447, 754751
circular-read-start, 6, 7, 13777344700, 5737748
read-wait, 3, 7, 750391
read, 3, 7, 826640682, 137773447, 750391
circular-read-start, 3, 7, 13777344700, 5737794
read-start, 3, 8, 964414129, 137773447, 5822701
circular-read-total, 3, 7, 13777344700, 56407, 84907
read-start, 6, 8, 964414129, 137773447, 5823660
circular-read-total, 6, 7, 13777344700, 52997, 85912
read-start, 5, 8, 964414129, 137773447, 5824586
circular-read-total, 5, 7, 13777344700, 21942, 314613
read-start, 4, 8, 964414129, 137773447, 5848046
circular-read-total, 4, 7, 13777344700, 97929, 111251
read-wait, 4, 8, 713
read, 4, 8, 964414129, 137773447, 747320
circular-read-start, 4, 8, 13777344700, 6595371
read-wait, 5, 8, 772454
read, 5, 8, 964414129, 137773447, 772454
circular-read-start, 5, 8, 13777344700, 6597041
read-wait, 6, 8, 773451
read, 6, 8, 964414129, 137773447, 773451
circular-read-start, 6, 8, 13777344700, 6597111
read-wait, 3, 8, 774499
read, 3, 8, 964414129, 137773447, 774499
circular-read-start, 3, 8, 13777344700, 6597201
read-start, 6, 9, 1102187576, 137773447, 6693878
circular-read-total, 6, 8, 13777344700, 67678, 96767
read-start, 3, 9, 1102187576, 137773447, 6695995
circular-read-total, 3, 8, 13777344700, 68827, 98819
read-start, 5, 9, 1102187576, 137773447, 6704545
circular-read-total, 5, 8, 13777344700, 56131, 107504
read-start, 4, 9, 1102187576, 137773447, 6725354
circular-read-total, 4, 8, 13777344700, 117910, 129983
read-wait, 4, 9, 174
read, 4, 9, 1102187576, 137773447, 769913
circular-read-start, 4, 9, 13777344700, 7495274
read-wait, 5, 9, 791841
read, 5, 9, 1102187576, 137773447, 791841
circular-read-start, 5, 9, 13777344700, 7496387
read-wait, 6, 9, 802597
read, 6, 9, 1102187576, 137773447, 802597
circular-read-start, 6, 9, 13777344700, 7496476
read-wait, 3, 9, 800533
read, 3, 9, 1102187576, 137773447, 800534
circular-read-start, 3, 9, 13777344700, 7496529
read-start, 3, 10, 1239961023, 137773447, 7609994
circular-read-total, 3, 9, 13777344700, 51967, 113465
read-start, 6, 10, 1239961023, 137773447, 7614338
circular-read-total, 6, 9, 13777344700, 48002, 117861
read-start, 5, 10, 1239961023, 137773447, 7616411
circular-read-total, 5, 9, 13777344700, 46752, 120033
read-start, 4, 10, 1239961023, 137773447, 7661857
circular-read-total, 4, 9, 13777344700, 152721, 166582
read-wait, 4, 10, 71
read, 4, 10, 1239961023, 137773447, 738825
circular-read-start, 4, 10, 13777344700, 8400683
read-wait, 5, 10, 785518
read, 5, 10, 1239961023, 137773447, 785518
circular-read-start, 5, 10, 13777344700, 8401930
read-wait, 6, 10, 787632
read, 6, 10, 1239961023, 137773447, 787633
circular-read-start, 6, 10, 13777344700, 8401972
read-wait, 3, 10, 792020
read, 3, 10, 1239961023, 137773447, 792020
circular-read-start, 3, 10, 13777344700, 8402015
read-start, 3, 11, 1377734470, 137773447, 8495134
circular-read-total, 3, 10, 13777344700, 49320, 93122
read-start, 5, 11, 1377734470, 137773447, 8497354
circular-read-total, 5, 10, 13777344700, 41962, 95426
read-start, 6, 11, 1377734470, 137773447, 8500078
circular-read-total, 6, 10, 13777344700, 42236, 98109
read-start, 4, 11, 1377734470, 137773447, 8509737
circular-read-total, 4, 10, 13777344700, 90066, 109054
read-wait, 4, 11, 2890
read, 4, 11, 1377734470, 137773447, 761043
circular-read-start, 4, 11, 13777344700, 9270780
read-wait, 5, 11, 774165
read, 5, 11, 1377734470, 137773447, 774165
circular-read-start, 5, 11, 13777344700, 9271520
read-wait, 6, 11, 771491
read, 6, 11, 1377734470, 137773447, 771492
circular-read-start, 6, 11, 13777344700, 9271570
read-wait, 3, 11, 776619
read, 3, 11, 1377734470, 137773447, 776619
circular-read-start, 3, 11, 13777344700, 9271753
read-start, 3, 12, 1515507917, 137773447, 9354357
circular-read-total, 3, 11, 13777344700, 38108, 82604
read-start, 6, 12, 1515507917, 137773447, 9357731
circular-read-total, 6, 11, 13777344700, 36577, 86162
read-start, 5, 12, 1515507917, 137773447, 9360468
circular-read-total, 5, 11, 13777344700, 35208, 88947
read-start, 4, 12, 1515507917, 137773447, 9382282
circular-read-total, 4, 11, 13777344700, 96729, 111500
read-wait, 4, 12, 26
read, 4, 12, 1515507917, 137773447, 609100
circular-read-start, 4, 12, 13777344700, 9991383
read-wait, 5, 12, 631446
read, 5, 12, 1515507917, 137773447, 631446
circular-read-start, 5, 12, 13777344700, 9991914
read-wait, 6, 12, 634237
read, 6, 12, 1515507917, 137773447, 634237
circular-read-start, 6, 12, 13777344700, 9991969
read-wait, 3, 12, 637637
read, 3, 12, 1515507917, 137773447, 637637
circular-read-start, 3, 12, 13777344700, 9991994
read-start, 3, 13, 1653281364, 137773447, 10061040
circular-read-total, 3, 12, 13777344700, 59642, 69045
read-start, 6, 13, 1653281364, 137773447, 10062142
circular-read-total, 6, 12, 13777344700, 51745, 70173
read-start, 5, 13, 1653281364, 137773447, 10063641
circular-read-total, 5, 12, 13777344700, 49525, 71726
read-start, 4, 13, 1653281364, 137773447, 10064133
circular-read-total, 4, 12, 13777344700, 64701, 72750
read-wait, 4, 13, 1492
read, 4, 13, 1653281364, 137773447, 514475
circular-read-start, 4, 13, 13777344700, 10578615
read-wait, 5, 13, 515815
read, 5, 13, 1653281364, 137773447, 515815
circular-read-start, 5, 13, 13777344700, 10579456
read-wait, 6, 13, 517365
read, 6, 13, 1653281364, 137773447, 517365
circular-read-start, 6, 13, 13777344700, 10579508
read-wait, 3, 13, 518557
read, 3, 13, 1653281364, 137773447, 518557
circular-read-start, 3, 13, 13777344700, 10579597
read-start, 3, 14, 1791054811, 137773447, 10643899
circular-read-total, 3, 13, 13777344700, 57954, 64304
read-start, 6, 14, 1791054811, 137773447, 10644799
circular-read-total, 6, 13, 13777344700, 50327, 65290
read-start, 5, 14, 1791054811, 137773447, 10645826
circular-read-total, 5, 13, 13777344700, 53850, 66370
read-start, 4, 14, 1791054811, 137773447, 10648318
circular-read-total, 4, 13, 13777344700, 63702, 69700
read-wait, 4, 14, 2425
read, 4, 14, 1791054811, 137773447, 508375
circular-read-start, 4, 14, 13777344700, 11156697
read-wait, 5, 14, 511867
read, 5, 14, 1791054811, 137773447, 511867
circular-read-start, 5, 14, 13777344700, 11157694
read-wait, 6, 14, 513105
read, 6, 14, 1791054811, 137773447, 513105
circular-read-start, 6, 14, 13777344700, 11157904
read-wait, 3, 14, 514059
read, 3, 14, 1791054811, 137773447, 514059
circular-read-start, 3, 14, 13777344700, 11157960
read-start, 6, 15, 1928828258, 137773447, 11220227
circular-read-total, 6, 14, 13777344700, 49234, 62322
read-start, 5, 15, 1928828258, 137773447, 11220348
circular-read-total, 5, 14, 13777344700, 52343, 62653
read-start, 3, 15, 1928828258, 137773447, 11221465
circular-read-total, 3, 14, 13777344700, 57395, 63505
read-start, 4, 15, 1928828258, 137773447, 11222096
circular-read-total, 4, 14, 13777344700, 61762, 65399
read-wait, 4, 15, 433
read, 4, 15, 1928828258, 137773447, 500315
circular-read-start, 4, 15, 13777344700, 11722412
read-wait, 5, 15, 502786
read, 5, 15, 1928828258, 137773447, 502786
circular-read-start, 5, 15, 13777344700, 11723135
read-wait, 6, 15, 502947
read, 6, 15, 1928828258, 137773447, 502947
circular-read-start, 6, 15, 13777344700, 11723174
read-wait, 3, 15, 501974
read, 3, 15, 1928828258, 137773447, 501975
circular-read-start, 3, 15, 13777344700, 11723440
read-start, 6, 16, 2066601705, 137773447, 11785152
circular-read-total, 6, 15, 13777344700, 52279, 61979
read-start, 5, 16, 2066601705, 137773447, 11785636
circular-read-total, 5, 15, 13777344700, 51763, 62501
read-start, 3, 16, 2066601705, 137773447, 11786870
circular-read-total, 3, 15, 13777344700, 57870, 63429
read-start, 4, 16, 2066601705, 137773447, 11786940
circular-read-total, 4, 15, 13777344700, 61109, 64527
read-wait, 4, 16, 373
read, 4, 16, 2066601705, 137773447, 495502
circular-read-start, 4, 16, 13777344700, 12282448
read-wait, 5, 16, 497299
read, 5, 16, 2066601705, 137773447, 497299
circular-read-start, 5, 16, 13777344700, 12282935
read-wait, 6, 16, 497813
read, 6, 16, 2066601705, 137773447, 497813
circular-read-start, 6, 16, 13777344700, 12282966
read-wait, 3, 16, 496166
read, 3, 16, 2066601705, 137773447, 499094
circular-read-start, 3, 16, 13777344700, 12285964
read-start, 4, 17, 2204375152, 137773447, 12342681
circular-read-total, 4, 16, 13777344700, 52242, 60233
read-start, 6, 17, 2204375152, 137773447, 12343225
circular-read-total, 6, 16, 13777344700, 44766, 60259
read-start, 5, 17, 2204375152, 137773447, 12343691
circular-read-total, 5, 16, 13777344700, 41826, 60755
read-start, 3, 17, 2204375152, 137773447, 12344105
circular-read-total, 3, 16, 13777344700, 51682, 58141
read-wait, 4, 17, 2092
read, 4, 17, 2204375152, 137773447, 495561
circular-read-start, 4, 17, 13777344700, 12838247
read-wait, 5, 17, 495180
read, 5, 17, 2204375152, 137773447, 495180
circular-read-start, 5, 17, 13777344700, 12838872
read-wait, 6, 17, 495705
read, 6, 17, 2204375152, 137773447, 495706
circular-read-start, 6, 17, 13777344700, 12838932
read-wait, 3, 17, 494919
read, 3, 17, 2204375152, 137773447, 499204
circular-read-start, 3, 17, 13777344700, 12843311
read-start, 3, 18, 2342148599, 137773447, 12897380
circular-read-total, 3, 17, 13777344700, 47509, 54070
read-start, 4, 18, 2342148599, 137773447, 12897390
circular-read-total, 4, 17, 13777344700, 50268, 59142
read-start, 6, 18, 2342148599, 137773447, 12897530
circular-read-total, 6, 17, 13777344700, 42712, 58597
read-start, 5, 18, 2342148599, 137773447, 12898042
circular-read-total, 5, 17, 13777344700, 43850, 59169
read-wait, 4, 18, 3924
read, 4, 18, 2342148599, 137773447, 494534
circular-read-start, 4, 18, 13777344700, 13391924
read-wait, 5, 18, 494544
read, 5, 18, 2342148599, 137773447, 494933
circular-read-start, 5, 18, 13777344700, 13392976
read-wait, 6, 18, 495928
read, 6, 18, 2342148599, 137773447, 495928
circular-read-start, 6, 18, 13777344700, 13393459
read-wait, 3, 18, 496326
read, 3, 18, 2342148599, 137773447, 499401
circular-read-start, 3, 18, 13777344700, 13396781
read-start, 4, 19, 2479922046, 137773447, 13450939
circular-read-total, 4, 18, 13777344700, 56492, 59016
read-start, 6, 19, 2479922046, 137773447, 13457918
circular-read-total, 6, 18, 13777344700, 50444, 64458
read-start, 5, 19, 2479922046, 137773447, 13459448
circular-read-total, 5, 18, 13777344700, 45525, 66472
read-start, 3, 19, 2479922046, 137773447, 13459718
circular-read-total, 3, 18, 13777344700, 57748, 62936
read-wait, 4, 19, 12166
read, 4, 19, 2479922046, 137773447, 495270
circular-read-start, 4, 19, 13777344700, 13946213
read-wait, 5, 19, 487382
read, 5, 19, 2479922046, 137773447, 494734
circular-read-start, 5, 19, 13777344700, 13954183
read-wait, 6, 19, 496842
read, 6, 19, 2479922046, 137773447, 496842
circular-read-start, 6, 19, 13777344700, 13954761
read-wait, 3, 19, 495276
read, 3, 19, 2479922046, 137773447, 498298
circular-read-start, 3, 19, 13777344700, 13958017
read-start, 6, 20, 2617695493, 137773447, 14010331
circular-read-total, 6, 19, 13777344700, 49663, 55569
read-start, 4, 20, 2617695493, 137773447, 14013166
circular-read-total, 4, 19, 13777344700, 33891, 66952
read-start, 3, 20, 2617695493, 137773447, 14016751
circular-read-total, 3, 19, 13777344700, 48228, 58733
read-start, 5, 20, 2617695493, 137773447, 14018713
circular-read-total, 5, 19, 13777344700, 41264, 64530
read-wait, 5, 20, 6424
read, 5, 20, 2617695493, 137773447, 495225
circular-read-start, 5, 20, 13777344700, 14513939
read-wait, 4, 20, 501306
read, 4, 20, 2617695493, 137773447, 501307
circular-read-start, 4, 20, 13777344700, 14514474
read-wait, 6, 20, 504187
read, 6, 20, 2617695493, 137773447, 504187
circular-read-start, 6, 20, 13777344700, 14514519
read-wait, 3, 20, 497843
read, 3, 20, 2617695493, 137773447, 499036
circular-read-start, 3, 20, 13777344700, 14515788
read-start, 4, 21, 2755468940, 137773447, 14575124
circular-read-total, 4, 20, 13777344700, 53952, 60650
read-start, 3, 21, 2755468940, 137773447, 14575406
circular-read-total, 3, 20, 13777344700, 52592, 59617
read-start, 6, 21, 2755468940, 137773447, 14575496
circular-read-total, 6, 20, 13777344700, 47303, 60977
read-start, 5, 21, 2755468940, 137773447, 14575648
circular-read-total, 5, 20, 13777344700, 48043, 61709
read-wait, 4, 21, 1942
read, 4, 21, 2755468940, 137773447, 494503
circular-read-start, 4, 21, 13777344700, 15069627
read-wait, 5, 21, 494445
read, 5, 21, 2755468940, 137773447, 494502
circular-read-start, 5, 21, 13777344700, 15070151
read-wait, 6, 21, 494987
read, 6, 21, 2755468940, 137773447, 494987
circular-read-start, 6, 21, 13777344700, 15070484
read-wait, 3, 21, 495170
read, 3, 21, 2755468940, 137773447, 498862
circular-read-start, 3, 21, 13777344700, 15074268
read-start, 6, 22, 2893242387, 137773447, 15131564
circular-read-total, 6, 21, 13777344700, 49921, 61079
read-start, 4, 22, 2893242387, 137773447, 15132630
circular-read-total, 4, 21, 13777344700, 54482, 63002
read-start, 3, 22, 2893242387, 137773447, 15133898
circular-read-total, 3, 21, 13777344700, 52390, 59630
read-start, 5, 22, 2893242387, 137773447, 15134374
circular-read-total, 5, 21, 13777344700, 43356, 64223
read-wait, 5, 22, 3173
read, 5, 22, 2893242387, 137773447, 494613
circular-read-start, 5, 22, 13777344700, 15628988
read-wait, 6, 22, 497903
read, 6, 22, 2893242387, 137773447, 497903
circular-read-start, 6, 22, 13777344700, 15629467
read-wait, 4, 22, 496856
read, 4, 22, 2893242387, 137773447, 496856
circular-read-start, 4, 22, 13777344700, 15629486
read-wait, 3, 22, 495678
read, 3, 22, 2893242387, 137773447, 498296
circular-read-start, 3, 22, 13777344700, 15632195
read-start, 4, 23, 3031015834, 137773447, 15695505
circular-read-total, 4, 22, 13777344700, 64084, 66018
read-start, 5, 23, 3031015834, 137773447, 15699012
circular-read-total, 5, 22, 13777344700, 65761, 70026
read-start, 6, 23, 3031015834, 137773447, 15700525
circular-read-total, 6, 22, 13777344700, 55455, 71057
read-start, 3, 23, 3031015834, 137773447, 15703222
circular-read-total, 3, 22, 13777344700, 67597, 71026
read-wait, 5, 23, 6782
read, 5, 23, 3031015834, 137773447, 494954
circular-read-start, 5, 23, 13777344700, 16193971
read-wait, 6, 23, 493937
read, 6, 23, 3031015834, 137773447, 493937
circular-read-start, 6, 23, 13777344700, 16194463
read-wait, 4, 23, 499001
read, 4, 23, 3031015834, 137773447, 499001
circular-read-start, 4, 23, 13777344700, 16194506
read-wait, 3, 23, 491344
read, 3, 23, 3031015834, 137773447, 499055
circular-read-start, 3, 23, 13777344700, 16202279
read-start, 4, 24, 3168789281, 137773447, 16248823
circular-read-total, 4, 23, 13777344700, 51050, 54316
read-start, 3, 24, 3168789281, 137773447, 16255180
circular-read-total, 3, 23, 13777344700, 42311, 52900
read-start, 6, 24, 3168789281, 137773447, 16256357
circular-read-total, 6, 23, 13777344700, 35486, 61899
read-start, 5, 24, 3168789281, 137773447, 16257746
circular-read-total, 5, 23, 13777344700, 35351, 63776
read-wait, 5, 24, 4286
read, 5, 24, 3168789281, 137773447, 494662
circular-read-start, 5, 24, 13777344700, 16752408
read-wait, 6, 24, 496381
read, 6, 24, 3168789281, 137773447, 496382
circular-read-start, 6, 24, 13777344700, 16752739
read-wait, 4, 24, 503928
read, 4, 24, 3168789281, 137773447, 503928
circular-read-start, 4, 24, 13777344700, 16752752
read-wait, 3, 24, 497639
read, 3, 24, 3168789281, 137773447, 497995
circular-read-start, 3, 24, 13777344700, 16753175
read-start, 6, 25, 3306562728, 137773447, 16819548
circular-read-total, 6, 24, 13777344700, 58153, 66809
read-start, 5, 25, 3306562728, 137773447, 16819809
circular-read-total, 5, 24, 13777344700, 55476, 67400
read-start, 4, 25, 3306562728, 137773447, 16820441
circular-read-total, 4, 24, 13777344700, 64786, 67689
read-start, 3, 25, 3306562728, 137773447, 16821900
circular-read-total, 3, 24, 13777344700, 63126, 68724
read-wait, 6, 25, 3350
read, 6, 25, 3306562728, 137773447, 479905
circular-read-start, 6, 25, 13777344700, 17299457
read-wait, 4, 25, 479506
read, 4, 25, 3306562728, 137773447, 493675
circular-read-start, 4, 25, 13777344700, 17314117
read-wait, 5, 25, 494761
read, 5, 25, 3306562728, 137773447, 495171
circular-read-start, 5, 25, 13777344700, 17314980
read-wait, 3, 25, 493614
read, 3, 25, 3306562728, 137773447, 496531
circular-read-start, 3, 25, 13777344700, 17318432
read-start, 6, 26, 3444336175, 55663825, 17378996
circular-read-total, 6, 25, 13777344700, 28392, 79538
read-start, 3, 26, 3444336175, 55663825, 17380164
circular-read-total, 3, 25, 13777344700, 49554, 61733
read-start, 4, 26, 3444336175, 55663825, 17380827
circular-read-total, 4, 25, 13777344700, 47172, 66711
read-start, 5, 26, 3444336175, 55663825, 17381898
circular-read-total, 5, 25, 13777344700, 39157, 66918
read-wait, 6, 26, 8749
read, 6, 26, 3444336175, 55663825, 479026
circular-read-start, 6, 26, 5566382500, 17858022
read-wait, 4, 26, 477622
read, 4, 26, 3444336175, 55663825, 493077
circular-read-start, 4, 26, 5566382500, 17873904
read-wait, 5, 26, 493158
read, 5, 26, 3444336175, 55663825, 494884
circular-read-start, 5, 26, 5566382500, 17876783
read-wait, 3, 26, 497090
read, 3, 26, 3444336175, 55663825, 497090
circular-read-start, 3, 26, 5566382500, 17877255
circular-read-total, 6, 26, 5566382500, 13680, 35588
circular-read-total, 4, 26, 5566382500, 21683, 22869
circular-read-total, 5, 26, 5566382500, 23276, 25186
circular-read-total, 3, 26, 5566382500, 24156, 26097

cmd-read, 17909854
