# Thu Oct 22 12:11:40 PDT 2015
record-value, 112
seek-chunk, 137773447
open: No such file or directory
# Thu Oct 22 12:14:28 PDT 2015
record-value, 112
seek-chunk, 137773447
file, 4, 50000000

read-start, 1, 0, 1, 4942
circular-read-start, 4, 1, 5000000000, 4942
circular-read-total, 4, 1, 5000000000, 6952, 7253
linear-scan, 0, 7253
read, 1, 1, 7253
network, 1, 0

exit, 12197
# Thu Oct 22 12:48:37 PDT 2015
record-value, 112
seek-chunk, 137773447
file, 4, 1400000000

read-start, 1, 0, 137773447, 45889
circular-read-start, 4, 1, 140000000000, 47006
circular-read-total, 4, 1, 140000000000, 186892, 200620
linear-scan, 201404
-sort , 33524, 48
-merge, 21141, 48
-last , 782
read, 1, 137773447, 202521
network, 1, 125079

read-start, 2, 137773447, 137773447, 373524
circular-read-start, 4, 2, 140000000000, 373854
circular-read-total, 4, 2, 140000000000, 186622, 206782
linear-scan, 207161
-sort , 32064, 47
-merge, 20231, 47
-last , 377
read, 2, 137773447, 207491
network, 2, 116707

read-start, 3, 275546894, 137773447, 697771
circular-read-start, 4, 3, 140000000000, 698101
circular-read-total, 4, 3, 140000000000, 186674, 203448
linear-scan, 204090
-sort , 30976, 45
-merge, 19602, 45
-last , 640
read, 3, 137773447, 204420
network, 3, 100458

read-start, 4, 413320341, 137773447, 1002689
circular-read-start, 4, 4, 140000000000, 1003020
circular-read-total, 4, 4, 140000000000, 186826, 198606
linear-scan, 199335
-sort , 29707, 43
-merge, 18884, 43
-last , 727
read, 4, 137773447, 199666
network, 4, 108968

read-start, 5, 551093788, 137773447, 1311374
circular-read-start, 4, 5, 140000000000, 1311701
circular-read-total, 4, 5, 140000000000, 186973, 195492
linear-scan, 196068
-sort , 28584, 41
-merge, 18233, 41
-last , 574
read, 5, 137773447, 196395
network, 5, 88546

read-start, 6, 688867235, 137773447, 1596367
circular-read-start, 4, 6, 140000000000, 1596690
circular-read-total, 4, 6, 140000000000, 186875, 192316
linear-scan, 193268
-sort , 26723, 38
-merge, 17174, 38
-last , 950
read, 6, 137773447, 193592
network, 6, 99940

read-start, 7, 826640682, 137773447, 1889945
circular-read-start, 4, 7, 140000000000, 1890276
circular-read-total, 4, 7, 140000000000, 186827, 192164
linear-scan, 193003
-sort , 24640, 35
-merge, 15966, 35
-last , 836
read, 7, 137773447, 193333
network, 7, 104139

read-start, 8, 964414129, 137773447, 2187456
circular-read-start, 4, 8, 140000000000, 2187784
circular-read-total, 4, 8, 140000000000, 186575, 191921
linear-scan, 192775
-sort , 21814, 31
-merge, 14265, 31
-last , 852
read, 8, 137773447, 193103
network, 8, 100701

read-start, 9, 1102187576, 137773447, 2481278
circular-read-start, 4, 9, 140000000000, 2481604
circular-read-total, 4, 9, 140000000000, 186747, 192044
linear-scan, 192479
-sort , 17966, 26
-merge, 12073, 26
-last , 433
read, 9, 137773447, 192805
network, 9, 110759

read-start, 10, 1239961023, 137773447, 2784860
circular-read-start, 4, 10, 140000000000, 2785173
circular-read-total, 4, 10, 140000000000, 186900, 192290
linear-scan, 192731
-sort , 10046, 17
-merge, 7585, 17
-last , 439
read, 10, 137773447, 193044
network, 10, 102307

read-start, 11, 1377734470, 22265530, 3080274
circular-read-start, 4, 11, 140000000000, 3080329
circular-read-total, 4, 11, 140000000000, 186831, 192063
linear-scan, 192113
-sort , 1305, 8
-merge, 621, 8
-last , 49
read, 11, 22265530, 192167
network, 11, 30696

exit, 3311047
# Thu Oct 22 14:34:32 PDT 2015
record-value, 112
seek-chunk, 137773447
file, 4, 1750000000

read-start, 1, 0, 137773447, 37460
circular-read-start, 4, 1, 175000000000, 39974
circular-read-total, 4, 1, 175000000000, 234758, 258614
linear-scan, 259668
-sort , 36961, 51
-merge, 25428, 51
-last , 1051
read, 1, 137773447, 262181
network, 1, 193025

read-start, 2, 137773447, 137773447, 492729
circular-read-start, 4, 2, 175000000000, 493685
circular-read-total, 4, 2, 175000000000, 233991, 267083
linear-scan, 267950
-sort , 36092, 50
-merge, 24444, 50
-last , 865
read, 2, 137773447, 268907
network, 2, 228664

read-start, 3, 275546894, 137773447, 990320
circular-read-start, 4, 3, 175000000000, 991276
circular-read-total, 4, 3, 175000000000, 233919, 263574
linear-scan, 264295
-sort , 35481, 49
-merge, 24605, 49
-last , 720
read, 3, 137773447, 265251
network, 3, 219472

read-start, 4, 413320341, 137773447, 1475065
circular-read-start, 4, 4, 175000000000, 1476037
circular-read-total, 4, 4, 175000000000, 233866, 258920
linear-scan, 259958
-sort , 34435, 47
-merge, 23608, 47
-last , 1036
read, 4, 137773447, 260931
network, 4, 183758

read-start, 5, 551093788, 137773447, 1919778
circular-read-start, 4, 5, 175000000000, 1920761
circular-read-total, 4, 5, 175000000000, 234233, 254932
linear-scan, 255527
-sort , 32092, 46
-merge, 22535, 46
-last , 594
read, 5, 137773447, 256511
network, 5, 238273

read-start, 6, 688867235, 137773447, 2414617
circular-read-start, 4, 6, 175000000000, 2415568
circular-read-total, 4, 6, 175000000000, 234451, 250623
linear-scan, 251419
-sort , 30892, 44
-merge, 21470, 44
-last , 794
read, 6, 137773447, 252370
network, 6, 199741

read-start, 7, 826640682, 137773447, 2866753
circular-read-start, 4, 7, 175000000000, 2867722
circular-read-total, 4, 7, 175000000000, 234357, 244022
linear-scan, 244814
-sort , 29454, 42
-merge, 21052, 42
-last , 791
read, 7, 137773447, 245784
network, 7, 219511

read-start, 8, 964414129, 137773447, 3332083
circular-read-start, 4, 8, 175000000000, 3333034
circular-read-total, 4, 8, 175000000000, 234569, 241845
linear-scan, 242345
-sort , 27775, 40
-merge, 20600, 40
-last , 498
read, 8, 137773447, 243297
network, 8, 261219

read-start, 9, 1102187576, 137773447, 3836669
circular-read-start, 4, 9, 175000000000, 3837662
circular-read-total, 4, 9, 175000000000, 234399, 241600
linear-scan, 242280
-sort , 25898, 37
-merge, 19266, 37
-last , 679
read, 9, 137773447, 243273
network, 9, 232893

read-start, 10, 1239961023, 137773447, 4312901
circular-read-start, 4, 10, 175000000000, 4313884
circular-read-total, 4, 10, 175000000000, 234424, 241621
linear-scan, 242504
-sort , 23285, 33
-merge, 17540, 33
-last , 881
read, 10, 137773447, 243487
network, 10, 238871

read-start, 11, 1377734470, 137773447, 4795304
circular-read-start, 4, 11, 175000000000, 4796299
circular-read-total, 4, 11, 175000000000, 234307, 241446
linear-scan, 242111
-sort , 20017, 29
-merge, 15736, 29
-last , 663
read, 11, 137773447, 243107
network, 11, 227893

read-start, 12, 1515507917, 137773447, 5266342
circular-read-start, 4, 12, 175000000000, 5267316
circular-read-total, 4, 12, 175000000000, 233900, 241074
linear-scan, 241824
-sort , 15258, 22
-merge, 12772, 22
-last , 748
read, 12, 137773447, 242798
network, 12, 219061

read-start, 13, 1653281364, 96718636, 5728233
circular-read-start, 4, 13, 175000000000, 5728921
circular-read-total, 4, 13, 175000000000, 233736, 240744
linear-scan, 241353
-sort , 5632, 14
-merge, 6450, 14
-last , 608
read, 13, 96718636, 242041
network, 13, 173195

exit, 6193023
# Thu Oct 22 16:39:14 PDT 2015
record-value, 112
seek-chunk, 137773447
file, 4, 2333333333

read-start, 1, 0, 137773447, 26600
circular-read-start, 4, 1, 233333333300, 28710
circular-read-total, 4, 1, 233333333300, 312867, 337301
linear-scan, 338255
-sort , 38152, 56
-merge, 25765, 56
-last , 228
read, 1, 137773447, 340366
network, 1, 251680

read-start, 2, 137773447, 137773447, 618667
circular-read-start, 4, 2, 233333333300, 619463
circular-read-total, 4, 2, 233333333300, 311770, 348691
linear-scan, 349101
-sort , 37482, 55
-merge, 25748, 55
-last , 408
read, 2, 137773447, 349898
network, 2, 275823

read-start, 3, 275546894, 137773447, 1244474
circular-read-start, 4, 3, 233333333300, 1245407
circular-read-total, 4, 3, 233333333300, 311739, 344341
linear-scan, 344807
-sort , 36607, 54
-merge, 25503, 54
-last , 463
read, 3, 137773447, 345740
network, 3, 266477

read-start, 4, 413320341, 137773447, 1856709
circular-read-start, 4, 4, 233333333300, 1857622
circular-read-total, 4, 4, 233333333300, 311567, 341251
linear-scan, 341721
-sort , 36503, 53
-merge, 24764, 53
-last , 468
read, 4, 137773447, 342635
network, 4, 247352

read-start, 5, 551093788, 137773447, 2446719
circular-read-start, 4, 5, 233333333300, 2447501
circular-read-total, 4, 5, 233333333300, 311620, 336481
linear-scan, 336867
-sort , 35741, 52
-merge, 24564, 52
-last , 384
read, 5, 137773447, 337650
network, 5, 258021

read-start, 6, 688867235, 137773447, 3042410
circular-read-start, 4, 6, 233333333300, 3043120
circular-read-total, 4, 6, 233333333300, 311489, 333720
linear-scan, 334630
-sort , 36011, 50
-merge, 24025, 50
-last , 908
read, 6, 137773447, 335341
network, 6, 257737

read-start, 7, 826640682, 137773447, 3635509
circular-read-start, 4, 7, 233333333300, 3636243
circular-read-total, 4, 7, 233333333300, 311250, 331264
linear-scan, 331974
-sort , 34737, 49
-merge, 23607, 49
-last , 707
read, 7, 137773447, 332708
network, 7, 265644

read-start, 8, 964414129, 137773447, 4233904
circular-read-start, 4, 8, 233333333300, 4234792
circular-read-total, 4, 8, 233333333300, 310982, 327526
linear-scan, 328112
-sort , 34058, 48
-merge, 23328, 48
-last , 584
read, 8, 137773447, 329000
network, 8, 253533

read-start, 9, 1102187576, 137773447, 4816449
circular-read-start, 4, 9, 233333333300, 4817371
circular-read-total, 4, 9, 233333333300, 311038, 324427
linear-scan, 325297
-sort , 33011, 46
-merge, 22550, 46
-last , 866
read, 9, 137773447, 326219
network, 9, 246013

read-start, 10, 1239961023, 137773447, 5388716
circular-read-start, 4, 10, 233333333300, 5389567
circular-read-total, 4, 10, 233333333300, 311063, 321360
linear-scan, 321949
-sort , 31639, 45
-merge, 22171, 45
-last , 259
read, 10, 137773447, 322801
network, 10, 250897

read-start, 11, 1377734470, 137773447, 5962433
circular-read-start, 4, 11, 233333333300, 5963157
circular-read-total, 4, 11, 233333333300, 311154, 319790
linear-scan, 320148
-sort , 30356, 43
-merge, 21973, 43
-last , 357
read, 11, 137773447, 320872
network, 11, 246709

read-start, 12, 1515507917, 137773447, 6530043
circular-read-start, 4, 12, 233333333300, 6530878
circular-read-total, 4, 12, 233333333300, 311005, 319757
linear-scan, 320562
-sort , 28530, 40
-merge, 20577, 40
-last , 803
read, 12, 137773447, 321398
network, 12, 248919

read-start, 13, 1653281364, 137773447, 7100413
circular-read-start, 4, 13, 233333333300, 7101300
circular-read-total, 4, 13, 233333333300, 311007, 319759
linear-scan, 320254
-sort , 27069, 38
-merge, 19815, 38
-last , 492
read, 13, 137773447, 321141
network, 13, 233907

read-start, 14, 1791054811, 137773447, 7655491
circular-read-start, 4, 14, 233333333300, 7656334
circular-read-total, 4, 14, 233333333300, 310975, 319652
linear-scan, 320599
-sort , 24444, 34
-merge, 17888, 34
-last , 945
read, 14, 137773447, 321442
network, 14, 230234

read-start, 15, 1928828258, 137773447, 8207204
circular-read-start, 4, 15, 233333333300, 8208097
circular-read-total, 4, 15, 233333333300, 310148, 319034
linear-scan, 319712
-sort , 20854, 30
-merge, 15724, 30
-last , 675
read, 15, 137773447, 320606
network, 15, 229232

read-start, 16, 2066601705, 137773447, 8757103
circular-read-start, 4, 16, 233333333300, 8757987
circular-read-total, 4, 16, 233333333300, 310312, 319121
linear-scan, 319756
-sort , 16294, 24
-merge, 12810, 24
-last , 634
read, 16, 137773447, 320641
network, 16, 244712

read-start, 17, 2204375152, 128958181, 9322467
circular-read-start, 4, 17, 233333333300, 9323276
circular-read-total, 4, 17, 233333333300, 310465, 319220
linear-scan, 320298
-sort , 7681, 15
-merge, 8513, 15
-last , 218
read, 17, 128958181, 321108
network, 17, 222588

exit, 9899831
# Thu Oct 22 21:28:49 PDT 2015
record-value, 112
seek-chunk, 137773447
file, 4, 3500000000

read-start, 1, 0, 137773447, 17262
circular-read-start, 4, 1, 350000000000, 19633
circular-read-total, 4, 1, 350000000000, 467652, 500204
linear-scan, 501158
-sort , 43074, 61
-merge, 29784, 61
-last , 950
read, 1, 137773447, 503529
network, 1, 330743

read-start, 2, 137773447, 137773447, 851562
circular-read-start, 4, 2, 350000000000, 852505
circular-read-total, 4, 2, 350000000000, 466738, 513663
linear-scan, 514268
-sort , 42130, 61
-merge, 30280, 61
-last , 602
read, 2, 137773447, 515212
network, 2, 307979

read-start, 3, 275546894, 137773447, 1674765
circular-read-start, 4, 3, 350000000000, 1675768
circular-read-total, 4, 3, 350000000000, 466628, 512509
linear-scan, 513351
-sort , 41822, 60
-merge, 29602, 60
-last , 840
read, 3, 137773447, 514355
network, 3, 332903

read-start, 4, 413320341, 137773447, 2522040
circular-read-start, 4, 4, 350000000000, 2523053
circular-read-total, 4, 4, 350000000000, 466628, 511215
linear-scan, 511580
-sort , 41175, 60
-merge, 29688, 60
-last , 363
read, 4, 137773447, 512593
network, 4, 310821

read-start, 5, 551093788, 137773447, 3345471
circular-read-start, 4, 5, 350000000000, 3346493
circular-read-total, 4, 5, 350000000000, 466715, 509154
linear-scan, 509758
-sort , 40845, 59
-merge, 29144, 59
-last , 601
read, 5, 137773447, 510780
network, 5, 316466

read-start, 6, 688867235, 137773447, 4172748
circular-read-start, 4, 6, 350000000000, 4173735
circular-read-total, 4, 6, 350000000000, 466404, 503417
linear-scan, 504196
-sort , 39690, 58
-merge, 27997, 58
-last , 777
read, 6, 137773447, 505183
network, 6, 322246

read-start, 7, 826640682, 137773447, 5000189
circular-read-start, 4, 7, 350000000000, 5001097
circular-read-total, 4, 7, 350000000000, 466368, 505179
linear-scan, 506207
-sort , 39855, 57
-merge, 28883, 57
-last , 1026
read, 7, 137773447, 507114
network, 7, 333510

read-start, 8, 964414129, 137773447, 5840856
circular-read-start, 4, 8, 350000000000, 5841797
circular-read-total, 4, 8, 350000000000, 466020, 497988
linear-scan, 498515
-sort , 38760, 57
-merge, 27812, 57
-last , 525
read, 8, 137773447, 499457
network, 8, 370660

read-start, 9, 1102187576, 137773447, 6711074
circular-read-start, 4, 9, 350000000000, 6711983
circular-read-total, 4, 9, 350000000000, 466165, 498667
linear-scan, 499285
-sort , 38795, 56
-merge, 28065, 56
-last , 616
read, 9, 137773447, 500195
network, 9, 420251

read-start, 10, 1239961023, 137773447, 7631533
circular-read-start, 4, 10, 350000000000, 7632444
circular-read-total, 4, 10, 350000000000, 466104, 493375
linear-scan, 494031
-sort , 40707, 55
-merge, 28853, 55
-last , 654
read, 10, 137773447, 494942
network, 10, 390784

read-start, 11, 1377734470, 137773447, 8517273
circular-read-start, 4, 11, 350000000000, 8518203
circular-read-total, 4, 11, 350000000000, 466155, 492774
linear-scan, 493544
-sort , 37575, 54
-merge, 27903, 54
-last , 768
read, 11, 137773447, 494475
network, 11, 363162

read-start, 12, 1515507917, 137773447, 9374927
circular-read-start, 4, 12, 350000000000, 9375884
circular-read-total, 4, 12, 350000000000, 466144, 489263
linear-scan, 490107
-sort , 37082, 53
-merge, 27182, 53
-last , 842
read, 12, 137773447, 491065
network, 12, 213329

read-start, 13, 1653281364, 137773447, 10079337
circular-read-start, 4, 13, 350000000000, 10080226
circular-read-total, 4, 13, 350000000000, 466111, 488155
linear-scan, 488997
-sort , 36334, 52
-merge, 27047, 52
-last , 841
read, 13, 137773447, 489887
network, 13, 92760

read-start, 14, 1791054811, 137773447, 10661993
circular-read-start, 4, 14, 350000000000, 10662727
circular-read-total, 4, 14, 350000000000, 466349, 485550
linear-scan, 486205
-sort , 35446, 51
-merge, 26417, 51
-last , 652
read, 14, 137773447, 486939
network, 14, 88436

read-start, 15, 1928828258, 137773447, 11237421
circular-read-start, 4, 15, 350000000000, 11238156
circular-read-total, 4, 15, 350000000000, 465868, 478905
linear-scan, 479491
-sort , 35208, 50
-merge, 26805, 50
-last , 583
read, 15, 137773447, 480226
network, 15, 84690

read-start, 16, 2066601705, 137773447, 11802347
circular-read-start, 4, 16, 350000000000, 11803177
circular-read-total, 4, 16, 350000000000, 465917, 478896
linear-scan, 479869
-sort , 34150, 48
-merge, 25987, 48
-last , 970
read, 16, 137773447, 480699
network, 16, 77366

read-start, 17, 2204375152, 137773447, 12360419
circular-read-start, 4, 17, 350000000000, 12361098
circular-read-total, 4, 17, 350000000000, 466186, 479099
linear-scan, 479714
-sort , 32695, 47
-merge, 25354, 47
-last , 613
read, 17, 137773447, 480393
network, 17, 73902

read-start, 18, 2342148599, 137773447, 12914724
circular-read-start, 4, 18, 350000000000, 12915501
circular-read-total, 4, 18, 350000000000, 465890, 478877
linear-scan, 479812
-sort , 31588, 45
-merge, 24168, 45
-last , 933
read, 18, 137773447, 480588
network, 18, 79755

read-start, 19, 2479922046, 137773447, 13475112
circular-read-start, 4, 19, 350000000000, 13475939
circular-read-total, 4, 19, 350000000000, 466036, 478940
linear-scan, 479608
-sort , 30157, 44
-merge, 23449, 44
-last , 317
read, 19, 137773447, 480436
network, 19, 71972

read-start, 20, 2617695493, 137773447, 14027525
circular-read-start, 4, 20, 350000000000, 14028189
circular-read-total, 4, 20, 350000000000, 465826, 478807
linear-scan, 479785
-sort , 28934, 41
-merge, 22878, 41
-last , 976
read, 20, 137773447, 480449
network, 20, 84709

read-start, 21, 2755468940, 137773447, 14592690
circular-read-start, 4, 21, 350000000000, 14593470
circular-read-total, 4, 21, 350000000000, 465662, 478659
linear-scan, 479244
-sort , 27075, 39
-merge, 21795, 39
-last , 583
read, 21, 137773447, 480024
network, 21, 75984

read-start, 22, 2893242387, 137773447, 15148757
circular-read-start, 4, 22, 350000000000, 15149594
circular-read-total, 4, 22, 350000000000, 465793, 478677
linear-scan, 479294
-sort , 24658, 36
-merge, 20389, 36
-last , 615
read, 22, 137773447, 480131
network, 22, 88816

read-start, 23, 3031015834, 137773447, 15717718
circular-read-start, 4, 23, 350000000000, 15718403
circular-read-total, 4, 23, 350000000000, 465574, 478454
linear-scan, 479274
-sort , 21701, 32
-merge, 17986, 32
-last , 818
read, 23, 137773447, 479958
network, 23, 75834

read-start, 24, 3168789281, 137773447, 16273550
circular-read-start, 4, 24, 350000000000, 16274266
circular-read-total, 4, 24, 350000000000, 465592, 478396
linear-scan, 479159
-sort , 15779, 27
-merge, 15734, 27
-last , 761
read, 24, 137773447, 479875
network, 24, 83289

read-start, 25, 3306562728, 137773447, 16836742
circular-read-start, 4, 25, 350000000000, 16837494
circular-read-total, 4, 25, 350000000000, 465331, 478184
linear-scan, 479148
-sort , 11324, 19
-merge, 12935, 19
-last , 963
read, 25, 137773447, 479902
network, 25, 79525

read-start, 26, 3444336175, 55663825, 17396189
circular-read-start, 4, 26, 350000000000, 17396475
circular-read-total, 4, 26, 350000000000, 465565, 478233
linear-scan, 478739
-sort , 3335, 15
-merge, 4530, 15
-last , 87
read, 26, 55663825, 479025
network, 26, 35574

exit, 17927114
