# Thu Oct 22 12:48:37 PDT 2015
record-value, 112
seek-chunk, 137773447
file, 4, 1400000000

read-start, 1, 0, 137773447, 41908
circular-read-start, 4, 1, 140000000000, 42947
circular-read-total, 4, 1, 140000000000, 191075, 207517
linear-scan, 208306
-sort , 35489, 48
-merge, 21882, 48
-last , 786
read, 1, 137773447, 209344
network, 1, 120864

read-start, 2, 137773447, 137773447, 372156
circular-read-start, 4, 2, 140000000000, 372487
circular-read-total, 4, 2, 140000000000, 188985, 211415
linear-scan, 211806
-sort , 32347, 47
-merge, 20746, 47
-last , 390
read, 2, 137773447, 212137
network, 2, 106736

read-start, 3, 275546894, 137773447, 691061
circular-read-start, 4, 3, 140000000000, 691390
circular-read-total, 4, 3, 140000000000, 188729, 206997
linear-scan, 207630
-sort , 31250, 45
-merge, 20027, 45
-last , 631
read, 3, 137773447, 207959
network, 3, 103352

read-start, 4, 413320341, 137773447, 1002425
circular-read-start, 4, 4, 140000000000, 1002746
circular-read-total, 4, 4, 140000000000, 188542, 203343
linear-scan, 204097
-sort , 30499, 43
-merge, 19390, 43
-last , 753
read, 4, 137773447, 204418
network, 4, 88773

read-start, 5, 551093788, 137773447, 1295665
circular-read-start, 4, 5, 140000000000, 1295995
circular-read-total, 4, 5, 140000000000, 188669, 198662
linear-scan, 199243
-sort , 28945, 41
-merge, 19037, 41
-last , 579
read, 5, 137773447, 199573
network, 5, 104637

read-start, 6, 688867235, 137773447, 1599894
circular-read-start, 4, 6, 140000000000, 1600218
circular-read-total, 4, 6, 140000000000, 194272, 202178
linear-scan, 203147
-sort , 27687, 38
-merge, 18149, 38
-last , 967
read, 6, 137773447, 203471
network, 6, 86793

read-start, 7, 826640682, 137773447, 1890195
circular-read-start, 4, 7, 140000000000, 1890527
circular-read-total, 4, 7, 140000000000, 193344, 201579
linear-scan, 202405
-sort , 24285, 35
-merge, 16289, 35
-last , 824
read, 7, 137773447, 202737
network, 7, 87163

read-start, 8, 964414129, 137773447, 2180147
circular-read-start, 4, 8, 140000000000, 2180485
circular-read-total, 4, 8, 140000000000, 196258, 204039
linear-scan, 204913
-sort , 21865, 31
-merge, 14807, 31
-last , 872
read, 8, 137773447, 205251
network, 8, 95498

read-start, 9, 1102187576, 137773447, 2480923
circular-read-start, 4, 9, 140000000000, 2481292
circular-read-total, 4, 9, 140000000000, 199883, 207470
linear-scan, 207918
-sort , 18849, 26
-merge, 12779, 26
-last , 447
read, 9, 137773447, 208288
network, 9, 86345

read-start, 10, 1239961023, 137773447, 2775578
circular-read-start, 4, 10, 140000000000, 2775931
circular-read-total, 4, 10, 140000000000, 198894, 206558
linear-scan, 207005
-sort , 11359, 17
-merge, 8770, 17
-last , 446
read, 10, 137773447, 207358
network, 10, 98466

read-start, 11, 1377734470, 22265530, 3081427
circular-read-start, 4, 11, 140000000000, 3081486
circular-read-total, 4, 11, 140000000000, 196888, 204701
linear-scan, 204764
-sort , 1609, 8
-merge, 714, 8
-last , 61
read, 11, 22265530, 204823
network, 11, 11928

exit, 3307066
# Thu Oct 22 14:34:32 PDT 2015
record-value, 112
seek-chunk, 137773447
file, 4, 1750000000

read-start, 1, 0, 137773447, 33229
circular-read-start, 4, 1, 175000000000, 34527
circular-read-total, 4, 1, 175000000000, 243463, 269264
linear-scan, 270076
-sort , 36516, 51
-merge, 23649, 51
-last , 810
read, 1, 137773447, 271374
network, 1, 186398

read-start, 2, 137773447, 137773447, 491041
circular-read-start, 4, 2, 175000000000, 491456
circular-read-total, 4, 2, 175000000000, 242019, 275759
linear-scan, 276581
-sort , 35309, 50
-merge, 23226, 50
-last , 819
read, 2, 137773447, 276995
network, 2, 219315

read-start, 3, 275546894, 137773447, 987403
circular-read-start, 4, 3, 175000000000, 987821
circular-read-total, 4, 3, 175000000000, 241100, 272681
linear-scan, 273290
-sort , 35031, 49
-merge, 22745, 49
-last , 607
read, 3, 137773447, 273708
network, 3, 207443

read-start, 4, 413320341, 137773447, 1468570
circular-read-start, 4, 4, 175000000000, 1468993
circular-read-total, 4, 4, 175000000000, 241077, 267686
linear-scan, 268588
-sort , 33236, 47
-merge, 21766, 47
-last , 900
read, 4, 137773447, 269012
network, 4, 183711

read-start, 5, 551093788, 137773447, 1921315
circular-read-start, 4, 5, 175000000000, 1921729
circular-read-total, 4, 5, 175000000000, 243383, 264896
linear-scan, 265607
-sort , 33120, 46
-merge, 21554, 46
-last , 709
read, 5, 137773447, 266022
network, 5, 232174

read-start, 6, 688867235, 137773447, 2419546
circular-read-start, 4, 6, 175000000000, 2419955
circular-read-total, 4, 6, 175000000000, 246644, 265467
linear-scan, 266262
-sort , 32304, 44
-merge, 21191, 44
-last , 793
read, 6, 137773447, 266673
network, 6, 178233

read-start, 7, 826640682, 137773447, 2864473
circular-read-start, 4, 7, 175000000000, 2864900
circular-read-total, 4, 7, 175000000000, 246779, 257717
linear-scan, 258492
-sort , 30759, 42
-merge, 20510, 42
-last , 774
read, 7, 137773447, 258919
network, 7, 211500

read-start, 8, 964414129, 137773447, 3334951
circular-read-start, 4, 8, 175000000000, 3335362
circular-read-total, 4, 8, 175000000000, 250669, 260210
linear-scan, 260902
-sort , 28051, 40
-merge, 19453, 40
-last , 690
read, 8, 137773447, 261314
network, 8, 227853

read-start, 9, 1102187576, 137773447, 3824264
circular-read-start, 4, 9, 175000000000, 3825063
circular-read-total, 4, 9, 175000000000, 254380, 263612
linear-scan, 264295
-sort , 27245, 37
-merge, 18905, 37
-last , 680
read, 9, 137773447, 265095
network, 9, 221200

read-start, 10, 1239961023, 137773447, 4310624
circular-read-start, 4, 10, 175000000000, 4311239
circular-read-total, 4, 10, 175000000000, 248432, 257706
linear-scan, 258603
-sort , 24989, 33
-merge, 16884, 33
-last , 896
read, 10, 137773447, 259218
network, 10, 221671

read-start, 11, 1377734470, 137773447, 4791537
circular-read-start, 4, 11, 175000000000, 4791943
circular-read-total, 4, 11, 175000000000, 242525, 252211
linear-scan, 252872
-sort , 20227, 29
-merge, 14227, 29
-last , 660
read, 11, 137773447, 253279
network, 11, 214677

read-start, 12, 1515507917, 137773447, 5259568
circular-read-start, 4, 12, 175000000000, 5259967
circular-read-total, 4, 12, 175000000000, 241630, 251487
linear-scan, 252227
-sort , 15258, 22
-merge, 10821, 22
-last , 739
read, 12, 137773447, 252626
network, 12, 208667

read-start, 13, 1653281364, 96718636, 5720887
circular-read-start, 4, 13, 175000000000, 5721184
circular-read-total, 4, 13, 175000000000, 242640, 251998
linear-scan, 252658
-sort , 5881, 14
-merge, 5174, 14
-last , 659
read, 13, 96718636, 252955
network, 13, 187246

exit, 6188788
# Thu Oct 22 16:39:14 PDT 2015
record-value, 112
seek-chunk, 137773447
file, 4, 2333333333

read-start, 1, 0, 137773447, 23080
circular-read-start, 4, 1, 233333333300, 25330
circular-read-total, 4, 1, 233333333300, 319033, 347124
linear-scan, 348278
-sort , 37537, 56
-merge, 25946, 56
-last , 305
read, 1, 137773447, 350527
network, 1, 239872

read-start, 2, 137773447, 137773447, 613510
circular-read-start, 4, 2, 233333333300, 614506
circular-read-total, 4, 2, 233333333300, 320096, 359734
linear-scan, 360165
-sort , 37056, 55
-merge, 26587, 55
-last , 428
read, 2, 137773447, 361161
network, 2, 277389

read-start, 3, 275546894, 137773447, 1252112
circular-read-start, 4, 3, 233333333300, 1252930
circular-read-total, 4, 3, 233333333300, 319427, 353813
linear-scan, 354278
-sort , 35915, 54
-merge, 26044, 54
-last , 463
read, 3, 137773447, 355097
network, 3, 242968

read-start, 4, 413320341, 137773447, 1850215
circular-read-start, 4, 4, 233333333300, 1851044
circular-read-total, 4, 4, 233333333300, 328860, 358943
linear-scan, 359431
-sort , 36396, 53
-merge, 26427, 53
-last , 486
read, 4, 137773447, 360260
network, 4, 233200

read-start, 5, 551093788, 137773447, 2443705
circular-read-start, 4, 5, 233333333300, 2444857
circular-read-total, 4, 5, 233333333300, 334511, 364746
linear-scan, 365181
-sort , 37831, 52
-merge, 27009, 52
-last , 432
read, 5, 137773447, 366333
network, 5, 230010

read-start, 6, 688867235, 137773447, 3040067
circular-read-start, 4, 6, 233333333300, 3041226
circular-read-total, 4, 6, 233333333300, 334631, 362060
linear-scan, 363185
-sort , 37085, 50
-merge, 26345, 50
-last , 1121
read, 6, 137773447, 364344
network, 6, 228923

read-start, 7, 826640682, 137773447, 3633354
circular-read-start, 4, 7, 233333333300, 3634745
circular-read-total, 4, 7, 233333333300, 332751, 356977
linear-scan, 358062
-sort , 35148, 49
-merge, 25151, 49
-last , 1082
read, 7, 137773447, 359453
network, 7, 242363

read-start, 8, 964414129, 137773447, 4235192
circular-read-start, 4, 8, 233333333300, 4236234
circular-read-total, 4, 8, 233333333300, 332985, 351895
linear-scan, 352487
-sort , 34063, 48
-merge, 24611, 48
-last , 589
read, 8, 137773447, 353529
network, 8, 226589

read-start, 9, 1102187576, 137773447, 4815327
circular-read-start, 4, 9, 233333333300, 4816384
circular-read-total, 4, 9, 233333333300, 333264, 351928
linear-scan, 352892
-sort , 34171, 46
-merge, 25122, 46
-last , 961
read, 9, 137773447, 353949
network, 9, 221825

read-start, 10, 1239961023, 137773447, 5391123
circular-read-start, 4, 10, 233333333300, 5392192
circular-read-total, 4, 10, 233333333300, 322853, 339290
linear-scan, 340204
-sort , 32366, 45
-merge, 24124, 45
-last , 328
read, 10, 137773447, 341273
network, 10, 226456

read-start, 11, 1377734470, 137773447, 5958871
circular-read-start, 4, 11, 233333333300, 5959889
circular-read-total, 4, 11, 233333333300, 324318, 337724
linear-scan, 338085
-sort , 29602, 43
-merge, 21937, 43
-last , 359
read, 11, 137773447, 339103
network, 11, 232360

read-start, 12, 1515507917, 137773447, 6530343
circular-read-start, 4, 12, 233333333300, 6531175
circular-read-total, 4, 12, 233333333300, 324024, 337326
linear-scan, 338462
-sort , 27762, 40
-merge, 20850, 40
-last , 1133
read, 12, 137773447, 339294
network, 12, 231450

read-start, 13, 1653281364, 137773447, 7101101
circular-read-start, 4, 13, 233333333300, 7102024
circular-read-total, 4, 13, 233333333300, 322785, 336350
linear-scan, 336790
-sort , 26164, 38
-merge, 19873, 38
-last , 438
read, 13, 137773447, 337713
network, 13, 215456

read-start, 14, 1791054811, 137773447, 7654283
circular-read-start, 4, 14, 233333333300, 7655306
circular-read-total, 4, 14, 233333333300, 323472, 336982
linear-scan, 337917
-sort , 25143, 34
-merge, 18660, 34
-last , 932
read, 14, 137773447, 338940
network, 14, 217458

read-start, 15, 1928828258, 137773447, 8210699
circular-read-start, 4, 15, 233333333300, 8211539
circular-read-total, 4, 15, 233333333300, 321699, 335577
linear-scan, 336471
-sort , 20737, 30
-merge, 17002, 30
-last , 891
read, 15, 137773447, 337312
network, 15, 209162

read-start, 16, 2066601705, 137773447, 8757234
circular-read-start, 4, 16, 233333333300, 8758282
circular-read-total, 4, 16, 233333333300, 321944, 335707
linear-scan, 336393
-sort , 15903, 24
-merge, 14087, 24
-last , 684
read, 16, 137773447, 337441
network, 16, 227196

read-start, 17, 2204375152, 128958181, 9321899
circular-read-start, 4, 17, 233333333300, 9322689
circular-read-total, 4, 17, 233333333300, 315574, 330826
linear-scan, 331922
-sort , 7763, 15
-merge, 9601, 15
-last , 228
read, 17, 128958181, 332711
network, 17, 215811

exit, 9896310
# Thu Oct 22 21:28:49 PDT 2015
record-value, 112
seek-chunk, 137773447
file, 4, 3500000000

read-start, 1, 0, 137773447, 13273
circular-read-start, 4, 1, 350000000000, 15591
circular-read-total, 4, 1, 350000000000, 472949, 512662
linear-scan, 513700
-sort , 42207, 61
-merge, 29867, 61
-last , 1035
read, 1, 137773447, 516018
network, 1, 317392

read-start, 2, 137773447, 137773447, 846730
circular-read-start, 4, 2, 350000000000, 847728
circular-read-total, 4, 2, 350000000000, 471406, 521866
linear-scan, 522585
-sort , 41595, 61
-merge, 30054, 61
-last , 715
read, 2, 137773447, 523583
network, 2, 303144

read-start, 3, 275546894, 137773447, 1673471
circular-read-start, 4, 3, 350000000000, 1674436
circular-read-total, 4, 3, 350000000000, 471078, 519619
linear-scan, 520367
-sort , 40206, 60
-merge, 29277, 60
-last , 746
read, 3, 137773447, 521333
network, 3, 324726

read-start, 4, 413320341, 137773447, 2519542
circular-read-start, 4, 4, 350000000000, 2520504
circular-read-total, 4, 4, 350000000000, 470950, 516048
linear-scan, 516431
-sort , 39943, 60
-merge, 28748, 60
-last , 381
read, 4, 137773447, 517394
network, 4, 304166

read-start, 5, 551093788, 137773447, 3341118
circular-read-start, 4, 5, 350000000000, 3342046
circular-read-total, 4, 5, 350000000000, 471104, 514216
linear-scan, 514751
-sort , 40434, 59
-merge, 29418, 59
-last , 533
read, 5, 137773447, 515679
network, 5, 312189

read-start, 6, 688867235, 137773447, 4169003
circular-read-start, 4, 6, 350000000000, 4170013
circular-read-total, 4, 6, 350000000000, 471080, 510762
linear-scan, 511657
-sort , 39748, 58
-merge, 29195, 58
-last , 892
read, 6, 137773447, 512667
network, 6, 328844

read-start, 7, 826640682, 137773447, 5010529
circular-read-start, 4, 7, 350000000000, 5011467
circular-read-total, 4, 7, 350000000000, 471641, 510655
linear-scan, 511709
-sort , 39244, 57
-merge, 28519, 57
-last , 1051
read, 7, 137773447, 512647
network, 7, 314600

read-start, 8, 964414129, 137773447, 5837793
circular-read-start, 4, 8, 350000000000, 5838706
circular-read-total, 4, 8, 350000000000, 471515, 506866
linear-scan, 507387
-sort , 37872, 57
-merge, 27642, 57
-last , 519
read, 8, 137773447, 508301
network, 8, 371610

read-start, 9, 1102187576, 137773447, 6717751
circular-read-start, 4, 9, 350000000000, 6718698
circular-read-total, 4, 9, 350000000000, 471458, 507236
linear-scan, 507790
-sort , 37263, 56
-merge, 27185, 56
-last , 552
read, 9, 137773447, 508737
network, 9, 403055

read-start, 10, 1239961023, 137773447, 7629617
circular-read-start, 4, 10, 350000000000, 7630558
circular-read-total, 4, 10, 350000000000, 472011, 503991
linear-scan, 504619
-sort , 38416, 55
-merge, 28161, 55
-last , 626
read, 10, 137773447, 505560
network, 10, 375360

read-start, 11, 1377734470, 137773447, 8510560
circular-read-start, 4, 11, 350000000000, 8511506
circular-read-total, 4, 11, 350000000000, 473390, 504370
linear-scan, 505133
-sort , 36700, 54
-merge, 27089, 54
-last , 756
read, 11, 137773447, 506079
network, 11, 357011

read-start, 12, 1515507917, 137773447, 9373674
circular-read-start, 4, 12, 350000000000, 9374592
circular-read-total, 4, 12, 350000000000, 473497, 503488
linear-scan, 504258
-sort , 35989, 53
-merge, 26632, 53
-last , 768
read, 12, 137773447, 505177
network, 12, 197983

read-start, 13, 1653281364, 137773447, 10076846
circular-read-start, 4, 13, 350000000000, 10077826
circular-read-total, 4, 13, 350000000000, 471994, 497170
linear-scan, 497917
-sort , 34854, 52
-merge, 26007, 52
-last , 744
read, 13, 137773447, 498897
network, 13, 83277

read-start, 14, 1791054811, 137773447, 10659032
circular-read-start, 4, 14, 350000000000, 10659774
circular-read-total, 4, 14, 350000000000, 472610, 495772
linear-scan, 496378
-sort , 34158, 51
-merge, 26066, 51
-last , 603
read, 14, 137773447, 497120
network, 14, 77396

read-start, 15, 1928828258, 137773447, 11233553
circular-read-start, 4, 15, 350000000000, 11234339
circular-read-total, 4, 15, 350000000000, 471966, 495053
linear-scan, 495625
-sort , 33520, 50
-merge, 25204, 50
-last , 569
read, 15, 137773447, 496411
network, 15, 68865

read-start, 16, 2066601705, 137773447, 11798841
circular-read-start, 4, 16, 350000000000, 11799497
circular-read-total, 4, 16, 350000000000, 471330, 493695
linear-scan, 494852
-sort , 32450, 48
-merge, 24662, 48
-last , 1155
read, 16, 137773447, 495509
network, 16, 62531

read-start, 17, 2204375152, 137773447, 12356896
circular-read-start, 4, 17, 350000000000, 12357435
circular-read-total, 4, 17, 350000000000, 471075, 493549
linear-scan, 494210
-sort , 32952, 47
-merge, 24765, 47
-last , 658
read, 17, 137773447, 494749
network, 17, 59597

read-start, 18, 2342148599, 137773447, 12911246
circular-read-start, 4, 18, 350000000000, 12911910
circular-read-total, 4, 18, 350000000000, 470958, 493371
linear-scan, 494269
-sort , 31477, 45
-merge, 23811, 45
-last , 896
read, 18, 137773447, 494933
network, 18, 66467

read-start, 19, 2479922046, 137773447, 13472653
circular-read-start, 4, 19, 350000000000, 13473309
circular-read-total, 4, 19, 350000000000, 470833, 493298
linear-scan, 494075
-sort , 30213, 44
-merge, 23280, 44
-last , 338
read, 19, 137773447, 494733
network, 19, 64526

read-start, 20, 2617695493, 137773447, 14031918
circular-read-start, 4, 20, 350000000000, 14032458
circular-read-total, 4, 20, 350000000000, 470977, 493682
linear-scan, 494680
-sort , 28550, 41
-merge, 22208, 41
-last , 995
read, 20, 137773447, 495220
network, 20, 61707

read-start, 21, 2755468940, 137773447, 14588853
circular-read-start, 4, 21, 350000000000, 14589512
circular-read-total, 4, 21, 350000000000, 470808, 493296
linear-scan, 493840
-sort , 27087, 39
-merge, 20881, 39
-last , 543
read, 21, 137773447, 494500
network, 21, 64216

read-start, 22, 2893242387, 137773447, 15147579
circular-read-start, 4, 22, 350000000000, 15148201
circular-read-total, 4, 22, 350000000000, 470782, 493364
linear-scan, 493985
-sort , 24667, 36
-merge, 19831, 36
-last , 618
read, 22, 137773447, 494608
network, 22, 70021

read-start, 23, 3031015834, 137773447, 15712219
circular-read-start, 4, 23, 350000000000, 15712921
circular-read-total, 4, 23, 350000000000, 470926, 493399
linear-scan, 494248
-sort , 20970, 32
-merge, 17405, 32
-last , 846
read, 23, 137773447, 494951
network, 23, 63768

read-start, 24, 3168789281, 137773447, 16270950
circular-read-start, 4, 24, 350000000000, 16271628
circular-read-total, 4, 24, 350000000000, 471009, 493262
linear-scan, 493982
-sort , 15538, 27
-merge, 15109, 27
-last , 718
read, 24, 137773447, 494661
network, 24, 67374

read-start, 25, 3306562728, 137773447, 16833013
circular-read-start, 4, 25, 350000000000, 16833676
circular-read-total, 4, 25, 350000000000, 470889, 493487
linear-scan, 494506
-sort , 11401, 19
-merge, 12881, 19
-last , 1016
read, 25, 137773447, 495170
network, 25, 66909

read-start, 26, 3444336175, 55663825, 17395102
circular-read-start, 4, 26, 350000000000, 17395347
circular-read-total, 4, 26, 350000000000, 470742, 494112
linear-scan, 494637
-sort , 3274, 15
-merge, 4384, 15
-last , 97
read, 26, 55663825, 494883
network, 26, 25173

exit, 17923125
