# Thu Oct 22 12:48:37 PDT 2015
record-value, 112
seek-chunk, 137773447
file, 4, 1400000000

read-start, 1, 0, 137773447, 32567
circular-read-start, 4, 1, 140000000000, 33584
circular-read-total, 4, 1, 140000000000, 190621, 204780
linear-scan, 205569
-sort , 33062, 48
-merge, 21943, 48
-last , 787
read, 1, 137773447, 206586
network, 1, 128796

read-start, 2, 137773447, 137773447, 367982
circular-read-start, 4, 2, 140000000000, 368319
circular-read-total, 4, 2, 140000000000, 190784, 213145
linear-scan, 213566
-sort , 31998, 47
-merge, 21638, 47
-last , 419
read, 2, 137773447, 213904
network, 2, 112214

read-start, 3, 275546894, 137773447, 694151
circular-read-start, 4, 3, 140000000000, 694473
circular-read-total, 4, 3, 140000000000, 190065, 207244
linear-scan, 207887
-sort , 30787, 45
-merge, 20746, 45
-last , 641
read, 3, 137773447, 208209
network, 3, 98855

read-start, 4, 413320341, 137773447, 1001252
circular-read-start, 4, 4, 140000000000, 1001570
circular-read-total, 4, 4, 140000000000, 191996, 204515
linear-scan, 205256
-sort , 29865, 43
-merge, 20331, 43
-last , 739
read, 4, 137773447, 205573
network, 4, 89785

read-start, 5, 551093788, 137773447, 1296662
circular-read-start, 4, 5, 140000000000, 1296966
circular-read-total, 4, 5, 140000000000, 191869, 199550
linear-scan, 200150
-sort , 28382, 41
-merge, 19377, 41
-last , 598
read, 5, 137773447, 200454
network, 5, 99082

read-start, 6, 688867235, 137773447, 1596216
circular-read-start, 4, 6, 140000000000, 1596548
circular-read-total, 4, 6, 140000000000, 191806, 199545
linear-scan, 200506
-sort , 26515, 38
-merge, 18430, 38
-last , 959
read, 6, 137773447, 200838
network, 6, 85740

read-start, 7, 826640682, 137773447, 1882833
circular-read-start, 4, 7, 140000000000, 1883158
circular-read-total, 4, 7, 140000000000, 191298, 199043
linear-scan, 199885
-sort , 24668, 35
-merge, 16964, 35
-last , 840
read, 7, 137773447, 200209
network, 7, 97229

read-start, 8, 964414129, 137773447, 2180308
circular-read-start, 4, 8, 140000000000, 2180640
circular-read-total, 4, 8, 140000000000, 191271, 198976
linear-scan, 199854
-sort , 22026, 31
-merge, 15393, 31
-last , 876
read, 8, 137773447, 200185
network, 8, 96505

read-start, 9, 1102187576, 137773447, 2477020
circular-read-start, 4, 9, 140000000000, 2477351
circular-read-total, 4, 9, 140000000000, 190813, 198761
linear-scan, 199225
-sort , 17802, 26
-merge, 13028, 26
-last , 462
read, 9, 137773447, 199556
network, 9, 95246

read-start, 10, 1239961023, 137773447, 2771855
circular-read-start, 4, 10, 140000000000, 2772192
circular-read-total, 4, 10, 140000000000, 190812, 198761
linear-scan, 199226
-sort , 9939, 17
-merge, 8439, 17
-last , 464
read, 10, 137773447, 199564
network, 10, 103123

read-start, 11, 1377734470, 22265530, 3074562
circular-read-start, 4, 11, 140000000000, 3074615
circular-read-total, 4, 11, 140000000000, 190941, 198941
linear-scan, 199004
-sort , 1366, 8
-merge, 673, 8
-last , 62
read, 11, 22265530, 199057
network, 11, 17234

exit, 3297724
# Thu Oct 22 14:34:32 PDT 2015
record-value, 112
seek-chunk, 137773447
file, 4, 1750000000

read-start, 1, 0, 137773447, 22342
circular-read-start, 4, 1, 175000000000, 25761
circular-read-total, 4, 1, 175000000000, 252394, 293271
linear-scan, 294359
-sort , 39540, 51
-merge, 27193, 51
-last , 1083
read, 1, 137773447, 297778
network, 1, 151129

read-start, 2, 137773447, 137773447, 471308
circular-read-start, 4, 2, 175000000000, 472577
circular-read-total, 4, 2, 175000000000, 252324, 303100
linear-scan, 304015
-sort , 38553, 50
-merge, 28217, 50
-last , 911
read, 2, 137773447, 305284
network, 2, 195411

read-start, 3, 275546894, 137773447, 972033
circular-read-start, 4, 3, 175000000000, 973325
circular-read-total, 4, 3, 175000000000, 245718, 287180
linear-scan, 287826
-sort , 35283, 49
-merge, 25619, 49
-last , 643
read, 3, 137773447, 289119
network, 3, 190499

read-start, 4, 413320341, 137773447, 1451681
circular-read-start, 4, 4, 175000000000, 1452918
circular-read-total, 4, 4, 175000000000, 244739, 282883
linear-scan, 283924
-sort , 34173, 47
-merge, 24947, 47
-last , 1038
read, 4, 137773447, 285162
network, 4, 165555

read-start, 5, 551093788, 137773447, 1902479
circular-read-start, 4, 5, 175000000000, 1903660
circular-read-total, 4, 5, 175000000000, 248047, 277747
linear-scan, 278382
-sort , 34495, 46
-merge, 24987, 46
-last , 633
read, 5, 137773447, 279564
network, 5, 216430

read-start, 6, 688867235, 137773447, 2398550
circular-read-start, 4, 6, 175000000000, 2399877
circular-read-total, 4, 6, 175000000000, 246998, 273686
linear-scan, 274531
-sort , 32209, 44
-merge, 23750, 44
-last , 842
read, 6, 137773447, 275859
network, 6, 176389

read-start, 7, 826640682, 137773447, 2850870
circular-read-start, 4, 7, 175000000000, 2852225
circular-read-total, 4, 7, 175000000000, 248457, 267144
linear-scan, 267957
-sort , 31351, 42
-merge, 23016, 42
-last , 811
read, 7, 137773447, 269313
network, 7, 196646

read-start, 8, 964414129, 137773447, 3316883
circular-read-start, 4, 8, 175000000000, 3318459
circular-read-total, 4, 8, 175000000000, 247599, 267262
linear-scan, 267814
-sort , 31511, 40
-merge, 23813, 40
-last , 549
read, 8, 137773447, 269392
network, 8, 218089

read-start, 9, 1102187576, 137773447, 3804370
circular-read-start, 4, 9, 175000000000, 3805846
circular-read-total, 4, 9, 175000000000, 248444, 257850
linear-scan, 258554
-sort , 27884, 37
-merge, 22020, 37
-last , 701
read, 9, 137773447, 260030
network, 9, 224764

read-start, 10, 1239961023, 137773447, 4289192
circular-read-start, 4, 10, 175000000000, 4290574
circular-read-total, 4, 10, 175000000000, 249801, 259016
linear-scan, 260200
-sort , 25520, 33
-merge, 20128, 33
-last , 1181
read, 10, 137773447, 261582
network, 10, 218209

read-start, 11, 1377734470, 137773447, 4769026
circular-read-start, 4, 11, 175000000000, 4770358
circular-read-total, 4, 11, 175000000000, 247553, 256986
linear-scan, 257679
-sort , 22083, 29
-merge, 17989, 29
-last , 690
read, 11, 137773447, 259012
network, 11, 225366

read-start, 12, 1515507917, 137773447, 5253458
circular-read-start, 4, 12, 175000000000, 5254758
circular-read-total, 4, 12, 175000000000, 246003, 255453
linear-scan, 256369
-sort , 16857, 22
-merge, 15161, 22
-last , 912
read, 12, 137773447, 257670
network, 12, 199719

read-start, 13, 1653281364, 96718636, 5710871
circular-read-start, 4, 13, 175000000000, 5711798
circular-read-total, 4, 13, 175000000000, 244943, 254539
linear-scan, 255809
-sort , 7532, 14
-merge, 8845, 14
-last , 1265
read, 13, 96718636, 256736
network, 13, 163357

exit, 6177902
# Thu Oct 22 16:39:14 PDT 2015
record-value, 112
seek-chunk, 137773447
file, 4, 2333333333

read-start, 1, 0, 137773447, 12320
circular-read-start, 4, 1, 233333333300, 15551
circular-read-total, 4, 1, 233333333300, 329650, 371438
linear-scan, 372505
-sort , 40582, 56
-merge, 29913, 56
-last , 346
read, 1, 137773447, 375735
network, 1, 202258

read-start, 2, 137773447, 137773447, 590404
circular-read-start, 4, 2, 233333333300, 591698
circular-read-total, 4, 2, 233333333300, 326402, 380433
linear-scan, 380862
-sort , 39171, 55
-merge, 29375, 55
-last , 427
read, 2, 137773447, 382157
network, 2, 269074

read-start, 3, 275546894, 137773447, 1241671
circular-read-start, 4, 3, 233333333300, 1243028
circular-read-total, 4, 3, 233333333300, 324821, 372501
linear-scan, 372998
-sort , 37840, 54
-merge, 28306, 54
-last , 494
read, 3, 137773447, 374355
network, 3, 228111

read-start, 4, 413320341, 137773447, 1844153
circular-read-start, 4, 4, 233333333300, 1845562
circular-read-total, 4, 4, 233333333300, 326905, 370464
linear-scan, 370966
-sort , 37943, 53
-merge, 28241, 53
-last , 499
read, 4, 137773447, 372375
network, 4, 218056

read-start, 5, 551093788, 137773447, 2434610
circular-read-start, 4, 5, 233333333300, 2435903
circular-read-total, 4, 5, 233333333300, 324482, 366612
linear-scan, 367403
-sort , 36386, 52
-merge, 27816, 52
-last , 420
read, 5, 137773447, 368697
network, 5, 227259

read-start, 6, 688867235, 137773447, 3030589
circular-read-start, 4, 6, 233333333300, 3031687
circular-read-total, 4, 6, 233333333300, 323677, 362284
linear-scan, 363894
-sort , 36087, 50
-merge, 27381, 50
-last , 1605
read, 6, 137773447, 364992
network, 6, 226619

read-start, 7, 826640682, 137773447, 3622229
circular-read-start, 4, 7, 233333333300, 3623310
circular-read-total, 4, 7, 233333333300, 324867, 359553
linear-scan, 360478
-sort , 35249, 49
-merge, 26585, 49
-last , 923
read, 7, 137773447, 361560
network, 7, 241344

read-start, 8, 964414129, 137773447, 4225156
circular-read-start, 4, 8, 233333333300, 4226575
circular-read-total, 4, 8, 233333333300, 330693, 364014
linear-scan, 364621
-sort , 35502, 48
-merge, 27226, 48
-last , 604
read, 8, 137773447, 366041
network, 8, 213530

read-start, 9, 1102187576, 137773447, 4804740
circular-read-start, 4, 9, 233333333300, 4806046
circular-read-total, 4, 9, 233333333300, 329636, 358290
linear-scan, 359288
-sort , 34368, 46
-merge, 26153, 46
-last , 994
read, 9, 137773447, 360595
network, 9, 212514

read-start, 10, 1239961023, 137773447, 5377887
circular-read-start, 4, 10, 233333333300, 5379248
circular-read-total, 4, 10, 233333333300, 329119, 352568
linear-scan, 353455
-sort , 33058, 45
-merge, 25184, 45
-last , 349
read, 10, 137773447, 354817
network, 10, 216219

read-start, 11, 1377734470, 137773447, 5948935
circular-read-start, 4, 11, 233333333300, 5950198
circular-read-total, 4, 11, 233333333300, 329709, 342334
linear-scan, 343114
-sort , 31992, 43
-merge, 24850, 43
-last , 383
read, 11, 137773447, 344378
network, 11, 227933

read-start, 12, 1515507917, 137773447, 6521269
circular-read-start, 4, 12, 233333333300, 6522645
circular-read-total, 4, 12, 233333333300, 330281, 343067
linear-scan, 344124
-sort , 30492, 40
-merge, 23449, 40
-last , 1054
read, 12, 137773447, 345501
network, 12, 225314

read-start, 13, 1653281364, 137773447, 7092133
circular-read-start, 4, 13, 233333333300, 7093508
circular-read-total, 4, 13, 233333333300, 330449, 343021
linear-scan, 343476
-sort , 28526, 38
-merge, 23416, 38
-last , 453
read, 13, 137773447, 344852
network, 13, 208597

read-start, 14, 1791054811, 137773447, 7645596
circular-read-start, 4, 14, 233333333300, 7646981
circular-read-total, 4, 14, 233333333300, 328870, 341316
linear-scan, 342393
-sort , 26144, 34
-merge, 20885, 34
-last , 1074
read, 14, 137773447, 343779
network, 14, 212135

read-start, 15, 1928828258, 137773447, 8201527
circular-read-start, 4, 15, 233333333300, 8202800
circular-read-total, 4, 15, 233333333300, 328595, 341101
linear-scan, 341950
-sort , 22941, 30
-merge, 18939, 30
-last , 846
read, 15, 137773447, 343224
network, 15, 207858

read-start, 16, 2066601705, 137773447, 8752645
circular-read-start, 4, 16, 233333333300, 8753963
circular-read-total, 4, 16, 233333333300, 322885, 335880
linear-scan, 336612
-sort , 17392, 24
-merge, 16713, 24
-last , 730
read, 16, 137773447, 337931
network, 16, 218981

read-start, 17, 2204375152, 128958181, 9309572
circular-read-start, 4, 17, 233333333300, 9310648
circular-read-total, 4, 17, 233333333300, 321864, 334785
linear-scan, 336585
-sort , 9284, 15
-merge, 11607, 15
-last , 284
read, 17, 128958181, 337662
network, 17, 213356

exit, 9885552
# Thu Oct 22 21:28:49 PDT 2015
record-value, 112
seek-chunk, 137773447
file, 4, 3500000000

read-start, 1, 0, 137773447, 3626
circular-read-start, 4, 1, 350000000000, 6114
circular-read-total, 4, 1, 350000000000, 480878, 523336
linear-scan, 524291
-sort , 41026, 61
-merge, 30268, 61
-last , 952
read, 1, 137773447, 526780
network, 1, 234959

read-start, 2, 137773447, 137773447, 765421
circular-read-start, 4, 2, 350000000000, 766466
circular-read-total, 4, 2, 350000000000, 480468, 534581
linear-scan, 535183
-sort , 40768, 61
-merge, 32165, 61
-last , 599
read, 2, 137773447, 536229
network, 2, 364303

read-start, 3, 275546894, 137773447, 1665966
circular-read-start, 4, 3, 350000000000, 1666996
circular-read-total, 4, 3, 350000000000, 481474, 534380
linear-scan, 535237
-sort , 40596, 60
-merge, 30880, 60
-last , 854
read, 3, 137773447, 536267
network, 3, 307344

read-start, 4, 413320341, 137773447, 2509599
circular-read-start, 4, 4, 350000000000, 2510620
circular-read-total, 4, 4, 350000000000, 479967, 529134
linear-scan, 529505
-sort , 39981, 60
-merge, 30334, 60
-last , 368
read, 4, 137773447, 530527
network, 4, 292046

read-start, 5, 551093788, 137773447, 3332181
circular-read-start, 4, 5, 350000000000, 3333239
circular-read-total, 4, 5, 350000000000, 478412, 522063
linear-scan, 522626
-sort , 39243, 59
-merge, 29580, 59
-last , 561
read, 5, 137773447, 523684
network, 5, 304788

read-start, 6, 688867235, 137773447, 4160664
circular-read-start, 4, 6, 350000000000, 4161881
circular-read-total, 4, 6, 350000000000, 478276, 518638
linear-scan, 519410
-sort , 38410, 58
-merge, 28905, 58
-last , 770
read, 6, 137773447, 520628
network, 6, 309563

read-start, 7, 826640682, 137773447, 4990963
circular-read-start, 4, 7, 350000000000, 4992018
circular-read-total, 4, 7, 350000000000, 477740, 522698
linear-scan, 523658
-sort , 38178, 57
-merge, 28621, 57
-last , 957
read, 7, 137773447, 524714
network, 7, 310573

read-start, 8, 964414129, 137773447, 5826261
circular-read-start, 4, 8, 350000000000, 5827310
circular-read-total, 4, 8, 350000000000, 477487, 516166
linear-scan, 516669
-sort , 37473, 57
-merge, 28418, 57
-last , 501
read, 8, 137773447, 517719
network, 8, 355537

read-start, 9, 1102187576, 137773447, 6699553
circular-read-start, 4, 9, 350000000000, 6700627
circular-read-total, 4, 9, 350000000000, 477350, 509938
linear-scan, 510510
-sort , 36909, 56
-merge, 28040, 56
-last , 569
read, 9, 137773447, 511583
network, 9, 402404

read-start, 10, 1239961023, 137773447, 7613553
circular-read-start, 4, 10, 350000000000, 7614611
circular-read-total, 4, 10, 350000000000, 478093, 513269
linear-scan, 513928
-sort , 36429, 55
-merge, 28490, 55
-last , 656
read, 10, 137773447, 514986
network, 10, 370125

read-start, 11, 1377734470, 137773447, 8498692
circular-read-start, 4, 11, 350000000000, 8499739
circular-read-total, 4, 11, 350000000000, 478148, 507628
linear-scan, 508365
-sort , 35768, 54
-merge, 27415, 54
-last , 734
read, 11, 137773447, 509412
network, 11, 349745

read-start, 12, 1515507917, 137773447, 9357915
circular-read-start, 4, 12, 350000000000, 9358939
circular-read-total, 4, 12, 350000000000, 477630, 505096
linear-scan, 505847
-sort , 35337, 53
-merge, 26706, 53
-last , 748
read, 12, 137773447, 506871
network, 12, 199805

read-start, 13, 1653281364, 137773447, 10064598
circular-read-start, 4, 13, 350000000000, 10065632
circular-read-total, 4, 13, 350000000000, 477663, 500801
linear-scan, 501521
-sort , 34459, 52
-merge, 26130, 52
-last , 717
read, 13, 137773447, 502555
network, 13, 80290

read-start, 14, 1791054811, 137773447, 10647460
circular-read-start, 4, 14, 350000000000, 10648407
circular-read-total, 4, 14, 350000000000, 477972, 498074
linear-scan, 498706
-sort , 33860, 51
-merge, 26339, 51
-last , 629
read, 14, 137773447, 499653
network, 14, 77903

read-start, 15, 1928828258, 137773447, 11225023
circular-read-start, 4, 15, 350000000000, 11226044
circular-read-total, 4, 15, 350000000000, 477890, 497600
linear-scan, 498164
-sort , 33109, 50
-merge, 26426, 50
-last , 561
read, 15, 137773447, 499185
network, 15, 66208

read-start, 16, 2066601705, 137773447, 11790428
circular-read-start, 4, 16, 350000000000, 11790873
circular-read-total, 4, 16, 350000000000, 478125, 497638
linear-scan, 498647
-sort , 32301, 48
-merge, 25504, 48
-last , 1006
read, 16, 137773447, 499093
network, 16, 58138

read-start, 17, 2204375152, 137773447, 12347663
circular-read-start, 4, 17, 350000000000, 12348591
circular-read-total, 4, 17, 350000000000, 478225, 497643
linear-scan, 498275
-sort , 31146, 47
-merge, 24604, 47
-last , 629
read, 17, 137773447, 499204
network, 17, 54058

read-start, 18, 2342148599, 137773447, 12900941
circular-read-start, 4, 18, 350000000000, 12901774
circular-read-total, 4, 18, 350000000000, 477902, 497417
linear-scan, 498563
-sort , 30015, 45
-merge, 24159, 45
-last , 1143
read, 18, 137773447, 499397
network, 18, 62932

read-start, 19, 2479922046, 137773447, 13463276
circular-read-start, 4, 19, 350000000000, 13463721
circular-read-total, 4, 19, 350000000000, 477866, 497388
linear-scan, 497851
-sort , 28666, 44
-merge, 23220, 44
-last , 280
read, 19, 137773447, 498297
network, 19, 58727

read-start, 20, 2617695493, 137773447, 14020308
circular-read-start, 4, 20, 350000000000, 14021237
circular-read-total, 4, 20, 350000000000, 477429, 497171
linear-scan, 498106
-sort , 27184, 41
-merge, 21632, 41
-last , 933
read, 20, 137773447, 499035
network, 20, 59614

read-start, 21, 2755468940, 137773447, 14578963
circular-read-start, 4, 21, 350000000000, 14579804
circular-read-total, 4, 21, 350000000000, 477683, 497394
linear-scan, 498019
-sort , 25636, 39
-merge, 21212, 39
-last , 621
read, 21, 137773447, 498860
network, 21, 59621

read-start, 22, 2893242387, 137773447, 15137456
circular-read-start, 4, 22, 350000000000, 15137883
circular-read-total, 4, 22, 350000000000, 477912, 497242
linear-scan, 497867
-sort , 23713, 36
-merge, 20224, 36
-last , 622
read, 22, 137773447, 498295
network, 22, 71020

read-start, 23, 3031015834, 137773447, 15706779
circular-read-start, 4, 23, 350000000000, 15707745
circular-read-total, 4, 23, 350000000000, 477523, 497277
linear-scan, 498087
-sort , 20742, 32
-merge, 18163, 32
-last , 808
read, 23, 137773447, 499055
network, 23, 52898

read-start, 24, 3168789281, 137773447, 16258736
circular-read-start, 4, 24, 350000000000, 16259484
circular-read-total, 4, 24, 350000000000, 477044, 496186
linear-scan, 497243
-sort , 15435, 27
-merge, 15807, 27
-last , 1053
read, 24, 137773447, 497990
network, 24, 68715

read-start, 25, 3306562728, 137773447, 16825457
circular-read-start, 4, 25, 350000000000, 16826024
circular-read-total, 4, 25, 350000000000, 476542, 495021
linear-scan, 495963
-sort , 11084, 19
-merge, 12764, 19
-last , 939
read, 25, 137773447, 496530
network, 25, 61713

read-start, 26, 3444336175, 55663825, 17383721
circular-read-start, 4, 26, 350000000000, 17384105
circular-read-total, 4, 26, 350000000000, 476189, 494716
linear-scan, 495201
-sort , 3281, 15
-merge, 4591, 15
-last , 97
read, 26, 55663825, 495585
network, 26, 27592

exit, 17913479
