# Fri Sep 11 01:35:29 PDT 2015
record-value, 96
seek-chunk, 188593327
file, 4, 175112192

read-start, 1, 0, 168172393, 6526
circular-read-start, 4, 1, 17511219200, 8075
circular-read-total, 4, 1, 17511219200, 38939, 39852
linear-scan, 41074
-sort , 13027, 15
-merge, 8377, 15
-last , 899
read, 1, 168172393, 42623
network, 1, 1164906

read-start, 2, 168172393, 6939799, 1214294
circular-read-start, 4, 2, 17511219200, 1214308
circular-read-total, 4, 2, 17511219200, 35154, 36144
linear-scan, 36205
-sort , 500, 3
-merge, 89, 3
-last , 59
read, 2, 6939799, 36219
network, 2, 40975

exit, 1298160
