# Mon Oct 19 04:02:02 PDT 2015
# 5, 1000, 0, range-3758096384
max-chunk, 3, 1, 171511808, 0
chunk-size, 171511808, 4919
disks, 8

size, 3, 2, 2000000000, 0
size, 4, 1, 2000000000, 0
size, 5, 1, 2000000000, 0
size, 6, 1, 2000000000, 0
size, 7, 1, 2000000000, 0


read-start, 3, 1, 0, 171511808, 19
read-start, 4, 1, 0, 171511808, 19
read-start, 5, 1, 0, 171511808, 19
read-start, 6, 1, 0, 171511808, 19
read-start, 7, 1, 0, 171511808, 19
read-wait, 3, 1, 0
read, 3, 1, 0, 171511808, 444153
circular-read-start, 3, 1, 17151180800, 444173
read-wait, 4, 1, 444330
read, 4, 1, 0, 171511808, 444330
circular-read-start, 4, 1, 17151180800, 444350
read-wait, 5, 1, 444332
read, 5, 1, 0, 171511808, 444332
circular-read-start, 5, 1, 17151180800, 444352
read-wait, 6, 1, 444345
read, 6, 1, 0, 171511808, 444345
circular-read-start, 6, 1, 17151180800, 444365
read-wait, 7, 1, 444348
read, 7, 1, 0, 171511808, 444348
circular-read-start, 7, 1, 17151180800, 444367
read-start, 4, 2, 171511808, 171511808, 639607
circular-read-total, 4, 1, 17151180800, 105265, 195257
read-start, 6, 2, 171511808, 171511808, 639774
circular-read-total, 6, 1, 17151180800, 104703, 195408
read-start, 5, 2, 171511808, 171511808, 639901
circular-read-total, 5, 1, 17151180800, 102981, 195549
read-start, 7, 2, 171511808, 171511808, 640008
circular-read-total, 7, 1, 17151180800, 74990, 195640
read-start, 3, 2, 171511808, 171511808, 640021
circular-read-total, 3, 1, 17151180800, 84553, 195847
read-wait, 3, 2, 4
read, 3, 2, 171511808, 171511808, 413797
circular-read-start, 3, 2, 17151180800, 1053819
read-wait, 5, 2, 414066
read, 5, 2, 171511808, 171511808, 415496
circular-read-start, 5, 2, 17151180800, 1055397
read-wait, 4, 2, 415942
read, 4, 2, 171511808, 171511808, 415942
circular-read-start, 4, 2, 17151180800, 1055549
read-wait, 7, 2, 415543
read, 7, 2, 171511808, 171511808, 415543
circular-read-start, 7, 2, 17151180800, 1055552
read-wait, 6, 2, 415782
read, 6, 2, 171511808, 171511808, 415782
circular-read-start, 6, 2, 17151180800, 1055556
read-start, 3, 3, 343023616, 171511808, 1249677
circular-read-total, 3, 2, 17151180800, 76649, 195858
read-start, 5, 3, 343023616, 171511808, 1250715
circular-read-total, 5, 2, 17151180800, 111694, 195317
read-start, 4, 3, 343023616, 171511808, 1250768
circular-read-total, 4, 2, 17151180800, 110580, 195219
read-start, 7, 3, 343023616, 171511808, 1250863
circular-read-total, 7, 2, 17151180800, 91603, 195311
read-wait, 4, 3, 240
read-start, 6, 3, 343023616, 171511808, 1251042
circular-read-total, 6, 2, 17151180800, 79936, 195485
read, 4, 3, 343023616, 171511808, 414575
circular-read-start, 4, 3, 17151180800, 1665343
read-wait, 3, 3, 415802
read, 3, 3, 343023616, 171511808, 415802
circular-read-start, 3, 3, 17151180800, 1665480
read-wait, 5, 3, 414766
read, 5, 3, 343023616, 171511808, 416178
circular-read-start, 5, 3, 17151180800, 1666894
read-wait, 6, 3, 416022
read, 6, 3, 343023616, 171511808, 416022
circular-read-start, 6, 3, 17151180800, 1667064
read-wait, 7, 3, 416204
read, 7, 3, 343023616, 171511808, 416204
circular-read-start, 7, 3, 17151180800, 1667067
read-start, 4, 4, 514535424, 171511808, 1860764
circular-read-total, 4, 3, 17151180800, 109581, 195420
read-start, 3, 4, 514535424, 171511808, 1861009
circular-read-total, 3, 3, 17151180800, 77944, 195529
read-start, 5, 4, 514535424, 171511808, 1862548
circular-read-total, 5, 3, 17151180800, 100578, 195653
read-start, 7, 4, 514535424, 171511808, 1862650
circular-read-total, 7, 3, 17151180800, 94174, 195582
read-wait, 3, 4, 1661
read-start, 6, 4, 514535424, 171511808, 1862903
circular-read-total, 6, 3, 17151180800, 69545, 195839
read, 3, 4, 514535424, 171511808, 413110
circular-read-start, 3, 4, 17151180800, 2274119
read-wait, 4, 4, 413504
read, 4, 4, 514535424, 171511808, 413504
circular-read-start, 4, 4, 17151180800, 2274269
read-wait, 5, 4, 411791
read, 5, 4, 514535424, 171511808, 415703
circular-read-start, 5, 4, 17151180800, 2278251
read-wait, 6, 4, 415499
read, 6, 4, 514535424, 171511808, 415499
circular-read-start, 6, 4, 17151180800, 2278403
read-wait, 7, 4, 415756
read, 7, 4, 514535424, 171511808, 415756
circular-read-start, 7, 4, 17151180800, 2278407
read-start, 4, 5, 686047232, 171511808, 2469478
circular-read-total, 4, 4, 17151180800, 91017, 195209
read-start, 3, 5, 686047232, 171511808, 2469696
circular-read-total, 3, 4, 17151180800, 70396, 195576
read-start, 6, 5, 686047232, 171511808, 2473724
circular-read-total, 6, 4, 17151180800, 98970, 195320
read-wait, 3, 5, 4259
read-start, 7, 5, 686047232, 171511808, 2474010
circular-read-total, 7, 4, 17151180800, 67608, 195603
read-start, 5, 5, 686047232, 171511808, 2474115
circular-read-total, 5, 4, 17151180800, 92956, 195863
read, 3, 5, 686047232, 171511808, 413853
circular-read-start, 3, 5, 17151180800, 2883549
read-wait, 4, 5, 414226
read, 4, 5, 686047232, 171511808, 414226
circular-read-start, 4, 5, 17151180800, 2883705
read-wait, 5, 5, 409593
read, 5, 5, 686047232, 171511808, 415840
circular-read-start, 5, 5, 17151180800, 2889955
read-wait, 6, 5, 416396
read, 6, 5, 686047232, 171511808, 416396
circular-read-start, 6, 5, 17151180800, 2890120
read-wait, 7, 5, 416114
read, 7, 5, 686047232, 171511808, 416114
circular-read-start, 7, 5, 17151180800, 2890125

cmd-range, 2963096, 3758096384
