# Mon Oct 19 04:02:02 PDT 2015
memory, 32170233856
record-value, 112
seek-chunk, 171511808
file, 4, 2000000000

read-start, 1, 0, 171511808, 7115
circular-read-start, 4, 1, 200000000000, 8872
circular-read-total, 4, 1, 200000000000, 428013, 438867
linear-scan, 439869
-sort , 46630, 50
-merge, 26588, 50
-last , 1000
read, 1, 171511808, 441625
network, 1, 197635

read-start, 2, 171511808, 171511808, 646610
circular-read-start, 4, 2, 200000000000, 646953
circular-read-total, 4, 2, 200000000000, 401465, 413054
linear-scan, 413738
-sort , 45375, 49
-merge, 26292, 49
-last , 683
read, 2, 171511808, 414080
network, 2, 197165

read-start, 3, 343023616, 171511808, 1257889
circular-read-start, 4, 3, 200000000000, 1258233
circular-read-total, 4, 3, 200000000000, 401426, 413007
linear-scan, 414278
-sort , 44302, 47
-merge, 25122, 47
-last , 1270
read, 3, 171511808, 414622
network, 3, 197015

read-start, 4, 514535424, 171511808, 1869761
circular-read-start, 4, 4, 200000000000, 1870114
circular-read-total, 4, 4, 200000000000, 401662, 413167
linear-scan, 413836
-sort , 42601, 46
-merge, 24124, 46
-last , 668
read, 4, 171511808, 414189
network, 4, 196602

read-start, 5, 686047232, 171511808, 2480592
circular-read-start, 4, 5, 200000000000, 2480935
circular-read-total, 4, 5, 200000000000, 401412, 412999
linear-scan, 413888
-sort , 40918, 44
-merge, 23087, 44
-last , 888
read, 5, 171511808, 414231
