# Mon Oct 19 04:02:02 PDT 2015
memory, 32170233856
record-value, 112
seek-chunk, 171511808
file, 4, 2000000000

read-start, 1, 0, 171511808, 1767
circular-read-start, 4, 1, 200000000000, 3507
circular-read-total, 4, 1, 200000000000, 430653, 441226
linear-scan, 442212
-sort , 46958, 50
-merge, 27253, 50
-last , 985
read, 1, 171511808, 443952
network, 1, 195774

read-start, 2, 171511808, 171511808, 641528
circular-read-start, 4, 2, 200000000000, 641884
circular-read-total, 4, 2, 200000000000, 401394, 412773
linear-scan, 413461
-sort , 45733, 49
-merge, 26773, 49
-last , 687
read, 2, 171511808, 413817
network, 2, 195864

read-start, 3, 343023616, 171511808, 1251213
circular-read-start, 4, 3, 200000000000, 1251559
circular-read-total, 4, 3, 200000000000, 401298, 412422
linear-scan, 413731
-sort , 44752, 47
-merge, 26460, 47
-last , 1308
read, 3, 171511808, 414078
network, 3, 197251

read-start, 4, 514535424, 171511808, 1862574
circular-read-start, 4, 4, 200000000000, 1862922
circular-read-total, 4, 4, 200000000000, 401121, 412119
linear-scan, 412782
-sort , 43050, 46
-merge, 25427, 46
-last , 662
read, 4, 171511808, 413130
network, 4, 195582

read-start, 5, 686047232, 171511808, 2471290
circular-read-start, 4, 5, 200000000000, 2471641
circular-read-total, 4, 5, 200000000000, 401285, 412624
linear-scan, 413521
-sort , 41686, 44
-merge, 24554, 44
-last , 896
read, 5, 171511808, 413872
