# Mon Sep 21 01:05:56 PDT 2015
# 5, 666.67, 0, read
max-chunk, 3, 1, 707645831, 0
chunk-size, 707645831, 4099
disks, 8

size, 3, 2, 6666700000, 0
size, 4, 1, 6666700000, 0
size, 5, 1, 6666700000, 0
size, 6, 1, 6666700000, 0
size, 7, 1, 6666700000, 0
size, 8, 1, 6666700000, 0


read-start, 3, 1, 0, 707645831, 20
read-start, 4, 1, 0, 707645831, 20
read-start, 5, 1, 0, 707645831, 20
read-start, 6, 1, 0, 707645831, 20
read-start, 7, 1, 0, 707645831, 20
read-start, 8, 1, 0, 707645831, 20
read-wait, 3, 1, 0
read, 3, 1, 0, 707645831, 419871
circular-read-start, 3, 1, 70764583100, 419892
read-wait, 4, 1, 419994
read, 4, 1, 0, 707645831, 421744
circular-read-start, 4, 1, 70764583100, 421765
read-wait, 5, 1, 421930
read, 5, 1, 0, 707645831, 421930
circular-read-start, 5, 1, 70764583100, 421951
read-wait, 6, 1, 421932
read, 6, 1, 0, 707645831, 421932
circular-read-start, 6, 1, 70764583100, 421953
read-wait, 7, 1, 421934
read, 7, 1, 0, 707645831, 425366
circular-read-start, 7, 1, 70764583100, 425387
read-wait, 8, 1, 425555
read, 8, 1, 0, 707645831, 432000
circular-read-start, 8, 1, 70764583100, 432021
read-start, 6, 2, 707645831, 707645831, 742643
circular-read-total, 6, 1, 70764583100, 20716, 320697
read-start, 4, 2, 707645831, 707645831, 768010
circular-read-total, 4, 1, 70764583100, 71950, 346245
read-start, 5, 2, 707645831, 707645831, 768366
circular-read-total, 5, 1, 70764583100, 74680, 346415
read-start, 7, 2, 707645831, 707645831, 769640
circular-read-total, 7, 1, 70764583100, 58725, 344252
read-start, 8, 2, 707645831, 707645831, 770172
circular-read-total, 8, 1, 70764583100, 67772, 338151
read-start, 3, 2, 707645831, 707645831, 770465
circular-read-total, 3, 1, 70764583100, 59428, 350573
read-wait, 7, 2, 981
read, 7, 2, 707645831, 707645831, 411409
circular-read-start, 7, 2, 70764583100, 1181049
read-wait, 6, 2, 438512
read, 6, 2, 707645831, 707645831, 438512
circular-read-start, 6, 2, 70764583100, 1181156
read-wait, 8, 2, 410990
read, 8, 2, 707645831, 707645831, 427163
circular-read-start, 8, 2, 70764583100, 1197335
read-wait, 5, 2, 429066
read, 5, 2, 707645831, 707645831, 429066
circular-read-start, 5, 2, 70764583100, 1197433
read-wait, 3, 2, 426969
read, 3, 2, 707645831, 707645831, 426969
circular-read-start, 3, 2, 70764583100, 1197435
read-wait, 4, 2, 429431
read, 4, 2, 707645831, 707645831, 429431
circular-read-start, 4, 2, 70764583100, 1197441
read-start, 6, 3, 1415291662, 707645831, 1515105
circular-read-total, 6, 2, 70764583100, 13583, 333949
read-start, 4, 3, 1415291662, 707645831, 1536638
circular-read-total, 4, 2, 70764583100, 72948, 339197
read-start, 8, 3, 1415291662, 707645831, 1538648
circular-read-total, 8, 2, 70764583100, 71328, 341313
read-start, 5, 3, 1415291662, 707645831, 1540375
circular-read-total, 5, 2, 70764583100, 68583, 342941
read-start, 7, 3, 1415291662, 707645831, 1541980
circular-read-total, 7, 2, 70764583100, 54684, 360931
read-start, 3, 3, 1415291662, 707645831, 1542361
circular-read-total, 3, 2, 70764583100, 57515, 344926
read-wait, 7, 3, 713
read, 7, 3, 1415291662, 707645831, 427096
circular-read-start, 7, 3, 70764583100, 1969077
read-wait, 4, 3, 432539
read, 4, 3, 1415291662, 707645831, 432539
circular-read-start, 4, 3, 70764583100, 1969178
read-wait, 6, 3, 454077
read, 6, 3, 1415291662, 707645831, 454077
circular-read-start, 6, 3, 70764583100, 1969183
read-wait, 8, 3, 430542
read, 8, 3, 1415291662, 707645831, 430542
circular-read-start, 8, 3, 70764583100, 1969191
read-wait, 3, 3, 426836
read, 3, 3, 1415291662, 707645831, 426836
circular-read-start, 3, 3, 70764583100, 1969197
read-wait, 5, 3, 428825
read, 5, 3, 1415291662, 707645831, 428825
circular-read-start, 5, 3, 70764583100, 1969200
read-start, 6, 4, 2122937493, 707645831, 2289688
circular-read-total, 6, 3, 70764583100, 18092, 320513
read-start, 4, 4, 2122937493, 707645831, 2310492
circular-read-total, 4, 3, 70764583100, 65897, 341314
read-start, 5, 4, 2122937493, 707645831, 2311855
circular-read-total, 5, 3, 70764583100, 70420, 342655
read-start, 8, 4, 2122937493, 707645831, 2312221
circular-read-total, 8, 3, 70764583100, 68775, 343032
read-start, 3, 4, 2122937493, 707645831, 2315942
circular-read-total, 3, 3, 70764583100, 58650, 346745
read-start, 7, 4, 2122937493, 707645831, 2315986
circular-read-total, 7, 3, 70764583100, 53344, 346908
read-wait, 7, 4, 89
read, 7, 4, 2122937493, 707645831, 406059
circular-read-start, 7, 4, 70764583100, 2722046
read-wait, 8, 4, 409980
read, 8, 4, 2122937493, 707645831, 409980
circular-read-start, 8, 4, 70764583100, 2722202
read-wait, 3, 4, 406263
read, 3, 4, 2122937493, 707645831, 406263
circular-read-start, 3, 4, 70764583100, 2722206
read-wait, 4, 4, 411724
read, 4, 4, 2122937493, 707645831, 411724
circular-read-start, 4, 4, 70764583100, 2722216
read-wait, 5, 4, 410405
read, 5, 4, 2122937493, 707645831, 410405
circular-read-start, 5, 4, 70764583100, 2722261
read-wait, 6, 4, 432583
read, 6, 4, 2122937493, 707645831, 432583
circular-read-start, 6, 4, 70764583100, 2722272
read-start, 6, 5, 2830583324, 707645831, 3041581
circular-read-total, 6, 4, 70764583100, 17920, 319317
read-start, 4, 5, 2830583324, 707645831, 3062392
circular-read-total, 4, 4, 70764583100, 66960, 340175
read-start, 5, 5, 2830583324, 707645831, 3064383
circular-read-total, 5, 4, 70764583100, 70596, 342124
read-start, 7, 5, 2830583324, 707645831, 3067930
circular-read-total, 7, 4, 70764583100, 52892, 345884
read-start, 3, 5, 2830583324, 707645831, 3068313
circular-read-total, 3, 4, 70764583100, 56121, 346107
read-start, 8, 5, 2830583324, 707645831, 3068381
circular-read-total, 8, 4, 70764583100, 68355, 346178
read-wait, 7, 5, 495
read, 7, 5, 2830583324, 707645831, 378733
circular-read-start, 7, 5, 70764583100, 3446664
read-wait, 8, 5, 378400
read, 8, 5, 2830583324, 707645831, 396119
circular-read-start, 8, 5, 70764583100, 3464501
read-wait, 3, 5, 396288
read, 3, 5, 2830583324, 707645831, 396288
circular-read-start, 3, 5, 70764583100, 3464602
read-wait, 4, 5, 402212
read, 4, 5, 2830583324, 707645831, 402212
circular-read-start, 4, 5, 70764583100, 3464605
read-wait, 5, 5, 400239
read, 5, 5, 2830583324, 707645831, 400239
circular-read-start, 5, 5, 70764583100, 3464623
read-wait, 6, 5, 423050
read, 6, 5, 2830583324, 707645831, 423050
circular-read-start, 6, 5, 70764583100, 3464631
read-start, 6, 6, 3538229155, 707645831, 3784578
circular-read-total, 6, 5, 70764583100, 16865, 319953
read-start, 5, 6, 3538229155, 707645831, 3805592
circular-read-total, 5, 5, 70764583100, 70799, 340969
read-start, 4, 6, 3538229155, 707645831, 3806943
circular-read-total, 4, 5, 70764583100, 68588, 342338
read-start, 8, 6, 3538229155, 707645831, 3808348
circular-read-total, 8, 5, 70764583100, 70556, 343847
read-start, 3, 6, 3538229155, 707645831, 3810137
circular-read-total, 3, 5, 70764583100, 54740, 345535
read-wait, 8, 6, 2511
read-start, 7, 6, 3538229155, 707645831, 3810865
circular-read-total, 7, 5, 70764583100, 53663, 364201
read, 8, 6, 3538229155, 707645831, 380870
circular-read-start, 8, 6, 70764583100, 4189219
read-wait, 7, 6, 378460
read, 7, 6, 3538229155, 707645831, 378460
circular-read-start, 7, 6, 70764583100, 4189325
read-wait, 4, 6, 382384
read, 4, 6, 3538229155, 707645831, 382384
circular-read-start, 4, 6, 70764583100, 4189327
read-wait, 3, 6, 379194
read, 3, 6, 3538229155, 707645831, 380191
circular-read-start, 3, 6, 70764583100, 4190329
read-wait, 5, 6, 384900
read, 5, 6, 3538229155, 707645831, 384900
circular-read-start, 5, 6, 70764583100, 4190492
read-wait, 6, 6, 405933
read, 6, 6, 3538229155, 707645831, 405933
circular-read-start, 6, 6, 70764583100, 4190511
read-start, 6, 7, 4245874986, 707645831, 4508852
circular-read-total, 6, 6, 70764583100, 19803, 318348
read-start, 8, 7, 4245874986, 707645831, 4532628
circular-read-total, 8, 6, 70764583100, 70637, 343409
read-start, 4, 7, 4245874986, 707645831, 4533224
circular-read-total, 4, 6, 70764583100, 68600, 343896
read-start, 5, 7, 4245874986, 707645831, 4533700
circular-read-total, 5, 6, 70764583100, 71617, 343207
read-start, 7, 7, 4245874986, 707645831, 4534348
circular-read-total, 7, 6, 70764583100, 52644, 345022
read-start, 3, 7, 4245874986, 707645831, 4534990
circular-read-total, 3, 6, 70764583100, 55920, 344661
read-wait, 8, 7, 2386
read, 8, 7, 4245874986, 707645831, 375536
circular-read-start, 8, 7, 70764583100, 4908164
read-wait, 4, 7, 375096
read, 4, 7, 4245874986, 707645831, 375096
circular-read-start, 4, 7, 70764583100, 4908321
read-wait, 3, 7, 373335
read, 3, 7, 4245874986, 707645831, 378006
circular-read-start, 3, 7, 70764583100, 4912996
read-wait, 5, 7, 379460
read, 5, 7, 4245874986, 707645831, 379460
circular-read-start, 5, 7, 70764583100, 4913161
read-wait, 7, 7, 378815
read, 7, 7, 4245874986, 707645831, 378815
circular-read-start, 7, 7, 70764583100, 4913163
read-wait, 6, 7, 404312
read, 6, 7, 4245874986, 707645831, 404312
circular-read-start, 6, 7, 70764583100, 4913165
read-start, 6, 8, 4953520817, 707645831, 5233079
circular-read-total, 6, 7, 70764583100, 16774, 319921
read-start, 4, 8, 4953520817, 707645831, 5253995
circular-read-total, 4, 7, 70764583100, 73391, 345674
read-start, 8, 8, 4953520817, 707645831, 5254162
circular-read-total, 8, 7, 70764583100, 70890, 345998
read-start, 5, 8, 4953520817, 707645831, 5257441
circular-read-total, 5, 7, 70764583100, 74390, 344279
read-start, 7, 8, 4953520817, 707645831, 5258108
circular-read-total, 7, 7, 70764583100, 57436, 344945
read-start, 3, 8, 4953520817, 707645831, 5259133
circular-read-total, 3, 7, 70764583100, 60568, 346136
read-wait, 3, 8, 1
read, 3, 8, 4953520817, 707645831, 375389
circular-read-start, 3, 8, 70764583100, 5634523
read-wait, 8, 8, 380462
read, 8, 8, 4953520817, 707645831, 380462
circular-read-start, 8, 8, 70764583100, 5634625
read-wait, 4, 8, 380637
read, 4, 8, 4953520817, 707645831, 380637
circular-read-start, 4, 8, 70764583100, 5634632
read-wait, 6, 8, 401559
read, 6, 8, 4953520817, 707645831, 401559
circular-read-start, 6, 8, 70764583100, 5634638
read-wait, 7, 8, 376678
read, 7, 8, 4953520817, 707645831, 376678
circular-read-start, 7, 8, 70764583100, 5634787
read-wait, 5, 8, 377383
read, 5, 8, 4953520817, 707645831, 377383
circular-read-start, 5, 8, 70764583100, 5634824
read-start, 6, 9, 5661166648, 707645831, 5955153
circular-read-total, 6, 8, 70764583100, 16597, 320515
read-start, 5, 9, 5661166648, 707645831, 5976577
circular-read-total, 5, 8, 70764583100, 69071, 341753
read-start, 4, 9, 5661166648, 707645831, 5976835
circular-read-total, 4, 8, 70764583100, 73421, 342202
read-start, 8, 9, 5661166648, 707645831, 5979119
circular-read-total, 8, 8, 70764583100, 66900, 344495
read-start, 7, 9, 5661166648, 707645831, 5980768
circular-read-total, 7, 8, 70764583100, 52682, 345980
read-start, 3, 9, 5661166648, 707645831, 5981753
circular-read-total, 3, 8, 70764583100, 57706, 347230
read-wait, 6, 9, 26622
read, 6, 9, 5661166648, 707645831, 360946
circular-read-start, 6, 9, 70764583100, 6316100
read-wait, 3, 9, 334499
read, 3, 9, 5661166648, 707645831, 369406
circular-read-start, 3, 9, 70764583100, 6351160
read-wait, 8, 9, 372146
read, 8, 9, 5661166648, 707645831, 372146
circular-read-start, 8, 9, 70764583100, 6351266
read-wait, 5, 9, 374692
read, 5, 9, 5661166648, 707645831, 374692
circular-read-start, 5, 9, 70764583100, 6351269
read-wait, 4, 9, 374437
read, 4, 9, 5661166648, 707645831, 374437
circular-read-start, 4, 9, 70764583100, 6351272
read-wait, 7, 9, 370525
read, 7, 9, 5661166648, 707645831, 370525
circular-read-start, 7, 9, 70764583100, 6351294
read-start, 6, 10, 6368812479, 297887521, 6670242
circular-read-total, 6, 9, 70764583100, 14270, 354150
read-start, 8, 10, 6368812479, 297887521, 6690794
circular-read-total, 8, 9, 70764583100, 68847, 339528
read-start, 4, 10, 6368812479, 297887521, 6693927
circular-read-total, 4, 9, 70764583100, 70110, 342655
read-start, 5, 10, 6368812479, 297887521, 6696027
circular-read-total, 5, 9, 70764583100, 70630, 344757
read-start, 7, 10, 6368812479, 297887521, 6696836
circular-read-total, 7, 9, 70764583100, 51127, 345542
read-start, 3, 10, 6368812479, 297887521, 6696869
circular-read-total, 3, 9, 70764583100, 55908, 345708
read-wait, 3, 10, 106
read, 3, 10, 6368812479, 297887521, 365870
circular-read-start, 3, 10, 29788752100, 7062739
read-wait, 4, 10, 368966
read, 4, 10, 6368812479, 297887521, 368966
circular-read-start, 4, 10, 29788752100, 7062893
read-wait, 6, 10, 392654
read, 6, 10, 6368812479, 297887521, 392654
circular-read-start, 6, 10, 29788752100, 7062897
read-wait, 8, 10, 372106
read, 8, 10, 6368812479, 297887521, 372106
circular-read-start, 8, 10, 29788752100, 7062901
read-wait, 5, 10, 366876
read, 5, 10, 6368812479, 297887521, 366876
circular-read-start, 5, 10, 29788752100, 7062903
read-wait, 7, 10, 366146
read, 7, 10, 6368812479, 297887521, 366146
circular-read-start, 7, 10, 29788752100, 7062983
circular-read-total, 6, 10, 29788752100, 17582, 123131
circular-read-total, 8, 10, 29788752100, 29063, 143146
circular-read-total, 5, 10, 29788752100, 26253, 144127
circular-read-total, 4, 10, 29788752100, 28886, 144307
circular-read-total, 3, 10, 29788752100, 24163, 146132
circular-read-total, 7, 10, 29788752100, 22192, 146445

cmd-read, 7209858
