# Mon Sep 21 01:05:56 PDT 2015
memory, 128926187520
record-value, 112
seek-chunk, 707645831
file, 4, 1666675000
file, 5, 1666675000
file, 6, 1666675000
file, 7, 1666675000

read-start, 1, 0, 707645831, 8574
circular-read-start, 4, 1, 166667500000, 15816
circular-read-start, 5, 1, 166667500000, 15816
circular-read-start, 6, 1, 166667500000, 15816
circular-read-start, 7, 1, 166667500000, 15816
circular-read-total, 5, 1, 166667500000, 375785, 414311
circular-read-total, 7, 1, 166667500000, 375943, 414456
circular-read-total, 4, 1, 166667500000, 377117, 416218
circular-read-total, 6, 1, 166667500000, 377303, 416345
linear-scan, 418109
-sort , 68214, 47
-merge, 62069, 47
-last , 1697
read, 1, 707645831, 425350
network, 1, 344220

read-start, 2, 707645831, 707645831, 778168
circular-read-start, 5, 2, 166667500000, 779569
circular-read-start, 4, 2, 166667500000, 779569
circular-read-start, 6, 2, 166667500000, 779569
circular-read-start, 7, 2, 166667500000, 779569
circular-read-total, 5, 2, 166667500000, 363572, 406002
circular-read-total, 6, 2, 166667500000, 363637, 406003
circular-read-total, 4, 2, 166667500000, 364024, 406387
circular-read-total, 7, 2, 166667500000, 365213, 407564
linear-scan, 409992
-sort , 65644, 45
-merge, 58981, 45
-last , 2313
read, 2, 707645831, 411394
network, 2, 360917

read-start, 3, 1415291662, 707645831, 1550482
circular-read-start, 4, 3, 166667500000, 1551877
circular-read-start, 5, 3, 166667500000, 1551877
circular-read-start, 6, 3, 166667500000, 1551877
circular-read-start, 7, 3, 166667500000, 1551877
circular-read-total, 4, 3, 166667500000, 359407, 421490
circular-read-total, 5, 3, 166667500000, 359697, 421842
circular-read-total, 7, 3, 166667500000, 360667, 422972
circular-read-total, 6, 3, 166667500000, 361297, 423136
linear-scan, 425686
-sort , 64086, 44
-merge, 59172, 44
-last , 994
read, 3, 707645831, 427081
network, 3, 346882

read-start, 4, 2122937493, 707645831, 2324461
circular-read-start, 4, 4, 166667500000, 2325863
circular-read-start, 5, 4, 166667500000, 2325863
circular-read-start, 6, 4, 166667500000, 2325863
circular-read-start, 7, 4, 166667500000, 2325863
circular-read-total, 6, 4, 166667500000, 360572, 401128
circular-read-total, 4, 4, 166667500000, 360553, 401214
circular-read-total, 5, 4, 166667500000, 360856, 401785
circular-read-total, 7, 4, 166667500000, 361432, 402124
linear-scan, 404642
-sort , 62318, 41
-merge, 53681, 41
-last , 2400
read, 4, 707645831, 406045
network, 4, 345861

read-start, 5, 2830583324, 707645831, 3076379
circular-read-start, 5, 5, 166667500000, 3077779
circular-read-start, 4, 5, 166667500000, 3077779
circular-read-start, 6, 5, 166667500000, 3077779
circular-read-start, 7, 5, 166667500000, 3077779
circular-read-total, 4, 5, 166667500000, 366813, 373536
circular-read-total, 7, 5, 166667500000, 367431, 374342
circular-read-total, 5, 5, 166667500000, 368384, 375352
circular-read-total, 6, 5, 166667500000, 368588, 375588
linear-scan, 377320
-sort , 57506, 39
-merge, 54561, 39
-last , 1668
read, 5, 707645831, 378719
network, 5, 364173

read-start, 6, 3538229155, 707645831, 3819288
circular-read-start, 5, 6, 166667500000, 3820684
circular-read-start, 4, 6, 166667500000, 3820684
circular-read-start, 6, 6, 166667500000, 3820684
circular-read-start, 7, 6, 166667500000, 3820684
circular-read-total, 5, 6, 166667500000, 364977, 371840
circular-read-total, 6, 6, 166667500000, 365233, 372204
circular-read-total, 7, 6, 166667500000, 366281, 373304
circular-read-total, 4, 6, 166667500000, 367053, 373985
linear-scan, 375789
-sort , 52469, 36
-merge, 48933, 36
-last , 1733
read, 6, 707645831, 377185
network, 6, 346257

read-start, 7, 4245874986, 707645831, 4542746
circular-read-start, 4, 7, 166667500000, 4544145
circular-read-start, 5, 7, 166667500000, 4544145
circular-read-start, 6, 7, 166667500000, 4544145
circular-read-start, 7, 7, 166667500000, 4544145
circular-read-total, 4, 7, 166667500000, 362240, 372268
circular-read-total, 5, 7, 166667500000, 362361, 372458
circular-read-total, 7, 7, 166667500000, 363265, 372896
circular-read-total, 6, 7, 166667500000, 363505, 373117
linear-scan, 375413
-sort , 53402, 32
-merge, 52773, 32
-last , 2188
read, 7, 707645831, 376812
network, 7, 346912

read-start, 8, 4953520817, 707645831, 5266481
circular-read-start, 4, 8, 166667500000, 5267886
circular-read-start, 5, 8, 166667500000, 5267886
circular-read-start, 6, 8, 166667500000, 5267886
circular-read-start, 7, 8, 166667500000, 5267886
circular-read-total, 4, 8, 166667500000, 359185, 366169
circular-read-total, 5, 8, 166667500000, 359605, 366514
circular-read-total, 7, 8, 166667500000, 360007, 366905
circular-read-total, 6, 8, 166667500000, 360533, 367477
linear-scan, 369830
-sort , 39422, 27
-merge, 38502, 27
-last , 2246
read, 8, 707645831, 371235
network, 8, 351384

read-start, 9, 5661166648, 707645831, 5989116
circular-read-start, 4, 9, 166667500000, 5990525
circular-read-start, 5, 9, 166667500000, 5990525
circular-read-start, 6, 9, 166667500000, 5990525
circular-read-start, 7, 9, 166667500000, 5990525
circular-read-total, 5, 9, 166667500000, 348134, 357078
circular-read-total, 7, 9, 166667500000, 348774, 357788
circular-read-total, 6, 9, 166667500000, 348826, 357825
circular-read-total, 4, 9, 166667500000, 350326, 358977
linear-scan, 360786
-sort , 28843, 20
-merge, 31112, 20
-last , 1055
read, 9, 707645831, 362195
network, 9, 353834

read-start, 10, 6368812479, 297887521, 6705159
circular-read-start, 4, 10, 166667500000, 6705752
circular-read-start, 5, 10, 166667500000, 6705752
circular-read-start, 6, 10, 166667500000, 6705752
circular-read-start, 7, 10, 166667500000, 6705752
circular-read-total, 7, 10, 166667500000, 349370, 356571
circular-read-total, 5, 10, 166667500000, 349582, 356774
circular-read-total, 6, 10, 166667500000, 349626, 356858
circular-read-total, 4, 10, 166667500000, 349855, 357118
linear-scan, 358643
-sort , 8923, 15
-merge, 10599, 15
-last , 399
read, 10, 297887521, 359236
network, 10, 153335

exit, 7218183
