# Mon Sep 21 01:05:56 PDT 2015
memory, 128926187520
record-value, 112
seek-chunk, 707645831
file, 4, 1666675000
file, 5, 1666675000
file, 6, 1666675000
file, 7, 1666675000

read-start, 1, 0, 707645831, 6849
circular-read-start, 4, 1, 166667500000, 14245
circular-read-start, 5, 1, 166667500000, 14245
circular-read-start, 6, 1, 166667500000, 14245
circular-read-start, 7, 1, 166667500000, 14245
circular-read-total, 7, 1, 166667500000, 374746, 408247
circular-read-total, 5, 1, 166667500000, 373735, 409640
circular-read-total, 6, 1, 166667500000, 375960, 409865
circular-read-total, 4, 1, 166667500000, 375225, 410930
linear-scan, 412711
-sort , 72584, 47
-merge, 60709, 47
-last , 1714
read, 1, 707645831, 420107
network, 1, 322608

read-start, 2, 707645831, 707645831, 749581
circular-read-start, 4, 2, 166667500000, 750986
circular-read-start, 5, 2, 166667500000, 750986
circular-read-start, 6, 2, 166667500000, 750986
circular-read-start, 7, 2, 166667500000, 750986
circular-read-total, 5, 2, 166667500000, 358800, 401190
circular-read-total, 4, 2, 166667500000, 359663, 402365
circular-read-total, 6, 2, 166667500000, 360441, 403136
circular-read-total, 7, 2, 166667500000, 360637, 403229
linear-scan, 405723
-sort , 68127, 45
-merge, 58440, 45
-last , 2375
read, 2, 707645831, 407128
network, 2, 365309

read-start, 3, 1415291662, 707645831, 1522048
circular-read-start, 4, 3, 166667500000, 1523450
circular-read-start, 5, 3, 166667500000, 1523450
circular-read-start, 6, 3, 166667500000, 1523450
circular-read-start, 7, 3, 166667500000, 1523450
circular-read-total, 4, 3, 166667500000, 358487, 408368
circular-read-total, 7, 3, 166667500000, 358672, 408467
circular-read-total, 5, 3, 166667500000, 359265, 408882
circular-read-total, 6, 3, 166667500000, 359269, 409258
linear-scan, 411881
-sort , 64928, 44
-merge, 60949, 44
-last , 993
read, 3, 707645831, 413283
network, 3, 361279

read-start, 4, 2122937493, 707645831, 2296634
circular-read-start, 4, 4, 166667500000, 2298041
circular-read-start, 5, 4, 166667500000, 2298041
circular-read-start, 6, 4, 166667500000, 2298041
circular-read-start, 7, 4, 166667500000, 2298041
circular-read-total, 4, 4, 166667500000, 360244, 384760
circular-read-total, 7, 4, 166667500000, 361174, 385470
circular-read-total, 5, 4, 166667500000, 361576, 385797
circular-read-total, 6, 4, 166667500000, 361866, 386052
linear-scan, 388620
-sort , 62748, 41
-merge, 54028, 41
-last , 2444
read, 4, 707645831, 390026
network, 4, 361845

read-start, 5, 2830583324, 707645831, 3048531
circular-read-start, 4, 5, 166667500000, 3049935
circular-read-start, 5, 5, 166667500000, 3049935
circular-read-start, 6, 5, 166667500000, 3049935
circular-read-start, 7, 5, 166667500000, 3049935
circular-read-total, 7, 5, 166667500000, 358794, 381847
circular-read-total, 5, 5, 166667500000, 360080, 383426
circular-read-total, 4, 5, 166667500000, 361255, 383997
circular-read-total, 6, 5, 166667500000, 362490, 385927
linear-scan, 387636
-sort , 58907, 39
-merge, 54329, 39
-last , 1643
read, 5, 707645831, 389040
network, 5, 353932

read-start, 6, 3538229155, 707645831, 3791531
circular-read-start, 4, 6, 166667500000, 3792931
circular-read-start, 5, 6, 166667500000, 3792931
circular-read-start, 6, 6, 166667500000, 3792931
circular-read-start, 7, 6, 166667500000, 3792931
circular-read-total, 7, 6, 166667500000, 357191, 372072
circular-read-total, 5, 6, 166667500000, 357586, 372802
circular-read-total, 6, 6, 166667500000, 359932, 373566
circular-read-total, 4, 6, 166667500000, 359386, 373894
linear-scan, 375687
-sort , 60009, 36
-merge, 52247, 36
-last , 1720
read, 6, 707645831, 377087
network, 6, 347158

read-start, 7, 4245874986, 707645831, 4515810
circular-read-start, 4, 7, 166667500000, 4517210
circular-read-start, 5, 7, 166667500000, 4517210
circular-read-start, 6, 7, 166667500000, 4517210
circular-read-start, 7, 7, 166667500000, 4517210
circular-read-total, 5, 7, 166667500000, 358587, 365258
circular-read-total, 4, 7, 166667500000, 358647, 365593
circular-read-total, 7, 7, 166667500000, 359119, 365895
circular-read-total, 6, 7, 166667500000, 361482, 368977
linear-scan, 371327
-sort , 49552, 32
-merge, 45063, 32
-last , 2240
read, 7, 707645831, 372728
network, 7, 351476

read-start, 8, 4953520817, 707645831, 5240040
circular-read-start, 4, 8, 166667500000, 5241439
circular-read-start, 5, 8, 166667500000, 5241439
circular-read-start, 6, 8, 166667500000, 5241439
circular-read-start, 7, 8, 166667500000, 5241439
circular-read-total, 5, 8, 166667500000, 356275, 362807
circular-read-total, 7, 8, 166667500000, 356414, 363005
circular-read-total, 6, 8, 166667500000, 357734, 365097
circular-read-total, 4, 8, 166667500000, 358124, 365142
linear-scan, 367504
-sort , 42822, 27
-merge, 42079, 27
-last , 2251
read, 8, 707645831, 368902
network, 8, 353147

read-start, 9, 5661166648, 707645831, 5962118
circular-read-start, 4, 9, 166667500000, 5963524
circular-read-start, 5, 9, 166667500000, 5963524
circular-read-start, 6, 9, 166667500000, 5963524
circular-read-start, 7, 9, 166667500000, 5963524
circular-read-total, 7, 9, 166667500000, 346498, 354987
circular-read-total, 5, 9, 166667500000, 346607, 355039
circular-read-total, 4, 9, 166667500000, 348627, 356533
circular-read-total, 6, 9, 166667500000, 350390, 357762
linear-scan, 359542
-sort , 28894, 20
-merge, 29784, 20
-last , 1051
read, 9, 707645831, 360948
network, 9, 354119

read-start, 10, 6368812479, 297887521, 6677211
circular-read-start, 4, 10, 166667500000, 6677824
circular-read-start, 5, 10, 166667500000, 6677824
circular-read-start, 6, 10, 166667500000, 6677824
circular-read-start, 7, 10, 166667500000, 6677824
circular-read-total, 4, 10, 166667500000, 353368, 360717
circular-read-total, 5, 10, 166667500000, 353389, 360965
circular-read-total, 7, 10, 166667500000, 353887, 361301
circular-read-total, 6, 10, 166667500000, 354571, 361878
linear-scan, 363448
-sort , 9149, 15
-merge, 11252, 15
-last , 410
read, 10, 297887521, 364061
network, 10, 151715

exit, 7216849
