# Mon Sep 21 01:05:56 PDT 2015
memory, 128926187520
record-value, 112
seek-chunk, 707645831
file, 4, 1666675000
file, 5, 1666675000
file, 6, 1666675000
file, 7, 1666675000

read-start, 1, 0, 707645831, 3356
circular-read-start, 4, 1, 166667500000, 10668
circular-read-start, 5, 1, 166667500000, 10668
circular-read-start, 6, 1, 166667500000, 10668
circular-read-start, 7, 1, 166667500000, 10668
circular-read-total, 6, 1, 166667500000, 374255, 411275
circular-read-total, 4, 1, 166667500000, 374746, 411910
circular-read-total, 5, 1, 166667500000, 375005, 412616
circular-read-total, 7, 1, 166667500000, 375226, 412795
linear-scan, 414551
-sort , 69290, 47
-merge, 60289, 47
-last , 1690
read, 1, 707645831, 421863
network, 1, 346231

read-start, 2, 707645831, 707645831, 771467
circular-read-start, 5, 2, 166667500000, 772865
circular-read-start, 4, 2, 166667500000, 772865
circular-read-start, 6, 2, 166667500000, 772865
circular-read-start, 7, 2, 166667500000, 772865
circular-read-total, 6, 2, 166667500000, 362871, 394412
circular-read-total, 5, 2, 166667500000, 363680, 395133
circular-read-total, 4, 2, 166667500000, 365474, 396443
circular-read-total, 7, 2, 166667500000, 366774, 397684
linear-scan, 400151
-sort , 64067, 45
-merge, 57870, 45
-last , 2354
read, 2, 707645831, 401548
network, 2, 367069

read-start, 3, 1415291662, 707645831, 1540099
circular-read-start, 4, 3, 166667500000, 1541514
circular-read-start, 5, 3, 166667500000, 1541514
circular-read-start, 6, 3, 166667500000, 1541514
circular-read-start, 7, 3, 166667500000, 1541514
circular-read-total, 5, 3, 166667500000, 358043, 413630
circular-read-total, 6, 3, 166667500000, 358454, 414677
circular-read-total, 4, 3, 166667500000, 358933, 415426
circular-read-total, 7, 3, 166667500000, 359399, 415531
linear-scan, 418127
-sort , 65465, 44
-merge, 56050, 44
-last , 991
read, 3, 707645831, 419542
network, 3, 354293

read-start, 4, 2122937493, 707645831, 2313956
circular-read-start, 5, 4, 166667500000, 2315352
circular-read-start, 4, 4, 166667500000, 2315352
circular-read-start, 6, 4, 166667500000, 2315352
circular-read-start, 7, 4, 166667500000, 2315352
circular-read-total, 6, 4, 166667500000, 364936, 389241
circular-read-total, 4, 4, 166667500000, 364981, 389618
circular-read-total, 7, 4, 166667500000, 366149, 390838
circular-read-total, 5, 4, 166667500000, 366954, 391332
linear-scan, 393871
-sort , 58687, 41
-merge, 53757, 41
-last , 2418
read, 4, 707645831, 395268
network, 4, 356622

read-start, 5, 2830583324, 707645831, 3065860
circular-read-start, 4, 5, 166667500000, 3067260
circular-read-start, 5, 5, 166667500000, 3067260
circular-read-start, 6, 5, 166667500000, 3067260
circular-read-start, 7, 5, 166667500000, 3067260
circular-read-total, 5, 5, 166667500000, 366560, 373216
circular-read-total, 6, 5, 166667500000, 367532, 374324
circular-read-total, 7, 5, 166667500000, 367663, 374670
circular-read-total, 4, 5, 166667500000, 368076, 374751
linear-scan, 376530
-sort , 56059, 39
-merge, 52159, 39
-last , 1714
read, 5, 707645831, 377930
network, 5, 366615

read-start, 6, 3538229155, 707645831, 3810414
circular-read-start, 4, 6, 166667500000, 3811810
circular-read-start, 5, 6, 166667500000, 3811810
circular-read-start, 6, 6, 166667500000, 3811810
circular-read-start, 7, 6, 166667500000, 3811810
circular-read-total, 4, 6, 166667500000, 365095, 371727
circular-read-total, 6, 6, 166667500000, 365461, 372140
circular-read-total, 7, 6, 166667500000, 365302, 372167
circular-read-total, 5, 6, 166667500000, 365988, 372444
linear-scan, 374285
-sort , 52513, 36
-merge, 48919, 36
-last , 1771
read, 6, 707645831, 375681
network, 6, 350592

read-start, 7, 4245874986, 707645831, 4536698
circular-read-start, 4, 7, 166667500000, 4538095
circular-read-start, 5, 7, 166667500000, 4538095
circular-read-start, 6, 7, 166667500000, 4538095
circular-read-start, 7, 7, 166667500000, 4538095
circular-read-total, 4, 7, 166667500000, 363105, 369800
circular-read-total, 6, 7, 166667500000, 363031, 369816
circular-read-total, 5, 7, 166667500000, 363242, 369996
circular-read-total, 7, 7, 166667500000, 363385, 370378
linear-scan, 372663
-sort , 47133, 32
-merge, 45095, 32
-last , 2178
read, 7, 707645831, 374060
network, 7, 346695

read-start, 8, 4953520817, 707645831, 5257472
circular-read-start, 5, 8, 166667500000, 5258872
circular-read-start, 4, 8, 166667500000, 5258872
circular-read-start, 6, 8, 166667500000, 5258872
circular-read-start, 7, 8, 166667500000, 5258872
circular-read-total, 4, 8, 166667500000, 358023, 364742
circular-read-total, 6, 8, 166667500000, 358926, 365753
circular-read-total, 5, 8, 166667500000, 360145, 366964
circular-read-total, 7, 8, 166667500000, 360434, 367335
linear-scan, 369692
-sort , 42335, 27
-merge, 50215, 27
-last , 2249
read, 8, 707645831, 371092
network, 8, 351737

read-start, 9, 5661166648, 707645831, 5980316
circular-read-start, 5, 9, 166667500000, 5981718
circular-read-start, 4, 9, 166667500000, 5981718
circular-read-start, 6, 9, 166667500000, 5981718
circular-read-start, 7, 9, 166667500000, 5981718
circular-read-total, 7, 9, 166667500000, 348301, 357177
circular-read-total, 4, 9, 166667500000, 348159, 357192
circular-read-total, 6, 9, 166667500000, 348371, 357443
circular-read-total, 5, 9, 166667500000, 349125, 358146
linear-scan, 359937
-sort , 29119, 20
-merge, 31440, 20
-last , 1055
read, 9, 707645831, 361339
network, 9, 355752

read-start, 10, 6368812479, 297887521, 6697411
circular-read-start, 4, 10, 166667500000, 6698001
circular-read-start, 5, 10, 166667500000, 6698001
circular-read-start, 6, 10, 166667500000, 6698001
circular-read-start, 7, 10, 166667500000, 6698001
circular-read-total, 6, 10, 166667500000, 347227, 354254
circular-read-total, 4, 10, 166667500000, 347554, 354450
circular-read-total, 5, 10, 166667500000, 347832, 354714
circular-read-total, 7, 10, 166667500000, 347814, 354846
linear-scan, 356337
-sort , 9078, 15
-merge, 10533, 15
-last , 390
read, 10, 297887521, 356926
network, 10, 156338

exit, 7213364
