# Mon Sep 21 01:05:56 PDT 2015
memory, 128926187520
record-value, 112
seek-chunk, 707645831
file, 4, 1666675000
file, 5, 1666675000
file, 6, 1666675000
file, 7, 1666675000

read-start, 1, 0, 707645831, 1660
circular-read-start, 4, 1, 166667500000, 8965
circular-read-start, 5, 1, 166667500000, 8965
circular-read-start, 6, 1, 166667500000, 8965
circular-read-start, 7, 1, 166667500000, 8965
circular-read-total, 7, 1, 166667500000, 379500, 408595
circular-read-total, 6, 1, 166667500000, 380702, 409526
circular-read-total, 5, 1, 166667500000, 381098, 409933
circular-read-total, 4, 1, 166667500000, 381768, 410768
linear-scan, 412560
-sort , 67344, 47
-merge, 63051, 47
-last , 1725
read, 1, 707645831, 419865
network, 1, 350559

read-start, 2, 707645831, 707645831, 772088
circular-read-start, 5, 2, 166667500000, 773490
circular-read-start, 4, 2, 166667500000, 773490
circular-read-start, 6, 2, 166667500000, 773490
circular-read-start, 7, 2, 166667500000, 773490
circular-read-total, 7, 2, 166667500000, 364421, 401899
circular-read-total, 6, 2, 166667500000, 363996, 401955
circular-read-total, 5, 2, 166667500000, 365349, 403468
circular-read-total, 4, 2, 166667500000, 367652, 405324
linear-scan, 407768
-sort , 64627, 45
-merge, 59312, 45
-last , 2329
read, 2, 707645831, 409170
network, 2, 362691

read-start, 3, 1415291662, 707645831, 1543960
circular-read-start, 5, 3, 166667500000, 1545364
circular-read-start, 4, 3, 166667500000, 1545364
circular-read-start, 6, 3, 166667500000, 1545364
circular-read-start, 7, 3, 166667500000, 1545364
circular-read-total, 6, 3, 166667500000, 363647, 396652
circular-read-total, 7, 3, 166667500000, 364539, 397271
circular-read-total, 5, 3, 166667500000, 364889, 397883
circular-read-total, 4, 3, 166667500000, 367030, 400074
linear-scan, 402522
-sort , 62994, 44
-merge, 58132, 44
-last , 996
read, 3, 707645831, 403926
network, 3, 369619

read-start, 4, 2122937493, 707645831, 2317517
circular-read-start, 4, 4, 166667500000, 2318927
circular-read-start, 6, 4, 166667500000, 2318927
circular-read-start, 5, 4, 166667500000, 2318927
circular-read-start, 7, 4, 166667500000, 2318928
circular-read-total, 5, 4, 166667500000, 365898, 388323
circular-read-total, 7, 4, 166667500000, 366059, 388567
circular-read-total, 6, 4, 166667500000, 367801, 389087
circular-read-total, 4, 4, 166667500000, 369174, 391822
linear-scan, 394446
-sort , 59892, 41
-merge, 54389, 41
-last , 2503
read, 4, 707645831, 395856
network, 4, 356478

read-start, 5, 2830583324, 707645831, 3069865
circular-read-start, 5, 5, 166667500000, 3071267
circular-read-start, 4, 5, 166667500000, 3071267
circular-read-start, 6, 5, 166667500000, 3071267
circular-read-start, 7, 5, 166667500000, 3071267
circular-read-total, 7, 5, 166667500000, 365174, 374897
circular-read-total, 5, 5, 166667500000, 367001, 377024
circular-read-total, 6, 5, 166667500000, 367438, 377201
circular-read-total, 4, 5, 166667500000, 370483, 380045
linear-scan, 381805
-sort , 56845, 39
-merge, 52559, 39
-last , 1696
read, 5, 707645831, 383208
network, 5, 358579

read-start, 6, 3538229155, 707645831, 3811665
circular-read-start, 4, 6, 166667500000, 3813066
circular-read-start, 5, 6, 166667500000, 3813066
circular-read-start, 6, 6, 166667500000, 3813066
circular-read-start, 7, 6, 166667500000, 3813066
circular-read-total, 7, 6, 166667500000, 365339, 372049
circular-read-total, 5, 6, 166667500000, 365681, 372929
circular-read-total, 6, 6, 166667500000, 366418, 373297
circular-read-total, 4, 6, 166667500000, 368555, 376951
linear-scan, 378779
-sort , 53447, 36
-merge, 50603, 36
-last , 1756
read, 6, 707645831, 380179
network, 6, 344635

read-start, 7, 4245874986, 707645831, 4536496
circular-read-start, 4, 7, 166667500000, 4537910
circular-read-start, 5, 7, 166667500000, 4537910
circular-read-start, 6, 7, 166667500000, 4537910
circular-read-start, 7, 7, 166667500000, 4537910
circular-read-total, 7, 7, 166667500000, 362639, 369411
circular-read-total, 6, 7, 166667500000, 363530, 370519
circular-read-total, 5, 7, 166667500000, 364447, 371581
circular-read-total, 4, 7, 166667500000, 365945, 374238
linear-scan, 376580
-sort , 47293, 32
-merge, 49230, 32
-last , 2234
read, 7, 707645831, 377994
network, 7, 346112

read-start, 8, 4953520817, 707645831, 5260616
circular-read-start, 5, 8, 166667500000, 5262018
circular-read-start, 4, 8, 166667500000, 5262018
circular-read-start, 6, 8, 166667500000, 5262018
circular-read-start, 7, 8, 166667500000, 5262018
circular-read-total, 7, 8, 166667500000, 359499, 366495
circular-read-total, 6, 8, 166667500000, 359547, 366711
circular-read-total, 5, 8, 166667500000, 360763, 368120
circular-read-total, 4, 8, 166667500000, 363333, 371669
linear-scan, 373976
-sort , 40642, 27
-merge, 39095, 27
-last , 2201
read, 8, 707645831, 375378
network, 8, 347216

read-start, 9, 5661166648, 707645831, 5983214
circular-read-start, 4, 9, 166667500000, 5984627
circular-read-start, 5, 9, 166667500000, 5984627
circular-read-start, 6, 9, 166667500000, 5984627
circular-read-start, 7, 9, 166667500000, 5984627
circular-read-total, 6, 9, 166667500000, 355280, 362070
circular-read-total, 7, 9, 166667500000, 355395, 362312
circular-read-total, 5, 9, 166667500000, 356246, 363440
circular-read-total, 4, 9, 166667500000, 357738, 366178
linear-scan, 367982
-sort , 28638, 20
-merge, 31623, 20
-last , 1055
read, 9, 707645831, 369394
network, 9, 345687

read-start, 10, 6368812479, 297887521, 6698307
circular-read-start, 4, 10, 166667500000, 6698897
circular-read-start, 5, 10, 166667500000, 6698897
circular-read-start, 6, 10, 166667500000, 6698897
circular-read-start, 7, 10, 166667500000, 6698897
circular-read-total, 7, 10, 166667500000, 350182, 357226
circular-read-total, 5, 10, 166667500000, 350524, 357847
circular-read-total, 4, 10, 166667500000, 352549, 361023
circular-read-total, 6, 10, 166667500000, 355898, 363784
linear-scan, 365268
-sort , 8960, 15
-merge, 11965, 15
-last , 391
read, 10, 297887521, 365858
network, 10, 146115

exit, 7211300
