# 1, 50, 0.5, true, read
recv-size, 0, 524288000
size, 0, 0
start-read, 0, 0, 5242880
read, 0, 120208
recv-read, 0, 0, 5242880
network, 0, 1682
start-read, 1, 5242880, 5242880
read, 1, 109860
recv-read, 1, 5242880, 5242880
network, 1, 1533
start-read, 2, 10485760, 5242880
read, 2, 109105
recv-read, 2, 10485760, 5242880
network, 2, 1452
start-read, 3, 15728640, 5242880
read, 3, 109239
recv-read, 3, 15728640, 5242880
network, 3, 1493
start-read, 4, 20971520, 5242880
read, 4, 109111
recv-read, 4, 20971520, 5242880
network, 4, 1547
start-read, 5, 26214400, 5242880
read, 5, 109021
recv-read, 5, 26214400, 5242880
network, 5, 1593
start-read, 6, 31457280, 5242880
read, 6, 109113
recv-read, 6, 31457280, 5242880
network, 6, 1554
start-read, 7, 36700160, 5242880
read, 7, 109076
recv-read, 7, 36700160, 5242880
network, 7, 1540
start-read, 8, 41943040, 5242880
read, 8, 108934
recv-read, 8, 41943040, 5242880
network, 8, 1513
start-read, 9, 47185920, 5242880
read, 9, 108982
recv-read, 9, 47185920, 5242880
network, 9, 1530
start-read, 10, 52428800, 5242880
read, 10, 108973
recv-read, 10, 52428800, 5242880
network, 10, 1434
start-read, 11, 57671680, 5242880
read, 11, 108946
recv-read, 11, 57671680, 5242880
network, 11, 1374
start-read, 12, 62914560, 5242880
read, 12, 108986
recv-read, 12, 62914560, 5242880
network, 12, 1436
start-read, 13, 68157440, 5242880
read, 13, 109017
recv-read, 13, 68157440, 5242880
network, 13, 1446
start-read, 14, 73400320, 5242880
read, 14, 109094
recv-read, 14, 73400320, 5242880
network, 14, 1530
start-read, 15, 78643200, 5242880
read, 15, 109115
recv-read, 15, 78643200, 5242880
network, 15, 1443
start-read, 16, 83886080, 5242880
read, 16, 108930
recv-read, 16, 83886080, 5242880
network, 16, 1433
start-read, 17, 89128960, 5242880
read, 17, 109004
recv-read, 17, 89128960, 5242880
network, 17, 1441
start-read, 18, 94371840, 5242880
read, 18, 108951
recv-read, 18, 94371840, 5242880
network, 18, 1442
start-read, 19, 99614720, 5242880
read, 19, 108963
recv-read, 19, 99614720, 5242880
network, 19, 1446
start-read, 20, 104857600, 5242880
read, 20, 109002
recv-read, 20, 104857600, 5242880
network, 20, 1417
start-read, 21, 110100480, 5242880
read, 21, 109003
recv-read, 21, 110100480, 5242880
network, 21, 1411
start-read, 22, 115343360, 5242880
read, 22, 108979
recv-read, 22, 115343360, 5242880
network, 22, 1425
start-read, 23, 120586240, 5242880
read, 23, 108938
recv-read, 23, 120586240, 5242880
network, 23, 1442
start-read, 24, 125829120, 5242880
read, 24, 108936
recv-read, 24, 125829120, 5242880
network, 24, 1439
start-read, 25, 131072000, 5242880
read, 25, 109084
recv-read, 25, 131072000, 5242880
network, 25, 1444
start-read, 26, 136314880, 5242880
read, 26, 108961
recv-read, 26, 136314880, 5242880
network, 26, 1434
start-read, 27, 141557760, 5242880
read, 27, 108993
recv-read, 27, 141557760, 5242880
network, 27, 1525
start-read, 28, 146800640, 5242880
read, 28, 108970
recv-read, 28, 146800640, 5242880
network, 28, 1492
start-read, 29, 152043520, 5242880
read, 29, 108947
recv-read, 29, 152043520, 5242880
network, 29, 1515
start-read, 30, 157286400, 5242880
read, 30, 109009
recv-read, 30, 157286400, 5242880
network, 30, 1440
start-read, 31, 162529280, 5242880
read, 31, 108965
recv-read, 31, 162529280, 5242880
network, 31, 1510
start-read, 32, 167772160, 5242880
read, 32, 109017
recv-read, 32, 167772160, 5242880
network, 32, 1512
start-read, 33, 173015040, 5242880
read, 33, 108942
recv-read, 33, 173015040, 5242880
network, 33, 1513
start-read, 34, 178257920, 5242880
read, 34, 108955
recv-read, 34, 178257920, 5242880
network, 34, 1502
start-read, 35, 183500800, 5242880
read, 35, 108967
recv-read, 35, 183500800, 5242880
network, 35, 1515
start-read, 36, 188743680, 5242880
read, 36, 108936
recv-read, 36, 188743680, 5242880
network, 36, 1522
start-read, 37, 193986560, 5242880
read, 37, 109010
recv-read, 37, 193986560, 5242880
network, 37, 1488
start-read, 38, 199229440, 5242880
read, 38, 108980
recv-read, 38, 199229440, 5242880
network, 38, 1520
start-read, 39, 204472320, 5242880
read, 39, 109189
recv-read, 39, 204472320, 5242880
network, 39, 1543
start-read, 40, 209715200, 5242880
read, 40, 109097
recv-read, 40, 209715200, 5242880
network, 40, 1410
start-read, 41, 214958080, 5242880
read, 41, 109000
recv-read, 41, 214958080, 5242880
network, 41, 1436
start-read, 42, 220200960, 5242880
read, 42, 109003
recv-read, 42, 220200960, 5242880
network, 42, 1414
start-read, 43, 225443840, 5242880
read, 43, 108930
recv-read, 43, 225443840, 5242880
network, 43, 1420
start-read, 44, 230686720, 5242880
read, 44, 109013
recv-read, 44, 230686720, 5242880
network, 44, 1424
start-read, 45, 235929600, 5242880
read, 45, 109005
recv-read, 45, 235929600, 5242880
network, 45, 1368
start-read, 46, 241172480, 5242880
read, 46, 109067
recv-read, 46, 241172480, 5242880
network, 46, 1431
start-read, 47, 246415360, 5242880
read, 47, 108969
recv-read, 47, 246415360, 5242880
network, 47, 1433
start-read, 48, 251658240, 5242880
read, 48, 109029
recv-read, 48, 251658240, 5242880
network, 48, 1434
start-read, 49, 256901120, 5242880
read, 49, 108995
recv-read, 49, 256901120, 5242880
network, 49, 1445
start-read, 50, 262144000, 5242880
read, 50, 108988
recv-read, 50, 262144000, 5242880
network, 50, 1511
start-read, 51, 267386880, 5242880
read, 51, 109011
recv-read, 51, 267386880, 5242880
network, 51, 1524
start-read, 52, 272629760, 5242880
read, 52, 108950
recv-read, 52, 272629760, 5242880
network, 52, 1506
start-read, 53, 277872640, 5242880
read, 53, 109054
recv-read, 53, 277872640, 5242880
network, 53, 1456
start-read, 54, 283115520, 5242880
read, 54, 108975
recv-read, 54, 283115520, 5242880
network, 54, 1515
start-read, 55, 288358400, 5242880
read, 55, 109085
recv-read, 55, 288358400, 5242880
network, 55, 1464
start-read, 56, 293601280, 5242880
read, 56, 108972
recv-read, 56, 293601280, 5242880
network, 56, 1510
start-read, 57, 298844160, 5242880
read, 57, 109092
recv-read, 57, 298844160, 5242880
network, 57, 1523
start-read, 58, 304087040, 5242880
read, 58, 108984
recv-read, 58, 304087040, 5242880
network, 58, 1516
start-read, 59, 309329920, 5242880
read, 59, 108994
recv-read, 59, 309329920, 5242880
network, 59, 1515
start-read, 60, 314572800, 5242880
read, 60, 108976
recv-read, 60, 314572800, 5242880
network, 60, 1517
start-read, 61, 319815680, 5242880
read, 61, 109056
recv-read, 61, 319815680, 5242880
network, 61, 1522
start-read, 62, 325058560, 5242880
read, 62, 109003
recv-read, 62, 325058560, 5242880
network, 62, 1519
start-read, 63, 330301440, 5242880
read, 63, 108995
recv-read, 63, 330301440, 5242880
network, 63, 1523
start-read, 64, 335544320, 5242880
read, 64, 109012
recv-read, 64, 335544320, 5242880
network, 64, 1490
start-read, 65, 340787200, 5242880
read, 65, 109001
recv-read, 65, 340787200, 5242880
network, 65, 1511
start-read, 66, 346030080, 5242880
read, 66, 109056
recv-read, 66, 346030080, 5242880
network, 66, 1507
start-read, 67, 351272960, 5242880
read, 67, 109043
recv-read, 67, 351272960, 5242880
network, 67, 1523
start-read, 68, 356515840, 5242880
read, 68, 108973
recv-read, 68, 356515840, 5242880
network, 68, 1515
start-read, 69, 361758720, 5242880
read, 69, 108984
recv-read, 69, 361758720, 5242880
network, 69, 1483
start-read, 70, 367001600, 5242880
read, 70, 108975
recv-read, 70, 367001600, 5242880
network, 70, 1519
start-read, 71, 372244480, 5242880
read, 71, 108888
recv-read, 71, 372244480, 5242880
network, 71, 1510
start-read, 72, 377487360, 5242880
read, 72, 108940
recv-read, 72, 377487360, 5242880
network, 72, 1505
start-read, 73, 382730240, 5242880
read, 73, 108924
recv-read, 73, 382730240, 5242880
network, 73, 1520
start-read, 74, 387973120, 5242880
read, 74, 109019
recv-read, 74, 387973120, 5242880
network, 74, 1484
start-read, 75, 393216000, 5242880
read, 75, 109080
recv-read, 75, 393216000, 5242880
network, 75, 1535
start-read, 76, 398458880, 5242880
read, 76, 109181
recv-read, 76, 398458880, 5242880
network, 76, 1579
start-read, 77, 403701760, 5242880
read, 77, 109165
recv-read, 77, 403701760, 5242880
network, 77, 1447
start-read, 78, 408944640, 5242880
read, 78, 108922
recv-read, 78, 408944640, 5242880
network, 78, 1481
start-read, 79, 414187520, 5242880
read, 79, 108994
recv-read, 79, 414187520, 5242880
network, 79, 1514
start-read, 80, 419430400, 5242880
read, 80, 109042
recv-read, 80, 419430400, 5242880
network, 80, 1470
start-read, 81, 424673280, 5242880
read, 81, 108977
recv-read, 81, 424673280, 5242880
network, 81, 1520
start-read, 82, 429916160, 5242880
read, 82, 109043
recv-read, 82, 429916160, 5242880
network, 82, 1519
start-read, 83, 435159040, 5242880
read, 83, 109001
recv-read, 83, 435159040, 5242880
network, 83, 1512
start-read, 84, 440401920, 5242880
read, 84, 109005
recv-read, 84, 440401920, 5242880
network, 84, 1518
start-read, 85, 445644800, 5242880
read, 85, 109040
recv-read, 85, 445644800, 5242880
network, 85, 1519
start-read, 86, 450887680, 5242880
read, 86, 108967
recv-read, 86, 450887680, 5242880
network, 86, 1514
start-read, 87, 456130560, 5242880
read, 87, 108980
recv-read, 87, 456130560, 5242880
network, 87, 1521
start-read, 88, 461373440, 5242880
read, 88, 109050
recv-read, 88, 461373440, 5242880
network, 88, 1521
start-read, 89, 466616320, 5242880
read, 89, 108933
recv-read, 89, 466616320, 5242880
network, 89, 1524
start-read, 90, 471859200, 5242880
read, 90, 109038
recv-read, 90, 471859200, 5242880
network, 90, 1519
start-read, 91, 477102080, 5242880
read, 91, 108966
recv-read, 91, 477102080, 5242880
network, 91, 1514
start-read, 92, 482344960, 5242880
read, 92, 108983
recv-read, 92, 482344960, 5242880
network, 92, 1487
start-read, 93, 487587840, 5242880
read, 93, 109014
recv-read, 93, 487587840, 5242880
network, 93, 1500
start-read, 94, 492830720, 5242880
read, 94, 108971
recv-read, 94, 492830720, 5242880
network, 94, 1510
start-read, 95, 498073600, 5242880
read, 95, 109055
recv-read, 95, 498073600, 5242880
network, 95, 1522
start-read, 96, 503316480, 5242880
read, 96, 109022
recv-read, 96, 503316480, 5242880
network, 96, 1508
start-read, 97, 508559360, 5242880
read, 97, 108924
recv-read, 97, 508559360, 5242880
network, 97, 1511
start-read, 98, 513802240, 5242880
read, 98, 109019
recv-read, 98, 513802240, 5242880
network, 98, 1508
start-read, 99, 519045120, 5242880
read, 99, 108958
recv-read, 99, 519045120, 5242880
network, 99, 1521
start-read, 100, 524288000, 5242880
cmd-read, 0, 11062165
