# Fri Sep 25 00:53:30 PDT 2015
start, 0
myid, 2
memory, 32170233856
disks, 1
disk-path, /mnt/b
in-files, 1
file-size, 100000000000
total-size, 100000000000
bucket-size, 15011375100
mybuckets, 7
local-bucket, 2, 0, 0
local-bucket, 8, 1, 0
local-bucket, 14, 2, 0
local-bucket, 20, 3, 0
local-bucket, 26, 4, 0
local-bucket, 32, 5, 0
local-bucket, 38, 6, 0
buckets, 42
bucket, 0, 0
bucket, 1, 1
bucket, 2, 2
bucket, 3, 3
bucket, 4, 4
bucket, 5, 5
bucket, 6, 0
bucket, 7, 1
bucket, 8, 2
bucket, 9, 3
bucket, 10, 4
bucket, 11, 5
bucket, 12, 0
bucket, 13, 1
bucket, 14, 2
bucket, 15, 3
bucket, 16, 4
bucket, 17, 5
bucket, 18, 0
bucket, 19, 1
bucket, 20, 2
bucket, 21, 3
bucket, 22, 4
bucket, 23, 5
bucket, 24, 0
bucket, 25, 1
bucket, 26, 2
bucket, 27, 3
bucket, 28, 4
bucket, 29, 5
bucket, 30, 0
bucket, 31, 1
bucket, 32, 2
bucket, 33, 3
bucket, 34, 4
bucket, 35, 5
bucket, 36, 0
bucket, 37, 1
bucket, 38, 2
bucket, 39, 3
bucket, 40, 4
bucket, 41, 5
nodes, 6
backend, 172.30.0.5:9000
backend, 172.30.0.7:9000
backend, 172.30.0.6:9000
backend, 172.30.0.9:9000
backend, 172.30.0.8:9000
backend, 172.30.0.10:9000
phase-one-start, 16
p0, listen, 0.0.0.0:9000
disk, 0, /mnt/b, 7
p1, disk-start, 19
p0, connect, 172.30.0.5:9000
p0, connect, 172.30.0.7:9000
p0, connect, 172.30.0.6:9000
p0, connect, 172.30.0.9:9000
p0, connect, 172.30.0.8:9000
p0, connect, 172.30.0.10:9000
p1, netout-start, 10020
p0, new-connection, 172.30.0.10:40601
p0, new-connection, 172.30.0.6:45614
p0, new-connection, 172.30.0.9:44511
p0, new-connection, 172.30.0.5:57854
p0, new-connection, 172.30.0.8:56663
p0, new-connection, 172.30.0.7:37965
p1, send-start, 10076
p1, recv-start, 10076
circular-read-start, 3, 1, 100000000000, 10076
circular-read-total, 3, 1, 100000000000, 272883, 741182
p1, disk-done, 776587, 766510
p1, netout-done, 975009, 964989, 963012
p1, recv-end, 976554, 966477
p1, send-end, 976554, 966477
p1, disk-drained, 976583, 976563, 19
p1, disk-write, 976583, 976563, 469429
p1, disk-end, 976583, 976564
phase-one-end, 976583, 966567
phase-two-start, 976583
sort-disk, 1341110, 0, 31732, 140916, 219337
phase-two-end, 1341110, 364527
finish, 1341110, 1331094
