# Fri Sep 25 00:53:30 PDT 2015
start, 0
myid, 3
memory, 32170233856
disks, 1
disk-path, /mnt/b
in-files, 1
file-size, 100000000000
total-size, 100000000000
bucket-size, 15011375100
mybuckets, 7
local-bucket, 3, 0, 0
local-bucket, 9, 1, 0
local-bucket, 15, 2, 0
local-bucket, 21, 3, 0
local-bucket, 27, 4, 0
local-bucket, 33, 5, 0
local-bucket, 39, 6, 0
buckets, 42
bucket, 0, 0
bucket, 1, 1
bucket, 2, 2
bucket, 3, 3
bucket, 4, 4
bucket, 5, 5
bucket, 6, 0
bucket, 7, 1
bucket, 8, 2
bucket, 9, 3
bucket, 10, 4
bucket, 11, 5
bucket, 12, 0
bucket, 13, 1
bucket, 14, 2
bucket, 15, 3
bucket, 16, 4
bucket, 17, 5
bucket, 18, 0
bucket, 19, 1
bucket, 20, 2
bucket, 21, 3
bucket, 22, 4
bucket, 23, 5
bucket, 24, 0
bucket, 25, 1
bucket, 26, 2
bucket, 27, 3
bucket, 28, 4
bucket, 29, 5
bucket, 30, 0
bucket, 31, 1
bucket, 32, 2
bucket, 33, 3
bucket, 34, 4
bucket, 35, 5
bucket, 36, 0
bucket, 37, 1
bucket, 38, 2
bucket, 39, 3
bucket, 40, 4
bucket, 41, 5
nodes, 6
backend, 172.30.0.5:9000
backend, 172.30.0.7:9000
backend, 172.30.0.6:9000
backend, 172.30.0.9:9000
backend, 172.30.0.8:9000
backend, 172.30.0.10:9000
phase-one-start, 24
p0, listen, 0.0.0.0:9000
disk, 0, /mnt/b, 7
p1, disk-start, 24
p0, connect, 172.30.0.5:9000
p0, connect, 172.30.0.7:9000
p0, connect, 172.30.0.6:9000
p0, connect, 172.30.0.9:9000
p0, connect, 172.30.0.8:9000
p0, connect, 172.30.0.10:9000
p1, netout-start, 10026
p0, new-connection, 172.30.0.10:53285
p0, new-connection, 172.30.0.6:33575
p0, new-connection, 172.30.0.9:58102
p0, new-connection, 172.30.0.5:51833
p0, new-connection, 172.30.0.8:37312
p0, new-connection, 172.30.0.7:50793
p1, send-start, 10067
p1, recv-start, 10067
circular-read-start, 3, 1, 100000000000, 10067
circular-read-total, 3, 1, 100000000000, 269232, 739383
p1, disk-done, 776499, 766431
p1, netout-done, 974466, 964440, 962373
p1, recv-end, 976581, 966513
p1, send-end, 976581, 966514
p1, disk-drained, 976613, 976588, 20
p1, disk-write, 976613, 976588, 455488
p1, disk-end, 976613, 976589
phase-one-end, 976613, 966589
phase-two-start, 976614
sort-disk, 1336708, 0, 31543, 139755, 216056
phase-two-end, 1336708, 360094
finish, 1336708, 1326684
