# Fri Sep 25 00:53:30 PDT 2015
start, 0
myid, 4
memory, 32170233856
disks, 1
disk-path, /mnt/b
in-files, 1
file-size, 100000000000
total-size, 100000000000
bucket-size, 15011375100
mybuckets, 7
local-bucket, 4, 0, 0
local-bucket, 10, 1, 0
local-bucket, 16, 2, 0
local-bucket, 22, 3, 0
local-bucket, 28, 4, 0
local-bucket, 34, 5, 0
local-bucket, 40, 6, 0
buckets, 42
bucket, 0, 0
bucket, 1, 1
bucket, 2, 2
bucket, 3, 3
bucket, 4, 4
bucket, 5, 5
bucket, 6, 0
bucket, 7, 1
bucket, 8, 2
bucket, 9, 3
bucket, 10, 4
bucket, 11, 5
bucket, 12, 0
bucket, 13, 1
bucket, 14, 2
bucket, 15, 3
bucket, 16, 4
bucket, 17, 5
bucket, 18, 0
bucket, 19, 1
bucket, 20, 2
bucket, 21, 3
bucket, 22, 4
bucket, 23, 5
bucket, 24, 0
bucket, 25, 1
bucket, 26, 2
bucket, 27, 3
bucket, 28, 4
bucket, 29, 5
bucket, 30, 0
bucket, 31, 1
bucket, 32, 2
bucket, 33, 3
bucket, 34, 4
bucket, 35, 5
bucket, 36, 0
bucket, 37, 1
bucket, 38, 2
bucket, 39, 3
bucket, 40, 4
bucket, 41, 5
nodes, 6
backend, 172.30.0.5:9000
backend, 172.30.0.7:9000
backend, 172.30.0.6:9000
backend, 172.30.0.9:9000
backend, 172.30.0.8:9000
backend, 172.30.0.10:9000
phase-one-start, 15
p0, listen, 0.0.0.0:9000
disk, 0, /mnt/b, 7
p1, disk-start, 16
p0, connect, 172.30.0.5:9000
p0, connect, 172.30.0.7:9000
p0, connect, 172.30.0.6:9000
p0, connect, 172.30.0.9:9000
p0, connect, 172.30.0.8:9000
p0, connect, 172.30.0.10:9000
p1, netout-start, 10017
p0, new-connection, 172.30.0.10:55063
p0, new-connection, 172.30.0.6:35537
p0, new-connection, 172.30.0.9:54843
p0, new-connection, 172.30.0.5:45936
p0, new-connection, 172.30.0.8:60534
p0, new-connection, 172.30.0.7:60256
p1, send-start, 10019
p1, recv-start, 10019
circular-read-start, 3, 1, 100000000000, 10019
circular-read-total, 3, 1, 100000000000, 281434, 741319
p1, disk-done, 777788, 767768
p1, netout-done, 976185, 966167, 964194
p1, recv-end, 977098, 967078
p1, send-end, 977098, 967078
p1, disk-drained, 977110, 977094, 0
p1, disk-write, 977110, 977094, 486857
p1, disk-end, 977111, 977094
phase-one-end, 977111, 967095
phase-two-start, 977111
sort-disk, 1342119, 0, 31529, 142032, 218691
phase-two-end, 1342119, 365007
finish, 1342119, 1332103
