# Thu Sep 10 13:31:22 PDT 2015
# 7, 143, 0, read
record-value, 112
chunk-size, 1422549852, 3499
disks, 8, 

size, 5, 1, 1499463680, 0
size, 6, 1, 1499463680, 0
size, 7, 1, 1499463680, 0
size, 8, 1, 1499463680, 0
size, 9, 1, 1499463680, 0
size, 10, 1, 1499463680, 0
size, 11, 1, 1499463680, 0


read-start, 5, 1, 0, 1422549852, 22
read-start, 6, 1, 0, 1422549852, 22
read-start, 7, 1, 0, 1422549852, 22
read-start, 8, 1, 0, 1422549852, 22
read-start, 9, 1, 0, 1422549852, 22
read-start, 10, 1, 0, 1422549852, 22
read-start, 11, 1, 0, 1422549852, 22
read-wait, 5, 1, 0
read, 5, 1, 0, 1422549852, 135342
circular-read-start, 5, 1, 142254985200, 135365
read-wait, 6, 1, 135518
read, 6, 1, 0, 1422549852, 135928
circular-read-start, 6, 1, 142254985200, 135951
read-wait, 7, 1, 136095
read, 7, 1, 0, 1422549852, 137604
circular-read-start, 7, 1, 142254985200, 137627
read-wait, 8, 1, 137783
read, 8, 1, 0, 1422549852, 137783
circular-read-start, 8, 1, 142254985200, 137806
read-wait, 9, 1, 137788
read, 9, 1, 0, 1422549852, 137788
circular-read-start, 9, 1, 142254985200, 137811
read-wait, 10, 1, 137793
read, 10, 1, 0, 1422549852, 137793
circular-read-start, 10, 1, 142254985200, 137816
read-wait, 11, 1, 137799
read, 11, 1, 0, 1422549852, 137799
circular-read-start, 11, 1, 142254985200, 137822
read-start, 7, 2, 1422549852, 76913828, 1008334
circular-read-total, 7, 1, 142254985200, 9497, 870708
read-start, 10, 2, 1422549852, 76913828, 1008539
circular-read-total, 10, 1, 142254985200, 9731, 870723
read-start, 8, 2, 1422549852, 76913828, 1008543
circular-read-total, 8, 1, 142254985200, 9722, 870738
read-start, 9, 2, 1422549852, 76913828, 1008689
circular-read-total, 9, 1, 142254985200, 9772, 870878
read-start, 6, 2, 1422549852, 76913828, 1008700
circular-read-total, 6, 1, 142254985200, 8658, 872750
read-start, 5, 2, 1422549852, 76913828, 1008714
circular-read-total, 5, 1, 142254985200, 9719, 873349
read-start, 11, 2, 1422549852, 76913828, 1008761
circular-read-total, 11, 1, 142254985200, 8561, 870939
read-wait, 5, 2, 2027
read, 5, 2, 1422549852, 76913828, 48372
circular-read-start, 5, 2, 7691382800, 1057087
read-wait, 11, 2, 48455
read, 11, 2, 1422549852, 76913828, 50832
circular-read-start, 11, 2, 7691382800, 1059593
read-wait, 9, 2, 51045
read, 9, 2, 1422549852, 76913828, 52390
circular-read-start, 9, 2, 7691382800, 1061080
read-wait, 7, 2, 52874
read, 7, 2, 1422549852, 76913828, 52874
circular-read-start, 7, 2, 7691382800, 1061208
read-wait, 10, 2, 52674
read, 10, 2, 1422549852, 76913828, 52674
circular-read-start, 10, 2, 7691382800, 1061213
read-wait, 8, 2, 52673
read, 8, 2, 1422549852, 76913828, 52673
circular-read-start, 8, 2, 7691382800, 1061217
read-wait, 6, 2, 52520
read, 6, 2, 1422549852, 76913828, 52520
circular-read-start, 6, 2, 7691382800, 1061221
circular-read-total, 11, 2, 7691382800, 1868, 45095
circular-read-total, 8, 2, 7691382800, 1936, 43594
circular-read-total, 5, 2, 7691382800, 1824, 47755
circular-read-total, 10, 2, 7691382800, 2134, 43819
circular-read-total, 6, 2, 7691382800, 2091, 43836
circular-read-total, 9, 2, 7691382800, 2094, 44018
circular-read-total, 7, 2, 7691382800, 2138, 43949

cmd-read, 1105542
