# Mon Oct 19 06:01:52 PDT 2015
# 8, 1000, 0, range-3758096384
max-chunk, 3, 1, 171511808, 0
chunk-size, 171511808, 3074
disks, 8

size, 3, 2, 1250000000, 0
size, 4, 1, 1250000000, 0
size, 5, 1, 1250000000, 0
size, 6, 1, 1250000000, 0
size, 7, 1, 1250000000, 0
size, 8, 1, 1250000000, 0
size, 9, 1, 1250000000, 0
size, 10, 1, 1250000000, 0


read-start, 3, 1, 0, 171511808, 22
read-start, 4, 1, 0, 171511808, 22
read-start, 5, 1, 0, 171511808, 22
read-start, 6, 1, 0, 171511808, 22
read-start, 7, 1, 0, 171511808, 22
read-start, 8, 1, 0, 171511808, 22
read-start, 9, 1, 0, 171511808, 23
read-start, 10, 1, 0, 171511808, 23
read-wait, 3, 1, 0
read, 3, 1, 0, 171511808, 285115
circular-read-start, 3, 1, 17151180800, 285138
read-wait, 4, 1, 285299
read, 4, 1, 0, 171511808, 288105
circular-read-start, 4, 1, 17151180800, 288128
read-wait, 5, 1, 288282
read, 5, 1, 0, 171511808, 288282
circular-read-start, 5, 1, 17151180800, 288305
read-wait, 6, 1, 288285
read, 6, 1, 0, 171511808, 288285
circular-read-start, 6, 1, 17151180800, 288308
read-wait, 7, 1, 288287
read, 7, 1, 0, 171511808, 288287
circular-read-start, 7, 1, 17151180800, 288310
read-wait, 8, 1, 288288
read, 8, 1, 0, 171511808, 288289
circular-read-start, 8, 1, 17151180800, 288312
read-wait, 9, 1, 288291
read, 9, 1, 0, 171511808, 288291
circular-read-start, 9, 1, 17151180800, 288314
read-wait, 10, 1, 288293
read, 10, 1, 0, 171511808, 288293
circular-read-start, 10, 1, 17151180800, 288316
read-start, 3, 2, 171511808, 171511808, 479948
circular-read-total, 3, 1, 17151180800, 85195, 194810
read-start, 10, 2, 171511808, 171511808, 482788
circular-read-total, 10, 1, 17151180800, 139864, 194472
read-start, 7, 2, 171511808, 171511808, 482857
circular-read-total, 7, 1, 17151180800, 145359, 194547
read-start, 8, 2, 171511808, 171511808, 482991
circular-read-total, 8, 1, 17151180800, 123333, 194679
read-start, 6, 2, 171511808, 171511808, 482993
circular-read-total, 6, 1, 17151180800, 127932, 194685
read-start, 5, 2, 171511808, 171511808, 483030
circular-read-total, 5, 1, 17151180800, 131148, 194724
read-start, 9, 2, 171511808, 171511808, 483228
circular-read-total, 9, 1, 17151180800, 119965, 194914
read-start, 4, 2, 171511808, 171511808, 483268
circular-read-total, 4, 1, 17151180800, 147400, 195140
read-wait, 4, 2, 28
read, 4, 2, 171511808, 171511808, 259550
circular-read-start, 4, 2, 17151180800, 742819
read-wait, 3, 2, 263015
read, 3, 2, 171511808, 171511808, 263015
circular-read-start, 3, 2, 17151180800, 742963
read-wait, 8, 2, 259975
read, 8, 2, 171511808, 171511808, 259975
circular-read-start, 8, 2, 17151180800, 742966
read-wait, 10, 2, 260180
read, 10, 2, 171511808, 171511808, 261034
circular-read-start, 10, 2, 17151180800, 743823
read-wait, 7, 2, 261107
read, 7, 2, 171511808, 171511808, 261107
circular-read-start, 7, 2, 17151180800, 743964
read-wait, 5, 2, 260936
read, 5, 2, 171511808, 171511808, 260936
circular-read-start, 5, 2, 17151180800, 743967
read-wait, 6, 2, 260979
read, 6, 2, 171511808, 171511808, 261477
circular-read-start, 6, 2, 17151180800, 744471
read-wait, 9, 2, 261400
read, 9, 2, 171511808, 171511808, 261400
circular-read-start, 9, 2, 17151180800, 744628
read-start, 4, 3, 343023616, 171511808, 937411
circular-read-total, 4, 2, 17151180800, 140512, 194592
read-start, 8, 3, 343023616, 171511808, 937818
circular-read-total, 8, 2, 17151180800, 115992, 194851
read-start, 3, 3, 343023616, 171511808, 938291
circular-read-total, 3, 2, 17151180800, 92905, 195328
read-start, 7, 3, 343023616, 171511808, 938551
circular-read-total, 7, 2, 17151180800, 144553, 194586
read-start, 10, 3, 343023616, 171511808, 938673
circular-read-total, 10, 2, 17151180800, 136101, 194849
read-start, 5, 3, 343023616, 171511808, 938727
circular-read-total, 5, 2, 17151180800, 123515, 194760
read-start, 9, 3, 343023616, 171511808, 939171
circular-read-total, 9, 2, 17151180800, 138438, 194543
read-wait, 8, 3, 1831
read-start, 6, 3, 343023616, 171511808, 939785
circular-read-total, 6, 2, 17151180800, 126892, 195314
read, 8, 3, 343023616, 171511808, 258997
circular-read-start, 8, 3, 17151180800, 1196816
read-wait, 4, 3, 259542
read, 4, 3, 343023616, 171511808, 259542
circular-read-start, 4, 3, 17151180800, 1196954
read-wait, 3, 3, 258672
read, 3, 3, 343023616, 171511808, 259148
circular-read-start, 3, 3, 17151180800, 1197440
read-wait, 10, 3, 258908
read, 10, 3, 343023616, 171511808, 260453
circular-read-start, 10, 3, 17151180800, 1199126
read-wait, 7, 3, 260715
read, 7, 3, 343023616, 171511808, 260715
circular-read-start, 7, 3, 17151180800, 1199266
read-wait, 5, 3, 260541
read, 5, 3, 343023616, 171511808, 260541
circular-read-start, 5, 3, 17151180800, 1199269
read-wait, 6, 3, 259489
read, 6, 3, 343023616, 171511808, 260410
circular-read-start, 6, 3, 17151180800, 1200196
read-wait, 9, 3, 261195
read, 9, 3, 343023616, 171511808, 261195
circular-read-start, 9, 3, 17151180800, 1200366

cmd-range, 1343777, 3758096384
