# Mon Oct 19 06:01:52 PDT 2015
memory, 32170233856
record-value, 112
seek-chunk, 171511808
file, 4, 1250000000

read-start, 1, 0, 171511808, 14618
circular-read-start, 4, 1, 125000000000, 16196
circular-read-total, 4, 1, 125000000000, 276694, 283184
linear-scan, 284342
-sort , 39034, 43
-merge, 22064, 43
-last , 1156
read, 1, 171511808, 285920
network, 1, 197281

read-start, 2, 171511808, 171511808, 497823
circular-read-start, 4, 2, 125000000000, 498165
circular-read-total, 4, 2, 125000000000, 250942, 257650
linear-scan, 258680
-sort , 37077, 41
-merge, 21122, 41
-last , 1027
read, 2, 171511808, 259022
network, 2, 196917

read-start, 3, 343023616, 171511808, 953766
circular-read-start, 4, 3, 125000000000, 954106
circular-read-total, 4, 3, 125000000000, 250960, 257597
linear-scan, 258099
-sort , 35027, 39
-merge, 20069, 39
-last , 500
read, 3, 171511808, 258439
