# 1, 50, 6, true, read
recv-size, 0, 524288000
size, 0, 0
start-read, 0, 0, 62914560
read, 0, 123792
recv-read, 0, 0, 62914560
network, 0, 74636
start-read, 1, 62914560, 62914560
read, 1, 123532
recv-read, 1, 62914560, 62914560
network, 1, 72256
start-read, 2, 125829120, 62914560
read, 2, 120067
recv-read, 2, 125829120, 62914560
network, 2, 71980
start-read, 3, 188743680, 62914560
read, 3, 115877
recv-read, 3, 188743680, 62914560
network, 3, 71967
start-read, 4, 251658240, 62914560
read, 4, 112559
recv-read, 4, 251658240, 62914560
network, 4, 72137
start-read, 5, 314572800, 62914560
read, 5, 112465
recv-read, 5, 314572800, 62914560
network, 5, 72064
start-read, 6, 377487360, 62914560
read, 6, 112344
recv-read, 6, 377487360, 62914560
network, 6, 72269
start-read, 7, 440401920, 62914560
read, 7, 112116
recv-read, 7, 440401920, 62914560
network, 7, 72117
start-read, 8, 503316480, 62914560
read, 8, 111612
recv-read, 8, 503316480, 20971520
network, 8, 21431
cmd-read, 0, 1645552
