# Fri Sep 11 01:30:20 PDT 2015
# 1, 1000, 0, read
record-value, 112
chunk-size, 1419243833, 24549
disks, 8

size, 5, 1, 10485760000, 0


read-start, 5, 1, 0, 1419243833, 28
read-wait, 5, 1, 0
read, 5, 1, 0, 1419243833, 477716
network, 1, 151161
read-start, 5, 2, 1419243833, 1419243833, 628905
read-wait, 5, 2, 0
read, 5, 2, 1419243833, 1419243833, 445714
network, 2, 153706
read-start, 5, 3, 2838487666, 1419243833, 1228326
read-wait, 5, 3, 0
read, 5, 3, 2838487666, 1419243833, 439061
network, 3, 155470
read-start, 5, 4, 4257731499, 1419243833, 1822858
read-wait, 5, 4, 0
read, 5, 4, 4257731499, 1419243833, 402624
network, 4, 154784
read-start, 5, 5, 5676975332, 1419243833, 2380267
read-wait, 5, 5, 0
read, 5, 5, 5676975332, 1419243833, 381071
network, 5, 153379
read-start, 5, 6, 7096219165, 1419243833, 2914718
read-wait, 5, 6, 0
read, 5, 6, 7096219165, 1419243833, 346592
network, 6, 149719
read-start, 5, 7, 8515462998, 1419243833, 3411031
read-wait, 5, 7, 0
read, 5, 7, 8515462998, 1419243833, 327690
network, 7, 151145
read-start, 5, 8, 9934706831, 1419243833, 3889866
read-wait, 5, 8, 0
read, 5, 8, 9934706831, 551053169, 315689
network, 8, 59364

cmd-read, 4264892
