# Wed Oct 21 16:02:31 PDT 2015
# 4, 1400, 0, read
max-chunk, 3, 1, 136782397, 0
chunk-size, 136782397, 5239
disks, 1

size, 3, 2, 3500000000, 1
size, 4, 1, 3500000000, 0
size, 5, 1, 3500000000, 0
size, 6, 1, 3500000000, 0


read-start, 3, 1, 0, 136782397, 47
read-start, 4, 1, 0, 136782397, 47
read-start, 5, 1, 0, 136782397, 47
read-start, 6, 1, 0, 136782397, 47
read-wait, 3, 1, 0
read, 3, 1, 0, 136782397, 490797
circular-read-start, 3, 1, 13678239700, 490845
read-wait, 4, 1, 490979
read, 4, 1, 0, 136782397, 494192
circular-read-start, 4, 1, 13678239700, 494240
read-wait, 5, 1, 494392
read, 5, 1, 0, 136782397, 543928
circular-read-start, 5, 1, 13678239700, 543976
read-wait, 6, 1, 544170
read, 6, 1, 0, 136782397, 544170
circular-read-start, 6, 1, 13678239700, 544218
