client-start, 15525, 0
client-end, 15525, 0, 0
client-start, 15632, 1
client-end, 15633, 1, 0
client-start, 15646, 2
client-end, 15646, 2, 0
client-start, 15649, 3
client-end, 15756, 3, 107
client-start, 14946, 0
client-start, 14953, 1
client-end, 14953, 1, 0
client-start, 14975, 2
client-end, 14975, 2, 0
client-start, 14992, 3
client-end, 14992, 3, 0
client-end, 15049, 0, 103
client-start, 15691, 0
client-end, 15691, 0, 0
client-start, 15738, 1
client-end, 15738, 1, 0
client-start, 15815, 2
client-end, 15815, 2, 0
client-start, 15860, 3
client-end, 15966, 3, 106
client-start, 15808, 0
client-start, 15819, 1
client-end, 15819, 1, 0
client-start, 15825, 2
client-end, 15825, 2, 0
client-start, 15833, 3
client-end, 15833, 3, 0
client-end, 15916, 0, 107
client-start, 16032, 0
client-start, 16050, 1
client-end, 16050, 1, 0
client-start, 16054, 2
client-end, 16054, 2, 0
client-start, 16063, 3
client-end, 16063, 3, 0
client-end, 18973, 0, 2940
client-start, 15051, 0
client-start, 15055, 1
client-end, 15055, 1, 0
client-start, 15058, 2
client-end, 15058, 2, 0
client-start, 15074, 3
client-end, 15074, 3, 0
client-end, 18085, 0, 3034
client-start, 15989, 0
client-end, 15989, 0, 0
client-start, 16029, 1
client-start, 16123, 2
client-end, 16123, 2, 0
client-start, 16151, 3
client-end, 16151, 3, 0
client-end, 18996, 1, 2967
client-start, 2189699, 0
client-start, 2189711, 1
client-start, 2189763, 2
client-start, 2189822, 3
client-end, 3364916, 2, 1175152
client-end, 3367493, 0, 1177794
client-end, 3479724, 3, 1289902
client-end, 3560813, 1, 1371102
client-start, 1749015, 0
client-start, 1749026, 1
client-start, 1749264, 2
client-start, 1749298, 3
client-end, 2891406, 3, 1142108
client-end, 2961102, 1, 1212075
client-end, 3076476, 0, 1327461
client-end, 3079987, 2, 1330723
client-start, 1757773, 0
client-start, 1757958, 1
client-start, 1757987, 2
client-start, 1757990, 3
client-end, 2900963, 3, 1142973
client-end, 2969753, 2, 1211765
client-end, 3082536, 1, 1324578
client-end, 3092332, 0, 1334559
client-start, 1869009, 0
client-start, 1869014, 1
client-start, 1869252, 2
client-start, 1869256, 3
client-end, 2821237, 2, 951984
client-end, 2823205, 3, 953948
client-end, 2891209, 1, 1022194
client-end, 3010355, 0, 1141346
client-start, 1625403, 0
client-start, 1625409, 1
client-start, 1625415, 2
client-start, 1625668, 3
client-end, 2423593, 3, 797924
client-end, 2548340, 1, 922930
client-end, 2550546, 2, 925131
client-end, 2550978, 0, 925575
