# Tue Oct 20 22:49:39 PDT 2015
start, 0
myid, 4
memory, 32170233856
disks, 1
disk-path, /mnt/b
in-files, 1
file-size, 166666666700
total-size, 166666666700
bucket-size, 15011375100
mybuckets, 12
local-bucket, 4, 0, 0
local-bucket, 10, 1, 0
local-bucket, 16, 2, 0
local-bucket, 22, 3, 0
local-bucket, 28, 4, 0
local-bucket, 34, 5, 0
local-bucket, 40, 6, 0
local-bucket, 46, 7, 0
local-bucket, 52, 8, 0
local-bucket, 58, 9, 0
local-bucket, 64, 10, 0
local-bucket, 70, 11, 0
buckets, 72
bucket, 0, 0
bucket, 1, 1
bucket, 2, 2
bucket, 3, 3
bucket, 4, 4
bucket, 5, 5
bucket, 6, 0
bucket, 7, 1
bucket, 8, 2
bucket, 9, 3
bucket, 10, 4
bucket, 11, 5
bucket, 12, 0
bucket, 13, 1
bucket, 14, 2
bucket, 15, 3
bucket, 16, 4
bucket, 17, 5
bucket, 18, 0
bucket, 19, 1
bucket, 20, 2
bucket, 21, 3
bucket, 22, 4
bucket, 23, 5
bucket, 24, 0
bucket, 25, 1
bucket, 26, 2
bucket, 27, 3
bucket, 28, 4
bucket, 29, 5
bucket, 30, 0
bucket, 31, 1
bucket, 32, 2
bucket, 33, 3
bucket, 34, 4
bucket, 35, 5
bucket, 36, 0
bucket, 37, 1
bucket, 38, 2
bucket, 39, 3
bucket, 40, 4
bucket, 41, 5
bucket, 42, 0
bucket, 43, 1
bucket, 44, 2
bucket, 45, 3
bucket, 46, 4
bucket, 47, 5
bucket, 48, 0
bucket, 49, 1
bucket, 50, 2
bucket, 51, 3
bucket, 52, 4
bucket, 53, 5
bucket, 54, 0
bucket, 55, 1
bucket, 56, 2
bucket, 57, 3
bucket, 58, 4
bucket, 59, 5
bucket, 60, 0
bucket, 61, 1
bucket, 62, 2
bucket, 63, 3
bucket, 64, 4
bucket, 65, 5
bucket, 66, 0
bucket, 67, 1
bucket, 68, 2
bucket, 69, 3
bucket, 70, 4
bucket, 71, 5
nodes, 6
backend, 172.30.0.76:9000
backend, 172.30.0.77:9000
backend, 172.30.0.75:9000
backend, 172.30.0.78:9000
backend, 172.30.0.132:9000
backend, 172.30.0.90:9000
client, 172.30.0.105:9000
operation, nth-client, 3758096384
phase-one-start, 16
p0, listen, 0.0.0.0:9000
disk, 0, /mnt/b, 12
p1, disk-start, 17
p0, connect, 172.30.0.76:9000
p0, connect, 172.30.0.77:9000
p0, connect, 172.30.0.75:9000
p0, connect, 172.30.0.78:9000
p0, connect, 172.30.0.132:9000
p0, connect, 172.30.0.90:9000
p1, netout-start, 10019
p0, new-connection, 172.30.0.76:45358
p0, new-connection, 172.30.0.90:47033
p0, new-connection, 172.30.0.132:35239
p0, new-connection, 172.30.0.75:46638
p0, new-connection, 172.30.0.77:48950
p0, new-connection, 172.30.0.78:48733
p1, send-start, 10133
p1, recv-start, 10133
circular-read-start, 3, 1, 166666666700, 10133
circular-read-total, 3, 1, 166666666700, 436186, 1386732
p1, disk-done, 1432446, 1422312
p1, netout-done, 1623181, 1613161, 1611004
p1, recv-end, 1625053, 1614919
p1, send-end, 1625053, 1614919
p1, disk-drained, 1625075, 1625057, 10
p1, disk-write, 1625075, 1625057, 732411
p1, disk-end, 1625075, 1625058
phase-one-end, 1625075, 1615059
phase-two-start, 1625075
sort-disk, 1625076, 0, 12, 4, 1
sending-to-client, 172.30.0.105:9000
send-bucket, 1657704, 4, 13887999100
