start, 0
myid, 0
disks, 1
disk-path, /mnt/b
in-files, 1
mybuckets, 7
local-bucket, 0, 0, 0
local-bucket, 3, 1, 0
local-bucket, 6, 2, 0
local-bucket, 9, 3, 0
local-bucket, 12, 4, 0
local-bucket, 15, 5, 0
local-bucket, 18, 6, 0
buckets, 21
bucket, 0, 0
bucket, 1, 1
bucket, 2, 2
bucket, 3, 0
bucket, 4, 1
bucket, 5, 2
bucket, 6, 0
bucket, 7, 1
bucket, 8, 2
bucket, 9, 0
bucket, 10, 1
bucket, 11, 2
bucket, 12, 0
bucket, 13, 1
bucket, 14, 2
bucket, 15, 0
bucket, 16, 1
bucket, 17, 2
bucket, 18, 0
bucket, 19, 1
bucket, 20, 2
nodes, 3
backend, 172.30.0.37:9000
backend, 172.30.0.39:9000
backend, 172.30.0.38:9000
phase-one-start, 8
p0, listen, 0.0.0.0:9000
disk, 0, /mnt/b, 7
p1, disk-start, 9
p0, connect, 172.30.0.37:9000
p0, connect, 172.30.0.39:9000
p0, connect, 172.30.0.38:9000
p0, new-connection, 172.30.0.38:43218
p1, netout-start, 10010
p0, new-connection, 172.30.0.39:41770
p0, new-connection, 172.30.0.37:56677
p1, send-start, 10011
p1, recv-start, 10011
circular-read-start, 3, 1, 100000000000, 10011
circular-read-total, 3, 1, 100000000000, 281876, 591582
p1, disk-done, 620340, 610329
p1, netout-done, 776941, 766930, 764694
p1, recv-end, 781830, 771819
p1, send-end, 781830, 771819
p1, disk-drained, 781839, 781830, 0
p1, disk-write, 781839, 781830, 478279
p1, disk-end, 781839, 781830
phase-one-end, 781839, 781830
phase-two-start, 781839
sort-disk, 1204499, 0, 30928, 200772, 217623
phase-two-end, 1204499, 422659
finish, 1204499, 1194490
