# 1, 50, 3, false, read
recv-size, 0, 524288000
size, 0, 0
start-read, 0, 0, 31457280
read, 0, 168391
recv-read, 0, 0, 31457280
network, 0, 35322
start-read, 1, 31457280, 31457280
read, 1, 149672
recv-read, 1, 31457280, 31457280
network, 1, 34225
start-read, 2, 62914560, 31457280
read, 2, 155346
recv-read, 2, 62914560, 31457280
network, 2, 34076
start-read, 3, 94371840, 31457280
read, 3, 146620
recv-read, 3, 94371840, 31457280
network, 3, 34132
start-read, 4, 125829120, 31457280
read, 4, 143999
recv-read, 4, 125829120, 31457280
network, 4, 34255
start-read, 5, 157286400, 31457280
read, 5, 145593
recv-read, 5, 157286400, 31457280
network, 5, 34214
start-read, 6, 188743680, 31457280
read, 6, 144842
recv-read, 6, 188743680, 31457280
network, 6, 34257
start-read, 7, 220200960, 31457280
read, 7, 148099
recv-read, 7, 220200960, 31457280
network, 7, 34098
start-read, 8, 251658240, 31457280
read, 8, 147189
recv-read, 8, 251658240, 31457280
network, 8, 34225
start-read, 9, 283115520, 31457280
read, 9, 147407
recv-read, 9, 283115520, 31457280
network, 9, 34149
start-read, 10, 314572800, 31457280
read, 10, 145853
recv-read, 10, 314572800, 31457280
network, 10, 34030
start-read, 11, 346030080, 31457280
read, 11, 147753
recv-read, 11, 346030080, 31457280
network, 11, 34216
start-read, 12, 377487360, 31457280
read, 12, 147824
recv-read, 12, 377487360, 31457280
network, 12, 34228
start-read, 13, 408944640, 31457280
read, 13, 147530
recv-read, 13, 408944640, 31457280
network, 13, 34246
start-read, 14, 440401920, 31457280
read, 14, 145650
recv-read, 14, 440401920, 31457280
network, 14, 34137
start-read, 15, 471859200, 31457280
read, 15, 145799
recv-read, 15, 471859200, 31457280
network, 15, 34125
start-read, 16, 503316480, 31457280
read, 16, 147038
recv-read, 16, 503316480, 20971520
network, 16, 21397
start-read, 17, 534773760, 31457280
cmd-read, 0, 3094314
