# Fri Oct 23 00:43:32 PDT 2015
# 9, 500, 0, read
connect: Connection refused
# Fri Oct 23 01:00:15 PDT 2015
# 9, 500, 0, read
max-chunk, 3, 1, 168172393, 0
chunk-size, 168172393, 2727
disks, 8

size, 3, 2, 555555556, 0
size, 4, 1, 555555556, 0
size, 5, 1, 555555556, 0
size, 6, 1, 555555556, 0
size, 7, 1, 555555556, 0
size, 8, 1, 555555556, 0
size, 9, 1, 555555556, 0
size, 10, 1, 555555556, 0
size, 11, 1, 555555556, 0


read-start, 3, 1, 0, 168172393, 22
read-start, 4, 1, 0, 168172393, 22
read-start, 5, 1, 0, 168172393, 22
read-start, 6, 1, 0, 168172393, 22
read-start, 7, 1, 0, 168172393, 22
read-start, 8, 1, 0, 168172393, 22
read-start, 9, 1, 0, 168172393, 22
read-start, 10, 1, 0, 168172393, 22
read-start, 11, 1, 0, 168172393, 22
read-wait, 3, 1, 0
read, 3, 1, 0, 168172393, 117842
circular-read-start, 3, 1, 16817239300, 117865
read-wait, 4, 1, 118068
read, 4, 1, 0, 168172393, 118068
circular-read-start, 4, 1, 16817239300, 118091
read-wait, 5, 1, 118069
read, 5, 1, 0, 168172393, 118265
circular-read-start, 5, 1, 16817239300, 118288
read-wait, 6, 1, 118438
read, 6, 1, 0, 168172393, 118438
circular-read-start, 6, 1, 16817239300, 118461
read-wait, 7, 1, 118442
read, 7, 1, 0, 168172393, 118442
circular-read-start, 7, 1, 16817239300, 118465
read-wait, 8, 1, 118445
read, 8, 1, 0, 168172393, 118445
circular-read-start, 8, 1, 16817239300, 118468
read-wait, 9, 1, 118448
read, 9, 1, 0, 168172393, 118448
circular-read-start, 9, 1, 16817239300, 118471
read-wait, 10, 1, 118452
read, 10, 1, 0, 168172393, 118452
circular-read-start, 10, 1, 16817239300, 118475
read-wait, 11, 1, 118455
read, 11, 1, 0, 168172393, 118514
circular-read-start, 11, 1, 16817239300, 118537
read-start, 11, 2, 168172393, 168172393, 359695
circular-read-total, 11, 1, 16817239300, 148339, 241158
read-start, 3, 2, 168172393, 168172393, 360543
circular-read-total, 3, 1, 16817239300, 156275, 242677
read-start, 9, 2, 168172393, 168172393, 360548
circular-read-total, 9, 1, 16817239300, 155479, 242076
read-start, 5, 2, 168172393, 168172393, 360717
circular-read-total, 5, 1, 16817239300, 154078, 242429
read-start, 4, 2, 168172393, 168172393, 360801
circular-read-total, 4, 1, 16817239300, 155350, 242710
read-start, 7, 2, 168172393, 168172393, 360862
circular-read-total, 7, 1, 16817239300, 149783, 242397
read-start, 6, 2, 168172393, 168172393, 360868
circular-read-total, 6, 1, 16817239300, 160225, 242406
read-start, 10, 2, 168172393, 168172393, 360918
circular-read-total, 10, 1, 16817239300, 158160, 242443
read-start, 8, 2, 168172393, 168172393, 361064
circular-read-total, 8, 1, 16817239300, 160949, 242595
read-wait, 5, 2, 1013
read, 5, 2, 168172393, 168172393, 119822
circular-read-start, 5, 2, 16817239300, 480539
read-wait, 3, 2, 120136
read, 3, 2, 168172393, 168172393, 120136
circular-read-start, 3, 2, 16817239300, 480679
read-wait, 4, 2, 119883
read, 4, 2, 168172393, 168172393, 119883
circular-read-start, 4, 2, 16817239300, 480685
read-wait, 6, 2, 119821
read, 6, 2, 168172393, 168172393, 119821
circular-read-start, 6, 2, 16817239300, 480689
read-wait, 11, 2, 120997
read, 11, 2, 168172393, 168172393, 120997
circular-read-start, 11, 2, 16817239300, 480692
read-wait, 10, 2, 119776
read, 10, 2, 168172393, 168172393, 119776
circular-read-start, 10, 2, 16817239300, 480695
read-wait, 8, 2, 119650
read, 8, 2, 168172393, 168172393, 119650
circular-read-start, 8, 2, 16817239300, 480714
read-wait, 7, 2, 119855
read, 7, 2, 168172393, 168172393, 119855
circular-read-start, 7, 2, 16817239300, 480718
read-wait, 9, 2, 120173
read, 9, 2, 168172393, 168172393, 120173
circular-read-start, 9, 2, 16817239300, 480721
read-start, 5, 3, 336344786, 168172393, 722747
circular-read-total, 5, 2, 16817239300, 147160, 242207
read-start, 4, 3, 336344786, 168172393, 722906
circular-read-total, 4, 2, 16817239300, 141533, 242221
read-start, 9, 3, 336344786, 168172393, 723085
circular-read-total, 9, 2, 16817239300, 154276, 242363
read-start, 3, 3, 336344786, 168172393, 723253
circular-read-total, 3, 2, 16817239300, 154041, 242573
read-start, 10, 3, 336344786, 168172393, 723394
circular-read-total, 10, 2, 16817239300, 157674, 242699
read-start, 7, 3, 336344786, 168172393, 723410
circular-read-total, 7, 2, 16817239300, 149005, 242692
read-start, 11, 3, 336344786, 168172393, 723454
circular-read-total, 11, 2, 16817239300, 155968, 242761
read-start, 6, 3, 336344786, 168172393, 723492
circular-read-total, 6, 2, 16817239300, 153482, 242802
read-start, 8, 3, 336344786, 168172393, 723535
circular-read-total, 8, 2, 16817239300, 152838, 242820
read-wait, 3, 3, 628
read, 3, 3, 336344786, 168172393, 116753
circular-read-start, 3, 3, 16817239300, 840006
read-wait, 5, 3, 117439
read, 5, 3, 336344786, 168172393, 117500
circular-read-start, 5, 3, 16817239300, 840247
read-wait, 11, 3, 116935
read, 11, 3, 336344786, 168172393, 118422
circular-read-start, 11, 3, 16817239300, 841876
read-wait, 6, 3, 118572
read, 6, 3, 336344786, 168172393, 118572
circular-read-start, 6, 3, 16817239300, 842065
read-wait, 4, 3, 119163
read, 4, 3, 336344786, 168172393, 119163
circular-read-start, 4, 3, 16817239300, 842070
read-wait, 8, 3, 118541
read, 8, 3, 336344786, 168172393, 118541
circular-read-start, 8, 3, 16817239300, 842076
read-wait, 10, 3, 118685
read, 10, 3, 336344786, 168172393, 118685
circular-read-start, 10, 3, 16817239300, 842080
read-wait, 7, 3, 118683
read, 7, 3, 336344786, 168172393, 118683
circular-read-start, 7, 3, 16817239300, 842093
read-wait, 9, 3, 119017
read, 9, 3, 336344786, 168172393, 119017
circular-read-start, 9, 3, 16817239300, 842102
read-start, 10, 4, 504517179, 51038377, 1083415
circular-read-total, 10, 3, 16817239300, 150403, 241335
read-start, 4, 4, 504517179, 51038377, 1083628
circular-read-total, 4, 3, 16817239300, 152238, 241557
read-start, 3, 4, 504517179, 51038377, 1083643
circular-read-total, 3, 3, 16817239300, 149775, 243636
read-start, 9, 4, 504517179, 51038377, 1083712
circular-read-total, 9, 3, 16817239300, 154711, 241610
read-start, 5, 4, 504517179, 51038377, 1083993
circular-read-total, 5, 3, 16817239300, 143411, 243745
read-start, 8, 4, 504517179, 51038377, 1084033
circular-read-total, 8, 3, 16817239300, 152128, 241956
read-start, 6, 4, 504517179, 51038377, 1084179
circular-read-total, 6, 3, 16817239300, 147885, 242114
read-start, 11, 4, 504517179, 51038377, 1084281
circular-read-total, 11, 3, 16817239300, 153598, 242404
read-start, 7, 4, 504517179, 51038377, 1084420
circular-read-total, 7, 3, 16817239300, 152615, 242327
read-wait, 3, 4, 1087
read, 3, 4, 504517179, 51038377, 115830
circular-read-start, 3, 4, 5103837700, 1199474
read-wait, 8, 4, 115624
read, 8, 4, 504517179, 51038377, 115624
circular-read-start, 8, 4, 5103837700, 1199658
read-wait, 5, 4, 115666
read, 5, 4, 504517179, 51038377, 116382
circular-read-start, 5, 4, 5103837700, 1200376
read-wait, 6, 4, 116337
read, 6, 4, 504517179, 51038377, 116337
circular-read-start, 6, 4, 5103837700, 1200516
read-wait, 9, 4, 116805
read, 9, 4, 504517179, 51038377, 116805
circular-read-start, 9, 4, 5103837700, 1200518
read-wait, 11, 4, 116239
read, 11, 4, 504517179, 51038377, 117038
circular-read-start, 11, 4, 5103837700, 1201319
read-wait, 7, 4, 117083
read, 7, 4, 504517179, 51038377, 117083
circular-read-start, 7, 4, 5103837700, 1201504
read-wait, 10, 4, 118091
read, 10, 4, 504517179, 51038377, 118091
circular-read-start, 10, 4, 5103837700, 1201507
read-wait, 4, 4, 117881
read, 4, 4, 504517179, 51038377, 117881
circular-read-start, 4, 4, 5103837700, 1201509
circular-read-total, 5, 4, 5103837700, 42912, 72467
circular-read-total, 8, 4, 5103837700, 45068, 73295
circular-read-total, 11, 4, 5103837700, 44811, 71637
circular-read-total, 6, 4, 5103837700, 43780, 72735
circular-read-total, 7, 4, 5103837700, 47538, 71811
circular-read-total, 4, 4, 5103837700, 42739, 71809
circular-read-total, 10, 4, 5103837700, 46355, 71915
circular-read-total, 3, 4, 5103837700, 46574, 73964
circular-read-total, 9, 4, 5103837700, 46222, 73103

cmd-read, 1274471
