# Fri Oct 23 01:00:15 PDT 2015
record-value, 112
seek-chunk, 168172393
file, 4, 555555556

read-start, 1, 0, 168172393, 27743
circular-read-start, 4, 1, 55555555600, 29475
circular-read-total, 4, 1, 55555555600, 111998, 115316
linear-scan, 115985
-sort , 28451, 32
-merge, 17884, 32
-last , 667
read, 1, 168172393, 117717
network, 1, 243111

read-start, 2, 168172393, 168172393, 388586
circular-read-start, 4, 2, 55555555600, 388949
circular-read-total, 4, 2, 55555555600, 111954, 115434
linear-scan, 116684
-sort , 23754, 27
-merge, 14914, 27
-last , 455
read, 2, 168172393, 117046
network, 2, 245562

read-start, 3, 336344786, 168172393, 751208
circular-read-start, 4, 3, 55555555600, 751586
circular-read-total, 4, 3, 55555555600, 113171, 116158
linear-scan, 117326
-sort , 16224, 18
-merge, 10359, 18
-last , 1167
read, 3, 168172393, 117705
network, 3, 242956

read-start, 4, 504517179, 51038377, 1111892
circular-read-start, 4, 4, 55555555600, 1112013
circular-read-total, 4, 4, 55555555600, 111634, 115269
linear-scan, 115796
-sort , 3798, 15
-merge, 2708, 15
-last , 123
read, 4, 51038377, 115918
network, 4, 73142

exit, 1302205
