# Mon Oct 19 06:41:08 PDT 2015
# 10, 1000, 0, range-3758096384
max-chunk, 3, 1, 171511808, 0
chunk-size, 171511808, 2459
disks, 8

size, 3, 2, 1000000000, 0
size, 4, 1, 1000000000, 0
size, 5, 1, 1000000000, 0
size, 6, 1, 1000000000, 0
size, 7, 1, 1000000000, 0
size, 8, 1, 1000000000, 0
size, 9, 1, 1000000000, 0
size, 10, 1, 1000000000, 0
size, 11, 1, 1000000000, 0
size, 12, 1, 1000000000, 0


read-start, 3, 1, 0, 171511808, 26
read-start, 4, 1, 0, 171511808, 26
read-start, 5, 1, 0, 171511808, 26
read-start, 6, 1, 0, 171511808, 26
read-start, 7, 1, 0, 171511808, 26
read-start, 8, 1, 0, 171511808, 26
read-start, 9, 1, 0, 171511808, 26
read-start, 10, 1, 0, 171511808, 26
read-start, 11, 1, 0, 171511808, 26
read-start, 12, 1, 0, 171511808, 26
read-wait, 3, 1, 0
read, 3, 1, 0, 171511808, 229845
circular-read-start, 3, 1, 17151180800, 229872
read-wait, 4, 1, 230018
read, 4, 1, 0, 171511808, 230018
circular-read-start, 4, 1, 17151180800, 230045
read-wait, 5, 1, 230019
read, 5, 1, 0, 171511808, 230019
circular-read-start, 5, 1, 17151180800, 230046
read-wait, 6, 1, 230021
read, 6, 1, 0, 171511808, 230021
circular-read-start, 6, 1, 17151180800, 230048
read-wait, 7, 1, 230023
read, 7, 1, 0, 171511808, 230023
circular-read-start, 7, 1, 17151180800, 230050
read-wait, 8, 1, 230025
read, 8, 1, 0, 171511808, 230025
circular-read-start, 8, 1, 17151180800, 230052
read-wait, 9, 1, 230027
read, 9, 1, 0, 171511808, 230027
circular-read-start, 9, 1, 17151180800, 230054
read-wait, 10, 1, 230029
read, 10, 1, 0, 171511808, 230029
circular-read-start, 10, 1, 17151180800, 230056
read-wait, 11, 1, 230031
read, 11, 1, 0, 171511808, 230521
circular-read-start, 11, 1, 17151180800, 230548
read-wait, 12, 1, 230695
read, 12, 1, 0, 171511808, 230695
circular-read-start, 12, 1, 17151180800, 230722
read-start, 9, 2, 171511808, 171511808, 424393
circular-read-total, 9, 1, 17151180800, 141692, 194339
read-start, 5, 2, 171511808, 171511808, 424468
circular-read-total, 5, 1, 17151180800, 133167, 194421
read-start, 4, 2, 171511808, 171511808, 424500
circular-read-total, 4, 1, 17151180800, 144356, 194454
read-start, 8, 2, 171511808, 171511808, 424580
circular-read-total, 8, 1, 17151180800, 124935, 194528
read-start, 3, 2, 171511808, 171511808, 424646
circular-read-total, 3, 1, 17151180800, 137900, 194774
read-start, 6, 2, 171511808, 171511808, 424696
circular-read-total, 6, 1, 17151180800, 118797, 194648
read-start, 7, 2, 171511808, 171511808, 424869
circular-read-total, 7, 1, 17151180800, 108611, 194819
read-start, 10, 2, 171511808, 171511808, 425178
circular-read-total, 10, 1, 17151180800, 119213, 195121
read-start, 12, 2, 171511808, 171511808, 425379
circular-read-total, 12, 1, 17151180800, 135889, 194656
read-start, 11, 2, 171511808, 171511808, 425417
circular-read-total, 11, 1, 17151180800, 116442, 194868
read-wait, 8, 2, 924
read, 8, 2, 171511808, 171511808, 208284
circular-read-start, 8, 2, 17151180800, 632865
read-wait, 4, 2, 208506
read, 4, 2, 171511808, 171511808, 208506
circular-read-start, 4, 2, 17151180800, 633007
read-wait, 6, 2, 208312
read, 6, 2, 171511808, 171511808, 208312
circular-read-start, 6, 2, 17151180800, 633009
read-wait, 5, 2, 208546
read, 5, 2, 171511808, 171511808, 208546
circular-read-start, 5, 2, 17151180800, 633014
read-wait, 3, 2, 208369
read, 3, 2, 171511808, 171511808, 208369
circular-read-start, 3, 2, 17151180800, 633016
read-wait, 9, 2, 208626
read, 9, 2, 171511808, 171511808, 208626
circular-read-start, 9, 2, 17151180800, 633019
read-wait, 7, 2, 208152
read, 7, 2, 171511808, 171511808, 212556
circular-read-start, 7, 2, 17151180800, 637426
read-wait, 12, 2, 212218
read, 12, 2, 171511808, 171511808, 212218
circular-read-start, 12, 2, 17151180800, 637598
read-wait, 10, 2, 212439
read, 10, 2, 171511808, 171511808, 212439
circular-read-start, 10, 2, 17151180800, 637618
read-wait, 11, 2, 212203
read, 11, 2, 171511808, 171511808, 212203
circular-read-start, 11, 2, 17151180800, 637621
read-start, 9, 3, 343023616, 171511808, 830231
circular-read-total, 9, 2, 17151180800, 126910, 197212
read-start, 8, 3, 343023616, 171511808, 830512
circular-read-total, 8, 2, 17151180800, 106589, 197646
read-start, 4, 3, 343023616, 171511808, 830775
circular-read-total, 4, 2, 17151180800, 113959, 197768
read-start, 3, 3, 343023616, 171511808, 830785
circular-read-total, 3, 2, 17151180800, 120930, 197769
read-start, 5, 3, 343023616, 171511808, 830867
circular-read-total, 5, 2, 17151180800, 110529, 197853
read-start, 6, 3, 343023616, 171511808, 831109
circular-read-total, 6, 2, 17151180800, 133069, 198100
read-start, 12, 3, 343023616, 171511808, 832202
circular-read-total, 12, 2, 17151180800, 116335, 194604
read-start, 11, 3, 343023616, 171511808, 832238
circular-read-total, 11, 2, 17151180800, 132051, 194617
read-start, 7, 3, 343023616, 171511808, 832344
circular-read-total, 7, 2, 17151180800, 106548, 194918
read-start, 10, 3, 343023616, 171511808, 832509
circular-read-total, 10, 2, 17151180800, 112906, 194891
read-wait, 4, 3, 1833
read, 4, 3, 343023616, 171511808, 207692
circular-read-start, 4, 3, 17151180800, 1038468
read-wait, 8, 3, 208099
read, 8, 3, 343023616, 171511808, 208099
circular-read-start, 8, 3, 17151180800, 1038611
read-wait, 5, 3, 207751
read, 5, 3, 343023616, 171511808, 207816
circular-read-start, 5, 3, 17151180800, 1038684
read-wait, 3, 3, 208038
read, 3, 3, 343023616, 171511808, 208221
circular-read-start, 3, 3, 17151180800, 1039007
read-wait, 6, 3, 208042
read, 6, 3, 343023616, 171511808, 208042
circular-read-start, 6, 3, 17151180800, 1039151
read-wait, 9, 3, 208923
read, 9, 3, 343023616, 171511808, 208923
circular-read-start, 9, 3, 17151180800, 1039154
read-wait, 12, 3, 206954
read, 12, 3, 343023616, 171511808, 209090
circular-read-start, 12, 3, 17151180800, 1041292
read-wait, 10, 3, 208934
read, 10, 3, 343023616, 171511808, 208934
circular-read-start, 10, 3, 17151180800, 1041443
read-wait, 7, 3, 209103
read, 7, 3, 343023616, 171511808, 209103
circular-read-start, 7, 3, 17151180800, 1041447
read-wait, 11, 3, 209215
read, 11, 3, 343023616, 171511808, 209215
circular-read-start, 11, 3, 17151180800, 1041453

cmd-range, 1077012, 3758096384
