# Mon Oct 19 06:41:08 PDT 2015
memory, 32170233856
record-value, 112
seek-chunk, 171511808
file, 4, 1000000000

read-start, 1, 0, 171511808, 16164
circular-read-start, 4, 1, 100000000000, 17901
circular-read-total, 4, 1, 100000000000, 222576, 227855
linear-scan, 228776
-sort , 36361, 40
-merge, 20799, 40
-last , 919
read, 1, 171511808, 230513
network, 1, 194846

read-start, 2, 171511808, 171511808, 441548
circular-read-start, 4, 2, 100000000000, 441892
circular-read-total, 4, 2, 100000000000, 201220, 207217
linear-scan, 208429
-sort , 34125, 37
-merge, 19437, 37
-last , 1210
read, 2, 171511808, 208774
network, 2, 197813

read-start, 3, 343023616, 171511808, 848364
circular-read-start, 4, 3, 100000000000, 848708
circular-read-total, 4, 3, 100000000000, 201247, 207226
linear-scan, 208059
-sort , 31046, 34
-merge, 18051, 34
-last , 831
read, 3, 171511808, 208403
