# 1, 50, 10, true, read
recv-size, 0, 524288000
size, 0, 0
start-read, 0, 0, 104857600
read, 0, 156521
recv-read, 0, 0, 104857600
network, 0, 127018
start-read, 1, 104857600, 104857600
read, 1, 162992
recv-read, 1, 104857600, 104857600
network, 1, 122887
start-read, 2, 209715200, 104857600
read, 2, 150482
recv-read, 2, 209715200, 104857600
network, 2, 122960
start-read, 3, 314572800, 104857600
read, 3, 125824
recv-read, 3, 314572800, 104857600
network, 3, 122983
start-read, 4, 419430400, 104857600
read, 4, 116462
recv-read, 4, 419430400, 104857600
network, 4, 122904
start-read, 5, 524288000, 104857600
cmd-read, 0, 1332813
