# 1, 4, 0.5, false, read
recv-size, 0, 41943040
size, 0, 0
start-read, 0, 0, 5242880
read, 0, 18279
recv-read, 0, 0, 5242880
network, 0, 2691
start-read, 1, 5242880, 5242880
read, 1, 14717
recv-read, 1, 5242880, 5242880
network, 1, 2461
start-read, 2, 10485760, 5242880
read, 2, 13957
recv-read, 2, 10485760, 5242880
network, 2, 2457
start-read, 3, 15728640, 5242880
read, 3, 12783
recv-read, 3, 15728640, 5242880
network, 3, 2475
start-read, 4, 20971520, 5242880
read, 4, 11860
recv-read, 4, 20971520, 5242880
network, 4, 2456
start-read, 5, 26214400, 5242880
read, 5, 9439
recv-read, 5, 26214400, 5242880
network, 5, 2534
start-read, 6, 31457280, 5242880
read, 6, 7150
recv-read, 6, 31457280, 5242880
network, 6, 2471
start-read, 7, 36700160, 5242880
read, 7, 2501
recv-read, 7, 36700160, 5242880
network, 7, 3592
start-read, 8, 41943040, 5242880
cmd-read, 0, 112000
