# Thu Sep 10 01:04:22 UTC 2015
# 1, 500, 0, true, read
record-value, 112
chunk-size, 1422549852, 24499
disks, 8

size, 5, 1, 5242880000, 0


read-start, 5, 1, 0, 1422549852, 14
read-wait, 5, 1, 0
read, 5, 1, 0, 1422549852, 306134
network, 1, 496242
read-start, 5, 2, 1422549852, 1422549852, 802392
read-wait, 5, 2, 0
read, 5, 2, 1422549852, 1422549852, 279563
network, 2, 498312
read-start, 5, 3, 2845099704, 1422549852, 1580268
read-wait, 5, 3, 0
read, 5, 3, 2845099704, 1422549852, 228394
network, 3, 490443
read-start, 5, 4, 4267649556, 1422549852, 2299106
read-wait, 5, 4, 0
read, 5, 4, 4267649556, 975230432, 173352
network, 4, 338127

cmd-read, 2810573
