# Sun Sep 20 01:00:34 PDT 2015
# 3, 350, 0, read
max-chunk, 3, 1, 171511808, 0
chunk-size, 171511808, 6149
disks, 8

size, 3, 2, 3500000000, 0
size, 4, 1, 3500000000, 0
size, 5, 1, 3500000000, 0
size, 6, 1, 3500000000, 0


read-start, 3, 1, 0, 171511808, 18
read-start, 4, 1, 0, 171511808, 18
read-start, 5, 1, 0, 171511808, 18
read-start, 6, 1, 0, 171511808, 18
read-wait, 3, 1, 0
read, 3, 1, 0, 171511808, 725545
circular-read-start, 3, 1, 17151180800, 725563
read-wait, 4, 1, 725721
read, 4, 1, 0, 171511808, 727104
circular-read-start, 4, 1, 17151180800, 727122
read-wait, 5, 1, 727278
read, 5, 1, 0, 171511808, 748288
circular-read-start, 5, 1, 17151180800, 748306
read-wait, 6, 1, 748463
read, 6, 1, 0, 171511808, 752812
circular-read-start, 6, 1, 17151180800, 752831
read-start, 3, 2, 171511808, 171511808, 922953
circular-read-total, 3, 1, 17151180800, 44908, 197390
read-start, 4, 2, 171511808, 171511808, 926439
circular-read-total, 4, 1, 17151180800, 30179, 199317
read-start, 5, 2, 171511808, 171511808, 943460
circular-read-total, 5, 1, 17151180800, 130392, 195153
read-wait, 4, 2, 21015
read-start, 6, 2, 171511808, 171511808, 947477
circular-read-total, 6, 1, 17151180800, 138515, 194646
read, 4, 2, 171511808, 171511808, 725521
circular-read-start, 4, 2, 17151180800, 1651961
read-wait, 5, 2, 708641
read, 5, 2, 171511808, 171511808, 723919
circular-read-start, 5, 2, 17151180800, 1667379
read-wait, 3, 2, 744576
read, 3, 2, 171511808, 171511808, 744577
circular-read-start, 3, 2, 17151180800, 1667530
read-wait, 6, 2, 720055
read, 6, 2, 171511808, 171511808, 725593
circular-read-start, 6, 2, 17151180800, 1673071
read-start, 4, 3, 343023616, 171511808, 1859945
circular-read-total, 4, 2, 17151180800, 94709, 207983
read-start, 5, 3, 343023616, 171511808, 1862370
circular-read-total, 5, 2, 17151180800, 101494, 194991
read-start, 3, 3, 343023616, 171511808, 1862600
circular-read-total, 3, 2, 17151180800, 85259, 195070
read-start, 6, 3, 343023616, 171511808, 1868146
circular-read-total, 6, 2, 17151180800, 119122, 195074
read-wait, 4, 3, 8209
read, 4, 3, 343023616, 171511808, 724641
circular-read-start, 4, 3, 17151180800, 2584586
read-wait, 5, 3, 722358
read, 5, 3, 343023616, 171511808, 722464
circular-read-start, 5, 3, 17151180800, 2584835
read-wait, 6, 3, 716839
read, 6, 3, 343023616, 171511808, 725244
circular-read-start, 6, 3, 17151180800, 2593390
read-wait, 3, 3, 730942
read, 3, 3, 343023616, 171511808, 730942
circular-read-start, 3, 3, 17151180800, 2593543
read-start, 4, 4, 514535424, 171511808, 2778913
circular-read-total, 4, 3, 17151180800, 49415, 194327
read-start, 5, 4, 514535424, 171511808, 2780484
circular-read-total, 5, 3, 17151180800, 50350, 195649
read-start, 3, 4, 514535424, 171511808, 2788192
circular-read-total, 3, 3, 17151180800, 130767, 194649
read-wait, 4, 4, 9288
read-start, 6, 4, 514535424, 171511808, 2788441
circular-read-total, 6, 3, 17151180800, 135268, 195051
read, 4, 4, 514535424, 171511808, 724988
circular-read-start, 4, 4, 17151180800, 3503902
read-wait, 5, 4, 723564
read, 5, 4, 514535424, 171511808, 723564
circular-read-start, 5, 4, 17151180800, 3504049
read-wait, 6, 4, 715615
read, 6, 4, 514535424, 171511808, 725816
circular-read-start, 6, 4, 17151180800, 3514258
read-wait, 3, 4, 726223
read, 3, 4, 514535424, 171511808, 726223
circular-read-start, 3, 4, 17151180800, 3514416
read-start, 5, 5, 686047232, 171511808, 3700996
circular-read-total, 5, 4, 17151180800, 68886, 196947
read-start, 4, 5, 686047232, 171511808, 3702316
circular-read-total, 4, 4, 17151180800, 52371, 198414
read-wait, 4, 5, 6730
read-start, 6, 5, 686047232, 171511808, 3709122
circular-read-total, 6, 4, 17151180800, 130603, 194864
read-start, 3, 5, 686047232, 171511808, 3709221
circular-read-total, 3, 4, 17151180800, 134010, 194805
read, 4, 5, 686047232, 171511808, 725362
circular-read-start, 4, 5, 17151180800, 4427679
read-wait, 5, 5, 726819
read, 5, 5, 686047232, 171511808, 726819
circular-read-start, 5, 5, 17151180800, 4427816
read-wait, 3, 5, 718607
read, 3, 5, 686047232, 171511808, 723053
circular-read-start, 3, 5, 17151180800, 4432275
read-wait, 6, 5, 723287
read, 6, 5, 686047232, 171511808, 724932
circular-read-start, 6, 5, 17151180800, 4434055
read-start, 4, 6, 857559040, 171511808, 4622428
circular-read-total, 4, 5, 17151180800, 125087, 194748
read-start, 5, 6, 857559040, 171511808, 4622941
circular-read-total, 5, 5, 17151180800, 115997, 195126
read-start, 3, 6, 857559040, 171511808, 4627809
circular-read-total, 3, 5, 17151180800, 94417, 195534
read-wait, 5, 6, 6406
read-start, 6, 6, 857559040, 171511808, 4629396
circular-read-total, 6, 5, 17151180800, 103797, 195340
read, 5, 6, 857559040, 171511808, 723637
circular-read-start, 5, 6, 17151180800, 5346579
read-wait, 4, 6, 724293
read, 4, 6, 857559040, 171511808, 725297
circular-read-start, 4, 6, 17151180800, 5347725
read-wait, 6, 6, 718472
read, 6, 6, 857559040, 171511808, 725066
circular-read-start, 6, 6, 17151180800, 5354463
read-wait, 3, 6, 726809
read, 3, 6, 857559040, 171511808, 726809
circular-read-start, 3, 6, 17151180800, 5354618
read-start, 5, 7, 1029070848, 171511808, 5540982
circular-read-total, 5, 6, 17151180800, 50158, 194403
read-start, 4, 7, 1029070848, 171511808, 5542372
circular-read-total, 4, 6, 17151180800, 82189, 194646
read-wait, 4, 7, 7050
read-start, 3, 7, 1029070848, 171511808, 5549463
circular-read-total, 3, 6, 17151180800, 121251, 194845
read-start, 6, 7, 1029070848, 171511808, 5549470
circular-read-total, 6, 6, 17151180800, 124154, 195006
read, 4, 7, 1029070848, 171511808, 725763
circular-read-start, 4, 7, 17151180800, 6268136
read-wait, 5, 7, 727301
read, 5, 7, 1029070848, 171511808, 727301
circular-read-start, 5, 7, 17151180800, 6268283
read-wait, 6, 7, 718818
read, 6, 7, 1029070848, 171511808, 725363
circular-read-start, 6, 7, 17151180800, 6274833
read-wait, 3, 7, 725526
read, 3, 7, 1029070848, 171511808, 725526
circular-read-start, 3, 7, 17151180800, 6274990
read-start, 5, 8, 1200582656, 171511808, 6463041
circular-read-total, 5, 7, 17151180800, 108987, 194758
read-start, 4, 8, 1200582656, 171511808, 6463480
circular-read-total, 4, 7, 17151180800, 104949, 195344
read-start, 6, 8, 1200582656, 171511808, 6470175
circular-read-total, 6, 7, 17151180800, 107499, 195342
read-wait, 4, 8, 6734
read-start, 3, 8, 1200582656, 171511808, 6470455
circular-read-total, 3, 7, 17151180800, 97212, 195465
read, 4, 8, 1200582656, 171511808, 725255
circular-read-start, 4, 8, 17151180800, 7188736
read-wait, 5, 8, 725844
read, 5, 8, 1200582656, 171511808, 725844
circular-read-start, 5, 8, 17151180800, 7188886
read-wait, 6, 8, 718717
read, 6, 8, 1200582656, 171511808, 725813
circular-read-start, 6, 8, 17151180800, 7195989
read-wait, 3, 8, 725690
read, 3, 8, 1200582656, 171511808, 725690
circular-read-start, 3, 8, 17151180800, 7196146
read-start, 4, 9, 1372094464, 171511808, 7383302
circular-read-total, 4, 8, 17151180800, 59292, 194566
read-start, 5, 9, 1372094464, 171511808, 7383331
circular-read-total, 5, 8, 17151180800, 77204, 194445
read-wait, 4, 9, 7606
read-start, 3, 9, 1372094464, 171511808, 7391022
circular-read-total, 3, 8, 17151180800, 123408, 194876
read-start, 6, 9, 1372094464, 171511808, 7391114
circular-read-total, 6, 8, 17151180800, 128752, 195125
read, 4, 9, 1372094464, 171511808, 725016
circular-read-start, 4, 9, 17151180800, 8108319
read-wait, 5, 9, 725138
read, 5, 9, 1372094464, 171511808, 725138
circular-read-start, 5, 9, 17151180800, 8108470
read-wait, 6, 9, 717365
read, 6, 9, 1372094464, 171511808, 724854
circular-read-start, 6, 9, 17151180800, 8115969
read-wait, 3, 9, 725100
read, 3, 9, 1372094464, 171511808, 725100
circular-read-start, 3, 9, 17151180800, 8116122
read-start, 5, 10, 1543606272, 171511808, 8302755
circular-read-total, 5, 9, 17151180800, 81973, 194284
read-start, 4, 10, 1543606272, 171511808, 8303984
circular-read-total, 4, 9, 17151180800, 73215, 195665
read-wait, 4, 10, 6930
read-start, 3, 10, 1543606272, 171511808, 8310924
circular-read-total, 3, 9, 17151180800, 138212, 194801
read-start, 6, 10, 1543606272, 171511808, 8311007
circular-read-total, 6, 9, 17151180800, 128233, 195038
read, 4, 10, 1543606272, 171511808, 725450
circular-read-start, 4, 10, 17151180800, 9029435
read-wait, 5, 10, 726827
read, 5, 10, 1543606272, 171511808, 726827
circular-read-start, 5, 10, 17151180800, 9029583
read-wait, 6, 10, 718586
read, 6, 10, 1543606272, 171511808, 725390
circular-read-start, 6, 10, 17151180800, 9036397
read-wait, 3, 10, 725628
read, 3, 10, 1543606272, 171511808, 725628
circular-read-start, 3, 10, 17151180800, 9036552
read-start, 4, 11, 1715118080, 171511808, 9224517
circular-read-total, 4, 10, 17151180800, 93382, 195082
read-start, 5, 11, 1715118080, 171511808, 9224940
circular-read-total, 5, 10, 17151180800, 94495, 195357
read-wait, 4, 11, 6981
read-start, 6, 11, 1715118080, 171511808, 9231586
circular-read-total, 6, 10, 17151180800, 110123, 195188
read-start, 3, 11, 1715118080, 171511808, 9231709
circular-read-total, 3, 10, 17151180800, 107645, 195156
read, 4, 11, 1715118080, 171511808, 725825
circular-read-start, 4, 11, 17151180800, 9950343
read-wait, 5, 11, 725551
read, 5, 11, 1715118080, 171511808, 725551
circular-read-start, 5, 11, 17151180800, 9950492
read-wait, 6, 11, 718914
read, 6, 11, 1715118080, 171511808, 725242
circular-read-start, 6, 11, 17151180800, 9956828
read-wait, 3, 11, 725308
read, 3, 11, 1715118080, 171511808, 725308
circular-read-start, 3, 11, 17151180800, 9957018
read-start, 5, 12, 1886629888, 171511808, 10145306
circular-read-total, 5, 11, 17151180800, 102848, 194815
read-start, 4, 12, 1886629888, 171511808, 10145524
circular-read-total, 4, 11, 17151180800, 76185, 195181
read-wait, 4, 12, 6285
read-start, 6, 12, 1886629888, 171511808, 10151898
circular-read-total, 6, 11, 17151180800, 124073, 195069
read-start, 3, 12, 1886629888, 171511808, 10151939
circular-read-total, 3, 11, 17151180800, 118678, 194920
read, 4, 12, 1886629888, 171511808, 725190
circular-read-start, 4, 12, 17151180800, 10870715
read-wait, 5, 12, 725552
read, 5, 12, 1886629888, 171511808, 725552
circular-read-start, 5, 12, 17151180800, 10870858
read-wait, 6, 12, 718971
read, 6, 12, 1886629888, 171511808, 725351
circular-read-start, 6, 12, 17151180800, 10877249
read-wait, 3, 12, 725510
read, 3, 12, 1886629888, 171511808, 725510
circular-read-start, 3, 12, 17151180800, 10877449
read-start, 5, 13, 2058141696, 171511808, 11065269
circular-read-total, 5, 12, 17151180800, 81429, 194410
read-start, 4, 13, 2058141696, 171511808, 11065700
circular-read-total, 4, 12, 17151180800, 62209, 194985
read-wait, 4, 13, 6804
read-start, 6, 13, 2058141696, 171511808, 11072505
circular-read-total, 6, 12, 17151180800, 117588, 195255
read-start, 3, 13, 2058141696, 171511808, 11072519
circular-read-total, 3, 12, 17151180800, 110387, 195070
read, 4, 13, 2058141696, 171511808, 725971
circular-read-start, 4, 13, 17151180800, 11791671
read-wait, 5, 13, 726547
read, 5, 13, 2058141696, 171511808, 726547
circular-read-start, 5, 13, 17151180800, 11791816
read-wait, 6, 13, 719318
read, 6, 13, 2058141696, 171511808, 724706
circular-read-start, 6, 13, 17151180800, 11797211
read-wait, 3, 13, 724871
read, 3, 13, 2058141696, 171511808, 724871
circular-read-start, 3, 13, 17151180800, 11797391
read-start, 4, 14, 2229653504, 171511808, 11986723
circular-read-total, 4, 13, 17151180800, 86222, 195052
read-start, 5, 14, 2229653504, 171511808, 11987029
circular-read-total, 5, 13, 17151180800, 95973, 195212
read-start, 6, 14, 2229653504, 171511808, 11992437
circular-read-total, 6, 13, 17151180800, 116995, 195225
read-wait, 4, 14, 5823
read-start, 3, 14, 2229653504, 171511808, 11992707
circular-read-total, 3, 13, 17151180800, 108767, 195315
read, 4, 14, 2229653504, 171511808, 725098
circular-read-start, 4, 14, 17151180800, 12711821
read-wait, 5, 14, 724935
read, 5, 14, 2229653504, 171511808, 724935
circular-read-start, 5, 14, 17151180800, 12711964
read-wait, 6, 14, 719536
read, 6, 14, 2229653504, 171511808, 724249
circular-read-start, 6, 14, 17151180800, 12716686
read-wait, 3, 14, 724151
read, 3, 14, 2229653504, 171511808, 724151
circular-read-start, 3, 14, 17151180800, 12716859
read-start, 5, 15, 2401165312, 171511808, 12906883
circular-read-total, 5, 14, 17151180800, 114053, 194919
read-start, 4, 15, 2401165312, 171511808, 12907044
circular-read-total, 4, 14, 17151180800, 103583, 195223
read-start, 6, 15, 2401165312, 171511808, 12911765
circular-read-total, 6, 14, 17151180800, 123189, 195079
read-wait, 4, 15, 5109
read-start, 3, 15, 2401165312, 171511808, 12912292
circular-read-total, 3, 14, 17151180800, 87736, 195433
read, 4, 15, 2401165312, 171511808, 726191
circular-read-start, 4, 15, 17151180800, 13633236
read-wait, 5, 15, 726494
read, 5, 15, 2401165312, 171511808, 726494
circular-read-start, 5, 15, 17151180800, 13633378
read-wait, 6, 15, 721618
read, 6, 15, 2401165312, 171511808, 725413
circular-read-start, 6, 15, 17151180800, 13637178
read-wait, 3, 15, 725060
read, 3, 15, 2401165312, 171511808, 725060
circular-read-start, 3, 15, 17151180800, 13637353
read-start, 5, 16, 2572677120, 171511808, 13828281
circular-read-total, 5, 15, 17151180800, 131400, 194902
read-start, 4, 16, 2572677120, 171511808, 13828728
circular-read-total, 4, 15, 17151180800, 96173, 195492
read-start, 6, 16, 2572677120, 171511808, 13832573
circular-read-total, 6, 15, 17151180800, 107570, 195394
read-wait, 4, 16, 3860
read-start, 3, 16, 2572677120, 171511808, 13832695
circular-read-total, 3, 15, 17151180800, 101438, 195341
read, 4, 16, 2572677120, 171511808, 725148
circular-read-start, 4, 16, 17151180800, 14553877
read-wait, 5, 16, 725737
read, 5, 16, 2572677120, 171511808, 725737
circular-read-start, 5, 16, 17151180800, 14554019
read-wait, 6, 16, 721454
read, 6, 16, 2572677120, 171511808, 724568
circular-read-start, 6, 16, 17151180800, 14557141
read-wait, 3, 16, 724611
read, 3, 16, 2572677120, 171511808, 724611
circular-read-start, 3, 16, 17151180800, 14557306
read-start, 5, 17, 2744188928, 171511808, 14749190
circular-read-total, 5, 16, 17151180800, 106968, 195171
read-start, 4, 17, 2744188928, 171511808, 14749340
circular-read-total, 4, 16, 17151180800, 106822, 195463
read-start, 6, 17, 2744188928, 171511808, 14752462
circular-read-total, 6, 16, 17151180800, 108798, 195320
read-wait, 4, 17, 3388
read-start, 3, 17, 2744188928, 171511808, 14752729
circular-read-total, 3, 16, 17151180800, 93942, 195423
read, 4, 17, 2744188928, 171511808, 725278
circular-read-start, 4, 17, 17151180800, 15474618
read-wait, 5, 17, 725568
read, 5, 17, 2744188928, 171511808, 725568
circular-read-start, 5, 17, 17151180800, 15474759
read-wait, 6, 17, 722301
read, 6, 17, 2744188928, 171511808, 723927
circular-read-start, 6, 17, 17151180800, 15476389
read-wait, 3, 17, 723835
read, 3, 17, 2744188928, 171511808, 723835
circular-read-start, 3, 17, 17151180800, 15476565
read-start, 5, 18, 2915700736, 171511808, 15669660
circular-read-total, 5, 17, 17151180800, 129045, 194901
read-start, 4, 18, 2915700736, 171511808, 15670020
circular-read-total, 4, 17, 17151180800, 105786, 195401
read-start, 6, 18, 2915700736, 171511808, 15671754
circular-read-total, 6, 17, 17151180800, 107592, 195365
read-wait, 5, 18, 2237
read-start, 3, 18, 2915700736, 171511808, 15671972
circular-read-total, 3, 17, 17151180800, 100158, 195406
read, 5, 18, 2915700736, 171511808, 722636
circular-read-start, 5, 18, 17151180800, 16392297
read-wait, 4, 18, 722426
read, 4, 18, 2915700736, 171511808, 725050
circular-read-start, 4, 18, 17151180800, 16395071
read-wait, 6, 18, 723452
read, 6, 18, 2915700736, 171511808, 724479
circular-read-start, 6, 18, 17151180800, 16396234
read-wait, 3, 18, 724426
read, 3, 18, 2915700736, 171511808, 724426
circular-read-start, 3, 18, 17151180800, 16396398
read-start, 5, 19, 3087212544, 171511808, 16587697
circular-read-total, 5, 18, 17151180800, 114391, 195400
read-start, 4, 19, 3087212544, 171511808, 16590430
circular-read-total, 4, 18, 17151180800, 115834, 195359
read-start, 3, 19, 3087212544, 171511808, 16591334
circular-read-total, 3, 18, 17151180800, 124805, 194935
read-wait, 5, 19, 4093
read-start, 6, 19, 3087212544, 171511808, 16591807
circular-read-total, 6, 18, 17151180800, 93640, 195573
read, 5, 19, 3087212544, 171511808, 723431
circular-read-start, 5, 19, 17151180800, 17311129
read-wait, 6, 19, 719469
read, 6, 19, 3087212544, 171511808, 724344
circular-read-start, 6, 19, 17151180800, 17316152
read-wait, 4, 19, 725872
read, 4, 19, 3087212544, 171511808, 725872
circular-read-start, 4, 19, 17151180800, 17316303
read-wait, 3, 19, 724995
read, 3, 19, 3087212544, 171511808, 724995
circular-read-start, 3, 19, 17151180800, 17316330
read-start, 5, 20, 3258724352, 171511808, 17506184
circular-read-total, 5, 19, 17151180800, 113353, 195054
read-start, 4, 20, 3258724352, 171511808, 17511578
circular-read-total, 4, 19, 17151180800, 105129, 195275
read-start, 3, 20, 3258724352, 171511808, 17511689
circular-read-total, 3, 19, 17151180800, 97188, 195359
read-start, 6, 20, 3258724352, 171511808, 17511709
circular-read-total, 6, 19, 17151180800, 110157, 195556
read-wait, 5, 20, 5530
read, 5, 20, 3258724352, 171511808, 723196
circular-read-start, 5, 20, 17151180800, 18229380
read-wait, 4, 20, 717949
read, 4, 20, 3258724352, 171511808, 725456
circular-read-start, 4, 20, 17151180800, 18237035
read-wait, 6, 20, 725463
read, 6, 20, 3258724352, 171511808, 725463
circular-read-start, 6, 20, 17151180800, 18237173
read-wait, 3, 20, 725491
read, 3, 20, 3258724352, 171511808, 725491
circular-read-start, 3, 20, 17151180800, 18237181
read-start, 5, 21, 3430236160, 69763840, 18423740
circular-read-total, 5, 20, 17151180800, 59673, 194360
read-start, 4, 21, 3430236160, 69763840, 18432074
circular-read-total, 4, 20, 17151180800, 129169, 195039
read-start, 6, 21, 3430236160, 69763840, 18432146
circular-read-total, 6, 20, 17151180800, 119501, 194972
read-start, 3, 21, 3430236160, 69763840, 18432195
circular-read-total, 3, 20, 17151180800, 114014, 195013
read-wait, 5, 21, 8459
read, 5, 21, 3430236160, 69763840, 722708
circular-read-start, 5, 21, 6976384000, 19146448
read-wait, 4, 21, 714515
read, 4, 21, 3430236160, 69763840, 724239
circular-read-start, 4, 21, 6976384000, 19156314
read-wait, 6, 21, 724304
read, 6, 21, 3430236160, 69763840, 724697
circular-read-start, 6, 21, 6976384000, 19156843
read-wait, 3, 21, 724805
read, 3, 21, 3430236160, 69763840, 724805
circular-read-start, 3, 21, 6976384000, 19157001
circular-read-total, 5, 21, 6976384000, 32201, 76804
circular-read-total, 4, 21, 6976384000, 40437, 77192
circular-read-total, 3, 21, 6976384000, 54209, 77011
circular-read-total, 6, 21, 6976384000, 35221, 77425

cmd-read, 19234630
