# Sun Sep 20 01:00:34 PDT 2015
memory, 32170233856
record-value, 112
seek-chunk, 171511808
file, 4, 3500000000

read-start, 1, 0, 171511808, 3525
circular-read-start, 4, 1, 350000000000, 5282
circular-read-total, 4, 1, 350000000000, 726872, 745428
linear-scan, 746566
-sort , 54568, 58
-merge, 31160, 58
-last , 1137
read, 1, 171511808, 748323
network, 1, 195158

read-start, 2, 171511808, 171511808, 947012
circular-read-start, 4, 2, 350000000000, 947353
circular-read-total, 4, 2, 350000000000, 702686, 722146
linear-scan, 723611
-sort , 54031, 57
-merge, 30719, 57
-last , 1463
read, 2, 171511808, 723952
network, 2, 194993

read-start, 3, 343023616, 171511808, 1865965
circular-read-start, 4, 3, 350000000000, 1866312
circular-read-total, 4, 3, 350000000000, 702352, 721538
linear-scan, 722151
-sort , 53231, 57
-merge, 30472, 57
-last , 612
read, 3, 171511808, 722498
network, 3, 195653

read-start, 4, 514535424, 171511808, 2784122
circular-read-start, 4, 4, 350000000000, 2784464
circular-read-total, 4, 4, 350000000000, 702680, 721848
linear-scan, 722656
-sort , 52571, 56
-merge, 30231, 56
-last , 807
read, 4, 171511808, 722998
network, 4, 197517

read-start, 5, 686047232, 171511808, 3704678
circular-read-start, 4, 5, 350000000000, 3705020
circular-read-total, 4, 5, 350000000000, 702577, 721543
linear-scan, 722495
-sort , 51403, 55
-merge, 29348, 55
-last , 951
read, 5, 171511808, 722838
network, 5, 199145

read-start, 6, 857559040, 171511808, 4626666
circular-read-start, 4, 6, 350000000000, 4627012
circular-read-total, 4, 6, 350000000000, 702579, 722263
linear-scan, 723325
-sort , 51084, 54
-merge, 29133, 54
-last , 1060
read, 6, 171511808, 723671
network, 6, 194407

read-start, 7, 1029070848, 171511808, 5544750
circular-read-start, 4, 7, 350000000000, 5545097
circular-read-total, 4, 7, 350000000000, 702539, 721525
linear-scan, 722606
-sort , 49729, 53
-merge, 28221, 53
-last , 1079
read, 7, 171511808, 722953
network, 7, 199143

read-start, 8, 1200582656, 171511808, 6466852
circular-read-start, 4, 8, 350000000000, 6467198
circular-read-total, 4, 8, 350000000000, 702876, 722195
linear-scan, 723242
-sort , 49324, 52
-merge, 27910, 52
-last , 1044
read, 8, 171511808, 723588
network, 8, 196732

read-start, 9, 1372094464, 171511808, 7387186
circular-read-start, 4, 9, 350000000000, 7387531
circular-read-total, 4, 9, 350000000000, 702862, 722246
linear-scan, 723150
-sort , 48364, 51
-merge, 27539, 51
-last , 903
read, 9, 171511808, 723495
network, 9, 195966

read-start, 10, 1543606272, 171511808, 8306652
circular-read-start, 4, 10, 350000000000, 8307005
circular-read-total, 4, 10, 350000000000, 702737, 721835
linear-scan, 722504
-sort , 47205, 50
-merge, 26883, 50
-last , 667
read, 10, 171511808, 722857
network, 10, 199148

read-start, 11, 1715118080, 171511808, 9228881
circular-read-start, 4, 11, 350000000000, 9229228
circular-read-total, 4, 11, 350000000000, 702498, 721452
linear-scan, 722836
-sort , 45641, 48
-merge, 25801, 48
-last , 1383
read, 11, 171511808, 723183
network, 11, 197218

read-start, 12, 1886629888, 171511808, 10149290
circular-read-start, 4, 12, 350000000000, 10149636
circular-read-total, 4, 12, 350000000000, 702544, 721793
linear-scan, 722689
-sort , 44446, 47
-merge, 25453, 47
-last , 894
read, 12, 171511808, 723035
network, 12, 196966

read-start, 13, 2058141696, 171511808, 11069296
circular-read-start, 4, 13, 350000000000, 11069638
circular-read-total, 4, 13, 350000000000, 702770, 722375
linear-scan, 723687
-sort , 43366, 45
-merge, 24528, 45
-last , 1311
read, 13, 171511808, 724029
network, 13, 197685

read-start, 14, 2229653504, 171511808, 11991099
circular-read-start, 4, 14, 350000000000, 11991449
circular-read-total, 4, 14, 350000000000, 702693, 722694
linear-scan, 723512
-sort , 41412, 44
-merge, 23870, 44
-last , 398
read, 14, 171511808, 723862
network, 14, 196031

read-start, 15, 2401165312, 171511808, 12910997
circular-read-start, 4, 15, 350000000000, 12911343
circular-read-total, 4, 15, 350000000000, 702603, 722686
linear-scan, 724051
-sort , 39649, 41
-merge, 22384, 41
-last , 1364
read, 15, 171511808, 724396
network, 15, 197041

read-start, 16, 2572677120, 171511808, 13832438
circular-read-start, 4, 16, 350000000000, 13832779
circular-read-total, 4, 16, 350000000000, 702634, 722319
linear-scan, 723193
-sort , 37355, 39
-merge, 21189, 39
-last , 873
read, 16, 171511808, 723535
network, 16, 197383

read-start, 17, 2744188928, 171511808, 14753390
circular-read-start, 4, 17, 350000000000, 14753737
circular-read-total, 4, 17, 350000000000, 702233, 721276
linear-scan, 722170
-sort , 34274, 36
-merge, 19554, 36
-last , 893
read, 17, 171511808, 722517
network, 17, 197993

read-start, 18, 2915700736, 171511808, 15673904
circular-read-start, 4, 18, 350000000000, 15674250
circular-read-total, 4, 18, 350000000000, 702323, 721116
linear-scan, 722323
-sort , 30986, 32
-merge, 17206, 32
-last , 1206
read, 18, 171511808, 722670
network, 18, 195405

read-start, 19, 3087212544, 171511808, 16591984
circular-read-start, 4, 19, 350000000000, 16592330
circular-read-total, 4, 19, 350000000000, 702448, 721961
linear-scan, 723118
-sort , 26415, 27
-merge, 14966, 27
-last , 1156
read, 19, 171511808, 723465
network, 19, 195061

read-start, 20, 3258724352, 171511808, 17510513
circular-read-start, 4, 20, 350000000000, 17510859
circular-read-total, 4, 20, 350000000000, 702334, 721492
linear-scan, 722884
-sort , 18910, 19
-merge, 10573, 19
-last , 1390
read, 20, 171511808, 723229
network, 20, 194362

read-start, 21, 3430236160, 69763840, 18428112
circular-read-start, 4, 21, 350000000000, 18428256
circular-read-total, 4, 21, 350000000000, 702227, 721882
linear-scan, 722598
-sort , 5674, 15
-merge, 3440, 15
-last , 124
read, 21, 69763840, 722741
network, 21, 76754

exit, 19239058
