# Sun Sep 20 01:00:34 PDT 2015
memory, 32170233856
record-value, 112
seek-chunk, 171511808
file, 4, 3500000000

read-start, 1, 0, 171511808, 2282
circular-read-start, 4, 1, 350000000000, 3930
circular-read-total, 4, 1, 350000000000, 702923, 724332
linear-scan, 725462
-sort , 55702, 58
-merge, 32835, 58
-last , 1129
read, 1, 171511808, 727109
network, 1, 199315

read-start, 2, 171511808, 171511808, 928711
circular-read-start, 4, 2, 350000000000, 929052
circular-read-total, 4, 2, 350000000000, 702357, 723715
linear-scan, 725185
-sort , 55021, 57
-merge, 32224, 57
-last , 1468
read, 2, 171511808, 725526
network, 2, 207982

read-start, 3, 343023616, 171511808, 1862223
circular-read-start, 4, 3, 350000000000, 1862564
circular-read-total, 4, 3, 350000000000, 702452, 723694
linear-scan, 724304
-sort , 54354, 57
-merge, 32412, 57
-last , 609
read, 3, 171511808, 724646
network, 3, 194171

read-start, 4, 514535424, 171511808, 2781198
circular-read-start, 4, 4, 350000000000, 2781540
circular-read-total, 4, 4, 350000000000, 702583, 723841
linear-scan, 724651
-sort , 53638, 56
-merge, 32106, 56
-last , 809
read, 4, 171511808, 724993
network, 4, 198413

read-start, 5, 686047232, 171511808, 3704608
circular-read-start, 4, 5, 350000000000, 3704950
circular-read-total, 4, 5, 350000000000, 702675, 724074
linear-scan, 725025
-sort , 52918, 55
-merge, 31348, 55
-last , 950
read, 5, 171511808, 725367
network, 5, 194746

read-start, 6, 857559040, 171511808, 4624726
circular-read-start, 4, 6, 350000000000, 4625068
circular-read-total, 4, 6, 350000000000, 702447, 723919
linear-scan, 724960
-sort , 52165, 54
-merge, 30865, 54
-last , 1039
read, 6, 171511808, 725302
network, 6, 194424

read-start, 7, 1029070848, 171511808, 5544677
circular-read-start, 4, 7, 350000000000, 5545020
circular-read-total, 4, 7, 350000000000, 702784, 724331
linear-scan, 725425
-sort , 51461, 53
-merge, 30380, 53
-last , 1092
read, 7, 171511808, 725768
network, 7, 195312

read-start, 8, 1200582656, 171511808, 6465792
circular-read-start, 4, 8, 350000000000, 6466133
circular-read-total, 4, 8, 350000000000, 702465, 723873
linear-scan, 724918
-sort , 50223, 52
-merge, 29809, 52
-last , 1044
read, 8, 171511808, 725260
network, 8, 194540

read-start, 9, 1372094464, 171511808, 7385621
circular-read-start, 4, 9, 350000000000, 7385962
circular-read-total, 4, 9, 350000000000, 702453, 723765
linear-scan, 724679
-sort , 49141, 51
-merge, 29016, 51
-last , 913
read, 9, 171511808, 725021
network, 9, 195661

read-start, 10, 1543606272, 171511808, 8306309
circular-read-start, 4, 10, 350000000000, 8306659
circular-read-total, 4, 10, 350000000000, 702749, 724423
linear-scan, 725105
-sort , 48097, 50
-merge, 28558, 50
-last , 681
read, 10, 171511808, 725455
network, 10, 195080

read-start, 11, 1715118080, 171511808, 9226849
circular-read-start, 4, 11, 350000000000, 9227191
circular-read-total, 4, 11, 350000000000, 702656, 724066
linear-scan, 725488
-sort , 46980, 48
-merge, 27529, 48
-last , 1421
read, 11, 171511808, 725830
network, 11, 195176

read-start, 12, 1886629888, 171511808, 10147863
circular-read-start, 4, 12, 350000000000, 10148205
circular-read-total, 4, 12, 350000000000, 702471, 723949
linear-scan, 724853
-sort , 45367, 47
-merge, 26812, 47
-last , 902
read, 12, 171511808, 725195
network, 12, 194983

read-start, 13, 2058141696, 171511808, 11068045
circular-read-start, 4, 13, 350000000000, 11068390
circular-read-total, 4, 13, 350000000000, 702821, 724308
linear-scan, 725630
-sort , 44069, 45
-merge, 26009, 45
-last , 1321
read, 13, 171511808, 725976
network, 13, 195009

read-start, 14, 2229653504, 171511808, 11989075
circular-read-start, 4, 14, 350000000000, 11989416
circular-read-total, 4, 14, 350000000000, 702486, 723842
linear-scan, 724761
-sort , 42029, 44
-merge, 24746, 44
-last , 393
read, 14, 171511808, 725103
network, 14, 195185

read-start, 15, 2401165312, 171511808, 12909403
circular-read-start, 4, 15, 350000000000, 12909745
circular-read-total, 4, 15, 350000000000, 702760, 724473
linear-scan, 725854
-sort , 40412, 41
-merge, 23729, 41
-last , 1379
read, 15, 171511808, 726196
network, 15, 195463

read-start, 16, 2572677120, 171511808, 13831093
circular-read-start, 4, 16, 350000000000, 13831436
circular-read-total, 4, 16, 350000000000, 702491, 723941
linear-scan, 724811
-sort , 37986, 39
-merge, 22177, 39
-last , 868
read, 16, 171511808, 725153
network, 16, 195435

read-start, 17, 2744188928, 171511808, 14751712
circular-read-start, 4, 17, 350000000000, 14752054
circular-read-total, 4, 17, 350000000000, 702587, 724031
linear-scan, 724940
-sort , 35170, 36
-merge, 20545, 36
-last , 908
read, 17, 171511808, 725283
network, 17, 195373

read-start, 18, 2915700736, 171511808, 15672399
circular-read-start, 4, 18, 350000000000, 15672746
circular-read-total, 4, 18, 350000000000, 702286, 723501
linear-scan, 724708
-sort , 31605, 32
-merge, 18219, 32
-last , 1205
read, 18, 171511808, 725055
network, 18, 195358

read-start, 19, 3087212544, 171511808, 16592815
circular-read-start, 4, 19, 350000000000, 16593162
circular-read-total, 4, 19, 350000000000, 702583, 724079
linear-scan, 725252
-sort , 26963, 27
-merge, 15819, 27
-last , 1173
read, 19, 171511808, 725599
network, 19, 195512

read-start, 20, 3258724352, 171511808, 17513969
circular-read-start, 4, 20, 350000000000, 17514310
circular-read-total, 4, 20, 350000000000, 702372, 723716
linear-scan, 725121
-sort , 19382, 19
-merge, 11701, 19
-last , 1403
read, 20, 171511808, 725461
network, 20, 195038

read-start, 21, 3430236160, 69763840, 18434472
circular-read-start, 4, 21, 350000000000, 18434612
circular-read-total, 4, 21, 350000000000, 702292, 723402
linear-scan, 724104
-sort , 5655, 15
-merge, 3412, 15
-last , 123
read, 21, 69763840, 724244
network, 21, 77155

exit, 19237051
