# Fri Oct 23 01:54:37 PDT 2015
# 9, 500, 0, read
max-chunk, 3, 1, 168172393, 0
chunk-size, 168172393, 2727
disks, 8

size, 3, 2, 555555556, 0
size, 4, 1, 555555556, 0
size, 5, 1, 555555556, 0
size, 6, 1, 555555556, 0
size, 7, 1, 555555556, 0
size, 8, 1, 555555556, 0
size, 9, 1, 555555556, 0
size, 10, 1, 555555556, 0
size, 11, 1, 555555556, 0


read-start, 3, 1, 0, 168172393, 37
read-start, 4, 1, 0, 168172393, 37
read-start, 5, 1, 0, 168172393, 37
read-start, 6, 1, 0, 168172393, 37
read-start, 7, 1, 0, 168172393, 37
read-start, 8, 1, 0, 168172393, 37
read-start, 9, 1, 0, 168172393, 37
read-start, 10, 1, 0, 168172393, 37
read-start, 11, 1, 0, 168172393, 37
read-wait, 3, 1, 0
read, 3, 1, 0, 168172393, 117966
circular-read-start, 3, 1, 16817239300, 118004
read-wait, 4, 1, 118202
read, 4, 1, 0, 168172393, 118202
circular-read-start, 4, 1, 16817239300, 118240
read-wait, 5, 1, 118204
read, 5, 1, 0, 168172393, 118204
circular-read-start, 5, 1, 16817239300, 118242
read-wait, 6, 1, 118206
read, 6, 1, 0, 168172393, 118206
circular-read-start, 6, 1, 16817239300, 118243
read-wait, 7, 1, 118270
read, 7, 1, 0, 168172393, 118270
circular-read-start, 7, 1, 16817239300, 118308
read-wait, 8, 1, 118273
read, 8, 1, 0, 168172393, 118273
circular-read-start, 8, 1, 16817239300, 118310
read-wait, 9, 1, 118276
read, 9, 1, 0, 168172393, 118276
circular-read-start, 9, 1, 16817239300, 118314
read-wait, 10, 1, 118279
read, 10, 1, 0, 168172393, 118279
circular-read-start, 10, 1, 16817239300, 118316
read-wait, 11, 1, 118281
read, 11, 1, 0, 168172393, 118848
circular-read-start, 11, 1, 16817239300, 118886
read-start, 4, 2, 168172393, 168172393, 309642
circular-read-total, 4, 1, 16817239300, 67520, 191402
read-start, 6, 2, 168172393, 168172393, 309661
circular-read-total, 6, 1, 16817239300, 67084, 191417
read-start, 8, 2, 168172393, 168172393, 310036
circular-read-total, 8, 1, 16817239300, 62962, 191725
read-start, 5, 2, 168172393, 168172393, 310069
circular-read-total, 5, 1, 16817239300, 66741, 191826
read-start, 3, 2, 168172393, 168172393, 310079
circular-read-total, 3, 1, 16817239300, 61608, 192075
read-start, 10, 2, 168172393, 168172393, 310156
circular-read-total, 10, 1, 16817239300, 63467, 191839
read-start, 7, 2, 168172393, 168172393, 310197
circular-read-total, 7, 1, 16817239300, 66192, 191889
read-start, 9, 2, 168172393, 168172393, 310313
circular-read-total, 9, 1, 16817239300, 59789, 191999
read-wait, 5, 2, 1005
read-start, 11, 2, 168172393, 168172393, 311076
circular-read-total, 11, 1, 16817239300, 69905, 192190
read, 5, 2, 168172393, 168172393, 117736
circular-read-start, 5, 2, 16817239300, 427805
read-wait, 3, 2, 117864
read, 3, 2, 168172393, 168172393, 117864
circular-read-start, 3, 2, 16817239300, 427943
read-wait, 4, 2, 118306
read, 4, 2, 168172393, 168172393, 118306
circular-read-start, 4, 2, 16817239300, 427948
read-wait, 6, 2, 118302
read, 6, 2, 168172393, 168172393, 118302
circular-read-start, 6, 2, 16817239300, 427964
read-wait, 11, 2, 116890
read, 11, 2, 168172393, 168172393, 118498
circular-read-start, 11, 2, 16817239300, 429575
read-wait, 10, 2, 119600
read, 10, 2, 168172393, 168172393, 119600
circular-read-start, 10, 2, 16817239300, 429757
read-wait, 8, 2, 119728
read, 8, 2, 168172393, 168172393, 119728
circular-read-start, 8, 2, 16817239300, 429764
read-wait, 7, 2, 119571
read, 7, 2, 168172393, 168172393, 119571
circular-read-start, 7, 2, 16817239300, 429768
read-wait, 9, 2, 119460
read, 9, 2, 168172393, 168172393, 119460
circular-read-start, 9, 2, 16817239300, 429773
read-start, 3, 3, 336344786, 168172393, 619707
circular-read-total, 3, 2, 16817239300, 70108, 191764
read-start, 5, 3, 336344786, 168172393, 619804
circular-read-total, 5, 2, 16817239300, 63626, 191998
read-start, 4, 3, 336344786, 168172393, 619833
circular-read-total, 4, 2, 16817239300, 66520, 191884
read-start, 6, 3, 336344786, 168172393, 619862
circular-read-total, 6, 2, 16817239300, 59032, 191897
read-start, 8, 3, 336344786, 168172393, 621558
circular-read-total, 8, 2, 16817239300, 65492, 191794
read-start, 9, 3, 336344786, 168172393, 621657
circular-read-total, 9, 2, 16817239300, 63832, 191884
read-start, 10, 3, 336344786, 168172393, 621669
circular-read-total, 10, 2, 16817239300, 63830, 191912
read-start, 11, 3, 336344786, 168172393, 621704
circular-read-total, 11, 2, 16817239300, 71920, 192128
read-start, 7, 3, 336344786, 168172393, 621724
circular-read-total, 7, 2, 16817239300, 63344, 191955
read-wait, 3, 3, 2024
read, 3, 3, 336344786, 168172393, 117270
circular-read-start, 3, 3, 16817239300, 736978
read-wait, 5, 3, 117359
read, 5, 3, 336344786, 168172393, 117839
circular-read-start, 5, 3, 16817239300, 737644
read-wait, 11, 3, 116080
read, 11, 3, 336344786, 168172393, 118024
circular-read-start, 11, 3, 16817239300, 739729
read-wait, 6, 3, 120053
read, 6, 3, 336344786, 168172393, 120053
circular-read-start, 6, 3, 16817239300, 739915
read-wait, 4, 3, 120089
read, 4, 3, 336344786, 168172393, 120089
circular-read-start, 4, 3, 16817239300, 739922
read-wait, 8, 3, 118366
read, 8, 3, 336344786, 168172393, 118366
circular-read-start, 8, 3, 16817239300, 739925
read-wait, 10, 3, 118259
read, 10, 3, 336344786, 168172393, 118259
circular-read-start, 10, 3, 16817239300, 739928
read-wait, 7, 3, 118213
read, 7, 3, 336344786, 168172393, 118213
circular-read-start, 7, 3, 16817239300, 739938
read-wait, 9, 3, 118284
read, 9, 3, 336344786, 168172393, 118284
circular-read-start, 9, 3, 16817239300, 739941
read-start, 3, 4, 504517179, 51038377, 928598
circular-read-total, 3, 3, 16817239300, 32978, 191620
read-start, 5, 4, 504517179, 51038377, 929680
circular-read-total, 5, 3, 16817239300, 48743, 192036
read-start, 4, 4, 504517179, 51038377, 931438
circular-read-total, 4, 3, 16817239300, 70202, 191515
read-start, 6, 4, 504517179, 51038377, 931557
circular-read-total, 6, 3, 16817239300, 71800, 191641
read-start, 8, 4, 504517179, 51038377, 931727
circular-read-total, 8, 3, 16817239300, 62166, 191802
read-start, 7, 4, 504517179, 51038377, 931752
circular-read-total, 7, 3, 16817239300, 60041, 191814
read-start, 11, 4, 504517179, 51038377, 931865
circular-read-total, 11, 3, 16817239300, 63918, 192136
read-start, 10, 4, 504517179, 51038377, 931872
circular-read-total, 10, 3, 16817239300, 58969, 191943
read-start, 9, 4, 504517179, 51038377, 932030
circular-read-total, 9, 3, 16817239300, 71107, 192088
read-wait, 3, 4, 3457
read, 3, 4, 504517179, 51038377, 115982
circular-read-start, 3, 4, 5103837700, 1044580
read-wait, 8, 4, 113038
read, 8, 4, 504517179, 51038377, 116019
circular-read-start, 8, 4, 5103837700, 1047746
read-wait, 5, 4, 118201
read, 5, 4, 504517179, 51038377, 118201
circular-read-start, 5, 4, 5103837700, 1047882
read-wait, 6, 4, 116326
read, 6, 4, 504517179, 51038377, 116809
circular-read-start, 6, 4, 5103837700, 1048367
read-wait, 9, 4, 116485
read, 9, 4, 504517179, 51038377, 116485
circular-read-start, 9, 4, 5103837700, 1048516
read-wait, 11, 4, 116652
read, 11, 4, 504517179, 51038377, 117556
circular-read-start, 11, 4, 5103837700, 1049422
read-wait, 7, 4, 117856
read, 7, 4, 504517179, 51038377, 117856
circular-read-start, 7, 4, 5103837700, 1049608
read-wait, 10, 4, 117739
read, 10, 4, 504517179, 51038377, 117739
circular-read-start, 10, 4, 5103837700, 1049611
read-wait, 4, 4, 118175
read, 4, 4, 504517179, 51038377, 118175
circular-read-start, 4, 4, 5103837700, 1049613
circular-read-total, 3, 4, 5103837700, 4136, 55596
circular-read-total, 8, 4, 5103837700, 17502, 55462
circular-read-total, 5, 4, 5103837700, 18340, 55329
circular-read-total, 6, 4, 5103837700, 19220, 55451
circular-read-total, 9, 4, 5103837700, 18710, 55343
circular-read-total, 10, 4, 5103837700, 18153, 55317
circular-read-total, 7, 4, 5103837700, 20507, 55353
circular-read-total, 11, 4, 5103837700, 18515, 55559
circular-read-total, 4, 4, 5103837700, 21449, 55389

cmd-read, 1105213
# Fri Oct 23 09:16:51 PDT 2015
# 6, 500, 0, read
max-chunk, 3, 1, 168172393, 0
chunk-size, 168172393, 4091
disks, 8

size, 3, 2, 833333333, 0
size, 4, 1, 833333333, 0
size, 5, 1, 833333333, 0
size, 6, 1, 833333333, 0
size, 7, 1, 833333333, 0
size, 8, 1, 833333333, 0


read-start, 3, 1, 0, 168172393, 20
read-start, 4, 1, 0, 168172393, 20
read-start, 5, 1, 0, 168172393, 20
read-start, 6, 1, 0, 168172393, 20
read-start, 7, 1, 0, 168172393, 20
read-start, 8, 1, 0, 168172393, 20
read-wait, 3, 1, 0
read, 3, 1, 0, 168172393, 175395
circular-read-start, 3, 1, 16817239300, 175416
read-wait, 4, 1, 175582
read, 4, 1, 0, 168172393, 175582
circular-read-start, 4, 1, 16817239300, 175602
read-wait, 5, 1, 175584
read, 5, 1, 0, 168172393, 175584
circular-read-start, 5, 1, 16817239300, 175605
read-wait, 6, 1, 175588
read, 6, 1, 0, 168172393, 175588
circular-read-start, 6, 1, 16817239300, 175608
read-wait, 7, 1, 175591
read, 7, 1, 0, 168172393, 176244
circular-read-start, 7, 1, 16817239300, 176265
read-wait, 8, 1, 176430
read, 8, 1, 0, 168172393, 176692
circular-read-start, 8, 1, 16817239300, 176713
read-start, 4, 2, 168172393, 168172393, 366795
circular-read-total, 4, 1, 16817239300, 98856, 191192
read-start, 6, 2, 168172393, 168172393, 367095
circular-read-total, 6, 1, 16817239300, 90842, 191486
read-start, 3, 2, 168172393, 168172393, 367180
circular-read-total, 3, 1, 16817239300, 91702, 191763
read-start, 5, 2, 168172393, 168172393, 367247
circular-read-total, 5, 1, 16817239300, 105560, 191642
read-start, 7, 2, 168172393, 168172393, 367873
circular-read-total, 7, 1, 16817239300, 103635, 191607
read-wait, 3, 2, 1497
read-start, 8, 2, 168172393, 168172393, 368678
circular-read-total, 8, 1, 16817239300, 81468, 191964
read, 3, 2, 168172393, 168172393, 174126
circular-read-start, 3, 2, 16817239300, 541306
read-wait, 8, 2, 172783
read, 8, 2, 168172393, 168172393, 174973
circular-read-start, 8, 2, 16817239300, 543651
read-wait, 5, 2, 176590
read, 5, 2, 168172393, 168172393, 176590
circular-read-start, 5, 2, 16817239300, 543837
read-wait, 4, 2, 177045
read, 4, 2, 168172393, 168172393, 177045
circular-read-start, 4, 2, 16817239300, 543840
read-wait, 7, 2, 175973
read, 7, 2, 168172393, 168172393, 175973
circular-read-start, 7, 2, 16817239300, 543846
read-wait, 6, 2, 176756
read, 6, 2, 168172393, 168172393, 176756
circular-read-start, 6, 2, 16817239300, 543851
read-start, 3, 3, 336344786, 168172393, 733196
circular-read-total, 3, 2, 16817239300, 78675, 191889
read-start, 5, 3, 336344786, 168172393, 735223
circular-read-total, 5, 2, 16817239300, 87065, 191386
read-start, 7, 3, 336344786, 168172393, 735276
circular-read-total, 7, 2, 16817239300, 100240, 191429
read-start, 4, 3, 336344786, 168172393, 735336
circular-read-total, 4, 2, 16817239300, 91144, 191495
read-start, 6, 3, 336344786, 168172393, 735357
circular-read-total, 6, 2, 16817239300, 84112, 191506
read-start, 8, 3, 336344786, 168172393, 735575
circular-read-total, 8, 2, 16817239300, 85340, 191923
read-wait, 3, 3, 2397
read, 3, 3, 336344786, 168172393, 174099
circular-read-start, 3, 3, 16817239300, 907296
read-wait, 5, 3, 172224
read, 5, 3, 336344786, 168172393, 173481
circular-read-start, 5, 3, 16817239300, 908705
read-wait, 4, 3, 173511
read, 4, 3, 336344786, 168172393, 173822
circular-read-start, 4, 3, 16817239300, 909159
read-wait, 8, 3, 173727
read, 8, 3, 336344786, 168172393, 175014
circular-read-start, 8, 3, 16817239300, 910590
read-wait, 7, 3, 175499
read, 7, 3, 336344786, 168172393, 175499
circular-read-start, 7, 3, 16817239300, 910776
read-wait, 6, 3, 175425
read, 6, 3, 336344786, 168172393, 175425
circular-read-start, 6, 3, 16817239300, 910783
read-start, 3, 4, 504517179, 168172393, 1098911
circular-read-total, 3, 3, 16817239300, 79172, 191615
read-start, 5, 4, 504517179, 168172393, 1100336
circular-read-total, 5, 3, 16817239300, 109499, 191631
read-start, 4, 4, 504517179, 168172393, 1100690
circular-read-total, 4, 3, 16817239300, 93471, 191531
read-start, 7, 4, 504517179, 168172393, 1102153
circular-read-total, 7, 3, 16817239300, 112050, 191376
read-start, 6, 4, 504517179, 168172393, 1102537
circular-read-total, 6, 3, 16817239300, 88224, 191754
read-wait, 3, 4, 3657
read-start, 8, 4, 504517179, 168172393, 1102587
circular-read-total, 8, 3, 16817239300, 75661, 191997
read, 3, 4, 504517179, 168172393, 173648
circular-read-start, 3, 4, 16817239300, 1272559
read-wait, 5, 4, 172385
read, 5, 4, 504517179, 168172393, 173571
circular-read-start, 5, 4, 16817239300, 1273908
read-wait, 8, 4, 171456
read, 8, 4, 504517179, 168172393, 175115
circular-read-start, 8, 4, 16817239300, 1277703
read-wait, 4, 4, 177199
read, 4, 4, 504517179, 168172393, 177199
circular-read-start, 4, 4, 16817239300, 1277890
read-wait, 6, 4, 175359
read, 6, 4, 504517179, 168172393, 175359
circular-read-start, 6, 4, 16817239300, 1277897
read-wait, 7, 4, 175747
read, 7, 4, 504517179, 168172393, 175747
circular-read-start, 7, 4, 16817239300, 1277900
read-start, 3, 5, 672689572, 160643761, 1463360
circular-read-total, 3, 4, 16817239300, 25905, 190803
read-start, 5, 5, 672689572, 160643761, 1465168
circular-read-total, 5, 4, 16817239300, 72247, 191260
read-start, 4, 5, 672689572, 160643761, 1469452
circular-read-total, 4, 4, 16817239300, 84131, 191562
read-start, 8, 5, 672689572, 160643761, 1469576
circular-read-total, 8, 4, 16817239300, 75069, 191872
read-start, 7, 5, 672689572, 160643761, 1469604
circular-read-total, 7, 4, 16817239300, 78543, 191703
read-start, 6, 5, 672689572, 160643761, 1469902
circular-read-total, 6, 4, 16817239300, 79821, 192004
read-wait, 3, 5, 6557
read, 3, 5, 672689572, 160643761, 178055
circular-read-start, 3, 5, 16064376100, 1641416
read-wait, 4, 5, 172122
read, 4, 5, 672689572, 160643761, 174177
circular-read-start, 4, 5, 16064376100, 1643630
read-wait, 6, 5, 173866
read, 6, 5, 672689572, 160643761, 173866
circular-read-start, 6, 5, 16064376100, 1643768
read-wait, 5, 5, 178684
read, 5, 5, 672689572, 160643761, 178684
circular-read-start, 5, 5, 16064376100, 1643853
read-wait, 7, 5, 174251
read, 7, 5, 672689572, 160643761, 175445
circular-read-start, 7, 5, 16064376100, 1645049
read-wait, 8, 5, 175628
read, 8, 5, 672689572, 160643761, 175628
circular-read-start, 8, 5, 16064376100, 1645204
circular-read-total, 3, 5, 16064376100, 71802, 182893
circular-read-total, 4, 5, 16064376100, 85897, 182879
circular-read-total, 5, 5, 16064376100, 87986, 182745
circular-read-total, 6, 5, 16064376100, 86527, 182947
circular-read-total, 7, 5, 16064376100, 84899, 183042
circular-read-total, 8, 5, 16064376100, 68993, 183038

cmd-read, 1828459
# Fri Oct 23 10:07:53 PDT 2015
# 3, 500, 0, read
max-chunk, 3, 1, 168172393, 0
chunk-size, 168172393, 8183
disks, 8

size, 3, 2, 1666666667, 0
size, 4, 1, 1666666667, 0
size, 5, 1, 1666666667, 0


read-start, 3, 1, 0, 168172393, 13
read-start, 4, 1, 0, 168172393, 13
read-start, 5, 1, 0, 168172393, 13
read-wait, 3, 1, 0
read, 3, 1, 0, 168172393, 347478
circular-read-start, 3, 1, 16817239300, 347491
read-wait, 4, 1, 347645
read, 4, 1, 0, 168172393, 347645
circular-read-start, 4, 1, 16817239300, 347658
read-wait, 5, 1, 347647
read, 5, 1, 0, 168172393, 349579
circular-read-start, 5, 1, 16817239300, 349592
read-start, 4, 2, 168172393, 168172393, 539300
circular-read-total, 4, 1, 16817239300, 106590, 191641
read-start, 3, 2, 168172393, 168172393, 539503
circular-read-total, 3, 1, 16817239300, 86209, 192011
read-wait, 3, 2, 2050
read-start, 5, 2, 168172393, 168172393, 541557
circular-read-total, 5, 1, 16817239300, 90750, 191965
read, 3, 2, 168172393, 168172393, 346094
circular-read-start, 3, 2, 16817239300, 885598
read-wait, 4, 2, 346438
read, 4, 2, 168172393, 168172393, 346438
circular-read-start, 4, 2, 16817239300, 885738
read-wait, 5, 2, 344182
read, 5, 2, 168172393, 168172393, 348067
circular-read-start, 5, 2, 16817239300, 889625
read-start, 4, 3, 336344786, 168172393, 1077245
circular-read-total, 4, 2, 16817239300, 96539, 191507
read-start, 3, 3, 336344786, 168172393, 1077617
circular-read-total, 3, 2, 16817239300, 84938, 192018
read-wait, 3, 3, 4013
read-start, 5, 3, 336344786, 168172393, 1081852
circular-read-total, 5, 2, 16817239300, 85472, 192227
read, 3, 3, 336344786, 168172393, 346557
circular-read-start, 3, 3, 16817239300, 1424174
read-wait, 5, 3, 342462
read, 5, 3, 336344786, 168172393, 348665
circular-read-start, 5, 3, 16817239300, 1430518
read-wait, 4, 3, 353461
read, 4, 3, 336344786, 168172393, 353461
circular-read-start, 4, 3, 16817239300, 1430707
read-start, 3, 4, 504517179, 168172393, 1616225
circular-read-total, 3, 3, 16817239300, 68624, 192050
read-start, 4, 4, 504517179, 168172393, 1622270
circular-read-total, 4, 3, 16817239300, 91538, 191563
read-wait, 3, 4, 6214
read-start, 5, 4, 504517179, 168172393, 1622441
circular-read-total, 5, 3, 16817239300, 94824, 191923
read, 3, 4, 504517179, 168172393, 346567
circular-read-start, 3, 4, 16817239300, 1962793
read-wait, 5, 4, 340496
read, 5, 4, 504517179, 168172393, 348516
circular-read-start, 5, 4, 16817239300, 1970958
read-wait, 4, 4, 348873
read, 4, 4, 504517179, 168172393, 348873
circular-read-start, 4, 4, 16817239300, 1971144
read-start, 3, 5, 672689572, 168172393, 2154098
circular-read-total, 3, 4, 16817239300, 49241, 191305
read-start, 4, 5, 672689572, 168172393, 2162690
circular-read-total, 4, 4, 16817239300, 93505, 191545
read-start, 5, 5, 672689572, 168172393, 2162794
circular-read-total, 5, 4, 16817239300, 99098, 191836
read-wait, 3, 5, 8697
read, 3, 5, 672689572, 168172393, 346579
circular-read-start, 3, 5, 16817239300, 2500678
read-wait, 4, 5, 338131
read, 4, 5, 672689572, 168172393, 346109
circular-read-start, 4, 5, 16817239300, 2508799
read-wait, 5, 5, 346154
read, 5, 5, 672689572, 168172393, 348274
circular-read-start, 5, 5, 16817239300, 2511069
read-start, 3, 6, 840861965, 168172393, 2692073
circular-read-total, 3, 5, 16817239300, 68857, 191395
read-start, 4, 6, 840861965, 168172393, 2700724
circular-read-total, 4, 5, 16817239300, 84211, 191924
read-wait, 3, 6, 10910
read-start, 5, 6, 840861965, 168172393, 2703023
circular-read-total, 5, 5, 16817239300, 84598, 191953
read, 3, 6, 840861965, 168172393, 346210
circular-read-start, 3, 6, 16817239300, 3038283
read-wait, 4, 6, 337700
read, 4, 6, 840861965, 168172393, 345466
circular-read-start, 4, 6, 16817239300, 3046191
read-wait, 5, 6, 343324
read, 5, 6, 840861965, 168172393, 347947
circular-read-start, 5, 6, 16817239300, 3050971
read-start, 3, 7, 1009034358, 168172393, 3231664
circular-read-total, 3, 6, 16817239300, 33696, 193380
read-start, 4, 7, 1009034358, 168172393, 3237748
circular-read-total, 4, 6, 16817239300, 109188, 191557
read-wait, 3, 7, 11056
read-start, 5, 7, 1009034358, 168172393, 3242766
circular-read-total, 5, 6, 16817239300, 96113, 191795
read, 3, 7, 1009034358, 168172393, 346572
circular-read-start, 3, 7, 16817239300, 3578237
read-wait, 4, 7, 340631
read, 4, 7, 1009034358, 168172393, 345891
circular-read-start, 4, 7, 16817239300, 3583640
read-wait, 5, 7, 341028
read, 5, 7, 1009034358, 168172393, 348143
circular-read-start, 5, 7, 16817239300, 3590910
read-start, 3, 8, 1177206751, 168172393, 3772123
circular-read-total, 3, 7, 16817239300, 30781, 193886
read-start, 4, 8, 1177206751, 168172393, 3775322
circular-read-total, 4, 7, 16817239300, 91438, 191681
read-start, 5, 8, 1177206751, 168172393, 3782780
circular-read-total, 5, 7, 16817239300, 94633, 191870
read-wait, 3, 8, 10658
read, 3, 8, 1177206751, 168172393, 346519
circular-read-start, 3, 8, 16817239300, 4118643
read-wait, 5, 8, 336003
read, 5, 8, 1177206751, 168172393, 347593
circular-read-start, 5, 8, 16817239300, 4130374
read-wait, 4, 8, 355236
read, 4, 8, 1177206751, 168172393, 355236
circular-read-start, 4, 8, 16817239300, 4130559
read-start, 3, 9, 1345379144, 168172393, 4312210
circular-read-total, 3, 8, 16817239300, 45605, 193567
read-start, 4, 9, 1345379144, 168172393, 4322076
circular-read-total, 4, 8, 16817239300, 97033, 191517
read-wait, 3, 9, 9954
read-start, 5, 9, 1345379144, 168172393, 4322199
circular-read-total, 5, 8, 16817239300, 90003, 191824
read, 3, 9, 1345379144, 168172393, 346116
circular-read-start, 3, 9, 16817239300, 4658327
read-wait, 4, 9, 336390
read, 4, 9, 1345379144, 168172393, 345542
circular-read-start, 4, 9, 16817239300, 4667619
read-wait, 5, 9, 345581
read, 5, 9, 1345379144, 168172393, 347649
circular-read-start, 5, 9, 16817239300, 4669849
read-start, 3, 10, 1513551537, 153115130, 4849550
circular-read-total, 3, 9, 16817239300, 75030, 191222
read-start, 4, 10, 1513551537, 153115130, 4859484
circular-read-total, 4, 9, 16817239300, 76136, 191865
read-start, 5, 10, 1513551537, 153115130, 4861991
circular-read-total, 5, 9, 16817239300, 82877, 192142
read-wait, 3, 10, 12442
read, 3, 10, 1513551537, 153115130, 346409
circular-read-start, 3, 10, 15311513000, 5195959
read-wait, 4, 10, 336610
read, 4, 10, 1513551537, 153115130, 346022
circular-read-start, 4, 10, 15311513000, 5205507
read-wait, 5, 10, 343674
read, 5, 10, 1513551537, 153115130, 347935
circular-read-start, 5, 10, 15311513000, 5209927
circular-read-total, 3, 10, 15311513000, 57975, 178392
circular-read-total, 4, 10, 15311513000, 72117, 174487
circular-read-total, 5, 10, 15311513000, 81257, 174336

cmd-read, 5384427
