# Mon Sep 21 03:00:42 PDT 2015
# 6, 571.43, 0, read
max-chunk, 3, 1, 707645831, 0
chunk-size, 707645831, 3514
disks, 8

size, 3, 2, 5714300000, 0
size, 4, 1, 5714300000, 0
size, 5, 1, 5714300000, 0
size, 6, 1, 5714300000, 0
size, 7, 1, 5714300000, 0
size, 8, 1, 5714300000, 0
size, 9, 1, 5714300000, 0


read-start, 3, 1, 0, 707645831, 25
read-start, 4, 1, 0, 707645831, 25
read-start, 5, 1, 0, 707645831, 25
read-start, 6, 1, 0, 707645831, 25
read-start, 7, 1, 0, 707645831, 25
read-start, 8, 1, 0, 707645831, 25
read-start, 9, 1, 0, 707645831, 25
read-wait, 3, 1, 0
read, 3, 1, 0, 707645831, 365519
circular-read-start, 3, 1, 70764583100, 365544
read-wait, 4, 1, 365642
read, 4, 1, 0, 707645831, 365642
circular-read-start, 4, 1, 70764583100, 365667
read-wait, 5, 1, 365644
read, 5, 1, 0, 707645831, 365644
circular-read-start, 5, 1, 70764583100, 365669
read-wait, 6, 1, 365646
read, 6, 1, 0, 707645831, 365646
circular-read-start, 6, 1, 70764583100, 365671
read-wait, 7, 1, 365648
read, 7, 1, 0, 707645831, 365648
circular-read-start, 7, 1, 70764583100, 365673
read-wait, 8, 1, 365650
read, 8, 1, 0, 707645831, 365650
circular-read-start, 8, 1, 70764583100, 365675
read-wait, 9, 1, 365652
read, 9, 1, 0, 707645831, 365652
circular-read-start, 9, 1, 70764583100, 365677
read-start, 4, 2, 707645831, 707645831, 735321
circular-read-total, 4, 1, 70764583100, 18252, 369664
read-start, 6, 2, 707645831, 707645831, 763881
circular-read-total, 6, 1, 70764583100, 88803, 398209
read-start, 8, 2, 707645831, 707645831, 764213
circular-read-total, 8, 1, 70764583100, 86894, 398542
read-start, 5, 2, 707645831, 707645831, 766549
circular-read-total, 5, 1, 70764583100, 83671, 400880
read-start, 3, 2, 707645831, 707645831, 766793
circular-read-total, 3, 1, 70764583100, 89012, 401248
read-start, 7, 2, 707645831, 707645831, 768277
circular-read-total, 7, 1, 70764583100, 79171, 402604
read-start, 9, 2, 707645831, 707645831, 768538
circular-read-total, 9, 1, 70764583100, 81333, 402863
read-wait, 8, 2, 8045
read, 8, 2, 707645831, 707645831, 366157
circular-read-start, 8, 2, 70764583100, 1130370
read-wait, 6, 2, 366642
read, 6, 2, 707645831, 707645831, 366642
circular-read-start, 6, 2, 70764583100, 1130523
read-wait, 4, 2, 395211
read, 4, 2, 707645831, 707645831, 395211
circular-read-start, 4, 2, 70764583100, 1130532
read-wait, 9, 2, 362006
read, 9, 2, 707645831, 707645831, 383067
circular-read-start, 9, 2, 70764583100, 1151605
read-wait, 3, 2, 384921
read, 3, 2, 707645831, 707645831, 384921
circular-read-start, 3, 2, 70764583100, 1151715
read-wait, 7, 2, 383439
read, 7, 2, 707645831, 707645831, 383439
circular-read-start, 7, 2, 70764583100, 1151717
read-wait, 5, 2, 385176
read, 5, 2, 707645831, 707645831, 385176
circular-read-start, 5, 2, 70764583100, 1151726
read-start, 4, 3, 1415291662, 707645831, 1532292
circular-read-total, 4, 2, 70764583100, 9163, 401769
read-start, 8, 3, 1415291662, 707645831, 1546260
circular-read-total, 8, 2, 70764583100, 75398, 415897
read-start, 6, 3, 1415291662, 707645831, 1549362
circular-read-total, 6, 2, 70764583100, 65823, 418839
read-start, 3, 3, 1415291662, 707645831, 1549724
circular-read-total, 3, 2, 70764583100, 71902, 398009
read-start, 5, 3, 1415291662, 707645831, 1557849
circular-read-total, 5, 2, 70764583100, 67278, 406127
read-start, 7, 3, 1415291662, 707645831, 1560382
circular-read-total, 7, 2, 70764583100, 70998, 408667
read-start, 9, 3, 1415291662, 707645831, 1560648
circular-read-total, 9, 2, 70764583100, 72161, 409045
read-wait, 8, 3, 20542
read, 8, 3, 1415291662, 707645831, 340603
circular-read-start, 8, 3, 70764583100, 1886864
read-wait, 4, 3, 354677
read, 4, 3, 1415291662, 707645831, 354677
circular-read-start, 4, 3, 70764583100, 1886970
read-wait, 9, 3, 326332
read, 9, 3, 1415291662, 707645831, 365568
circular-read-start, 9, 3, 70764583100, 1926216
read-wait, 3, 3, 376645
read, 3, 3, 1415291662, 707645831, 376645
circular-read-start, 3, 3, 70764583100, 1926370
read-wait, 6, 3, 377011
read, 6, 3, 1415291662, 707645831, 377011
circular-read-start, 6, 3, 70764583100, 1926374
read-wait, 7, 3, 366037
read, 7, 3, 1415291662, 707645831, 366037
circular-read-start, 7, 3, 70764583100, 1926420
read-wait, 5, 3, 368573
read, 5, 3, 1415291662, 707645831, 368573
circular-read-start, 5, 3, 70764583100, 1926422
read-start, 4, 4, 2122937493, 707645831, 2300128
circular-read-total, 4, 3, 70764583100, 6368, 413168
read-start, 8, 4, 2122937493, 707645831, 2324164
circular-read-total, 8, 3, 70764583100, 89647, 437300
read-start, 6, 4, 2122937493, 707645831, 2325460
circular-read-total, 6, 3, 70764583100, 83085, 399085
read-start, 3, 4, 2122937493, 707645831, 2326335
circular-read-total, 3, 3, 70764583100, 98422, 399965
read-start, 5, 4, 2122937493, 707645831, 2327390
circular-read-total, 5, 3, 70764583100, 79909, 400968
read-start, 7, 4, 2122937493, 707645831, 2328088
circular-read-total, 7, 3, 70764583100, 80271, 401668
read-start, 9, 4, 2122937493, 707645831, 2328136
circular-read-total, 9, 3, 70764583100, 80185, 401919
read-wait, 8, 4, 7014
read, 8, 4, 2122937493, 707645831, 347729
circular-read-start, 8, 4, 70764583100, 2671894
read-wait, 4, 4, 371924
read, 4, 4, 2122937493, 707645831, 371924
circular-read-start, 4, 4, 70764583100, 2672052
read-wait, 3, 4, 345719
read, 3, 4, 2122937493, 707645831, 345719
circular-read-start, 3, 4, 70764583100, 2672055
read-wait, 9, 4, 343930
read, 9, 4, 2122937493, 707645831, 361878
circular-read-start, 9, 4, 70764583100, 2690015
read-wait, 6, 4, 364732
read, 6, 4, 2122937493, 707645831, 364732
circular-read-start, 6, 4, 70764583100, 2690192
read-wait, 7, 4, 362132
read, 7, 4, 2122937493, 707645831, 362132
circular-read-start, 7, 4, 70764583100, 2690220
read-wait, 5, 4, 362840
read, 5, 4, 2122937493, 707645831, 362840
circular-read-start, 5, 4, 70764583100, 2690230
read-start, 4, 5, 2830583324, 707645831, 3061715
circular-read-total, 4, 4, 70764583100, 7504, 389688
read-start, 8, 5, 2830583324, 707645831, 3088645
circular-read-total, 8, 4, 70764583100, 80231, 416750
read-start, 6, 5, 2830583324, 707645831, 3089944
circular-read-total, 6, 4, 70764583100, 92120, 399752
read-start, 5, 5, 2830583324, 707645831, 3090165
circular-read-total, 5, 4, 70764583100, 80955, 399934
read-start, 3, 5, 2830583324, 707645831, 3090363
circular-read-total, 3, 4, 70764583100, 86585, 418308
read-start, 7, 5, 2830583324, 707645831, 3092052
circular-read-total, 7, 4, 70764583100, 82830, 401834
read-start, 9, 5, 2830583324, 707645831, 3092081
circular-read-total, 9, 4, 70764583100, 84885, 402066
read-wait, 8, 5, 7198
read, 8, 5, 2830583324, 707645831, 323165
circular-read-start, 8, 5, 70764583100, 3411810
read-wait, 4, 5, 350213
read, 4, 5, 2830583324, 707645831, 350213
circular-read-start, 4, 5, 70764583100, 3411928
read-wait, 9, 5, 319854
read, 9, 5, 2830583324, 707645831, 333520
circular-read-start, 9, 5, 70764583100, 3425602
read-wait, 6, 5, 335761
read, 6, 5, 2830583324, 707645831, 335761
circular-read-start, 6, 5, 70764583100, 3425706
read-wait, 3, 5, 335347
read, 3, 5, 2830583324, 707645831, 335347
circular-read-start, 3, 5, 70764583100, 3425710
read-wait, 5, 5, 335575
read, 5, 5, 2830583324, 707645831, 335575
circular-read-start, 5, 5, 70764583100, 3425740
read-wait, 7, 5, 333698
read, 7, 5, 2830583324, 707645831, 333698
circular-read-start, 7, 5, 70764583100, 3425751
read-start, 4, 6, 3538229155, 707645831, 3808847
circular-read-total, 4, 5, 70764583100, 9075, 396931
read-start, 6, 6, 3538229155, 707645831, 3823781
circular-read-total, 6, 5, 70764583100, 67498, 398075
read-start, 8, 6, 3538229155, 707645831, 3825578
circular-read-total, 8, 5, 70764583100, 66148, 413776
read-start, 5, 6, 3538229155, 707645831, 3830629
circular-read-total, 5, 5, 70764583100, 67134, 404893
read-start, 3, 6, 3538229155, 707645831, 3831505
circular-read-total, 3, 5, 70764583100, 71420, 405804
read-start, 9, 6, 3538229155, 707645831, 3836105
circular-read-total, 9, 5, 70764583100, 70018, 410502
read-start, 7, 6, 3538229155, 707645831, 3837525
circular-read-total, 7, 5, 70764583100, 76845, 411774
read-wait, 6, 6, 20893
read, 6, 6, 3538229155, 707645831, 310371
circular-read-start, 6, 6, 70764583100, 4134152
read-wait, 8, 6, 308675
read, 8, 6, 3538229155, 707645831, 320894
circular-read-start, 8, 6, 70764583100, 4146472
read-wait, 4, 6, 337780
read, 4, 6, 3538229155, 707645831, 337780
circular-read-start, 4, 6, 70764583100, 4146628
read-wait, 3, 6, 315134
read, 3, 6, 3538229155, 707645831, 320798
circular-read-start, 3, 6, 70764583100, 4152303
read-wait, 9, 6, 316298
read, 9, 6, 3538229155, 707645831, 324957
circular-read-start, 9, 6, 70764583100, 4161062
read-wait, 5, 6, 330551
read, 5, 6, 3538229155, 707645831, 330551
circular-read-start, 5, 6, 70764583100, 4161181
read-wait, 7, 6, 323685
read, 7, 6, 3538229155, 707645831, 323685
circular-read-start, 7, 6, 70764583100, 4161211
read-start, 4, 7, 4245874986, 707645831, 4530805
circular-read-total, 4, 6, 70764583100, 7000, 384187
read-start, 6, 7, 4245874986, 707645831, 4558892
circular-read-total, 6, 6, 70764583100, 89116, 424739
read-start, 3, 7, 4245874986, 707645831, 4559717
circular-read-total, 3, 6, 70764583100, 85243, 407413
read-start, 8, 7, 4245874986, 707645831, 4560504
circular-read-total, 8, 6, 70764583100, 83304, 414032
read-start, 5, 7, 4245874986, 707645831, 4561231
circular-read-total, 5, 6, 70764583100, 81205, 400050
read-start, 9, 7, 4245874986, 707645831, 4562134
circular-read-total, 9, 6, 70764583100, 82887, 401071
read-start, 7, 7, 4245874986, 707645831, 4562445
circular-read-total, 7, 6, 70764583100, 83310, 401234
read-wait, 6, 7, 6867
read, 6, 7, 4245874986, 707645831, 310787
circular-read-start, 6, 7, 70764583100, 4869679
read-wait, 8, 7, 309281
read, 8, 7, 4245874986, 707645831, 317784
circular-read-start, 8, 7, 70764583100, 4878289
read-wait, 3, 7, 318670
read, 3, 7, 4245874986, 707645831, 318670
circular-read-start, 3, 7, 70764583100, 4878387
read-wait, 4, 7, 347586
read, 4, 7, 4245874986, 707645831, 347586
circular-read-start, 4, 7, 70764583100, 4878392
read-wait, 9, 7, 316263
read, 9, 7, 4245874986, 707645831, 323565
circular-read-start, 9, 7, 70764583100, 4885700
read-wait, 5, 7, 324663
read, 5, 7, 4245874986, 707645831, 324663
circular-read-start, 5, 7, 70764583100, 4885895
read-wait, 7, 7, 323463
read, 7, 7, 4245874986, 707645831, 323463
circular-read-start, 7, 7, 70764583100, 4885908
read-start, 4, 8, 4953520817, 707645831, 5257716
circular-read-total, 4, 7, 70764583100, 7421, 379335
read-start, 6, 8, 4953520817, 707645831, 5281655
circular-read-total, 6, 7, 70764583100, 82585, 411976
read-start, 3, 8, 4953520817, 707645831, 5284818
circular-read-total, 3, 7, 70764583100, 89954, 406431
read-start, 8, 8, 4953520817, 707645831, 5285095
circular-read-total, 8, 7, 70764583100, 82061, 406806
read-start, 5, 8, 4953520817, 707645831, 5285805
circular-read-total, 5, 7, 70764583100, 80282, 399914
read-start, 7, 8, 4953520817, 707645831, 5286840
circular-read-total, 7, 7, 70764583100, 82349, 400931
read-start, 9, 8, 4953520817, 707645831, 5286948
circular-read-total, 9, 7, 70764583100, 77508, 401248
read-wait, 6, 8, 8669
read, 6, 8, 4953520817, 707645831, 311906
circular-read-start, 6, 8, 70764583100, 5593562
read-wait, 4, 8, 336002
read, 4, 8, 4953520817, 707645831, 336002
circular-read-start, 4, 8, 70764583100, 5593718
read-wait, 3, 8, 308912
read, 3, 8, 4953520817, 707645831, 311661
circular-read-start, 3, 8, 70764583100, 5596480
read-wait, 9, 8, 309682
read, 9, 8, 4953520817, 707645831, 316868
circular-read-start, 9, 8, 70764583100, 5603816
read-wait, 5, 8, 318168
read, 5, 8, 4953520817, 707645831, 318168
circular-read-start, 5, 8, 70764583100, 5603973
read-wait, 8, 8, 318880
read, 8, 8, 4953520817, 707645831, 318880
circular-read-start, 8, 8, 70764583100, 5603976
read-wait, 7, 8, 317144
read, 7, 8, 4953520817, 707645831, 317144
circular-read-start, 7, 8, 70764583100, 5603985
read-start, 4, 9, 5661166648, 53133352, 5975367
circular-read-total, 4, 8, 70764583100, 7610, 381658
read-start, 6, 9, 5661166648, 53133352, 6002812
circular-read-total, 6, 8, 70764583100, 88451, 409250
read-start, 5, 9, 5661166648, 53133352, 6003724
circular-read-total, 5, 8, 70764583100, 89285, 399751
read-start, 3, 9, 5661166648, 53133352, 6004447
circular-read-total, 3, 8, 70764583100, 91173, 407967
read-start, 8, 9, 5661166648, 53133352, 6004524
circular-read-total, 8, 8, 70764583100, 85292, 400549
read-start, 7, 9, 5661166648, 53133352, 6004806
read-start, 9, 9, 5661166648, 53133352, 6004806
circular-read-total, 9, 8, 70764583100, 80919, 400990
circular-read-total, 7, 8, 70764583100, 82032, 400821
read-wait, 6, 9, 4259
read, 6, 9, 5661166648, 53133352, 311113
circular-read-start, 6, 9, 5313335200, 6313926
read-wait, 3, 9, 309578
read, 3, 9, 5661166648, 53133352, 309578
circular-read-start, 3, 9, 5313335200, 6314026
read-wait, 4, 9, 338665
read, 4, 9, 5661166648, 53133352, 338665
circular-read-start, 4, 9, 5313335200, 6314033
read-wait, 8, 9, 309511
read, 8, 9, 5661166648, 53133352, 309511
circular-read-start, 8, 9, 5313335200, 6314035
read-wait, 9, 9, 309232
read, 9, 9, 5661166648, 53133352, 309232
circular-read-start, 9, 9, 5313335200, 6314039
read-wait, 5, 9, 310316
read, 5, 9, 5661166648, 53133352, 310316
circular-read-start, 5, 9, 5313335200, 6314040
read-wait, 7, 9, 309236
read, 7, 9, 5661166648, 53133352, 309236
circular-read-start, 7, 9, 5313335200, 6314042
circular-read-total, 4, 9, 5313335200, 7109, 20582
circular-read-total, 6, 9, 5313335200, 4013, 29191
circular-read-total, 9, 9, 5313335200, 6340, 29335
circular-read-total, 8, 9, 5313335200, 4341, 29575
circular-read-total, 7, 9, 5313335200, 3967, 29861
circular-read-total, 3, 9, 5313335200, 4769, 29959
circular-read-total, 5, 9, 5313335200, 4518, 30204

cmd-read, 6345590
