# Mon Sep 21 03:00:42 PDT 2015
memory, 128926187520
record-value, 112
seek-chunk, 707645831
file, 4, 1428575000
file, 5, 1428575000
file, 6, 1428575000
file, 7, 1428575000

read-start, 1, 0, 707645831, 13165
circular-read-start, 4, 1, 142857500000, 19665
circular-read-start, 5, 1, 142857500000, 19665
circular-read-start, 6, 1, 142857500000, 19665
circular-read-start, 7, 1, 142857500000, 19665
circular-read-total, 7, 1, 142857500000, 324624, 350009
circular-read-total, 6, 1, 142857500000, 324548, 350119
circular-read-total, 4, 1, 142857500000, 327842, 352145
circular-read-total, 5, 1, 142857500000, 325913, 352259
linear-scan, 353610
-sort , 63208, 45
-merge, 58717, 45
-last , 1314
read, 1, 707645831, 360111
network, 1, 408386

read-start, 2, 707645831, 707645831, 781677
circular-read-start, 4, 2, 142857500000, 783086
circular-read-start, 5, 2, 142857500000, 783086
circular-read-start, 6, 2, 142857500000, 783086
circular-read-start, 7, 2, 142857500000, 783086
circular-read-total, 7, 2, 142857500000, 306959, 377578
circular-read-total, 6, 2, 142857500000, 307219, 377844
circular-read-total, 5, 2, 142857500000, 308919, 379055
circular-read-total, 4, 2, 142857500000, 310167, 380140
linear-scan, 381657
-sort , 65997, 43
-merge, 55908, 43
-last , 1470
read, 2, 707645831, 383066
network, 2, 409020

read-start, 3, 1415291662, 707645831, 1573786
circular-read-start, 5, 3, 142857500000, 1575190
circular-read-start, 4, 3, 142857500000, 1575190
circular-read-start, 6, 3, 142857500000, 1575190
circular-read-start, 7, 3, 142857500000, 1575190
circular-read-total, 5, 3, 142857500000, 309631, 359583
circular-read-total, 7, 3, 142857500000, 309951, 360063
circular-read-total, 6, 3, 142857500000, 310249, 360238
circular-read-total, 4, 3, 142857500000, 313369, 362969
linear-scan, 364163
-sort , 62185, 41
-merge, 54975, 41
-last , 1129
read, 3, 707645831, 365567
network, 3, 401709

read-start, 4, 2122937493, 707645831, 2341273
circular-read-start, 4, 4, 142857500000, 2342681
circular-read-start, 5, 4, 142857500000, 2342681
circular-read-start, 6, 4, 142857500000, 2342681
circular-read-start, 7, 4, 142857500000, 2342681
circular-read-total, 7, 4, 142857500000, 306826, 357157
circular-read-total, 5, 4, 142857500000, 307161, 357172
circular-read-total, 6, 4, 142857500000, 307601, 357310
circular-read-total, 4, 4, 142857500000, 309104, 358662
linear-scan, 360470
-sort , 65888, 38
-merge, 52284, 38
-last , 1736
read, 4, 707645831, 361878
network, 4, 402060

read-start, 5, 2830583324, 707645831, 3105218
circular-read-start, 4, 5, 142857500000, 3106634
circular-read-start, 5, 5, 142857500000, 3106634
circular-read-start, 6, 5, 142857500000, 3106634
circular-read-start, 7, 5, 142857500000, 3106634
circular-read-total, 6, 5, 142857500000, 315043, 327715
circular-read-total, 7, 5, 142857500000, 316746, 328603
circular-read-total, 4, 5, 142857500000, 317220, 329742
circular-read-total, 5, 5, 142857500000, 317972, 330584
linear-scan, 332104
-sort , 54811, 35
-merge, 51444, 35
-last , 1472
read, 5, 707645831, 333520
network, 5, 410488

read-start, 6, 3538229155, 707645831, 3849241
circular-read-start, 5, 6, 142857500000, 3850638
circular-read-start, 4, 6, 142857500000, 3850638
circular-read-start, 6, 6, 142857500000, 3850638
circular-read-start, 7, 6, 142857500000, 3850638
circular-read-total, 5, 6, 142857500000, 313104, 319471
circular-read-total, 7, 6, 142857500000, 315277, 321128
circular-read-total, 4, 6, 142857500000, 315185, 322154
circular-read-total, 6, 6, 142857500000, 315842, 322195
linear-scan, 323559
-sort , 48499, 31
-merge, 48003, 31
-last , 1326
read, 6, 707645831, 324956
network, 6, 401050

read-start, 7, 4245874986, 707645831, 4575269
circular-read-start, 4, 7, 142857500000, 4576668
circular-read-start, 5, 7, 142857500000, 4576668
circular-read-start, 6, 7, 142857500000, 4576668
circular-read-start, 7, 7, 142857500000, 4576668
circular-read-total, 7, 7, 142857500000, 309549, 315588
circular-read-total, 6, 7, 142857500000, 310559, 317096
circular-read-total, 5, 7, 142857500000, 310850, 317156
circular-read-total, 4, 7, 142857500000, 313209, 320291
linear-scan, 322166
-sort , 39753, 25
-merge, 41301, 25
-last , 1799
read, 7, 707645831, 323565
network, 7, 401236

read-start, 8, 4953520817, 707645831, 5300082
circular-read-start, 4, 8, 142857500000, 5301497
circular-read-start, 5, 8, 142857500000, 5301497
circular-read-start, 6, 8, 142857500000, 5301497
circular-read-start, 7, 8, 142857500000, 5301497
circular-read-total, 7, 8, 142857500000, 303720, 309771
circular-read-total, 6, 8, 142857500000, 304121, 310548
circular-read-total, 5, 8, 142857500000, 304287, 310658
circular-read-total, 4, 8, 142857500000, 305789, 312794
linear-scan, 315452
-sort , 24655, 16
-merge, 29680, 16
-last , 991
read, 8, 707645831, 316867
network, 8, 400984

read-start, 9, 5661166648, 53133352, 6017940
circular-read-start, 5, 9, 142857500000, 6018045
circular-read-start, 4, 9, 142857500000, 6018045
circular-read-start, 6, 9, 142857500000, 6018045
circular-read-start, 7, 9, 142857500000, 6018045
circular-read-total, 7, 9, 142857500000, 298970, 304883
circular-read-total, 5, 9, 142857500000, 299546, 305784
circular-read-total, 6, 9, 142857500000, 299377, 305892
circular-read-total, 4, 9, 142857500000, 300870, 307926
linear-scan, 308200
-sort , 1788, 15
-merge, 2117, 15
-last , 69
read, 9, 53133352, 308305
network, 9, 30246

exit, 6358748
