# Mon Sep 21 03:00:42 PDT 2015
memory, 128926187520
record-value, 112
seek-chunk, 707645831
file, 4, 1428575000
file, 5, 1428575000
file, 6, 1428575000
file, 7, 1428575000

read-start, 1, 0, 707645831, 9380
circular-read-start, 4, 1, 142857500000, 15811
circular-read-start, 5, 1, 142857500000, 15811
circular-read-start, 6, 1, 142857500000, 15811
circular-read-start, 7, 1, 142857500000, 15811
circular-read-total, 4, 1, 142857500000, 325851, 354561
circular-read-total, 5, 1, 142857500000, 326716, 354760
circular-read-total, 7, 1, 142857500000, 326758, 355824
circular-read-total, 6, 1, 142857500000, 327347, 355939
linear-scan, 357335
-sort , 64212, 45
-merge, 59594, 45
-last , 1359
read, 1, 707645831, 363766
network, 1, 404451

read-start, 2, 707645831, 707645831, 777608
circular-read-start, 5, 2, 142857500000, 779011
circular-read-start, 4, 2, 142857500000, 779011
circular-read-start, 6, 2, 142857500000, 779011
circular-read-start, 7, 2, 142857500000, 779011
circular-read-total, 4, 2, 142857500000, 303878, 357052
circular-read-total, 7, 2, 142857500000, 305940, 357893
circular-read-total, 5, 2, 142857500000, 307842, 358014
circular-read-total, 6, 2, 142857500000, 306137, 358195
linear-scan, 359681
-sort , 64110, 43
-merge, 55379, 43
-last , 1437
read, 2, 707645831, 361083
network, 2, 430972

read-start, 3, 1415291662, 707645831, 1569688
circular-read-start, 4, 3, 142857500000, 1571088
circular-read-start, 5, 3, 142857500000, 1571088
circular-read-start, 6, 3, 142857500000, 1571088
circular-read-start, 7, 3, 142857500000, 1571088
circular-read-total, 4, 3, 142857500000, 308446, 335120
circular-read-total, 6, 3, 142857500000, 309533, 335180
circular-read-total, 7, 3, 142857500000, 309413, 335709
circular-read-total, 5, 3, 142857500000, 312738, 337200
linear-scan, 338431
-sort , 57544, 41
-merge, 53337, 41
-last , 1147
read, 3, 707645831, 339830
network, 3, 427834

read-start, 4, 2122937493, 707645831, 2337369
circular-read-start, 4, 4, 142857500000, 2338767
circular-read-start, 5, 4, 142857500000, 2338767
circular-read-start, 6, 4, 142857500000, 2338767
circular-read-start, 7, 4, 142857500000, 2338767
circular-read-total, 4, 4, 142857500000, 310919, 326013
circular-read-total, 6, 4, 142857500000, 311620, 326355
circular-read-total, 7, 4, 142857500000, 311497, 326663
circular-read-total, 5, 4, 142857500000, 314329, 327217
linear-scan, 328996
-sort , 54546, 38
-merge, 50634, 38
-last , 1708
read, 4, 707645831, 330394
network, 4, 433533

read-start, 5, 2830583324, 707645831, 3101310
circular-read-start, 5, 5, 142857500000, 3102712
circular-read-start, 4, 5, 142857500000, 3102712
circular-read-start, 6, 5, 142857500000, 3102712
circular-read-start, 7, 5, 142857500000, 3102712
circular-read-total, 4, 5, 142857500000, 310095, 317225
circular-read-total, 7, 5, 142857500000, 310393, 317224
circular-read-total, 6, 5, 142857500000, 311300, 318083
circular-read-total, 5, 5, 142857500000, 313159, 318963
linear-scan, 320470
-sort , 50025, 35
-merge, 47645, 35
-last , 1459
read, 5, 707645831, 321871
network, 5, 423560

read-start, 6, 3538229155, 707645831, 3846760
circular-read-start, 4, 6, 142857500000, 3848160
circular-read-start, 5, 6, 142857500000, 3848160
circular-read-start, 6, 6, 142857500000, 3848160
circular-read-start, 7, 6, 142857500000, 3848160
circular-read-total, 4, 6, 142857500000, 307480, 314781
circular-read-total, 6, 6, 142857500000, 308081, 314878
circular-read-total, 5, 6, 142857500000, 310245, 316068
circular-read-total, 7, 6, 142857500000, 309227, 316136
linear-scan, 317529
-sort , 43487, 31
-merge, 42923, 31
-last , 1356
read, 6, 707645831, 318929
network, 6, 405959

read-start, 7, 4245874986, 707645831, 4571657
circular-read-start, 5, 7, 142857500000, 4573055
circular-read-start, 4, 7, 142857500000, 4573055
circular-read-start, 6, 7, 142857500000, 4573055
circular-read-start, 7, 7, 142857500000, 4573055
circular-read-total, 4, 7, 142857500000, 303271, 310531
circular-read-total, 7, 7, 142857500000, 304508, 311586
circular-read-total, 6, 7, 142857500000, 305382, 312039
circular-read-total, 5, 7, 142857500000, 306631, 312286
linear-scan, 314198
-sort , 36421, 25
-merge, 38361, 25
-last , 1837
read, 7, 707645831, 315597
network, 7, 408759

read-start, 8, 4953520817, 707645831, 5296029
circular-read-start, 4, 8, 142857500000, 5297434
circular-read-start, 5, 8, 142857500000, 5297434
circular-read-start, 6, 8, 142857500000, 5297434
circular-read-start, 7, 8, 142857500000, 5297434
circular-read-total, 4, 8, 142857500000, 297394, 304775
circular-read-total, 6, 8, 142857500000, 298354, 305270
circular-read-total, 7, 8, 142857500000, 298629, 305695
circular-read-total, 5, 8, 142857500000, 301139, 306988
linear-scan, 309572
-sort , 22508, 16
-merge, 28270, 16
-last , 990
read, 8, 707645831, 310976
network, 8, 406960

read-start, 9, 5661166648, 53133352, 6013972
circular-read-start, 5, 9, 142857500000, 6014077
circular-read-start, 4, 9, 142857500000, 6014077
circular-read-start, 6, 9, 142857500000, 6014077
circular-read-start, 7, 9, 142857500000, 6014077
circular-read-total, 4, 9, 142857500000, 292844, 300513
circular-read-total, 7, 9, 142857500000, 293440, 300790
circular-read-total, 6, 9, 142857500000, 294438, 301284
circular-read-total, 5, 9, 142857500000, 296769, 302433
linear-scan, 302687
-sort , 1654, 15
-merge, 1881, 15
-last , 69
read, 9, 53133352, 302792
network, 9, 36282

exit, 6354770
