# Mon Sep 21 03:00:42 PDT 2015
memory, 128926187520
record-value, 112
seek-chunk, 707645831
file, 4, 1428575000
file, 5, 1428575000
file, 6, 1428575000
file, 7, 1428575000

read-start, 1, 0, 707645831, 7566
circular-read-start, 4, 1, 142857500000, 13979
circular-read-start, 5, 1, 142857500000, 13979
circular-read-start, 6, 1, 142857500000, 13979
circular-read-start, 7, 1, 142857500000, 13979
circular-read-total, 7, 1, 142857500000, 310285, 335783
circular-read-total, 4, 1, 142857500000, 311334, 336045
circular-read-total, 6, 1, 142857500000, 311520, 336461
circular-read-total, 5, 1, 142857500000, 312207, 337063
linear-scan, 338412
-sort , 63959, 45
-merge, 62524, 45
-last , 1313
read, 1, 707645831, 344825
network, 1, 419206

read-start, 2, 707645831, 707645831, 771623
circular-read-start, 4, 2, 142857500000, 773035
circular-read-start, 5, 2, 142857500000, 773035
circular-read-start, 6, 2, 142857500000, 773036
circular-read-start, 7, 2, 142857500000, 773036
circular-read-total, 7, 2, 142857500000, 297521, 342676
circular-read-total, 6, 2, 142857500000, 298847, 343877
circular-read-total, 4, 2, 142857500000, 300308, 344773
circular-read-total, 5, 2, 142857500000, 300371, 344824
linear-scan, 346325
-sort , 65250, 43
-merge, 61699, 43
-last , 1454
read, 2, 707645831, 347738
network, 2, 437691

read-start, 3, 1415291662, 707645831, 1557073
circular-read-start, 5, 3, 142857500000, 1558474
circular-read-start, 4, 3, 142857500000, 1558474
circular-read-start, 6, 3, 142857500000, 1558474
circular-read-start, 7, 3, 142857500000, 1558474
circular-read-total, 7, 3, 142857500000, 298371, 334051
circular-read-total, 6, 3, 142857500000, 299161, 335136
circular-read-total, 5, 3, 142857500000, 300883, 336018
circular-read-total, 4, 3, 142857500000, 300921, 336045
linear-scan, 337629
-sort , 63753, 41
-merge, 60008, 41
-last , 1145
read, 3, 707645831, 339030
network, 3, 437015

read-start, 4, 2122937493, 707645831, 2333140
circular-read-start, 5, 4, 142857500000, 2334546
circular-read-start, 4, 4, 142857500000, 2334546
circular-read-start, 6, 4, 142857500000, 2334546
circular-read-start, 7, 4, 142857500000, 2334546
circular-read-total, 7, 4, 142857500000, 297925, 323394
circular-read-total, 6, 4, 142857500000, 299085, 324487
circular-read-total, 4, 4, 142857500000, 300973, 325511
circular-read-total, 5, 4, 142857500000, 300897, 325664
linear-scan, 327471
-sort , 60745, 38
-merge, 58188, 38
-last , 1736
read, 4, 707645831, 328878
network, 4, 435561

read-start, 5, 2830583324, 707645831, 3097594
circular-read-start, 5, 5, 142857500000, 3098996
circular-read-start, 4, 5, 142857500000, 3098996
circular-read-start, 6, 5, 142857500000, 3098996
circular-read-start, 7, 5, 142857500000, 3098996
circular-read-total, 7, 5, 142857500000, 298224, 312420
circular-read-total, 6, 5, 142857500000, 299706, 313524
circular-read-total, 4, 5, 142857500000, 301103, 314445
circular-read-total, 5, 5, 142857500000, 301226, 314670
linear-scan, 316185
-sort , 55817, 35
-merge, 57086, 35
-last , 1467
read, 5, 707645831, 317587
network, 5, 416193

read-start, 6, 3538229155, 707645831, 3831402
circular-read-start, 4, 6, 142857500000, 3832819
circular-read-start, 5, 6, 142857500000, 3832819
circular-read-start, 6, 6, 142857500000, 3832819
circular-read-start, 7, 6, 142857500000, 3832819
circular-read-total, 7, 6, 142857500000, 298356, 304676
circular-read-total, 6, 6, 142857500000, 299319, 305916
circular-read-total, 4, 6, 142857500000, 300996, 307447
circular-read-total, 5, 6, 142857500000, 301011, 307563
linear-scan, 308942
-sort , 49734, 31
-merge, 53042, 31
-last , 1340
read, 6, 707645831, 310358
network, 6, 424697

read-start, 7, 4245874986, 707645831, 4566484
circular-read-start, 5, 7, 142857500000, 4567886
circular-read-start, 4, 7, 142857500000, 4567886
circular-read-start, 6, 7, 142857500000, 4567886
circular-read-start, 7, 7, 142857500000, 4567886
circular-read-total, 7, 7, 142857500000, 298516, 304925
circular-read-total, 6, 7, 142857500000, 299054, 305829
circular-read-total, 4, 7, 142857500000, 300668, 307446
circular-read-total, 5, 7, 142857500000, 300605, 307518
linear-scan, 309373
-sort , 40032, 25
-merge, 45098, 25
-last , 1778
read, 7, 707645831, 310774
network, 7, 411941

read-start, 8, 4953520817, 707645831, 5289219
circular-read-start, 4, 8, 142857500000, 5290620
circular-read-start, 5, 8, 142857500000, 5290620
circular-read-start, 6, 8, 142857500000, 5290620
circular-read-start, 7, 8, 142857500000, 5290620
circular-read-total, 7, 8, 142857500000, 297998, 305070
circular-read-total, 6, 8, 142857500000, 298988, 306562
circular-read-total, 4, 8, 142857500000, 300090, 307765
circular-read-total, 5, 8, 142857500000, 300204, 307861
linear-scan, 310492
-sort , 24268, 16
-merge, 31554, 16
-last , 989
read, 8, 707645831, 311893
network, 8, 409223

read-start, 9, 5661166648, 53133352, 6010348
circular-read-start, 5, 9, 142857500000, 6010453
circular-read-start, 4, 9, 142857500000, 6010453
circular-read-start, 6, 9, 142857500000, 6010453
circular-read-start, 7, 9, 142857500000, 6010453
circular-read-total, 7, 9, 142857500000, 299770, 307983
circular-read-total, 6, 9, 142857500000, 301236, 309431
circular-read-total, 4, 9, 142857500000, 302338, 310509
circular-read-total, 5, 9, 142857500000, 302796, 310739
linear-scan, 310995
-sort , 1755, 15
-merge, 2244, 15
-last , 69
read, 9, 53133352, 311100
network, 9, 29179

exit, 6353136
