# Mon Sep 21 03:00:42 PDT 2015
memory, 128926187520
record-value, 112
seek-chunk, 707645831
file, 4, 1428575000
file, 5, 1428575000
file, 6, 1428575000
file, 7, 1428575000

read-start, 1, 0, 707645831, 5817
circular-read-start, 4, 1, 142857500000, 12343
circular-read-start, 5, 1, 142857500000, 12343
circular-read-start, 6, 1, 142857500000, 12343
circular-read-start, 7, 1, 142857500000, 12343
circular-read-total, 5, 1, 142857500000, 311614, 340205
circular-read-total, 6, 1, 142857500000, 311880, 340469
circular-read-total, 7, 1, 142857500000, 312406, 340548
circular-read-total, 4, 1, 142857500000, 314013, 341665
linear-scan, 343057
-sort , 64046, 45
-merge, 62308, 45
-last , 1354
read, 1, 707645831, 349583
network, 1, 416933

read-start, 2, 707645831, 707645831, 772343
circular-read-start, 5, 2, 142857500000, 773753
circular-read-start, 4, 2, 142857500000, 773753
circular-read-start, 6, 2, 142857500000, 773753
circular-read-start, 7, 2, 142857500000, 773753
circular-read-total, 5, 2, 142857500000, 292096, 334469
circular-read-total, 7, 2, 142857500000, 295770, 335631
circular-read-total, 4, 2, 142857500000, 294436, 335950
circular-read-total, 6, 2, 142857500000, 297319, 336231
linear-scan, 337723
-sort , 62986, 43
-merge, 60132, 43
-last , 1445
read, 2, 707645831, 339133
network, 2, 452149

read-start, 3, 1415291662, 707645831, 1563645
circular-read-start, 4, 3, 142857500000, 1565046
circular-read-start, 5, 3, 142857500000, 1565046
circular-read-start, 6, 3, 142857500000, 1565046
circular-read-start, 7, 3, 142857500000, 1565046
circular-read-total, 5, 3, 142857500000, 291234, 325087
circular-read-total, 4, 3, 142857500000, 292124, 325554
circular-read-total, 7, 3, 142857500000, 295638, 326627
circular-read-total, 6, 3, 142857500000, 297318, 327314
linear-scan, 328652
-sort , 60556, 41
-merge, 58181, 41
-last , 1135
read, 3, 707645831, 330053
network, 3, 439479

read-start, 4, 2122937493, 707645831, 2333188
circular-read-start, 4, 4, 142857500000, 2334599
circular-read-start, 5, 4, 142857500000, 2334599
circular-read-start, 6, 4, 142857500000, 2334599
circular-read-start, 7, 4, 142857500000, 2334599
circular-read-total, 5, 4, 142857500000, 291172, 313843
circular-read-total, 4, 4, 142857500000, 292487, 314393
circular-read-total, 7, 4, 142857500000, 295426, 315268
circular-read-total, 6, 4, 142857500000, 297380, 316208
linear-scan, 318031
-sort , 56781, 38
-merge, 56289, 38
-last , 1752
read, 4, 707645831, 319441
network, 4, 443312

read-start, 5, 2830583324, 707645831, 3095964
circular-read-start, 4, 5, 142857500000, 3097365
circular-read-start, 5, 5, 142857500000, 3097365
circular-read-start, 6, 5, 142857500000, 3097365
circular-read-start, 7, 5, 142857500000, 3097365
circular-read-total, 5, 5, 142857500000, 291179, 303079
circular-read-total, 4, 5, 142857500000, 292420, 303675
circular-read-total, 7, 5, 142857500000, 295385, 304519
circular-read-total, 6, 5, 142857500000, 297586, 305667
linear-scan, 307172
-sort , 52159, 35
-merge, 55192, 35
-last , 1456
read, 5, 707645831, 308573
network, 5, 431877

read-start, 6, 3538229155, 707645831, 3836430
circular-read-start, 4, 6, 142857500000, 3837851
circular-read-start, 5, 6, 142857500000, 3837851
circular-read-start, 6, 6, 142857500000, 3837851
circular-read-start, 7, 6, 142857500000, 3837851
circular-read-total, 5, 6, 142857500000, 291555, 299933
circular-read-total, 4, 6, 142857500000, 292600, 300515
circular-read-total, 7, 6, 142857500000, 295815, 302131
circular-read-total, 6, 6, 142857500000, 297784, 303254
linear-scan, 304627
-sort , 46744, 31
-merge, 50061, 31
-last , 1336
read, 6, 707645831, 306048
network, 6, 424545

read-start, 7, 4245874986, 707645831, 4567035
circular-read-start, 4, 7, 142857500000, 4568435
circular-read-start, 5, 7, 142857500000, 4568435
circular-read-start, 6, 7, 142857500000, 4568435
circular-read-start, 7, 7, 142857500000, 4568435
circular-read-total, 5, 7, 142857500000, 291144, 299638
circular-read-total, 4, 7, 142857500000, 291993, 300059
circular-read-total, 7, 7, 142857500000, 295488, 301826
circular-read-total, 6, 7, 142857500000, 297051, 302833
linear-scan, 304690
-sort , 38029, 25
-merge, 42339, 25
-last , 1780
read, 7, 707645831, 306091
network, 7, 418474

read-start, 8, 4953520817, 707645831, 5291610
circular-read-start, 5, 8, 142857500000, 5293011
circular-read-start, 4, 8, 142857500000, 5293011
circular-read-start, 6, 8, 142857500000, 5293011
circular-read-start, 7, 8, 142857500000, 5293011
circular-read-total, 5, 8, 142857500000, 290491, 298972
circular-read-total, 4, 8, 142857500000, 291669, 299614
circular-read-total, 7, 8, 142857500000, 295253, 301462
circular-read-total, 6, 8, 142857500000, 296620, 302268
linear-scan, 304981
-sort , 23640, 16
-merge, 29845, 16
-last , 990
read, 8, 707645831, 306383
network, 8, 411521

read-start, 9, 5661166648, 53133352, 6009531
circular-read-start, 5, 9, 142857500000, 6009636
circular-read-start, 4, 9, 142857500000, 6009636
circular-read-start, 6, 9, 142857500000, 6009636
circular-read-start, 7, 9, 142857500000, 6009636
circular-read-total, 5, 9, 142857500000, 297197, 304007
circular-read-total, 4, 9, 142857500000, 298242, 304874
circular-read-total, 7, 9, 142857500000, 300008, 305843
circular-read-total, 6, 9, 142857500000, 300551, 306281
linear-scan, 306557
-sort , 1673, 15
-merge, 2088, 15
-last , 70
read, 9, 53133352, 306662
network, 9, 33855

exit, 6351421
