# Mon Sep 21 03:00:42 PDT 2015
memory, 128926187520
record-value, 112
seek-chunk, 707645831
file, 4, 1428575000
file, 5, 1428575000
file, 6, 1428575000
file, 7, 1428575000

read-start, 1, 0, 707645831, 3742
circular-read-start, 4, 1, 142857500000, 10501
circular-read-start, 5, 1, 142857500000, 10501
circular-read-start, 6, 1, 142857500000, 10501
circular-read-start, 7, 1, 142857500000, 10501
circular-read-total, 7, 1, 142857500000, 313657, 341224
circular-read-total, 4, 1, 142857500000, 313809, 341231
circular-read-total, 5, 1, 142857500000, 313816, 341443
circular-read-total, 6, 1, 142857500000, 314478, 341810
linear-scan, 343180
-sort , 64202, 45
-merge, 62540, 45
-last , 1334
read, 1, 707645831, 349939
network, 1, 385325

read-start, 2, 707645831, 707645831, 739038
circular-read-start, 5, 2, 142857500000, 740440
circular-read-start, 4, 2, 142857500000, 740440
circular-read-start, 6, 2, 142857500000, 740440
circular-read-start, 7, 2, 142857500000, 740440
circular-read-total, 5, 2, 142857500000, 299849, 333741
circular-read-total, 7, 2, 142857500000, 299964, 333837
circular-read-total, 4, 2, 142857500000, 300275, 334057
circular-read-total, 6, 2, 142857500000, 300341, 334206
linear-scan, 335689
-sort , 61631, 43
-merge, 56389, 43
-last , 1434
read, 2, 707645831, 337091
network, 2, 459845

read-start, 3, 1415291662, 707645831, 1536007
circular-read-start, 5, 3, 142857500000, 1537409
circular-read-start, 4, 3, 142857500000, 1537409
circular-read-start, 6, 3, 142857500000, 1537409
circular-read-start, 7, 3, 142857500000, 1537409
circular-read-total, 7, 3, 142857500000, 299979, 324871
circular-read-total, 5, 3, 142857500000, 299906, 324988
circular-read-total, 4, 3, 142857500000, 299919, 325074
circular-read-total, 6, 3, 142857500000, 300269, 325136
linear-scan, 326461
-sort , 59052, 41
-merge, 54450, 41
-last , 1139
read, 3, 707645831, 327863
network, 3, 439949

read-start, 4, 2122937493, 707645831, 2303843
circular-read-start, 4, 4, 142857500000, 2305247
circular-read-start, 5, 4, 142857500000, 2305247
circular-read-start, 6, 4, 142857500000, 2305247
circular-read-start, 7, 4, 142857500000, 2305247
circular-read-total, 7, 4, 142857500000, 300773, 316936
circular-read-total, 5, 4, 142857500000, 301008, 317158
circular-read-total, 4, 4, 142857500000, 301033, 317253
circular-read-total, 6, 4, 142857500000, 301245, 317449
linear-scan, 319288
-sort , 55713, 38
-merge, 52241, 38
-last , 1766
read, 4, 707645831, 320693
network, 4, 440853

read-start, 5, 2830583324, 707645831, 3065429
circular-read-start, 4, 5, 142857500000, 3066831
circular-read-start, 5, 5, 142857500000, 3066831
circular-read-start, 6, 5, 142857500000, 3066831
circular-read-start, 7, 5, 142857500000, 3066831
circular-read-total, 4, 5, 142857500000, 298478, 305401
circular-read-total, 6, 5, 142857500000, 298981, 305773
circular-read-total, 5, 5, 142857500000, 299254, 306123
circular-read-total, 7, 5, 142857500000, 299288, 306414
linear-scan, 307946
-sort , 51287, 35
-merge, 49797, 35
-last , 1483
read, 5, 707645831, 309349
network, 5, 437745

read-start, 6, 3538229155, 707645831, 3812561
circular-read-start, 4, 6, 142857500000, 3813964
circular-read-start, 5, 6, 142857500000, 3813964
circular-read-start, 6, 6, 142857500000, 3813964
circular-read-start, 7, 6, 142857500000, 3813964
circular-read-total, 5, 6, 142857500000, 300325, 307352
circular-read-total, 7, 6, 142857500000, 300528, 307468
circular-read-total, 4, 6, 142857500000, 300627, 307731
circular-read-total, 6, 6, 142857500000, 301237, 308237
linear-scan, 309618
-sort , 45324, 31
-merge, 44031, 31
-last , 1343
read, 6, 707645831, 311022
network, 6, 410902

read-start, 7, 4245874986, 707645831, 4534517
circular-read-start, 5, 7, 142857500000, 4535924
circular-read-start, 4, 7, 142857500000, 4535924
circular-read-start, 6, 7, 142857500000, 4535924
circular-read-start, 7, 7, 142857500000, 4535924
circular-read-total, 5, 7, 142857500000, 300544, 307786
circular-read-total, 7, 7, 142857500000, 300581, 307789
circular-read-total, 4, 7, 142857500000, 300934, 308158
circular-read-total, 6, 7, 142857500000, 301236, 308350
linear-scan, 310270
-sort , 36833, 25
-merge, 37155, 25
-last , 1844
read, 7, 707645831, 311676
network, 7, 415202

read-start, 8, 4953520817, 707645831, 5261428
circular-read-start, 4, 8, 142857500000, 5262830
circular-read-start, 5, 8, 142857500000, 5262830
circular-read-start, 6, 8, 142857500000, 5262830
circular-read-start, 7, 8, 142857500000, 5262830
circular-read-total, 5, 8, 142857500000, 302593, 309662
circular-read-total, 4, 8, 142857500000, 302822, 309867
circular-read-total, 7, 8, 142857500000, 303497, 310243
circular-read-total, 6, 8, 142857500000, 303518, 310297
linear-scan, 312964
-sort , 22953, 16
-merge, 27062, 16
-last , 993
read, 8, 707645831, 314365
network, 8, 403252

read-start, 9, 5661166648, 53133352, 5979078
circular-read-start, 4, 9, 142857500000, 5979184
circular-read-start, 5, 9, 142857500000, 5979184
circular-read-start, 6, 9, 142857500000, 5979184
circular-read-start, 7, 9, 142857500000, 5979184
circular-read-total, 5, 9, 142857500000, 308452, 313956
circular-read-total, 4, 9, 142857500000, 308414, 314088
circular-read-total, 7, 9, 142857500000, 308490, 314306
circular-read-total, 6, 9, 142857500000, 308797, 314498
linear-scan, 314768
-sort , 1695, 15
-merge, 1956, 15
-last , 69
read, 9, 53133352, 314874
network, 9, 44370

exit, 6349325
