# Mon Sep 21 03:00:42 PDT 2015
memory, 128926187520
record-value, 112
seek-chunk, 707645831
file, 4, 1428575000
file, 5, 1428575000
file, 6, 1428575000
file, 7, 1428575000

read-start, 1, 0, 707645831, 1950
circular-read-start, 4, 1, 142857500000, 9062
circular-read-start, 5, 1, 142857500000, 9062
circular-read-start, 6, 1, 142857500000, 9062
circular-read-start, 7, 1, 142857500000, 9062
circular-read-total, 4, 1, 142857500000, 327070, 355853
circular-read-total, 7, 1, 142857500000, 327747, 355985
circular-read-total, 5, 1, 142857500000, 328526, 356816
circular-read-total, 6, 1, 142857500000, 328868, 357046
linear-scan, 358406
-sort , 64407, 45
-merge, 59031, 45
-last , 1323
read, 1, 707645831, 365518
network, 1, 401239

read-start, 2, 707645831, 707645831, 768717
circular-read-start, 4, 2, 142857500000, 770114
circular-read-start, 5, 2, 142857500000, 770114
circular-read-start, 6, 2, 142857500000, 770114
circular-read-start, 7, 2, 142857500000, 770114
circular-read-total, 4, 2, 142857500000, 305239, 365045
circular-read-total, 5, 2, 142857500000, 306676, 365371
circular-read-total, 7, 2, 142857500000, 306587, 365562
circular-read-total, 6, 2, 142857500000, 307562, 366014
linear-scan, 367510
-sort , 64030, 43
-merge, 57031, 43
-last , 1448
read, 2, 707645831, 368907
network, 2, 413997

read-start, 3, 1415291662, 707645831, 1551647
circular-read-start, 4, 3, 142857500000, 1553039
circular-read-start, 5, 3, 142857500000, 1553039
circular-read-start, 6, 3, 142857500000, 1553039
circular-read-start, 7, 3, 142857500000, 1553039
circular-read-total, 4, 3, 142857500000, 310512, 350273
circular-read-total, 6, 3, 142857500000, 311749, 350559
circular-read-total, 7, 3, 142857500000, 311914, 350675
circular-read-total, 5, 3, 142857500000, 311955, 350997
linear-scan, 352157
-sort , 58975, 41
-merge, 55731, 41
-last , 1140
read, 3, 707645831, 353549
network, 3, 423054

read-start, 4, 2122937493, 707645831, 2328257
circular-read-start, 5, 4, 142857500000, 2329653
circular-read-start, 4, 4, 142857500000, 2329653
circular-read-start, 6, 4, 142857500000, 2329653
circular-read-start, 7, 4, 142857500000, 2329653
circular-read-total, 7, 4, 142857500000, 313284, 327875
circular-read-total, 4, 4, 142857500000, 312933, 328721
circular-read-total, 5, 4, 142857500000, 314105, 329225
circular-read-total, 6, 4, 142857500000, 315781, 330469
linear-scan, 332300
-sort , 54178, 38
-merge, 50769, 38
-last , 1758
read, 4, 707645831, 333696
network, 4, 430311

read-start, 5, 2830583324, 707645831, 3092283
circular-read-start, 4, 5, 142857500000, 3093680
circular-read-start, 5, 5, 142857500000, 3093680
circular-read-start, 6, 5, 142857500000, 3093680
circular-read-start, 7, 5, 142857500000, 3093680
circular-read-total, 4, 5, 142857500000, 312020, 318378
circular-read-total, 7, 5, 142857500000, 312772, 318794
circular-read-total, 5, 5, 142857500000, 313950, 320022
circular-read-total, 6, 5, 142857500000, 314665, 320548
linear-scan, 322078
-sort , 50403, 35
-merge, 48868, 35
-last , 1481
read, 5, 707645831, 323476
network, 5, 417641

read-start, 6, 3538229155, 707645831, 3833424
circular-read-start, 4, 6, 142857500000, 3834816
circular-read-start, 5, 6, 142857500000, 3834816
circular-read-start, 6, 6, 142857500000, 3834816
circular-read-start, 7, 6, 142857500000, 3834816
circular-read-total, 7, 6, 142857500000, 310409, 316200
circular-read-total, 4, 6, 142857500000, 310213, 316226
circular-read-total, 5, 6, 142857500000, 311999, 317730
circular-read-total, 6, 6, 142857500000, 312175, 318026
linear-scan, 319405
-sort , 44031, 31
-merge, 43383, 31
-last , 1342
read, 6, 707645831, 320797
network, 6, 407389

read-start, 7, 4245874986, 707645831, 4561634
circular-read-start, 4, 7, 142857500000, 4563025
circular-read-start, 5, 7, 142857500000, 4563025
circular-read-start, 6, 7, 142857500000, 4563025
circular-read-start, 7, 7, 142857500000, 4563025
circular-read-total, 4, 7, 142857500000, 306446, 312644
circular-read-total, 7, 7, 142857500000, 307082, 313083
circular-read-total, 5, 7, 142857500000, 307471, 313338
circular-read-total, 6, 7, 142857500000, 308915, 314819
linear-scan, 316703
-sort , 36353, 25
-merge, 36872, 25
-last , 1809
read, 7, 707645831, 318094
network, 7, 406998

read-start, 8, 4953520817, 707645831, 5286734
circular-read-start, 5, 8, 142857500000, 5288126
circular-read-start, 4, 8, 142857500000, 5288126
circular-read-start, 6, 8, 142857500000, 5288126
circular-read-start, 7, 8, 142857500000, 5288126
circular-read-total, 5, 8, 142857500000, 301108, 306922
circular-read-total, 4, 8, 142857500000, 300985, 307229
circular-read-total, 6, 8, 142857500000, 301490, 307295
circular-read-total, 7, 8, 142857500000, 301655, 307576
linear-scan, 310268
-sort , 22630, 16
-merge, 26673, 16
-last , 987
read, 8, 707645831, 311660
network, 8, 407959

read-start, 9, 5661166648, 53133352, 6006361
circular-read-start, 4, 9, 142857500000, 6006466
circular-read-start, 6, 9, 142857500000, 6006466
circular-read-start, 5, 9, 142857500000, 6006466
circular-read-start, 7, 9, 142857500000, 6006466
circular-read-total, 4, 9, 142857500000, 295876, 302183
circular-read-total, 7, 9, 142857500000, 296622, 302597
circular-read-total, 5, 9, 142857500000, 297487, 303166
circular-read-total, 6, 9, 142857500000, 297659, 303292
linear-scan, 303562
-sort , 1657, 15
-merge, 1869, 15
-last , 69
read, 9, 53133352, 303666
network, 9, 35866

exit, 6347528
