# Mon Oct 19 05:09:28 PDT 2015
# 6, 1000, 0, range-3758096384
max-chunk, 3, 1, 171511808, 0
chunk-size, 171511808, 4099
disks, 8

size, 3, 2, 1666666667, 0
size, 4, 1, 1666666667, 0
size, 5, 1, 1666666667, 0
size, 6, 1, 1666666667, 0
size, 7, 1, 1666666667, 0
size, 8, 1, 1666666667, 0


read-start, 3, 1, 0, 171511808, 41
read-start, 4, 1, 0, 171511808, 41
read-start, 5, 1, 0, 171511808, 41
read-start, 6, 1, 0, 171511808, 41
read-start, 7, 1, 0, 171511808, 41
read-start, 8, 1, 0, 171511808, 41
read-wait, 3, 1, 0
read, 3, 1, 0, 171511808, 350012
circular-read-start, 3, 1, 17151180800, 350053
read-wait, 4, 1, 350194
read, 4, 1, 0, 171511808, 371459
circular-read-start, 4, 1, 17151180800, 371500
read-wait, 5, 1, 371631
read, 5, 1, 0, 171511808, 373691
circular-read-start, 5, 1, 17151180800, 373733
read-wait, 6, 1, 373864
read, 6, 1, 0, 171511808, 373864
circular-read-start, 6, 1, 17151180800, 373906
read-wait, 7, 1, 373867
read, 7, 1, 0, 171511808, 375419
circular-read-start, 7, 1, 17151180800, 375461
read-wait, 8, 1, 375607
read, 8, 1, 0, 171511808, 375608
circular-read-start, 8, 1, 17151180800, 375649
read-start, 3, 2, 171511808, 171511808, 552229
circular-read-total, 3, 1, 17151180800, 44377, 202182
read-start, 4, 2, 171511808, 171511808, 566742
circular-read-total, 4, 1, 17151180800, 83426, 195242
read-start, 5, 2, 171511808, 171511808, 568723
circular-read-total, 5, 1, 17151180800, 132127, 194990
read-start, 6, 2, 171511808, 171511808, 569317
circular-read-total, 6, 1, 17151180800, 100780, 195411
read-start, 7, 2, 171511808, 171511808, 570546
circular-read-total, 7, 1, 17151180800, 125506, 195085
read-start, 8, 2, 171511808, 171511808, 570977
circular-read-total, 8, 1, 17151180800, 99318, 195328
read-wait, 4, 2, 4238
read, 4, 2, 171511808, 171511808, 345277
circular-read-start, 4, 2, 17151180800, 912019
read-wait, 3, 2, 359933
read, 3, 2, 171511808, 171511808, 359933
circular-read-start, 3, 2, 17151180800, 912162
read-wait, 6, 2, 342846
read, 6, 2, 171511808, 171511808, 345067
circular-read-start, 6, 2, 17151180800, 914385
read-wait, 7, 2, 343977
read, 7, 2, 171511808, 171511808, 350788
circular-read-start, 7, 2, 17151180800, 921335
read-wait, 8, 2, 350506
read, 8, 2, 171511808, 171511808, 350506
circular-read-start, 8, 2, 17151180800, 921483
read-wait, 5, 2, 352763
read, 5, 2, 171511808, 171511808, 352763
circular-read-start, 5, 2, 17151180800, 921487
read-start, 4, 3, 343023616, 171511808, 1109858
circular-read-total, 4, 2, 17151180800, 33192, 197839
read-start, 6, 3, 343023616, 171511808, 1110469
circular-read-total, 6, 2, 17151180800, 78927, 196106
read-start, 3, 3, 343023616, 171511808, 1111217
circular-read-total, 3, 2, 17151180800, 76853, 199054
read-start, 5, 3, 343023616, 171511808, 1116289
circular-read-total, 5, 2, 17151180800, 124842, 194802
read-start, 8, 3, 343023616, 171511808, 1116299
circular-read-total, 8, 2, 17151180800, 124716, 194816
read-start, 7, 3, 343023616, 171511808, 1116442
circular-read-total, 7, 2, 17151180800, 127257, 195106
read-wait, 4, 3, 6589
read, 4, 3, 343023616, 171511808, 345555
circular-read-start, 4, 3, 17151180800, 1455414
read-wait, 3, 3, 344338
read, 3, 3, 343023616, 171511808, 346714
circular-read-start, 3, 3, 17151180800, 1457932
read-wait, 6, 3, 347608
read, 6, 3, 343023616, 171511808, 347608
circular-read-start, 6, 3, 17151180800, 1458078
read-wait, 5, 3, 341792
read, 5, 3, 343023616, 171511808, 346288
circular-read-start, 5, 3, 17151180800, 1462578
read-wait, 8, 3, 346434
read, 8, 3, 343023616, 171511808, 346503
circular-read-start, 8, 3, 17151180800, 1462803
read-wait, 7, 3, 346516
read, 7, 3, 343023616, 171511808, 346516
circular-read-start, 7, 3, 17151180800, 1462959
read-start, 4, 4, 514535424, 171511808, 1651482
circular-read-total, 4, 3, 17151180800, 82865, 196067
read-start, 6, 4, 514535424, 171511808, 1652258
circular-read-total, 6, 3, 17151180800, 74804, 194180
read-start, 3, 4, 514535424, 171511808, 1652817
circular-read-total, 3, 3, 17151180800, 60868, 194885
read-start, 7, 4, 514535424, 171511808, 1657643
circular-read-total, 7, 3, 17151180800, 131225, 194684
read-start, 5, 4, 514535424, 171511808, 1657723
circular-read-total, 5, 3, 17151180800, 108974, 195144
read-start, 8, 4, 514535424, 171511808, 1657760
circular-read-total, 8, 3, 17151180800, 135977, 194957
read-wait, 6, 4, 5515
read, 6, 4, 514535424, 171511808, 345068
circular-read-start, 6, 4, 17151180800, 1997327
read-wait, 4, 4, 345987
read, 4, 4, 514535424, 171511808, 346327
circular-read-start, 4, 4, 17151180800, 1997810
read-wait, 3, 4, 345131
read, 3, 4, 514535424, 171511808, 346699
circular-read-start, 3, 4, 17151180800, 1999517
read-wait, 8, 4, 341909
read, 8, 4, 514535424, 171511808, 346685
circular-read-start, 8, 4, 17151180800, 2004445
read-wait, 7, 4, 346950
read, 7, 4, 514535424, 171511808, 346950
circular-read-start, 7, 4, 17151180800, 2004594
read-wait, 5, 4, 346873
read, 5, 4, 514535424, 171511808, 346873
circular-read-start, 5, 4, 17151180800, 2004597

cmd-range, 2130947, 3758096384
