# 1, 1gb, 100m, false, first
read, 0, 3643
network, 0, 0
cmd-first, 0, 3644
# 1, 1gb, 100m, false, first
read, 0, 3653
network, 0, 0
cmd-first, 0, 3653
# 1, 1gb, 100m, false, first
read, 0, 3616
network, 0, 0
cmd-first, 0, 3616
# 1, 1gb, 100m, false, read
size, 0, 0
read, 0, 4276
network, 0, 379
read, 1, 3907
network, 1, 342
read, 2, 3614
network, 2, 339
read, 3, 3215
network, 3, 340
read, 4, 2835
network, 4, 331
read, 5, 2460
network, 5, 342
read, 6, 2074
network, 6, 341
read, 7, 1688
network, 7, 341
read, 8, 1289
network, 8, 337
read, 9, 724
network, 9, 335
cmd-read, 0, 29555
# 1, 1gb, 100m, false, read
size, 0, 0
read, 0, 4468
network, 0, 380
read, 1, 3948
network, 1, 334
read, 2, 3578
network, 2, 332
read, 3, 3145
network, 3, 331
read, 4, 2792
network, 4, 330
read, 5, 2396
network, 5, 339
read, 6, 1985
network, 6, 327
read, 7, 1619
network, 7, 326
read, 8, 1242
network, 8, 320
read, 9, 712
network, 9, 321
cmd-read, 0, 29273
# 1, 1gb, 100m, false, read
size, 0, 0
read, 0, 4212
network, 0, 363
read, 1, 3711
network, 1, 318
read, 2, 3333
network, 2, 312
read, 3, 2986
network, 3, 318
read, 4, 2595
network, 4, 314
read, 5, 2205
network, 5, 306
read, 6, 1903
network, 6, 309
read, 7, 1527
network, 7, 310
read, 8, 1165
network, 8, 308
read, 9, 652
network, 9, 313
cmd-read, 0, 27510
# 1, 1gb, 100m, false, write
size, 0, 0
read, 0, 4085
network, 0, 354
write, 0, 349
read, 1, 3557
network, 1, 360
write, 1, 346
read, 2, 3203
network, 2, 304
write, 2, 361
read, 3, 2880
network, 3, 298
write, 3, 342
read, 4, 2541
network, 4, 295
write, 4, 358
read, 5, 2202
network, 5, 303
write, 5, 360
read, 6, 1863
network, 6, 292
write, 6, 362
read, 7, 1524
network, 7, 307
write, 7, 350
read, 8, 1156
network, 8, 296
write, 8, 358
read, 9, 641
network, 9, 304
read, 10, 276
network, 10, 0
write, 9, 370
cmd-write, 0, 27228
# 1, 1gb, 100m, false, write
size, 0, 0
read, 0, 3951
network, 0, 356
write, 0, 458
read, 1, 3504
network, 1, 342
write, 1, 353
read, 2, 3140
network, 2, 305
write, 2, 355
read, 3, 2832
network, 3, 302
write, 3, 355
read, 4, 2494
network, 4, 297
write, 4, 344
read, 5, 2173
network, 5, 303
write, 5, 346
read, 6, 1832
network, 6, 290
write, 6, 356
read, 7, 1509
network, 7, 300
write, 7, 350
read, 8, 1134
network, 8, 293
write, 8, 360
read, 9, 628
network, 9, 293
read, 10, 286
network, 10, 0
write, 9, 350
cmd-write, 0, 26844
# 1, 1gb, 100m, false, write
size, 0, 0
read, 0, 3973
network, 0, 346
write, 0, 455
read, 1, 3508
network, 1, 355
write, 1, 357
read, 2, 3167
network, 2, 303
write, 2, 348
read, 3, 2813
network, 3, 304
write, 3, 359
read, 4, 2509
network, 4, 297
write, 4, 355
read, 5, 2166
network, 5, 300
write, 5, 353
read, 6, 1831
network, 6, 296
write, 6, 349
read, 7, 1494
network, 7, 300
write, 7, 360
read, 8, 1138
network, 8, 291
write, 8, 358
read, 9, 637
network, 9, 295
read, 10, 284
network, 10, 0
write, 9, 357
cmd-write, 0, 26895
# 1, 1gb, 50m, false, first
read, 0, 3226
network, 0, 0
cmd-first, 0, 3227
# 1, 1gb, 50m, false, first
read, 0, 2818
network, 0, 0
cmd-first, 0, 2818
# 1, 1gb, 50m, false, first
read, 0, 2953
network, 0, 0
cmd-first, 0, 2953
# 1, 1gb, 50m, false, read
size, 0, 0
read, 0, 4296
network, 0, 199
read, 1, 4234
network, 1, 169
read, 2, 4044
network, 2, 169
read, 3, 3812
network, 3, 173
read, 4, 3608
network, 4, 173
read, 5, 3385
network, 5, 170
read, 6, 3205
network, 6, 172
read, 7, 3009
network, 7, 169
read, 8, 2789
network, 8, 170
read, 9, 2594
network, 9, 175
read, 10, 2397
network, 10, 173
read, 11, 2200
network, 11, 172
read, 12, 2002
network, 12, 170
read, 13, 1826
network, 13, 167
read, 14, 1617
network, 14, 171
read, 15, 1414
network, 15, 169
read, 16, 1202
network, 16, 172
read, 17, 992
network, 17, 164
read, 18, 736
network, 18, 161
read, 19, 421
network, 19, 163
cmd-read, 0, 53243
# 1, 1gb, 50m, false, read
size, 0, 0
read, 0, 4225
network, 0, 183
read, 1, 3818
network, 1, 156
read, 2, 3754
network, 2, 156
read, 3, 3406
network, 3, 154
read, 4, 3186
network, 4, 153
read, 5, 3050
network, 5, 153
read, 6, 2738
network, 6, 148
read, 7, 2564
network, 7, 151
read, 8, 2368
network, 8, 150
read, 9, 2233
network, 9, 151
read, 10, 1981
network, 10, 148
read, 11, 1822
network, 11, 146
read, 12, 1653
network, 12, 146
read, 13, 1509
network, 13, 148
read, 14, 1332
network, 14, 147
read, 15, 1165
network, 15, 148
read, 16, 981
network, 16, 140
read, 17, 822
network, 17, 140
read, 18, 624
network, 18, 143
read, 19, 367
network, 19, 144
cmd-read, 0, 46644
# 1, 1gb, 50m, false, read
size, 0, 0
read, 0, 3683
network, 0, 166
read, 1, 3411
network, 1, 145
read, 2, 3240
network, 2, 142
read, 3, 3055
network, 3, 147
read, 4, 2896
network, 4, 147
read, 5, 2741
network, 5, 146
read, 6, 2563
network, 6, 146
read, 7, 2401
network, 7, 145
read, 8, 2242
network, 8, 146
read, 9, 2081
network, 9, 142
read, 10, 1935
network, 10, 145
read, 11, 1753
network, 11, 141
read, 12, 1616
network, 12, 145
read, 13, 1443
network, 13, 146
read, 14, 1284
network, 14, 141
read, 15, 1140
network, 15, 145
read, 16, 983
network, 16, 146
read, 17, 815
network, 17, 146
read, 18, 621
network, 18, 144
read, 19, 363
network, 19, 145
cmd-read, 0, 43224
# 1, 1gb, 50m, false, write
size, 0, 0
read, 0, 3701
network, 0, 170
write, 0, 263
read, 1, 3413
network, 1, 168
write, 1, 172
read, 2, 3261
network, 2, 143
write, 2, 178
read, 3, 3154
network, 3, 144
write, 3, 177
read, 4, 2902
network, 4, 141
write, 4, 173
read, 5, 2773
network, 5, 144
write, 5, 178
read, 6, 2567
network, 6, 141
write, 6, 177
read, 7, 2411
network, 7, 144
write, 7, 180
read, 8, 2236
network, 8, 139
write, 8, 176
read, 9, 2081
network, 9, 139
write, 9, 162
read, 10, 1926
network, 10, 140
write, 10, 186
read, 11, 1812
network, 11, 143
write, 11, 181
read, 12, 1607
network, 12, 140
write, 12, 178
read, 13, 1472
network, 13, 144
write, 13, 178
read, 14, 1291
network, 14, 141
write, 14, 180
read, 15, 1147
network, 15, 144
write, 15, 178
read, 16, 988
network, 16, 141
write, 16, 178
read, 17, 810
network, 17, 143
write, 17, 178
read, 18, 625
network, 18, 139
write, 18, 178
read, 19, 365
network, 19, 144
write, 19, 175
cmd-write, 0, 43800
# 1, 1gb, 50m, false, write
size, 0, 0
read, 0, 3615
network, 0, 167
write, 0, 262
read, 1, 3359
network, 1, 172
write, 1, 181
read, 2, 3197
network, 2, 143
write, 2, 179
read, 3, 3042
network, 3, 144
write, 3, 176
read, 4, 2905
network, 4, 142
write, 4, 172
read, 5, 2719
network, 5, 141
write, 5, 171
read, 6, 2614
network, 6, 141
write, 6, 176
read, 7, 2413
network, 7, 140
write, 7, 184
read, 8, 2231
network, 8, 137
write, 8, 174
read, 9, 2095
network, 9, 146
write, 9, 178
read, 10, 1913
network, 10, 139
write, 10, 175
read, 11, 1767
network, 11, 143
write, 11, 174
read, 12, 1608
network, 12, 141
write, 12, 178
read, 13, 1461
network, 13, 142
write, 13, 171
read, 14, 1311
network, 14, 141
write, 14, 176
read, 15, 1151
network, 15, 140
write, 15, 172
read, 16, 982
network, 16, 142
write, 16, 177
read, 17, 808
network, 17, 144
write, 17, 178
read, 18, 617
network, 18, 138
write, 18, 172
read, 19, 366
network, 19, 139
write, 19, 177
cmd-write, 0, 43422
# 1, 1gb, 50m, false, write
size, 0, 0
read, 0, 3607
network, 0, 167
write, 0, 259
read, 1, 3362
network, 1, 170
write, 1, 177
read, 2, 3189
network, 2, 144
write, 2, 173
read, 3, 3022
network, 3, 141
write, 3, 176
read, 4, 2870
network, 4, 137
write, 4, 181
read, 5, 2714
network, 5, 143
write, 5, 172
read, 6, 2554
network, 6, 140
write, 6, 177
read, 7, 2399
network, 7, 140
write, 7, 169
read, 8, 2226
network, 8, 142
write, 8, 178
read, 9, 2081
network, 9, 144
write, 9, 171
read, 10, 1916
network, 10, 139
write, 10, 173
read, 11, 1789
network, 11, 145
write, 11, 179
read, 12, 1608
network, 12, 141
write, 12, 174
read, 13, 1456
network, 13, 140
write, 13, 173
read, 14, 1296
network, 14, 139
write, 14, 179
read, 15, 1142
network, 15, 139
write, 15, 173
read, 16, 997
network, 16, 141
write, 16, 174
read, 17, 813
network, 17, 146
write, 17, 177
read, 18, 621
network, 18, 142
write, 18, 179
read, 19, 365
network, 19, 146
write, 19, 180
cmd-write, 0, 43285
# 1, 1gb, 50m, true, first
read, 0, 2617
network, 0, 0
cmd-first, 0, 2617
# 1, 1gb, 50m, true, first
read, 0, 2585
network, 0, 0
cmd-first, 0, 2585
# 1, 1gb, 50m, true, first
read, 0, 2581
network, 0, 0
cmd-first, 0, 2581
# 1, 1gb, 50m, true, read
size, 0, 0
read, 0, 4459
network, 0, 206
read, 1, 4456
network, 1, 167
read, 2, 4311
network, 2, 168
read, 3, 4091
network, 3, 163
read, 4, 3889
network, 4, 162
read, 5, 3669
network, 5, 167
read, 6, 3471
network, 6, 165
read, 7, 3242
network, 7, 167
read, 8, 3021
network, 8, 163
read, 9, 2855
network, 9, 163
read, 10, 2683
network, 10, 162
read, 11, 2685
network, 11, 164
read, 12, 2679
network, 12, 164
read, 13, 2683
network, 13, 165
read, 14, 2677
network, 14, 153
read, 15, 2685
network, 15, 157
read, 16, 2679
network, 16, 153
read, 17, 2690
network, 17, 150
read, 18, 2696
network, 18, 153
read, 19, 2634
network, 19, 153
cmd-read, 0, 67561
# 1, 1gb, 50m, true, read
size, 0, 0
read, 0, 4123
network, 0, 185
read, 1, 3960
network, 1, 148
read, 2, 3560
network, 2, 138
read, 3, 3370
network, 3, 142
read, 4, 3200
network, 4, 141
read, 5, 2882
network, 5, 139
read, 6, 2736
network, 6, 138
read, 7, 2657
network, 7, 139
read, 8, 2659
network, 8, 133
read, 9, 2660
network, 9, 133
read, 10, 2672
network, 10, 132
read, 11, 2670
network, 11, 136
read, 12, 2670
network, 12, 136
read, 13, 2671
network, 13, 134
read, 14, 2671
network, 14, 135
read, 15, 2675
network, 15, 133
read, 16, 2680
network, 16, 134
read, 17, 2686
network, 17, 136
read, 18, 2694
network, 18, 131
read, 19, 2652
network, 19, 136
cmd-read, 0, 61370
# 1, 1gb, 50m, true, read
size, 0, 0
read, 0, 3595
network, 0, 167
read, 1, 3423
network, 1, 135
read, 2, 3289
network, 2, 132
read, 3, 3118
network, 3, 135
read, 4, 2956
network, 4, 131
read, 5, 2813
network, 5, 137
read, 6, 2661
network, 6, 137
read, 7, 2660
network, 7, 136
read, 8, 2666
network, 8, 131
read, 9, 2666
network, 9, 136
read, 10, 2658
network, 10, 133
read, 11, 2663
network, 11, 136
read, 12, 2664
network, 12, 135
read, 13, 2665
network, 13, 135
read, 14, 2673
network, 14, 136
read, 15, 2669
network, 15, 136
read, 16, 2672
network, 16, 135
read, 17, 2679
network, 17, 134
read, 18, 2707
network, 18, 134
read, 19, 2654
network, 19, 133
cmd-read, 0, 59311
# 1, 1gb, 50m, true, write
size, 0, 0
read, 0, 3590
network, 0, 172
write, 0, 260
read, 1, 3419
network, 1, 162
write, 1, 190
read, 2, 3272
network, 2, 135
write, 2, 177
read, 3, 3132
network, 3, 134
write, 3, 171
read, 4, 2973
network, 4, 128
write, 4, 175
read, 5, 2804
network, 5, 131
write, 5, 172
read, 6, 2663
network, 6, 130
write, 6, 175
read, 7, 2668
network, 7, 132
write, 7, 177
read, 8, 2675
network, 8, 131
write, 8, 178
read, 9, 2667
network, 9, 134
write, 9, 178
read, 10, 2669
network, 10, 127
write, 10, 170
read, 11, 2674
network, 11, 135
write, 11, 178
read, 12, 2669
network, 12, 131
write, 12, 180
read, 13, 2670
network, 13, 134
write, 13, 179
read, 14, 2671
network, 14, 131
write, 14, 178
read, 15, 2679
network, 15, 131
write, 15, 173
read, 16, 2683
network, 16, 133
write, 16, 177
read, 17, 2679
network, 17, 131
write, 17, 179
read, 18, 2696
network, 18, 130
write, 18, 185
read, 19, 2651
network, 19, 135
write, 19, 180
cmd-write, 0, 59686
# 1, 1gb, 50m, true, write
size, 0, 0
read, 0, 3620
network, 0, 169
write, 0, 261
read, 1, 3476
network, 1, 164
write, 1, 175
read, 2, 3276
network, 2, 132
write, 2, 176
read, 3, 3155
network, 3, 136
write, 3, 179
read, 4, 3004
network, 4, 134
write, 4, 179
read, 5, 2808
network, 5, 135
write, 5, 178
read, 6, 2674
network, 6, 129
write, 6, 172
read, 7, 2658
network, 7, 136
write, 7, 179
read, 8, 2664
network, 8, 127
write, 8, 175
read, 9, 2678
network, 9, 136
write, 9, 176
read, 10, 2679
network, 10, 132
write, 10, 176
read, 11, 2686
network, 11, 133
write, 11, 174
read, 12, 2680
network, 12, 129
write, 12, 176
read, 13, 2685
network, 13, 133
write, 13, 180
read, 14, 2677
network, 14, 133
write, 14, 175
read, 15, 2687
network, 15, 138
write, 15, 184
read, 16, 2683
network, 16, 132
write, 16, 177
read, 17, 2692
network, 17, 135
write, 17, 177
read, 18, 2692
network, 18, 128
write, 18, 171
read, 19, 2653
network, 19, 136
write, 19, 171
cmd-write, 0, 59918
# 1, 1gb, 50m, true, write
size, 0, 0
read, 0, 3598
network, 0, 165
write, 0, 258
read, 1, 3409
network, 1, 159
write, 1, 179
read, 2, 3256
network, 2, 133
write, 2, 169
read, 3, 3119
network, 3, 134
write, 3, 176
read, 4, 2957
network, 4, 131
write, 4, 175
read, 5, 2813
network, 5, 136
write, 5, 176
read, 6, 2665
network, 6, 128
write, 6, 172
read, 7, 2671
network, 7, 137
write, 7, 175
read, 8, 2664
network, 8, 131
write, 8, 175
read, 9, 2664
network, 9, 134
write, 9, 173
read, 10, 2661
network, 10, 132
write, 10, 177
read, 11, 2659
network, 11, 131
write, 11, 177
read, 12, 2670
network, 12, 132
write, 12, 177
read, 13, 2673
network, 13, 136
write, 13, 175
read, 14, 2665
network, 14, 131
write, 14, 177
read, 15, 2673
network, 15, 137
write, 15, 175
read, 16, 2668
network, 16, 128
write, 16, 177
read, 17, 2676
network, 17, 138
write, 17, 177
read, 18, 2685
network, 18, 130
write, 18, 176
read, 19, 2644
network, 19, 136
write, 19, 177
cmd-write, 0, 59578
# 1, 10gb, 1gb, false, read
read, 0, 29367
network, 0, 0
cmd-first, 0, 29368
# 1, 10gb, 1gb, false, read
read, 0, 29089
network, 0, 0
cmd-first, 0, 29089
# 1, 10gb, 1gb, false, read
read, 0, 28973
network, 0, 0
cmd-first, 0, 28973
# 1, 10gb, 1gb, false, read
size, 0, 0
read, 0, 48032
network, 0, 9810
read, 1, 43104
network, 1, 9086
read, 2, 39890
network, 2, 9052
read, 3, 35738
network, 3, 9065
read, 4, 31717
network, 4, 9061
read, 5, 27549
network, 5, 9031
read, 6, 23596
network, 6, 9056
read, 7, 18468
network, 7, 9132
read, 8, 14118
network, 8, 9153
read, 9, 9448
network, 9, 9194
cmd-read, 0, 383701
# 1, 10gb, 1gb, false, read
size, 0, 0
read, 0, 50156
network, 0, 9691
read, 1, 42246
network, 1, 9097
read, 2, 38338
network, 2, 9145
read, 3, 34094
network, 3, 9186
read, 4, 30149
network, 4, 9049
read, 5, 26153
network, 5, 9186
read, 6, 22172
network, 6, 9288
read, 7, 17170
network, 7, 9112
read, 8, 13146
network, 8, 9073
read, 9, 8912
network, 9, 9270
cmd-read, 0, 375044
# 1, 10gb, 1gb, false, read
size, 0, 0
read, 0, 50107
network, 0, 9660
read, 1, 40343
network, 1, 9122
read, 2, 36667
network, 2, 9126
read, 3, 32605
network, 3, 9261
read, 4, 28616
network, 4, 9147
read, 5, 24924
network, 5, 9178
read, 6, 20908
network, 6, 9278
read, 7, 16364
network, 7, 9174
read, 8, 12385
network, 8, 9228
read, 9, 7103
network, 9, 9105
# 1, 10gb, 1gb, false, read
size, 0, 0
read, 0, 48007
network, 0, 9714
write, 0, 3445
read, 1, 43789
network, 1, 9689
write, 1, 3468
read, 2, 40048
network, 2, 9232
write, 2, 3453
read, 3, 36112
network, 3, 9163
write, 3, 3488
read, 4, 31771
network, 4, 9163
write, 4, 3457
read, 5, 27739
network, 5, 9092
write, 5, 3492
read, 6, 23785
network, 6, 9046
write, 6, 3422
read, 7, 18649
network, 7, 9131
write, 7, 3439
read, 8, 14253
network, 8, 9193
write, 8, 3417
read, 9, 8194
network, 9, 9138
read, 10, 2757
network, 10, 0
write, 9, 3394
cmd-write, 0, 389213
# 1, 10gb, 1gb, false, read
size, 0, 0
read, 0, 50341
network, 0, 9639
write, 0, 3370
read, 1, 42610
network, 1, 9576
write, 1, 3368
read, 2, 38398
network, 2, 9034
write, 2, 3433
read, 3, 34627
network, 3, 9009
write, 3, 3525
read, 4, 30495
network, 4, 9059
write, 4, 3502
read, 5, 26798
network, 5, 9124
write, 5, 3473
read, 6, 22525
network, 6, 9092
write, 6, 3492
read, 7, 17737
network, 7, 9044
write, 7, 3524
read, 8, 13325
network, 8, 9064
write, 8, 3432
read, 9, 7720
network, 9, 8985
read, 10, 2790
network, 10, 0
write, 9, 3466
cmd-write, 0, 381647
# 1, 10gb, 1gb, false, read
size, 0, 0
read, 0, 50223
network, 0, 9751
write, 0, 3437
read, 1, 40842
network, 1, 9756
write, 1, 3490
read, 2, 36534
network, 2, 9238
write, 2, 3511
read, 3, 32878
network, 3, 9269
write, 3, 3484
read, 4, 28732
network, 4, 9067
write, 4, 3523
read, 5, 24923
network, 5, 9128
write, 5, 3454
read, 6, 21170
network, 6, 9256
write, 6, 2781
read, 7, 16498
network, 7, 9169
write, 7, 3474
read, 8, 12527
network, 8, 9161
write, 8, 3376
read, 9, 7206
network, 9, 9011
read, 10, 2739
network, 10, 0
write, 9, 3386
cmd-write, 0, 369717
# 1, 10gb, 250mb, true, read
read, 0, 25995
network, 0, 0
cmd-first, 0, 25995
# 1, 10gb, 250mb, true, read
read, 0, 26036
network, 0, 0
cmd-first, 0, 26037
# 1, 10gb, 250mb, true, read
read, 0, 26142
network, 0, 0
cmd-first, 0, 26142
# 1, 10gb, 250mb, true, read
size, 0, 0
read, 0, 41227
network, 0, 925
read, 1, 40352
network, 1, 803
read, 2, 38780
network, 2, 801
read, 3, 37251
network, 3, 784
read, 4, 36079
network, 4, 778
read, 5, 34904
network, 5, 762
read, 6, 33642
network, 6, 771
read, 7, 32397
network, 7, 757
read, 8, 31146
network, 8, 750
read, 9, 30020
network, 9, 741
read, 10, 28959
network, 10, 751
read, 11, 28161
network, 11, 750
read, 12, 27264
network, 12, 750
read, 13, 26458
network, 13, 739
read, 14, 25606
network, 14, 748
read, 15, 24800
network, 15, 749
read, 16, 23952
network, 16, 753
read, 17, 23050
network, 17, 748
read, 18, 22270
network, 18, 747
read, 19, 21432
network, 19, 751
read, 20, 20599
network, 20, 749
read, 21, 19793
network, 21, 744
read, 22, 18974
network, 22, 737
read, 23, 18157
network, 23, 738
read, 24, 17342
network, 24, 742
read, 25, 16484
network, 25, 735
read, 26, 15662
network, 26, 748
read, 27, 14801
network, 27, 730
read, 28, 13979
network, 28, 750
read, 29, 13075
network, 29, 742
read, 30, 12237
network, 30, 737
read, 31, 11395
network, 31, 752
read, 32, 10438
network, 32, 753
read, 33, 9534
network, 33, 734
read, 34, 8627
network, 34, 730
read, 35, 7509
network, 35, 745
read, 36, 6459
network, 36, 745
read, 37, 5153
network, 37, 752
read, 38, 4051
network, 38, 742
read, 39, 3076
network, 39, 749
# 1, 10gb, 250mb, true, read
size, 0, 0
read, 0, 38257
network, 0, 886
read, 1, 36767
network, 1, 753
read, 2, 36086
network, 2, 757
read, 3, 35149
network, 3, 745
read, 4, 34244
network, 4, 739
read, 5, 33291
network, 5, 737
read, 6, 32742
network, 6, 753
read, 7, 31692
network, 7, 747
read, 8, 30905
network, 8, 734
read, 9, 29848
network, 9, 743
read, 10, 29174
network, 10, 731
read, 11, 28241
network, 11, 744
read, 12, 27426
network, 12, 741
read, 13, 26417
network, 13, 739
read, 14, 25722
network, 14, 748
read, 15, 24768
network, 15, 745
read, 16, 24060
network, 16, 748
read, 17, 23045
network, 17, 748
read, 18, 22287
network, 18, 754
read, 19, 21514
network, 19, 747
read, 20, 20669
network, 20, 749
read, 21, 19756
network, 21, 757
read, 22, 18989
network, 22, 754
read, 23, 18192
network, 23, 752
read, 24, 17356
network, 24, 756
read, 25, 16541
network, 25, 754
read, 26, 15633
network, 26, 752
read, 27, 14858
network, 27, 750
read, 28, 13930
network, 28, 753
read, 29, 13137
network, 29, 752
read, 30, 12213
network, 30, 733
read, 31, 11385
network, 31, 751
read, 32, 10461
network, 32, 754
read, 33, 9579
network, 33, 740
read, 34, 8685
network, 34, 745
read, 35, 7490
network, 35, 750
read, 36, 6471
network, 36, 746
read, 37, 5145
network, 37, 751
read, 38, 4054
network, 38, 761
read, 39, 3054
network, 39, 755
# 1, 10gb, 250mb, true, read
size, 0, 0
read, 0, 37937
network, 0, 874
read, 1, 36725
network, 1, 760
read, 2, 36080
network, 2, 752
read, 3, 34993
network, 3, 743
read, 4, 34236
network, 4, 741
read, 5, 33482
network, 5, 740
read, 6, 32554
network, 6, 749
read, 7, 31639
network, 7, 751
read, 8, 30740
network, 8, 749
read, 9, 29915
network, 9, 748
read, 10, 29143
network, 10, 735
read, 11, 28200
network, 11, 750
read, 12, 27294
network, 12, 752
read, 13, 26516
network, 13, 747
read, 14, 25768
network, 14, 751
read, 15, 24785
network, 15, 748
read, 16, 23966
network, 16, 755
read, 17, 23223
network, 17, 750
read, 18, 22300
network, 18, 740
read, 19, 21490
network, 19, 756
read, 20, 20784
network, 20, 734
read, 21, 19859
network, 21, 746
read, 22, 19032
network, 22, 749
read, 23, 18276
network, 23, 751
read, 24, 17386
network, 24, 745
read, 25, 16561
network, 25, 733
read, 26, 15803
network, 26, 751
read, 27, 14815
network, 27, 741
read, 28, 13989
network, 28, 751
read, 29, 13136
network, 29, 754
read, 30, 12277
network, 30, 737
read, 31, 11424
network, 31, 749
read, 32, 10508
network, 32, 740
read, 33, 9602
network, 33, 753
read, 34, 8643
network, 34, 747
read, 35, 7557
network, 35, 735
read, 36, 6517
network, 36, 749
read, 37, 5194
network, 37, 748
read, 38, 4097
network, 38, 750
read, 39, 3377
network, 39, 751
cmd-read, 0, 869972
# 1, 10gb, 250mb, true, read
size, 0, 0
read, 0, 41146
network, 0, 917
write, 0, 851
read, 1, 39565
network, 1, 930
write, 1, 877
read, 2, 38334
network, 2, 792
write, 2, 868
read, 3, 37300
network, 3, 768
write, 3, 867
read, 4, 35969
network, 4, 771
write, 4, 857
read, 5, 34610
network, 5, 746
write, 5, 852
read, 6, 33315
network, 6, 743
write, 6, 863
read, 7, 32128
network, 7, 727
write, 7, 869
read, 8, 31177
network, 8, 731
write, 8, 852
read, 9, 30551
network, 9, 737
write, 9, 857
read, 10, 29387
network, 10, 736
write, 10, 858
read, 11, 28584
network, 11, 736
write, 11, 858
read, 12, 27626
network, 12, 745
write, 12, 865
read, 13, 26805
network, 13, 729
write, 13, 876
read, 14, 25929
network, 14, 731
write, 14, 866
read, 15, 25097
network, 15, 745
write, 15, 850
read, 16, 24310
network, 16, 734
write, 16, 870
read, 17, 23495
network, 17, 733
write, 17, 888
read, 18, 22526
network, 18, 740
write, 18, 862
read, 19, 21694
network, 19, 744
write, 19, 862
read, 20, 20889
network, 20, 742
write, 20, 887
read, 21, 20035
network, 21, 738
write, 21, 887
read, 22, 19195
network, 22, 737
write, 22, 888
read, 23, 18382
network, 23, 730
write, 23, 875
read, 24, 17534
network, 24, 745
write, 24, 890
read, 25, 16651
network, 25, 741
write, 25, 872
read, 26, 15838
network, 26, 740
write, 26, 863
read, 27, 14961
network, 27, 748
write, 27, 898
read, 28, 14076
network, 28, 729
write, 28, 868
read, 29, 13226
network, 29, 734
write, 29, 860
read, 30, 12356
network, 30, 755
write, 30, 866
read, 31, 11433
network, 31, 736
write, 31, 879
read, 32, 10550
network, 32, 747
write, 32, 874
read, 33, 9642
network, 33, 748
write, 33, 872
read, 34, 8731
network, 34, 732
write, 34, 877
read, 35, 7616
network, 35, 745
write, 35, 881
read, 36, 6545
network, 36, 741
write, 36, 870
read, 37, 5218
network, 37, 741
write, 37, 721
read, 38, 4109
network, 38, 748
write, 38, 876
read, 39, 3382
network, 39, 745
write, 39, 866
cmd-write, 0, 892299
# 1, 10gb, 250mb, true, read
size, 0, 0
read, 0, 38600
network, 0, 884
write, 0, 854
read, 1, 37616
network, 1, 877
write, 1, 874
read, 2, 36693
network, 2, 739
write, 2, 846
read, 3, 35604
network, 3, 739
write, 3, 885
read, 4, 34726
network, 4, 753
write, 4, 882
read, 5, 33817
network, 5, 749
write, 5, 867
read, 6, 32859
network, 6, 752
write, 6, 866
read, 7, 32096
network, 7, 759
write, 7, 883
read, 8, 31098
network, 8, 755
write, 8, 886
read, 9, 30296
network, 9, 748
write, 9, 889
read, 10, 29360
network, 10, 754
write, 10, 884
read, 11, 28532
network, 11, 759
write, 11, 880
read, 12, 27609
network, 12, 756
write, 12, 883
read, 13, 26883
network, 13, 761
write, 13, 872
read, 14, 26045
network, 14, 761
write, 14, 893
read, 15, 25680
network, 15, 746
write, 15, 864
read, 16, 24778
network, 16, 754
write, 16, 870
read, 17, 24001
network, 17, 752
write, 17, 889
read, 18, 23149
network, 18, 750
write, 18, 874
read, 19, 22236
network, 19, 760
write, 19, 860
read, 20, 21443
network, 20, 740
write, 20, 879
read, 21, 20618
network, 21, 756
write, 21, 876
read, 22, 19783
network, 22, 755
write, 22, 861
read, 23, 18721
network, 23, 754
write, 23, 875
read, 24, 17570
network, 24, 756
write, 24, 874
read, 25, 16633
network, 25, 742
write, 25, 875
read, 26, 15874
network, 26, 751
write, 26, 852
read, 27, 15027
network, 27, 743
write, 27, 863
read, 28, 14092
network, 28, 735
write, 28, 877
read, 29, 13231
network, 29, 739
write, 29, 867
read, 30, 12350
network, 30, 743
write, 30, 865
read, 31, 11485
network, 31, 750
write, 31, 865
read, 32, 10537
network, 32, 754
write, 32, 843
read, 33, 9625
network, 33, 733
write, 33, 858
read, 34, 8729
network, 34, 752
write, 34, 860
read, 35, 7563
network, 35, 750
write, 35, 845
read, 36, 6541
network, 36, 736
write, 36, 858
read, 37, 5217
network, 37, 741
write, 37, 861
read, 38, 4131
network, 38, 731
write, 38, 845
read, 39, 3400
network, 39, 730
write, 39, 849
cmd-write, 0, 886760
# 1, 10gb, 250mb, true, read
size, 0, 0
read, 0, 38596
network, 0, 888
write, 0, 848
read, 1, 37350
network, 1, 870
write, 1, 866
read, 2, 36328
network, 2, 760
write, 2, 867
read, 3, 35563
network, 3, 748
write, 3, 872
read, 4, 34660
network, 4, 754
write, 4, 861
read, 5, 33798
network, 5, 754
write, 5, 861
read, 6, 32940
network, 6, 741
write, 6, 842
read, 7, 32095
network, 7, 748
write, 7, 859
read, 8, 31137
network, 8, 748
write, 8, 865
read, 9, 30392
network, 9, 749
write, 9, 850
read, 10, 29486
network, 10, 738
write, 10, 859
read, 11, 28535
network, 11, 742
write, 11, 866
read, 12, 27589
network, 12, 740
write, 12, 839
read, 13, 26721
network, 13, 741
write, 13, 840
read, 14, 25865
network, 14, 738
write, 14, 847
read, 15, 24985
network, 15, 744
write, 15, 877
read, 16, 24172
network, 16, 734
write, 16, 858
read, 17, 23307
network, 17, 728
write, 17, 849
read, 18, 22539
network, 18, 743
write, 18, 867
read, 19, 21684
network, 19, 743
write, 19, 847
read, 20, 20787
network, 20, 731
write, 20, 862
read, 21, 20020
network, 21, 737
write, 21, 868
read, 22, 19102
network, 22, 744
write, 22, 874
read, 23, 18280
network, 23, 744
write, 23, 877
read, 24, 17465
network, 24, 733
write, 24, 870
read, 25, 16649
network, 25, 752
write, 25, 884
read, 26, 15726
network, 26, 738
write, 26, 880
read, 27, 14908
network, 27, 731
write, 27, 864
read, 28, 14105
network, 28, 747
write, 28, 874
read, 29, 13173
network, 29, 747
write, 29, 870
read, 30, 12305
network, 30, 750
write, 30, 872
read, 31, 11395
network, 31, 755
write, 31, 875
read, 32, 10495
network, 32, 747
write, 32, 885
read, 33, 9611
network, 33, 741
write, 33, 868
read, 34, 8674
network, 34, 746
write, 34, 877
read, 35, 7520
network, 35, 740
write, 35, 861
read, 36, 6520
network, 36, 739
write, 36, 866
read, 37, 5170
network, 37, 748
write, 37, 868
read, 38, 4069
network, 38, 745
write, 38, 869
read, 39, 3060
network, 39, 742
