# Thu Sep 10 16:32:55 PDT 2015
record-value, 96
seek-chunk, 1595288049
file, 4, 262144000
file, 5, 262144000
file, 6, 262144000
file, 7, 262144000
file, 8, 262144000
file, 9, 262144000
file, 10, 262144000
file, 11, 262144000

read-start, 1, 0, 1422549852, 9766
linear-scan-start, 1422549852, 101610703
circular-read-start, 8, 1, 26214400000, 24826
circular-read-start, 7, 1, 26214400000, 24826
circular-read-start, 4, 1, 26214400000, 24826
circular-read-start, 6, 1, 26214400000, 24826
circular-read-start, 5, 1, 26214400000, 24826
circular-read-start, 9, 1, 26214400000, 24826
circular-read-start, 10, 1, 26214400000, 24826
circular-read-start, 11, 1, 26214400000, 24828
circular-read-total, 4, 1, 26214400000, 63611, 142250
circular-read-total, 7, 1, 26214400000, 63185, 142251
circular-read-total, 5, 1, 26214400000, 63215, 142253
circular-read-total, 9, 1, 26214400000, 62638, 142255
circular-read-total, 8, 1, 26214400000, 62306, 142288
circular-read-total, 10, 1, 26214400000, 63193, 142295
circular-read-total, 11, 1, 26214400000, 64074, 142297
circular-read-total, 6, 1, 26214400000, 63440, 142643
linear-scan, 164015, 1422549852
-sort , 42084, 20
-merge, 68942, 20
-last , 3354
read, 1, 1422549852, 179074
network, 1, 576195

read-start, 2, 1422549852, 674602148, 765053
linear-scan-start, 674602148, 101610703
circular-read-start, 4, 2, 26214400000, 766597
circular-read-start, 7, 2, 26214400000, 766597
circular-read-start, 9, 2, 26214400000, 766597
circular-read-start, 11, 2, 26214400000, 766597
circular-read-start, 6, 2, 26214400000, 766597
circular-read-start, 5, 2, 26214400000, 766597
circular-read-start, 10, 2, 26214400000, 766597
circular-read-start, 8, 2, 26214400000, 766597
duplicate-rec, 1, ada680100024a423732e
circular-read-total, 5, 2, 26214400000, 62310, 63592
circular-read-total, 9, 2, 26214400000, 61721, 64174
circular-read-total, 4, 2, 26214400000, 65279, 66362
circular-read-total, 11, 2, 26214400000, 64998, 66539
circular-read-total, 8, 2, 26214400000, 66422, 67537
circular-read-total, 7, 2, 26214400000, 66651, 67772
circular-read-total, 6, 2, 26214400000, 66879, 68026
circular-read-total, 10, 2, 26214400000, 68024, 69135
linear-scan, 71904, 674602148
-sort , 14609, 7
-merge, 17426, 7
-last , 2532
read, 2, 674602148, 73448
network, 2, 307804

exit, 1147144
