# Thu Sep 10 16:32:55 PDT 2015
record-value, 96
seek-chunk, 1595288049
file, 4, 262144000
file, 5, 262144000
file, 6, 262144000
file, 7, 262144000
file, 8, 262144000
file, 9, 262144000
file, 10, 262144000
file, 11, 262144000

read-start, 1, 0, 1422549852, 1972
linear-scan-start, 1422549852, 101610703
circular-read-start, 5, 1, 26214400000, 16719
circular-read-start, 6, 1, 26214400000, 16719
circular-read-start, 9, 1, 26214400000, 16719
circular-read-start, 4, 1, 26214400000, 16719
circular-read-start, 10, 1, 26214400000, 16719
circular-read-start, 11, 1, 26214400000, 16719
circular-read-start, 8, 1, 26214400000, 16720
circular-read-start, 7, 1, 26214400000, 16720
circular-read-total, 4, 1, 26214400000, 61203, 142346
circular-read-total, 10, 1, 26214400000, 61458, 142351
circular-read-total, 7, 1, 26214400000, 60779, 142351
circular-read-total, 5, 1, 26214400000, 60740, 142352
circular-read-total, 8, 1, 26214400000, 61201, 142356
circular-read-total, 11, 1, 26214400000, 62410, 142413
circular-read-total, 9, 1, 26214400000, 125284, 142615
circular-read-total, 6, 1, 26214400000, 60828, 142630
linear-scan, 163670, 1422549852
-sort , 42043, 20
-merge, 67925, 20
-last , 3455
read, 1, 1422549852, 178416
network, 1, 576281

read-start, 2, 1422549852, 674602148, 756710
linear-scan-start, 674602148, 101610703
circular-read-start, 4, 2, 26214400000, 758308
circular-read-start, 7, 2, 26214400000, 758308
circular-read-start, 10, 2, 26214400000, 758308
circular-read-start, 6, 2, 26214400000, 758308
circular-read-start, 9, 2, 26214400000, 758308
circular-read-start, 8, 2, 26214400000, 758308
circular-read-start, 5, 2, 26214400000, 758308
circular-read-start, 11, 2, 26214400000, 758308
duplicate-rec, 1, ada61729bc25e7a3a97b
circular-read-total, 4, 2, 26214400000, 68345, 90493
circular-read-total, 11, 2, 26214400000, 66874, 90559
circular-read-total, 7, 2, 26214400000, 68813, 90578
circular-read-total, 5, 2, 26214400000, 67958, 90628
circular-read-total, 8, 2, 26214400000, 66779, 90672
circular-read-total, 6, 2, 26214400000, 66961, 90707
circular-read-total, 10, 2, 26214400000, 68112, 90823
circular-read-total, 9, 2, 26214400000, 103399, 104664
linear-scan, 107339, 674602148
-sort , 14791, 7
-merge, 13189, 7
-last , 2462
read, 2, 674602148, 108937
network, 2, 272790

exit, 1139356
