# Thu Sep 24 20:24:26 PDT 2015
start, 0
myid, 0
disks, 1
disk-path, /mnt/b
in-files, 1
mybuckets, 12
local-bucket, 0, 0, 0
local-bucket, 3, 1, 0
local-bucket, 6, 2, 0
local-bucket, 9, 3, 0
local-bucket, 12, 4, 0
local-bucket, 15, 5, 0
local-bucket, 18, 6, 0
local-bucket, 21, 7, 0
local-bucket, 24, 8, 0
local-bucket, 27, 9, 0
local-bucket, 30, 10, 0
local-bucket, 33, 11, 0
buckets, 36
bucket, 0, 0
bucket, 1, 1
bucket, 2, 2
bucket, 3, 0
bucket, 4, 1
bucket, 5, 2
bucket, 6, 0
bucket, 7, 1
bucket, 8, 2
bucket, 9, 0
bucket, 10, 1
bucket, 11, 2
bucket, 12, 0
bucket, 13, 1
bucket, 14, 2
bucket, 15, 0
bucket, 16, 1
bucket, 17, 2
bucket, 18, 0
bucket, 19, 1
bucket, 20, 2
bucket, 21, 0
bucket, 22, 1
bucket, 23, 2
bucket, 24, 0
bucket, 25, 1
bucket, 26, 2
bucket, 27, 0
bucket, 28, 1
bucket, 29, 2
bucket, 30, 0
bucket, 31, 1
bucket, 32, 2
bucket, 33, 0
bucket, 34, 1
bucket, 35, 2
nodes, 3
backend, 172.30.0.37:9000
backend, 172.30.0.39:9000
backend, 172.30.0.38:9000
phase-one-start, 13
p0, listen, 0.0.0.0:9000
disk, 0, /mnt/b, 12
p1, disk-start, 14
p0, connect, 172.30.0.37:9000
p0, connect, 172.30.0.39:9000
p0, connect, 172.30.0.38:9000
p1, netout-start, 10015
p0, new-connection, 172.30.0.39:41779
p0, new-connection, 172.30.0.37:56686
p0, new-connection, 172.30.0.38:43227
p1, send-start, 10031
p1, recv-start, 10031
circular-read-start, 3, 1, 166666666700, 10031
circular-read-total, 3, 1, 166666666700, 479394, 1096776
p1, disk-done, 1129376, 1119344
p1, recv-end, 1286271, 1276239
p1, send-end, 1286271, 1276240
p1, netout-done, 1286275, 1276260, 1273671
p1, disk-drained, 1286291, 1286276, 4
p1, disk-write, 1286291, 1286276, 792686
p1, disk-end, 1286291, 1286277
phase-one-end, 1286291, 1286277
phase-two-start, 1286291
sort-disk, 1995450, 0, 53685, 337614, 367201
phase-two-end, 1995450, 709159
finish, 1995450, 1985437
