# Thu Sep 24 20:24:26 PDT 2015
start, 0
myid, 1
disks, 1
disk-path, /mnt/b
in-files, 1
mybuckets, 12
local-bucket, 1, 0, 0
local-bucket, 4, 1, 0
local-bucket, 7, 2, 0
local-bucket, 10, 3, 0
local-bucket, 13, 4, 0
local-bucket, 16, 5, 0
local-bucket, 19, 6, 0
local-bucket, 22, 7, 0
local-bucket, 25, 8, 0
local-bucket, 28, 9, 0
local-bucket, 31, 10, 0
local-bucket, 34, 11, 0
buckets, 36
bucket, 0, 0
bucket, 1, 1
bucket, 2, 2
bucket, 3, 0
bucket, 4, 1
bucket, 5, 2
bucket, 6, 0
bucket, 7, 1
bucket, 8, 2
bucket, 9, 0
bucket, 10, 1
bucket, 11, 2
bucket, 12, 0
bucket, 13, 1
bucket, 14, 2
bucket, 15, 0
bucket, 16, 1
bucket, 17, 2
bucket, 18, 0
bucket, 19, 1
bucket, 20, 2
bucket, 21, 0
bucket, 22, 1
bucket, 23, 2
bucket, 24, 0
bucket, 25, 1
bucket, 26, 2
bucket, 27, 0
bucket, 28, 1
bucket, 29, 2
bucket, 30, 0
bucket, 31, 1
bucket, 32, 2
bucket, 33, 0
bucket, 34, 1
bucket, 35, 2
nodes, 3
backend, 172.30.0.37:9000
backend, 172.30.0.39:9000
backend, 172.30.0.38:9000
phase-one-start, 11
p0, listen, 0.0.0.0:9000
disk, 0, /mnt/b, 12
p1, disk-start, 12
p0, connect, 172.30.0.37:9000
p0, connect, 172.30.0.39:9000
p0, connect, 172.30.0.38:9000
p1, netout-start, 10014
p0, new-connection, 172.30.0.39:60683
p0, new-connection, 172.30.0.37:34110
p0, new-connection, 172.30.0.38:43337
p1, send-start, 10143
p1, recv-start, 10144
circular-read-start, 3, 1, 166666666700, 10144
circular-read-total, 3, 1, 166666666700, 448318, 1097143
p1, disk-done, 1130314, 1120170
p1, netout-done, 1284298, 1274284, 1272152
p1, recv-end, 1286413, 1276269
p1, send-end, 1286413, 1276269
p1, disk-drained, 1286427, 1286414, 0
p1, disk-write, 1286427, 1286414, 747504
p1, disk-end, 1286427, 1286414
phase-one-end, 1286427, 1286415
phase-two-start, 1286427
sort-disk, 1972444, 0, 54009, 315174, 366555
phase-two-end, 1972445, 686017
finish, 1972445, 1962433
