# Thu Sep 24 20:24:26 PDT 2015
start, 0
myid, 2
disks, 1
disk-path, /mnt/b
in-files, 1
mybuckets, 12
local-bucket, 2, 0, 0
local-bucket, 5, 1, 0
local-bucket, 8, 2, 0
local-bucket, 11, 3, 0
local-bucket, 14, 4, 0
local-bucket, 17, 5, 0
local-bucket, 20, 6, 0
local-bucket, 23, 7, 0
local-bucket, 26, 8, 0
local-bucket, 29, 9, 0
local-bucket, 32, 10, 0
local-bucket, 35, 11, 0
buckets, 36
bucket, 0, 0
bucket, 1, 1
bucket, 2, 2
bucket, 3, 0
bucket, 4, 1
bucket, 5, 2
bucket, 6, 0
bucket, 7, 1
bucket, 8, 2
bucket, 9, 0
bucket, 10, 1
bucket, 11, 2
bucket, 12, 0
bucket, 13, 1
bucket, 14, 2
bucket, 15, 0
bucket, 16, 1
bucket, 17, 2
bucket, 18, 0
bucket, 19, 1
bucket, 20, 2
bucket, 21, 0
bucket, 22, 1
bucket, 23, 2
bucket, 24, 0
bucket, 25, 1
bucket, 26, 2
bucket, 27, 0
bucket, 28, 1
bucket, 29, 2
bucket, 30, 0
bucket, 31, 1
bucket, 32, 2
bucket, 33, 0
bucket, 34, 1
bucket, 35, 2
nodes, 3
backend, 172.30.0.37:9000
backend, 172.30.0.39:9000
backend, 172.30.0.38:9000
phase-one-start, 15
p0, listen, 0.0.0.0:9000
disk, 0, /mnt/b, 12
p1, disk-start, 16
p0, connect, 172.30.0.37:9000
p0, connect, 172.30.0.39:9000
p0, connect, 172.30.0.38:9000
p1, netout-start, 10017
p0, new-connection, 172.30.0.39:55269
p0, new-connection, 172.30.0.37:37020
p0, new-connection, 172.30.0.38:42099
p1, send-start, 10018
p1, recv-start, 10018
circular-read-start, 3, 1, 166666666700, 10018
circular-read-total, 3, 1, 166666666700, 454594, 1092256
p1, disk-done, 1125038, 1115019
p1, netout-done, 1279390, 1269372, 1266736
p1, recv-end, 1286438, 1276419
p1, send-end, 1286438, 1276420
p1, disk-drained, 1286457, 1286440, 4
p1, disk-write, 1286457, 1286440, 765371
p1, disk-end, 1286457, 1286441
phase-one-end, 1286457, 1286442
phase-two-start, 1286457
sort-disk, 1966587, 0, 53801, 310007, 365849
phase-two-end, 1966588, 680130
finish, 1966588, 1956572
