# Sun Sep 20 22:44:16 PDT 2015
# 19, 70, 0, read
max-chunk, 3, 1, 171511808, 0
chunk-size, 171511808, 1229
disks, 8

size, 3, 2, 700000000, 0
size, 4, 1, 700000000, 0
size, 5, 1, 700000000, 0
size, 6, 1, 700000000, 0
size, 7, 1, 700000000, 0
size, 8, 1, 700000000, 0
size, 9, 1, 700000000, 0
size, 10, 1, 700000000, 0
size, 11, 1, 700000000, 0
size, 12, 1, 700000000, 0
size, 13, 1, 700000000, 0
size, 14, 1, 700000000, 0
size, 15, 1, 700000000, 0
size, 16, 1, 700000000, 0
size, 17, 1, 700000000, 0
size, 18, 1, 700000000, 0
size, 19, 1, 700000000, 0
size, 20, 1, 700000000, 0
size, 21, 1, 700000000, 0
size, 22, 1, 700000000, 0


read-start, 3, 1, 0, 171511808, 39
read-start, 4, 1, 0, 171511808, 39
read-start, 5, 1, 0, 171511808, 39
read-start, 6, 1, 0, 171511808, 39
read-start, 7, 1, 0, 171511808, 39
read-start, 8, 1, 0, 171511808, 39
read-start, 9, 1, 0, 171511808, 39
read-start, 10, 1, 0, 171511808, 39
read-start, 11, 1, 0, 171511808, 39
read-start, 12, 1, 0, 171511808, 39
read-start, 13, 1, 0, 171511808, 39
read-start, 14, 1, 0, 171511808, 39
read-start, 15, 1, 0, 171511808, 39
read-start, 16, 1, 0, 171511808, 39
read-start, 17, 1, 0, 171511808, 39
read-start, 18, 1, 0, 171511808, 39
read-start, 19, 1, 0, 171511808, 39
read-start, 20, 1, 0, 171511808, 39
read-start, 21, 1, 0, 171511808, 39
read-start, 22, 1, 0, 171511808, 39
read-wait, 3, 1, 0
read, 3, 1, 0, 171511808, 160724
circular-read-start, 3, 1, 17151180800, 160763
read-wait, 4, 1, 160890
read, 4, 1, 0, 171511808, 162359
circular-read-start, 4, 1, 17151180800, 162398
read-wait, 5, 1, 162559
read, 5, 1, 0, 171511808, 162559
circular-read-start, 5, 1, 17151180800, 162599
read-wait, 6, 1, 162561
read, 6, 1, 0, 171511808, 163256
circular-read-start, 6, 1, 17151180800, 163295
read-wait, 7, 1, 163427
read, 7, 1, 0, 171511808, 163427
circular-read-start, 7, 1, 17151180800, 163467
read-wait, 8, 1, 163429
read, 8, 1, 0, 171511808, 163429
circular-read-start, 8, 1, 17151180800, 163469
read-wait, 9, 1, 163432
read, 9, 1, 0, 171511808, 163432
circular-read-start, 9, 1, 17151180800, 163471
read-wait, 10, 1, 163434
read, 10, 1, 0, 171511808, 163434
circular-read-start, 10, 1, 17151180800, 163473
read-wait, 11, 1, 163436
read, 11, 1, 0, 171511808, 163436
circular-read-start, 11, 1, 17151180800, 163475
read-wait, 12, 1, 163438
read, 12, 1, 0, 171511808, 163438
circular-read-start, 12, 1, 17151180800, 163477
read-wait, 13, 1, 163439
read, 13, 1, 0, 171511808, 163439
circular-read-start, 13, 1, 17151180800, 163479
read-wait, 14, 1, 163441
read, 14, 1, 0, 171511808, 163441
circular-read-start, 14, 1, 17151180800, 163480
read-wait, 15, 1, 163443
read, 15, 1, 0, 171511808, 163444
circular-read-start, 15, 1, 17151180800, 163483
read-wait, 16, 1, 163446
read, 16, 1, 0, 171511808, 163446
circular-read-start, 16, 1, 17151180800, 163485
read-wait, 17, 1, 163448
read, 17, 1, 0, 171511808, 163448
circular-read-start, 17, 1, 17151180800, 163488
read-wait, 18, 1, 163450
read, 18, 1, 0, 171511808, 163450
circular-read-start, 18, 1, 17151180800, 163490
read-wait, 19, 1, 163453
read, 19, 1, 0, 171511808, 163453
circular-read-start, 19, 1, 17151180800, 163492
read-wait, 20, 1, 163455
read, 20, 1, 0, 171511808, 163455
circular-read-start, 20, 1, 17151180800, 163494
read-wait, 21, 1, 163457
read, 21, 1, 0, 171511808, 163458
circular-read-start, 21, 1, 17151180800, 163497
read-wait, 22, 1, 163460
read, 22, 1, 0, 171511808, 163460
circular-read-start, 22, 1, 17151180800, 163499
read-start, 17, 2, 171511808, 171511808, 468568
circular-read-total, 17, 1, 17151180800, 7752, 305111
read-start, 5, 2, 171511808, 171511808, 471236
circular-read-total, 5, 1, 17151180800, 5960, 308691
read-start, 15, 2, 171511808, 171511808, 474537
circular-read-total, 15, 1, 17151180800, 7452, 311094
read-start, 4, 2, 171511808, 171511808, 476760
circular-read-total, 4, 1, 17151180800, 5472, 314385
read-start, 8, 2, 171511808, 171511808, 481590
circular-read-total, 8, 1, 17151180800, 9033, 318169
read-start, 3, 2, 171511808, 171511808, 481640
circular-read-total, 3, 1, 17151180800, 7500, 320894
read-start, 22, 2, 171511808, 171511808, 483200
circular-read-total, 22, 1, 17151180800, 8361, 319720
read-start, 9, 2, 171511808, 171511808, 484243
circular-read-total, 9, 1, 17151180800, 7709, 320793
read-start, 13, 2, 171511808, 171511808, 484566
circular-read-total, 13, 1, 17151180800, 6090, 321113
read-start, 19, 2, 171511808, 171511808, 485207
circular-read-total, 19, 1, 17151180800, 7155, 321762
read-start, 6, 2, 171511808, 171511808, 486033
circular-read-total, 6, 1, 17151180800, 5842, 322759
read-start, 16, 2, 171511808, 171511808, 488561
circular-read-total, 16, 1, 17151180800, 8315, 325104
read-start, 14, 2, 171511808, 171511808, 488944
circular-read-total, 14, 1, 17151180800, 5166, 325469
read-start, 11, 2, 171511808, 171511808, 489019
circular-read-total, 11, 1, 17151180800, 6887, 325552
read-start, 7, 2, 171511808, 171511808, 491429
circular-read-total, 7, 1, 17151180800, 7761, 328002
read-start, 12, 2, 171511808, 171511808, 492119
circular-read-total, 12, 1, 17151180800, 5523, 328668
read-start, 18, 2, 171511808, 171511808, 492630
circular-read-total, 18, 1, 17151180800, 7136, 329151
read-start, 20, 2, 171511808, 171511808, 493651
circular-read-total, 20, 1, 17151180800, 5939, 330172
read-start, 21, 2, 171511808, 171511808, 495757
circular-read-total, 21, 1, 17151180800, 5879, 332270
read-start, 10, 2, 171511808, 171511808, 496337
circular-read-total, 10, 1, 17151180800, 5222, 332874
read-wait, 16, 2, 24764
read, 16, 2, 171511808, 171511808, 145915
circular-read-start, 16, 2, 17151180800, 634476
read-wait, 13, 2, 150055
read, 13, 2, 171511808, 171511808, 150055
circular-read-start, 13, 2, 17151180800, 634622
read-wait, 8, 2, 153035
read, 8, 2, 171511808, 171511808, 153035
circular-read-start, 8, 2, 17151180800, 634626
read-wait, 18, 2, 141999
read, 18, 2, 171511808, 171511808, 145793
circular-read-start, 18, 2, 17151180800, 638423
read-wait, 11, 2, 149547
read, 11, 2, 171511808, 171511808, 149547
circular-read-start, 11, 2, 17151180800, 638567
read-wait, 7, 2, 147147
read, 7, 2, 171511808, 171511808, 147147
circular-read-start, 7, 2, 17151180800, 638577
read-wait, 22, 2, 155382
read, 22, 2, 171511808, 171511808, 155382
circular-read-start, 22, 2, 17151180800, 638583
read-wait, 10, 2, 142247
read, 10, 2, 171511808, 171511808, 145284
circular-read-start, 10, 2, 17151180800, 641621
read-wait, 17, 2, 173197
read, 17, 2, 171511808, 171511808, 173197
circular-read-start, 17, 2, 17151180800, 641765
read-wait, 15, 2, 167230
read, 15, 2, 171511808, 171511808, 167230
circular-read-start, 15, 2, 17151180800, 641767
read-wait, 21, 2, 146018
read, 21, 2, 171511808, 171511808, 146018
circular-read-start, 21, 2, 17151180800, 641776
read-wait, 9, 2, 157537
read, 9, 2, 171511808, 171511808, 157537
circular-read-start, 9, 2, 17151180800, 641781
read-wait, 14, 2, 152842
read, 14, 2, 171511808, 171511808, 152842
circular-read-start, 14, 2, 17151180800, 641787
read-wait, 3, 2, 160150
read, 3, 2, 171511808, 171511808, 160150
circular-read-start, 3, 2, 17151180800, 641791
read-wait, 12, 2, 149675
read, 12, 2, 171511808, 171511808, 149675
circular-read-start, 12, 2, 17151180800, 641795
read-wait, 6, 2, 155766
read, 6, 2, 171511808, 171511808, 155766
circular-read-start, 6, 2, 17151180800, 641800
read-wait, 20, 2, 148156
read, 20, 2, 171511808, 171511808, 148156
circular-read-start, 20, 2, 17151180800, 641807
read-wait, 5, 2, 170579
read, 5, 2, 171511808, 171511808, 170579
circular-read-start, 5, 2, 17151180800, 641815
read-wait, 4, 2, 165056
read, 4, 2, 171511808, 171511808, 165056
circular-read-start, 4, 2, 17151180800, 641817
read-wait, 19, 2, 156617
read, 19, 2, 171511808, 171511808, 156617
circular-read-start, 19, 2, 17151180800, 641825
read-start, 17, 3, 343023616, 171511808, 960451
circular-read-total, 17, 2, 17151180800, 9597, 318700
read-start, 13, 3, 343023616, 171511808, 960883
circular-read-total, 13, 2, 17151180800, 8756, 326286
read-start, 19, 3, 343023616, 171511808, 961266
circular-read-total, 19, 2, 17151180800, 7149, 319445
read-start, 15, 3, 343023616, 171511808, 961296
circular-read-total, 15, 2, 17151180800, 9898, 319583
read-start, 20, 3, 343023616, 171511808, 962272
circular-read-total, 20, 2, 17151180800, 5210, 320515
read-start, 7, 3, 343023616, 171511808, 962634
circular-read-total, 7, 2, 17151180800, 8283, 324114
read-start, 8, 3, 343023616, 171511808, 963211
circular-read-total, 8, 2, 17151180800, 8389, 328615
read-start, 14, 3, 343023616, 171511808, 963713
circular-read-total, 14, 2, 17151180800, 8276, 321961
read-start, 12, 3, 343023616, 171511808, 965953
circular-read-total, 12, 2, 17151180800, 5444, 324197
read-start, 4, 3, 343023616, 171511808, 969421
circular-read-total, 4, 2, 17151180800, 8123, 327619
read-start, 9, 3, 343023616, 171511808, 969566
circular-read-total, 9, 2, 17151180800, 7330, 327826
read-start, 11, 3, 343023616, 171511808, 970100
circular-read-total, 11, 2, 17151180800, 8736, 331552
read-start, 5, 3, 343023616, 171511808, 970611
circular-read-total, 5, 2, 17151180800, 9262, 328815
read-start, 22, 3, 343023616, 171511808, 973087
circular-read-total, 22, 2, 17151180800, 8652, 334538
read-start, 18, 3, 343023616, 171511808, 984242
circular-read-total, 18, 2, 17151180800, 7540, 345833
read-start, 3, 3, 343023616, 171511808, 990382
circular-read-total, 3, 2, 17151180800, 6038, 348604
read-start, 21, 3, 343023616, 171511808, 990957
circular-read-total, 21, 2, 17151180800, 7328, 349195
read-start, 10, 3, 343023616, 171511808, 991754
circular-read-total, 10, 2, 17151180800, 6018, 350143
read-start, 16, 3, 343023616, 171511808, 992270
circular-read-total, 16, 2, 17151180800, 8788, 357809
read-start, 6, 3, 343023616, 171511808, 993987
circular-read-total, 6, 2, 17151180800, 5334, 352200
read-wait, 11, 3, 35918
read, 11, 3, 343023616, 171511808, 145754
circular-read-start, 11, 3, 17151180800, 1115854
read-wait, 16, 3, 123755
read, 16, 3, 343023616, 171511808, 146113
circular-read-start, 16, 3, 17151180800, 1138383
read-wait, 10, 3, 146777
read, 10, 3, 343023616, 171511808, 146777
circular-read-start, 10, 3, 17151180800, 1138532
read-wait, 8, 3, 175326
read, 8, 3, 343023616, 171511808, 175326
circular-read-start, 8, 3, 17151180800, 1138537
read-wait, 18, 3, 154296
read, 18, 3, 343023616, 171511808, 154296
circular-read-start, 18, 3, 17151180800, 1138539
read-wait, 22, 3, 165461
read, 22, 3, 343023616, 171511808, 165461
circular-read-start, 22, 3, 17151180800, 1138549
read-wait, 12, 3, 172601
read, 12, 3, 343023616, 171511808, 172601
circular-read-start, 12, 3, 17151180800, 1138555
read-wait, 15, 3, 177263
read, 15, 3, 343023616, 171511808, 177263
circular-read-start, 15, 3, 17151180800, 1138560
read-wait, 20, 3, 176297
read, 20, 3, 343023616, 171511808, 176297
circular-read-start, 20, 3, 17151180800, 1138570
read-wait, 14, 3, 174858
read, 14, 3, 343023616, 171511808, 174858
circular-read-start, 14, 3, 17151180800, 1138572
read-wait, 9, 3, 169011
read, 9, 3, 343023616, 171511808, 169011
circular-read-start, 9, 3, 17151180800, 1138577
read-wait, 13, 3, 177696
read, 13, 3, 343023616, 171511808, 177696
circular-read-start, 13, 3, 17151180800, 1138579
read-wait, 6, 3, 144598
read, 6, 3, 343023616, 171511808, 146462
circular-read-start, 6, 3, 17151180800, 1140449
read-wait, 3, 3, 150214
read, 3, 3, 343023616, 171511808, 150214
circular-read-start, 3, 3, 17151180800, 1140597
read-wait, 17, 3, 180149
read, 17, 3, 343023616, 171511808, 180149
circular-read-start, 17, 3, 17151180800, 1140600
read-wait, 4, 3, 171189
read, 4, 3, 343023616, 171511808, 171189
circular-read-start, 4, 3, 17151180800, 1140611
read-wait, 21, 3, 149660
read, 21, 3, 343023616, 171511808, 149660
circular-read-start, 21, 3, 17151180800, 1140618
read-wait, 19, 3, 179363
read, 19, 3, 343023616, 171511808, 179363
circular-read-start, 19, 3, 17151180800, 1140629
read-wait, 7, 3, 178004
read, 7, 3, 343023616, 171511808, 178004
circular-read-start, 7, 3, 17151180800, 1140638
read-wait, 5, 3, 170031
read, 5, 3, 343023616, 171511808, 170031
circular-read-start, 5, 3, 17151180800, 1140643
read-start, 13, 4, 514535424, 171511808, 1444560
circular-read-total, 13, 3, 17151180800, 9766, 306007
read-start, 11, 4, 514535424, 171511808, 1447789
circular-read-total, 11, 3, 17151180800, 7478, 331962
read-start, 8, 4, 514535424, 171511808, 1449596
circular-read-total, 8, 3, 17151180800, 9547, 311083
read-start, 19, 4, 514535424, 171511808, 1449810
circular-read-total, 19, 3, 17151180800, 7558, 309213
read-start, 22, 4, 514535424, 171511808, 1450202
circular-read-total, 22, 3, 17151180800, 9809, 311677
read-start, 20, 4, 514535424, 171511808, 1450945
circular-read-total, 20, 3, 17151180800, 7155, 312382
read-start, 16, 4, 514535424, 171511808, 1451609
circular-read-total, 16, 3, 17151180800, 10938, 313248
read-start, 17, 4, 514535424, 171511808, 1451807
circular-read-total, 17, 3, 17151180800, 8762, 311234
read-start, 21, 4, 514535424, 171511808, 1455164
circular-read-total, 21, 3, 17151180800, 9468, 314564
read-start, 4, 4, 514535424, 171511808, 1455476
circular-read-total, 4, 3, 17151180800, 8270, 314884
read-start, 7, 4, 514535424, 171511808, 1456489
circular-read-total, 7, 3, 17151180800, 8110, 315865
read-start, 9, 4, 514535424, 171511808, 1456905
circular-read-total, 9, 3, 17151180800, 9052, 318337
read-start, 12, 4, 514535424, 171511808, 1457678
circular-read-total, 12, 3, 17151180800, 9964, 319137
read-start, 5, 4, 514535424, 171511808, 1457810
circular-read-total, 5, 3, 17151180800, 8652, 317181
read-start, 14, 4, 514535424, 171511808, 1458044
circular-read-total, 14, 3, 17151180800, 9815, 319498
read-start, 10, 4, 514535424, 171511808, 1458427
circular-read-total, 10, 3, 17151180800, 6177, 319904
read-start, 15, 4, 514535424, 171511808, 1458512
circular-read-total, 15, 3, 17151180800, 7931, 319984
read-start, 6, 4, 514535424, 171511808, 1463423
circular-read-total, 6, 3, 17151180800, 5242, 322988
read-start, 3, 4, 514535424, 171511808, 1463728
circular-read-total, 3, 3, 17151180800, 8173, 323145
read-start, 18, 4, 514535424, 171511808, 1465548
circular-read-total, 18, 3, 17151180800, 9427, 327023
read-wait, 11, 4, 31114
read, 11, 4, 514535424, 171511808, 145468
circular-read-start, 11, 4, 17151180800, 1593258
read-wait, 13, 4, 148847
read, 13, 4, 514535424, 171511808, 149044
circular-read-start, 13, 4, 17151180800, 1593605
read-wait, 16, 4, 142164
read, 16, 4, 514535424, 171511808, 145732
circular-read-start, 16, 4, 17151180800, 1597341
read-wait, 18, 4, 131937
read, 18, 4, 514535424, 171511808, 145452
circular-read-start, 18, 4, 17151180800, 1611001
read-wait, 20, 4, 160204
read, 20, 4, 514535424, 171511808, 160204
circular-read-start, 20, 4, 17151180800, 1611151
read-wait, 22, 4, 160955
read, 22, 4, 514535424, 171511808, 160955
circular-read-start, 22, 4, 17151180800, 1611158
read-wait, 12, 4, 153485
read, 12, 4, 514535424, 171511808, 153485
circular-read-start, 12, 4, 17151180800, 1611164
read-wait, 10, 4, 152743
read, 10, 4, 514535424, 171511808, 152743
circular-read-start, 10, 4, 17151180800, 1611171
read-wait, 9, 4, 154268
read, 9, 4, 514535424, 171511808, 154268
circular-read-start, 9, 4, 17151180800, 1611173
read-wait, 8, 4, 161585
read, 8, 4, 514535424, 171511808, 161585
circular-read-start, 8, 4, 17151180800, 1611182
read-wait, 17, 4, 159376
read, 17, 4, 514535424, 171511808, 159376
circular-read-start, 17, 4, 17151180800, 1611183
read-wait, 15, 4, 152674
read, 15, 4, 514535424, 171511808, 152674
circular-read-start, 15, 4, 17151180800, 1611186
read-wait, 6, 4, 147766
read, 6, 4, 514535424, 171511808, 147766
circular-read-start, 6, 4, 17151180800, 1611189
read-wait, 21, 4, 156032
read, 21, 4, 514535424, 171511808, 156032
circular-read-start, 21, 4, 17151180800, 1611196
read-wait, 14, 4, 153158
read, 14, 4, 514535424, 171511808, 153158
circular-read-start, 14, 4, 17151180800, 1611203
read-wait, 7, 4, 154717
read, 7, 4, 514535424, 171511808, 154717
circular-read-start, 7, 4, 17151180800, 1611207
read-wait, 5, 4, 153409
read, 5, 4, 514535424, 171511808, 153409
circular-read-start, 5, 4, 17151180800, 1611220
read-wait, 19, 4, 161416
read, 19, 4, 514535424, 171511808, 161416
circular-read-start, 19, 4, 17151180800, 1611227
read-wait, 3, 4, 147500
read, 3, 4, 514535424, 171511808, 147500
circular-read-start, 3, 4, 17151180800, 1611229
read-wait, 4, 4, 155762
read, 4, 4, 514535424, 171511808, 155762
circular-read-start, 4, 4, 17151180800, 1611239
read-start, 7, 5, 686047232, 13952768, 1925529
circular-read-total, 7, 4, 17151180800, 9856, 314382
read-start, 20, 5, 686047232, 13952768, 1927674
circular-read-total, 20, 4, 17151180800, 8685, 316580
read-start, 19, 5, 686047232, 13952768, 1930345
circular-read-total, 19, 4, 17151180800, 9076, 319176
read-start, 15, 5, 686047232, 13952768, 1931193
circular-read-total, 15, 4, 17151180800, 7543, 320063
read-start, 13, 5, 686047232, 13952768, 1931743
circular-read-total, 13, 4, 17151180800, 6680, 338195
read-start, 17, 5, 686047232, 13952768, 1932281
circular-read-total, 17, 4, 17151180800, 8997, 321124
read-start, 9, 5, 686047232, 13952768, 1932711
circular-read-total, 9, 4, 17151180800, 8186, 321538
read-start, 5, 5, 686047232, 13952768, 1936889
circular-read-total, 5, 4, 17151180800, 6538, 325727
read-start, 12, 5, 686047232, 13952768, 1937204
circular-read-total, 12, 4, 17151180800, 7540, 326074
read-start, 11, 5, 686047232, 13952768, 1938258
circular-read-total, 11, 4, 17151180800, 5207, 345036
read-start, 22, 5, 686047232, 13952768, 1938720
circular-read-total, 22, 4, 17151180800, 8107, 327607
read-start, 8, 5, 686047232, 13952768, 1938997
circular-read-total, 8, 4, 17151180800, 8976, 327854
read-start, 14, 5, 686047232, 13952768, 1940258
circular-read-total, 14, 4, 17151180800, 9812, 329105
read-start, 4, 5, 686047232, 13952768, 1944844
circular-read-total, 4, 4, 17151180800, 7661, 333626
read-start, 10, 5, 686047232, 13952768, 1957171
circular-read-total, 10, 4, 17151180800, 7087, 346016
read-start, 21, 5, 686047232, 13952768, 1959775
circular-read-total, 21, 4, 17151180800, 7061, 348594
read-start, 16, 5, 686047232, 13952768, 1962208
circular-read-total, 16, 4, 17151180800, 3971, 364867
read-start, 6, 5, 686047232, 13952768, 1965501
circular-read-total, 6, 4, 17151180800, 5549, 354319
read-start, 3, 5, 686047232, 13952768, 1967829
circular-read-total, 3, 4, 17151180800, 7409, 356615
read-start, 18, 5, 686047232, 13952768, 1968392
circular-read-total, 18, 4, 17151180800, 7328, 357396
read-wait, 16, 5, 18818
read, 16, 5, 686047232, 13952768, 144800
circular-read-start, 16, 5, 1395276800, 2107008
read-wait, 4, 5, 162306
read, 4, 5, 686047232, 13952768, 162306
circular-read-start, 4, 5, 1395276800, 2107150
read-wait, 21, 5, 147377
read, 21, 5, 686047232, 13952768, 147377
circular-read-start, 21, 5, 1395276800, 2107153
read-wait, 14, 5, 166898
read, 14, 5, 686047232, 13952768, 166898
circular-read-start, 14, 5, 1395276800, 2107156
read-wait, 9, 5, 174449
read, 9, 5, 686047232, 13952768, 174449
circular-read-start, 9, 5, 1395276800, 2107160
read-wait, 10, 5, 149990
read, 10, 5, 686047232, 13952768, 149990
circular-read-start, 10, 5, 1395276800, 2107162
read-wait, 13, 5, 175420
read, 13, 5, 686047232, 13952768, 175420
circular-read-start, 13, 5, 1395276800, 2107164
read-wait, 18, 5, 138774
read, 18, 5, 686047232, 13952768, 144275
circular-read-start, 18, 5, 1395276800, 2112667
read-wait, 6, 5, 147308
read, 6, 5, 686047232, 13952768, 147308
circular-read-start, 6, 5, 1395276800, 2112809
read-wait, 8, 5, 173813
read, 8, 5, 686047232, 13952768, 173813
circular-read-start, 8, 5, 1395276800, 2112811
read-wait, 11, 5, 174554
read, 11, 5, 686047232, 13952768, 174554
circular-read-start, 11, 5, 1395276800, 2112813
read-wait, 12, 5, 175611
read, 12, 5, 686047232, 13952768, 175611
circular-read-start, 12, 5, 1395276800, 2112815
read-wait, 19, 5, 182471
read, 19, 5, 686047232, 13952768, 182471
circular-read-start, 19, 5, 1395276800, 2112817
read-wait, 17, 5, 180538
read, 17, 5, 686047232, 13952768, 180538
circular-read-start, 17, 5, 1395276800, 2112819
read-wait, 20, 5, 185147
read, 20, 5, 686047232, 13952768, 185147
circular-read-start, 20, 5, 1395276800, 2112822
read-wait, 5, 5, 175938
read, 5, 5, 686047232, 13952768, 175938
circular-read-start, 5, 5, 1395276800, 2112827
read-wait, 22, 5, 174111
read, 22, 5, 686047232, 13952768, 174111
circular-read-start, 22, 5, 1395276800, 2112831
read-wait, 15, 5, 181643
read, 15, 5, 686047232, 13952768, 181643
circular-read-start, 15, 5, 1395276800, 2112836
read-wait, 7, 5, 187308
read, 7, 5, 686047232, 13952768, 187308
circular-read-start, 7, 5, 1395276800, 2112838
read-wait, 3, 5, 145012
read, 3, 5, 686047232, 13952768, 145012
circular-read-start, 3, 5, 1395276800, 2112841
circular-read-total, 13, 5, 1395276800, 4102, 23815
circular-read-total, 10, 5, 1395276800, 3483, 23823
circular-read-total, 15, 5, 1395276800, 3967, 20166
circular-read-total, 12, 5, 1395276800, 3819, 20534
circular-read-total, 21, 5, 1395276800, 3730, 26907
circular-read-total, 22, 5, 1395276800, 3901, 21302
circular-read-total, 14, 5, 1395276800, 3260, 27042
circular-read-total, 16, 5, 1395276800, 3283, 27313
circular-read-total, 4, 5, 1395276800, 3465, 27625
circular-read-total, 20, 5, 1395276800, 4525, 22080
circular-read-total, 6, 5, 1395276800, 3654, 22143
circular-read-total, 19, 5, 1395276800, 4102, 22138
circular-read-total, 3, 5, 1395276800, 3179, 22343
circular-read-total, 9, 5, 1395276800, 3842, 28112
circular-read-total, 11, 5, 1395276800, 4035, 22475
circular-read-total, 8, 5, 1395276800, 4137, 22548
circular-read-total, 18, 5, 1395276800, 3724, 22853
circular-read-total, 5, 5, 1395276800, 4097, 22900
circular-read-total, 17, 5, 1395276800, 3637, 23021
circular-read-total, 7, 5, 1395276800, 2457, 23150

cmd-read, 2141914
