# Sun Sep 20 22:44:16 PDT 2015
memory, 32170233856
record-value, 112
seek-chunk, 171511808
file, 4, 700000000

read-start, 1, 0, 171511808, 21512
circular-read-start, 4, 1, 70000000000, 23583
circular-read-total, 4, 1, 70000000000, 155221, 158805
linear-scan, 159558
-sort , 31399, 35
-merge, 19722, 35
-last , 750
read, 1, 171511808, 161629
network, 1, 327265

read-start, 2, 171511808, 171511808, 510419
circular-read-start, 4, 2, 70000000000, 510861
circular-read-total, 4, 2, 70000000000, 141097, 145388
linear-scan, 146081
-sort , 27882, 31
-merge, 17627, 31
-last , 689
read, 2, 171511808, 146523
network, 2, 328152

read-start, 3, 343023616, 171511808, 985190
circular-read-start, 4, 3, 70000000000, 985634
circular-read-total, 4, 3, 70000000000, 141056, 145352
linear-scan, 146362
-sort , 22778, 25
-merge, 14833, 25
-last , 1007
read, 3, 171511808, 146806
network, 3, 347471

read-start, 4, 514535424, 171511808, 1479523
circular-read-start, 4, 4, 70000000000, 1479966
circular-read-total, 4, 4, 70000000000, 140770, 145056
linear-scan, 145962
-sort , 14306, 16
-merge, 9609, 16
-last , 500
read, 4, 171511808, 146405
network, 4, 335705

read-start, 5, 686047232, 13952768, 1961738
circular-read-start, 4, 5, 70000000000, 1961774
circular-read-total, 4, 5, 70000000000, 140608, 144935
linear-scan, 145073
-sort , 1077, 5
-merge, 294, 5
-last , 137
read, 5, 13952768, 145108
network, 5, 48766

exit, 2163433
