# Sun Sep 20 22:44:16 PDT 2015
memory, 32170233856
record-value, 112
seek-chunk, 171511808
file, 4, 700000000

read-start, 1, 0, 171511808, 17630
circular-read-start, 4, 1, 70000000000, 19210
circular-read-total, 4, 1, 70000000000, 154939, 158643
linear-scan, 159393
-sort , 31175, 35
-merge, 18642, 35
-last , 747
read, 1, 171511808, 160973
network, 1, 331033

read-start, 2, 171511808, 171511808, 509710
circular-read-start, 4, 2, 70000000000, 510067
circular-read-total, 4, 2, 70000000000, 141225, 145494
linear-scan, 146172
-sort , 27960, 31
-merge, 17088, 31
-last , 675
read, 2, 171511808, 146529
network, 2, 327215

read-start, 3, 343023616, 171511808, 983543
circular-read-start, 4, 3, 70000000000, 983900
circular-read-total, 4, 3, 70000000000, 140923, 144938
linear-scan, 145940
-sort , 22585, 25
-merge, 13706, 25
-last , 999
read, 3, 171511808, 146297
network, 3, 345386

read-start, 4, 514535424, 171511808, 1475268
circular-read-start, 4, 4, 70000000000, 1475623
circular-read-total, 4, 4, 70000000000, 140869, 144880
linear-scan, 145700
-sort , 14215, 16
-merge, 9025, 16
-last , 494
read, 4, 171511808, 146055
network, 4, 333344

read-start, 5, 686047232, 13952768, 1954794
circular-read-start, 4, 5, 70000000000, 1954822
circular-read-total, 4, 5, 70000000000, 140747, 144693
linear-scan, 144834
-sort , 1055, 5
-merge, 266, 5
-last , 140
read, 5, 13952768, 144862
network, 5, 51220

exit, 2159541
