# Sun Sep 20 22:44:16 PDT 2015
memory, 32170233856
record-value, 112
seek-chunk, 171511808
file, 4, 700000000

read-start, 1, 0, 171511808, 15900
circular-read-start, 4, 1, 70000000000, 17667
circular-read-total, 4, 1, 70000000000, 154733, 158348
linear-scan, 159107
-sort , 31526, 35
-merge, 18879, 35
-last , 756
read, 1, 171511808, 160875
network, 1, 328060

read-start, 2, 171511808, 171511808, 504879
circular-read-start, 4, 2, 70000000000, 505222
circular-read-total, 4, 2, 70000000000, 140884, 144585
linear-scan, 145256
-sort , 27885, 31
-merge, 16586, 31
-last , 667
read, 2, 171511808, 145598
network, 2, 335394

read-start, 3, 343023616, 171511808, 985958
circular-read-start, 4, 3, 70000000000, 986300
circular-read-total, 4, 3, 70000000000, 140708, 144416
linear-scan, 145412
-sort , 22732, 25
-merge, 13547, 25
-last , 993
read, 3, 171511808, 145754
network, 3, 331859

read-start, 4, 514535424, 171511808, 1463647
circular-read-start, 4, 4, 70000000000, 1463991
circular-read-total, 4, 4, 70000000000, 140703, 144330
linear-scan, 145124
-sort , 14220, 16
-merge, 8739, 16
-last , 489
read, 4, 171511808, 145468
network, 4, 344895

read-start, 5, 686047232, 13952768, 1954115
circular-read-start, 4, 5, 70000000000, 1954142
circular-read-total, 4, 5, 70000000000, 140544, 144097
linear-scan, 144233
-sort , 1064, 5
-merge, 262, 5
-last , 135
read, 5, 13952768, 144261
network, 5, 52698

exit, 2157808
