# Sun Sep 20 22:44:16 PDT 2015
memory, 32170233856
record-value, 112
seek-chunk, 171511808
file, 4, 700000000

read-start, 1, 0, 171511808, 14218
circular-read-start, 4, 1, 70000000000, 15819
circular-read-total, 4, 1, 70000000000, 156105, 159769
linear-scan, 160518
-sort , 31232, 35
-merge, 18888, 35
-last , 746
read, 1, 171511808, 162119
network, 1, 334348

read-start, 2, 171511808, 171511808, 510739
circular-read-start, 4, 2, 70000000000, 511087
circular-read-total, 4, 2, 70000000000, 140517, 144263
linear-scan, 144935
-sort , 27715, 31
-merge, 16703, 31
-last , 669
read, 2, 171511808, 145283
network, 2, 350047

read-start, 3, 343023616, 171511808, 1006155
circular-read-start, 4, 3, 70000000000, 1006508
circular-read-total, 4, 3, 70000000000, 140466, 144146
linear-scan, 145146
-sort , 22753, 25
-merge, 13594, 25
-last , 997
read, 3, 171511808, 145499
network, 3, 321128

read-start, 4, 514535424, 171511808, 1472827
circular-read-start, 4, 4, 70000000000, 1473178
circular-read-total, 4, 4, 70000000000, 140599, 144505
linear-scan, 145334
-sort , 14293, 16
-merge, 9224, 16
-last , 491
read, 4, 171511808, 145684
network, 4, 352996

read-start, 5, 686047232, 13952768, 1971570
circular-read-start, 4, 5, 70000000000, 1971599
circular-read-total, 4, 5, 70000000000, 140400, 143977
linear-scan, 144115
-sort , 1049, 5
-merge, 265, 5
-last , 137
read, 5, 13952768, 144143
network, 5, 29639

exit, 2156350
