# Sun Sep 20 22:44:16 PDT 2015
memory, 32170233856
record-value, 112
seek-chunk, 171511808
file, 4, 700000000

read-start, 1, 0, 171511808, 10537
circular-read-start, 4, 1, 70000000000, 12102
circular-read-total, 4, 1, 70000000000, 155036, 158723
linear-scan, 159476
-sort , 31245, 35
-merge, 18646, 35
-last , 750
read, 1, 171511808, 161041
network, 1, 320410

read-start, 2, 171511808, 171511808, 492063
circular-read-start, 4, 2, 70000000000, 492405
circular-read-total, 4, 2, 70000000000, 140582, 144729
linear-scan, 145394
-sort , 27704, 31
-merge, 16641, 31
-last , 662
read, 2, 171511808, 145736
network, 2, 335743

read-start, 3, 343023616, 171511808, 973658
circular-read-start, 4, 3, 70000000000, 973998
circular-read-total, 4, 3, 70000000000, 140513, 144481
linear-scan, 145481
-sort , 22570, 25
-merge, 13397, 25
-last , 997
read, 3, 171511808, 145822
network, 3, 340463

read-start, 4, 514535424, 171511808, 1460017
circular-read-start, 4, 4, 70000000000, 1460359
circular-read-total, 4, 4, 70000000000, 140449, 144379
linear-scan, 145173
-sort , 14031, 16
-merge, 8743, 16
-last , 491
read, 4, 171511808, 145514
network, 4, 343739

read-start, 5, 686047232, 13952768, 1949392
circular-read-start, 4, 5, 70000000000, 1949420
circular-read-total, 4, 5, 70000000000, 140461, 144508
linear-scan, 144645
-sort , 1066, 5
-merge, 272, 5
-last , 137
read, 5, 13952768, 144673
network, 5, 51648

exit, 2152336
