# Sun Sep 20 22:44:16 PDT 2015
memory, 32170233856
record-value, 112
seek-chunk, 171511808
file, 4, 700000000

read-start, 1, 0, 171511808, 8454
circular-read-start, 4, 1, 70000000000, 10021
circular-read-total, 4, 1, 70000000000, 155166, 158832
linear-scan, 159578
-sort , 31476, 35
-merge, 19028, 35
-last , 743
read, 1, 171511808, 161145
network, 1, 330160

read-start, 2, 171511808, 171511808, 499844
circular-read-start, 4, 2, 70000000000, 500187
circular-read-total, 4, 2, 70000000000, 140461, 144228
linear-scan, 144899
-sort , 27710, 31
-merge, 16905, 31
-last , 668
read, 2, 171511808, 145243
network, 2, 325835

read-start, 3, 343023616, 171511808, 971047
circular-read-start, 4, 3, 70000000000, 971394
circular-read-total, 4, 3, 70000000000, 140459, 144149
linear-scan, 145144
-sort , 22561, 25
-merge, 13496, 25
-last , 992
read, 3, 171511808, 145490
network, 3, 348307

read-start, 4, 514535424, 171511808, 1464902
circular-read-start, 4, 4, 70000000000, 1465251
circular-read-total, 4, 4, 70000000000, 140461, 144104
linear-scan, 144910
-sort , 14098, 16
-merge, 8782, 16
-last , 488
read, 4, 171511808, 145258
network, 4, 323587

read-start, 5, 686047232, 13952768, 1933942
circular-read-start, 4, 5, 70000000000, 1933970
circular-read-total, 4, 5, 70000000000, 140426, 144051
linear-scan, 144185
-sort , 1055, 5
-merge, 264, 5
-last , 133
read, 5, 13952768, 144214
network, 5, 66198

exit, 2150364
