# Sun Sep 20 22:44:16 PDT 2015
memory, 32170233856
record-value, 112
seek-chunk, 171511808
file, 4, 700000000

read-start, 1, 0, 171511808, 6838
circular-read-start, 4, 1, 70000000000, 8425
circular-read-total, 4, 1, 70000000000, 157440, 160996
linear-scan, 161746
-sort , 31166, 35
-merge, 18695, 35
-last , 747
read, 1, 171511808, 163333
network, 1, 322680

read-start, 2, 171511808, 171511808, 492911
circular-read-start, 4, 2, 70000000000, 493260
circular-read-total, 4, 2, 70000000000, 141049, 145385
linear-scan, 146060
-sort , 27781, 31
-merge, 16678, 31
-last , 671
read, 2, 171511808, 146409
network, 2, 361476

read-start, 3, 343023616, 171511808, 1000867
circular-read-start, 4, 3, 70000000000, 1001214
circular-read-total, 4, 3, 70000000000, 140889, 145124
linear-scan, 146115
-sort , 22565, 25
-merge, 13563, 25
-last , 988
read, 3, 171511808, 146462
network, 3, 322931

read-start, 4, 514535424, 171511808, 1470303
circular-read-start, 4, 4, 70000000000, 1470652
circular-read-total, 4, 4, 70000000000, 140708, 144896
linear-scan, 145663
-sort , 14139, 16
-merge, 8664, 16
-last , 487
read, 4, 171511808, 146012
network, 4, 356011

read-start, 5, 686047232, 13952768, 1972383
circular-read-start, 4, 5, 70000000000, 1972411
circular-read-total, 4, 5, 70000000000, 140702, 145004
linear-scan, 145144
-sort , 1067, 5
-merge, 271, 5
-last , 138
read, 5, 13952768, 145172
network, 5, 24220

exit, 2148834
