# Sun Sep 20 22:44:16 PDT 2015
memory, 32170233856
record-value, 112
seek-chunk, 171511808
file, 4, 700000000

read-start, 1, 0, 171511808, 35956
circular-read-start, 4, 1, 70000000000, 37514
circular-read-total, 4, 1, 70000000000, 154329, 158048
linear-scan, 158796
-sort , 31279, 35
-merge, 18349, 35
-last , 745
read, 1, 171511808, 160353
network, 1, 322888

read-start, 2, 171511808, 171511808, 519296
circular-read-start, 4, 2, 70000000000, 519640
circular-read-total, 4, 2, 70000000000, 140777, 144975
linear-scan, 145653
-sort , 27693, 31
-merge, 16331, 31
-last , 675
read, 2, 171511808, 145996
network, 2, 343823

read-start, 3, 343023616, 171511808, 1009165
circular-read-start, 4, 3, 70000000000, 1009508
circular-read-total, 4, 3, 70000000000, 140690, 144881
linear-scan, 145878
-sort , 22576, 25
-merge, 13350, 25
-last , 994
read, 3, 171511808, 146221
network, 3, 330798

read-start, 4, 514535424, 171511808, 1486261
circular-read-start, 4, 4, 70000000000, 1486605
circular-read-total, 4, 4, 70000000000, 140546, 144742
linear-scan, 145557
-sort , 14119, 16
-merge, 8606, 16
-last , 493
read, 4, 171511808, 145901
network, 4, 342495

read-start, 5, 686047232, 13952768, 1974761
circular-read-start, 4, 5, 70000000000, 1974789
circular-read-total, 4, 5, 70000000000, 140430, 144488
linear-scan, 144626
-sort , 1064, 5
-merge, 267, 5
-last , 137
read, 5, 13952768, 144654
network, 5, 50680

exit, 2177985
