# Sun Sep 20 22:44:16 PDT 2015
memory, 32170233856
record-value, 112
seek-chunk, 171511808
file, 4, 700000000

read-start, 1, 0, 171511808, 3308
circular-read-start, 4, 1, 70000000000, 5524
circular-read-total, 4, 1, 70000000000, 155725, 159351
linear-scan, 160138
-sort , 32289, 35
-merge, 20596, 35
-last , 784
read, 1, 171511808, 162354
network, 1, 314284

read-start, 2, 171511808, 171511808, 480016
circular-read-start, 4, 2, 70000000000, 480496
circular-read-total, 4, 2, 70000000000, 141523, 145855
linear-scan, 146571
-sort , 28566, 31
-merge, 18553, 31
-last , 714
read, 2, 171511808, 147051
network, 2, 345556

read-start, 3, 343023616, 171511808, 972663
circular-read-start, 4, 3, 70000000000, 973146
circular-read-total, 4, 3, 70000000000, 141139, 145452
linear-scan, 146467
-sort , 23352, 25
-merge, 15525, 25
-last , 1012
read, 3, 171511808, 146950
network, 3, 339032

read-start, 4, 514535424, 171511808, 1458704
circular-read-start, 4, 4, 70000000000, 1459179
circular-read-total, 4, 4, 70000000000, 140981, 145312
linear-scan, 146238
-sort , 14706, 16
-merge, 10468, 16
-last , 524
read, 4, 171511808, 146713
network, 4, 342522

read-start, 5, 686047232, 13952768, 1948058
circular-read-start, 4, 5, 70000000000, 1948093
circular-read-total, 4, 5, 70000000000, 140627, 144993
linear-scan, 145133
-sort , 1079, 5
-merge, 309, 5
-last , 139
read, 5, 13952768, 145168
network, 5, 44720

exit, 2145160
