# Sun Sep 20 22:44:16 PDT 2015
memory, 32170233856
record-value, 112
seek-chunk, 171511808
file, 4, 700000000

read-start, 1, 0, 171511808, 32674
circular-read-start, 4, 1, 70000000000, 34426
circular-read-total, 4, 1, 70000000000, 152496, 156285
linear-scan, 157033
-sort , 31175, 35
-merge, 18406, 35
-last , 745
read, 1, 171511808, 158785
network, 1, 334812

read-start, 2, 171511808, 171511808, 526319
circular-read-start, 4, 2, 70000000000, 526663
circular-read-total, 4, 2, 70000000000, 140480, 144551
linear-scan, 145225
-sort , 27649, 31
-merge, 16622, 31
-last , 671
read, 2, 171511808, 145568
network, 2, 322836

read-start, 3, 343023616, 171511808, 994943
circular-read-start, 4, 3, 70000000000, 995289
circular-read-total, 4, 3, 70000000000, 140480, 144603
linear-scan, 145594
-sort , 22746, 25
-merge, 13553, 25
-last , 988
read, 3, 171511808, 145940
network, 3, 342707

read-start, 4, 514535424, 171511808, 1483619
circular-read-start, 4, 4, 70000000000, 1483965
circular-read-total, 4, 4, 70000000000, 140453, 144413
linear-scan, 145216
-sort , 14125, 16
-merge, 8800, 16
-last , 489
read, 4, 171511808, 145563
network, 4, 331048

read-start, 5, 686047232, 13952768, 1960349
circular-read-start, 4, 5, 70000000000, 1960377
circular-read-total, 4, 5, 70000000000, 140424, 144285
linear-scan, 144421
-sort , 1055, 5
-merge, 259, 5
-last , 135
read, 5, 13952768, 144449
network, 5, 62755

exit, 2174628
