# Sun Sep 20 22:44:16 PDT 2015
memory, 32170233856
record-value, 112
seek-chunk, 171511808
file, 4, 700000000

read-start, 1, 0, 171511808, 30774
circular-read-start, 4, 1, 70000000000, 32519
circular-read-total, 4, 1, 70000000000, 153730, 157466
linear-scan, 158215
-sort , 31609, 35
-merge, 19238, 35
-last , 746
read, 1, 171511808, 159960
network, 1, 325073

read-start, 2, 171511808, 171511808, 515942
circular-read-start, 4, 2, 70000000000, 516284
circular-read-total, 4, 2, 70000000000, 140745, 145127
linear-scan, 145806
-sort , 28120, 31
-merge, 17811, 31
-last , 677
read, 2, 171511808, 146148
network, 2, 329841

read-start, 3, 343023616, 171511808, 992001
circular-read-start, 4, 3, 70000000000, 992411
circular-read-total, 4, 3, 70000000000, 140731, 145088
linear-scan, 146086
-sort , 22838, 25
-merge, 14101, 25
-last , 996
read, 3, 171511808, 146496
network, 3, 341948

read-start, 4, 514535424, 171511808, 1480545
circular-read-start, 4, 4, 70000000000, 1480889
circular-read-total, 4, 4, 70000000000, 140618, 144924
linear-scan, 145777
-sort , 14309, 16
-merge, 9154, 16
-last , 503
read, 4, 171511808, 146121
network, 4, 334309

read-start, 5, 686047232, 13952768, 1961081
circular-read-start, 4, 5, 70000000000, 1961108
circular-read-total, 4, 5, 70000000000, 140696, 144894
linear-scan, 145030
-sort , 1056, 5
-merge, 264, 5
-last , 135
read, 5, 13952768, 145058
network, 5, 59510

exit, 2172687
