# Sun Sep 20 22:44:16 PDT 2015
memory, 32170233856
record-value, 112
seek-chunk, 171511808
file, 4, 700000000

read-start, 1, 0, 171511808, 26837
circular-read-start, 4, 1, 70000000000, 28399
circular-read-total, 4, 1, 70000000000, 154380, 158013
linear-scan, 158756
-sort , 31140, 35
-merge, 18334, 35
-last , 740
read, 1, 171511808, 160318
network, 1, 308110

read-start, 2, 171511808, 171511808, 495357
circular-read-start, 4, 2, 70000000000, 495701
circular-read-total, 4, 2, 70000000000, 140587, 144782
linear-scan, 145453
-sort , 27705, 31
-merge, 16556, 31
-last , 669
read, 2, 171511808, 145797
network, 2, 346008

read-start, 3, 343023616, 171511808, 987230
circular-read-start, 4, 3, 70000000000, 987574
circular-read-total, 4, 3, 70000000000, 140541, 144774
linear-scan, 145782
-sort , 22575, 25
-merge, 13324, 25
-last , 1005
read, 3, 171511808, 146126
network, 3, 345160

read-start, 4, 514535424, 171511808, 1478575
circular-read-start, 4, 4, 70000000000, 1478919
circular-read-total, 4, 4, 70000000000, 140440, 144561
linear-scan, 145365
-sort , 14156, 16
-merge, 8595, 16
-last , 489
read, 4, 171511808, 145708
network, 4, 334636

read-start, 5, 686047232, 13952768, 1959039
circular-read-start, 4, 5, 70000000000, 1959068
circular-read-total, 4, 5, 70000000000, 140405, 144468
linear-scan, 144608
-sort , 1053, 5
-merge, 261, 5
-last , 140
read, 5, 13952768, 144636
network, 5, 58864

exit, 2168706
