# 1, 50, 7, false, read
recv-size, 0, 524288000
size, 0, 0
start-read, 0, 0, 73400320
read, 0, 218148
recv-read, 0, 0, 73400320
network, 0, 87846
start-read, 1, 73400320, 73400320
read, 1, 194300
recv-read, 1, 73400320, 73400320
network, 1, 84995
start-read, 2, 146800640, 73400320
read, 2, 168026
recv-read, 2, 146800640, 73400320
network, 2, 85034
start-read, 3, 220200960, 73400320
read, 3, 149625
recv-read, 3, 220200960, 73400320
network, 3, 85196
start-read, 4, 293601280, 73400320
read, 4, 149383
recv-read, 4, 293601280, 73400320
network, 4, 84973
start-read, 5, 367001600, 73400320
read, 5, 144373
recv-read, 5, 367001600, 73400320
network, 5, 84847
start-read, 6, 440401920, 73400320
read, 6, 151628
recv-read, 6, 440401920, 73400320
network, 6, 84927
start-read, 7, 513802240, 73400320
read, 7, 151494
recv-read, 7, 513802240, 10485760
network, 7, 8637
cmd-read, 0, 1933625
