# 1, 50, 1, false, read
size, 0, 0
read, 0, 172520
network, 0, 9366
read, 1, 162499
network, 1, 8950
read, 2, 158848
network, 2, 8948
read, 3, 149795
network, 3, 8935
read, 4, 149580
network, 4, 9072
read, 5, 149954
network, 5, 9007
read, 6, 149239
network, 6, 8987
read, 7, 148408
network, 7, 8980
read, 8, 148561
network, 8, 8998
read, 9, 148844
network, 9, 9054
read, 10, 147723
network, 10, 9066
read, 11, 149643
network, 11, 8942
read, 12, 148347
network, 12, 9132
read, 13, 144298
network, 13, 8993
read, 14, 145987
network, 14, 9060
read, 15, 145519
network, 15, 8996
read, 16, 146250
network, 16, 9007
read, 17, 148995
network, 17, 9033
read, 18, 144941
network, 18, 9025
read, 19, 144069
network, 19, 8946
read, 20, 145957
network, 20, 8985
read, 21, 143820
network, 21, 8964
read, 22, 143066
network, 22, 9156
read, 23, 142377
network, 23, 9033
read, 24, 144481
network, 24, 8954
read, 25, 143996
network, 25, 9165
read, 26, 140884
network, 26, 9089
read, 27, 142301
network, 27, 9116
read, 28, 142055
network, 28, 9045
read, 29, 144635
network, 29, 9042
read, 30, 140766
network, 30, 8991
read, 31, 143473
network, 31, 8953
read, 32, 140421
network, 32, 9000
read, 33, 138998
network, 33, 9023
read, 34, 139781
network, 34, 9030
read, 35, 138503
network, 35, 9036
read, 36, 139093
network, 36, 8947
read, 37, 135650
network, 37, 9084
read, 38, 135509
network, 38, 8946
read, 39, 135588
network, 39, 9211
read, 40, 136562
network, 40, 9085
read, 41, 139110
network, 41, 9082
read, 42, 135751
network, 42, 9215
read, 43, 135664
network, 43, 8998
read, 44, 137300
network, 44, 9114
read, 45, 138399
network, 45, 9031
read, 46, 136566
network, 46, 9013
read, 47, 135437
network, 47, 9023
read, 48, 138575
network, 48, 8999
read, 49, 137964
network, 49, 8972
cmd-read, 0, 7648888
