# Thu Sep 10 01:07:21 UTC 2015
record-value, 96
seek-chunk, 192300792
file, 4, 5242880000

read-start, 1, 0, 171478413, 1863
circular-read-start, 4, 1, 524288000000, 3668
circular-read-total, 4, 1, 524288000000, 1080891, 1108596
linear-scan, 1109574
-sort , 58962, 64
-merge, 34096, 64
-last , 977
read, 1, 171478413, 1111380
network, 1, 195448

read-start, 2, 171478413, 171478413, 1308729
circular-read-start, 4, 2, 524288000000, 1309126
circular-read-total, 4, 2, 524288000000, 1052023, 1080634
linear-scan, 1081110
-sort , 58702, 64
-merge, 34231, 64
-last , 475
read, 2, 171478413, 1081507
network, 2, 195534

read-start, 3, 342956826, 171478413, 2585813
circular-read-start, 4, 3, 524288000000, 2586209
circular-read-total, 4, 3, 524288000000, 1052328, 1081226
linear-scan, 1082224
-sort , 57917, 63
-merge, 33555, 63
-last , 996
read, 3, 171478413, 1082619
network, 3, 195427

read-start, 4, 514435239, 171478413, 3863907
circular-read-start, 4, 4, 524288000000, 3864307
circular-read-total, 4, 4, 524288000000, 1052489, 1081372
linear-scan, 1081830
-sort , 57343, 63
-merge, 33433, 63
-last , 456
read, 4, 171478413, 1082230
network, 4, 195366

read-start, 5, 685913652, 171478413, 5141562
circular-read-start, 4, 5, 524288000000, 5141957
circular-read-total, 4, 5, 524288000000, 1051905, 1080655
linear-scan, 1081604
-sort , 57025, 62
-merge, 32694, 62
-last , 947
read, 5, 171478413, 1081999
network, 5, 195290

read-start, 6, 857392065, 171478413, 6418914
circular-read-start, 4, 6, 524288000000, 6419327
circular-read-total, 4, 6, 524288000000, 1053018, 1082623
linear-scan, 1084073
-sort , 56689, 61
-merge, 32748, 61
-last , 1448
read, 6, 171478413, 1084486
network, 6, 195123

read-start, 7, 1028870478, 171478413, 7698789
circular-read-start, 4, 7, 524288000000, 7699180
circular-read-total, 4, 7, 524288000000, 1052328, 1081248
linear-scan, 1082054
-sort , 56297, 61
-merge, 32604, 61
-last , 804
read, 7, 171478413, 1082446
network, 7, 195144

read-start, 8, 1200348891, 171478413, 8976648
circular-read-start, 4, 8, 524288000000, 8977041
circular-read-total, 4, 8, 524288000000, 1052078, 1080385
linear-scan, 1081611
-sort , 55642, 60
-merge, 32049, 60
-last , 1224
read, 8, 171478413, 1082004
network, 8, 195299

read-start, 9, 1371827304, 171478413, 10254022
circular-read-start, 4, 9, 524288000000, 10254412
circular-read-total, 4, 9, 524288000000, 1052099, 1080648
linear-scan, 1081218
-sort , 55223, 60
-merge, 32057, 60
-last , 568
read, 9, 171478413, 1081608
network, 9, 195240

read-start, 10, 1543305717, 171478413, 11530951
circular-read-start, 4, 10, 524288000000, 11531347
circular-read-total, 4, 10, 524288000000, 1051950, 1080467
linear-scan, 1081399
-sort , 54516, 59
-merge, 31367, 59
-last , 930
read, 10, 171478413, 1081795
network, 10, 195206

read-start, 11, 1714784130, 171478413, 12808225
circular-read-start, 4, 11, 524288000000, 12808614
circular-read-total, 4, 11, 524288000000, 1051792, 1080115
linear-scan, 1081404
-sort , 53846, 58
-merge, 30972, 58
-last , 1287
read, 11, 171478413, 1081793
network, 11, 195207

read-start, 12, 1886262543, 171478413, 14085510
circular-read-start, 4, 12, 524288000000, 14085899
circular-read-total, 4, 12, 524288000000, 1051759, 1080005
linear-scan, 1080502
-sort , 53230, 58
-merge, 30849, 58
-last , 495
read, 12, 171478413, 1080891
network, 12, 195247

read-start, 13, 2057740956, 171478413, 15361932
circular-read-start, 4, 13, 524288000000, 15362320
circular-read-total, 4, 13, 524288000000, 1052710, 1082416
linear-scan, 1083169
-sort , 52636, 57
-merge, 30581, 57
-last , 751
read, 13, 171478413, 1083557
network, 13, 195250

read-start, 14, 2229219369, 171478413, 16640812
circular-read-start, 4, 14, 524288000000, 16641201
circular-read-total, 4, 14, 524288000000, 1051690, 1080107
linear-scan, 1081072
-sort , 51963, 56
-merge, 30110, 56
-last , 964
read, 14, 171478413, 1081461
network, 14, 195461

read-start, 15, 2400697782, 171478413, 17917795
circular-read-start, 4, 15, 524288000000, 17918187
circular-read-total, 4, 15, 524288000000, 1051666, 1079913
linear-scan, 1081048
-sort , 51004, 55
-merge, 29481, 55
-last , 1133
read, 15, 171478413, 1081440
network, 15, 195369

read-start, 16, 2572176195, 171478413, 19194873
circular-read-start, 4, 16, 524288000000, 19195266
circular-read-total, 4, 16, 524288000000, 1052059, 1081031
linear-scan, 1082270
-sort , 50420, 54
-merge, 29114, 54
-last , 1237
read, 16, 171478413, 1082662
network, 16, 195387

read-start, 17, 2743654608, 171478413, 20473155
circular-read-start, 4, 17, 524288000000, 20473545
circular-read-total, 4, 17, 524288000000, 1051797, 1079977
linear-scan, 1081264
-sort , 49389, 53
-merge, 28422, 53
-last , 1284
read, 17, 171478413, 1081654
network, 17, 195269

read-start, 18, 2915133021, 171478413, 21750197
circular-read-start, 4, 18, 524288000000, 21750591
circular-read-total, 4, 18, 524288000000, 1051893, 1080590
linear-scan, 1081836
-sort , 48505, 52
-merge, 28053, 52
-last , 1244
read, 18, 171478413, 1082230
network, 18, 195205

read-start, 19, 3086611434, 171478413, 23027921
circular-read-start, 4, 19, 524288000000, 23028317
circular-read-total, 4, 19, 524288000000, 1051748, 1080402
linear-scan, 1081526
-sort , 47622, 51
-merge, 27430, 51
-last , 1122
read, 19, 171478413, 1081922
network, 19, 195473

read-start, 20, 3258089847, 171478413, 24305363
circular-read-start, 4, 20, 524288000000, 24305754
circular-read-total, 4, 20, 524288000000, 1051759, 1080270
linear-scan, 1081180
-sort , 46589, 50
-merge, 27018, 50
-last , 908
read, 20, 171478413, 1081571
network, 20, 195584

read-start, 21, 3429568260, 171478413, 25582555
circular-read-start, 4, 21, 524288000000, 25582946
circular-read-total, 4, 21, 524288000000, 1051702, 1079930
linear-scan, 1080506
-sort , 45411, 49
-merge, 26415, 49
-last , 575
read, 21, 171478413, 1080898
network, 21, 195476

read-start, 22, 3601046673, 171478413, 26858980
circular-read-start, 4, 22, 524288000000, 26859377
circular-read-total, 4, 22, 524288000000, 1051893, 1080970
linear-scan, 1082134
-sort , 44113, 47
-merge, 25310, 47
-last , 1162
read, 22, 171478413, 1082531
network, 22, 195494

read-start, 23, 3772525086, 171478413, 28137066
circular-read-start, 4, 23, 524288000000, 28137458
circular-read-total, 4, 23, 524288000000, 1051648, 1079705
linear-scan, 1080245
-sort , 42876, 46
-merge, 24852, 46
-last , 538
read, 23, 171478413, 1080637
network, 23, 195429

read-start, 24, 3944003499, 171478413, 29413391
circular-read-start, 4, 24, 524288000000, 29413782
circular-read-total, 4, 24, 524288000000, 1051428, 1079515
linear-scan, 1080267
-sort , 41094, 44
-merge, 23767, 44
-last , 750
read, 24, 171478413, 1080658
network, 24, 195455

read-start, 25, 4115481912, 171478413, 30689552
circular-read-start, 4, 25, 524288000000, 30689940
circular-read-total, 4, 25, 524288000000, 1051475, 1079340
linear-scan, 1080041
-sort , 39092, 42
-merge, 22591, 42
-last , 699
read, 25, 171478413, 1080429
network, 25, 195429

read-start, 26, 4286960325, 171478413, 31965695
circular-read-start, 4, 26, 524288000000, 31966093
circular-read-total, 4, 26, 524288000000, 1051663, 1080401
linear-scan, 1081773
-sort , 37083, 39
-merge, 21326, 39
-last , 1370
read, 26, 171478413, 1082172
network, 26, 195409

read-start, 27, 4458438738, 171478413, 33243340
circular-read-start, 4, 27, 524288000000, 33243729
circular-read-total, 4, 27, 524288000000, 1051626, 1079608
linear-scan, 1080026
-sort , 34479, 37
-merge, 19923, 37
-last , 416
read, 27, 171478413, 1080415
network, 27, 195461

read-start, 28, 4629917151, 171478413, 34519262
circular-read-start, 4, 28, 524288000000, 34519650
circular-read-total, 4, 28, 524288000000, 1051543, 1079601
linear-scan, 1080478
-sort , 31189, 33
-merge, 18115, 33
-last , 875
read, 28, 171478413, 1080866
network, 28, 195379

read-start, 29, 4801395564, 171478413, 35795586
circular-read-start, 4, 29, 524288000000, 35795977
circular-read-total, 4, 29, 524288000000, 1051569, 1079907
linear-scan, 1081037
-sort , 26893, 28
-merge, 15619, 28
-last , 1129
read, 29, 171478413, 1081428
network, 29, 195289

read-start, 30, 4972873977, 171478413, 37072577
circular-read-start, 4, 30, 524288000000, 37072968
circular-read-total, 4, 30, 524288000000, 1051505, 1079765
linear-scan, 1080766
-sort , 20237, 21
-merge, 12038, 21
-last , 999
read, 30, 171478413, 1081157
network, 30, 195177

read-start, 31, 5144352390, 98527610, 38349174
circular-read-start, 4, 31, 524288000000, 38349379
circular-read-total, 4, 31, 524288000000, 1051545, 1080601
linear-scan, 1081614
-sort , 7979, 15
-merge, 4955, 15
-last , 182
read, 31, 98527610, 1081819
network, 31, 110674

exit, 39541707
