# Mon Sep 21 14:09:34 PDT 2015
# 18, 210.53, 0, read
connect: Connection refused
# Mon Sep 21 16:19:04 PDT 2015
# 18, 210.53, 0, read
connect: Connection refused
# Mon Sep 21 16:36:50 PDT 2015
# 18, 210.53, 0, read
connect: Connection refused
# Mon Sep 21 16:54:36 PDT 2015
# 18, 210.53, 0, read
connect: Connection timed out
# Mon Sep 21 17:14:18 PDT 2015
# 18, 210.53, 0, read
max-chunk, 3, 1, 707645831, 0
chunk-size, 707645831, 1294
disks, 8

size, 3, 2, 2105300000, 0
size, 4, 1, 2105300000, 0
size, 5, 1, 2105300000, 0
size, 6, 1, 2105300000, 0
size, 7, 1, 2105300000, 0
size, 8, 1, 2105300000, 0
size, 9, 1, 2105300000, 0
size, 10, 1, 2105300000, 0
size, 11, 1, 2105300000, 0
size, 12, 1, 2105300000, 0
size, 13, 1, 2105300000, 0
size, 14, 1, 2105300000, 0
size, 15, 1, 2105300000, 0
size, 16, 1, 2105300000, 0
size, 17, 1, 2105300000, 0
size, 18, 1, 2105300000, 0
size, 19, 1, 2105300000, 0
size, 20, 1, 2105300000, 0
size, 21, 1, 2105300000, 0


read-start, 3, 1, 0, 707645831, 37
read-start, 4, 1, 0, 707645831, 37
read-start, 5, 1, 0, 707645831, 37
read-start, 6, 1, 0, 707645831, 37
read-start, 7, 1, 0, 707645831, 37
read-start, 8, 1, 0, 707645831, 37
read-start, 9, 1, 0, 707645831, 37
read-start, 10, 1, 0, 707645831, 37
read-start, 11, 1, 0, 707645831, 37
read-start, 12, 1, 0, 707645831, 37
read-start, 13, 1, 0, 707645831, 37
read-start, 14, 1, 0, 707645831, 37
read-start, 15, 1, 0, 707645831, 38
read-start, 16, 1, 0, 707645831, 38
read-start, 17, 1, 0, 707645831, 38
read-start, 18, 1, 0, 707645831, 38
read-start, 19, 1, 0, 707645831, 38
read-start, 20, 1, 0, 707645831, 38
read-start, 21, 1, 0, 707645831, 38
read-wait, 3, 1, 0
read, 3, 1, 0, 707645831, 156891
circular-read-start, 3, 1, 70764583100, 156929
read-wait, 4, 1, 157013
read, 4, 1, 0, 707645831, 157013
circular-read-start, 4, 1, 70764583100, 157051
read-wait, 5, 1, 157015
read, 5, 1, 0, 707645831, 157015
circular-read-start, 5, 1, 70764583100, 157053
read-wait, 6, 1, 157017
read, 6, 1, 0, 707645831, 157017
circular-read-start, 6, 1, 70764583100, 157055
read-wait, 7, 1, 157019
read, 7, 1, 0, 707645831, 157019
circular-read-start, 7, 1, 70764583100, 157057
read-wait, 8, 1, 157022
read, 8, 1, 0, 707645831, 159402
circular-read-start, 8, 1, 70764583100, 159440
read-wait, 9, 1, 159525
read, 9, 1, 0, 707645831, 159525
circular-read-start, 9, 1, 70764583100, 159563
read-wait, 10, 1, 159528
read, 10, 1, 0, 707645831, 159528
circular-read-start, 10, 1, 70764583100, 159566
read-wait, 11, 1, 159530
read, 11, 1, 0, 707645831, 162480
circular-read-start, 11, 1, 70764583100, 162518
read-wait, 12, 1, 162599
read, 12, 1, 0, 707645831, 163733
circular-read-start, 12, 1, 70764583100, 163771
read-wait, 13, 1, 163856
read, 13, 1, 0, 707645831, 163856
circular-read-start, 13, 1, 70764583100, 163894
read-wait, 14, 1, 163858
read, 14, 1, 0, 707645831, 163858
circular-read-start, 14, 1, 70764583100, 163896
read-wait, 15, 1, 163860
read, 15, 1, 0, 707645831, 163860
circular-read-start, 15, 1, 70764583100, 163898
read-wait, 16, 1, 163863
read, 16, 1, 0, 707645831, 163863
circular-read-start, 16, 1, 70764583100, 163901
read-wait, 17, 1, 163865
read, 17, 1, 0, 707645831, 163865
circular-read-start, 17, 1, 70764583100, 163903
read-wait, 18, 1, 163868
read, 18, 1, 0, 707645831, 163868
circular-read-start, 18, 1, 70764583100, 163906
read-wait, 19, 1, 163870
read, 19, 1, 0, 707645831, 163870
circular-read-start, 19, 1, 70764583100, 163908
read-wait, 20, 1, 163872
read, 20, 1, 0, 707645831, 163872
circular-read-start, 20, 1, 70764583100, 163910
read-wait, 21, 1, 163874
read, 21, 1, 0, 707645831, 163874
circular-read-start, 21, 1, 70764583100, 163912
read-start, 18, 2, 707645831, 707645831, 1538309
circular-read-total, 18, 1, 70764583100, 21636, 1374455
read-start, 12, 2, 707645831, 707645831, 1544918
circular-read-total, 12, 1, 70764583100, 12101, 1381181
read-start, 19, 2, 707645831, 707645831, 1549444
circular-read-total, 19, 1, 70764583100, 10968, 1385580
read-start, 13, 2, 707645831, 707645831, 1551759
circular-read-total, 13, 1, 70764583100, 15178, 1387921
read-start, 7, 2, 707645831, 707645831, 1552250
read-start, 11, 2, 707645831, 707645831, 1552297
circular-read-total, 7, 1, 70764583100, 7608, 1395248
circular-read-total, 11, 1, 70764583100, 20440, 1389841
read-start, 9, 2, 707645831, 707645831, 1555721
circular-read-total, 9, 1, 70764583100, 6975, 1396193
read-start, 17, 2, 707645831, 707645831, 1559030
circular-read-total, 17, 1, 70764583100, 15913, 1395167
read-start, 10, 2, 707645831, 707645831, 1560458
circular-read-total, 10, 1, 70764583100, 6192, 1400933
read-start, 20, 2, 707645831, 707645831, 1563139
circular-read-total, 20, 1, 70764583100, 10998, 1399255
read-start, 21, 2, 707645831, 707645831, 1564441
circular-read-total, 21, 1, 70764583100, 11682, 1400579
read-start, 5, 2, 707645831, 707645831, 1564706
circular-read-total, 5, 1, 70764583100, 11804, 1407688
read-start, 4, 2, 707645831, 707645831, 1565434
circular-read-total, 4, 1, 70764583100, 8289, 1408422
read-start, 3, 2, 707645831, 707645831, 1571620
circular-read-total, 3, 1, 70764583100, 3399, 1414714
read-start, 8, 2, 707645831, 707645831, 1591087
circular-read-total, 8, 1, 70764583100, 2038, 1431660
read-start, 15, 2, 707645831, 707645831, 1593323
circular-read-total, 15, 1, 70764583100, 5002, 1429441
read-start, 16, 2, 707645831, 707645831, 1595865
circular-read-total, 16, 1, 70764583100, 4806, 1431976
read-start, 6, 2, 707645831, 707645831, 1595892
circular-read-total, 6, 1, 70764583100, 1889, 1438862
read-start, 14, 2, 707645831, 707645831, 1596996
circular-read-total, 14, 1, 70764583100, 5198, 1433106
read-wait, 18, 2, 73388
read, 18, 2, 707645831, 707645831, 126904
circular-read-start, 18, 2, 70764583100, 1665213
read-wait, 17, 2, 106339
read, 17, 2, 707645831, 707645831, 128397
circular-read-start, 17, 2, 70764583100, 1687427
read-wait, 4, 2, 122096
read, 4, 2, 707645831, 707645831, 136432
circular-read-start, 4, 2, 70764583100, 1701867
read-wait, 7, 2, 149783
read, 7, 2, 707645831, 707645831, 149783
circular-read-start, 7, 2, 70764583100, 1702034
read-wait, 19, 2, 152637
read, 19, 2, 707645831, 707645831, 152637
circular-read-start, 19, 2, 70764583100, 1702082
read-wait, 20, 2, 138954
read, 20, 2, 707645831, 707645831, 138954
circular-read-start, 20, 2, 70764583100, 1702094
read-wait, 12, 2, 157190
read, 12, 2, 707645831, 707645831, 157190
circular-read-start, 12, 2, 70764583100, 1702109
read-wait, 3, 2, 130494
read, 3, 2, 707645831, 707645831, 142861
circular-read-start, 3, 2, 70764583100, 1714481
read-wait, 6, 2, 118742
read, 6, 2, 707645831, 707645831, 134983
circular-read-start, 6, 2, 70764583100, 1730876
read-wait, 21, 2, 166554
read, 21, 2, 707645831, 707645831, 166554
circular-read-start, 21, 2, 70764583100, 1730995
read-wait, 13, 2, 179248
read, 13, 2, 707645831, 707645831, 179248
circular-read-start, 13, 2, 70764583100, 1731008
read-wait, 5, 2, 166305
read, 5, 2, 707645831, 707645831, 166305
circular-read-start, 5, 2, 70764583100, 1731012
read-wait, 14, 2, 134019
read, 14, 2, 707645831, 707645831, 134019
circular-read-start, 14, 2, 70764583100, 1731016
read-wait, 8, 2, 139932
read, 8, 2, 707645831, 707645831, 142381
circular-read-start, 8, 2, 70764583100, 1733468
read-wait, 10, 2, 173163
read, 10, 2, 707645831, 707645831, 173163
circular-read-start, 10, 2, 70764583100, 1733622
read-wait, 16, 2, 137764
read, 16, 2, 707645831, 707645831, 137764
circular-read-start, 16, 2, 70764583100, 1733629
read-wait, 11, 2, 181338
read, 11, 2, 707645831, 707645831, 181338
circular-read-start, 11, 2, 70764583100, 1733636
read-wait, 15, 2, 140335
read, 15, 2, 707645831, 707645831, 140335
circular-read-start, 15, 2, 70764583100, 1733658
read-wait, 9, 2, 177968
read, 9, 2, 707645831, 707645831, 177968
circular-read-start, 9, 2, 70764583100, 1733690
read-start, 18, 3, 1415291662, 690008338, 3124390
circular-read-total, 18, 2, 70764583100, 21687, 1459233
read-start, 17, 3, 1415291662, 690008338, 3128909
circular-read-total, 17, 2, 70764583100, 17549, 1441538
read-start, 11, 3, 1415291662, 690008338, 3130997
circular-read-total, 11, 2, 70764583100, 24282, 1397417
read-start, 13, 3, 1415291662, 690008338, 3132495
circular-read-total, 13, 2, 70764583100, 20369, 1401541
read-start, 12, 3, 1415291662, 690008338, 3133504
circular-read-total, 12, 2, 70764583100, 13916, 1431449
read-start, 10, 3, 1415291662, 690008338, 3137145
circular-read-total, 10, 2, 70764583100, 13866, 1403577
read-start, 9, 3, 1415291662, 690008338, 3137386
circular-read-total, 9, 2, 70764583100, 11031, 1403756
read-start, 7, 3, 1415291662, 690008338, 3139194
circular-read-total, 7, 2, 70764583100, 11106, 1437220
read-start, 19, 3, 1415291662, 690008338, 3140382
circular-read-total, 19, 2, 70764583100, 10572, 1438334
read-start, 4, 3, 1415291662, 690008338, 3141905
circular-read-total, 4, 2, 70764583100, 11759, 1440093
read-start, 20, 3, 1415291662, 690008338, 3142439
circular-read-total, 20, 2, 70764583100, 15955, 1440399
read-start, 21, 3, 1415291662, 690008338, 3147317
circular-read-total, 21, 2, 70764583100, 14845, 1416378
read-start, 5, 3, 1415291662, 690008338, 3155101
circular-read-total, 5, 2, 70764583100, 11715, 1424123
read-start, 14, 3, 1415291662, 690008338, 3159014
circular-read-total, 14, 2, 70764583100, 4411, 1428037
read-start, 3, 3, 1415291662, 690008338, 3163874
circular-read-total, 3, 2, 70764583100, 5337, 1449414
read-start, 8, 3, 1415291662, 690008338, 3172137
circular-read-total, 8, 2, 70764583100, 5807, 1438676
read-start, 6, 3, 1415291662, 690008338, 3178373
circular-read-total, 6, 2, 70764583100, 5590, 1447535
read-start, 16, 3, 1415291662, 690008338, 3184818
circular-read-total, 16, 2, 70764583100, 6233, 1451198
read-start, 15, 3, 1415291662, 690008338, 3185016
circular-read-total, 15, 2, 70764583100, 6634, 1451371
read-wait, 18, 3, 72911
read, 18, 3, 1415291662, 690008338, 116291
circular-read-start, 18, 3, 69000833800, 3240682
read-wait, 8, 3, 68683
read, 8, 3, 1415291662, 690008338, 118097
circular-read-start, 8, 3, 69000833800, 3290235
read-wait, 13, 3, 157837
read, 13, 3, 1415291662, 690008338, 157837
circular-read-start, 13, 3, 69000833800, 3290333
read-wait, 11, 3, 159339
read, 11, 3, 1415291662, 690008338, 159339
circular-read-start, 11, 3, 69000833800, 3290337
read-wait, 17, 3, 161446
read, 17, 3, 1415291662, 690008338, 161446
circular-read-start, 17, 3, 69000833800, 3290356
read-wait, 14, 3, 131352
read, 14, 3, 1415291662, 690008338, 131352
circular-read-start, 14, 3, 69000833800, 3290366
read-wait, 4, 3, 148468
read, 4, 3, 1415291662, 690008338, 148468
circular-read-start, 4, 3, 69000833800, 3290374
read-wait, 7, 3, 151184
read, 7, 3, 1415291662, 690008338, 151184
circular-read-start, 7, 3, 69000833800, 3290379
read-wait, 6, 3, 112012
read, 6, 3, 1415291662, 690008338, 121421
circular-read-start, 6, 3, 69000833800, 3299794
read-wait, 21, 3, 152573
read, 21, 3, 1415291662, 690008338, 152573
circular-read-start, 21, 3, 69000833800, 3299891
read-wait, 20, 3, 157458
read, 20, 3, 1415291662, 690008338, 157458
circular-read-start, 20, 3, 69000833800, 3299898
read-wait, 3, 3, 136029
read, 3, 3, 1415291662, 690008338, 136029
circular-read-start, 3, 3, 69000833800, 3299903
read-wait, 19, 3, 159525
read, 19, 3, 1415291662, 690008338, 159525
circular-read-start, 19, 3, 69000833800, 3299908
read-wait, 5, 3, 144819
read, 5, 3, 1415291662, 690008338, 144819
circular-read-start, 5, 3, 69000833800, 3299921
read-wait, 9, 3, 162540
read, 9, 3, 1415291662, 690008338, 162540
circular-read-start, 9, 3, 69000833800, 3299927
read-wait, 12, 3, 166436
read, 12, 3, 1415291662, 690008338, 166436
circular-read-start, 12, 3, 69000833800, 3299941
read-wait, 10, 3, 162834
read, 10, 3, 1415291662, 690008338, 162834
circular-read-start, 10, 3, 69000833800, 3299980
read-wait, 16, 3, 115196
read, 16, 3, 1415291662, 690008338, 120519
circular-read-start, 16, 3, 69000833800, 3305338
read-wait, 15, 3, 120479
read, 15, 3, 1415291662, 690008338, 120479
circular-read-start, 15, 3, 69000833800, 3305496
circular-read-total, 18, 3, 69000833800, 22250, 1413974
circular-read-total, 17, 3, 69000833800, 17344, 1372076
circular-read-total, 13, 3, 69000833800, 15421, 1377124
circular-read-total, 7, 3, 69000833800, 17132, 1378486
circular-read-total, 11, 3, 69000833800, 18672, 1378551
circular-read-total, 10, 3, 69000833800, 14911, 1371221
circular-read-total, 12, 3, 69000833800, 17562, 1371271
circular-read-total, 5, 3, 69000833800, 11715, 1371389
circular-read-total, 20, 3, 69000833800, 13414, 1375088
circular-read-total, 21, 3, 69000833800, 15616, 1383196
circular-read-total, 9, 3, 69000833800, 17065, 1385360
circular-read-total, 4, 3, 69000833800, 9732, 1395150
circular-read-total, 14, 3, 69000833800, 7737, 1399885
circular-read-total, 3, 3, 69000833800, 9197, 1395814
circular-read-total, 19, 3, 69000833800, 17043, 1397831
circular-read-total, 8, 3, 69000833800, 5974, 1412676
circular-read-total, 6, 3, 69000833800, 6642, 1406620
circular-read-total, 16, 3, 69000833800, 5530, 1409805
circular-read-total, 15, 3, 69000833800, 5063, 1411073

cmd-read, 4727760
