# Mon Sep 21 14:09:34 PDT 2015
memory, 128926187520
record-value, 112
seek-chunk, 707645831
file, 4, 526325000
file, 5, 526325000
file, 6, 526325000
file, 7, 526325000
# Mon Sep 21 16:19:04 PDT 2015
memory, 128926187520
record-value, 112
seek-chunk, 707645831
file, 4, 526325000
file, 5, 526325000
file, 6, 526325000
file, 7, 526325000
# Mon Sep 21 16:36:50 PDT 2015
memory, 128926187520
record-value, 112
seek-chunk, 707645831
file, 4, 526325000
file, 5, 526325000
file, 6, 526325000
file, 7, 526325000
# Mon Sep 21 16:54:36 PDT 2015
memory, 128926187520
record-value, 112
seek-chunk, 707645831
file, 4, 526325000
file, 5, 526325000
file, 6, 526325000
file, 7, 526325000
# Mon Sep 21 17:14:18 PDT 2015
memory, 128926187520
record-value, 112
seek-chunk, 707645831
file, 4, 526325000
file, 5, 526325000
file, 6, 526325000
file, 7, 526325000

read-start, 1, 0, 707645831, 17706
circular-read-start, 4, 1, 52632500000, 24206
circular-read-start, 5, 1, 52632500000, 24206
circular-read-start, 7, 1, 52632500000, 24206
circular-read-start, 6, 1, 52632500000, 24206
circular-read-total, 6, 1, 52632500000, 109838, 153166
circular-read-total, 5, 1, 52632500000, 110232, 153314
circular-read-total, 4, 1, 52632500000, 110796, 153345
circular-read-total, 7, 1, 52632500000, 110580, 153722
linear-scan, 155978
-sort , 45521, 30
-merge, 41020, 30
-last , 2150
read, 1, 707645831, 162478
network, 1, 1389586

read-start, 2, 707645831, 707645831, 1569955
circular-read-start, 4, 2, 52632500000, 1571349
circular-read-start, 5, 2, 52632500000, 1571349
circular-read-start, 6, 2, 52632500000, 1571349
circular-read-start, 7, 2, 52632500000, 1571349
circular-read-total, 5, 2, 52632500000, 114069, 126373
circular-read-total, 7, 2, 52632500000, 114724, 126685
circular-read-total, 6, 2, 52632500000, 115178, 127024
circular-read-total, 4, 2, 52632500000, 115597, 127498
linear-scan, 129858
-sort , 33637, 24
-merge, 33819, 24
-last , 2246
read, 2, 707645831, 131253
network, 2, 1447304

read-start, 3, 1415291662, 690008338, 3148644
circular-read-start, 5, 3, 52632500000, 3150006
circular-read-start, 4, 3, 52632500000, 3150006
circular-read-start, 6, 3, 52632500000, 3150006
circular-read-start, 7, 3, 52632500000, 3150006
circular-read-total, 5, 3, 52632500000, 111722, 113655
circular-read-total, 7, 3, 52632500000, 111928, 113706
circular-read-total, 6, 3, 52632500000, 112099, 113883
circular-read-total, 4, 3, 52632500000, 112685, 114243
linear-scan, 117640
-sort , 19571, 15
-merge, 23320, 15
-last , 904
read, 3, 690008338, 119002
network, 3, 1418767

exit, 4745433
