# Mon Sep 21 14:09:34 PDT 2015
memory, 128926187520
record-value, 112
seek-chunk, 707645831
file, 4, 526325000
file, 5, 526325000
file, 6, 526325000
file, 7, 526325000
# Mon Sep 21 16:19:04 PDT 2015
memory, 128926187520
record-value, 112
seek-chunk, 707645831
file, 4, 526325000
file, 5, 526325000
file, 6, 526325000
file, 7, 526325000
# Mon Sep 21 16:36:50 PDT 2015
memory, 128926187520
record-value, 112
seek-chunk, 707645831
file, 4, 526325000
file, 5, 526325000
file, 6, 526325000
file, 7, 526325000
# Mon Sep 21 16:54:36 PDT 2015
memory, 128926187520
record-value, 112
seek-chunk, 707645831
file, 4, 526325000
file, 5, 526325000
file, 6, 526325000
file, 7, 526325000
# Mon Sep 21 17:14:18 PDT 2015
memory, 128926187520
record-value, 112
seek-chunk, 707645831
file, 4, 526325000
file, 5, 526325000
file, 6, 526325000
file, 7, 526325000

read-start, 1, 0, 707645831, 13996
circular-read-start, 4, 1, 52632500000, 21160
circular-read-start, 5, 1, 52632500000, 21160
circular-read-start, 6, 1, 52632500000, 21160
circular-read-start, 7, 1, 52632500000, 21160
circular-read-total, 6, 1, 52632500000, 109533, 142172
circular-read-total, 5, 1, 52632500000, 110048, 142273
circular-read-total, 4, 1, 52632500000, 110474, 142353
circular-read-total, 7, 1, 52632500000, 110387, 142369
linear-scan, 144575
-sort , 44604, 30
-merge, 41826, 30
-last , 2100
read, 1, 707645831, 151738
network, 1, 1403773

read-start, 2, 707645831, 707645831, 1569622
circular-read-start, 4, 2, 52632500000, 1571021
circular-read-start, 5, 2, 52632500000, 1571021
circular-read-start, 6, 2, 52632500000, 1571021
circular-read-start, 7, 2, 52632500000, 1571021
circular-read-total, 6, 2, 52632500000, 110622, 126764
circular-read-total, 7, 2, 52632500000, 110657, 126812
circular-read-total, 5, 2, 52632500000, 110814, 126893
circular-read-total, 4, 2, 52632500000, 111066, 126928
linear-scan, 129296
-sort , 35825, 24
-merge, 35117, 24
-last , 2253
read, 2, 707645831, 130695
network, 2, 1450726

read-start, 3, 1415291662, 690008338, 3151229
circular-read-start, 4, 3, 52632500000, 3152598
circular-read-start, 5, 3, 52632500000, 3152598
circular-read-start, 6, 3, 52632500000, 3152598
circular-read-start, 7, 3, 52632500000, 3152598
circular-read-total, 6, 3, 52632500000, 110594, 113372
circular-read-total, 7, 3, 52632500000, 110630, 113374
circular-read-total, 5, 3, 52632500000, 110835, 113427
circular-read-total, 4, 3, 52632500000, 110866, 113628
linear-scan, 117048
-sort , 21167, 15
-merge, 25776, 15
-last , 907
read, 3, 690008338, 118417
network, 3, 1429316

exit, 4741580
