# Mon Sep 21 14:09:34 PDT 2015
memory, 128926187520
record-value, 112
seek-chunk, 707645831
file, 4, 526325000
file, 5, 526325000
file, 6, 526325000
file, 7, 526325000
# Mon Sep 21 16:19:04 PDT 2015
memory, 128926187520
record-value, 112
seek-chunk, 707645831
file, 4, 526325000
file, 5, 526325000
file, 6, 526325000
file, 7, 526325000
# Mon Sep 21 16:36:50 PDT 2015
memory, 128926187520
record-value, 112
seek-chunk, 707645831
file, 4, 526325000
file, 5, 526325000
file, 6, 526325000
file, 7, 526325000
# Mon Sep 21 16:54:36 PDT 2015
memory, 128926187520
record-value, 112
seek-chunk, 707645831
file, 4, 526325000
file, 5, 526325000
file, 6, 526325000
file, 7, 526325000
# Mon Sep 21 17:14:18 PDT 2015
memory, 128926187520
record-value, 112
seek-chunk, 707645831
file, 4, 526325000
file, 5, 526325000
file, 6, 526325000
file, 7, 526325000

read-start, 1, 0, 707645831, 9655
circular-read-start, 4, 1, 52632500000, 16657
circular-read-start, 5, 1, 52632500000, 16657
circular-read-start, 6, 1, 52632500000, 16657
circular-read-start, 7, 1, 52632500000, 16657
circular-read-total, 7, 1, 52632500000, 107578, 134822
circular-read-total, 6, 1, 52632500000, 107684, 134846
circular-read-total, 4, 1, 52632500000, 107787, 134886
circular-read-total, 5, 1, 52632500000, 108723, 134904
linear-scan, 137098
-sort , 42410, 30
-merge, 41195, 30
-last , 2087
read, 1, 707645831, 144100
network, 1, 1407854

read-start, 2, 707645831, 707645831, 1561794
circular-read-start, 4, 2, 52632500000, 1563195
circular-read-start, 5, 2, 52632500000, 1563195
circular-read-start, 6, 2, 52632500000, 1563195
circular-read-start, 7, 2, 52632500000, 1563195
circular-read-total, 5, 2, 52632500000, 109237, 123956
circular-read-total, 6, 2, 52632500000, 109168, 123965
circular-read-total, 7, 2, 52632500000, 109755, 124069
circular-read-total, 4, 2, 52632500000, 110492, 124124
linear-scan, 126473
-sort , 34375, 24
-merge, 35813, 24
-last , 2236
read, 2, 707645831, 127875
network, 2, 1458861

read-start, 3, 1415291662, 690008338, 3148663
circular-read-start, 5, 3, 52632500000, 3150027
circular-read-start, 4, 3, 52632500000, 3150027
circular-read-start, 6, 3, 52632500000, 3150027
circular-read-start, 7, 3, 52632500000, 3150027
circular-read-total, 6, 3, 52632500000, 108854, 111150
circular-read-total, 5, 3, 52632500000, 109040, 111224
circular-read-total, 7, 3, 52632500000, 109546, 111446
circular-read-total, 4, 3, 52632500000, 110373, 111734
linear-scan, 115065
-sort , 19804, 15
-merge, 25828, 15
-last , 911
read, 3, 690008338, 116429
network, 3, 1413011

exit, 4737190
