# Mon Sep 21 14:09:34 PDT 2015
memory, 128926187520
record-value, 112
seek-chunk, 707645831
file, 4, 526325000
file, 5, 526325000
file, 6, 526325000
file, 7, 526325000
# Mon Sep 21 16:19:04 PDT 2015
memory, 128926187520
record-value, 112
seek-chunk, 707645831
file, 4, 526325000
file, 5, 526325000
file, 6, 526325000
file, 7, 526325000
# Mon Sep 21 16:36:50 PDT 2015
memory, 128926187520
record-value, 112
seek-chunk, 707645831
file, 4, 526325000
file, 5, 526325000
file, 6, 526325000
file, 7, 526325000
# Mon Sep 21 16:54:36 PDT 2015
memory, 128926187520
record-value, 112
seek-chunk, 707645831
file, 4, 526325000
file, 5, 526325000
file, 6, 526325000
file, 7, 526325000
# Mon Sep 21 17:14:18 PDT 2015
memory, 128926187520
record-value, 112
seek-chunk, 707645831
file, 4, 526325000
file, 5, 526325000
file, 6, 526325000
file, 7, 526325000

read-start, 1, 0, 707645831, 2028
circular-read-start, 4, 1, 52632500000, 8519
circular-read-start, 5, 1, 52632500000, 8519
circular-read-start, 6, 1, 52632500000, 8519
circular-read-start, 7, 1, 52632500000, 8519
circular-read-total, 4, 1, 52632500000, 112786, 147343
circular-read-total, 6, 1, 52632500000, 113584, 147921
circular-read-total, 5, 1, 52632500000, 114015, 148001
circular-read-total, 7, 1, 52632500000, 114174, 148126
linear-scan, 150393
-sort , 42911, 30
-merge, 41277, 30
-last , 2163
read, 1, 707645831, 156883
network, 1, 1414567

read-start, 2, 707645831, 707645831, 1573543
circular-read-start, 4, 2, 52632500000, 1574943
circular-read-start, 5, 2, 52632500000, 1574943
circular-read-start, 6, 2, 52632500000, 1574943
circular-read-start, 7, 2, 52632500000, 1574943
circular-read-total, 4, 2, 52632500000, 117196, 138290
circular-read-total, 7, 2, 52632500000, 116179, 138691
circular-read-total, 6, 2, 52632500000, 118276, 138730
circular-read-total, 5, 2, 52632500000, 117043, 139044
linear-scan, 141455
-sort , 34080, 24
-merge, 35082, 24
-last , 2298
read, 2, 707645831, 142855
network, 2, 1449257

read-start, 3, 1415291662, 690008338, 3165730
circular-read-start, 5, 3, 52632500000, 3167095
circular-read-start, 4, 3, 52632500000, 3167095
circular-read-start, 6, 3, 52632500000, 3167095
circular-read-start, 7, 3, 52632500000, 3167095
circular-read-total, 5, 3, 52632500000, 113195, 115259
circular-read-total, 7, 3, 52632500000, 113584, 115610
circular-read-total, 6, 3, 52632500000, 114110, 115777
circular-read-total, 4, 3, 52632500000, 113764, 115864
linear-scan, 119199
-sort , 20576, 15
-merge, 29335, 15
-last , 902
read, 3, 690008338, 120565
network, 3, 1411118

exit, 4729585
