# Mon Sep 21 14:09:34 PDT 2015
memory, 128926187520
record-value, 112
seek-chunk, 707645831
file, 4, 526325000
file, 5, 526325000
file, 6, 526325000
file, 7, 526325000
# Mon Sep 21 16:19:04 PDT 2015
memory, 128926187520
record-value, 112
seek-chunk, 707645831
file, 4, 526325000
file, 5, 526325000
file, 6, 526325000
file, 7, 526325000
# Mon Sep 21 16:36:50 PDT 2015
memory, 128926187520
record-value, 112
seek-chunk, 707645831
file, 4, 526325000
file, 5, 526325000
file, 6, 526325000
file, 7, 526325000
# Mon Sep 21 16:54:36 PDT 2015
memory, 128926187520
record-value, 112
seek-chunk, 707645831
file, 4, 526325000
file, 5, 526325000
file, 6, 526325000
file, 7, 526325000
# Mon Sep 21 17:14:18 PDT 2015
memory, 128926187520
record-value, 112
seek-chunk, 707645831
file, 4, 526325000
file, 5, 526325000
file, 6, 526325000
file, 7, 526325000

read-start, 1, 0, 707645831, 27558
circular-read-start, 4, 1, 52632500000, 34069
circular-read-start, 5, 1, 52632500000, 34069
circular-read-start, 6, 1, 52632500000, 34069
circular-read-start, 7, 1, 52632500000, 34069
circular-read-total, 7, 1, 52632500000, 113807, 142788
circular-read-total, 5, 1, 52632500000, 113103, 142869
circular-read-total, 6, 1, 52632500000, 113189, 142889
circular-read-total, 4, 1, 52632500000, 113118, 142923
linear-scan, 148334
-sort , 44160, 30
-merge, 40954, 30
-last , 2114
read, 1, 707645831, 154845
network, 1, 1440888

read-start, 2, 707645831, 707645831, 1623372
circular-read-start, 5, 2, 52632500000, 1624772
circular-read-start, 4, 2, 52632500000, 1624772
circular-read-start, 6, 2, 52632500000, 1624772
circular-read-start, 7, 2, 52632500000, 1624772
circular-read-total, 7, 2, 52632500000, 115763, 130068
circular-read-total, 4, 2, 52632500000, 117782, 130476
circular-read-total, 5, 2, 52632500000, 117320, 130497
circular-read-total, 6, 2, 52632500000, 118239, 130888
linear-scan, 133277
-sort , 33955, 24
-merge, 35074, 24
-last , 2275
read, 2, 707645831, 134677
network, 2, 1454207

read-start, 3, 1415291662, 690008338, 3212311
circular-read-start, 5, 3, 52632500000, 3213680
circular-read-start, 4, 3, 52632500000, 3213680
circular-read-start, 6, 3, 52632500000, 3213680
circular-read-start, 7, 3, 52632500000, 3213680
circular-read-total, 7, 3, 52632500000, 112023, 114648
circular-read-total, 6, 3, 52632500000, 112590, 114688
circular-read-total, 5, 3, 52632500000, 112302, 114803
circular-read-total, 4, 3, 52632500000, 114114, 115874
linear-scan, 119149
-sort , 19488, 15
-merge, 25028, 15
-last , 904
read, 3, 690008338, 120518
network, 3, 1409586

exit, 4755276
