# 1, 50, 10, true, read
recv-size, 0, 524288000
size, 0, 0
start-read, 0, 0, 104857600
read, 0, 155277
recv-read, 0, 0, 104857600
network, 0, 48929
start-read, 1, 104857600, 104857600
read, 1, 157347
recv-read, 1, 104857600, 104857600
network, 1, 38446
start-read, 2, 209715200, 104857600
read, 2, 141524
recv-read, 2, 209715200, 104857600
network, 2, 38873
start-read, 3, 314572800, 104857600
read, 3, 120714
recv-read, 3, 314572800, 104857600
network, 3, 40105
start-read, 4, 419430400, 104857600
read, 4, 114531
recv-read, 4, 419430400, 104857600
network, 4, 35687
start-read, 5, 524288000, 104857600
cmd-read, 0, 893214
