# Thu Sep 10 16:32:52 PDT 2015
# 3, 333, 0, read
record-value, 112
chunk-size, 1422549852, 8166
disks, 8, 

size, 5, 1, 3491758080, 0
size, 6, 1, 3491758080, 0
size, 7, 1, 3491758080, 0


read-start, 5, 1, 0, 1422549852, 33
read-start, 6, 1, 0, 1422549852, 33
read-start, 7, 1, 0, 1422549852, 33
read-wait, 5, 1, 0
read, 5, 1, 0, 1422549852, 245063
circular-read-start, 5, 1, 142254985200, 245097
read-wait, 6, 1, 245211
read, 6, 1, 0, 1422549852, 245211
circular-read-start, 6, 1, 142254985200, 245245
read-wait, 7, 1, 245217
read, 7, 1, 0, 1422549852, 245217
circular-read-start, 7, 1, 142254985200, 245250
read-start, 6, 2, 1422549852, 1422549852, 591095
circular-read-total, 6, 1, 142254985200, 38415, 345850
read-start, 7, 2, 1422549852, 1422549852, 591245
circular-read-total, 7, 1, 142254985200, 40188, 345995
read-start, 5, 2, 1422549852, 1422549852, 591305
circular-read-total, 5, 1, 142254985200, 47802, 346207
read-wait, 5, 2, 24
read, 5, 2, 1422549852, 1422549852, 185671
circular-read-start, 5, 2, 142254985200, 776976
read-wait, 6, 2, 186024
read, 6, 2, 1422549852, 1422549852, 195573
circular-read-start, 6, 2, 142254985200, 786669
read-wait, 7, 2, 195557
read, 7, 2, 1422549852, 1422549852, 195557
circular-read-start, 7, 2, 142254985200, 786803
read-start, 6, 3, 2845099704, 646658376, 1130302
circular-read-total, 6, 2, 142254985200, 39567, 343634
read-start, 5, 3, 2845099704, 646658376, 1130910
circular-read-total, 5, 2, 142254985200, 46298, 353934
read-start, 7, 3, 2845099704, 646658376, 1131506
circular-read-total, 7, 2, 142254985200, 38586, 344703
read-wait, 6, 3, 1485
read, 6, 3, 2845099704, 646658376, 114922
circular-read-start, 6, 3, 64665837600, 1245225
read-wait, 5, 3, 114446
read, 5, 3, 2845099704, 646658376, 114446
circular-read-start, 5, 3, 64665837600, 1245357
read-wait, 7, 3, 113855
read, 7, 3, 2845099704, 646658376, 113855
circular-read-start, 7, 3, 64665837600, 1245361
circular-read-total, 6, 3, 64665837600, 20574, 155671
circular-read-total, 5, 3, 64665837600, 21865, 156848
circular-read-total, 7, 3, 64665837600, 18422, 157424

cmd-read, 1403099
