# Sun Sep 20 20:16:46 PDT 2015
# 10, 127.27, 0, read
max-chunk, 3, 1, 171511808, 0
chunk-size, 171511808, 2236
disks, 8

size, 3, 2, 1272700000, 0
size, 4, 1, 1272700000, 0
size, 5, 1, 1272700000, 0
size, 6, 1, 1272700000, 0
size, 7, 1, 1272700000, 0
size, 8, 1, 1272700000, 0
size, 9, 1, 1272700000, 0
size, 10, 1, 1272700000, 0
size, 11, 1, 1272700000, 0
size, 12, 1, 1272700000, 0
size, 13, 1, 1272700000, 0


read-start, 3, 1, 0, 171511808, 61
read-start, 4, 1, 0, 171511808, 61
read-start, 5, 1, 0, 171511808, 61
read-start, 6, 1, 0, 171511808, 61
read-start, 7, 1, 0, 171511808, 61
read-start, 8, 1, 0, 171511808, 61
read-start, 9, 1, 0, 171511808, 61
read-start, 10, 1, 0, 171511808, 61
read-start, 11, 1, 0, 171511808, 61
read-start, 12, 1, 0, 171511808, 61
read-start, 13, 1, 0, 171511808, 61
read-wait, 3, 1, 0
read, 3, 1, 0, 171511808, 289910
circular-read-start, 3, 1, 17151180800, 289971
read-wait, 4, 1, 290078
read, 4, 1, 0, 171511808, 290078
circular-read-start, 4, 1, 17151180800, 290139
read-wait, 5, 1, 290080
read, 5, 1, 0, 171511808, 290080
circular-read-start, 5, 1, 17151180800, 290141
read-wait, 6, 1, 290082
read, 6, 1, 0, 171511808, 290082
circular-read-start, 6, 1, 17151180800, 290143
read-wait, 7, 1, 290084
read, 7, 1, 0, 171511808, 290084
circular-read-start, 7, 1, 17151180800, 290145
read-wait, 8, 1, 290086
read, 8, 1, 0, 171511808, 290086
circular-read-start, 8, 1, 17151180800, 290147
read-wait, 9, 1, 290087
read, 9, 1, 0, 171511808, 290087
circular-read-start, 9, 1, 17151180800, 290149
read-wait, 10, 1, 290089
read, 10, 1, 0, 171511808, 290089
circular-read-start, 10, 1, 17151180800, 290151
read-wait, 11, 1, 290091
read, 11, 1, 0, 171511808, 290091
circular-read-start, 11, 1, 17151180800, 290153
read-wait, 12, 1, 290093
read, 12, 1, 0, 171511808, 290093
circular-read-start, 12, 1, 17151180800, 290155
read-wait, 13, 1, 290095
read, 13, 1, 0, 171511808, 290096
circular-read-start, 13, 1, 17151180800, 290157
read-start, 11, 2, 171511808, 171511808, 484445
circular-read-total, 11, 1, 17151180800, 144490, 194292
read-start, 12, 2, 171511808, 171511808, 484447
circular-read-total, 12, 1, 17151180800, 139119, 194292
read-start, 6, 2, 171511808, 171511808, 484581
circular-read-total, 6, 1, 17151180800, 123642, 194438
read-start, 3, 2, 171511808, 171511808, 484609
circular-read-total, 3, 1, 17151180800, 129520, 194637
read-start, 5, 2, 171511808, 171511808, 484615
circular-read-total, 5, 1, 17151180800, 121307, 194474
read-start, 4, 2, 171511808, 171511808, 484679
circular-read-total, 4, 1, 17151180800, 119619, 194540
read-start, 8, 2, 171511808, 171511808, 484765
circular-read-total, 8, 1, 17151180800, 143312, 194617
read-start, 7, 2, 171511808, 171511808, 484833
circular-read-total, 7, 1, 17151180800, 91922, 194687
read-start, 13, 2, 171511808, 171511808, 484990
circular-read-total, 13, 1, 17151180800, 134578, 194833
read-start, 10, 2, 171511808, 171511808, 485029
circular-read-total, 10, 1, 17151180800, 129500, 194878
read-wait, 7, 2, 340
read-start, 9, 2, 171511808, 171511808, 485253
circular-read-total, 9, 1, 17151180800, 120255, 195103
read, 7, 2, 171511808, 171511808, 266080
circular-read-start, 7, 2, 17151180800, 750914
read-wait, 6, 2, 266484
read, 6, 2, 171511808, 171511808, 266484
circular-read-start, 6, 2, 17151180800, 751066
read-wait, 11, 2, 266625
read, 11, 2, 171511808, 171511808, 266625
circular-read-start, 11, 2, 17151180800, 751071
read-wait, 10, 2, 266044
read, 10, 2, 171511808, 171511808, 266044
circular-read-start, 10, 2, 17151180800, 751073
read-wait, 5, 2, 266463
read, 5, 2, 171511808, 171511808, 266463
circular-read-start, 5, 2, 17151180800, 751079
read-wait, 13, 2, 266090
read, 13, 2, 171511808, 171511808, 266090
circular-read-start, 13, 2, 17151180800, 751081
read-wait, 8, 2, 266319
read, 8, 2, 171511808, 171511808, 266319
circular-read-start, 8, 2, 17151180800, 751084
read-wait, 3, 2, 266484
read, 3, 2, 171511808, 171511808, 267433
circular-read-start, 3, 2, 17151180800, 752042
read-wait, 9, 2, 266932
read, 9, 2, 171511808, 171511808, 266932
circular-read-start, 9, 2, 17151180800, 752185
read-wait, 4, 2, 267511
read, 4, 2, 171511808, 171511808, 267511
circular-read-start, 4, 2, 17151180800, 752191
read-wait, 12, 2, 267762
read, 12, 2, 171511808, 171511808, 267762
circular-read-start, 12, 2, 17151180800, 752209
read-start, 6, 3, 343023616, 171511808, 945347
circular-read-total, 6, 2, 17151180800, 139058, 194280
read-start, 13, 3, 343023616, 171511808, 945507
circular-read-total, 13, 2, 17151180800, 114974, 194426
read-start, 5, 3, 343023616, 171511808, 945562
circular-read-total, 5, 2, 17151180800, 144420, 194483
read-start, 11, 3, 343023616, 171511808, 945631
circular-read-total, 11, 2, 17151180800, 122310, 194560
read-start, 8, 3, 343023616, 171511808, 945661
circular-read-total, 8, 2, 17151180800, 113971, 194577
read-start, 10, 3, 343023616, 171511808, 945780
circular-read-total, 10, 2, 17151180800, 120003, 194706
read-start, 7, 3, 343023616, 171511808, 945938
circular-read-total, 7, 2, 17151180800, 74909, 195024
read-start, 9, 3, 343023616, 171511808, 946807
circular-read-total, 9, 2, 17151180800, 101377, 194621
read-start, 3, 3, 343023616, 171511808, 946905
circular-read-total, 3, 2, 17151180800, 141716, 194862
read-wait, 7, 3, 1143
read-start, 12, 3, 343023616, 171511808, 947114
circular-read-total, 12, 2, 17151180800, 131554, 194904
read-start, 4, 3, 343023616, 171511808, 947127
circular-read-total, 4, 2, 17151180800, 115947, 194936
read, 7, 3, 343023616, 171511808, 265219
circular-read-start, 7, 3, 17151180800, 1211158
read-wait, 11, 3, 265669
read, 11, 3, 343023616, 171511808, 265669
circular-read-start, 11, 3, 17151180800, 1211301
read-wait, 6, 3, 265959
read, 6, 3, 343023616, 171511808, 265959
circular-read-start, 6, 3, 17151180800, 1211306
read-wait, 5, 3, 265749
read, 5, 3, 343023616, 171511808, 265749
circular-read-start, 5, 3, 17151180800, 1211312
read-wait, 13, 3, 265808
read, 13, 3, 343023616, 171511808, 265808
circular-read-start, 13, 3, 17151180800, 1211316
read-wait, 10, 3, 265537
read, 10, 3, 343023616, 171511808, 265537
circular-read-start, 10, 3, 17151180800, 1211318
read-wait, 8, 3, 265664
read, 8, 3, 343023616, 171511808, 265664
circular-read-start, 8, 3, 17151180800, 1211325
read-wait, 9, 3, 264530
read, 9, 3, 343023616, 171511808, 264686
circular-read-start, 9, 3, 17151180800, 1211493
read-wait, 3, 3, 264772
read, 3, 3, 343023616, 171511808, 267288
circular-read-start, 3, 3, 17151180800, 1214193
read-wait, 4, 3, 267204
read, 4, 3, 343023616, 171511808, 267204
circular-read-start, 4, 3, 17151180800, 1214332
read-wait, 12, 3, 267240
read, 12, 3, 343023616, 171511808, 267240
circular-read-start, 12, 3, 17151180800, 1214355
read-start, 6, 4, 514535424, 171511808, 1407050
circular-read-total, 6, 3, 17151180800, 127334, 195744
read-start, 11, 4, 514535424, 171511808, 1407374
circular-read-total, 11, 3, 17151180800, 143871, 196073
read-start, 5, 4, 514535424, 171511808, 1407438
circular-read-total, 5, 3, 17151180800, 140663, 196126
read-start, 8, 4, 514535424, 171511808, 1407661
circular-read-total, 8, 3, 17151180800, 106021, 196336
read-start, 9, 4, 514535424, 171511808, 1407732
circular-read-total, 9, 3, 17151180800, 93661, 196239
read-start, 10, 4, 514535424, 171511808, 1407760
circular-read-total, 10, 3, 17151180800, 100115, 196441
read-start, 13, 4, 514535424, 171511808, 1407797
circular-read-total, 13, 3, 17151180800, 130008, 196480
read-start, 7, 4, 514535424, 171511808, 1408385
circular-read-total, 7, 3, 17151180800, 111767, 197227
read-start, 3, 4, 514535424, 171511808, 1408772
circular-read-total, 3, 3, 17151180800, 148307, 194578
read-start, 12, 4, 514535424, 171511808, 1408801
circular-read-total, 12, 3, 17151180800, 134328, 194446
read-wait, 7, 4, 738
read-start, 4, 4, 514535424, 171511808, 1409191
circular-read-total, 4, 3, 17151180800, 119447, 194859
read, 7, 4, 514535424, 171511808, 265002
circular-read-start, 7, 4, 17151180800, 1673388
read-wait, 10, 4, 265790
read, 10, 4, 514535424, 171511808, 265790
circular-read-start, 10, 4, 17151180800, 1673550
read-wait, 11, 4, 266180
read, 11, 4, 514535424, 171511808, 266180
circular-read-start, 11, 4, 17151180800, 1673555
read-wait, 6, 4, 266514
read, 6, 4, 514535424, 171511808, 266514
circular-read-start, 6, 4, 17151180800, 1673564
read-wait, 8, 4, 265909
read, 8, 4, 514535424, 171511808, 265909
circular-read-start, 8, 4, 17151180800, 1673571
read-wait, 5, 4, 266138
read, 5, 4, 514535424, 171511808, 266138
circular-read-start, 5, 4, 17151180800, 1673577
read-wait, 13, 4, 265783
read, 13, 4, 514535424, 171511808, 265783
circular-read-start, 13, 4, 17151180800, 1673580
read-wait, 9, 4, 265856
read, 9, 4, 514535424, 171511808, 265856
circular-read-start, 9, 4, 17151180800, 1673589
read-wait, 4, 4, 264401
read, 4, 4, 514535424, 171511808, 264790
circular-read-start, 4, 4, 17151180800, 1673982
read-wait, 3, 4, 265353
read, 3, 4, 514535424, 171511808, 266683
circular-read-start, 3, 4, 17151180800, 1675456
read-wait, 12, 4, 266807
read, 12, 4, 514535424, 171511808, 266807
circular-read-start, 12, 4, 17151180800, 1675609
read-start, 11, 5, 686047232, 171511808, 1868192
circular-read-total, 11, 4, 17151180800, 101432, 194640
read-start, 10, 5, 686047232, 171511808, 1868228
circular-read-total, 10, 4, 17151180800, 134653, 194678
read-start, 13, 5, 686047232, 171511808, 1868605
circular-read-total, 13, 4, 17151180800, 137416, 195024
read-start, 6, 5, 686047232, 171511808, 1868606
circular-read-total, 6, 4, 17151180800, 134477, 195041
read-start, 5, 5, 686047232, 171511808, 1868640
circular-read-total, 5, 4, 17151180800, 146325, 195062
read-start, 4, 5, 686047232, 171511808, 1868640
circular-read-total, 4, 4, 17151180800, 113700, 194658
read-start, 7, 5, 686047232, 171511808, 1868788
circular-read-total, 7, 4, 17151180800, 105371, 195399
read-start, 8, 5, 686047232, 171511808, 1868956
circular-read-total, 8, 4, 17151180800, 129255, 195384
read-start, 9, 5, 686047232, 171511808, 1869296
circular-read-total, 9, 4, 17151180800, 99512, 195706
read-start, 12, 5, 686047232, 171511808, 1869873
circular-read-total, 12, 4, 17151180800, 140834, 194264
read-wait, 7, 5, 1206
read-start, 3, 5, 686047232, 171511808, 1870105
circular-read-total, 3, 4, 17151180800, 129002, 194649
read, 7, 5, 686047232, 171511808, 265195
circular-read-start, 7, 5, 17151180800, 2133983
read-wait, 10, 5, 265926
read, 10, 5, 686047232, 171511808, 265926
circular-read-start, 10, 5, 17151180800, 2134154
read-wait, 11, 5, 265965
read, 11, 5, 686047232, 171511808, 265965
circular-read-start, 11, 5, 17151180800, 2134158
read-wait, 8, 5, 265212
read, 8, 5, 686047232, 171511808, 265212
circular-read-start, 8, 5, 17151180800, 2134168
read-wait, 9, 5, 264878
read, 9, 5, 686047232, 171511808, 265074
circular-read-start, 9, 5, 17151180800, 2134370
read-wait, 13, 5, 265930
read, 13, 5, 686047232, 171511808, 265930
circular-read-start, 13, 5, 17151180800, 2134535
read-wait, 6, 5, 265932
read, 6, 5, 686047232, 171511808, 267195
circular-read-start, 6, 5, 17151180800, 2135801
read-wait, 4, 5, 267325
read, 4, 5, 686047232, 171511808, 267325
circular-read-start, 4, 5, 17151180800, 2135966
read-wait, 12, 5, 266094
read, 12, 5, 686047232, 171511808, 266094
circular-read-start, 12, 5, 17151180800, 2135968
read-wait, 5, 5, 267332
read, 5, 5, 686047232, 171511808, 268029
circular-read-start, 5, 5, 17151180800, 2136670
read-wait, 3, 5, 266728
read, 3, 5, 686047232, 171511808, 267192
circular-read-start, 3, 5, 17151180800, 2137298
read-start, 10, 6, 857559040, 171511808, 2329703
circular-read-total, 10, 5, 17151180800, 114647, 195548
read-start, 13, 6, 857559040, 171511808, 2329813
circular-read-total, 13, 5, 17151180800, 103785, 195277
read-start, 7, 6, 857559040, 171511808, 2329987
circular-read-total, 7, 5, 17151180800, 73897, 196004
read-start, 8, 6, 857559040, 171511808, 2330204
circular-read-total, 8, 5, 17151180800, 106157, 196036
read-start, 9, 6, 857559040, 171511808, 2330298
circular-read-total, 9, 5, 17151180800, 98749, 195928
read-start, 12, 6, 857559040, 171511808, 2330441
circular-read-total, 12, 5, 17151180800, 112608, 194473
read-start, 4, 6, 857559040, 171511808, 2330529
circular-read-total, 4, 5, 17151180800, 104322, 194563
read-start, 6, 6, 857559040, 171511808, 2330683
circular-read-total, 6, 5, 17151180800, 100767, 194881
read-start, 11, 6, 857559040, 171511808, 2331000
circular-read-total, 11, 5, 17151180800, 146130, 196842
read-start, 5, 6, 857559040, 171511808, 2331249
circular-read-total, 5, 5, 17151180800, 148451, 194579
read-wait, 7, 6, 2102
read-start, 3, 6, 857559040, 171511808, 2332205
circular-read-total, 3, 5, 17151180800, 148741, 194906
read, 7, 6, 857559040, 171511808, 265129
circular-read-start, 7, 6, 17151180800, 2595116
read-wait, 8, 6, 265067
read, 8, 6, 857559040, 171511808, 265067
circular-read-start, 8, 6, 17151180800, 2595271
read-wait, 11, 6, 264275
read, 11, 6, 857559040, 171511808, 264275
circular-read-start, 11, 6, 17151180800, 2595276
read-wait, 10, 6, 265580
read, 10, 6, 857559040, 171511808, 265580
circular-read-start, 10, 6, 17151180800, 2595284
read-wait, 13, 6, 265472
read, 13, 6, 857559040, 171511808, 265472
circular-read-start, 13, 6, 17151180800, 2595285
read-wait, 6, 6, 264608
read, 6, 6, 857559040, 171511808, 267837
circular-read-start, 6, 6, 17151180800, 2598521
read-wait, 9, 6, 268368
read, 9, 6, 857559040, 171511808, 268368
circular-read-start, 9, 6, 17151180800, 2598667
read-wait, 12, 6, 268235
read, 12, 6, 857559040, 171511808, 268235
circular-read-start, 12, 6, 17151180800, 2598677
read-wait, 4, 6, 268151
read, 4, 6, 857559040, 171511808, 268151
circular-read-start, 4, 6, 17151180800, 2598681
read-wait, 5, 6, 267450
read, 5, 6, 857559040, 171511808, 268523
circular-read-start, 5, 6, 17151180800, 2599773
read-wait, 3, 6, 267723
read, 3, 6, 857559040, 171511808, 267723
circular-read-start, 3, 6, 17151180800, 2599928
read-start, 8, 7, 1029070848, 171511808, 2792169
circular-read-total, 8, 6, 17151180800, 103515, 196897
read-start, 11, 7, 1029070848, 171511808, 2792874
circular-read-total, 11, 6, 17151180800, 125930, 197598
read-start, 13, 7, 1029070848, 171511808, 2792905
circular-read-total, 13, 6, 17151180800, 130171, 197621
read-start, 7, 7, 1029070848, 171511808, 2792971
circular-read-total, 7, 6, 17151180800, 107453, 197854
read-start, 12, 7, 1029070848, 171511808, 2793309
circular-read-total, 12, 6, 17151180800, 129133, 194632
read-start, 10, 7, 1029070848, 171511808, 2793318
circular-read-total, 10, 6, 17151180800, 132794, 198034
read-start, 9, 7, 1029070848, 171511808, 2793344
circular-read-total, 9, 6, 17151180800, 111827, 194676
read-start, 4, 7, 1029070848, 171511808, 2793576
circular-read-total, 4, 6, 17151180800, 122237, 194895
read-start, 6, 7, 1029070848, 171511808, 2793989
circular-read-total, 6, 6, 17151180800, 107237, 195468
read-start, 3, 7, 1029070848, 171511808, 2794343
circular-read-total, 3, 6, 17151180800, 130182, 194415
read-start, 5, 7, 1029070848, 171511808, 2794480
circular-read-total, 5, 6, 17151180800, 154156, 194707
read-wait, 7, 7, 1521
read, 7, 7, 1029070848, 171511808, 264683
circular-read-start, 7, 7, 17151180800, 3057654
read-wait, 12, 7, 264483
read, 12, 7, 1029070848, 171511808, 264813
circular-read-start, 12, 7, 17151180800, 3058123
read-wait, 10, 7, 264953
read, 10, 7, 1029070848, 171511808, 264953
circular-read-start, 10, 7, 17151180800, 3058272
read-wait, 11, 7, 265399
read, 11, 7, 1029070848, 171511808, 265399
circular-read-start, 11, 7, 17151180800, 3058274
read-wait, 8, 7, 266108
read, 8, 7, 1029070848, 171511808, 266108
circular-read-start, 8, 7, 17151180800, 3058278
read-wait, 6, 7, 264302
read, 6, 7, 1029070848, 171511808, 266635
circular-read-start, 6, 7, 17151180800, 3060624
read-wait, 9, 7, 267418
read, 9, 7, 1029070848, 171511808, 267418
circular-read-start, 9, 7, 17151180800, 3060762
read-wait, 4, 7, 267189
read, 4, 7, 1029070848, 171511808, 267189
circular-read-start, 4, 7, 17151180800, 3060765
read-wait, 5, 7, 266298
read, 5, 7, 1029070848, 171511808, 266947
circular-read-start, 5, 7, 17151180800, 3061428
read-wait, 13, 7, 268664
read, 13, 7, 1029070848, 171511808, 268664
circular-read-start, 13, 7, 17151180800, 3061569
read-wait, 3, 7, 267252
read, 3, 7, 1029070848, 171511808, 267252
circular-read-start, 3, 7, 17151180800, 3061595
read-start, 7, 8, 1200582656, 72117344, 3253157
circular-read-total, 7, 7, 17151180800, 72157, 195503
read-start, 8, 8, 1200582656, 72117344, 3254486
circular-read-total, 8, 7, 17151180800, 101259, 196208
read-start, 10, 8, 1200582656, 72117344, 3254746
circular-read-total, 10, 7, 17151180800, 121504, 196474
read-start, 12, 8, 1200582656, 72117344, 3254801
circular-read-total, 12, 7, 17151180800, 148234, 196677
read-start, 11, 8, 1200582656, 72117344, 3254973
circular-read-total, 11, 7, 17151180800, 131946, 196699
read-start, 9, 8, 1200582656, 72117344, 3255393
circular-read-total, 9, 7, 17151180800, 93865, 194631
read-start, 6, 8, 1200582656, 72117344, 3255462
circular-read-total, 6, 7, 17151180800, 116461, 194838
read-start, 4, 8, 1200582656, 72117344, 3255537
circular-read-total, 4, 7, 17151180800, 109816, 194771
read-start, 13, 8, 1200582656, 72117344, 3255912
circular-read-total, 13, 7, 17151180800, 132943, 194342
read-start, 3, 8, 1200582656, 72117344, 3256095
circular-read-total, 3, 7, 17151180800, 146767, 194499
read-start, 5, 8, 1200582656, 72117344, 3256352
circular-read-total, 5, 7, 17151180800, 145302, 194924
read-wait, 12, 8, 1676
read, 12, 8, 1200582656, 72117344, 264326
circular-read-start, 12, 8, 7211734400, 3519128
read-wait, 11, 8, 264295
read, 11, 8, 1200582656, 72117344, 264295
circular-read-start, 11, 8, 7211734400, 3519269
read-wait, 6, 8, 263809
read, 6, 8, 1200582656, 72117344, 264292
circular-read-start, 6, 8, 7211734400, 3519755
read-wait, 7, 8, 266738
read, 7, 8, 1200582656, 72117344, 266738
circular-read-start, 7, 8, 7211734400, 3519895
read-wait, 10, 8, 265152
read, 10, 8, 1200582656, 72117344, 265152
circular-read-start, 10, 8, 7211734400, 3519898
read-wait, 13, 8, 263992
read, 13, 8, 1200582656, 72117344, 263992
circular-read-start, 13, 8, 7211734400, 3519904
read-wait, 8, 8, 265419
read, 8, 8, 1200582656, 72117344, 265419
circular-read-start, 8, 8, 7211734400, 3519906
read-wait, 9, 8, 264514
read, 9, 8, 1200582656, 72117344, 264514
circular-read-start, 9, 8, 7211734400, 3519908
read-wait, 3, 8, 263816
read, 3, 8, 1200582656, 72117344, 266246
circular-read-start, 3, 8, 7211734400, 3522341
read-wait, 5, 8, 266128
read, 5, 8, 1200582656, 72117344, 266128
circular-read-start, 5, 8, 7211734400, 3522480
read-wait, 4, 8, 266946
read, 4, 8, 1200582656, 72117344, 266946
circular-read-start, 4, 8, 7211734400, 3522484
circular-read-total, 11, 8, 7211734400, 18731, 79742
circular-read-total, 12, 8, 7211734400, 11581, 80305
circular-read-total, 6, 8, 7211734400, 25410, 80267
circular-read-total, 8, 8, 7211734400, 23071, 80287
circular-read-total, 7, 8, 7211734400, 36819, 80420
circular-read-total, 10, 8, 7211734400, 22637, 80978
circular-read-total, 13, 8, 7211734400, 52946, 81072
circular-read-total, 9, 8, 7211734400, 14743, 81124
circular-read-total, 5, 8, 7211734400, 54598, 79433
circular-read-total, 3, 8, 7211734400, 41352, 79688
circular-read-total, 4, 8, 7211734400, 46881, 79645

cmd-read, 3602424
