# Sun Sep 20 20:16:46 PDT 2015
memory, 32170233856
record-value, 112
seek-chunk, 171511808
file, 4, 1272700000

read-start, 1, 0, 171511808, 5413
circular-read-start, 4, 1, 127270000000, 7206
circular-read-total, 4, 1, 127270000000, 279536, 286493
linear-scan, 287676
-sort , 42095, 44
-merge, 25872, 44
-last , 433
read, 1, 171511808, 289469
network, 1, 195069

read-start, 2, 171511808, 171511808, 489955
circular-read-start, 4, 2, 127270000000, 490337
circular-read-total, 4, 2, 127270000000, 256699, 263951
linear-scan, 265394
-sort , 39741, 41
-merge, 24611, 41
-last , 1441
read, 2, 171511808, 265776
network, 2, 194923

read-start, 3, 343023616, 171511808, 950891
circular-read-start, 4, 3, 127270000000, 951307
circular-read-total, 4, 3, 127270000000, 256696, 263629
linear-scan, 264520
-sort , 36872, 39
-merge, 22609, 39
-last , 889
read, 3, 171511808, 264935
network, 3, 196707

read-start, 4, 514535424, 171511808, 1412756
circular-read-start, 4, 4, 127270000000, 1413160
circular-read-total, 4, 4, 127270000000, 256699, 263856
linear-scan, 264798
-sort , 34172, 36
-merge, 21439, 36
-last , 941
read, 4, 171511808, 265202
network, 4, 195983

read-start, 5, 686047232, 171511808, 1873946
circular-read-start, 4, 5, 127270000000, 1874287
circular-read-total, 4, 5, 127270000000, 259099, 266393
linear-scan, 267681
-sort , 30540, 32
-merge, 18872, 32
-last , 1286
read, 5, 171511808, 268022
network, 5, 194358

read-start, 6, 857559040, 171511808, 2336543
circular-read-start, 4, 6, 127270000000, 2336883
circular-read-total, 4, 6, 127270000000, 259831, 266964
linear-scan, 268176
-sort , 25720, 27
-merge, 15419, 27
-last , 1211
read, 6, 171511808, 268516
network, 6, 194700

read-start, 7, 1029070848, 171511808, 2799763
circular-read-start, 4, 7, 127270000000, 2800105
circular-read-total, 4, 7, 127270000000, 258602, 266095
linear-scan, 266598
-sort , 18593, 20
-merge, 11269, 20
-last , 452
read, 7, 171511808, 266940
network, 7, 194916

read-start, 8, 1200582656, 72117344, 3261623
circular-read-start, 4, 8, 127270000000, 3261768
circular-read-total, 4, 8, 127270000000, 257598, 264366
linear-scan, 265076
-sort , 5546, 15
-merge, 3517, 15
-last , 126
read, 8, 72117344, 265221
network, 8, 80328

exit, 3607747
