# Sun Sep 20 20:16:46 PDT 2015
memory, 32170233856
record-value, 112
seek-chunk, 171511808
file, 4, 1272700000

read-start, 1, 0, 171511808, 3656
circular-read-start, 4, 1, 127270000000, 5242
circular-read-total, 4, 1, 127270000000, 280412, 287127
linear-scan, 288185
-sort , 39413, 44
-merge, 23222, 44
-last , 410
read, 1, 171511808, 289771
network, 1, 194830

read-start, 2, 171511808, 171511808, 488294
circular-read-start, 4, 2, 127270000000, 488646
circular-read-total, 4, 2, 127270000000, 256645, 263755
linear-scan, 265100
-sort , 37576, 41
-merge, 22071, 41
-last , 1344
read, 2, 171511808, 265452
network, 2, 196959

read-start, 3, 343023616, 171511808, 950742
circular-read-start, 4, 3, 127270000000, 951091
circular-read-total, 4, 3, 127270000000, 256414, 263378
linear-scan, 264264
-sort , 35386, 39
-merge, 20844, 39
-last , 884
read, 3, 171511808, 264613
network, 3, 197422

read-start, 4, 514535424, 171511808, 1412806
circular-read-start, 4, 4, 127270000000, 1413158
circular-read-total, 4, 4, 127270000000, 256509, 263513
linear-scan, 264435
-sort , 32855, 36
-merge, 19335, 36
-last , 921
read, 4, 171511808, 264787
network, 4, 194619

read-start, 5, 686047232, 171511808, 1872255
circular-read-start, 4, 5, 127270000000, 1872607
circular-read-total, 4, 5, 127270000000, 256282, 263318
linear-scan, 264534
-sort , 29657, 32
-merge, 17335, 32
-last , 1214
read, 5, 171511808, 264886
network, 5, 196997

read-start, 6, 857559040, 171511808, 2334144
circular-read-start, 4, 6, 127270000000, 2334492
circular-read-total, 4, 6, 127270000000, 256471, 263462
linear-scan, 264660
-sort , 25102, 27
-merge, 14645, 27
-last , 1197
read, 6, 171511808, 265009
network, 6, 197796

read-start, 7, 1029070848, 171511808, 2797190
circular-read-start, 4, 7, 127270000000, 2797545
circular-read-total, 4, 7, 127270000000, 256345, 263312
linear-scan, 263826
-sort , 18093, 20
-merge, 10838, 20
-last , 451
read, 7, 171511808, 264180
network, 7, 197558

read-start, 8, 1200582656, 72117344, 3259152
circular-read-start, 4, 8, 127270000000, 3259299
circular-read-total, 4, 8, 127270000000, 256281, 263212
linear-scan, 263933
-sort , 5474, 15
-merge, 3424, 15
-last , 134
read, 8, 72117344, 264081
network, 8, 82300

exit, 3606099
