# Sun Sep 20 20:16:46 PDT 2015
memory, 32170233856
record-value, 112
seek-chunk, 171511808
file, 4, 1272700000

read-start, 1, 0, 171511808, 1655
circular-read-start, 4, 1, 127270000000, 3226
circular-read-total, 4, 1, 127270000000, 280666, 287437
linear-scan, 288464
-sort , 39337, 44
-merge, 23094, 44
-last , 411
read, 1, 171511808, 290035
network, 1, 194593

read-start, 2, 171511808, 171511808, 486328
circular-read-start, 4, 2, 127270000000, 486678
circular-read-total, 4, 2, 127270000000, 258634, 265749
linear-scan, 267083
-sort , 37533, 41
-merge, 21930, 41
-last , 1333
read, 2, 171511808, 267433
network, 2, 194635

read-start, 3, 343023616, 171511808, 948624
circular-read-start, 4, 3, 127270000000, 948968
circular-read-total, 4, 3, 127270000000, 259250, 266082
linear-scan, 266944
-sort , 35632, 39
-merge, 20780, 39
-last , 861
read, 3, 171511808, 267288
network, 3, 194575

read-start, 4, 514535424, 171511808, 1410492
circular-read-start, 4, 4, 127270000000, 1410838
circular-read-total, 4, 4, 127270000000, 258088, 265416
linear-scan, 266337
-sort , 32687, 36
-merge, 19305, 36
-last , 920
read, 4, 171511808, 266683
network, 4, 194604

read-start, 5, 686047232, 171511808, 1871826
circular-read-start, 4, 5, 127270000000, 1872171
circular-read-total, 4, 5, 127270000000, 258446, 265624
linear-scan, 266846
-sort , 29484, 32
-merge, 17183, 32
-last , 1221
read, 5, 171511808, 267192
network, 5, 194905

read-start, 6, 857559040, 171511808, 2333925
circular-read-start, 4, 6, 127270000000, 2334270
circular-read-total, 4, 6, 127270000000, 258752, 265827
linear-scan, 267031
-sort , 25051, 27
-merge, 14685, 27
-last , 1202
read, 6, 171511808, 267376
network, 6, 194719

read-start, 7, 1029070848, 171511808, 2796064
circular-read-start, 4, 7, 127270000000, 2796409
circular-read-total, 4, 7, 127270000000, 258488, 265646
linear-scan, 266164
-sort , 18067, 20
-merge, 10877, 20
-last , 451
read, 7, 171511808, 266509
network, 7, 195238

read-start, 8, 1200582656, 72117344, 3257816
circular-read-start, 4, 8, 127270000000, 3257963
circular-read-total, 4, 8, 127270000000, 258000, 265388
linear-scan, 266099
-sort , 5482, 15
-merge, 3415, 15
-last , 127
read, 8, 72117344, 266246
network, 8, 79443

exit, 3604206
