# Sun Sep 20 20:16:46 PDT 2015
memory, 32170233856
record-value, 112
seek-chunk, 171511808
file, 4, 1272700000

read-start, 1, 0, 171511808, 19997
circular-read-start, 4, 1, 127270000000, 21589
circular-read-total, 4, 1, 127270000000, 276083, 282831
linear-scan, 283862
-sort , 39302, 44
-merge, 23014, 44
-last , 409
read, 1, 171511808, 285453
network, 1, 199472

read-start, 2, 171511808, 171511808, 504928
circular-read-start, 4, 2, 127270000000, 505279
circular-read-total, 4, 2, 127270000000, 256305, 263362
linear-scan, 264717
-sort , 37663, 41
-merge, 21828, 41
-last , 1354
read, 2, 171511808, 265069
network, 2, 195429

read-start, 3, 343023616, 171511808, 965446
circular-read-start, 4, 3, 127270000000, 965794
circular-read-total, 4, 3, 127270000000, 256146, 263162
linear-scan, 264028
-sort , 35289, 39
-merge, 20758, 39
-last , 865
read, 3, 171511808, 264376
network, 3, 197911

read-start, 4, 514535424, 171511808, 1427737
circular-read-start, 4, 4, 127270000000, 1428085
circular-read-total, 4, 4, 127270000000, 255976, 262977
linear-scan, 263905
-sort , 32702, 36
-merge, 19036, 36
-last , 926
read, 4, 171511808, 264253
network, 4, 196540

read-start, 5, 686047232, 171511808, 1888547
circular-read-start, 4, 5, 127270000000, 1888895
circular-read-total, 4, 5, 127270000000, 256061, 263196
linear-scan, 264412
-sort , 29519, 32
-merge, 17225, 32
-last , 1214
read, 5, 171511808, 264760
network, 5, 196443

read-start, 6, 857559040, 171511808, 2349756
circular-read-start, 4, 6, 127270000000, 2350104
circular-read-total, 4, 6, 127270000000, 255650, 262770
linear-scan, 263968
-sort , 24878, 27
-merge, 14504, 27
-last , 1196
read, 6, 171511808, 264315
network, 6, 198757

read-start, 7, 1029070848, 171511808, 2812850
circular-read-start, 4, 7, 127270000000, 2813197
circular-read-total, 4, 7, 127270000000, 255638, 262742
linear-scan, 263247
-sort , 17999, 20
-merge, 10715, 20
-last , 448
read, 7, 171511808, 263594
network, 7, 199367

read-start, 8, 1200582656, 72117344, 3275858
circular-read-start, 4, 8, 127270000000, 3276004
circular-read-total, 4, 8, 127270000000, 255516, 262800
linear-scan, 263521
-sort , 5459, 15
-merge, 3439, 15
-last , 141
read, 8, 72117344, 263667
network, 8, 81394

exit, 3622432
