# Sun Sep 20 20:16:46 PDT 2015
memory, 32170233856
record-value, 112
seek-chunk, 171511808
file, 4, 1272700000

read-start, 1, 0, 171511808, 18309
circular-read-start, 4, 1, 127270000000, 19873
circular-read-total, 4, 1, 127270000000, 278237, 285114
linear-scan, 286204
-sort , 39488, 44
-merge, 23255, 44
-last , 418
read, 1, 171511808, 287768
network, 1, 196562

read-start, 2, 171511808, 171511808, 502674
circular-read-start, 4, 2, 127270000000, 503034
circular-read-total, 4, 2, 127270000000, 256334, 263796
linear-scan, 265155
-sort , 37912, 41
-merge, 22495, 41
-last , 1357
read, 2, 171511808, 265515
network, 2, 196910

read-start, 3, 343023616, 171511808, 965321
circular-read-start, 4, 3, 127270000000, 965682
circular-read-total, 4, 3, 127270000000, 256309, 263865
linear-scan, 264759
-sort , 35393, 39
-merge, 21234, 39
-last , 893
read, 3, 171511808, 265120
network, 3, 196542

read-start, 4, 514535424, 171511808, 1426988
circular-read-start, 4, 4, 127270000000, 1427433
circular-read-total, 4, 4, 127270000000, 256127, 263730
linear-scan, 264657
-sort , 32974, 36
-merge, 19269, 36
-last , 925
read, 4, 171511808, 265102
network, 4, 195946

read-start, 5, 686047232, 171511808, 1888040
circular-read-start, 4, 5, 127270000000, 1888383
circular-read-total, 4, 5, 127270000000, 256302, 263906
linear-scan, 265137
-sort , 29510, 32
-merge, 17246, 32
-last , 1230
read, 5, 171511808, 265480
network, 5, 195062

read-start, 6, 857559040, 171511808, 2348588
circular-read-start, 4, 6, 127270000000, 2348930
circular-read-total, 4, 6, 127270000000, 256275, 263916
linear-scan, 265120
-sort , 24977, 27
-merge, 14673, 27
-last , 1203
read, 6, 171511808, 265463
network, 6, 197378

read-start, 7, 1029070848, 171511808, 2811435
circular-read-start, 4, 7, 127270000000, 2811780
circular-read-total, 4, 7, 127270000000, 256266, 263937
linear-scan, 264457
-sort , 18095, 20
-merge, 10747, 20
-last , 449
read, 7, 171511808, 264802
network, 7, 196444

read-start, 8, 1200582656, 72117344, 3272907
circular-read-start, 4, 8, 127270000000, 3273051
circular-read-total, 4, 8, 127270000000, 255998, 263460
linear-scan, 264170
-sort , 5463, 15
-merge, 3423, 15
-last , 129
read, 8, 72117344, 264315
network, 8, 80065

exit, 3620575
