# Sun Sep 20 20:16:46 PDT 2015
memory, 32170233856
record-value, 112
seek-chunk, 171511808
file, 4, 1272700000

read-start, 1, 0, 171511808, 16542
circular-read-start, 4, 1, 127270000000, 18095
circular-read-total, 4, 1, 127270000000, 275952, 282813
linear-scan, 283848
-sort , 39320, 44
-merge, 22912, 44
-last , 414
read, 1, 171511808, 285400
network, 1, 198954

read-start, 2, 171511808, 171511808, 500900
circular-read-start, 4, 2, 127270000000, 501244
circular-read-total, 4, 2, 127270000000, 255464, 262289
linear-scan, 263632
-sort , 37507, 41
-merge, 21486, 41
-last , 1342
read, 2, 171511808, 263976
network, 2, 197180

read-start, 3, 343023616, 171511808, 962062
circular-read-start, 4, 3, 127270000000, 962403
circular-read-total, 4, 3, 127270000000, 255510, 262275
linear-scan, 263154
-sort , 35308, 39
-merge, 20516, 39
-last , 878
read, 3, 171511808, 263495
network, 3, 198219

read-start, 4, 514535424, 171511808, 1423780
circular-read-start, 4, 4, 127270000000, 1424122
circular-read-total, 4, 4, 127270000000, 255522, 262286
linear-scan, 263217
-sort , 32797, 36
-merge, 19292, 36
-last , 930
read, 4, 171511808, 263559
network, 4, 197203

read-start, 5, 686047232, 171511808, 1884574
circular-read-start, 4, 5, 127270000000, 1884919
circular-read-total, 4, 5, 127270000000, 255513, 262204
linear-scan, 263419
-sort , 29441, 32
-merge, 17056, 32
-last , 1214
read, 5, 171511808, 263764
network, 5, 199015

read-start, 6, 857559040, 171511808, 2347357
circular-read-start, 4, 6, 127270000000, 2347699
circular-read-total, 4, 6, 127270000000, 255353, 262035
linear-scan, 263237
-sort , 25000, 27
-merge, 14365, 27
-last , 1201
read, 6, 171511808, 263579
network, 6, 198266

read-start, 7, 1029070848, 171511808, 2809207
circular-read-start, 4, 7, 127270000000, 2809550
circular-read-total, 4, 7, 127270000000, 255379, 262295
linear-scan, 262789
-sort , 18027, 20
-merge, 10694, 20
-last , 452
read, 7, 171511808, 263132
network, 7, 198938

read-start, 8, 1200582656, 72117344, 3271281
circular-read-start, 4, 8, 127270000000, 3271425
circular-read-total, 4, 8, 127270000000, 255354, 261826
linear-scan, 262534
-sort , 5466, 15
-merge, 3291, 15
-last , 127
read, 8, 72117344, 262677
network, 8, 81288

exit, 3618774
