# Sun Sep 20 20:16:46 PDT 2015
memory, 32170233856
record-value, 112
seek-chunk, 171511808
file, 4, 1272700000

read-start, 1, 0, 171511808, 14639
circular-read-start, 4, 1, 127270000000, 16215
circular-read-total, 4, 1, 127270000000, 276833, 283668
linear-scan, 284673
-sort , 39457, 44
-merge, 23115, 44
-last , 411
read, 1, 171511808, 286248
network, 1, 198712

read-start, 2, 171511808, 171511808, 499607
circular-read-start, 4, 2, 127270000000, 499968
circular-read-total, 4, 2, 127270000000, 255603, 263338
linear-scan, 264690
-sort , 37883, 41
-merge, 22377, 41
-last , 1351
read, 2, 171511808, 265051
network, 2, 195697

read-start, 3, 343023616, 171511808, 960358
circular-read-start, 4, 3, 127270000000, 960704
circular-read-total, 4, 3, 127270000000, 255637, 263213
linear-scan, 264082
-sort , 35450, 39
-merge, 21028, 39
-last , 867
read, 3, 171511808, 264428
network, 3, 197546

read-start, 4, 514535424, 171511808, 1422337
circular-read-start, 4, 4, 127270000000, 1422684
circular-read-total, 4, 4, 127270000000, 255694, 263272
linear-scan, 264204
-sort , 32745, 36
-merge, 19389, 36
-last , 930
read, 4, 171511808, 264551
network, 4, 195910

read-start, 5, 686047232, 171511808, 1882806
circular-read-start, 4, 5, 127270000000, 1883154
circular-read-total, 4, 5, 127270000000, 255761, 263458
linear-scan, 264667
-sort , 29607, 32
-merge, 17290, 32
-last , 1208
read, 5, 171511808, 265015
network, 5, 196456

read-start, 6, 857559040, 171511808, 2344281
circular-read-start, 4, 6, 127270000000, 2344634
circular-read-total, 4, 6, 127270000000, 255675, 263491
linear-scan, 264694
-sort , 25214, 27
-merge, 14853, 27
-last , 1201
read, 6, 171511808, 265047
network, 6, 198564

read-start, 7, 1029070848, 171511808, 2807896
circular-read-start, 4, 7, 127270000000, 2808262
circular-read-total, 4, 7, 127270000000, 255489, 263262
linear-scan, 263762
-sort , 18074, 20
-merge, 11105, 20
-last , 449
read, 7, 171511808, 264128
network, 7, 197258

read-start, 8, 1200582656, 72117344, 3269323
circular-read-start, 4, 8, 127270000000, 3269477
circular-read-total, 4, 8, 127270000000, 255325, 262941
linear-scan, 263657
-sort , 5480, 15
-merge, 3500, 15
-last , 130
read, 8, 72117344, 263810
network, 8, 82285

exit, 3617062
