# Sun Sep 20 20:16:46 PDT 2015
memory, 32170233856
record-value, 112
seek-chunk, 171511808
file, 4, 1272700000

read-start, 1, 0, 171511808, 12982
circular-read-start, 4, 1, 127270000000, 15034
circular-read-total, 4, 1, 127270000000, 278549, 285215
linear-scan, 286407
-sort , 40185, 44
-merge, 24492, 44
-last , 429
read, 1, 171511808, 288459
network, 1, 196502

read-start, 2, 171511808, 171511808, 498160
circular-read-start, 4, 2, 127270000000, 498580
circular-read-total, 4, 2, 127270000000, 256524, 263652
linear-scan, 265020
-sort , 38634, 41
-merge, 23523, 41
-last , 1366
read, 2, 171511808, 265440
network, 2, 196054

read-start, 3, 343023616, 171511808, 959701
circular-read-start, 4, 3, 127270000000, 960175
circular-read-total, 4, 3, 127270000000, 256215, 263314
linear-scan, 264199
-sort , 36121, 39
-merge, 22065, 39
-last , 883
read, 3, 171511808, 264673
network, 3, 196235

read-start, 4, 514535424, 171511808, 1420614
circular-read-start, 4, 4, 127270000000, 1421007
circular-read-total, 4, 4, 127270000000, 256300, 263466
linear-scan, 264429
-sort , 33742, 36
-merge, 20544, 36
-last , 961
read, 4, 171511808, 264822
network, 4, 196724

read-start, 5, 686047232, 171511808, 1882165
circular-read-start, 4, 5, 127270000000, 1882584
circular-read-total, 4, 5, 127270000000, 256212, 263371
linear-scan, 264641
-sort , 29993, 32
-merge, 18525, 32
-last , 1268
read, 5, 171511808, 265061
network, 5, 195923

read-start, 6, 857559040, 171511808, 2343154
circular-read-start, 4, 6, 127270000000, 2343565
circular-read-total, 4, 6, 127270000000, 256133, 263589
linear-scan, 264842
-sort , 25865, 27
-merge, 16067, 27
-last , 1251
read, 6, 171511808, 265253
network, 6, 197776

read-start, 7, 1029070848, 171511808, 2806187
circular-read-start, 4, 7, 127270000000, 2806628
circular-read-total, 4, 7, 127270000000, 255794, 262917
linear-scan, 263498
-sort , 18398, 20
-merge, 11601, 20
-last , 473
read, 7, 171511808, 263940
network, 7, 198055

read-start, 8, 1200582656, 72117344, 3268224
circular-read-start, 4, 8, 127270000000, 3268423
circular-read-total, 4, 8, 127270000000, 255576, 262709
linear-scan, 263484
-sort , 5638, 15
-merge, 3982, 15
-last , 163
read, 8, 72117344, 263683
network, 8, 81942

exit, 3615305
