# Sun Sep 20 20:16:46 PDT 2015
memory, 32170233856
record-value, 112
seek-chunk, 171511808
file, 4, 1272700000

read-start, 1, 0, 171511808, 11165
circular-read-start, 4, 1, 127270000000, 12746
circular-read-total, 4, 1, 127270000000, 279171, 285789
linear-scan, 286885
-sort , 39395, 44
-merge, 23194, 44
-last , 408
read, 1, 171511808, 288466
network, 1, 196233

read-start, 2, 171511808, 171511808, 495869
circular-read-start, 4, 2, 127270000000, 496223
circular-read-total, 4, 2, 127270000000, 255495, 262152
linear-scan, 263507
-sort , 37599, 41
-merge, 21871, 41
-last , 1353
read, 2, 171511808, 263861
network, 2, 197032

read-start, 3, 343023616, 171511808, 956765
circular-read-start, 4, 3, 127270000000, 957116
circular-read-total, 4, 3, 127270000000, 255746, 263014
linear-scan, 263891
-sort , 35533, 39
-merge, 21012, 39
-last , 875
read, 3, 171511808, 264242
network, 3, 197754

read-start, 4, 514535424, 171511808, 1418765
circular-read-start, 4, 4, 127270000000, 1419114
circular-read-total, 4, 4, 127270000000, 255843, 263024
linear-scan, 263951
-sort , 32827, 36
-merge, 19451, 36
-last , 925
read, 4, 171511808, 264300
network, 4, 196991

read-start, 5, 686047232, 171511808, 1880060
circular-read-start, 4, 5, 127270000000, 1880409
circular-read-total, 4, 5, 127270000000, 255560, 262331
linear-scan, 263536
-sort , 29570, 32
-merge, 17421, 32
-last , 1204
read, 5, 171511808, 263885
network, 5, 197290

read-start, 6, 857559040, 171511808, 2341308
circular-read-start, 4, 6, 127270000000, 2341654
circular-read-total, 4, 6, 127270000000, 255423, 262054
linear-scan, 263258
-sort , 24993, 27
-merge, 14580, 27
-last , 1203
read, 6, 171511808, 263605
network, 6, 198134

read-start, 7, 1029070848, 171511808, 2803273
circular-read-start, 4, 7, 127270000000, 2803621
circular-read-total, 4, 7, 127270000000, 255595, 262284
linear-scan, 262797
-sort , 18174, 20
-merge, 10938, 20
-last , 449
read, 7, 171511808, 263145
network, 7, 198940

read-start, 8, 1200582656, 72117344, 3265590
circular-read-start, 4, 8, 127270000000, 3265736
circular-read-total, 4, 8, 127270000000, 255638, 262496
linear-scan, 263212
-sort , 5482, 15
-merge, 3446, 15
-last , 128
read, 8, 72117344, 263358
network, 8, 82315

exit, 3613589
