# 1, 50, 2, false, read
recv-size, 0, 524288000
size, 0, 0
start-read, 0, 0, 20971520
read, 0, 180233
recv-read, 0, 0, 20971520
network, 0, 22221
start-read, 1, 20971520, 20971520
read, 1, 169851
recv-read, 1, 20971520, 20971520
network, 1, 21483
start-read, 2, 41943040, 20971520
read, 2, 165738
recv-read, 2, 41943040, 20971520
network, 2, 21544
start-read, 3, 62914560, 20971520
read, 3, 151898
recv-read, 3, 62914560, 20971520
network, 3, 21476
start-read, 4, 83886080, 20971520
read, 4, 148837
recv-read, 4, 83886080, 20971520
network, 4, 21341
start-read, 5, 104857600, 20971520
read, 5, 145384
recv-read, 5, 104857600, 20971520
network, 5, 21460
start-read, 6, 125829120, 20971520
read, 6, 144011
recv-read, 6, 125829120, 20971520
network, 6, 21337
start-read, 7, 146800640, 20971520
read, 7, 144818
recv-read, 7, 146800640, 20971520
network, 7, 21519
start-read, 8, 167772160, 20971520
read, 8, 144053
recv-read, 8, 167772160, 20971520
network, 8, 21428
start-read, 9, 188743680, 20971520
read, 9, 143992
recv-read, 9, 188743680, 20971520
network, 9, 21344
start-read, 10, 209715200, 20971520
read, 10, 142978
recv-read, 10, 209715200, 20971520
network, 10, 21269
start-read, 11, 230686720, 20971520
read, 11, 144132
recv-read, 11, 230686720, 20971520
network, 11, 21411
start-read, 12, 251658240, 20971520
read, 12, 145316
recv-read, 12, 251658240, 20971520
network, 12, 21274
start-read, 13, 272629760, 20971520
read, 13, 147526
recv-read, 13, 272629760, 20971520
network, 13, 21394
start-read, 14, 293601280, 20971520
read, 14, 145667
recv-read, 14, 293601280, 20971520
network, 14, 21431
start-read, 15, 314572800, 20971520
read, 15, 148678
recv-read, 15, 314572800, 20971520
network, 15, 21460
start-read, 16, 335544320, 20971520
read, 16, 143731
recv-read, 16, 335544320, 20971520
network, 16, 21334
start-read, 17, 356515840, 20971520
read, 17, 130393
recv-read, 17, 356515840, 20971520
network, 17, 21326
start-read, 18, 377487360, 20971520
read, 18, 138520
recv-read, 18, 377487360, 20971520
network, 18, 21392
start-read, 19, 398458880, 20971520
read, 19, 147552
recv-read, 19, 398458880, 20971520
network, 19, 21310
start-read, 20, 419430400, 20971520
read, 20, 143171
recv-read, 20, 419430400, 20971520
network, 20, 21299
start-read, 21, 440401920, 20971520
read, 21, 147519
recv-read, 21, 440401920, 20971520
network, 21, 21388
start-read, 22, 461373440, 20971520
read, 22, 149683
recv-read, 22, 461373440, 20971520
network, 22, 21350
start-read, 23, 482344960, 20971520
read, 23, 148284
recv-read, 23, 482344960, 20971520
network, 23, 21343
start-read, 24, 503316480, 20971520
read, 24, 146476
recv-read, 24, 503316480, 20971520
network, 24, 21420
start-read, 25, 524288000, 20971520
cmd-read, 0, 4244357
