# Thu Sep 10 01:07:18 UTC 2015
# 1, 500, 0, true, read
record-value, 112
chunk-size, 350216296, 6043
disks, 2

size, 5, 1, 5242880000, 0


read-start, 5, 1, 0, 350216296, 27
read-wait, 5, 1, 0
read, 5, 1, 0, 350216296, 578524
network, 1, 282308
read-start, 5, 2, 350216296, 350216296, 860860
read-wait, 5, 2, 0
read, 5, 2, 350216296, 350216296, 559526
network, 2, 282109
read-start, 5, 3, 700432592, 350216296, 1702497
read-wait, 5, 3, 0
read, 5, 3, 700432592, 350216296, 553856
network, 3, 282192
read-start, 5, 4, 1050648888, 350216296, 2538546
read-wait, 5, 4, 0
read, 5, 4, 1050648888, 350216296, 551671
network, 4, 282101
read-start, 5, 5, 1400865184, 350216296, 3372319
read-wait, 5, 5, 0
read, 5, 5, 1400865184, 350216296, 553148
network, 5, 282233
read-start, 5, 6, 1751081480, 350216296, 4207700
read-wait, 5, 6, 0
read, 5, 6, 1751081480, 350216296, 551507
network, 6, 282352
read-start, 5, 7, 2101297776, 350216296, 5041560
read-wait, 5, 7, 0
read, 5, 7, 2101297776, 350216296, 552714
network, 7, 282233
read-start, 5, 8, 2451514072, 350216296, 5876508
read-wait, 5, 8, 0
read, 5, 8, 2451514072, 350216296, 551461
network, 8, 282224
read-start, 5, 9, 2801730368, 350216296, 6710195
read-wait, 5, 9, 0
read, 5, 9, 2801730368, 350216296, 551493
network, 9, 282243
read-start, 5, 10, 3151946664, 350216296, 7543932
read-wait, 5, 10, 0
read, 5, 10, 3151946664, 350216296, 552138
network, 10, 282422
read-start, 5, 11, 3502162960, 350216296, 8378493
read-wait, 5, 11, 0
read, 5, 11, 3502162960, 350216296, 550771
network, 11, 282312
read-start, 5, 12, 3852379256, 350216296, 9211576
read-wait, 5, 12, 0
read, 5, 12, 3852379256, 350216296, 551322
network, 12, 282449
read-start, 5, 13, 4202595552, 350216296, 10045348
read-wait, 5, 13, 0
read, 5, 13, 4202595552, 350216296, 549540
network, 13, 282419
read-start, 5, 14, 4552811848, 350216296, 10877308
read-wait, 5, 14, 0
read, 5, 14, 4552811848, 350216296, 551092
network, 14, 282349
read-start, 5, 15, 4903028144, 350216296, 11710750
read-wait, 5, 15, 0
read, 5, 15, 4903028144, 339851856, 551234
network, 15, 273903

cmd-read, 12535862
