# 1, 50, 6, false, read
recv-size, 0, 524288000
size, 0, 0
start-read, 0, 0, 62914560
read, 0, 220519
recv-read, 0, 0, 62914560
network, 0, 74746
start-read, 1, 62914560, 62914560
read, 1, 184171
recv-read, 1, 62914560, 62914560
network, 1, 72201
start-read, 2, 125829120, 62914560
read, 2, 164046
recv-read, 2, 125829120, 62914560
network, 2, 72298
start-read, 3, 188743680, 62914560
read, 3, 152381
recv-read, 3, 188743680, 62914560
network, 3, 72247
start-read, 4, 251658240, 62914560
read, 4, 152409
recv-read, 4, 251658240, 62914560
network, 4, 72425
start-read, 5, 314572800, 62914560
read, 5, 151585
recv-read, 5, 314572800, 62914560
network, 5, 72282
start-read, 6, 377487360, 62914560
read, 6, 151733
recv-read, 6, 377487360, 62914560
network, 6, 72482
start-read, 7, 440401920, 62914560
read, 7, 151789
recv-read, 7, 440401920, 62914560
network, 7, 72470
start-read, 8, 503316480, 62914560
read, 8, 151085
recv-read, 8, 503316480, 20971520
network, 8, 21388
cmd-read, 0, 2082636
