# 1, 50, 1, true, read
recv-size, 0, 524288000
size, 0, 0
start-read, 0, 0, 10485760
read, 0, 121110
recv-read, 0, 0, 10485760
network, 0, 3479
start-read, 1, 10485760, 10485760
read, 1, 109550
recv-read, 1, 10485760, 10485760
network, 1, 2923
start-read, 2, 20971520, 10485760
read, 2, 109098
recv-read, 2, 20971520, 10485760
network, 2, 2616
start-read, 3, 31457280, 10485760
read, 3, 109119
recv-read, 3, 31457280, 10485760
network, 3, 2631
start-read, 4, 41943040, 10485760
read, 4, 109003
recv-read, 4, 41943040, 10485760
network, 4, 2627
start-read, 5, 52428800, 10485760
read, 5, 109495
recv-read, 5, 52428800, 10485760
network, 5, 2654
start-read, 6, 62914560, 10485760
read, 6, 109278
recv-read, 6, 62914560, 10485760
network, 6, 2467
start-read, 7, 73400320, 10485760
read, 7, 109157
recv-read, 7, 73400320, 10485760
network, 7, 2459
start-read, 8, 83886080, 10485760
read, 8, 109216
recv-read, 8, 83886080, 10485760
network, 8, 2604
start-read, 9, 94371840, 10485760
read, 9, 109387
recv-read, 9, 94371840, 10485760
network, 9, 2423
start-read, 10, 104857600, 10485760
read, 10, 109186
recv-read, 10, 104857600, 10485760
network, 10, 2417
start-read, 11, 115343360, 10485760
read, 11, 109196
recv-read, 11, 115343360, 10485760
network, 11, 3638
start-read, 12, 125829120, 10485760
read, 12, 109712
recv-read, 12, 125829120, 10485760
network, 12, 3338
start-read, 13, 136314880, 10485760
read, 13, 109431
recv-read, 13, 136314880, 10485760
network, 13, 2997
start-read, 14, 146800640, 10485760
read, 14, 108979
recv-read, 14, 146800640, 10485760
network, 14, 3015
start-read, 15, 157286400, 10485760
read, 15, 108991
recv-read, 15, 157286400, 10485760
network, 15, 3017
start-read, 16, 167772160, 10485760
read, 16, 109026
recv-read, 16, 167772160, 10485760
network, 16, 3027
start-read, 17, 178257920, 10485760
read, 17, 109033
recv-read, 17, 178257920, 10485760
network, 17, 3002
start-read, 18, 188743680, 10485760
read, 18, 108998
recv-read, 18, 188743680, 10485760
network, 18, 3024
start-read, 19, 199229440, 10485760
read, 19, 108964
recv-read, 19, 199229440, 10485760
network, 19, 3024
start-read, 20, 209715200, 10485760
read, 20, 109004
recv-read, 20, 209715200, 10485760
network, 20, 3003
start-read, 21, 220200960, 10485760
read, 21, 109028
recv-read, 21, 220200960, 10485760
network, 21, 2946
start-read, 22, 230686720, 10485760
read, 22, 108993
recv-read, 22, 230686720, 10485760
network, 22, 2925
start-read, 23, 241172480, 10485760
read, 23, 108975
recv-read, 23, 241172480, 10485760
network, 23, 2895
start-read, 24, 251658240, 10485760
read, 24, 109055
recv-read, 24, 251658240, 10485760
network, 24, 2869
start-read, 25, 262144000, 10485760
read, 25, 108980
recv-read, 25, 262144000, 10485760
network, 25, 3011
start-read, 26, 272629760, 10485760
read, 26, 109045
recv-read, 26, 272629760, 10485760
network, 26, 2945
start-read, 27, 283115520, 10485760
read, 27, 109267
recv-read, 27, 283115520, 10485760
network, 27, 3321
start-read, 28, 293601280, 10485760
read, 28, 109881
recv-read, 28, 293601280, 10485760
network, 28, 2955
start-read, 29, 304087040, 10485760
read, 29, 109042
recv-read, 29, 304087040, 10485760
network, 29, 2869
start-read, 30, 314572800, 10485760
read, 30, 108953
recv-read, 30, 314572800, 10485760
network, 30, 2796
start-read, 31, 325058560, 10485760
read, 31, 109270
recv-read, 31, 325058560, 10485760
network, 31, 2854
start-read, 32, 335544320, 10485760
read, 32, 109606
recv-read, 32, 335544320, 10485760
network, 32, 2992
start-read, 33, 346030080, 10485760
read, 33, 109636
recv-read, 33, 346030080, 10485760
network, 33, 3035
start-read, 34, 356515840, 10485760
read, 34, 109002
recv-read, 34, 356515840, 10485760
network, 34, 2994
start-read, 35, 367001600, 10485760
read, 35, 109008
recv-read, 35, 367001600, 10485760
network, 35, 2865
start-read, 36, 377487360, 10485760
read, 36, 109056
recv-read, 36, 377487360, 10485760
network, 36, 2873
start-read, 37, 387973120, 10485760
read, 37, 109032
recv-read, 37, 387973120, 10485760
network, 37, 2807
start-read, 38, 398458880, 10485760
read, 38, 109021
recv-read, 38, 398458880, 10485760
network, 38, 2867
start-read, 39, 408944640, 10485760
read, 39, 109005
recv-read, 39, 408944640, 10485760
network, 39, 2887
start-read, 40, 419430400, 10485760
read, 40, 109067
recv-read, 40, 419430400, 10485760
network, 40, 2874
start-read, 41, 429916160, 10485760
read, 41, 109014
recv-read, 41, 429916160, 10485760
network, 41, 2887
start-read, 42, 440401920, 10485760
read, 42, 109013
recv-read, 42, 440401920, 10485760
network, 42, 2876
start-read, 43, 450887680, 10485760
read, 43, 109102
recv-read, 43, 450887680, 10485760
network, 43, 2881
start-read, 44, 461373440, 10485760
read, 44, 108969
recv-read, 44, 461373440, 10485760
network, 44, 2847
start-read, 45, 471859200, 10485760
read, 45, 109070
recv-read, 45, 471859200, 10485760
network, 45, 2821
start-read, 46, 482344960, 10485760
read, 46, 109185
recv-read, 46, 482344960, 10485760
network, 46, 2864
start-read, 47, 492830720, 10485760
read, 47, 109092
recv-read, 47, 492830720, 10485760
network, 47, 3546
start-read, 48, 503316480, 10485760
read, 48, 109953
recv-read, 48, 503316480, 10485760
network, 48, 3002
start-read, 49, 513802240, 10485760
read, 49, 108993
recv-read, 49, 513802240, 10485760
network, 49, 2994
start-read, 50, 524288000, 10485760
cmd-read, 0, 5616151
