result/bandwidth_32_2/52_24_108_43 total outgoing bandwidth: 9794.0
result/bandwidth_32_2/52_24_152_92 total outgoing bandwidth: 9814.0
result/bandwidth_32_2/52_24_151_132 total outgoing bandwidth: 9839.4
result/bandwidth_32_2/52_24_153_42 total outgoing bandwidth: 9681.0
result/bandwidth_32_2/52_24_153_73 total outgoing bandwidth: 9738.0
result/bandwidth_32_2/52_24_152_223 total outgoing bandwidth: 9810.0
result/bandwidth_32_2/52_24_152_101 total outgoing bandwidth: 9806.0
result/bandwidth_32_2/52_10_218_127 total outgoing bandwidth: 9811.0
result/bandwidth_32_2/52_24_154_64 total outgoing bandwidth: 9156.0
result/bandwidth_32_2/52_24_153_87 total outgoing bandwidth: 9701.0
result/bandwidth_32_2/52_24_153_103 total outgoing bandwidth: 9738.0
result/bandwidth_32_2/52_24_148_201 total outgoing bandwidth: 7205.0
result/bandwidth_32_2/52_11_97_26 total outgoing bandwidth: 9812.0
result/bandwidth_32_2/52_24_152_236 total outgoing bandwidth: 9808.0
result/bandwidth_32_2/52_24_153_36 total outgoing bandwidth: 7914.0
result/bandwidth_32_2/52_24_153_155 total outgoing bandwidth: 9810.0
result/bandwidth_32_2/52_24_131_152 total outgoing bandwidth: 9809.0
result/bandwidth_32_2/52_24_154_84 total outgoing bandwidth: 8202.0
result/bandwidth_32_2/52_24_138_210 total outgoing bandwidth: 9188.0
result/bandwidth_32_2/52_24_100_93 total outgoing bandwidth: 9837.6
result/bandwidth_32_2/52_24_153_162 total outgoing bandwidth: 9806.0
result/bandwidth_32_2/52_24_152_252 total outgoing bandwidth: 9814.0
result/bandwidth_32_2/52_24_151_234 total outgoing bandwidth: 9677.0
result/bandwidth_32_2/52_24_151_151 total outgoing bandwidth: 9810.0
result/bandwidth_32_2/52_24_151_42 total outgoing bandwidth: 8164.0
result/bandwidth_32_2/52_24_153_49 total outgoing bandwidth: 9816.0
result/bandwidth_32_2/52_24_151_144 total outgoing bandwidth: 9812.0
result/bandwidth_32_2/52_24_153_231 total outgoing bandwidth: 9812.0
result/bandwidth_32_2/52_24_151_148 total outgoing bandwidth: 9751.0
result/bandwidth_32_2/52_24_152_129 total outgoing bandwidth: 9792.0
result/bandwidth_32_2/52_24_154_74 total outgoing bandwidth: 6881.0
result/bandwidth_32_2/52_11_32_17 total outgoing bandwidth: 9813.0
average outgoing bandwidth 9419.4375
bandwidth matrix:
    0   193   312   241   231   185   269   302   174   428   253   631   412   190   403   310   433   356   172   145   265   186   414   295   616   405   237   256   202   428   691   159
  163     0   166   443   393   423   374   418   212   164   166   343   166   403   517   195   179   534   516   249   146   219   581   168   222   274   270   624   184   433   285   384
  196   179     0   299   639   240   418   167   461  1126   355   391   156   600   341   229   211   295   232   220   168   206   239   201   351   364   381   208   205   310   269   182
  178   463   323     0   241   430   183   298   376   338   452   186   327   307   226   357   391   218   219   355   353   291   410   515   206   389   292   229   256   269   196   407
  317   212   267   258     0   293   243   570   327   228   290   185   363   197   192   224   530   150   211   691   310   838   355   216   208   298   365   210   306   537   160   187
  507   211   521   511   297     0   257   434   159   242   517   151   628   272   213   540   278   176   244   189   187   175   206   476   249   236   259   172   185   948   157   213
  401   365   149   246   203   231     0   273   249   240   340   808   228   411   635   354   213   497   287   261   191   249   271   276   429   226   211   410   237   268   479   168
  251   340   198   265   333   368   244     0   331   664   370   178   240   194   237   345   387   195   225   326   648   238   331   476   304   256   257   241   550   296   189   334
  574   648   276   267   213   198   261   233     0   240   229   158   328   414   213   311   199   174   478   223   217   328   245   197   205   486   447   261   376   296   165   296
  261   418   184   483   332   239   241   260   311     0   205   235   373   157   269   517   321   299   373   239   192   292   368   186   381   404   167   408   648   268   272   398
  208   185   537   225   396   435   316   267   321   295     0   177   678   391   160   203   241   170   320   389   360   250   339   267   217   265   662   298   288   454   187   237
  239   186   476   133   162   125   466   103   133   176   131     0   144   194   420   327   155   306   295   118   114   432   167   138   203   431   174   350   193   190   315   209
  364   279   337   335   317   441   236   242   387   293   306   243     0   191   311   179   248   366   273   252   399   216   348   557   392   266   366   455   360   257   372   224
  190   150   138   166   459   521   391   222   657   167   222   274   288     0   321   160   310   600   620   211   447   153   436   313   800   143   199   240   201   210   363   236
  793   184   278   125   127   134   246   152   150   248   158   427   135   698     0   358   140   326   318   145   119   221   208   180   264   327   179   210   239   256   399   170
  217   283   181   207   274   277   263   286   236   329   340   726   184   181   485     0   371   649   403   244   273   173   395   261   508   233   298   517   194   236   393   193
  191   195   654   366   235   566   228   333   486   363   368   283   205   308   213   356     0   327   170   182   331   565   350   261   343   173   182   288   382   182   492   231
  319   210   340   150   170   151   446   163   141   227   139   267   191   185   356   347   395     0   353   164   125   488   174   163   190   323   157   380   187   314   301   686
  199   671   170   198   276   202   613   174   302   381   277   535   247   181   375   193   168   341     0   234   340   362   211   299   297   263   370   333   229   196   332   219
  227   238   208   300   325   743   249  1177   317   171   356   183   452   144   179   379   213   143   264     0   807   277   198   371   165   380   206   346   209   205   168   237
  251   321   201   342   489   216   178   322   331   461   613   160   393   226   195   209   388   202   256   559     0   552   265   370   200   230   527   361   296   307   186   199
  232   236   189   636   184   276   244   136   467   300   591   223   193   417   316   385   319   280   397   276   317     0   308   295   294   288   186   347   534   220   341   387
  209   184   237   246   292   267   409   489   291   256   637   276   336   183   205   285   494   274   424   302   201   400     0   328   249   302   531   266   276   252   245   331
  430   264   970   682   256   459   246   202   302   170   290   161   166   672   148   209   264   215   255   370   490   195   258     0   221   269   567   281   231   160   194   213
  227   200   267   198   193   163   280   196   175   265   191   261   308   210   231   431   313   220   377   159   129   494   240   185     0   293   438   463   357   235   227   238
  347   198   197   314   269   218   237   295   465   302   525   431   270   210   644   178   232   390   291   298   277   288   283   313   346     0   281   230   189   205   332   761
  463   299   337   263   203   201   373   612   304   214   211   221   409   298   270   186   353   303   361   242   415   133   301   428   258   298     0   273   484   564   305   230
  201   630   149   417   224   247   166   271   226   423   232   636   332   166   371   293   317   464   370   273   273   345   303   205   338   247   343     0   393   368   416   173
  210   441   266   305   299   211   315   187   231   299   271   199   524   241   197   205   405   234   243   368   634   232   502   329   422   188   421   297     0   533   186   356
  399   390   150   257   196   225   253   159   280   314   227   248   228   266   218   295   266   540   320   606   233   328   517   184   441   291   403   271   605     0   338   344
  267   412   166   156   138   111   227   147   140   230   116   295   192   159   349   326   232   281   293   127   114   273   158   149   223   446   180   390   173   220     0   191
  293   360   215   516   212   191   855   181   846   198   227   333   113   181   617   163   235   288   205   281   133   148   247   498   277   162   191   171   445   162   869     0
