# 1, 50, 8, true, read
recv-size, 0, 524288000
size, 0, 0
start-read, 0, 0, 83886080
read, 0, 284795
recv-read, 0, 0, 83886080
network, 0, 100448
start-read, 1, 83886080, 83886080
read, 1, 272319
recv-read, 1, 83886080, 83886080
network, 1, 97719
start-read, 2, 167772160, 83886080
read, 2, 248291
recv-read, 2, 167772160, 83886080
network, 2, 97406
start-read, 3, 251658240, 83886080
read, 3, 216617
recv-read, 3, 251658240, 83886080
network, 3, 97475
start-read, 4, 335544320, 83886080
read, 4, 180022
recv-read, 4, 335544320, 83886080
network, 4, 97422
start-read, 5, 419430400, 83886080
read, 5, 135882
recv-read, 5, 419430400, 83886080
network, 5, 97541
start-read, 6, 503316480, 83886080
read, 6, 115316
recv-read, 6, 503316480, 20971520
network, 6, 21332
cmd-read, 0, 2062935
