# Fri Sep 11 12:28:00 PDT 2015
# 1, 500, 0, read
record-value, 112
chunk-size, 1312382584, 24549
disks, 8

size, 5, 1, 5242880000, 0


read-start, 5, 1, 0, 1312382584, 13
read-wait, 5, 1, 0
read, 5, 1, 0, 1312382584, 292890
network, 1, 152380
read-start, 5, 2, 1312382584, 1312382584, 445283
read-wait, 5, 2, 0
read, 5, 2, 1312382584, 1312382584, 276679
network, 2, 164382
read-start, 5, 3, 2624765168, 1312382584, 886346
read-wait, 5, 3, 0
read, 5, 3, 2624765168, 1312382584, 233233
network, 3, 160712
read-start, 5, 4, 3937147752, 1312382584, 1280292
read-wait, 5, 4, 0
read, 5, 4, 3937147752, 1305732248, 189154
network, 4, 155984

cmd-read, 1625417
