# Sun Jan 31 18:47:49 PST 2016
# 10, 300, 0, cdf
meth1_client: relocation error: meth1_client: symbol _ZTVNSt7__cxx1119basic_istringstreamIcSt11char_traitsIcESaIcEEE, version GLIBCXX_3.4.21 not defined in file libstdc++.so.6 with link time reference
# Sun Jan 31 22:26:56 PST 2016
# 10, 300, 0, cdf
meth1_client: relocation error: meth1_client: symbol _ZTVNSt7__cxx1119basic_istringstreamIcSt11char_traitsIcESaIcEEE, version GLIBCXX_3.4.21 not defined in file libstdc++.so.6 with link time reference
# Sun Jan 31 23:30:22 PST 2016
# 10, 300, 0, cdf
meth1_client: relocation error: meth1_client: symbol _ZTVNSt7__cxx1119basic_istringstreamIcSt11char_traitsIcESaIcEEE, version GLIBCXX_3.4.21 not defined in file libstdc++.so.6 with link time reference
# Sun Jan 31 23:40:54 PST 2016
# 10, 300, 0, cdf
max-chunk, 3, 1, 168172367, 0
chunk-size, 168172367, 2454
disks, 8

# Sun Jan 31 23:45:34 PST 2016
# 10, 300, 0, read
max-chunk, 3, 1, 168172367, 0
chunk-size, 168172367, 2454
disks, 8

size, 3, 2, 300000000, 0
size, 4, 1, 300000000, 0
size, 5, 1, 300000000, 0
size, 6, 1, 300000000, 0
size, 7, 1, 300000000, 0
size, 8, 1, 300000000, 0
size, 9, 1, 300000000, 0
size, 10, 1, 300000000, 0
size, 11, 1, 300000000, 0
size, 12, 1, 300000000, 0


read-start, 3, 1, 0, 168172367, 32
read-start, 4, 1, 0, 168172367, 32
read-start, 5, 1, 0, 168172367, 32
read-start, 6, 1, 0, 168172367, 32
read-start, 7, 1, 0, 168172367, 32
read-start, 8, 1, 0, 168172367, 32
read-start, 9, 1, 0, 168172367, 32
read-start, 10, 1, 0, 168172367, 32
read-start, 11, 1, 0, 168172367, 32
read-start, 12, 1, 0, 168172367, 32
read-wait, 3, 1, 0
read, 3, 1, 0, 168172367, 65466
circular-read-start, 3, 1, 16817236700, 65498
read-wait, 4, 1, 65624
read, 4, 1, 0, 168172367, 68744
circular-read-start, 4, 1, 16817236700, 68776
read-wait, 5, 1, 68964
read, 5, 1, 0, 168172367, 68964
circular-read-start, 5, 1, 16817236700, 68996
read-wait, 6, 1, 68965
read, 6, 1, 0, 168172367, 68965
circular-read-start, 6, 1, 16817236700, 68998
read-wait, 7, 1, 68969
read, 7, 1, 0, 168172367, 68969
circular-read-start, 7, 1, 16817236700, 69001
read-wait, 8, 1, 68972
read, 8, 1, 0, 168172367, 68972
circular-read-start, 8, 1, 16817236700, 69004
read-wait, 9, 1, 68975
read, 9, 1, 0, 168172367, 68975
circular-read-start, 9, 1, 16817236700, 69008
read-wait, 10, 1, 68979
read, 10, 1, 0, 168172367, 68979
circular-read-start, 10, 1, 16817236700, 69011
read-wait, 11, 1, 68982
read, 11, 1, 0, 168172367, 68982
circular-read-start, 11, 1, 16817236700, 69014
read-wait, 12, 1, 68985
read, 12, 1, 0, 168172367, 68985
circular-read-start, 12, 1, 16817236700, 69017
read-start, 3, 2, 168172367, 131827633, 255315
circular-read-total, 3, 1, 16817236700, 1021, 189817
read-start, 5, 2, 168172367, 131827633, 258610
circular-read-total, 5, 1, 16817236700, 2803, 189613
read-start, 7, 2, 168172367, 131827633, 258628
read-start, 11, 2, 168172367, 131827633, 258634
circular-read-total, 11, 1, 16817236700, 2225, 189620
circular-read-total, 7, 1, 16817236700, 626, 189638
read-start, 9, 2, 168172367, 131827633, 258651
circular-read-total, 9, 1, 16817236700, 2956, 189643
read-start, 4, 2, 168172367, 131827633, 258651
circular-read-total, 4, 1, 16817236700, 1690, 189876
read-start, 10, 2, 168172367, 131827633, 258659
circular-read-total, 10, 1, 16817236700, 2789, 189650
read-start, 12, 2, 168172367, 131827633, 258946
circular-read-total, 12, 1, 16817236700, 3608, 189928
read-start, 8, 2, 168172367, 131827633, 259185
circular-read-total, 8, 1, 16817236700, 4206, 190180
read-wait, 3, 2, 4265
read-start, 6, 2, 168172367, 131827633, 259586
circular-read-total, 6, 1, 16817236700, 5041, 190588
read, 3, 2, 168172367, 131827633, 64026
circular-read-start, 3, 2, 13182763300, 319341
read-wait, 6, 2, 59907
read, 6, 2, 168172367, 131827633, 63860
circular-read-start, 6, 2, 13182763300, 323447
read-wait, 11, 2, 64959
read, 11, 2, 168172367, 131827633, 64959
circular-read-start, 11, 2, 13182763300, 323593
read-wait, 12, 2, 64648
read, 12, 2, 168172367, 131827633, 64648
circular-read-start, 12, 2, 13182763300, 323595
read-wait, 7, 2, 64969
read, 7, 2, 168172367, 131827633, 64969
circular-read-start, 7, 2, 13182763300, 323598
read-wait, 9, 2, 64952
read, 9, 2, 168172367, 131827633, 64952
circular-read-start, 9, 2, 13182763300, 323604
read-wait, 8, 2, 64422
read, 8, 2, 168172367, 131827633, 64422
circular-read-start, 8, 2, 13182763300, 323607
read-wait, 10, 2, 64952
read, 10, 2, 168172367, 131827633, 64952
circular-read-start, 10, 2, 13182763300, 323611
read-wait, 4, 2, 64963
read, 4, 2, 168172367, 131827633, 64963
circular-read-start, 4, 2, 13182763300, 323615
read-wait, 5, 2, 65018
read, 5, 2, 168172367, 131827633, 65018
circular-read-start, 5, 2, 13182763300, 323628
circular-read-total, 3, 2, 13182763300, 2269, 149699
circular-read-total, 7, 2, 13182763300, 1918, 147766
circular-read-total, 12, 2, 13182763300, 1650, 147774
circular-read-total, 10, 2, 13182763300, 2004, 147767
circular-read-total, 9, 2, 13182763300, 2206, 147775
circular-read-total, 4, 2, 13182763300, 924, 147767
circular-read-total, 5, 2, 13182763300, 1922, 147765
circular-read-total, 8, 2, 13182763300, 1662, 147806
circular-read-total, 11, 2, 13182763300, 1907, 147894
circular-read-total, 6, 2, 13182763300, 2517, 148120

cmd-read, 471670
# Sun Jan 31 23:57:33 PST 2016
# 8, 300, 0, read
max-chunk, 3, 1, 168172367, 0
chunk-size, 168172367, 3068
disks, 8

size, 3, 2, 375000000, 0
size, 4, 1, 375000000, 0
size, 5, 1, 375000000, 0
size, 6, 1, 375000000, 0
size, 7, 1, 375000000, 0
size, 8, 1, 375000000, 0
size, 9, 1, 375000000, 0
size, 10, 1, 375000000, 0


read-start, 3, 1, 0, 168172367, 27
read-start, 4, 1, 0, 168172367, 27
read-start, 5, 1, 0, 168172367, 27
read-start, 6, 1, 0, 168172367, 27
read-start, 7, 1, 0, 168172367, 27
read-start, 8, 1, 0, 168172367, 27
read-start, 9, 1, 0, 168172367, 27
read-start, 10, 1, 0, 168172367, 27
read-wait, 3, 1, 0
read, 3, 1, 0, 168172367, 80873
circular-read-start, 3, 1, 16817236700, 80901
read-wait, 4, 1, 81028
read, 4, 1, 0, 168172367, 81028
circular-read-start, 4, 1, 16817236700, 81055
read-wait, 5, 1, 81029
read, 5, 1, 0, 168172367, 81029
circular-read-start, 5, 1, 16817236700, 81057
read-wait, 6, 1, 81033
read, 6, 1, 0, 168172367, 81033
circular-read-start, 6, 1, 16817236700, 81060
read-wait, 7, 1, 81041
read, 7, 1, 0, 168172367, 81041
circular-read-start, 7, 1, 16817236700, 81068
read-wait, 8, 1, 81043
read, 8, 1, 0, 168172367, 81379
circular-read-start, 8, 1, 16817236700, 81407
read-wait, 9, 1, 81570
read, 9, 1, 0, 168172367, 81570
circular-read-start, 9, 1, 16817236700, 81598
read-wait, 10, 1, 81574
read, 10, 1, 0, 168172367, 81574
circular-read-start, 10, 1, 16817236700, 81602
read-start, 5, 2, 168172367, 168172367, 270679
circular-read-total, 5, 1, 16817236700, 1758, 189623
read-start, 4, 2, 168172367, 168172367, 270683
circular-read-total, 4, 1, 16817236700, 2296, 189627
read-start, 7, 2, 168172367, 168172367, 270700
circular-read-total, 7, 1, 16817236700, 2255, 189632
read-start, 3, 2, 168172367, 168172367, 270709
circular-read-total, 3, 1, 16817236700, 1714, 189807
read-start, 6, 2, 168172367, 168172367, 270734
circular-read-total, 6, 1, 16817236700, 1717, 189673
read-start, 9, 2, 168172367, 168172367, 271215
circular-read-total, 9, 1, 16817236700, 1189, 189618
read-start, 10, 2, 168172367, 168172367, 271563
circular-read-total, 10, 1, 16817236700, 3053, 189961
read-wait, 3, 2, 1073
read-start, 8, 2, 168172367, 168172367, 271796
circular-read-total, 8, 1, 16817236700, 3083, 190388
read, 3, 2, 168172367, 168172367, 79272
circular-read-start, 3, 2, 16817236700, 349981
read-wait, 6, 2, 79392
read, 6, 2, 168172367, 168172367, 79392
circular-read-start, 6, 2, 16817236700, 350126
read-wait, 10, 2, 78570
read, 10, 2, 168172367, 168172367, 79106
circular-read-start, 10, 2, 16817236700, 350669
read-wait, 9, 2, 79603
read, 9, 2, 168172367, 168172367, 79603
circular-read-start, 9, 2, 16817236700, 350818
read-wait, 8, 2, 79024
read, 8, 2, 168172367, 168172367, 80109
circular-read-start, 8, 2, 16817236700, 351906
read-wait, 5, 2, 81420
read, 5, 2, 168172367, 168172367, 81420
circular-read-start, 5, 2, 16817236700, 352100
read-wait, 4, 2, 81419
read, 4, 2, 168172367, 168172367, 81419
circular-read-start, 4, 2, 16817236700, 352102
read-wait, 7, 2, 81404
read, 7, 2, 168172367, 168172367, 81404
circular-read-start, 7, 2, 16817236700, 352105
read-start, 3, 3, 336344734, 38655266, 539787
circular-read-total, 3, 2, 16817236700, 1114, 189805
read-start, 6, 3, 336344734, 38655266, 539799
circular-read-total, 6, 2, 16817236700, 987, 189674
read-start, 9, 3, 336344734, 38655266, 540444
circular-read-total, 9, 2, 16817236700, 682, 189631
read-start, 10, 3, 336344734, 38655266, 540477
circular-read-total, 10, 2, 16817236700, 1107, 189807
read-start, 5, 3, 336344734, 38655266, 541713
circular-read-total, 5, 2, 16817236700, 1125, 189612
read-start, 7, 3, 336344734, 38655266, 541721
circular-read-total, 7, 2, 16817236700, 1441, 189616
read-start, 8, 3, 336344734, 38655266, 541878
circular-read-total, 8, 2, 16817236700, 1571, 189972
read-wait, 6, 3, 2111
read-start, 4, 3, 336344734, 38655266, 541927
circular-read-total, 4, 2, 16817236700, 1367, 189824
read, 6, 3, 336344734, 38655266, 77642
circular-read-start, 6, 3, 3865526600, 617441
read-wait, 3, 3, 77802
read, 3, 3, 336344734, 38655266, 77802
circular-read-start, 3, 3, 3865526600, 617589
read-wait, 7, 3, 75871
read, 7, 3, 336344734, 38655266, 77687
circular-read-start, 7, 3, 3865526600, 619409
read-wait, 10, 3, 79080
read, 10, 3, 336344734, 38655266, 79080
circular-read-start, 10, 3, 3865526600, 619558
read-wait, 5, 3, 77846
read, 5, 3, 336344734, 38655266, 77846
circular-read-start, 5, 3, 3865526600, 619559
read-wait, 9, 3, 79117
read, 9, 3, 336344734, 38655266, 79117
circular-read-start, 9, 3, 3865526600, 619561
read-wait, 8, 3, 77684
read, 8, 3, 336344734, 38655266, 78159
circular-read-start, 8, 3, 3865526600, 620038
read-wait, 4, 3, 78293
read, 4, 3, 336344734, 38655266, 78293
circular-read-start, 4, 3, 3865526600, 620220
circular-read-total, 3, 3, 3865526600, 302, 40494
circular-read-total, 6, 3, 3865526600, 449, 40663
circular-read-total, 5, 3, 3865526600, 491, 40483
circular-read-total, 10, 3, 3865526600, 594, 40485
circular-read-total, 9, 3, 3865526600, 662, 40488
circular-read-total, 7, 3, 3865526600, 1197, 40666
circular-read-total, 4, 3, 3865526600, 651, 40476
circular-read-total, 8, 3, 3865526600, 773, 40697

cmd-read, 660841
# Mon Feb  1 00:19:18 PST 2016
# 4, 300, 0, read
max-chunk, 3, 1, 168172367, 0
chunk-size, 168172367, 6137
disks, 8

size, 3, 2, 750000000, 0
size, 4, 1, 750000000, 0
size, 5, 1, 750000000, 0
size, 6, 1, 750000000, 0


read-start, 3, 1, 0, 168172367, 15
read-start, 4, 1, 0, 168172367, 15
read-start, 5, 1, 0, 168172367, 15
read-start, 6, 1, 0, 168172367, 15
read-wait, 3, 1, 0
read, 3, 1, 0, 168172367, 157990
circular-read-start, 3, 1, 16817236700, 158006
read-wait, 4, 1, 158152
read, 4, 1, 0, 168172367, 159445
circular-read-start, 4, 1, 16817236700, 159461
read-wait, 5, 1, 159676
read, 5, 1, 0, 168172367, 159676
circular-read-start, 5, 1, 16817236700, 159692
read-wait, 6, 1, 159679
read, 6, 1, 0, 168172367, 159679
circular-read-start, 6, 1, 16817236700, 159695
read-start, 3, 2, 168172367, 168172367, 347824
circular-read-total, 3, 1, 16817236700, 1003, 189818
read-start, 5, 2, 168172367, 168172367, 349305
circular-read-total, 5, 1, 16817236700, 1450, 189612
read-start, 6, 2, 168172367, 168172367, 349309
circular-read-total, 6, 1, 16817236700, 1216, 189614
read-wait, 6, 2, 8
read-start, 4, 2, 168172367, 168172367, 349348
circular-read-total, 4, 1, 16817236700, 1570, 189886
read, 6, 2, 168172367, 168172367, 156911
circular-read-start, 6, 2, 16817236700, 506221
read-wait, 3, 2, 158544
read, 3, 2, 168172367, 168172367, 158544
circular-read-start, 3, 2, 16817236700, 506368
read-wait, 5, 2, 157066
read, 5, 2, 168172367, 168172367, 157066
circular-read-start, 5, 2, 16817236700, 506371
read-wait, 4, 2, 157027
read, 4, 2, 168172367, 168172367, 158082
circular-read-start, 4, 2, 16817236700, 507431
read-start, 5, 3, 336344734, 168172367, 695984
circular-read-total, 5, 2, 16817236700, 797, 189612
read-start, 3, 3, 336344734, 168172367, 695985
circular-read-total, 3, 2, 16817236700, 821, 189616
read-start, 6, 3, 336344734, 168172367, 696017
circular-read-total, 6, 2, 16817236700, 827, 189796
read-wait, 6, 3, 1257
read-start, 4, 3, 336344734, 168172367, 697291
circular-read-total, 4, 2, 16817236700, 1284, 189860
read, 6, 3, 336344734, 168172367, 157029
circular-read-start, 6, 3, 16817236700, 853046
read-wait, 3, 3, 157208
read, 3, 3, 336344734, 168172367, 157209
circular-read-start, 3, 3, 16817236700, 853194
read-wait, 4, 3, 155904
read, 4, 3, 336344734, 168172367, 158426
circular-read-start, 4, 3, 16817236700, 855717
read-wait, 5, 3, 159945
read, 5, 3, 336344734, 168172367, 159945
circular-read-start, 5, 3, 16817236700, 855929
read-start, 3, 4, 504517101, 168172367, 1042810
circular-read-total, 3, 3, 16817236700, 725, 189616
read-start, 6, 4, 504517101, 168172367, 1042850
circular-read-total, 6, 3, 16817236700, 823, 189804
read-start, 5, 4, 504517101, 168172367, 1045541
circular-read-total, 5, 3, 16817236700, 1102, 189611
read-wait, 6, 4, 2701
read-start, 4, 4, 504517101, 168172367, 1045577
circular-read-total, 4, 3, 16817236700, 1324, 189859
read, 6, 4, 504517101, 168172367, 156290
circular-read-start, 6, 4, 16817236700, 1199140
read-wait, 5, 4, 153748
read, 5, 4, 504517101, 168172367, 156092
circular-read-start, 5, 4, 16817236700, 1201633
read-wait, 3, 4, 158969
read, 3, 4, 504517101, 168172367, 158970
circular-read-start, 3, 4, 16817236700, 1201780
read-wait, 4, 4, 156204
read, 4, 4, 504517101, 168172367, 157109
circular-read-start, 4, 4, 16817236700, 1202687
read-start, 6, 5, 672689468, 77310532, 1388951
circular-read-total, 6, 4, 16817236700, 792, 189810
read-start, 3, 5, 672689468, 77310532, 1391398
circular-read-total, 3, 4, 16817236700, 873, 189617
read-start, 5, 5, 672689468, 77310532, 1391430
circular-read-total, 5, 4, 16817236700, 1032, 189796
read-start, 4, 5, 672689468, 77310532, 1392548
circular-read-total, 4, 4, 16817236700, 1286, 189861
read-wait, 4, 5, 0
read, 4, 5, 672689468, 77310532, 157139
circular-read-start, 4, 5, 7731053200, 1549688
read-wait, 5, 5, 158466
read, 5, 5, 672689468, 77310532, 158466
circular-read-start, 5, 5, 7731053200, 1549896
read-wait, 6, 5, 160946
read, 6, 5, 672689468, 77310532, 160946
circular-read-start, 6, 5, 7731053200, 1549898
read-wait, 3, 5, 158502
read, 3, 5, 672689468, 77310532, 158502
circular-read-start, 3, 5, 7731053200, 1549900
circular-read-total, 5, 5, 7731053200, 517, 84984
circular-read-total, 6, 5, 7731053200, 499, 84984
circular-read-total, 3, 5, 7731053200, 553, 84988
circular-read-total, 4, 5, 7731053200, 708, 85232

cmd-read, 1635033
# Mon Feb  1 00:53:14 PST 2016
# 2, 300, 0, read
max-chunk, 3, 1, 168172367, 0
chunk-size, 168172367, 12274
disks, 8

size, 3, 2, 1500000000, 0
size, 4, 1, 1500000000, 0


read-start, 3, 1, 0, 168172367, 11
read-start, 4, 1, 0, 168172367, 11
read-wait, 3, 1, 0
read, 3, 1, 0, 168172367, 312992
circular-read-start, 3, 1, 16817236700, 313004
read-wait, 4, 1, 313153
read, 4, 1, 0, 168172367, 313153
circular-read-start, 4, 1, 16817236700, 313165
read-start, 4, 2, 168172367, 168172367, 502777
circular-read-total, 4, 1, 16817236700, 1126, 189612
read-wait, 4, 2, 28
read-start, 3, 2, 168172367, 168172367, 502818
circular-read-total, 3, 1, 16817236700, 1306, 189814
read, 4, 2, 168172367, 168172367, 311225
circular-read-start, 4, 2, 16817236700, 814002
read-wait, 3, 2, 311332
read, 3, 2, 168172367, 168172367, 311811
circular-read-start, 3, 2, 16817236700, 814629
read-start, 4, 3, 336344734, 168172367, 1003800
circular-read-total, 4, 2, 16817236700, 1267, 189797
read-wait, 4, 3, 600
read-start, 3, 3, 336344734, 168172367, 1004426
circular-read-total, 3, 2, 16817236700, 1246, 189796
read, 4, 3, 336344734, 168172367, 316381
circular-read-start, 4, 3, 16817236700, 1320181
read-wait, 3, 3, 315903
read, 3, 3, 336344734, 168172367, 315903
circular-read-start, 3, 3, 16817236700, 1320330
read-start, 3, 4, 504517101, 168172367, 1509942
circular-read-total, 3, 3, 16817236700, 1115, 189612
read-start, 4, 4, 504517101, 168172367, 1509977
circular-read-total, 4, 3, 16817236700, 1260, 189796
read-wait, 4, 4, 0
read, 4, 4, 504517101, 168172367, 313625
circular-read-start, 4, 4, 16817236700, 1823602
read-wait, 3, 4, 313807
read, 3, 4, 504517101, 168172367, 313807
circular-read-start, 3, 4, 16817236700, 1823750
read-start, 3, 5, 672689468, 168172367, 2013361
circular-read-total, 3, 4, 16817236700, 1119, 189611
read-start, 4, 5, 672689468, 168172367, 2013400
circular-read-total, 4, 4, 16817236700, 1265, 189797
read-wait, 4, 5, 0
read, 4, 5, 672689468, 168172367, 312625
circular-read-start, 4, 5, 16817236700, 2326025
read-wait, 3, 5, 312809
read, 3, 5, 672689468, 168172367, 312809
circular-read-start, 3, 5, 16817236700, 2326171
read-start, 3, 6, 840861835, 168172367, 2515783
circular-read-total, 3, 5, 16817236700, 1118, 189611
read-wait, 3, 6, 37
read-start, 4, 6, 840861835, 168172367, 2515822
circular-read-total, 4, 5, 16817236700, 1261, 189796
read, 3, 6, 840861835, 168172367, 311012
circular-read-start, 3, 6, 16817236700, 2826795
read-wait, 4, 6, 311115
read, 4, 6, 840861835, 168172367, 313625
circular-read-start, 4, 6, 16817236700, 2829447
read-start, 3, 7, 1009034202, 168172367, 3016594
circular-read-total, 3, 6, 16817236700, 921, 189800
read-start, 4, 7, 1009034202, 168172367, 3019244
circular-read-total, 4, 6, 16817236700, 1210, 189796
read-wait, 4, 7, 0
read, 4, 7, 1009034202, 168172367, 312869
circular-read-start, 4, 7, 16817236700, 3332114
read-wait, 3, 7, 315668
read, 3, 7, 1009034202, 168172367, 315668
circular-read-start, 3, 7, 16817236700, 3332263
read-start, 3, 8, 1177206569, 168172367, 3521875
circular-read-total, 3, 7, 16817236700, 1118, 189611
read-wait, 3, 8, 26
read-start, 4, 8, 1177206569, 168172367, 3521910
circular-read-total, 4, 7, 16817236700, 1260, 189796
read, 3, 8, 1177206569, 168172367, 310562
circular-read-start, 3, 8, 16817236700, 3832437
read-wait, 4, 8, 310670
read, 4, 8, 1177206569, 168172367, 313141
circular-read-start, 4, 8, 16817236700, 3835052
read-start, 3, 9, 1345378936, 154621064, 4022235
circular-read-total, 3, 8, 16817236700, 946, 189797
read-wait, 3, 9, 2612
read-start, 4, 9, 1345378936, 154621064, 4024849
circular-read-total, 4, 8, 16817236700, 1251, 189797
read, 3, 9, 1345378936, 154621064, 311451
circular-read-start, 3, 9, 15462106400, 4333686
read-wait, 4, 9, 308981
read, 4, 9, 1345378936, 154621064, 314519
circular-read-start, 4, 9, 15462106400, 4339369
circular-read-total, 3, 9, 15462106400, 708, 174196
circular-read-total, 4, 9, 15462106400, 1170, 174193

cmd-read, 4513675
