# Sun Jan 31 18:47:49 PST 2016
meth1_node: relocation error: meth1_node: symbol _ZTVNSt7__cxx1119basic_istringstreamIcSt11char_traitsIcESaIcEEE, version GLIBCXX_3.4.21 not defined in file libstdc++.so.6 with link time reference
# Sun Jan 31 22:26:56 PST 2016
meth1_node: relocation error: meth1_node: symbol _ZTVNSt7__cxx1119basic_istringstreamIcSt11char_traitsIcESaIcEEE, version GLIBCXX_3.4.21 not defined in file libstdc++.so.6 with link time reference
# Sun Jan 31 23:30:22 PST 2016
meth1_node: relocation error: meth1_node: symbol _ZTVNSt7__cxx1119basic_istringstreamIcSt11char_traitsIcESaIcEEE, version GLIBCXX_3.4.21 not defined in file libstdc++.so.6 with link time reference
# Sun Jan 31 23:40:54 PST 2016
record-value, 112
seek-chunk, 168172367
file, 4, 300000000

exit, 17414
# Sun Jan 31 23:45:34 PST 2016
record-value, 112
seek-chunk, 168172367
file, 4, 300000000

read-start, 1, 0, 168172367, 17100
circular-read-start, 4, 1, 30000000000, 18636
circular-read-total, 4, 1, 30000000000, 60663, 62357
linear-scan, 63432
-sort , 19179, 23
-merge, 14014, 23
-last , 754
read, 1, 168172367, 64968
network, 1, 193906

read-start, 2, 168172367, 131827633, 276016
circular-read-start, 4, 2, 30000000000, 276278
circular-read-total, 4, 2, 30000000000, 60564, 62384
linear-scan, 63650
-sort , 9355, 15
-merge, 7261, 15
-last , 216
read, 2, 131827633, 63912
network, 2, 148482

exit, 488775
# Sun Jan 31 23:57:33 PST 2016
record-value, 112
seek-chunk, 168172367
file, 4, 375000000

read-start, 1, 0, 168172367, 14494
circular-read-start, 4, 1, 37500000000, 16081
circular-read-total, 4, 1, 37500000000, 75801, 77884
linear-scan, 78871
-sort , 21872, 26
-merge, 15694, 26
-last , 984
read, 1, 168172367, 80458
network, 1, 191042

read-start, 2, 168172367, 168172367, 286033
circular-read-start, 4, 2, 37500000000, 286369
circular-read-total, 4, 2, 37500000000, 75374, 77439
linear-scan, 78770
-sort , 14576, 17
-merge, 10660, 17
-last , 1329
read, 2, 168172367, 79106
network, 2, 189765

read-start, 3, 336344734, 38655266, 554950
circular-read-start, 4, 3, 37500000000, 555029
circular-read-total, 4, 3, 37500000000, 75278, 77221
linear-scan, 77383
-sort , 2628, 13
-merge, 1818, 13
-last , 160
read, 3, 38655266, 77462
network, 3, 42072

exit, 675343
# Mon Feb 1 00:19:18 PST 2016
record-value, 112
seek-chunk, 168172367
file, 4, 750000000

read-start, 1, 0, 168172367, 7568
circular-read-start, 4, 1, 75000000000, 9091
circular-read-total, 4, 1, 75000000000, 151228, 155810
linear-scan, 156851
-sort , 30763, 36
-merge, 21310, 36
-last , 1039
read, 1, 168172367, 158375
network, 1, 190889

read-start, 2, 168172367, 168172367, 356866
circular-read-start, 4, 2, 75000000000, 357200
circular-read-total, 4, 2, 75000000000, 150728, 155222
linear-scan, 156578
-sort , 27601, 32
-merge, 19351, 32
-last , 1353
read, 2, 168172367, 156913
network, 2, 189751

read-start, 3, 336344734, 168172367, 703578
circular-read-start, 4, 3, 75000000000, 703915
circular-read-total, 4, 3, 75000000000, 150654, 155235
linear-scan, 156693
-sort , 23465, 28
-merge, 16343, 28
-last , 457
read, 3, 168172367, 157030
network, 3, 189766

read-start, 4, 504517101, 168172367, 1050415
circular-read-start, 4, 4, 75000000000, 1050757
circular-read-total, 4, 4, 75000000000, 150594, 155093
linear-scan, 155949
-sort , 16979, 20
-merge, 12092, 20
-last , 854
read, 4, 168172367, 156291
network, 4, 189756

read-start, 5, 672689468, 77310532, 1396521
circular-read-start, 4, 5, 75000000000, 1396679
circular-read-total, 4, 5, 75000000000, 150560, 154995
linear-scan, 155739
-sort , 5498, 15
-merge, 4045, 15
-last , 127
read, 5, 77310532, 155898
network, 5, 90003

exit, 1642621
# Mon Feb 1 00:53:14 PST 2016
record-value, 112
seek-chunk, 168172367
file, 4, 1500000000

read-start, 1, 0, 168172367, 3601
circular-read-start, 4, 1, 150000000000, 5127
circular-read-total, 4, 1, 150000000000, 301550, 309507
linear-scan, 310629
-sort , 39638, 46
-merge, 26465, 46
-last , 1120
read, 1, 168172367, 312155
network, 1, 190579

read-start, 2, 168172367, 168172367, 506372
circular-read-start, 4, 2, 150000000000, 506707
circular-read-total, 4, 2, 150000000000, 301310, 309508
linear-scan, 310893
-sort , 38321, 44
-merge, 26125, 44
-last , 1384
read, 2, 168172367, 311228
network, 2, 189764

read-start, 3, 336344734, 168172367, 1007401
circular-read-start, 4, 3, 150000000000, 1007737
circular-read-total, 4, 3, 150000000000, 305457, 314839
linear-scan, 316049
-sort , 36473, 43
-merge, 24948, 43
-last , 453
read, 3, 168172367, 316384
network, 3, 189763

read-start, 4, 504517101, 168172367, 1513585
circular-read-start, 4, 4, 150000000000, 1513925
circular-read-total, 4, 4, 150000000000, 303001, 312131
linear-scan, 313289
-sort , 34494, 40
-merge, 23356, 40
-last , 1157
read, 4, 168172367, 313628
network, 4, 189763

read-start, 5, 672689468, 168172367, 2017014
circular-read-start, 4, 5, 150000000000, 2017348
circular-read-total, 4, 5, 150000000000, 302642, 311786
linear-scan, 312295
-sort , 32385, 38
-merge, 21846, 38
-last , 507
read, 5, 168172367, 312628
network, 5, 189757

read-start, 6, 840861835, 168172367, 2519442
circular-read-start, 4, 6, 150000000000, 2519777
circular-read-total, 4, 6, 150000000000, 302993, 312103
linear-scan, 313294
-sort , 29632, 34
-merge, 19799, 34
-last , 1190
read, 6, 168172367, 313628
network, 6, 189765

read-start, 7, 1009034202, 168172367, 3022870
circular-read-start, 4, 7, 150000000000, 3023206
circular-read-total, 4, 7, 150000000000, 302379, 311614
linear-scan, 312538
-sort , 25910, 30
-merge, 17435, 30
-last , 923
read, 7, 168172367, 312873
network, 7, 189764

read-start, 8, 1177206569, 168172367, 3525543
circular-read-start, 4, 8, 150000000000, 3525888
circular-read-total, 4, 8, 150000000000, 302701, 311946
linear-scan, 312800
-sort , 20876, 24
-merge, 14293, 24
-last , 853
read, 8, 168172367, 313145
network, 8, 189760

read-start, 9, 1345378936, 154621064, 4028488
circular-read-start, 4, 9, 150000000000, 4028796
circular-read-total, 4, 9, 150000000000, 304028, 312689
linear-scan, 314215
-sort , 11673, 15
-merge, 8137, 15
-last , 251
read, 9, 154621064, 314523
network, 9, 174155

exit, 4517332
