# 1, 10gb, 500mb, true, first
read, 0, 29518
network, 0, 0
cmd-first, 0, 29518
# 1, 10gb, 500mb, true, read
size, 0, 0
read, 0, 36023
network, 0, 2878
read, 1, 35617
network, 1, 2715
read, 2, 35676
network, 2, 2660
read, 3, 35738
network, 3, 2657
read, 4, 35348
network, 4, 2675
read, 5, 32271
network, 5, 2646
read, 6, 31178
network, 6, 2640
read, 7, 30832
network, 7, 2619
read, 8, 30230
network, 8, 2590
read, 9, 29745
network, 9, 2590
read, 10, 29195
network, 10, 2575
read, 11, 28717
network, 11, 2607
read, 12, 28161
network, 12, 2569
read, 13, 27764
network, 13, 2593
read, 14, 27164
network, 14, 2585
read, 15, 26763
network, 15, 2591
read, 16, 26477
network, 16, 2573
read, 17, 26516
network, 17, 2557
read, 18, 26521
network, 18, 2598
read, 19, 26518
network, 19, 2518
# 1, 10gb, 500mb, true, write
size, 0, 0
read, 0, 33317
network, 0, 2810
write, 0, 1739
read, 1, 32870
network, 1, 2942
write, 1, 1748
read, 2, 32585
network, 2, 2695
write, 2, 1766
read, 3, 32310
network, 3, 2648
write, 3, 1746
read, 4, 32019
network, 4, 2651
write, 4, 1761
read, 5, 31455
network, 5, 2642
write, 5, 1744
read, 6, 31041
network, 6, 2622
write, 6, 1738
read, 7, 30633
network, 7, 2638
write, 7, 1735
read, 8, 30227
network, 8, 2576
write, 8, 1719
read, 9, 29804
network, 9, 2570
write, 9, 1751
read, 10, 29216
network, 10, 2596
write, 10, 1745
read, 11, 29022
network, 11, 2633
write, 11, 1784
read, 12, 28384
network, 12, 2582
write, 12, 1742
read, 13, 27770
network, 13, 2559
write, 13, 1678
read, 14, 27194
network, 14, 2586
write, 14, 1765
read, 15, 26731
network, 15, 2557
write, 15, 1727
read, 16, 26542
network, 16, 2556
write, 16, 1693
read, 17, 26538
network, 17, 2584
write, 17, 1719
read, 18, 26564
network, 18, 2575
write, 18, 1711
read, 19, 26595
network, 19, 2597
write, 19, 1723
cmd-write, 0, 645561
