# Sun Jan 31 18:47:49 PST 2016
meth1_node: relocation error: meth1_node: symbol _ZTVNSt7__cxx1119basic_istringstreamIcSt11char_traitsIcESaIcEEE, version GLIBCXX_3.4.21 not defined in file libstdc++.so.6 with link time reference
# Sun Jan 31 22:26:56 PST 2016
meth1_node: relocation error: meth1_node: symbol _ZTVNSt7__cxx1119basic_istringstreamIcSt11char_traitsIcESaIcEEE, version GLIBCXX_3.4.21 not defined in file libstdc++.so.6 with link time reference
# Sun Jan 31 23:30:22 PST 2016
meth1_node: relocation error: meth1_node: symbol _ZTVNSt7__cxx1119basic_istringstreamIcSt11char_traitsIcESaIcEEE, version GLIBCXX_3.4.21 not defined in file libstdc++.so.6 with link time reference
# Sun Jan 31 23:40:54 PST 2016
record-value, 112
seek-chunk, 168172367
file, 4, 300000000

exit, 13816
# Sun Jan 31 23:45:34 PST 2016
record-value, 112
seek-chunk, 168172367
file, 4, 300000000

read-start, 1, 0, 168172367, 13501
circular-read-start, 4, 1, 30000000000, 15045
circular-read-total, 4, 1, 30000000000, 61248, 63028
linear-scan, 64224
-sort , 19115, 23
-merge, 13816, 23
-last , 760
read, 1, 168172367, 65768
network, 1, 192802

read-start, 2, 168172367, 131827633, 272131
circular-read-start, 4, 2, 30000000000, 272403
circular-read-total, 4, 2, 30000000000, 61484, 62903
linear-scan, 64195
-sort , 9210, 15
-merge, 7286, 15
-last , 248
read, 2, 131827633, 64466
network, 2, 148214

exit, 485177
# Sun Jan 31 23:57:33 PST 2016
record-value, 112
seek-chunk, 168172367
file, 4, 375000000

read-start, 1, 0, 168172367, 10856
circular-read-start, 4, 1, 37500000000, 12496
circular-read-total, 4, 1, 37500000000, 76687, 78740
linear-scan, 79734
-sort , 21804, 26
-merge, 15912, 26
-last , 991
read, 1, 168172367, 81375
network, 1, 190361

read-start, 2, 168172367, 168172367, 282628
circular-read-start, 4, 2, 37500000000, 282975
circular-read-total, 4, 2, 37500000000, 76386, 78430
linear-scan, 79763
-sort , 14644, 17
-merge, 10579, 17
-last , 1329
read, 2, 168172367, 80110
network, 2, 189935

read-start, 3, 336344734, 38655266, 552715
circular-read-start, 4, 3, 37500000000, 552794
circular-read-total, 4, 3, 37500000000, 75721, 77914
linear-scan, 78076
-sort , 2664, 13
-merge, 1836, 13
-last , 161
read, 3, 38655266, 78156
network, 3, 40666

exit, 671706
