# Sun Jan 31 18:47:49 PST 2016
meth1_node: relocation error: meth1_node: symbol _ZTVNSt7__cxx1119basic_istringstreamIcSt11char_traitsIcESaIcEEE, version GLIBCXX_3.4.21 not defined in file libstdc++.so.6 with link time reference
# Sun Jan 31 22:26:56 PST 2016
meth1_node: relocation error: meth1_node: symbol _ZTVNSt7__cxx1119basic_istringstreamIcSt11char_traitsIcESaIcEEE, version GLIBCXX_3.4.21 not defined in file libstdc++.so.6 with link time reference
# Sun Jan 31 23:30:22 PST 2016
meth1_node: relocation error: meth1_node: symbol _ZTVNSt7__cxx1119basic_istringstreamIcSt11char_traitsIcESaIcEEE, version GLIBCXX_3.4.21 not defined in file libstdc++.so.6 with link time reference
# Sun Jan 31 23:40:54 PST 2016
record-value, 112
seek-chunk, 168172367
file, 4, 300000000

exit, 8873
# Sun Jan 31 23:45:34 PST 2016
record-value, 112
seek-chunk, 168172367
file, 4, 300000000

read-start, 1, 0, 168172367, 8845
circular-read-start, 4, 1, 30000000000, 10464
circular-read-total, 4, 1, 30000000000, 60900, 62740
linear-scan, 63770
-sort , 19214, 23
-merge, 14457, 23
-last , 764
read, 1, 168172367, 65390
network, 1, 193171

read-start, 2, 168172367, 131827633, 267454
circular-read-start, 4, 2, 30000000000, 267721
circular-read-total, 4, 2, 30000000000, 60492, 62221
linear-scan, 63503
-sort , 9252, 15
-merge, 7090, 15
-last , 228
read, 2, 131827633, 63771
network, 2, 148940

exit, 480539
# Sun Jan 31 23:57:33 PST 2016
record-value, 112
seek-chunk, 168172367
file, 4, 375000000

read-start, 1, 0, 168172367, 5537
circular-read-start, 4, 1, 37500000000, 7174
circular-read-total, 4, 1, 37500000000, 75920, 78124
linear-scan, 79106
-sort , 21720, 26
-merge, 15057, 26
-last , 979
read, 1, 168172367, 80743
network, 1, 189882

read-start, 2, 168172367, 168172367, 276203
circular-read-start, 4, 2, 37500000000, 276544
circular-read-total, 4, 2, 37500000000, 75403, 77544
linear-scan, 78873
-sort , 14618, 17
-merge, 10171, 17
-last , 1327
read, 2, 168172367, 79214
network, 2, 191785

read-start, 3, 336344734, 38655266, 547251
circular-read-start, 4, 3, 37500000000, 547329
circular-read-total, 4, 3, 37500000000, 75312, 77377
linear-scan, 77540
-sort , 2626, 13
-merge, 1816, 13
-last , 163
read, 3, 38655266, 77618
network, 3, 40678

exit, 666412
