# 1, 50, 12.5, true, read
recv-size, 0, 524288000
size, 0, 0
start-read, 0, 0, 131072000
read, 0, 178683
recv-read, 0, 0, 131072000
network, 0, 55006
start-read, 1, 131072000, 131072000
read, 1, 174284
recv-read, 1, 131072000, 131072000
network, 1, 48748
start-read, 2, 262144000, 131072000
read, 2, 161700
recv-read, 2, 262144000, 131072000
network, 2, 55619
start-read, 3, 393216000, 131072000
read, 3, 122166
recv-read, 3, 393216000, 131072000
network, 3, 75177
start-read, 4, 524288000, 131072000
cmd-read, 0, 873985
