# Sun Sep 20 01:00:27 PDT 2015
# 1, 700, 0, read
max-chunk, 3, 1, 171511808, 0
chunk-size, 171511808, 12299
disks, 8

size, 3, 2, 7000000000, 0
size, 4, 1, 7000000000, 0


read-start, 3, 1, 0, 171511808, 17
read-start, 4, 1, 0, 171511808, 17
read-wait, 3, 1, 0
read, 3, 1, 0, 171511808, 1446651
circular-read-start, 3, 1, 17151180800, 1446668
read-wait, 4, 1, 1446818
read, 4, 1, 0, 171511808, 1475189
circular-read-start, 4, 1, 17151180800, 1475206
read-start, 3, 2, 171511808, 171511808, 1654064
circular-read-total, 3, 1, 17151180800, 33299, 207395
read-wait, 3, 2, 16402
read-start, 4, 2, 171511808, 171511808, 1670468
circular-read-total, 4, 1, 17151180800, 124080, 195261
read, 3, 2, 171511808, 171511808, 1445111
circular-read-start, 3, 2, 17151180800, 3099176
read-wait, 4, 2, 1428850
read, 4, 2, 171511808, 171511808, 1443784
circular-read-start, 4, 2, 17151180800, 3114252
read-start, 3, 3, 343023616, 171511808, 3297765
circular-read-total, 3, 2, 17151180800, 56008, 198589
read-wait, 3, 3, 12006
read-start, 4, 3, 343023616, 171511808, 3309782
circular-read-total, 4, 2, 17151180800, 104912, 195529
read, 3, 3, 343023616, 171511808, 1452323
circular-read-start, 3, 3, 17151180800, 4750089
read-wait, 4, 3, 1440447
read, 4, 3, 343023616, 171511808, 1443618
circular-read-start, 4, 3, 17151180800, 4753401
read-start, 3, 4, 514535424, 171511808, 4946143
circular-read-total, 3, 3, 17151180800, 79939, 196054
read-wait, 3, 4, 3306
read-start, 4, 4, 514535424, 171511808, 4949466
circular-read-total, 4, 3, 17151180800, 76426, 196064
read, 3, 4, 514535424, 171511808, 1447236
circular-read-start, 3, 4, 17151180800, 6393379
read-wait, 4, 4, 1444056
read, 4, 4, 514535424, 171511808, 1444314
circular-read-start, 4, 4, 17151180800, 6393781
read-start, 3, 5, 686047232, 171511808, 6589441
circular-read-total, 3, 4, 17151180800, 79936, 196061
read-start, 4, 5, 686047232, 171511808, 6589671
circular-read-total, 4, 4, 17151180800, 90187, 195890
read-wait, 3, 5, 230
read, 3, 5, 686047232, 171511808, 1447736
circular-read-start, 3, 5, 17151180800, 8037177
read-wait, 4, 5, 1447648
read, 4, 5, 686047232, 171511808, 1447648
circular-read-start, 4, 5, 17151180800, 8037319
read-start, 4, 6, 857559040, 171511808, 8232954
circular-read-total, 4, 5, 17151180800, 93006, 195635
read-start, 3, 6, 857559040, 171511808, 8233148
circular-read-total, 3, 5, 17151180800, 83567, 195971
read-wait, 3, 6, 0
read, 3, 6, 857559040, 171511808, 1447434
circular-read-start, 3, 6, 17151180800, 9680583
read-wait, 4, 6, 1447773
read, 4, 6, 857559040, 171511808, 1447773
circular-read-start, 4, 6, 17151180800, 9680728
read-start, 4, 7, 1029070848, 171511808, 9876535
circular-read-total, 4, 6, 17151180800, 87340, 195806
read-start, 3, 7, 1029070848, 171511808, 9876650
circular-read-total, 3, 6, 17151180800, 77828, 196067
read-wait, 3, 7, 0
read, 3, 7, 1029070848, 171511808, 1447023
circular-read-start, 3, 7, 17151180800, 11323674
read-wait, 4, 7, 1447280
read, 4, 7, 1029070848, 171511808, 1447280
circular-read-start, 4, 7, 17151180800, 11323815
read-start, 4, 8, 1200582656, 171511808, 11519471
circular-read-total, 4, 7, 17151180800, 93572, 195655
read-start, 3, 8, 1200582656, 171511808, 11519695
circular-read-total, 3, 7, 17151180800, 80458, 196021
read-wait, 3, 8, 0
read, 3, 8, 1200582656, 171511808, 1447534
circular-read-start, 3, 8, 17151180800, 12967230
read-wait, 4, 8, 1447900
read, 4, 8, 1200582656, 171511808, 1447900
circular-read-start, 4, 8, 17151180800, 12967371
read-start, 4, 9, 1372094464, 171511808, 13163087
circular-read-total, 4, 8, 17151180800, 90485, 195715
read-start, 3, 9, 1372094464, 171511808, 13163260
circular-read-total, 3, 8, 17151180800, 81084, 196030
read-wait, 3, 9, 0
read, 3, 9, 1372094464, 171511808, 1446779
circular-read-start, 3, 9, 17151180800, 14610040
read-wait, 4, 9, 1447094
read, 4, 9, 1372094464, 171511808, 1447094
circular-read-start, 4, 9, 17151180800, 14610182
read-start, 3, 10, 1543606272, 171511808, 14806043
circular-read-total, 3, 9, 17151180800, 75362, 196003
read-start, 4, 10, 1543606272, 171511808, 14806143
circular-read-total, 4, 9, 17151180800, 78878, 195960
read-wait, 4, 10, 0
read, 4, 10, 1543606272, 171511808, 1444216
circular-read-start, 4, 10, 17151180800, 16250359
read-wait, 3, 10, 1444455
read, 3, 10, 1543606272, 171511808, 1446917
circular-read-start, 3, 10, 17151180800, 16252961
read-start, 4, 11, 1715118080, 171511808, 16446571
circular-read-total, 4, 10, 17151180800, 75203, 196212
read-wait, 4, 11, 2301
read-start, 3, 11, 1715118080, 171511808, 16448914
circular-read-total, 3, 10, 17151180800, 87141, 195952
read, 4, 11, 1715118080, 171511808, 1443671
circular-read-start, 4, 11, 17151180800, 17890243
read-wait, 3, 11, 1441475
read, 3, 11, 1715118080, 171511808, 1447707
circular-read-start, 3, 11, 17151180800, 17896622
read-start, 4, 12, 1886629888, 171511808, 18085909
circular-read-total, 4, 11, 17151180800, 90782, 195666
read-wait, 4, 12, 6755
read-start, 3, 12, 1886629888, 171511808, 18092665
circular-read-total, 3, 11, 17151180800, 71933, 196042
read, 4, 12, 1886629888, 171511808, 1444859
circular-read-start, 4, 12, 17151180800, 19530768
read-wait, 3, 12, 1438244
read, 3, 12, 1886629888, 171511808, 1447167
circular-read-start, 3, 12, 17151180800, 19539832
read-start, 4, 13, 2058141696, 171511808, 19726555
circular-read-total, 4, 12, 17151180800, 93742, 195786
read-wait, 4, 13, 9257
read-start, 3, 13, 2058141696, 171511808, 19735812
circular-read-total, 3, 12, 17151180800, 88148, 195979
read, 4, 13, 2058141696, 171511808, 1444742
circular-read-start, 4, 13, 17151180800, 21171297
read-wait, 3, 13, 1435623
read, 3, 13, 2058141696, 171511808, 1447675
circular-read-start, 3, 13, 17151180800, 21183487
read-start, 4, 14, 2229653504, 171511808, 21366898
circular-read-total, 4, 13, 17151180800, 72887, 195601
read-start, 3, 14, 2229653504, 171511808, 21379141
circular-read-total, 3, 13, 17151180800, 105661, 195653
read-wait, 4, 14, 12242
read, 4, 14, 2229653504, 171511808, 1443476
circular-read-start, 4, 14, 17151180800, 22810375
read-wait, 3, 14, 1431372
read, 3, 14, 2229653504, 171511808, 1446984
circular-read-start, 3, 14, 17151180800, 22826125
read-start, 4, 15, 2401165312, 171511808, 23006671
circular-read-total, 4, 14, 17151180800, 40010, 196295
read-start, 3, 15, 2401165312, 171511808, 23021477
circular-read-total, 3, 14, 17151180800, 120539, 195352
read-wait, 3, 15, 0
read, 3, 15, 2401165312, 171511808, 1447672
circular-read-start, 3, 15, 17151180800, 24469150
read-wait, 4, 15, 1462622
read, 4, 15, 2401165312, 171511808, 1462622
circular-read-start, 4, 15, 17151180800, 24469293
read-start, 4, 16, 2572677120, 171511808, 24664967
circular-read-total, 4, 15, 17151180800, 94420, 195674
read-start, 3, 16, 2572677120, 171511808, 24665165
circular-read-total, 3, 15, 17151180800, 77734, 196014
read-wait, 3, 16, 0
read, 3, 16, 2572677120, 171511808, 1447982
circular-read-start, 3, 16, 17151180800, 26113148
read-wait, 4, 16, 1448329
read, 4, 16, 2572677120, 171511808, 1448329
circular-read-start, 4, 16, 17151180800, 26113297
read-start, 4, 17, 2744188928, 171511808, 26308843
circular-read-total, 4, 16, 17151180800, 104473, 195546
read-start, 3, 17, 2744188928, 171511808, 26309213
circular-read-total, 3, 16, 17151180800, 76255, 196065
read-wait, 3, 17, 0
read, 3, 17, 2744188928, 171511808, 1447917
circular-read-start, 3, 17, 17151180800, 27757130
read-wait, 4, 17, 1448431
read, 4, 17, 2744188928, 171511808, 1448431
circular-read-start, 4, 17, 17151180800, 27757275
read-start, 4, 18, 2915700736, 171511808, 27952937
circular-read-total, 4, 17, 17151180800, 92387, 195662
read-start, 3, 18, 2915700736, 171511808, 27953120
circular-read-total, 3, 17, 17151180800, 80409, 195990
read-wait, 3, 18, 0
read, 3, 18, 2915700736, 171511808, 1448355
circular-read-start, 3, 18, 17151180800, 29401476
read-wait, 4, 18, 1448685
read, 4, 18, 2915700736, 171511808, 1448685
circular-read-start, 4, 18, 17151180800, 29401623
read-start, 4, 19, 3087212544, 171511808, 29597426
circular-read-total, 4, 18, 17151180800, 74612, 195802
read-start, 3, 19, 3087212544, 171511808, 29597552
circular-read-total, 3, 18, 17151180800, 77545, 196076
read-wait, 3, 19, 0
read, 3, 19, 3087212544, 171511808, 1448534
circular-read-start, 3, 19, 17151180800, 31046087
read-wait, 4, 19, 1448803
read, 4, 19, 3087212544, 171511808, 1448803
circular-read-start, 4, 19, 17151180800, 31046229
read-start, 4, 20, 3258724352, 171511808, 31241670
circular-read-total, 4, 19, 17151180800, 103586, 195440
read-start, 3, 20, 3258724352, 171511808, 31241998
circular-read-total, 3, 19, 17151180800, 85657, 195910
read-wait, 3, 20, 0
read, 3, 20, 3258724352, 171511808, 1448577
circular-read-start, 3, 20, 17151180800, 32690575
read-wait, 4, 20, 1449046
read, 4, 20, 3258724352, 171511808, 1449046
circular-read-start, 4, 20, 17151180800, 32690717
read-start, 4, 21, 3430236160, 171511808, 32886333
circular-read-total, 4, 20, 17151180800, 91657, 195615
read-wait, 4, 21, 312
read-start, 3, 21, 3430236160, 171511808, 32886653
circular-read-total, 3, 20, 17151180800, 66157, 196077
read, 4, 21, 3430236160, 171511808, 1449041
circular-read-start, 4, 21, 17151180800, 34335374
read-wait, 3, 21, 1448863
read, 3, 21, 3430236160, 171511808, 1448863
circular-read-start, 3, 21, 17151180800, 34335516
read-start, 4, 22, 3601747968, 171511808, 34531269
circular-read-total, 4, 21, 17151180800, 88917, 195895
read-wait, 4, 22, 67
read-start, 3, 22, 3601747968, 171511808, 34531343
circular-read-total, 3, 21, 17151180800, 80308, 195827
read, 4, 22, 3601747968, 171511808, 1448208
circular-read-start, 4, 22, 17151180800, 35979478
read-wait, 3, 22, 1448276
read, 3, 22, 3601747968, 171511808, 1448276
circular-read-start, 3, 22, 17151180800, 35979619
read-start, 4, 23, 3773259776, 171511808, 36175378
circular-read-total, 4, 22, 17151180800, 82941, 195899
read-wait, 4, 23, 137
read-start, 3, 23, 3773259776, 171511808, 36175570
circular-read-total, 3, 22, 17151180800, 62885, 195950
read, 4, 23, 3773259776, 171511808, 1443901
circular-read-start, 4, 23, 17151180800, 37619280
read-wait, 3, 23, 1443859
read, 3, 23, 3773259776, 171511808, 1448553
circular-read-start, 3, 23, 17151180800, 37624123
read-start, 4, 24, 3944771584, 171511808, 37815269
circular-read-total, 4, 23, 17151180800, 68648, 195989
read-wait, 4, 24, 4752
read-start, 3, 24, 3944771584, 171511808, 37820083
circular-read-total, 3, 23, 17151180800, 85959, 195960
read, 4, 24, 3944771584, 171511808, 1448513
circular-read-start, 4, 24, 17151180800, 39263782
read-wait, 3, 24, 1443850
read, 3, 24, 3944771584, 171511808, 1447795
circular-read-start, 3, 24, 17151180800, 39267879
read-start, 4, 25, 4116283392, 171511808, 39459672
circular-read-total, 4, 24, 17151180800, 87726, 195889
read-wait, 4, 25, 4156
read-start, 3, 25, 4116283392, 171511808, 39463867
circular-read-total, 3, 24, 17151180800, 83444, 195988
read, 4, 25, 4116283392, 171511808, 1447248
circular-read-start, 4, 25, 17151180800, 40906920
read-wait, 3, 25, 1443196
read, 3, 25, 4116283392, 171511808, 1449495
circular-read-start, 3, 25, 17151180800, 40913363
read-start, 4, 26, 4287795200, 171511808, 41102906
circular-read-total, 4, 25, 17151180800, 93448, 195985
read-wait, 4, 26, 6571
read-start, 3, 26, 4287795200, 171511808, 41109515
circular-read-total, 3, 25, 17151180800, 67839, 196152
read, 4, 26, 4287795200, 171511808, 1444396
circular-read-start, 4, 26, 17151180800, 42547302
read-wait, 3, 26, 1437929
read, 3, 26, 4287795200, 171511808, 1447219
circular-read-start, 3, 26, 17151180800, 42556735
read-start, 4, 27, 4459307008, 171511808, 42743158
circular-read-total, 4, 26, 17151180800, 90937, 195856
read-wait, 4, 27, 9700
read-start, 3, 27, 4459307008, 171511808, 42752865
circular-read-total, 3, 26, 17151180800, 77843, 196130
read, 4, 27, 4459307008, 171511808, 1448464
circular-read-start, 4, 27, 17151180800, 44191623
read-wait, 3, 27, 1438912
read, 3, 27, 4459307008, 171511808, 1447118
circular-read-start, 3, 27, 17151180800, 44199983
read-start, 4, 28, 4630818816, 171511808, 44387453
circular-read-total, 4, 27, 17151180800, 90441, 195829
read-wait, 4, 28, 8619
read-start, 3, 28, 4630818816, 171511808, 44396080
circular-read-total, 3, 27, 17151180800, 73634, 196097
read, 4, 28, 4630818816, 171511808, 1447880
circular-read-start, 4, 28, 17151180800, 45835334
read-wait, 3, 28, 1439414
read, 3, 28, 4630818816, 171511808, 1447001
circular-read-start, 3, 28, 17151180800, 45843082
read-start, 4, 29, 4802330624, 171511808, 46031331
circular-read-total, 4, 28, 17151180800, 77542, 195997
read-wait, 4, 29, 7661
read-start, 3, 29, 4802330624, 171511808, 46039073
circular-read-total, 3, 28, 17151180800, 85160, 195991
read, 4, 29, 4802330624, 171511808, 1448925
circular-read-start, 4, 29, 17151180800, 47480256
read-wait, 3, 29, 1441338
read, 3, 29, 4802330624, 171511808, 1449596
circular-read-start, 3, 29, 17151180800, 47488670
read-start, 4, 30, 4973842432, 171511808, 47676253
circular-read-total, 4, 29, 17151180800, 78109, 195996
read-wait, 4, 30, 8326
read-start, 3, 30, 4973842432, 171511808, 47684669
circular-read-total, 3, 29, 17151180800, 77011, 195999
read, 4, 30, 4973842432, 171511808, 1448539
circular-read-start, 4, 30, 17151180800, 49124793
read-wait, 3, 30, 1440279
read, 3, 30, 4973842432, 171511808, 1447657
circular-read-start, 3, 30, 17151180800, 49132327
read-start, 4, 31, 5145354240, 171511808, 49320773
circular-read-total, 4, 30, 17151180800, 74767, 195980
read-wait, 4, 31, 7583
read-start, 3, 31, 5145354240, 171511808, 49328436
circular-read-total, 3, 30, 17151180800, 78277, 196108
read, 4, 31, 5145354240, 171511808, 1448861
circular-read-start, 4, 31, 17151180800, 50769635
read-wait, 3, 31, 1441345
read, 3, 31, 5145354240, 171511808, 1447346
circular-read-start, 3, 31, 17151180800, 50775782
read-start, 4, 32, 5316866048, 171511808, 50965436
circular-read-total, 4, 31, 17151180800, 92142, 195801
read-wait, 4, 32, 6479
read-start, 3, 32, 5316866048, 171511808, 50971923
circular-read-total, 3, 31, 17151180800, 75580, 196141
read, 4, 32, 5316866048, 171511808, 1447683
circular-read-start, 4, 32, 17151180800, 52413120
read-wait, 3, 32, 1441353
read, 3, 32, 5316866048, 171511808, 1447206
circular-read-start, 3, 32, 17151180800, 52419130
read-start, 4, 33, 5488377856, 171511808, 52609022
circular-read-total, 4, 32, 17151180800, 91461, 195901
read-wait, 4, 33, 6124
read-start, 3, 33, 5488377856, 171511808, 52615220
circular-read-total, 3, 32, 17151180800, 67015, 196090
read, 4, 33, 5488377856, 171511808, 1445716
circular-read-start, 4, 33, 17151180800, 54054738
read-wait, 3, 33, 1439673
read, 3, 33, 5488377856, 171511808, 1447414
circular-read-start, 3, 33, 17151180800, 54062634
read-start, 4, 34, 5659889664, 171511808, 54250780
circular-read-total, 4, 33, 17151180800, 74995, 196041
read-wait, 4, 34, 7794
read-start, 3, 34, 5659889664, 171511808, 54258816
circular-read-total, 3, 33, 17151180800, 78394, 196181
read, 4, 34, 5659889664, 171511808, 1448915
circular-read-start, 4, 34, 17151180800, 55699696
read-wait, 3, 34, 1441038
read, 3, 34, 5659889664, 171511808, 1448013
circular-read-start, 3, 34, 17151180800, 55706829
read-start, 4, 35, 5831401472, 171511808, 55895708
circular-read-total, 4, 34, 17151180800, 88541, 196012
read-wait, 4, 35, 7052
read-start, 3, 35, 5831401472, 171511808, 55902833
circular-read-total, 3, 34, 17151180800, 86908, 196003
read, 4, 35, 5831401472, 171511808, 1448533
circular-read-start, 4, 35, 17151180800, 57344242
read-wait, 3, 35, 1441555
read, 3, 35, 5831401472, 171511808, 1447450
circular-read-start, 3, 35, 17151180800, 57350284
read-start, 4, 36, 6002913280, 171511808, 57539991
circular-read-total, 4, 35, 17151180800, 98107, 195749
read-wait, 4, 36, 6307
read-start, 3, 36, 6002913280, 171511808, 57546394
circular-read-total, 3, 35, 17151180800, 70317, 196110
read, 4, 36, 6002913280, 171511808, 1449094
circular-read-start, 4, 36, 17151180800, 58989085
read-wait, 3, 36, 1442842
read, 3, 36, 6002913280, 171511808, 1447349
circular-read-start, 3, 36, 17151180800, 58993743
read-start, 4, 37, 6174425088, 171511808, 59184850
circular-read-total, 4, 36, 17151180800, 93406, 195764
read-wait, 4, 37, 4939
read-start, 3, 37, 6174425088, 171511808, 59189857
circular-read-total, 3, 36, 17151180800, 75392, 196113
read, 4, 37, 6174425088, 171511808, 1449086
circular-read-start, 4, 37, 17151180800, 60633936
read-wait, 3, 37, 1444238
read, 3, 37, 6174425088, 171511808, 1447062
circular-read-start, 3, 37, 17151180800, 60636919
read-start, 4, 38, 6345936896, 171511808, 60829785
circular-read-total, 4, 37, 17151180800, 88097, 195849
read-wait, 4, 38, 3121
read-start, 3, 38, 6345936896, 171511808, 60832970
circular-read-total, 3, 37, 17151180800, 77376, 196050
read, 4, 38, 6345936896, 171511808, 1448227
circular-read-start, 4, 38, 17151180800, 62278013
read-wait, 3, 38, 1445194
read, 3, 38, 6345936896, 171511808, 1446823
circular-read-start, 3, 38, 17151180800, 62279794
read-start, 4, 39, 6517448704, 171511808, 62474005
circular-read-total, 4, 38, 17151180800, 95370, 195991
read-wait, 4, 39, 1911
read-start, 3, 39, 6517448704, 171511808, 62475945
circular-read-total, 3, 38, 17151180800, 69957, 196151
read, 4, 39, 6517448704, 171511808, 1449151
circular-read-start, 4, 39, 17151180800, 63923157
read-wait, 3, 39, 1447356
read, 3, 39, 6517448704, 171511808, 1447524
circular-read-start, 3, 39, 17151180800, 63923469
read-start, 4, 40, 6688960512, 171511808, 64119054
circular-read-total, 4, 39, 17151180800, 85979, 195897
read-wait, 4, 40, 620
read-start, 3, 40, 6688960512, 171511808, 64119677
circular-read-total, 3, 39, 17151180800, 74227, 196207
read, 4, 40, 6688960512, 171511808, 1448776
circular-read-start, 4, 40, 17151180800, 65567831
read-wait, 3, 40, 1448298
read, 3, 40, 6688960512, 171511808, 1448298
circular-read-start, 3, 40, 17151180800, 65567976
read-start, 4, 41, 6860472320, 139527680, 65763688
circular-read-total, 4, 40, 17151180800, 81217, 195856
read-wait, 4, 41, 228
read-start, 3, 41, 6860472320, 139527680, 65763931
circular-read-total, 3, 40, 17151180800, 66178, 195955
read, 4, 41, 6860472320, 139527680, 1448952
circular-read-start, 4, 41, 13952768000, 67212641
read-wait, 3, 41, 1448852
read, 3, 41, 6860472320, 139527680, 1448852
circular-read-start, 3, 41, 13952768000, 67212783
circular-read-total, 4, 41, 13952768000, 68493, 158600
circular-read-total, 3, 41, 13952768000, 67134, 158547

cmd-read, 67371519
