# Sun Sep 20 01:00:27 PDT 2015
memory, 32170233856
record-value, 112
seek-chunk, 171511808
file, 4, 7000000000

read-start, 1, 0, 171511808, 2502
circular-read-start, 4, 1, 700000000000, 4121
circular-read-total, 4, 1, 700000000000, 1433846, 1472364
linear-scan, 1473559
-sort , 64668, 68
-merge, 36624, 68
-last , 1194
read, 1, 171511808, 1475178
network, 1, 195232

read-start, 2, 171511808, 171511808, 1672941
circular-read-start, 4, 2, 700000000000, 1673282
circular-read-total, 4, 2, 700000000000, 1403920, 1442613
linear-scan, 1443432
-sort , 63811, 68
-merge, 36548, 68
-last , 818
read, 2, 171511808, 1443774
network, 2, 195494

read-start, 3, 343023616, 171511808, 3312244
circular-read-start, 4, 3, 700000000000, 3312585
circular-read-total, 4, 3, 700000000000, 1403926, 1442855
linear-scan, 1443266
-sort , 63735, 68
-merge, 36205, 68
-last , 410
read, 3, 171511808, 1443608
network, 3, 196032

read-start, 4, 514535424, 171511808, 4951916
circular-read-start, 4, 4, 700000000000, 4952261
circular-read-total, 4, 4, 700000000000, 1403974, 1442860
linear-scan, 1443958
-sort , 63267, 67
-merge, 35560, 67
-last , 1098
read, 4, 171511808, 1444304
network, 4, 195884

read-start, 5, 686047232, 171511808, 6592109
circular-read-start, 4, 5, 700000000000, 6592451
circular-read-total, 4, 5, 700000000000, 1403781, 1441986
linear-scan, 1442656
-sort , 62920, 67
-merge, 35823, 67
-last , 669
read, 5, 171511808, 1442999
network, 5, 200258

read-start, 6, 857559040, 171511808, 8235381
circular-read-start, 4, 6, 700000000000, 8235722
circular-read-total, 4, 6, 700000000000, 1403916, 1441965
linear-scan, 1443304
-sort , 62208, 66
-merge, 34948, 66
-last , 1338
read, 6, 171511808, 1443646
network, 6, 199917

read-start, 7, 1029070848, 171511808, 9878949
circular-read-start, 4, 7, 700000000000, 9879291
circular-read-total, 4, 7, 700000000000, 1403815, 1442105
linear-scan, 1442991
-sort , 62121, 66
-merge, 35158, 66
-last , 885
read, 7, 171511808, 1443332
network, 7, 199547

read-start, 8, 1200582656, 171511808, 11521873
circular-read-start, 4, 8, 700000000000, 11522215
circular-read-total, 4, 8, 700000000000, 1403771, 1441583
linear-scan, 1441995
-sort , 61708, 66
-merge, 34972, 66
-last , 411
read, 8, 171511808, 1442337
network, 8, 201264

read-start, 9, 1372094464, 171511808, 13165478
circular-read-start, 4, 9, 700000000000, 13165820
circular-read-total, 4, 9, 700000000000, 1404161, 1443676
linear-scan, 1444720
-sort , 61425, 65
-merge, 34980, 65
-last , 1043
read, 9, 171511808, 1445062
network, 9, 197977

read-start, 10, 1543606272, 171511808, 14808521
circular-read-start, 4, 10, 700000000000, 14808864
circular-read-total, 4, 10, 700000000000, 1404117, 1443312
linear-scan, 1443862
-sort , 61025, 65
-merge, 34815, 65
-last , 549
read, 10, 171511808, 1444205
network, 10, 195967

read-start, 11, 1715118080, 171511808, 16448938
circular-read-start, 4, 11, 700000000000, 16449279
circular-read-total, 4, 11, 700000000000, 1403958, 1442179
linear-scan, 1443319
-sort , 60488, 64
-merge, 33935, 64
-last , 1139
read, 11, 171511808, 1443660
network, 11, 195620

read-start, 12, 1886629888, 171511808, 18088264
circular-read-start, 4, 12, 700000000000, 18088615
circular-read-total, 4, 12, 700000000000, 1403918, 1443881
linear-scan, 1444497
-sort , 60146, 64
-merge, 34044, 64
-last , 615
read, 12, 171511808, 1444848
network, 12, 195757

read-start, 13, 2058141696, 171511808, 19728898
circular-read-start, 4, 13, 700000000000, 19729240
circular-read-total, 4, 13, 700000000000, 1403995, 1443219
linear-scan, 1444389
-sort , 59944, 63
-merge, 33957, 63
-last , 1169
read, 13, 171511808, 1444731
network, 13, 195597

read-start, 14, 2229653504, 171511808, 21369230
circular-read-start, 4, 14, 700000000000, 21369572
circular-read-total, 4, 14, 700000000000, 1403881, 1442522
linear-scan, 1443124
-sort , 59088, 63
-merge, 33369, 63
-last , 601
read, 14, 171511808, 1443465
network, 14, 196252

read-start, 15, 2401165312, 171511808, 23008990
circular-read-start, 4, 15, 700000000000, 23009338
circular-read-total, 4, 15, 700000000000, 1403678, 1441480
linear-scan, 1442601
-sort , 58777, 62
-merge, 32861, 62
-last , 1120
read, 15, 171511808, 1442950
network, 15, 215297

read-start, 16, 2572677120, 171511808, 24667275
circular-read-start, 4, 16, 700000000000, 24667619
circular-read-total, 4, 16, 700000000000, 1403813, 1441872
linear-scan, 1442391
-sort , 58296, 62
-merge, 33141, 62
-last , 518
read, 16, 171511808, 1442735
network, 16, 201094

read-start, 17, 2744188928, 171511808, 26311140
circular-read-start, 4, 17, 700000000000, 26311481
circular-read-total, 4, 17, 700000000000, 1403793, 1441783
linear-scan, 1442769
-sort , 57896, 61
-merge, 32844, 61
-last , 985
read, 17, 171511808, 1443110
network, 17, 200968

read-start, 18, 2915700736, 171511808, 27955222
circular-read-start, 4, 18, 700000000000, 27955564
circular-read-total, 4, 18, 700000000000, 1404092, 1444099
linear-scan, 1445536
-sort , 57486, 60
-merge, 32437, 60
-last , 1436
read, 18, 171511808, 1445878
network, 18, 198570

read-start, 19, 3087212544, 171511808, 29599699
circular-read-start, 4, 19, 700000000000, 29600044
circular-read-total, 4, 19, 700000000000, 1404183, 1447052
linear-scan, 1447788
-sort , 59105, 60
-merge, 34852, 60
-last , 735
read, 19, 171511808, 1448133
network, 19, 196071

read-start, 20, 3258724352, 171511808, 31243931
circular-read-start, 4, 20, 700000000000, 31244274
circular-read-total, 4, 20, 700000000000, 1404442, 1447118
linear-scan, 1448262
-sort , 58289, 59
-merge, 33996, 59
-last , 1144
read, 20, 171511808, 1448605
network, 20, 196013

read-start, 21, 3430236160, 171511808, 32888582
circular-read-start, 4, 21, 700000000000, 32888924
circular-read-total, 4, 21, 700000000000, 1404396, 1447175
linear-scan, 1448688
-sort , 57718, 58
-merge, 33423, 58
-last , 1513
read, 21, 171511808, 1449030
network, 21, 195854

read-start, 22, 3601747968, 171511808, 34533507
circular-read-start, 4, 22, 700000000000, 34533849
circular-read-total, 4, 22, 700000000000, 1404473, 1447166
linear-scan, 1447855
-sort , 57204, 58
-merge, 33700, 58
-last , 688
read, 22, 171511808, 1448197
network, 22, 195862

read-start, 23, 3773259776, 171511808, 36177603
circular-read-start, 4, 23, 700000000000, 36177949
circular-read-total, 4, 23, 700000000000, 1404039, 1442577
linear-scan, 1443545
-sort , 54824, 57
-merge, 31469, 57
-last , 967
read, 23, 171511808, 1443890
network, 23, 195944

read-start, 24, 3944771584, 171511808, 37817482
circular-read-start, 4, 24, 700000000000, 37817829
circular-read-total, 4, 24, 700000000000, 1404442, 1446935
linear-scan, 1448155
-sort , 55355, 56
-merge, 32152, 56
-last , 1220
read, 24, 171511808, 1448502
network, 24, 195884

read-start, 25, 4116283392, 171511808, 39461873
circular-read-start, 4, 25, 700000000000, 39462215
circular-read-total, 4, 25, 700000000000, 1404240, 1445507
linear-scan, 1446895
-sort , 54917, 55
-merge, 31540, 55
-last , 1388
read, 25, 171511808, 1447238
network, 25, 195769

read-start, 26, 4287795200, 171511808, 41105096
circular-read-start, 4, 26, 700000000000, 41105438
circular-read-total, 4, 26, 700000000000, 1404137, 1443542
linear-scan, 1444043
-sort , 52014, 55
-merge, 29349, 55
-last , 391
read, 26, 171511808, 1444385
network, 26, 195818

read-start, 27, 4459307008, 171511808, 42745337
circular-read-start, 4, 27, 700000000000, 42745679
circular-read-total, 4, 27, 700000000000, 1404609, 1447649
linear-scan, 1448112
-sort , 53402, 54
-merge, 31312, 54
-last , 463
read, 27, 171511808, 1448454
network, 27, 195791

read-start, 28, 4630818816, 171511808, 44389619
circular-read-start, 4, 28, 700000000000, 44389961
circular-read-total, 4, 28, 700000000000, 1404552, 1447078
linear-scan, 1447528
-sort , 52543, 53
-merge, 31052, 53
-last , 449
read, 28, 171511808, 1447870
network, 28, 195955

read-start, 29, 4802330624, 171511808, 46033486
circular-read-start, 4, 29, 700000000000, 46033828
circular-read-total, 4, 29, 700000000000, 1404349, 1447103
linear-scan, 1448572
-sort , 51276, 51
-merge, 30257, 51
-last , 1469
read, 29, 171511808, 1448914
network, 29, 195965

read-start, 30, 4973842432, 171511808, 47678397
circular-read-start, 4, 30, 700000000000, 47678739
circular-read-total, 4, 30, 700000000000, 1404417, 1446937
linear-scan, 1448186
-sort , 50112, 50
-merge, 29326, 50
-last , 1248
read, 30, 171511808, 1448528
network, 30, 195976

read-start, 31, 5145354240, 171511808, 49322906
circular-read-start, 4, 31, 700000000000, 49323247
circular-read-total, 4, 31, 700000000000, 1404564, 1447573
linear-scan, 1448509
-sort , 48915, 49
-merge, 28371, 49
-last , 935
read, 31, 171511808, 1448851
network, 31, 195758

read-start, 32, 5316866048, 171511808, 50967557
circular-read-start, 4, 32, 700000000000, 50967904
circular-read-total, 4, 32, 700000000000, 1404349, 1446831
linear-scan, 1447326
-sort , 47689, 48
-merge, 27711, 48
-last , 494
read, 32, 171511808, 1447673
network, 32, 195864

read-start, 33, 5488377856, 171511808, 52611131
circular-read-start, 4, 33, 700000000000, 52611478
circular-read-total, 4, 33, 700000000000, 1404014, 1444370
linear-scan, 1445359
-sort , 44627, 46
-merge, 24896, 46
-last , 988
read, 33, 171511808, 1445705
network, 33, 196017

read-start, 34, 5659889664, 171511808, 54252878
circular-read-start, 4, 34, 700000000000, 54253220
circular-read-total, 4, 34, 700000000000, 1404462, 1447299
linear-scan, 1448563
-sort , 44549, 44
-merge, 25918, 44
-last , 1263
read, 34, 171511808, 1448905
network, 34, 196008

read-start, 35, 5831401472, 171511808, 55897795
circular-read-start, 4, 35, 700000000000, 55898137
circular-read-total, 4, 35, 700000000000, 1404325, 1446919
linear-scan, 1448180
-sort , 42596, 42
-merge, 24417, 42
-last , 1260
read, 35, 171511808, 1448522
network, 35, 195745

read-start, 36, 6002913280, 171511808, 57542066
circular-read-start, 4, 36, 700000000000, 57542407
circular-read-total, 4, 36, 700000000000, 1404598, 1447790
linear-scan, 1448742
-sort , 40554, 40
-merge, 23665, 40
-last , 951
read, 36, 171511808, 1449083
network, 36, 195733

read-start, 37, 6174425088, 171511808, 59186913
circular-read-start, 4, 37, 700000000000, 59187256
circular-read-total, 4, 37, 700000000000, 1404585, 1447494
linear-scan, 1448732
-sort , 37558, 37
-merge, 21917, 37
-last , 1238
read, 37, 171511808, 1449075
network, 37, 195818

read-start, 38, 6345936896, 171511808, 60831838
circular-read-start, 4, 38, 700000000000, 60832180
circular-read-total, 4, 38, 700000000000, 1404319, 1447066
linear-scan, 1447875
-sort , 34470, 34
-merge, 20027, 34
-last , 808
read, 38, 171511808, 1448217
network, 38, 195738

read-start, 39, 6517448704, 171511808, 62476046
circular-read-start, 4, 39, 700000000000, 62476390
circular-read-total, 4, 39, 700000000000, 1404365, 1447285
linear-scan, 1448798
-sort , 30220, 29
-merge, 17170, 29
-last , 1512
read, 39, 171511808, 1449142
network, 39, 195850

read-start, 40, 6688960512, 171511808, 64121084
circular-read-start, 4, 40, 700000000000, 64121426
circular-read-total, 4, 40, 700000000000, 1404160, 1447349
linear-scan, 1448424
-sort , 23908, 23
-merge, 13701, 23
-last , 1074
read, 40, 171511808, 1448766
network, 40, 195809

read-start, 41, 6860472320, 139527680, 65765707
circular-read-start, 4, 41, 700000000000, 65765985
circular-read-total, 4, 41, 700000000000, 1404301, 1447197
linear-scan, 1448663
-sort , 12007, 15
-merge, 7311, 15
-last , 253
read, 41, 139527680, 1448942
network, 41, 158597

exit, 67373543
