# Sun Sep 20 01:00:27 PDT 2015
memory, 32170233856
record-value, 112
seek-chunk, 171511808
file, 4, 7000000000

read-start, 1, 0, 171511808, 1328
circular-read-start, 4, 1, 700000000000, 3035
circular-read-total, 4, 1, 700000000000, 1405230, 1443694
linear-scan, 1444926
-sort , 64275, 68
-merge, 36294, 68
-last , 1231
read, 1, 171511808, 1446632
network, 1, 207185

read-start, 2, 171511808, 171511808, 1655354
circular-read-start, 4, 2, 700000000000, 1655700
circular-read-total, 4, 2, 700000000000, 1405115, 1443921
linear-scan, 1444747
-sort , 64301, 68
-merge, 36530, 68
-last , 825
read, 2, 171511808, 1445093
network, 2, 198584

read-start, 3, 343023616, 171511808, 3299034
circular-read-start, 4, 3, 700000000000, 3299379
circular-read-total, 4, 3, 700000000000, 1412196, 1451553
linear-scan, 1451960
-sort , 63649, 68
-merge, 36296, 68
-last , 407
read, 3, 171511808, 1452304
network, 3, 196020

read-start, 4, 514535424, 171511808, 4947391
circular-read-start, 4, 4, 700000000000, 4947741
circular-read-total, 4, 4, 700000000000, 1406236, 1445763
linear-scan, 1446867
-sort , 63216, 67
-merge, 35965, 67
-last , 1103
read, 4, 171511808, 1447217
network, 4, 196026

read-start, 5, 686047232, 171511808, 6590668
circular-read-start, 4, 5, 700000000000, 6591017
circular-read-total, 4, 5, 700000000000, 1406004, 1446695
linear-scan, 1447369
-sort , 63310, 67
-merge, 36058, 67
-last , 673
read, 5, 171511808, 1447717
network, 5, 195930

read-start, 6, 857559040, 171511808, 8234355
circular-read-start, 4, 6, 700000000000, 8234702
circular-read-total, 4, 6, 700000000000, 1405813, 1445730
linear-scan, 1447068
-sort , 62735, 66
-merge, 35520, 66
-last , 1337
read, 6, 171511808, 1447415
network, 6, 196026

read-start, 7, 1029070848, 171511808, 9877835
circular-read-start, 4, 7, 700000000000, 9878182
circular-read-total, 4, 7, 700000000000, 1405766, 1445789
linear-scan, 1446657
-sort , 62489, 66
-merge, 35294, 66
-last , 868
read, 7, 171511808, 1447004
network, 7, 195986

read-start, 8, 1200582656, 171511808, 11520859
circular-read-start, 4, 8, 700000000000, 11521205
circular-read-total, 4, 8, 700000000000, 1406276, 1446754
linear-scan, 1447169
-sort , 62033, 66
-merge, 35503, 66
-last , 414
read, 8, 171511808, 1447515
network, 8, 195987

read-start, 9, 1372094464, 171511808, 13164403
circular-read-start, 4, 9, 700000000000, 13164751
circular-read-total, 4, 9, 700000000000, 1405844, 1445376
linear-scan, 1446412
-sort , 61643, 65
-merge, 34755, 65
-last , 1036
read, 9, 171511808, 1446760
network, 9, 195966

read-start, 10, 1543606272, 171511808, 14807165
circular-read-start, 4, 10, 700000000000, 14807513
circular-read-total, 4, 10, 700000000000, 1405933, 1446003
linear-scan, 1446550
-sort , 61098, 65
-merge, 34766, 65
-last , 547
read, 10, 171511808, 1446898
network, 10, 195910

read-start, 11, 1715118080, 171511808, 16450014
circular-read-start, 4, 11, 700000000000, 16450360
circular-read-total, 4, 11, 700000000000, 1406083, 1446218
linear-scan, 1447343
-sort , 60658, 64
-merge, 34393, 64
-last , 1125
read, 11, 171511808, 1447689
network, 11, 196005

read-start, 12, 1886629888, 171511808, 18093744
circular-read-start, 4, 12, 700000000000, 18094089
circular-read-total, 4, 12, 700000000000, 1406157, 1446191
linear-scan, 1446803
-sort , 60309, 64
-merge, 34017, 64
-last , 611
read, 12, 171511808, 1447148
network, 12, 195973

read-start, 13, 2058141696, 171511808, 19736871
circular-read-start, 4, 13, 700000000000, 19737216
circular-read-total, 4, 13, 700000000000, 1406279, 1446150
linear-scan, 1447310
-sort , 59908, 63
-merge, 33731, 63
-last , 1159
read, 13, 171511808, 1447656
network, 13, 195608

read-start, 14, 2229653504, 171511808, 21380178
circular-read-start, 4, 14, 700000000000, 21380526
circular-read-total, 4, 14, 700000000000, 1405960, 1446014
linear-scan, 1446617
-sort , 59246, 63
-merge, 33855, 63
-last , 602
read, 14, 171511808, 1446965
network, 14, 195309

read-start, 15, 2401165312, 171511808, 23022493
circular-read-start, 4, 15, 700000000000, 23022839
circular-read-total, 4, 15, 700000000000, 1406329, 1446182
linear-scan, 1447308
-sort , 58863, 62
-merge, 33255, 62
-last , 1125
read, 15, 171511808, 1447653
network, 15, 195970

read-start, 16, 2572677120, 171511808, 24666159
circular-read-start, 4, 16, 700000000000, 24666503
circular-read-total, 4, 16, 700000000000, 1407230, 1447104
linear-scan, 1447619
-sort , 58634, 62
-merge, 33449, 62
-last , 514
read, 16, 171511808, 1447963
network, 16, 196031

read-start, 17, 2744188928, 171511808, 26310186
circular-read-start, 4, 17, 700000000000, 26310531
circular-read-total, 4, 17, 700000000000, 1406769, 1446572
linear-scan, 1447553
-sort , 58008, 61
-merge, 33018, 61
-last , 980
read, 17, 171511808, 1447898
network, 17, 195957

read-start, 18, 2915700736, 171511808, 27954072
circular-read-start, 4, 18, 700000000000, 27954416
circular-read-total, 4, 18, 700000000000, 1406412, 1446541
linear-scan, 1447992
-sort , 57690, 60
-merge, 32329, 60
-last , 1450
read, 18, 171511808, 1448335
network, 18, 196070

read-start, 19, 3087212544, 171511808, 29598482
circular-read-start, 4, 19, 700000000000, 29598827
circular-read-total, 4, 19, 700000000000, 1407458, 1447420
linear-scan, 1448170
-sort , 57063, 60
-merge, 32376, 60
-last , 750
read, 19, 171511808, 1448516
network, 19, 195871

read-start, 20, 3258724352, 171511808, 31242907
circular-read-start, 4, 20, 700000000000, 31243254
circular-read-total, 4, 20, 700000000000, 1406979, 1447089
linear-scan, 1448212
-sort , 56633, 59
-merge, 31966, 59
-last , 1122
read, 20, 171511808, 1448559
network, 20, 196032

read-start, 21, 3430236160, 171511808, 32887541
circular-read-start, 4, 21, 700000000000, 32887886
circular-read-total, 4, 21, 700000000000, 1406054, 1445918
linear-scan, 1447409
-sort , 55450, 58
-merge, 31181, 58
-last , 1490
read, 21, 171511808, 1447753
network, 21, 196876

read-start, 22, 3601747968, 171511808, 34532211
circular-read-start, 4, 22, 700000000000, 34532557
circular-read-total, 4, 22, 700000000000, 1406614, 1446169
linear-scan, 1446872
-sort , 54740, 58
-merge, 30978, 58
-last , 701
read, 22, 171511808, 1447217
network, 22, 196950

read-start, 23, 3773259776, 171511808, 36176417
circular-read-start, 4, 23, 700000000000, 36176765
circular-read-total, 4, 23, 700000000000, 1407281, 1447224
linear-scan, 1448187
-sort , 54154, 57
-merge, 30619, 57
-last , 962
read, 23, 171511808, 1448534
network, 23, 195935

read-start, 24, 3944771584, 171511808, 37820910
circular-read-start, 4, 24, 700000000000, 37821256
circular-read-total, 4, 24, 700000000000, 1406344, 1446229
linear-scan, 1447430
-sort , 53706, 56
-merge, 30246, 56
-last , 1201
read, 24, 171511808, 1447776
network, 24, 195948

read-start, 25, 4116283392, 171511808, 39464673
circular-read-start, 4, 25, 700000000000, 39465019
circular-read-total, 4, 25, 700000000000, 1407539, 1447756
linear-scan, 1449130
-sort , 53017, 55
-merge, 29764, 55
-last , 1373
read, 25, 171511808, 1449476
network, 25, 196119

read-start, 26, 4287795200, 171511808, 41110300
circular-read-start, 4, 26, 700000000000, 41110643
circular-read-total, 4, 26, 700000000000, 1406620, 1446462
linear-scan, 1446857
-sort , 52169, 55
-merge, 29589, 55
-last , 395
read, 26, 171511808, 1447201
network, 26, 196124

read-start, 27, 4459307008, 171511808, 42753629
circular-read-start, 4, 27, 700000000000, 42753974
circular-read-total, 4, 27, 700000000000, 1406066, 1446296
linear-scan, 1446754
-sort , 51240, 54
-merge, 29059, 54
-last , 457
read, 27, 171511808, 1447099
network, 27, 196092

read-start, 28, 4630818816, 171511808, 44396824
circular-read-start, 4, 28, 700000000000, 44397169
circular-read-total, 4, 28, 700000000000, 1406762, 1446194
linear-scan, 1446637
-sort , 50369, 53
-merge, 28592, 53
-last , 442
read, 28, 171511808, 1446982
network, 28, 195944

read-start, 29, 4802330624, 171511808, 46039796
circular-read-start, 4, 29, 700000000000, 46040141
circular-read-total, 4, 29, 700000000000, 1407543, 1447788
linear-scan, 1449232
-sort , 49284, 51
-merge, 27325, 51
-last , 1444
read, 29, 171511808, 1449578
network, 29, 195960

read-start, 30, 4973842432, 171511808, 47685371
circular-read-start, 4, 30, 700000000000, 47685718
circular-read-total, 4, 30, 700000000000, 1406049, 1446031
linear-scan, 1447292
-sort , 48099, 50
-merge, 26914, 50
-last , 1260
read, 30, 171511808, 1447639
network, 30, 196069

read-start, 31, 5145354240, 171511808, 49329117
circular-read-start, 4, 31, 700000000000, 49329466
circular-read-total, 4, 31, 700000000000, 1406308, 1446037
linear-scan, 1446979
-sort , 47084, 49
-merge, 26362, 49
-last , 941
read, 31, 171511808, 1447327
network, 31, 196136

read-start, 32, 5316866048, 171511808, 50972585
circular-read-start, 4, 32, 700000000000, 50972929
circular-read-total, 4, 32, 700000000000, 1406416, 1446344
linear-scan, 1446844
-sort , 46004, 48
-merge, 25935, 48
-last , 499
read, 32, 171511808, 1447187
network, 32, 196052

read-start, 33, 5488377856, 171511808, 52615861
circular-read-start, 4, 33, 700000000000, 52616205
circular-read-total, 4, 33, 700000000000, 1406385, 1446080
linear-scan, 1447051
-sort , 44467, 46
-merge, 24898, 46
-last , 971
read, 33, 171511808, 1447396
network, 33, 196177

read-start, 34, 5659889664, 171511808, 54259436
circular-read-start, 4, 34, 700000000000, 54259780
circular-read-total, 4, 34, 700000000000, 1406510, 1446377
linear-scan, 1447651
-sort , 42725, 44
-merge, 23912, 44
-last , 1273
read, 34, 171511808, 1447994
network, 34, 195959

read-start, 35, 5831401472, 171511808, 55903433
circular-read-start, 4, 35, 700000000000, 55903782
circular-read-total, 4, 35, 700000000000, 1405557, 1445821
linear-scan, 1447081
-sort , 41040, 42
-merge, 22903, 42
-last , 1260
read, 35, 171511808, 1447431
network, 35, 196066

read-start, 36, 6002913280, 171511808, 57546972
circular-read-start, 4, 36, 700000000000, 57547317
circular-read-total, 4, 36, 700000000000, 1405627, 1446050
linear-scan, 1446985
-sort , 38816, 40
-merge, 21858, 40
-last , 934
read, 36, 171511808, 1447330
network, 36, 196075

read-start, 37, 6174425088, 171511808, 59190414
circular-read-start, 4, 37, 700000000000, 59190760
circular-read-total, 4, 37, 700000000000, 1405639, 1445468
linear-scan, 1446697
-sort , 36341, 37
-merge, 20091, 37
-last , 1229
read, 37, 171511808, 1447043
network, 37, 196022

read-start, 38, 6345936896, 171511808, 60833506
circular-read-start, 4, 38, 700000000000, 60833854
circular-read-total, 4, 38, 700000000000, 1405407, 1445644
linear-scan, 1446457
-sort , 33353, 34
-merge, 18686, 34
-last , 812
read, 38, 171511808, 1446805
network, 38, 196103

read-start, 39, 6517448704, 171511808, 62476461
circular-read-start, 4, 39, 700000000000, 62476804
circular-read-total, 4, 39, 700000000000, 1405510, 1445687
linear-scan, 1447161
-sort , 29136, 29
-merge, 15988, 29
-last , 1473
read, 39, 171511808, 1447505
network, 39, 196203

read-start, 40, 6688960512, 171511808, 64120172
circular-read-start, 4, 40, 700000000000, 64120518
circular-read-total, 4, 40, 700000000000, 1405651, 1445765
linear-scan, 1446853
-sort , 23088, 23
-merge, 12883, 23
-last , 1088
read, 40, 171511808, 1447199
network, 40, 196992

read-start, 41, 6860472320, 139527680, 65764404
circular-read-start, 4, 41, 700000000000, 65764687
circular-read-total, 4, 41, 700000000000, 1406006, 1446311
linear-scan, 1447786
-sort , 11778, 15
-merge, 6748, 15
-last , 253
read, 41, 139527680, 1448068
network, 41, 159274

exit, 67371988
