# Mon Sep 21 11:29:40 PDT 2015
# 13, 285.71, 0, read
max-chunk, 3, 1, 707645831, 0
chunk-size, 707645831, 1757
disks, 8

size, 3, 2, 2857100000, 0
size, 4, 1, 2857100000, 0
size, 5, 1, 2857100000, 0
size, 6, 1, 2857100000, 0
size, 7, 1, 2857100000, 0
size, 8, 1, 2857100000, 0
size, 9, 1, 2857100000, 0
size, 10, 1, 2857100000, 0
size, 11, 1, 2857100000, 0
size, 12, 1, 2857100000, 0
size, 13, 1, 2857100000, 0
size, 14, 1, 2857100000, 0
size, 15, 1, 2857100000, 0
size, 16, 1, 2857100000, 0


read-start, 3, 1, 0, 707645831, 40
read-start, 4, 1, 0, 707645831, 40
read-start, 5, 1, 0, 707645831, 40
read-start, 6, 1, 0, 707645831, 40
read-start, 7, 1, 0, 707645831, 40
read-start, 8, 1, 0, 707645831, 40
read-start, 9, 1, 0, 707645831, 40
read-start, 10, 1, 0, 707645831, 40
read-start, 11, 1, 0, 707645831, 40
read-start, 12, 1, 0, 707645831, 40
read-start, 13, 1, 0, 707645831, 40
read-start, 14, 1, 0, 707645831, 40
read-start, 15, 1, 0, 707645831, 40
read-start, 16, 1, 0, 707645831, 40
read-wait, 3, 1, 0
read, 3, 1, 0, 707645831, 197654
circular-read-start, 3, 1, 70764583100, 197694
read-wait, 4, 1, 197777
read, 4, 1, 0, 707645831, 202221
circular-read-start, 4, 1, 70764583100, 202261
read-wait, 5, 1, 202350
read, 5, 1, 0, 707645831, 204292
circular-read-start, 5, 1, 70764583100, 204333
read-wait, 6, 1, 204415
read, 6, 1, 0, 707645831, 204415
circular-read-start, 6, 1, 70764583100, 204456
read-wait, 7, 1, 204418
read, 7, 1, 0, 707645831, 204418
circular-read-start, 7, 1, 70764583100, 204458
read-wait, 8, 1, 204420
read, 8, 1, 0, 707645831, 207645
circular-read-start, 8, 1, 70764583100, 207685
read-wait, 9, 1, 207769
read, 9, 1, 0, 707645831, 207769
circular-read-start, 9, 1, 70764583100, 207809
read-wait, 10, 1, 207771
read, 10, 1, 0, 707645831, 207771
circular-read-start, 10, 1, 70764583100, 207811
read-wait, 11, 1, 207773
read, 11, 1, 0, 707645831, 207773
circular-read-start, 11, 1, 70764583100, 207814
read-wait, 12, 1, 207776
read, 12, 1, 0, 707645831, 207776
circular-read-start, 12, 1, 70764583100, 207816
read-wait, 13, 1, 207778
read, 13, 1, 0, 707645831, 207778
circular-read-start, 13, 1, 70764583100, 207818
read-wait, 14, 1, 207780
read, 14, 1, 0, 707645831, 207780
circular-read-start, 14, 1, 70764583100, 207820
read-wait, 15, 1, 207782
read, 15, 1, 0, 707645831, 207782
circular-read-start, 15, 1, 70764583100, 207822
read-wait, 16, 1, 207785
read, 16, 1, 0, 707645831, 207785
circular-read-start, 16, 1, 70764583100, 207825
read-start, 13, 2, 707645831, 707645831, 1057955
circular-read-total, 13, 1, 70764583100, 12101, 850159
read-start, 14, 2, 707645831, 707645831, 1061347
circular-read-total, 14, 1, 70764583100, 9685, 853538
read-start, 4, 2, 707645831, 707645831, 1062760
circular-read-total, 4, 1, 70764583100, 9378, 860517
read-start, 15, 2, 707645831, 707645831, 1067308
circular-read-total, 15, 1, 70764583100, 8793, 859492
read-start, 5, 2, 707645831, 707645831, 1068194
circular-read-total, 5, 1, 70764583100, 8313, 863869
read-start, 6, 2, 707645831, 707645831, 1071513
circular-read-total, 6, 1, 70764583100, 9667, 867065
read-start, 11, 2, 707645831, 707645831, 1071706
circular-read-total, 11, 1, 70764583100, 8379, 863901
read-start, 8, 2, 707645831, 707645831, 1072613
circular-read-total, 8, 1, 70764583100, 8978, 864953
read-start, 3, 2, 707645831, 707645831, 1077826
circular-read-total, 3, 1, 70764583100, 9874, 880137
read-start, 12, 2, 707645831, 707645831, 1078080
circular-read-total, 12, 1, 70764583100, 16589, 870274
read-start, 7, 2, 707645831, 707645831, 1079929
circular-read-total, 7, 1, 70764583100, 10250, 875476
read-start, 16, 2, 707645831, 707645831, 1082162
circular-read-total, 16, 1, 70764583100, 15922, 874346
read-start, 9, 2, 707645831, 707645831, 1084157
circular-read-total, 9, 1, 70764583100, 13926, 876353
read-start, 10, 2, 707645831, 707645831, 1084674
circular-read-total, 10, 1, 70764583100, 20172, 876868
read-wait, 15, 2, 28420
read, 15, 2, 707645831, 707645831, 183718
circular-read-start, 15, 2, 70764583100, 1251026
read-wait, 14, 2, 189792
read, 14, 2, 707645831, 707645831, 190870
circular-read-start, 14, 2, 70764583100, 1252218
read-wait, 5, 2, 184173
read, 5, 2, 707645831, 707645831, 224930
circular-read-start, 5, 2, 70764583100, 1293125
read-wait, 4, 2, 230465
read, 4, 2, 707645831, 707645831, 230465
circular-read-start, 4, 2, 70764583100, 1293225
read-wait, 13, 2, 235273
read, 13, 2, 707645831, 707645831, 235273
circular-read-start, 13, 2, 70764583100, 1293228
read-wait, 10, 2, 208575
read, 10, 2, 707645831, 707645831, 208575
circular-read-start, 10, 2, 70764583100, 1293249
read-wait, 6, 2, 221738
read, 6, 2, 707645831, 707645831, 221738
circular-read-start, 6, 2, 70764583100, 1293252
read-wait, 9, 2, 209117
read, 9, 2, 707645831, 707645831, 209117
circular-read-start, 9, 2, 70764583100, 1293274
read-wait, 3, 2, 215464
read, 3, 2, 707645831, 707645831, 215464
circular-read-start, 3, 2, 70764583100, 1293290
read-wait, 11, 2, 221589
read, 11, 2, 707645831, 707645831, 221589
circular-read-start, 11, 2, 70764583100, 1293296
read-wait, 16, 2, 211138
read, 16, 2, 707645831, 707645831, 211138
circular-read-start, 16, 2, 70764583100, 1293301
read-wait, 8, 2, 220693
read, 8, 2, 707645831, 707645831, 220693
circular-read-start, 8, 2, 70764583100, 1293307
read-wait, 7, 2, 213397
read, 7, 2, 707645831, 707645831, 213397
circular-read-start, 7, 2, 70764583100, 1293327
read-wait, 12, 2, 215253
read, 12, 2, 707645831, 707645831, 215253
circular-read-start, 12, 2, 70764583100, 1293334
read-start, 12, 3, 1415291662, 707645831, 2140169
circular-read-total, 12, 2, 70764583100, 26572, 846846
read-start, 4, 3, 1415291662, 707645831, 2143596
circular-read-total, 4, 2, 70764583100, 20576, 850391
read-start, 5, 3, 1415291662, 707645831, 2144102
circular-read-total, 5, 2, 70764583100, 20170, 850997
read-start, 8, 3, 1415291662, 707645831, 2144842
circular-read-total, 8, 2, 70764583100, 20206, 851549
read-start, 13, 3, 1415291662, 707645831, 2145254
read-start, 14, 3, 1415291662, 707645831, 2145270
circular-read-total, 13, 2, 70764583100, 16208, 852045
circular-read-total, 14, 2, 70764583100, 18211, 893074
read-start, 11, 3, 1415291662, 707645831, 2150444
circular-read-total, 11, 2, 70764583100, 19248, 857166
read-start, 16, 3, 1415291662, 707645831, 2150508
circular-read-total, 16, 2, 70764583100, 22243, 857212
read-start, 6, 3, 1415291662, 707645831, 2150747
circular-read-total, 6, 2, 70764583100, 20217, 857507
read-start, 15, 3, 1415291662, 707645831, 2151800
circular-read-total, 15, 2, 70764583100, 15998, 900780
read-start, 10, 3, 1415291662, 707645831, 2158228
circular-read-total, 10, 2, 70764583100, 30705, 864987
read-start, 3, 3, 1415291662, 707645831, 2162513
circular-read-total, 3, 2, 70764583100, 22827, 869229
read-start, 9, 3, 1415291662, 707645831, 2164121
circular-read-total, 9, 2, 70764583100, 27308, 870850
read-start, 7, 3, 1415291662, 707645831, 2164136
circular-read-total, 7, 2, 70764583100, 25838, 870813
read-wait, 14, 3, 26970
read, 14, 3, 1415291662, 707645831, 165746
circular-read-start, 14, 3, 70764583100, 2311016
read-wait, 15, 3, 159352
read, 15, 3, 1415291662, 707645831, 164440
circular-read-start, 15, 3, 70764583100, 2316241
read-wait, 5, 3, 172242
read, 5, 3, 1415291662, 707645831, 174960
circular-read-start, 5, 3, 70764583100, 2319062
read-wait, 9, 3, 155059
read, 9, 3, 1415291662, 707645831, 165406
circular-read-start, 9, 3, 70764583100, 2329527
read-wait, 4, 3, 186035
read, 4, 3, 1415291662, 707645831, 186035
circular-read-start, 4, 3, 70764583100, 2329631
read-wait, 13, 3, 184384
read, 13, 3, 1415291662, 707645831, 184384
circular-read-start, 13, 3, 70764583100, 2329639
read-wait, 6, 3, 178895
read, 6, 3, 1415291662, 707645831, 178895
circular-read-start, 6, 3, 70764583100, 2329642
read-wait, 10, 3, 171423
read, 10, 3, 1415291662, 707645831, 171423
circular-read-start, 10, 3, 70764583100, 2329652
read-wait, 3, 3, 167144
read, 3, 3, 1415291662, 707645831, 167229
circular-read-start, 3, 3, 70764583100, 2329742
read-wait, 16, 3, 179340
read, 16, 3, 1415291662, 707645831, 179340
circular-read-start, 16, 3, 70764583100, 2329849
read-wait, 11, 3, 179417
read, 11, 3, 1415291662, 707645831, 179417
circular-read-start, 11, 3, 70764583100, 2329862
read-wait, 7, 3, 165728
read, 7, 3, 1415291662, 707645831, 165729
circular-read-start, 7, 3, 70764583100, 2329865
read-wait, 8, 3, 185027
read, 8, 3, 1415291662, 707645831, 185027
circular-read-start, 8, 3, 70764583100, 2329870
read-wait, 12, 3, 189726
read, 12, 3, 1415291662, 707645831, 189726
circular-read-start, 12, 3, 70764583100, 2329896
read-start, 4, 4, 2122937493, 707645831, 3179681
circular-read-total, 4, 3, 70764583100, 21377, 850076
read-start, 11, 4, 2122937493, 707645831, 3185232
circular-read-total, 11, 3, 70764583100, 19510, 855388
read-start, 14, 4, 2122937493, 707645831, 3187077
circular-read-total, 14, 3, 70764583100, 16963, 876074
read-start, 15, 4, 2122937493, 707645831, 3188353
circular-read-total, 15, 3, 70764583100, 19094, 872129
read-start, 8, 4, 2122937493, 707645831, 3189118
circular-read-total, 8, 3, 70764583100, 19566, 859262
read-start, 6, 4, 2122937493, 707645831, 3189208
circular-read-total, 6, 3, 70764583100, 20652, 859578
read-start, 13, 4, 2122937493, 707645831, 3191135
circular-read-total, 13, 3, 70764583100, 18638, 861496
read-start, 5, 4, 2122937493, 707645831, 3193991
circular-read-total, 5, 3, 70764583100, 18318, 874937
read-start, 9, 4, 2122937493, 707645831, 3195979
circular-read-total, 9, 3, 70764583100, 29004, 866463
read-start, 12, 4, 2122937493, 707645831, 3197296
circular-read-total, 12, 3, 70764583100, 23774, 867403
read-start, 3, 4, 2122937493, 707645831, 3197507
circular-read-total, 3, 3, 70764583100, 25954, 867772
read-start, 16, 4, 2122937493, 707645831, 3199760
circular-read-total, 16, 3, 70764583100, 23911, 869916
read-start, 7, 4, 2122937493, 707645831, 3200662
circular-read-total, 7, 3, 70764583100, 27987, 870800
read-start, 10, 4, 2122937493, 707645831, 3201299
circular-read-total, 10, 3, 70764583100, 28990, 871658
read-wait, 14, 4, 24182
read, 14, 4, 2122937493, 707645831, 159552
circular-read-start, 14, 4, 70764583100, 3346629
read-wait, 15, 4, 158453
read, 15, 4, 2122937493, 707645831, 159426
circular-read-start, 15, 4, 70764583100, 3347780
read-wait, 10, 4, 146578
read, 10, 4, 2122937493, 707645831, 158484
circular-read-start, 10, 4, 70764583100, 3359784
read-wait, 4, 4, 180268
read, 4, 4, 2122937493, 707645831, 180268
circular-read-start, 4, 4, 70764583100, 3359950
read-wait, 9, 4, 163976
read, 9, 4, 2122937493, 707645831, 163976
circular-read-start, 9, 4, 70764583100, 3359956
read-wait, 5, 4, 165967
read, 5, 4, 2122937493, 707645831, 165967
circular-read-start, 5, 4, 70764583100, 3359959
read-wait, 6, 4, 170758
read, 6, 4, 2122937493, 707645831, 170758
circular-read-start, 6, 4, 70764583100, 3359967
read-wait, 3, 4, 162462
read, 3, 4, 2122937493, 707645831, 162462
circular-read-start, 3, 4, 70764583100, 3359969
read-wait, 11, 4, 174745
read, 11, 4, 2122937493, 707645831, 174745
circular-read-start, 11, 4, 70764583100, 3359977
read-wait, 7, 4, 159334
read, 7, 4, 2122937493, 707645831, 160406
circular-read-start, 7, 4, 70764583100, 3361068
read-wait, 16, 4, 161416
read, 16, 4, 2122937493, 707645831, 161416
circular-read-start, 16, 4, 70764583100, 3361177
read-wait, 13, 4, 170055
read, 13, 4, 2122937493, 707645831, 170055
circular-read-start, 13, 4, 70764583100, 3361190
read-wait, 8, 4, 172102
read, 8, 4, 2122937493, 707645831, 172102
circular-read-start, 8, 4, 70764583100, 3361220
read-wait, 12, 4, 163966
read, 12, 4, 2122937493, 707645831, 163966
circular-read-start, 12, 4, 70764583100, 3361262
read-start, 8, 5, 2830583324, 26516676, 4226732
circular-read-total, 8, 4, 70764583100, 9796, 865532
read-start, 6, 5, 2830583324, 26516676, 4227039
circular-read-total, 6, 4, 70764583100, 9409, 867087
read-start, 5, 5, 2830583324, 26516676, 4228302
circular-read-total, 5, 4, 70764583100, 11264, 868352
read-start, 11, 5, 2830583324, 26516676, 4230600
circular-read-total, 11, 4, 70764583100, 9966, 870647
read-start, 16, 5, 2830583324, 26516676, 4232710
circular-read-total, 16, 4, 70764583100, 12774, 871541
read-start, 14, 5, 2830583324, 26516676, 4233864
circular-read-total, 14, 4, 70764583100, 11675, 887249
read-start, 15, 5, 2830583324, 26516676, 4234260
circular-read-total, 15, 4, 70764583100, 14286, 886496
read-start, 13, 5, 2830583324, 26516676, 4237626
circular-read-total, 13, 4, 70764583100, 7674, 876449
read-start, 4, 5, 2830583324, 26516676, 4238198
circular-read-total, 4, 4, 70764583100, 11036, 878256
read-start, 12, 5, 2830583324, 26516676, 4238977
circular-read-total, 12, 4, 70764583100, 13068, 877721
read-start, 7, 5, 2830583324, 26516676, 4246402
circular-read-total, 7, 4, 70764583100, 13103, 885340
read-start, 10, 5, 2830583324, 26516676, 4246629
circular-read-total, 10, 4, 70764583100, 17709, 886853
read-start, 9, 5, 2830583324, 26516676, 4246871
circular-read-total, 9, 4, 70764583100, 14651, 886923
read-start, 3, 5, 2830583324, 26516676, 4247171
circular-read-total, 3, 4, 70764583100, 12215, 887209
read-wait, 9, 5, 11513
read, 9, 5, 2830583324, 26516676, 151056
circular-read-start, 9, 5, 2651667600, 4397928
read-wait, 3, 5, 150855
read, 3, 5, 2830583324, 26516676, 150855
circular-read-start, 3, 5, 2651667600, 4398027
read-wait, 10, 5, 151530
read, 10, 5, 2830583324, 26516676, 151530
circular-read-start, 10, 5, 2651667600, 4398160
read-wait, 14, 5, 164302
read, 14, 5, 2830583324, 26516676, 164302
circular-read-start, 14, 5, 2651667600, 4398166
read-wait, 4, 5, 159969
read, 4, 5, 2830583324, 26516676, 159969
circular-read-start, 4, 5, 2651667600, 4398168
read-wait, 6, 5, 171131
read, 6, 5, 2830583324, 26516676, 171131
circular-read-start, 6, 5, 2651667600, 4398171
read-wait, 11, 5, 167573
read, 11, 5, 2830583324, 26516676, 167573
circular-read-start, 11, 5, 2651667600, 4398173
read-wait, 5, 5, 169874
read, 5, 5, 2830583324, 26516676, 169874
circular-read-start, 5, 5, 2651667600, 4398177
read-wait, 16, 5, 165467
read, 16, 5, 2830583324, 26516676, 165467
circular-read-start, 16, 5, 2651667600, 4398178
read-wait, 7, 5, 151777
read, 7, 5, 2830583324, 26516676, 152427
circular-read-start, 7, 5, 2651667600, 4398830
read-wait, 13, 5, 161355
read, 13, 5, 2830583324, 26516676, 161355
circular-read-start, 13, 5, 2651667600, 4398982
read-wait, 15, 5, 164723
read, 15, 5, 2830583324, 26516676, 164723
circular-read-start, 15, 5, 2651667600, 4398984
read-wait, 8, 5, 172254
read, 8, 5, 2830583324, 26516676, 172254
circular-read-start, 8, 5, 2651667600, 4398986
read-wait, 12, 5, 160012
read, 12, 5, 2830583324, 26516676, 160013
circular-read-start, 12, 5, 2651667600, 4398991
circular-read-total, 8, 5, 2651667600, 5728, 26476
circular-read-total, 10, 5, 2651667600, 5443, 28198
circular-read-total, 7, 5, 2651667600, 6506, 28354
circular-read-total, 6, 5, 2651667600, 6843, 29342
circular-read-total, 15, 5, 2651667600, 6648, 28623
circular-read-total, 11, 5, 2651667600, 6637, 29477
circular-read-total, 5, 5, 2651667600, 6317, 29713
circular-read-total, 12, 5, 2651667600, 6604, 29038
circular-read-total, 16, 5, 2651667600, 6264, 29978
circular-read-total, 14, 5, 2651667600, 7084, 30007
circular-read-total, 4, 5, 2651667600, 6939, 30069
circular-read-total, 9, 5, 2651667600, 6386, 30381
circular-read-total, 13, 5, 2651667600, 6519, 29488
circular-read-total, 3, 5, 2651667600, 7568, 30458

cmd-read, 4433216
