# Mon Sep 21 11:29:40 PDT 2015
memory, 128926187520
record-value, 112
seek-chunk, 707645831
file, 4, 714275000
file, 5, 714275000
file, 6, 714275000
file, 7, 714275000

read-start, 1, 0, 707645831, 11207
circular-read-start, 4, 1, 71427500000, 18419
circular-read-start, 5, 1, 71427500000, 18419
circular-read-start, 6, 1, 71427500000, 18419
circular-read-start, 7, 1, 71427500000, 18419
circular-read-total, 7, 1, 71427500000, 157329, 196835
circular-read-total, 6, 1, 71427500000, 157040, 196844
circular-read-total, 5, 1, 71427500000, 157297, 196880
circular-read-total, 4, 1, 71427500000, 162872, 197884
linear-scan, 200431
-sort , 57495, 35
-merge, 48072, 35
-last , 1258
read, 1, 707645831, 207644
network, 1, 864849

read-start, 2, 707645831, 707645831, 1083776
circular-read-start, 4, 2, 71427500000, 1085173
circular-read-start, 5, 2, 71427500000, 1085173
circular-read-start, 6, 2, 71427500000, 1085173
circular-read-start, 7, 2, 71427500000, 1085173
circular-read-total, 4, 2, 71427500000, 152121, 198258
circular-read-total, 7, 2, 71427500000, 153262, 198512
circular-read-total, 6, 2, 71427500000, 153565, 198997
circular-read-total, 5, 2, 71427500000, 154632, 199625
linear-scan, 202444
-sort , 46376, 31
-merge, 43671, 31
-last , 1070
read, 2, 707645831, 203841
network, 2, 868337

read-start, 3, 1415291662, 707645831, 2156001
circular-read-start, 5, 3, 71427500000, 2157401
circular-read-start, 4, 3, 71427500000, 2157401
circular-read-start, 6, 3, 71427500000, 2157401
circular-read-start, 7, 3, 71427500000, 2157401
circular-read-total, 4, 3, 71427500000, 156787, 163635
circular-read-total, 5, 3, 71427500000, 157146, 163731
circular-read-total, 6, 3, 71427500000, 157511, 164104
circular-read-total, 7, 3, 71427500000, 157350, 164170
linear-scan, 165600
-sort , 36063, 25
-merge, 38355, 25
-last , 1387
read, 3, 707645831, 167001
network, 3, 877186

read-start, 4, 2122937493, 707645831, 3200273
circular-read-start, 4, 4, 71427500000, 3201674
circular-read-start, 5, 4, 71427500000, 3201674
circular-read-start, 6, 4, 71427500000, 3201674
circular-read-start, 7, 4, 71427500000, 3201674
circular-read-total, 7, 4, 71427500000, 152864, 156016
circular-read-total, 6, 4, 71427500000, 153967, 157166
circular-read-total, 5, 4, 71427500000, 154120, 157230
circular-read-total, 4, 4, 71427500000, 155831, 159191
linear-scan, 160961
-sort , 22495, 15
-merge, 27464, 15
-last , 1700
read, 4, 707645831, 162363
network, 4, 875136

read-start, 5, 2830583324, 26516676, 4237883
circular-read-start, 4, 5, 71427500000, 4237934
circular-read-start, 5, 5, 71427500000, 4237934
circular-read-start, 6, 5, 71427500000, 4237934
circular-read-start, 7, 5, 71427500000, 4237934
circular-read-total, 7, 5, 71427500000, 148733, 151689
circular-read-total, 4, 5, 71427500000, 149323, 152300
circular-read-total, 5, 5, 71427500000, 149523, 152504
circular-read-total, 6, 5, 71427500000, 149565, 152566
linear-scan, 152646
-sort , 864, 9
-merge, 669, 9
-last , 76
read, 5, 26516676, 152698
network, 5, 45959

exit, 4444405
