# Mon Sep 21 11:29:40 PDT 2015
memory, 128926187520
record-value, 112
seek-chunk, 707645831
file, 4, 714275000
file, 5, 714275000
file, 6, 714275000
file, 7, 714275000

read-start, 1, 0, 707645831, 3640
circular-read-start, 4, 1, 71427500000, 11011
circular-read-start, 5, 1, 71427500000, 11011
circular-read-start, 6, 1, 71427500000, 11011
circular-read-start, 7, 1, 71427500000, 11011
circular-read-total, 7, 1, 71427500000, 158044, 191543
circular-read-total, 4, 1, 71427500000, 158610, 191796
circular-read-total, 5, 1, 71427500000, 158810, 192448
circular-read-total, 6, 1, 71427500000, 159198, 193028
linear-scan, 194951
-sort , 48668, 35
-merge, 49027, 35
-last , 1251
read, 1, 707645831, 202321
network, 1, 860492

read-start, 2, 707645831, 707645831, 1066509
circular-read-start, 5, 2, 71427500000, 1067920
circular-read-start, 4, 2, 71427500000, 1067920
circular-read-start, 6, 2, 71427500000, 1067920
circular-read-start, 7, 2, 71427500000, 1067920
circular-read-total, 7, 2, 71427500000, 151411, 196490
circular-read-total, 4, 2, 71427500000, 152361, 196563
circular-read-total, 5, 2, 71427500000, 152156, 196623
circular-read-total, 6, 2, 71427500000, 151414, 196644
linear-scan, 199503
-sort , 46889, 31
-merge, 43288, 31
-last , 1078
read, 2, 707645831, 200914
network, 2, 879814

read-start, 3, 1415291662, 707645831, 2147344
circular-read-start, 4, 3, 71427500000, 2148761
circular-read-start, 5, 3, 71427500000, 2148761
circular-read-start, 6, 3, 71427500000, 2148761
circular-read-start, 7, 3, 71427500000, 2148761
circular-read-total, 6, 3, 71427500000, 158827, 161750
circular-read-total, 7, 3, 71427500000, 160269, 163235
circular-read-total, 5, 3, 71427500000, 160519, 163610
circular-read-total, 4, 3, 71427500000, 161055, 164097
linear-scan, 165546
-sort , 34826, 25
-merge, 37426, 25
-last , 1404
read, 3, 707645831, 166963
network, 3, 869047

read-start, 4, 2122937493, 707645831, 3183429
circular-read-start, 5, 4, 71427500000, 3184857
circular-read-start, 4, 4, 71427500000, 3184857
circular-read-start, 6, 4, 71427500000, 3184857
circular-read-start, 7, 4, 71427500000, 3184857
circular-read-total, 6, 4, 71427500000, 152806, 156141
circular-read-total, 5, 4, 71427500000, 152779, 156449
circular-read-total, 7, 4, 71427500000, 153923, 156921
circular-read-total, 4, 4, 71427500000, 154143, 157616
linear-scan, 159377
-sort , 25216, 15
-merge, 42003, 15
-last , 1688
read, 4, 707645831, 160805
network, 4, 897687

read-start, 5, 2830583324, 26516676, 4241946
circular-read-start, 4, 5, 71427500000, 4241998
circular-read-start, 5, 5, 71427500000, 4241998
circular-read-start, 6, 5, 71427500000, 4241998
circular-read-start, 7, 5, 71427500000, 4241998
circular-read-total, 4, 5, 71427500000, 149469, 152138
circular-read-total, 6, 5, 71427500000, 149460, 152163
circular-read-total, 5, 5, 71427500000, 149508, 152228
circular-read-total, 7, 5, 71427500000, 149728, 152572
linear-scan, 152655
-sort , 814, 9
-merge, 601, 9
-last , 78
read, 5, 26516676, 152708
network, 5, 37320

exit, 4437002
