# Mon Sep 21 11:29:40 PDT 2015
memory, 128926187520
record-value, 112
seek-chunk, 707645831
file, 4, 714275000
file, 5, 714275000
file, 6, 714275000
file, 7, 714275000

read-start, 1, 0, 707645831, 26553
circular-read-start, 4, 1, 71427500000, 33683
circular-read-start, 5, 1, 71427500000, 33683
circular-read-start, 6, 1, 71427500000, 33683
circular-read-start, 7, 1, 71427500000, 33683
circular-read-total, 6, 1, 71427500000, 154896, 182620
circular-read-total, 7, 1, 71427500000, 156543, 183880
circular-read-total, 4, 1, 71427500000, 157237, 184684
circular-read-total, 5, 1, 71427500000, 163866, 188649
linear-scan, 190566
-sort , 48802, 35
-merge, 47263, 35
-last , 1251
read, 1, 707645831, 197696
network, 1, 884359

read-start, 2, 707645831, 707645831, 1108637
circular-read-start, 4, 2, 71427500000, 1110039
circular-read-start, 5, 2, 71427500000, 1110039
circular-read-start, 6, 2, 71427500000, 1110039
circular-read-start, 7, 2, 71427500000, 1110039
circular-read-total, 6, 2, 71427500000, 151444, 186375
circular-read-total, 7, 2, 71427500000, 152226, 186616
circular-read-total, 5, 2, 71427500000, 151341, 186659
circular-read-total, 4, 2, 71427500000, 153286, 187996
linear-scan, 190748
-sort , 45335, 31
-merge, 41475, 31
-last , 1069
read, 2, 707645831, 192151
network, 2, 876137

read-start, 3, 1415291662, 707645831, 2176945
circular-read-start, 4, 3, 71427500000, 2178347
circular-read-start, 5, 3, 71427500000, 2178347
circular-read-start, 6, 3, 71427500000, 2178347
circular-read-start, 7, 3, 71427500000, 2178347
circular-read-total, 6, 3, 71427500000, 152487, 156113
circular-read-total, 4, 3, 71427500000, 152857, 156349
circular-read-total, 5, 3, 71427500000, 153163, 156758
circular-read-total, 7, 3, 71427500000, 155282, 158589
linear-scan, 160209
-sort , 34602, 25
-merge, 35208, 25
-last , 1379
read, 3, 707645831, 161611
network, 3, 887576

read-start, 4, 2122937493, 707645831, 3226160
circular-read-start, 4, 4, 71427500000, 3227564
circular-read-start, 5, 4, 71427500000, 3227564
circular-read-start, 6, 4, 71427500000, 3227564
circular-read-start, 7, 4, 71427500000, 3227564
circular-read-total, 4, 4, 71427500000, 152299, 155348
circular-read-total, 6, 4, 71427500000, 153116, 156336
circular-read-total, 5, 4, 71427500000, 154026, 157011
circular-read-total, 7, 4, 71427500000, 154349, 157936
linear-scan, 159736
-sort , 21902, 15
-merge, 25977, 15
-last , 1730
read, 4, 707645831, 161140
network, 4, 871739

read-start, 5, 2830583324, 26516676, 4259073
circular-read-start, 4, 5, 71427500000, 4259126
circular-read-start, 5, 5, 71427500000, 4259126
circular-read-start, 6, 5, 71427500000, 4259126
circular-read-start, 7, 5, 71427500000, 4259126
circular-read-total, 4, 5, 71427500000, 149240, 152157
circular-read-total, 5, 5, 71427500000, 149295, 152201
circular-read-total, 6, 5, 71427500000, 149440, 152463
circular-read-total, 7, 5, 71427500000, 149917, 153348
linear-scan, 153429
-sort , 846, 9
-merge, 579, 9
-last , 75
read, 5, 26516676, 153481
network, 5, 41932

exit, 4459611
