# Mon Sep 21 11:29:40 PDT 2015
memory, 128926187520
record-value, 112
seek-chunk, 707645831
file, 4, 714275000
file, 5, 714275000
file, 6, 714275000
file, 7, 714275000

read-start, 1, 0, 707645831, 22907
circular-read-start, 4, 1, 71427500000, 30064
circular-read-start, 5, 1, 71427500000, 30064
circular-read-start, 6, 1, 71427500000, 30064
circular-read-start, 7, 1, 71427500000, 30064
circular-read-total, 4, 1, 71427500000, 156524, 184832
circular-read-total, 7, 1, 71427500000, 157191, 185077
circular-read-total, 5, 1, 71427500000, 158210, 185918
circular-read-total, 6, 1, 71427500000, 158754, 186764
linear-scan, 188785
-sort , 48356, 35
-merge, 46285, 35
-last , 1238
read, 1, 707645831, 195942
network, 1, 865485

read-start, 2, 707645831, 707645831, 1084381
circular-read-start, 5, 2, 71427500000, 1085782
circular-read-start, 4, 2, 71427500000, 1085782
circular-read-start, 6, 2, 71427500000, 1085782
circular-read-start, 7, 2, 71427500000, 1085782
circular-read-total, 4, 2, 71427500000, 152138, 185857
circular-read-total, 5, 2, 71427500000, 152933, 186178
circular-read-total, 7, 2, 71427500000, 152959, 186569
circular-read-total, 6, 2, 71427500000, 153218, 186706
linear-scan, 189461
-sort , 47057, 31
-merge, 41770, 31
-last , 1065
read, 2, 707645831, 190862
network, 2, 892881

read-start, 3, 1415291662, 707645831, 2168258
circular-read-start, 5, 3, 71427500000, 2169657
circular-read-start, 4, 3, 71427500000, 2169657
circular-read-start, 6, 3, 71427500000, 2169657
circular-read-start, 7, 3, 71427500000, 2169657
circular-read-total, 4, 3, 71427500000, 158012, 161412
circular-read-total, 7, 3, 71427500000, 158329, 161751
circular-read-total, 5, 3, 71427500000, 158789, 162166
circular-read-total, 6, 3, 71427500000, 159389, 162923
linear-scan, 164340
-sort , 35401, 25
-merge, 38129, 25
-last , 1374
read, 3, 707645831, 165739
network, 3, 875956

read-start, 4, 2122937493, 707645831, 3210022
circular-read-start, 4, 4, 71427500000, 3211431
circular-read-start, 5, 4, 71427500000, 3211431
circular-read-start, 6, 4, 71427500000, 3211431
circular-read-start, 7, 4, 71427500000, 3211431
circular-read-total, 4, 4, 71427500000, 151531, 155227
circular-read-total, 5, 4, 71427500000, 151712, 155381
circular-read-total, 7, 4, 71427500000, 152827, 156219
circular-read-total, 6, 4, 71427500000, 152970, 156335
linear-scan, 158136
-sort , 21270, 15
-merge, 25607, 15
-last , 1731
read, 4, 707645831, 159545
network, 4, 887152

read-start, 5, 2830583324, 26516676, 4256765
circular-read-start, 4, 5, 71427500000, 4256817
circular-read-start, 5, 5, 71427500000, 4256817
circular-read-start, 6, 5, 71427500000, 4256817
circular-read-start, 7, 5, 71427500000, 4256817
circular-read-total, 4, 5, 71427500000, 147066, 150728
circular-read-total, 7, 5, 71427500000, 147371, 150756
circular-read-total, 5, 5, 71427500000, 147085, 150793
circular-read-total, 6, 5, 71427500000, 147695, 151009
linear-scan, 151090
-sort , 811, 9
-merge, 585, 9
-last , 77
read, 5, 26516676, 151143
network, 5, 43135

exit, 4456148
