# Mon Sep 21 11:29:40 PDT 2015
memory, 128926187520
record-value, 112
seek-chunk, 707645831
file, 4, 714275000
file, 5, 714275000
file, 6, 714275000
file, 7, 714275000

read-start, 1, 0, 707645831, 14792
circular-read-start, 4, 1, 71427500000, 21959
circular-read-start, 5, 1, 71427500000, 21959
circular-read-start, 6, 1, 71427500000, 21959
circular-read-start, 7, 1, 71427500000, 21959
circular-read-total, 5, 1, 71427500000, 156099, 184127
circular-read-total, 6, 1, 71427500000, 156839, 184206
circular-read-total, 7, 1, 71427500000, 156572, 184638
circular-read-total, 4, 1, 71427500000, 156547, 184725
linear-scan, 186241
-sort , 48444, 35
-merge, 46110, 35
-last , 1237
read, 1, 707645831, 193407
network, 1, 891187

read-start, 2, 707645831, 707645831, 1099421
circular-read-start, 4, 2, 71427500000, 1100818
circular-read-start, 5, 2, 71427500000, 1100818
circular-read-start, 6, 2, 71427500000, 1100818
circular-read-start, 7, 2, 71427500000, 1100818
circular-read-total, 4, 2, 71427500000, 153950, 178608
circular-read-total, 7, 2, 71427500000, 154379, 178898
circular-read-total, 5, 2, 71427500000, 155175, 179865
circular-read-total, 6, 2, 71427500000, 155871, 180258
linear-scan, 183091
-sort , 42660, 31
-merge, 41637, 31
-last , 1061
read, 2, 707645831, 184488
network, 2, 888997

read-start, 3, 1415291662, 707645831, 2172971
circular-read-start, 4, 3, 71427500000, 2174369
circular-read-start, 5, 3, 71427500000, 2174369
circular-read-start, 6, 3, 71427500000, 2174369
circular-read-start, 7, 3, 71427500000, 2174369
circular-read-total, 4, 3, 71427500000, 157134, 160594
circular-read-total, 6, 3, 71427500000, 158178, 161418
circular-read-total, 7, 3, 71427500000, 157955, 161489
circular-read-total, 5, 3, 71427500000, 158391, 161740
linear-scan, 163162
-sort , 35272, 25
-merge, 36847, 25
-last , 1379
read, 3, 707645831, 164561
network, 3, 878453

read-start, 4, 2122937493, 707645831, 3216037
circular-read-start, 4, 4, 71427500000, 3217453
circular-read-start, 5, 4, 71427500000, 3217453
circular-read-start, 6, 4, 71427500000, 3217453
circular-read-start, 7, 4, 71427500000, 3217453
circular-read-total, 7, 4, 71427500000, 151036, 154694
circular-read-total, 4, 4, 71427500000, 150846, 154713
circular-read-total, 5, 4, 71427500000, 151016, 154824
circular-read-total, 6, 4, 71427500000, 151425, 155277
linear-scan, 157068
-sort , 20961, 15
-merge, 27488, 15
-last , 1720
read, 4, 707645831, 158483
network, 4, 886776

read-start, 5, 2830583324, 26516676, 4261363
circular-read-start, 4, 5, 71427500000, 4261415
circular-read-start, 5, 5, 71427500000, 4261415
circular-read-start, 6, 5, 71427500000, 4261415
circular-read-start, 7, 5, 71427500000, 4261415
circular-read-total, 5, 5, 71427500000, 146182, 150133
circular-read-total, 4, 5, 71427500000, 146282, 150220
circular-read-total, 7, 5, 71427500000, 146474, 150271
circular-read-total, 6, 5, 71427500000, 146823, 150467
linear-scan, 150548
-sort , 831, 9
-merge, 579, 9
-last , 77
read, 5, 26516676, 150601
network, 5, 29049

exit, 4447988
