# Mon Sep 21 11:29:40 PDT 2015
memory, 128926187520
record-value, 112
seek-chunk, 707645831
file, 4, 714275000
file, 5, 714275000
file, 6, 714275000
file, 7, 714275000

read-start, 1, 0, 707645831, 12897
circular-read-start, 4, 1, 71427500000, 19973
circular-read-start, 5, 1, 71427500000, 19973
circular-read-start, 6, 1, 71427500000, 19973
circular-read-start, 7, 1, 71427500000, 19973
circular-read-total, 5, 1, 71427500000, 156684, 187863
circular-read-total, 6, 1, 71427500000, 158365, 188772
circular-read-total, 7, 1, 71427500000, 158470, 188924
circular-read-total, 4, 1, 71427500000, 158153, 189254
linear-scan, 190668
-sort , 48845, 35
-merge, 47012, 35
-last , 1240
read, 1, 707645831, 197744
network, 1, 886351

read-start, 2, 707645831, 707645831, 1097026
circular-read-start, 4, 2, 71427500000, 1098435
circular-read-start, 5, 2, 71427500000, 1098435
circular-read-start, 6, 2, 71427500000, 1098435
circular-read-start, 7, 2, 71427500000, 1098435
circular-read-total, 5, 2, 71427500000, 155520, 183764
circular-read-total, 6, 2, 71427500000, 156407, 183936
circular-read-total, 7, 2, 71427500000, 157039, 184381
circular-read-total, 4, 2, 71427500000, 156388, 184535
linear-scan, 187319
-sort , 43975, 31
-merge, 42030, 31
-last , 1064
read, 2, 707645831, 188728
network, 2, 891145

read-start, 3, 1415291662, 707645831, 2176930
circular-read-start, 4, 3, 71427500000, 2178329
circular-read-start, 5, 3, 71427500000, 2178329
circular-read-start, 6, 3, 71427500000, 2178329
circular-read-start, 7, 3, 71427500000, 2178329
circular-read-total, 5, 3, 71427500000, 156747, 159948
circular-read-total, 4, 3, 71427500000, 158555, 161701
circular-read-total, 7, 3, 71427500000, 158706, 161744
circular-read-total, 6, 3, 71427500000, 159706, 162588
linear-scan, 163997
-sort , 35118, 25
-merge, 36976, 25
-last , 1366
read, 3, 707645831, 165396
network, 3, 866348

read-start, 4, 2122937493, 707645831, 3208731
circular-read-start, 4, 4, 71427500000, 3210137
circular-read-start, 5, 4, 71427500000, 3210137
circular-read-start, 6, 4, 71427500000, 3210137
circular-read-start, 7, 4, 71427500000, 3210137
circular-read-total, 4, 4, 71427500000, 150422, 154303
circular-read-total, 5, 4, 71427500000, 151301, 155133
circular-read-total, 6, 4, 71427500000, 151875, 155349
circular-read-total, 7, 4, 71427500000, 152745, 155902
linear-scan, 157704
-sort , 21737, 15
-merge, 25481, 15
-last , 1731
read, 4, 707645831, 159110
network, 4, 891679

read-start, 5, 2830583324, 26516676, 4259566
circular-read-start, 4, 5, 71427500000, 4259618
circular-read-start, 5, 5, 71427500000, 4259618
circular-read-start, 6, 5, 71427500000, 4259618
circular-read-start, 7, 5, 71427500000, 4259618
circular-read-total, 4, 5, 71427500000, 146081, 150065
circular-read-total, 5, 5, 71427500000, 146221, 150080
circular-read-total, 6, 5, 71427500000, 147016, 150543
circular-read-total, 7, 5, 71427500000, 147732, 150913
linear-scan, 150994
-sort , 834, 9
-merge, 581, 9
-last , 76
read, 5, 26516676, 151047
network, 5, 30365

exit, 4445939
