# i2.xlarge
# Fri Jul 31 20:22:54 PDT 2015
# 1, 1gb, 100m, false, first
read, 0, 3469
network, 0, 0
cmd-first, 0, 3471
# 1, 1gb, 100m, false, first
read, 0, 3444
network, 0, 0
cmd-first, 0, 3444
# 1, 1gb, 100m, false, first
read, 0, 3453
network, 0, 0
cmd-first, 0, 3453
# 1, 1gb, 100m, false, read
size, 0, 0
read, 0, 3958
network, 0, 367
read, 1, 3597
network, 1, 319
read, 2, 3333
network, 2, 310
read, 3, 3038
network, 3, 319
read, 4, 2635
network, 4, 312
read, 5, 2265
network, 5, 318
read, 6, 1907
network, 6, 315
read, 7, 1546
network, 7, 310
read, 8, 1189
network, 8, 315
read, 9, 667
network, 9, 317
cmd-read, 0, 27384
# 1, 1gb, 100m, false, read
size, 0, 0
read, 0, 4107
network, 0, 359
read, 1, 3631
network, 1, 310
read, 2, 3313
network, 2, 314
read, 3, 2969
network, 3, 314
read, 4, 2575
network, 4, 312
read, 5, 2225
network, 5, 312
read, 6, 1879
network, 6, 307
read, 7, 1529
network, 7, 309
read, 8, 1176
network, 8, 306
read, 9, 655
network, 9, 308
cmd-read, 0, 27262
# 1, 1gb, 100m, false, read
size, 0, 0
read, 0, 4061
network, 0, 356
read, 1, 3583
network, 1, 301
read, 2, 3258
network, 2, 301
read, 3, 2910
network, 3, 307
read, 4, 2529
network, 4, 298
read, 5, 2201
network, 5, 305
read, 6, 1861
network, 6, 302
read, 7, 1568
network, 7, 305
read, 8, 1172
network, 8, 305
read, 9, 641
network, 9, 307
cmd-read, 0, 26920
# 1, 1gb, 100m, false, write
size, 0, 0
read, 0, 4001
network, 0, 343
write, 0, 349
read, 1, 3505
network, 1, 344
write, 1, 348
read, 2, 3154
network, 2, 298
write, 2, 359
read, 3, 2822
network, 3, 299
write, 3, 359
read, 4, 2485
network, 4, 290
write, 4, 343
read, 5, 2156
network, 5, 295
write, 5, 355
read, 6, 1836
network, 6, 289
write, 6, 347
read, 7, 1498
network, 7, 298
write, 7, 356
read, 8, 1144
network, 8, 283
write, 8, 361
read, 9, 784
network, 9, 295
read, 10, 299
network, 10, 0
write, 9, 360
cmd-write, 0, 26869
# 1, 1gb, 100m, false, write
size, 0, 0
read, 0, 3948
network, 0, 348
write, 0, 441
read, 1, 3461
network, 1, 346
write, 1, 361
read, 2, 3097
network, 2, 286
write, 2, 349
read, 3, 2779
network, 3, 290
write, 3, 358
read, 4, 2433
network, 4, 284
write, 4, 349
read, 5, 2127
network, 5, 292
write, 5, 359
read, 6, 1784
network, 6, 287
write, 6, 354
read, 7, 1463
network, 7, 288
write, 7, 361
read, 8, 1118
network, 8, 285
write, 8, 354
read, 9, 627
network, 9, 291
read, 10, 299
network, 10, 0
write, 9, 357
cmd-write, 0, 26405
# 1, 1gb, 100m, false, write
size, 0, 0
read, 0, 3863
network, 0, 334
write, 0, 461
read, 1, 3439
network, 1, 330
write, 1, 354
read, 2, 3063
network, 2, 290
write, 2, 351
read, 3, 2776
network, 3, 287
write, 3, 351
read, 4, 2436
network, 4, 287
write, 4, 352
read, 5, 2153
network, 5, 282
write, 5, 348
read, 6, 1823
network, 6, 277
write, 6, 353
read, 7, 1464
network, 7, 290
write, 7, 357
read, 8, 1109
network, 8, 283
write, 8, 353
read, 9, 625
network, 9, 290
read, 10, 298
network, 10, 0
write, 9, 362
cmd-write, 0, 26276
# 1, 1gb, 50m, false, first
read, 0, 3493
network, 0, 0
cmd-first, 0, 3494
# 1, 1gb, 50m, false, first
read, 0, 2612
network, 0, 0
cmd-first, 0, 2612
# 1, 1gb, 50m, false, first
read, 0, 2820
network, 0, 0
cmd-first, 0, 2820
# 1, 1gb, 50m, false, read
size, 0, 0
read, 0, 3759
network, 0, 178
read, 1, 3596
network, 1, 151
read, 2, 3443
network, 2, 152
read, 3, 3261
network, 3, 155
read, 4, 3100
network, 4, 152
read, 5, 2928
network, 5, 153
read, 6, 2734
network, 6, 153
read, 7, 2562
network, 7, 148
read, 8, 2392
network, 8, 151
read, 9, 2219
network, 9, 154
read, 10, 2052
network, 10, 152
read, 11, 1898
network, 11, 153
read, 12, 1754
network, 12, 152
read, 13, 1615
network, 13, 152
read, 14, 1441
network, 14, 149
read, 15, 1226
network, 15, 152
read, 16, 1045
network, 16, 148
read, 17, 865
network, 17, 148
read, 18, 670
network, 18, 149
read, 19, 390
network, 19, 153
cmd-read, 0, 46045
# 1, 1gb, 50m, false, read
size, 0, 0
read, 0, 3852
network, 0, 176
read, 1, 3556
network, 1, 151
read, 2, 3398
network, 2, 149
read, 3, 3218
network, 3, 143
read, 4, 3049
network, 4, 145
read, 5, 2844
network, 5, 145
read, 6, 2702
network, 6, 142
read, 7, 2479
network, 7, 145
read, 8, 2325
network, 8, 146
read, 9, 2141
network, 9, 145
read, 10, 1998
network, 10, 144
read, 11, 1815
network, 11, 144
read, 12, 1643
network, 12, 142
read, 13, 1485
network, 13, 139
read, 14, 1330
network, 14, 143
read, 15, 1162
network, 15, 144
read, 16, 997
network, 16, 142
read, 17, 831
network, 17, 141
read, 18, 630
network, 18, 142
read, 19, 380
network, 19, 139
cmd-read, 0, 44780
# 1, 1gb, 50m, false, read
size, 0, 0
read, 0, 3637
network, 0, 163
read, 1, 3385
network, 1, 142
read, 2, 3247
network, 2, 141
read, 3, 3062
network, 3, 137
read, 4, 2900
network, 4, 140
read, 5, 2732
network, 5, 136
read, 6, 2571
network, 6, 141
read, 7, 2403
network, 7, 141
read, 8, 2270
network, 8, 141
read, 9, 2090
network, 9, 139
read, 10, 1940
network, 10, 135
read, 11, 1775
network, 11, 141
read, 12, 1617
network, 12, 138
read, 13, 1460
network, 13, 141
read, 14, 1318
network, 14, 138
read, 15, 1160
network, 15, 140
read, 16, 984
network, 16, 136
read, 17, 818
network, 17, 137
read, 18, 627
network, 18, 139
read, 19, 370
network, 19, 139
cmd-read, 0, 43212
# 1, 1gb, 50m, false, write
size, 0, 0
read, 0, 3659
network, 0, 168
write, 0, 264
read, 1, 3393
network, 1, 163
write, 1, 176
read, 2, 3255
network, 2, 137
write, 2, 178
read, 3, 3098
network, 3, 142
write, 3, 180
read, 4, 2903
network, 4, 133
write, 4, 173
read, 5, 2742
network, 5, 142
write, 5, 176
read, 6, 2588
network, 6, 134
write, 6, 170
read, 7, 2411
network, 7, 139
write, 7, 181
read, 8, 2248
network, 8, 134
write, 8, 169
read, 9, 2149
network, 9, 142
write, 9, 180
read, 10, 1980
network, 10, 135
write, 10, 174
read, 11, 1788
network, 11, 142
write, 11, 180
read, 12, 1616
network, 12, 138
write, 12, 180
read, 13, 1482
network, 13, 141
write, 13, 179
read, 14, 1324
network, 14, 134
write, 14, 172
read, 15, 1157
network, 15, 141
write, 15, 181
read, 16, 987
network, 16, 137
write, 16, 180
read, 17, 820
network, 17, 141
write, 17, 179
read, 18, 624
network, 18, 136
write, 18, 173
read, 19, 377
network, 19, 142
write, 19, 181
cmd-write, 0, 43793
# 1, 1gb, 50m, false, write
size, 0, 0
read, 0, 3618
network, 0, 168
write, 0, 261
read, 1, 3386
network, 1, 168
write, 1, 182
read, 2, 3218
network, 2, 142
write, 2, 177
read, 3, 3066
network, 3, 138
write, 3, 172
read, 4, 2900
network, 4, 134
write, 4, 176
read, 5, 2746
network, 5, 142
write, 5, 172
read, 6, 2576
network, 6, 138
write, 6, 178
read, 7, 2409
network, 7, 140
write, 7, 177
read, 8, 2244
network, 8, 136
write, 8, 178
read, 9, 2106
network, 9, 143
write, 9, 184
read, 10, 1945
network, 10, 138
write, 10, 176
read, 11, 1798
network, 11, 140
write, 11, 179
read, 12, 1618
network, 12, 138
write, 12, 176
read, 13, 1463
network, 13, 143
write, 13, 180
read, 14, 1304
network, 14, 138
write, 14, 176
read, 15, 1148
network, 15, 141
write, 15, 175
read, 16, 984
network, 16, 135
write, 16, 175
read, 17, 822
network, 17, 139
write, 17, 176
read, 18, 628
network, 18, 136
write, 18, 178
read, 19, 376
network, 19, 142
write, 19, 177
cmd-write, 0, 43559
# 1, 1gb, 50m, false, write
size, 0, 0
read, 0, 3701
network, 0, 168
write, 0, 261
read, 1, 3389
network, 1, 168
write, 1, 175
read, 2, 3243
network, 2, 143
write, 2, 180
read, 3, 3092
network, 3, 142
write, 3, 179
read, 4, 2898
network, 4, 138
write, 4, 182
read, 5, 2737
network, 5, 142
write, 5, 181
read, 6, 2572
network, 6, 138
write, 6, 185
read, 7, 2410
network, 7, 137
write, 7, 179
read, 8, 2248
network, 8, 138
write, 8, 178
read, 9, 2086
network, 9, 141
write, 9, 178
read, 10, 1928
network, 10, 137
write, 10, 181
read, 11, 1787
network, 11, 140
write, 11, 180
read, 12, 1624
network, 12, 134
write, 12, 180
read, 13, 1467
network, 13, 139
write, 13, 179
read, 14, 1304
network, 14, 138
write, 14, 181
read, 15, 1148
network, 15, 141
write, 15, 181
read, 16, 1007
network, 16, 139
write, 16, 180
read, 17, 818
network, 17, 142
write, 17, 179
read, 18, 623
network, 18, 137
write, 18, 179
read, 19, 375
network, 19, 139
write, 19, 179
cmd-write, 0, 43665
# 1, 1gb, 50m, true, first
read, 0, 2690
network, 0, 0
cmd-first, 0, 2690
# 1, 1gb, 50m, true, first
read, 0, 2664
network, 0, 0
cmd-first, 0, 2664
# 1, 1gb, 50m, true, first
read, 0, 2673
network, 0, 0
cmd-first, 0, 2673
# 1, 1gb, 50m, true, read
size, 0, 0
read, 0, 3725
network, 0, 177
read, 1, 3635
network, 1, 143
read, 2, 3489
network, 2, 141
read, 3, 3336
network, 3, 142
read, 4, 3169
network, 4, 140
read, 5, 2987
network, 5, 137
read, 6, 2832
network, 6, 139
read, 7, 2716
network, 7, 143
read, 8, 2719
network, 8, 142
read, 9, 2716
network, 9, 141
read, 10, 2735
network, 10, 141
read, 11, 2742
network, 11, 141
read, 12, 2731
network, 12, 141
read, 13, 2731
network, 13, 141
read, 14, 2737
network, 14, 137
read, 15, 2748
network, 15, 142
read, 16, 2759
network, 16, 134
read, 17, 2756
network, 17, 138
read, 18, 2766
network, 18, 139
read, 19, 2721
network, 19, 140
cmd-read, 0, 61630
# 1, 1gb, 50m, true, read
size, 0, 0
read, 0, 3722
network, 0, 171
read, 1, 3544
network, 1, 136
read, 2, 3367
network, 2, 136
read, 3, 3194
network, 3, 135
read, 4, 3013
network, 4, 133
read, 5, 2849
network, 5, 133
read, 6, 2717
network, 6, 134
read, 7, 2714
network, 7, 139
read, 8, 2715
network, 8, 132
read, 9, 2721
network, 9, 133
read, 10, 2729
network, 10, 128
read, 11, 2732
network, 11, 128
read, 12, 2737
network, 12, 133
read, 13, 2739
network, 13, 132
read, 14, 2738
network, 14, 132
read, 15, 2756
network, 15, 132
read, 16, 2774
network, 16, 132
read, 17, 2766
network, 17, 133
read, 18, 2783
network, 18, 133
read, 19, 2726
network, 19, 131
cmd-read, 0, 60773
# 1, 1gb, 50m, true, read
size, 0, 0
read, 0, 3606
network, 0, 164
read, 1, 3444
network, 1, 134
read, 2, 3271
network, 2, 129
read, 3, 3113
network, 3, 133
read, 4, 2976
network, 4, 133
read, 5, 2811
network, 5, 133
read, 6, 2713
network, 6, 133
read, 7, 2717
network, 7, 134
read, 8, 2720
network, 8, 128
read, 9, 2745
network, 9, 127
read, 10, 2748
network, 10, 128
read, 11, 2748
network, 11, 133
read, 12, 2750
network, 12, 130
read, 13, 2750
network, 13, 133
read, 14, 2747
network, 14, 128
read, 15, 2763
network, 15, 133
read, 16, 2754
network, 16, 131
read, 17, 2760
network, 17, 133
read, 18, 2774
network, 18, 130
read, 19, 2726
network, 19, 131
cmd-read, 0, 60333
# 1, 1gb, 50m, true, write
size, 0, 0
read, 0, 3592
network, 0, 166
write, 0, 261
read, 1, 3422
network, 1, 158
write, 1, 181
read, 2, 3254
network, 2, 133
write, 2, 175
read, 3, 3130
network, 3, 132
write, 3, 188
read, 4, 2954
network, 4, 126
write, 4, 172
read, 5, 2809
network, 5, 133
write, 5, 171
read, 6, 2713
network, 6, 127
write, 6, 177
read, 7, 2730
network, 7, 133
write, 7, 179
read, 8, 2740
network, 8, 129
write, 8, 178
read, 9, 2750
network, 9, 133
write, 9, 177
read, 10, 2756
network, 10, 125
write, 10, 172
read, 11, 2749
network, 11, 131
write, 11, 180
read, 12, 2744
network, 12, 125
write, 12, 174
read, 13, 2758
network, 13, 132
write, 13, 176
read, 14, 2767
network, 14, 128
write, 14, 179
read, 15, 2753
network, 15, 132
write, 15, 180
read, 16, 2751
network, 16, 128
write, 16, 178
read, 17, 2759
network, 17, 131
write, 17, 180
read, 18, 2771
network, 18, 129
write, 18, 180
read, 19, 2721
network, 19, 132
write, 19, 180
cmd-write, 0, 60656
# 1, 1gb, 50m, true, write
size, 0, 0
read, 0, 3591
network, 0, 170
write, 0, 273
read, 1, 3423
network, 1, 156
write, 1, 177
read, 2, 3260
network, 2, 132
write, 2, 179
read, 3, 3112
network, 3, 134
write, 3, 179
read, 4, 2957
network, 4, 129
write, 4, 178
read, 5, 2812
network, 5, 133
write, 5, 179
read, 6, 2726
network, 6, 129
write, 6, 175
read, 7, 2740
network, 7, 128
write, 7, 172
read, 8, 2746
network, 8, 125
write, 8, 178
read, 9, 2736
network, 9, 132
write, 9, 171
read, 10, 2733
network, 10, 129
write, 10, 177
read, 11, 2763
network, 11, 131
write, 11, 181
read, 12, 2744
network, 12, 129
write, 12, 179
read, 13, 2744
network, 13, 133
write, 13, 179
read, 14, 2744
network, 14, 130
write, 14, 177
read, 15, 2753
network, 15, 133
write, 15, 181
read, 16, 2767
network, 16, 126
write, 16, 181
read, 17, 2772
network, 17, 130
write, 17, 180
read, 18, 2785
network, 18, 130
write, 18, 175
read, 19, 2744
network, 19, 133
write, 19, 178
cmd-write, 0, 60689
# 1, 1gb, 50m, true, write
size, 0, 0
read, 0, 3610
network, 0, 167
write, 0, 257
read, 1, 3421
network, 1, 156
write, 1, 181
read, 2, 3282
network, 2, 132
write, 2, 173
read, 3, 3116
network, 3, 133
write, 3, 176
read, 4, 2993
network, 4, 129
write, 4, 178
read, 5, 2817
network, 5, 131
write, 5, 178
read, 6, 2745
network, 6, 125
write, 6, 178
read, 7, 2733
network, 7, 133
write, 7, 172
read, 8, 2723
network, 8, 129
write, 8, 174
read, 9, 2734
network, 9, 132
write, 9, 178
read, 10, 2752
network, 10, 129
write, 10, 177
read, 11, 2763
network, 11, 133
write, 11, 181
read, 12, 2761
network, 12, 129
write, 12, 180
read, 13, 2759
network, 13, 132
write, 13, 186
read, 14, 2761
network, 14, 126
write, 14, 180
read, 15, 2767
network, 15, 130
write, 15, 174
read, 16, 2765
network, 16, 129
write, 16, 175
read, 17, 2786
network, 17, 133
write, 17, 178
read, 18, 2782
network, 18, 128
write, 18, 179
read, 19, 2730
network, 19, 131
write, 19, 176
cmd-write, 0, 60832
# 1, 10gb, 1gb, false, first
read, 0, 26729
network, 0, 0
cmd-first, 0, 26729
# 1, 10gb, 1gb, false, first
read, 0, 26809
network, 0, 0
cmd-first, 0, 26809
# 1, 10gb, 1gb, false, first
read, 0, 26520
network, 0, 0
cmd-first, 0, 26520
# 1, 10gb, 1gb, false, read
size, 0, 0
read, 0, 48368
network, 0, 9595
read, 1, 42940
network, 1, 9083
read, 2, 39765
network, 2, 9169
read, 3, 35446
network, 3, 9211
read, 4, 31343
network, 4, 9095
read, 5, 27314
network, 5, 9302
read, 6, 23056
network, 6, 9298
read, 7, 18111
network, 7, 9139
read, 8, 13878
network, 8, 9226
read, 9, 8016
network, 9, 9262
# 1, 10gb, 1gb, false, read
size, 0, 0
read, 0, 50980
network, 0, 9694
read, 1, 42924
network, 1, 9192
read, 2, 38885
network, 2, 9078
read, 3, 34651
network, 3, 9208
read, 4, 30471
network, 4, 9137
read, 5, 26620
network, 5, 9142
read, 6, 22526
network, 6, 9161
read, 7, 17687
network, 7, 9117
read, 8, 13375
network, 8, 9158
read, 9, 7725
network, 9, 9202
cmd-read, 0, 378328
# 1, 10gb, 1gb, false, read
size, 0, 0
read, 0, 50690
network, 0, 9738
read, 1, 41576
network, 1, 9147
read, 2, 37440
network, 2, 9254
read, 3, 33211
network, 3, 9100
read, 4, 29315
network, 4, 9294
read, 5, 25268
network, 5, 9134
read, 6, 21591
network, 6, 9080
read, 7, 16911
network, 7, 9248
read, 8, 12785
network, 8, 9115
read, 9, 7360
network, 9, 9282
cmd-read, 0, 368939
# 1, 10gb, 1gb, false, write
size, 0, 0
read, 0, 50205
network, 0, 9808
write, 0, 3473
read, 1, 39655
network, 1, 9709
write, 1, 3527
read, 2, 35789
network, 2, 9269
write, 2, 3516
read, 3, 32390
network, 3, 9277
write, 3, 3595
read, 4, 28531
network, 4, 9310
write, 4, 3579
read, 5, 24520
network, 5, 9220
write, 5, 3527
read, 6, 21059
network, 6, 9173
write, 6, 3381
read, 7, 16529
network, 7, 9210
write, 7, 3421
read, 8, 12676
network, 8, 9076
write, 8, 3450
read, 9, 7141
network, 9, 9032
# 1, 10gb, 1gb, false, write
size, 0, 0
read, 0, 49585
network, 0, 9677
write, 0, 3403
read, 1, 39843
network, 1, 9692
write, 1, 3489
read, 2, 35731
network, 2, 9239
write, 2, 3544
read, 3, 32064
network, 3, 9222
write, 3, 3513
read, 4, 28568
network, 4, 9241
write, 4, 3560
read, 5, 24616
network, 5, 9189
write, 5, 3555
read, 6, 21182
network, 6, 9212
write, 6, 3069
read, 7, 16541
network, 7, 9086
write, 7, 3547
read, 8, 12593
network, 8, 9236
write, 8, 3503
read, 9, 7082
network, 9, 9201
read, 10, 2951
network, 10, 0
write, 9, 3471
cmd-write, 0, 366104
# 1, 10gb, 1gb, false, write
size, 0, 0
read, 0, 50090
network, 0, 9654
write, 0, 3455
read, 1, 39616
network, 1, 9723
write, 1, 3498
read, 2, 35791
network, 2, 9221
write, 2, 3539
read, 3, 32321
network, 3, 9187
write, 3, 3545
read, 4, 28525
network, 4, 9064
write, 4, 3583
read, 5, 24759
network, 5, 9038
write, 5, 3521
read, 6, 21055
network, 6, 9221
write, 6, 3197
read, 7, 16632
network, 7, 9227
write, 7, 3470
read, 8, 12706
network, 8, 9172
write, 8, 3467
read, 9, 8549
network, 9, 9053
read, 10, 2961
network, 10, 0
write, 9, 3450
cmd-write, 0, 368043
