# 1, 50, 2, false, read
size, 0, 0
read, 0, 213265
network, 0, 22914
read, 1, 184514
network, 1, 22163
read, 2, 180777
network, 2, 21983
read, 3, 179195
network, 3, 22113
read, 4, 180270
network, 4, 22056
read, 5, 176730
network, 5, 21954
read, 6, 174583
network, 6, 22014
read, 7, 174071
network, 7, 22156
read, 8, 171057
network, 8, 22072
read, 9, 176327
network, 9, 22129
read, 10, 170246
network, 10, 22047
read, 11, 167505
network, 11, 22026
read, 12, 163916
network, 12, 22035
read, 13, 161516
network, 13, 22055
read, 14, 159828
network, 14, 21967
read, 15, 155070
network, 15, 21956
read, 16, 157784
network, 16, 21994
read, 17, 151596
network, 17, 21998
read, 18, 152088
network, 18, 22170
read, 19, 144234
network, 19, 21989
read, 20, 143409
network, 20, 22134
read, 21, 140324
network, 21, 22150
read, 22, 140193
network, 22, 22185
read, 23, 140770
network, 23, 22125
read, 24, 141126
network, 24, 21976
cmd-read, 0, 4653454
