# Fri Sep 11 00:29:08 PDT 2015
# 1, 500, 0, read
record-value, 112
chunk-size, 1419243833, 24549
disks, 8

size, 5, 1, 5242880000, 0


read-start, 5, 1, 0, 1419243833, 11
read-wait, 5, 1, 0
read, 5, 1, 0, 1419243833, 282488
network, 1, 156554
read-start, 5, 2, 1419243833, 1419243833, 439055
read-wait, 5, 2, 0
read, 5, 2, 1419243833, 1419243833, 263649
network, 2, 157938
read-start, 5, 3, 2838487666, 1419243833, 860644
read-wait, 5, 3, 0
read, 5, 3, 2838487666, 1419243833, 218619
network, 3, 157067
read-start, 5, 4, 4257731499, 1419243833, 1236331
read-wait, 5, 4, 0
read, 5, 4, 4257731499, 985148501, 150626
network, 4, 109980

cmd-read, 1496927
