# Thu Sep 10 09:44:32 PDT 2015
record-value, 96
seek-chunk, 192300792
file, 4, 262144000

read-start, 1, 0, 171478413, 7057
circular-read-start, 4, 1, 26214400000, 8714
circular-read-total, 4, 1, 26214400000, 58130, 59477
linear-scan, 62860
-sort , 21703, 21
-merge, 18715, 21
-last , 842
read, 1, 171478413, 64517
network, 1, 801056

read-start, 2, 171478413, 90665587, 872862
circular-read-start, 4, 2, 26214400000, 873042
circular-read-total, 4, 2, 26214400000, 52608, 54038
linear-scan, 55277
-sort , 5747, 15
-merge, 6637, 15
-last , 299
read, 2, 90665587, 55457
network, 2, 419323

exit, 1347959
