# 1, 50, 10, false, read
recv-size, 0, 524288000
size, 0, 0
start-read, 0, 0, 104857600
read, 0, 262165
recv-read, 0, 0, 104857600
network, 0, 126529
start-read, 1, 104857600, 104857600
read, 1, 222793
recv-read, 1, 104857600, 104857600
network, 1, 122929
start-read, 2, 209715200, 104857600
read, 2, 175990
recv-read, 2, 209715200, 104857600
network, 2, 122724
start-read, 3, 314572800, 104857600
read, 3, 155360
recv-read, 3, 314572800, 104857600
network, 3, 122693
start-read, 4, 419430400, 104857600
read, 4, 155038
recv-read, 4, 419430400, 104857600
network, 4, 122790
start-read, 5, 524288000, 104857600
cmd-read, 0, 1590799
