# Fri Sep 11 16:57:10 PDT 2015
# 1, 500, 0, read
record-value, 112
chunk-size, 1419243833, 24549
disks, 8

size, 5, 1, 5242880000, 0


read-start, 5, 1, 0, 1419243833, 11
read-wait, 5, 1, 0
read, 5, 1, 0, 1419243833, 294735
network, 1, 126241
read-start, 5, 2, 1419243833, 1419243833, 420988
read-wait, 5, 2, 0
read, 5, 2, 1419243833, 1419243833, 272599
network, 2, 126025
read-start, 5, 3, 2838487666, 1419243833, 819613
read-wait, 5, 3, 0
read, 5, 3, 2838487666, 1419243833, 223728
network, 3, 126550
read-start, 5, 4, 4257731499, 1419243833, 1169892
read-wait, 5, 4, 0
read, 5, 4, 4257731499, 985148501, 173519
network, 4, 91831

cmd-read, 1435232
