# Fri Sep 11 16:57:10 PDT 2015
record-value, 96
seek-chunk, 1591580584
file, 4, 655360000
file, 5, 655360000
file, 6, 655360000
file, 7, 655360000
file, 8, 655360000
file, 9, 655360000
file, 10, 655360000
file, 11, 655360000

read-start, 1, 0, 1419243833, 656
circular-read-start, 5, 1, 65536000000, 15341
circular-read-start, 4, 1, 65536000000, 15341
circular-read-start, 6, 1, 65536000000, 15341
circular-read-start, 7, 1, 65536000000, 15341
circular-read-start, 9, 1, 65536000000, 15341
circular-read-start, 8, 1, 65536000000, 15341
circular-read-start, 10, 1, 65536000000, 15341
circular-read-start, 11, 1, 65536000000, 15342
circular-read-total, 5, 1, 65536000000, 161684, 272278
circular-read-total, 7, 1, 65536000000, 162365, 272306
circular-read-total, 4, 1, 65536000000, 163785, 272322
circular-read-total, 9, 1, 65536000000, 161751, 272447
circular-read-total, 8, 1, 65536000000, 164842, 272886
circular-read-total, 6, 1, 65536000000, 162404, 273108
circular-read-total, 11, 1, 65536000000, 163330, 273305
circular-read-total, 10, 1, 65536000000, 162066, 275690
linear-scan, 280038
-sort , 68164, 33
-merge, 96682, 33
-last , 4003
read, 1, 1419243833, 294721
network, 1, 126232

read-start, 2, 1419243833, 1419243833, 421614
circular-read-start, 4, 2, 65536000000, 425031
circular-read-start, 10, 2, 65536000000, 425031
circular-read-start, 7, 2, 65536000000, 425031
circular-read-start, 6, 2, 65536000000, 425031
circular-read-start, 11, 2, 65536000000, 425031
circular-read-start, 8, 2, 65536000000, 425031
circular-read-start, 9, 2, 65536000000, 425031
circular-read-start, 5, 2, 65536000000, 425031
circular-read-total, 8, 2, 65536000000, 153097, 260670
circular-read-total, 7, 2, 65536000000, 156126, 261481
circular-read-total, 9, 2, 65536000000, 155585, 262214
circular-read-total, 10, 2, 65536000000, 152138, 262230
circular-read-total, 4, 2, 65536000000, 153893, 262909
circular-read-total, 11, 2, 65536000000, 155935, 264164
circular-read-total, 6, 2, 65536000000, 156687, 264593
circular-read-total, 5, 2, 65536000000, 158903, 265369
linear-scan, 269169
-sort , 61342, 29
-merge, 79244, 29
-last , 2255
read, 2, 1419243833, 272586
network, 2, 126016

read-start, 3, 2838487666, 1419243833, 820221
circular-read-start, 5, 3, 65536000000, 823646
circular-read-start, 10, 3, 65536000000, 823646
circular-read-start, 8, 3, 65536000000, 823646
circular-read-start, 7, 3, 65536000000, 823646
circular-read-start, 11, 3, 65536000000, 823646
circular-read-start, 9, 3, 65536000000, 823646
circular-read-start, 4, 3, 65536000000, 823646
circular-read-start, 6, 3, 65536000000, 823646
circular-read-total, 10, 3, 65536000000, 159864, 214628
circular-read-total, 5, 3, 65536000000, 159292, 215307
circular-read-total, 9, 3, 65536000000, 164301, 215307
circular-read-total, 4, 3, 65536000000, 162715, 215308
circular-read-total, 8, 3, 65536000000, 163252, 216081
circular-read-total, 6, 3, 65536000000, 162251, 216358
circular-read-total, 11, 3, 65536000000, 162552, 216586
circular-read-total, 7, 3, 65536000000, 160886, 217130
linear-scan, 220292
-sort , 46603, 22
-merge, 67480, 22
-last , 2936
read, 3, 1419243833, 223717
network, 3, 126541

read-start, 4, 4257731499, 985148501, 1170483
circular-read-start, 4, 4, 65536000000, 1172858
circular-read-start, 10, 4, 65536000000, 1172858
circular-read-start, 5, 4, 65536000000, 1172858
circular-read-start, 6, 4, 65536000000, 1172858
circular-read-start, 7, 4, 65536000000, 1172858
circular-read-start, 8, 4, 65536000000, 1172858
circular-read-start, 11, 4, 65536000000, 1172858
circular-read-start, 9, 4, 65536000000, 1172858
circular-read-total, 8, 4, 65536000000, 158226, 161313
circular-read-total, 10, 4, 65536000000, 156757, 161340
circular-read-total, 4, 4, 65536000000, 158712, 161695
circular-read-total, 7, 4, 65536000000, 161210, 164012
circular-read-total, 5, 4, 65536000000, 162963, 165978
circular-read-total, 6, 4, 65536000000, 163454, 166288
circular-read-total, 9, 4, 65536000000, 164097, 167174
circular-read-total, 11, 4, 65536000000, 164382, 167438
linear-scan, 171136
-sort , 22398, 15
-merge, 38949, 15
-last , 956
read, 4, 985148501, 173510
network, 4, 91824

exit, 1435822
