# 1, 50, 2, true, read
recv-size, 0, 524288000
size, 0, 0
start-read, 0, 0, 20971520
read, 0, 120695
recv-read, 0, 0, 20971520
network, 0, 22186
start-read, 1, 20971520, 20971520
read, 1, 110174
recv-read, 1, 20971520, 20971520
network, 1, 21399
start-read, 2, 41943040, 20971520
read, 2, 109622
recv-read, 2, 41943040, 20971520
network, 2, 21500
start-read, 3, 62914560, 20971520
read, 3, 109516
recv-read, 3, 62914560, 20971520
network, 3, 21504
start-read, 4, 83886080, 20971520
read, 4, 109577
recv-read, 4, 83886080, 20971520
network, 4, 21458
start-read, 5, 104857600, 20971520
read, 5, 109554
recv-read, 5, 104857600, 20971520
network, 5, 21500
start-read, 6, 125829120, 20971520
read, 6, 109521
recv-read, 6, 125829120, 20971520
network, 6, 21432
start-read, 7, 146800640, 20971520
read, 7, 109512
recv-read, 7, 146800640, 20971520
network, 7, 21323
start-read, 8, 167772160, 20971520
read, 8, 109873
recv-read, 8, 167772160, 20971520
network, 8, 21468
start-read, 9, 188743680, 20971520
read, 9, 109568
recv-read, 9, 188743680, 20971520
network, 9, 21409
start-read, 10, 209715200, 20971520
read, 10, 109542
recv-read, 10, 209715200, 20971520
network, 10, 21343
start-read, 11, 230686720, 20971520
read, 11, 109534
recv-read, 11, 230686720, 20971520
network, 11, 21348
start-read, 12, 251658240, 20971520
read, 12, 109505
recv-read, 12, 251658240, 20971520
network, 12, 21326
start-read, 13, 272629760, 20971520
read, 13, 109519
recv-read, 13, 272629760, 20971520
network, 13, 21383
start-read, 14, 293601280, 20971520
read, 14, 109443
recv-read, 14, 293601280, 20971520
network, 14, 21373
start-read, 15, 314572800, 20971520
read, 15, 109463
recv-read, 15, 314572800, 20971520
network, 15, 21414
start-read, 16, 335544320, 20971520
read, 16, 109519
recv-read, 16, 335544320, 20971520
network, 16, 21395
start-read, 17, 356515840, 20971520
read, 17, 109451
recv-read, 17, 356515840, 20971520
network, 17, 21432
start-read, 18, 377487360, 20971520
read, 18, 109477
recv-read, 18, 377487360, 20971520
network, 18, 21258
start-read, 19, 398458880, 20971520
read, 19, 109421
recv-read, 19, 398458880, 20971520
network, 19, 21336
start-read, 20, 419430400, 20971520
read, 20, 109486
recv-read, 20, 419430400, 20971520
network, 20, 21421
start-read, 21, 440401920, 20971520
read, 21, 109462
recv-read, 21, 440401920, 20971520
network, 21, 21369
start-read, 22, 461373440, 20971520
read, 22, 109432
recv-read, 22, 461373440, 20971520
network, 22, 21334
start-read, 23, 482344960, 20971520
read, 23, 109496
recv-read, 23, 482344960, 20971520
network, 23, 21394
start-read, 24, 503316480, 20971520
read, 24, 109248
recv-read, 24, 503316480, 20971520
network, 24, 21417
start-read, 25, 524288000, 20971520
cmd-read, 0, 3285692
