# Sun Sep 20 01:00:58 PDT 2015
# 6, 200, 0, read
max-chunk, 3, 1, 171511808, 0
chunk-size, 171511808, 3514
disks, 8

size, 3, 2, 2000000000, 0
size, 4, 1, 2000000000, 0
size, 5, 1, 2000000000, 0
size, 6, 1, 2000000000, 0
size, 7, 1, 2000000000, 0
size, 8, 1, 2000000000, 0
size, 9, 1, 2000000000, 0


read-start, 3, 1, 0, 171511808, 22
read-start, 4, 1, 0, 171511808, 22
read-start, 5, 1, 0, 171511808, 22
read-start, 6, 1, 0, 171511808, 22
read-start, 7, 1, 0, 171511808, 22
read-start, 8, 1, 0, 171511808, 22
read-start, 9, 1, 0, 171511808, 22
read-wait, 3, 1, 0
read, 3, 1, 0, 171511808, 416382
circular-read-start, 3, 1, 17151180800, 416404
read-wait, 4, 1, 416571
read, 4, 1, 0, 171511808, 442956
circular-read-start, 4, 1, 17151180800, 442978
read-wait, 5, 1, 443126
read, 5, 1, 0, 171511808, 443126
circular-read-start, 5, 1, 17151180800, 443148
read-wait, 6, 1, 443143
read, 6, 1, 0, 171511808, 445060
circular-read-start, 6, 1, 17151180800, 445082
read-wait, 7, 1, 445235
read, 7, 1, 0, 171511808, 445235
circular-read-start, 7, 1, 17151180800, 445257
read-wait, 8, 1, 445237
read, 8, 1, 0, 171511808, 445237
circular-read-start, 8, 1, 17151180800, 445260
read-wait, 9, 1, 445240
read, 9, 1, 0, 171511808, 445240
circular-read-start, 9, 1, 17151180800, 445262
read-start, 3, 2, 171511808, 171511808, 632026
circular-read-total, 3, 1, 17151180800, 18618, 215622
read-start, 5, 2, 171511808, 171511808, 638759
circular-read-total, 5, 1, 17151180800, 76062, 195610
read-start, 4, 2, 171511808, 171511808, 638859
circular-read-total, 4, 1, 17151180800, 77316, 195880
read-start, 7, 2, 171511808, 171511808, 640846
circular-read-total, 7, 1, 17151180800, 79536, 195588
read-start, 8, 2, 171511808, 171511808, 640908
circular-read-total, 8, 1, 17151180800, 77489, 195648
read-start, 9, 2, 171511808, 171511808, 640911
circular-read-total, 9, 1, 17151180800, 79549, 195649
read-wait, 5, 2, 2194
read-start, 6, 2, 171511808, 171511808, 640957
circular-read-total, 6, 1, 17151180800, 80999, 195874
read, 5, 2, 171511808, 171511808, 413293
circular-read-start, 5, 2, 17151180800, 1052053
read-wait, 7, 2, 411349
read, 7, 2, 171511808, 171511808, 414193
circular-read-start, 7, 2, 17151180800, 1055039
read-wait, 4, 2, 416325
read, 4, 2, 171511808, 171511808, 416325
circular-read-start, 4, 2, 17151180800, 1055184
read-wait, 6, 2, 414230
read, 6, 2, 171511808, 171511808, 416298
circular-read-start, 6, 2, 17151180800, 1057255
read-wait, 9, 2, 416482
read, 9, 2, 171511808, 171511808, 416482
circular-read-start, 9, 2, 17151180800, 1057394
read-wait, 3, 2, 425371
read, 3, 2, 171511808, 171511808, 425371
circular-read-start, 3, 2, 17151180800, 1057397
read-wait, 8, 2, 416491
read, 8, 2, 171511808, 171511808, 416491
circular-read-start, 8, 2, 17151180800, 1057400
read-start, 5, 3, 343023616, 171511808, 1247343
circular-read-total, 5, 2, 17151180800, 23413, 195290
read-start, 7, 3, 343023616, 171511808, 1250725
circular-read-total, 7, 2, 17151180800, 73905, 195685
read-start, 4, 3, 343023616, 171511808, 1250905
circular-read-total, 4, 2, 17151180800, 71724, 195720
read-start, 6, 3, 343023616, 171511808, 1252904
circular-read-total, 6, 2, 17151180800, 87669, 195648
read-start, 3, 3, 343023616, 171511808, 1252906
circular-read-total, 3, 2, 17151180800, 78087, 195509
read-start, 8, 3, 343023616, 171511808, 1253066
circular-read-total, 8, 2, 17151180800, 83235, 195666
read-wait, 6, 3, 194
read-start, 9, 3, 343023616, 171511808, 1253142
circular-read-total, 9, 2, 17151180800, 80960, 195747
read, 6, 3, 343023616, 171511808, 416506
circular-read-start, 6, 3, 17151180800, 1669411
read-wait, 5, 3, 422206
read, 5, 3, 343023616, 171511808, 422206
circular-read-start, 5, 3, 17151180800, 1669549
read-wait, 7, 3, 418826
read, 7, 3, 343023616, 171511808, 418826
circular-read-start, 7, 3, 17151180800, 1669552
read-wait, 4, 3, 418652
read, 4, 3, 343023616, 171511808, 418652
circular-read-start, 4, 3, 17151180800, 1669558
read-wait, 8, 3, 416511
read, 8, 3, 343023616, 171511808, 417579
circular-read-start, 8, 3, 17151180800, 1670645
read-wait, 9, 3, 417643
read, 9, 3, 343023616, 171511808, 417643
circular-read-start, 9, 3, 17151180800, 1670785
read-wait, 3, 3, 417883
read, 3, 3, 343023616, 171511808, 417883
circular-read-start, 3, 3, 17151180800, 1670789
read-start, 5, 4, 514535424, 171511808, 1864996
circular-read-total, 5, 3, 17151180800, 87570, 195446
read-start, 7, 4, 514535424, 171511808, 1865075
circular-read-total, 7, 3, 17151180800, 75276, 195523
read-start, 4, 4, 514535424, 171511808, 1865207
circular-read-total, 4, 3, 17151180800, 75128, 195649
read-start, 6, 4, 514535424, 171511808, 1865300
circular-read-total, 6, 3, 17151180800, 89847, 195889
read-start, 3, 4, 514535424, 171511808, 1866277
circular-read-total, 3, 3, 17151180800, 84615, 195487
read-start, 9, 4, 514535424, 171511808, 1866370
circular-read-total, 9, 3, 17151180800, 76741, 195584
read-wait, 5, 4, 1382
read-start, 8, 4, 514535424, 171511808, 1866402
circular-read-total, 8, 3, 17151180800, 86322, 195756
read, 5, 4, 514535424, 171511808, 413202
circular-read-start, 5, 4, 17151180800, 2278198
read-wait, 6, 4, 413042
read, 6, 4, 514535424, 171511808, 415822
circular-read-start, 6, 4, 17151180800, 2281123
read-wait, 7, 4, 416187
read, 7, 4, 514535424, 171511808, 416187
circular-read-start, 7, 4, 17151180800, 2281262
read-wait, 4, 4, 416059
read, 4, 4, 514535424, 171511808, 416059
circular-read-start, 4, 4, 17151180800, 2281266
read-wait, 8, 4, 414871
read, 8, 4, 514535424, 171511808, 416478
circular-read-start, 8, 4, 17151180800, 2282881
read-wait, 9, 4, 416652
read, 9, 4, 514535424, 171511808, 416652
circular-read-start, 9, 4, 17151180800, 2283022
read-wait, 3, 4, 416756
read, 3, 4, 514535424, 171511808, 416756
circular-read-start, 3, 4, 17151180800, 2283034
read-start, 5, 5, 686047232, 171511808, 2472985
circular-read-total, 5, 4, 17151180800, 19229, 194787
read-start, 7, 5, 686047232, 171511808, 2476858
circular-read-total, 7, 4, 17151180800, 76945, 195595
read-start, 4, 5, 686047232, 171511808, 2476882
circular-read-total, 4, 4, 17151180800, 78753, 195615
read-start, 6, 5, 686047232, 171511808, 2477027
circular-read-total, 6, 4, 17151180800, 85620, 195904
read-start, 9, 5, 686047232, 171511808, 2478504
circular-read-total, 9, 4, 17151180800, 76350, 195481
read-wait, 5, 5, 5645
read-start, 3, 5, 686047232, 171511808, 2478650
circular-read-total, 3, 4, 17151180800, 78572, 195615
read-start, 8, 5, 686047232, 171511808, 2478668
circular-read-total, 8, 4, 17151180800, 89445, 195787
read, 5, 5, 686047232, 171511808, 413474
circular-read-start, 5, 5, 17151180800, 2886460
read-wait, 6, 5, 409579
read, 6, 5, 686047232, 171511808, 415740
circular-read-start, 6, 5, 17151180800, 2892768
read-wait, 7, 5, 416046
read, 7, 5, 686047232, 171511808, 416046
circular-read-start, 7, 5, 17151180800, 2892905
read-wait, 4, 5, 416029
read, 4, 5, 686047232, 171511808, 416029
circular-read-start, 4, 5, 17151180800, 2892912
read-wait, 8, 5, 414248
read, 8, 5, 686047232, 171511808, 416684
circular-read-start, 8, 5, 17151180800, 2895352
read-wait, 9, 5, 416990
read, 9, 5, 686047232, 171511808, 416990
circular-read-start, 9, 5, 17151180800, 2895495
read-wait, 3, 5, 416855
read, 3, 5, 686047232, 171511808, 416855
circular-read-start, 3, 5, 17151180800, 2895505
read-start, 5, 6, 857559040, 171511808, 3084986
circular-read-total, 5, 5, 17151180800, 48957, 198526
read-start, 6, 6, 857559040, 171511808, 3088443
circular-read-total, 6, 5, 17151180800, 76771, 195675
read-start, 4, 6, 857559040, 171511808, 3089022
circular-read-total, 4, 5, 17151180800, 85179, 196109
read-start, 7, 6, 857559040, 171511808, 3089088
circular-read-total, 7, 5, 17151180800, 73150, 196182
read-start, 3, 6, 857559040, 171511808, 3091042
circular-read-total, 3, 5, 17151180800, 79949, 195536
read-start, 8, 6, 857559040, 171511808, 3091174
circular-read-total, 8, 5, 17151180800, 73804, 195821
read-wait, 5, 6, 6393
read-start, 9, 6, 857559040, 171511808, 3091567
circular-read-total, 9, 5, 17151180800, 73943, 196072
read, 5, 6, 857559040, 171511808, 413602
circular-read-start, 5, 6, 17151180800, 3498589
read-wait, 6, 6, 410291
read, 6, 6, 857559040, 171511808, 416029
circular-read-start, 6, 6, 17151180800, 3504473
read-wait, 7, 6, 415528
read, 7, 6, 857559040, 171511808, 415528
circular-read-start, 7, 6, 17151180800, 3504616
read-wait, 4, 6, 415604
read, 4, 6, 857559040, 171511808, 415604
circular-read-start, 4, 6, 17151180800, 3504626
read-wait, 9, 6, 413063
read, 9, 6, 857559040, 171511808, 413990
circular-read-start, 9, 6, 17151180800, 3505558
read-wait, 8, 6, 414525
read, 8, 6, 857559040, 171511808, 416644
circular-read-start, 8, 6, 17151180800, 3507819
read-wait, 3, 6, 416931
read, 3, 6, 857559040, 171511808, 416931
circular-read-start, 3, 6, 17151180800, 3507973
read-start, 5, 7, 1029070848, 171511808, 3697895
circular-read-total, 5, 6, 17151180800, 40107, 199306
read-start, 6, 7, 1029070848, 171511808, 3700976
circular-read-total, 6, 6, 17151180800, 59473, 196503
read-start, 7, 7, 1029070848, 171511808, 3701061
circular-read-total, 7, 6, 17151180800, 67410, 196444
read-start, 4, 7, 1029070848, 171511808, 3701137
circular-read-total, 4, 6, 17151180800, 75250, 196510
read-start, 9, 7, 1029070848, 171511808, 3701426
circular-read-total, 9, 6, 17151180800, 82723, 195868
read-start, 8, 7, 1029070848, 171511808, 3703570
circular-read-total, 8, 6, 17151180800, 72412, 195750
read-wait, 5, 7, 5709
read-start, 3, 7, 1029070848, 171511808, 3703709
circular-read-total, 3, 6, 17151180800, 67076, 195735
read, 5, 7, 1029070848, 171511808, 413077
circular-read-start, 5, 7, 17151180800, 4110973
read-wait, 6, 7, 410138
read, 6, 7, 1029070848, 171511808, 415730
circular-read-start, 6, 7, 17151180800, 4116706
read-wait, 7, 7, 415795
read, 7, 7, 1029070848, 171511808, 415795
circular-read-start, 7, 7, 17151180800, 4116856
read-wait, 9, 7, 415441
read, 9, 7, 1029070848, 171511808, 415441
circular-read-start, 9, 7, 17151180800, 4116868
read-wait, 8, 7, 413303
read, 8, 7, 1029070848, 171511808, 415920
circular-read-start, 8, 7, 17151180800, 4119491
read-wait, 4, 7, 418495
read, 4, 7, 1029070848, 171511808, 418495
circular-read-start, 4, 7, 17151180800, 4119633
read-wait, 3, 7, 415948
read, 3, 7, 1029070848, 171511808, 415948
circular-read-start, 3, 7, 17151180800, 4119658
read-start, 5, 8, 1200582656, 171511808, 4309682
circular-read-total, 5, 7, 17151180800, 29665, 198709
read-start, 7, 8, 1200582656, 171511808, 4312487
circular-read-total, 7, 7, 17151180800, 62939, 195630
read-start, 6, 8, 1200582656, 171511808, 4312495
circular-read-total, 6, 7, 17151180800, 65728, 195788
read-start, 9, 8, 1200582656, 171511808, 4312649
circular-read-total, 9, 7, 17151180800, 75103, 195781
read-start, 3, 8, 1200582656, 171511808, 4315307
circular-read-total, 3, 7, 17151180800, 76691, 195649
read-start, 4, 8, 1200582656, 171511808, 4315396
circular-read-total, 4, 7, 17151180800, 64437, 195763
read-wait, 6, 8, 2942
read-start, 8, 8, 1200582656, 171511808, 4315599
circular-read-total, 8, 7, 17151180800, 78040, 196108
read, 6, 8, 1200582656, 171511808, 415768
circular-read-start, 6, 8, 17151180800, 4728263
read-wait, 5, 8, 418723
read, 5, 8, 1200582656, 171511808, 418723
circular-read-start, 5, 8, 17151180800, 4728405
read-wait, 7, 8, 415927
read, 7, 8, 1200582656, 171511808, 415927
circular-read-start, 7, 8, 17151180800, 4728414
read-wait, 8, 8, 412821
read, 8, 8, 1200582656, 171511808, 416313
circular-read-start, 8, 8, 17151180800, 4731913
read-wait, 9, 8, 419406
read, 9, 8, 1200582656, 171511808, 419406
circular-read-start, 9, 8, 17151180800, 4732055
read-wait, 4, 8, 416663
read, 4, 8, 1200582656, 171511808, 416663
circular-read-start, 4, 8, 17151180800, 4732060
read-wait, 3, 8, 416970
read, 3, 8, 1200582656, 171511808, 416970
circular-read-start, 3, 8, 17151180800, 4732277
read-start, 6, 9, 1372094464, 171511808, 4923699
circular-read-total, 6, 8, 17151180800, 40940, 195436
read-start, 5, 9, 1372094464, 171511808, 4924129
circular-read-total, 5, 8, 17151180800, 62931, 195724
read-start, 7, 9, 1372094464, 171511808, 4925094
circular-read-total, 7, 8, 17151180800, 70441, 196680
read-start, 8, 9, 1372094464, 171511808, 4927659
circular-read-total, 8, 8, 17151180800, 78296, 195745
read-start, 4, 9, 1372094464, 171511808, 4927782
circular-read-total, 4, 8, 17151180800, 81091, 195722
read-wait, 6, 9, 4258
read-start, 3, 9, 1372094464, 171511808, 4927995
circular-read-total, 3, 8, 17151180800, 68686, 195717
read-start, 9, 9, 1372094464, 171511808, 4928120
circular-read-total, 9, 8, 17151180800, 73964, 196064
read, 6, 9, 1372094464, 171511808, 416373
circular-read-start, 6, 9, 17151180800, 5340073
read-wait, 5, 9, 416092
read, 5, 9, 1372094464, 171511808, 416092
circular-read-start, 5, 9, 17151180800, 5340222
read-wait, 8, 9, 412571
read, 8, 9, 1372094464, 171511808, 417091
circular-read-start, 8, 9, 17151180800, 5344751
read-wait, 9, 9, 416769
read, 9, 9, 1372094464, 171511808, 416769
circular-read-start, 9, 9, 17151180800, 5344890
read-wait, 7, 9, 419798
read, 7, 9, 1372094464, 171511808, 419798
circular-read-start, 7, 9, 17151180800, 5344893
read-wait, 4, 9, 417123
read, 4, 9, 1372094464, 171511808, 417123
circular-read-start, 4, 9, 17151180800, 5344906
read-wait, 3, 9, 416932
read, 3, 9, 1372094464, 171511808, 416932
circular-read-start, 3, 9, 17151180800, 5344927
read-start, 6, 10, 1543606272, 171511808, 5535469
circular-read-total, 6, 9, 17151180800, 50240, 195401
read-start, 5, 10, 1543606272, 171511808, 5537839
circular-read-total, 5, 9, 17151180800, 85444, 197616
read-start, 9, 10, 1543606272, 171511808, 5540388
circular-read-total, 9, 9, 17151180800, 68731, 195498
read-start, 7, 10, 1543606272, 171511808, 5540438
circular-read-total, 7, 9, 17151180800, 85200, 195545
read-start, 8, 10, 1543606272, 171511808, 5540537
circular-read-total, 8, 9, 17151180800, 92632, 195785
read-start, 3, 10, 1543606272, 171511808, 5540642
circular-read-total, 3, 9, 17151180800, 74543, 195714
read-start, 4, 10, 1543606272, 171511808, 5540877
circular-read-total, 4, 9, 17151180800, 71680, 195971
read-wait, 6, 10, 5463
read, 6, 10, 1543606272, 171511808, 415691
circular-read-start, 6, 10, 17151180800, 5951160
read-wait, 5, 10, 413469
read, 5, 10, 1543606272, 171511808, 413469
circular-read-start, 5, 10, 17151180800, 5951308
read-wait, 7, 10, 410872
read, 7, 10, 1543606272, 171511808, 413357
circular-read-start, 7, 10, 17151180800, 5953795
read-wait, 8, 10, 413412
read, 8, 10, 1543606272, 171511808, 416435
circular-read-start, 8, 10, 17151180800, 5956972
read-wait, 9, 10, 416722
read, 9, 10, 1543606272, 171511808, 416722
circular-read-start, 9, 10, 17151180800, 5957110
read-wait, 4, 10, 416239
read, 4, 10, 1543606272, 171511808, 416239
circular-read-start, 4, 10, 17151180800, 5957117
read-wait, 3, 10, 416698
read, 3, 10, 1543606272, 171511808, 416698
circular-read-start, 3, 10, 17151180800, 5957340
read-start, 6, 11, 1715118080, 171511808, 6149025
circular-read-total, 6, 10, 17151180800, 50848, 197864
read-start, 7, 11, 1715118080, 171511808, 6149428
circular-read-total, 7, 10, 17151180800, 51816, 195632
read-start, 5, 11, 1715118080, 171511808, 6149582
circular-read-total, 5, 10, 17151180800, 46806, 198274
read-start, 8, 11, 1715118080, 171511808, 6152761
circular-read-total, 8, 10, 17151180800, 85888, 195788
read-start, 9, 11, 1715118080, 171511808, 6152865
circular-read-total, 9, 10, 17151180800, 80260, 195754
read-start, 3, 11, 1715118080, 171511808, 6153005
circular-read-total, 3, 10, 17151180800, 73191, 195664
read-wait, 6, 11, 3982
read-start, 4, 11, 1715118080, 171511808, 6153037
circular-read-total, 4, 10, 17151180800, 75491, 195919
read, 6, 11, 1715118080, 171511808, 415591
circular-read-start, 6, 11, 17151180800, 6564616
read-wait, 8, 11, 411993
read, 8, 11, 1715118080, 171511808, 416616
circular-read-start, 8, 11, 17151180800, 6569378
read-wait, 7, 11, 420092
read, 7, 11, 1715118080, 171511808, 420092
circular-read-start, 7, 11, 17151180800, 6569520
read-wait, 9, 11, 416657
read, 9, 11, 1715118080, 171511808, 416657
circular-read-start, 9, 11, 17151180800, 6569522
read-wait, 5, 11, 419946
read, 5, 11, 1715118080, 171511808, 419946
circular-read-start, 5, 11, 17151180800, 6569529
read-wait, 4, 11, 416496
read, 4, 11, 1715118080, 171511808, 416496
circular-read-start, 4, 11, 17151180800, 6569534
read-wait, 3, 11, 416540
read, 3, 11, 1715118080, 171511808, 416540
circular-read-start, 3, 11, 17151180800, 6569546
read-start, 6, 12, 1886629888, 113370112, 6759301
circular-read-total, 6, 11, 17151180800, 13987, 194684
read-start, 5, 12, 1886629888, 113370112, 6765059
circular-read-total, 5, 11, 17151180800, 88714, 195530
read-start, 9, 12, 1886629888, 113370112, 6765060
circular-read-total, 9, 11, 17151180800, 84489, 195537
read-start, 3, 12, 1886629888, 113370112, 6765101
circular-read-total, 3, 11, 17151180800, 75565, 195555
read-start, 8, 12, 1886629888, 113370112, 6765208
circular-read-total, 8, 11, 17151180800, 76473, 195829
read-start, 4, 12, 1886629888, 113370112, 6765247
circular-read-total, 4, 11, 17151180800, 78947, 195713
read-start, 7, 12, 1886629888, 113370112, 6765394
circular-read-total, 7, 11, 17151180800, 71663, 195874
read-wait, 9, 12, 363
read, 9, 12, 1886629888, 113370112, 413081
circular-read-start, 9, 12, 11337011200, 7178141
read-wait, 5, 12, 413224
read, 5, 12, 1886629888, 113370112, 413224
circular-read-start, 5, 12, 11337011200, 7178284
read-wait, 6, 12, 419089
read, 6, 12, 1886629888, 113370112, 419089
circular-read-start, 6, 12, 11337011200, 7178391
read-wait, 8, 12, 413185
read, 8, 12, 1886629888, 113370112, 416705
circular-read-start, 8, 12, 11337011200, 7181913
read-wait, 7, 12, 416657
read, 7, 12, 1886629888, 113370112, 416657
circular-read-start, 7, 12, 11337011200, 7182051
read-wait, 4, 12, 416809
read, 4, 12, 1886629888, 113370112, 416809
circular-read-start, 4, 12, 11337011200, 7182057
read-wait, 3, 12, 416960
read, 3, 12, 1886629888, 113370112, 416960
circular-read-start, 3, 12, 11337011200, 7182062
circular-read-total, 5, 12, 11337011200, 42398, 128853
circular-read-total, 6, 12, 11337011200, 55704, 128850
circular-read-total, 9, 12, 11337011200, 48938, 129701
circular-read-total, 7, 12, 11337011200, 47713, 127951
circular-read-total, 4, 12, 11337011200, 48159, 127963
circular-read-total, 3, 12, 11337011200, 47452, 128093
circular-read-total, 8, 12, 11337011200, 50500, 128244

cmd-read, 7310289
