# Sun Sep 20 01:00:58 PDT 2015
memory, 32170233856
record-value, 112
seek-chunk, 171511808
file, 4, 2000000000

read-start, 1, 0, 171511808, 7345
circular-read-start, 4, 1, 200000000000, 8994
circular-read-total, 4, 1, 200000000000, 428930, 440257
linear-scan, 441259
-sort , 46429, 50
-merge, 27102, 50
-last , 1000
read, 1, 171511808, 442909
network, 1, 197960

read-start, 2, 171511808, 171511808, 648258
circular-read-start, 4, 2, 200000000000, 648604
circular-read-total, 4, 2, 200000000000, 402920, 415350
linear-scan, 416038
-sort , 44889, 49
-merge, 26504, 49
-last , 687
read, 2, 171511808, 416384
network, 2, 195760

read-start, 3, 343023616, 171511808, 1260441
circular-read-start, 4, 3, 200000000000, 1260786
circular-read-total, 4, 3, 200000000000, 403206, 415975
linear-scan, 417252
-sort , 43687, 47
-merge, 25062, 47
-last , 1275
read, 3, 171511808, 417596
network, 3, 195730

read-start, 4, 514535424, 171511808, 1873803
circular-read-start, 4, 4, 200000000000, 1874148
circular-read-total, 4, 4, 200000000000, 402724, 415477
linear-scan, 416151
-sort , 42628, 46
-merge, 25298, 46
-last , 672
read, 4, 171511808, 416495
network, 4, 195765

read-start, 5, 686047232, 171511808, 2486094
circular-read-start, 4, 5, 200000000000, 2486442
circular-read-total, 4, 5, 200000000000, 402731, 415462
linear-scan, 416354
-sort , 41075, 44
-merge, 24096, 44
-last , 890
read, 5, 171511808, 416701
network, 5, 195797

read-start, 6, 857559040, 171511808, 3098626
circular-read-start, 4, 6, 200000000000, 3098969
circular-read-total, 4, 6, 200000000000, 402646, 415455
linear-scan, 416318
-sort , 39071, 42
-merge, 23128, 42
-last , 862
read, 6, 171511808, 416661
network, 6, 195722

read-start, 7, 1029070848, 171511808, 3711047
circular-read-start, 4, 7, 200000000000, 3711392
circular-read-total, 4, 7, 200000000000, 402498, 415094
linear-scan, 415592
-sort , 36856, 40
-merge, 21831, 40
-last , 496
read, 7, 171511808, 415937
network, 7, 195885

read-start, 8, 1200582656, 171511808, 4323102
circular-read-start, 4, 8, 200000000000, 4323446
circular-read-total, 4, 8, 200000000000, 402484, 415290
linear-scan, 415987
-sort , 34558, 37
-merge, 20376, 37
-last , 695
read, 8, 171511808, 416331
network, 8, 195712

read-start, 9, 1372094464, 171511808, 4935187
circular-read-start, 4, 9, 200000000000, 4935530
circular-read-total, 4, 9, 200000000000, 402624, 415532
linear-scan, 416766
-sort , 31602, 33
-merge, 18552, 33
-last , 1233
read, 9, 171511808, 417108
network, 9, 195548

read-start, 10, 1543606272, 171511808, 5548090
circular-read-start, 4, 10, 200000000000, 5548435
circular-read-total, 4, 10, 200000000000, 402614, 415544
linear-scan, 416107
-sort , 27316, 29
-merge, 16533, 29
-last , 562
read, 10, 171511808, 416452
network, 10, 195571

read-start, 11, 1715118080, 171511808, 6160340
circular-read-start, 4, 11, 200000000000, 6160684
circular-read-total, 4, 11, 200000000000, 402567, 415546
linear-scan, 416289
-sort , 20987, 22
-merge, 12260, 22
-last , 741
read, 11, 171511808, 416633
network, 11, 195835

read-start, 12, 1886629888, 113370112, 6772812
circular-read-start, 4, 12, 200000000000, 6773038
circular-read-total, 4, 12, 200000000000, 402457, 415288
linear-scan, 416496
-sort , 9002, 15
-merge, 5721, 15
-last , 259
read, 12, 113370112, 416722
network, 12, 128207

exit, 7317937
