# Sun Sep 20 01:00:58 PDT 2015
memory, 32170233856
record-value, 112
seek-chunk, 171511808
file, 4, 2000000000

read-start, 1, 0, 171511808, 5903
circular-read-start, 4, 1, 200000000000, 7492
circular-read-total, 4, 1, 200000000000, 429819, 440424
linear-scan, 441431
-sort , 46304, 50
-merge, 26417, 50
-last , 1006
read, 1, 171511808, 443020
network, 1, 197995

read-start, 2, 171511808, 171511808, 646922
circular-read-start, 4, 2, 200000000000, 647266
circular-read-total, 4, 2, 200000000000, 401912, 413171
linear-scan, 413850
-sort , 45593, 49
-merge, 26711, 49
-last , 678
read, 2, 171511808, 414194
network, 2, 195640

read-start, 3, 343023616, 171511808, 1256804
circular-read-start, 4, 3, 200000000000, 1257148
circular-read-total, 4, 3, 200000000000, 401559, 412541
linear-scan, 413820
-sort , 43666, 47
-merge, 25304, 47
-last , 1277
read, 3, 171511808, 414164
network, 3, 200153

read-start, 4, 514535424, 171511808, 1871156
circular-read-start, 4, 4, 200000000000, 1871500
circular-read-total, 4, 4, 200000000000, 401784, 412848
linear-scan, 413527
-sort , 42559, 46
-merge, 24740, 46
-last , 677
read, 4, 171511808, 413870
network, 4, 197872

read-start, 5, 686047232, 171511808, 2482942
circular-read-start, 4, 5, 200000000000, 2483286
circular-read-total, 4, 5, 200000000000, 401818, 412966
linear-scan, 413876
-sort , 41118, 44
-merge, 24002, 44
-last , 909
read, 5, 171511808, 414220
network, 5, 197988

read-start, 6, 857559040, 171511808, 3095174
circular-read-start, 4, 6, 200000000000, 3095518
circular-read-total, 4, 6, 200000000000, 401589, 412553
linear-scan, 413434
-sort , 39142, 42
-merge, 22445, 42
-last , 880
read, 6, 171511808, 413778
network, 6, 198193

read-start, 7, 1029070848, 171511808, 3707149
circular-read-start, 4, 7, 200000000000, 3707493
circular-read-total, 4, 7, 200000000000, 401715, 412571
linear-scan, 413073
-sort , 37025, 40
-merge, 21339, 40
-last , 500
read, 7, 171511808, 413417
network, 7, 197977

read-start, 8, 1200582656, 171511808, 4318578
circular-read-start, 4, 8, 200000000000, 4318924
circular-read-total, 4, 8, 200000000000, 401537, 412474
linear-scan, 413166
-sort , 34362, 37
-merge, 19704, 37
-last , 691
read, 8, 171511808, 413512
network, 8, 199064

read-start, 9, 1372094464, 171511808, 4931188
circular-read-start, 4, 9, 200000000000, 4931533
circular-read-total, 4, 9, 200000000000, 401597, 412530
linear-scan, 413750
-sort , 31247, 33
-merge, 17860, 33
-last , 1218
read, 9, 171511808, 414095
network, 9, 201230

read-start, 10, 1543606272, 171511808, 5546534
circular-read-start, 4, 10, 200000000000, 5546883
circular-read-total, 4, 10, 200000000000, 401511, 412447
linear-scan, 413009
-sort , 27049, 29
-merge, 15692, 29
-last , 561
read, 10, 171511808, 413358
network, 10, 195631

read-start, 11, 1715118080, 171511808, 6155526
circular-read-start, 4, 11, 200000000000, 6155873
circular-read-total, 4, 11, 200000000000, 401520, 412323
linear-scan, 413071
-sort , 20784, 22
-merge, 12020, 22
-last , 747
read, 11, 171511808, 413419
network, 11, 202546

read-start, 12, 1886629888, 113370112, 6771494
circular-read-start, 4, 12, 200000000000, 6771722
circular-read-total, 4, 12, 200000000000, 401240, 411958
linear-scan, 413208
-sort , 9075, 15
-merge, 5517, 15
-last , 309
read, 12, 113370112, 413436
network, 12, 131140

exit, 7316413
