# Sun Sep 20 01:00:58 PDT 2015
memory, 32170233856
record-value, 112
seek-chunk, 171511808
file, 4, 2000000000

read-start, 1, 0, 171511808, 3474
circular-read-start, 4, 1, 200000000000, 5078
circular-read-total, 4, 1, 200000000000, 430059, 440378
linear-scan, 441374
-sort , 46056, 50
-merge, 26622, 50
-last , 994
read, 1, 171511808, 442977
network, 1, 195725

read-start, 2, 171511808, 171511808, 642218
circular-read-start, 4, 2, 200000000000, 642564
circular-read-total, 4, 2, 200000000000, 401791, 412256
linear-scan, 412952
-sort , 44522, 49
-merge, 25633, 49
-last , 694
read, 2, 171511808, 413298
network, 2, 195277

read-start, 3, 343023616, 171511808, 1250809
circular-read-start, 4, 3, 200000000000, 1251158
circular-read-total, 4, 3, 200000000000, 401777, 412262
linear-scan, 413568
-sort , 43426, 47
-merge, 24743, 47
-last , 1304
read, 3, 171511808, 413918
network, 3, 203722

read-start, 4, 514535424, 171511808, 1868468
circular-read-start, 4, 4, 200000000000, 1868813
circular-read-total, 4, 4, 200000000000, 401666, 412192
linear-scan, 412861
-sort , 42003, 46
-merge, 24167, 46
-last , 668
read, 4, 171511808, 413206
network, 4, 194779

read-start, 5, 686047232, 171511808, 2476465
circular-read-start, 4, 5, 200000000000, 2476812
circular-read-total, 4, 5, 200000000000, 401718, 412235
linear-scan, 413131
-sort , 40459, 44
-merge, 23297, 44
-last , 895
read, 5, 171511808, 413478
network, 5, 198483

read-start, 6, 857559040, 171511808, 3088472
circular-read-start, 4, 6, 200000000000, 3088819
circular-read-total, 4, 6, 200000000000, 401752, 412385
linear-scan, 413259
-sort , 38769, 42
-merge, 22217, 42
-last , 873
read, 6, 171511808, 413607
network, 6, 199253

read-start, 7, 1029070848, 171511808, 3701388
circular-read-start, 4, 7, 200000000000, 3701737
circular-read-total, 4, 7, 200000000000, 401749, 412234
linear-scan, 412732
-sort , 36507, 40
-merge, 21036, 40
-last , 497
read, 7, 171511808, 413081
network, 7, 198705

read-start, 8, 1200582656, 171511808, 4313181
circular-read-start, 4, 8, 200000000000, 4313526
circular-read-total, 4, 8, 200000000000, 401704, 412508
linear-scan, 413203
-sort , 34258, 37
-merge, 19674, 37
-last , 694
read, 8, 171511808, 413547
network, 8, 200874

read-start, 9, 1372094464, 171511808, 4927636
circular-read-start, 4, 9, 200000000000, 4927981
circular-read-total, 4, 9, 200000000000, 401582, 412000
linear-scan, 413197
-sort , 30856, 33
-merge, 17484, 33
-last , 1196
read, 9, 171511808, 413543
network, 9, 200141

read-start, 10, 1543606272, 171511808, 5541352
circular-read-start, 4, 10, 200000000000, 5541699
circular-read-total, 4, 10, 200000000000, 401408, 411876
linear-scan, 412443
-sort , 26896, 29
-merge, 15329, 29
-last , 565
read, 10, 171511808, 412790
network, 10, 198952

read-start, 11, 1715118080, 171511808, 6153102
circular-read-start, 4, 11, 200000000000, 6153448
circular-read-total, 4, 11, 200000000000, 401464, 411957
linear-scan, 412698
-sort , 20554, 22
-merge, 11737, 22
-last , 740
read, 11, 171511808, 413044
network, 11, 202435

read-start, 12, 1886629888, 113370112, 6768586
circular-read-start, 4, 12, 200000000000, 6768814
circular-read-total, 4, 12, 200000000000, 401352, 411812
linear-scan, 412969
-sort , 8987, 15
-merge, 5425, 15
-last , 229
read, 12, 113370112, 413198
network, 12, 128844

exit, 7313842
