# Mon Sep 21 09:52:30 PDT 2015
# 16, 235.29, 0, read
max-chunk, 3, 1, 707645831, 0
chunk-size, 707645831, 1447
disks, 8

size, 3, 2, 2352900000, 0
size, 4, 1, 2352900000, 0
size, 5, 1, 2352900000, 0
size, 6, 1, 2352900000, 0
size, 7, 1, 2352900000, 0
size, 8, 1, 2352900000, 0
size, 9, 1, 2352900000, 0
size, 10, 1, 2352900000, 0
size, 11, 1, 2352900000, 0
size, 12, 1, 2352900000, 0
size, 13, 1, 2352900000, 0
size, 14, 1, 2352900000, 0
size, 15, 1, 2352900000, 0
size, 16, 1, 2352900000, 0
size, 17, 1, 2352900000, 0
size, 18, 1, 2352900000, 0
size, 19, 1, 2352900000, 0


read-start, 3, 1, 0, 707645831, 39
read-start, 4, 1, 0, 707645831, 39
read-start, 5, 1, 0, 707645831, 39
read-start, 6, 1, 0, 707645831, 39
read-start, 7, 1, 0, 707645831, 39
read-start, 8, 1, 0, 707645831, 39
read-start, 9, 1, 0, 707645831, 39
read-start, 10, 1, 0, 707645831, 39
read-start, 11, 1, 0, 707645831, 39
read-start, 12, 1, 0, 707645831, 39
read-start, 13, 1, 0, 707645831, 39
read-start, 14, 1, 0, 707645831, 39
read-start, 15, 1, 0, 707645831, 39
read-start, 16, 1, 0, 707645831, 39
read-start, 17, 1, 0, 707645831, 39
read-start, 18, 1, 0, 707645831, 39
read-start, 19, 1, 0, 707645831, 39
read-wait, 3, 1, 0
read, 3, 1, 0, 707645831, 159945
circular-read-start, 3, 1, 70764583100, 159984
read-wait, 4, 1, 160066
read, 4, 1, 0, 707645831, 170265
circular-read-start, 4, 1, 70764583100, 170304
read-wait, 5, 1, 170389
read, 5, 1, 0, 707645831, 170609
circular-read-start, 5, 1, 70764583100, 170649
read-wait, 6, 1, 170793
read, 6, 1, 0, 707645831, 237100
circular-read-start, 6, 1, 70764583100, 237139
read-wait, 7, 1, 237223
read, 7, 1, 0, 707645831, 237223
circular-read-start, 7, 1, 70764583100, 237262
read-wait, 8, 1, 237226
read, 8, 1, 0, 707645831, 237226
circular-read-start, 8, 1, 70764583100, 237265
read-wait, 9, 1, 237228
read, 9, 1, 0, 707645831, 237228
circular-read-start, 9, 1, 70764583100, 237268
read-wait, 10, 1, 237231
read, 10, 1, 0, 707645831, 237231
circular-read-start, 10, 1, 70764583100, 237270
read-wait, 11, 1, 237235
read, 11, 1, 0, 707645831, 237235
circular-read-start, 11, 1, 70764583100, 237275
read-wait, 12, 1, 237239
read, 12, 1, 0, 707645831, 237239
circular-read-start, 12, 1, 70764583100, 237279
read-wait, 13, 1, 237243
read, 13, 1, 0, 707645831, 237243
circular-read-start, 13, 1, 70764583100, 237282
read-wait, 14, 1, 237246
read, 14, 1, 0, 707645831, 237246
circular-read-start, 14, 1, 70764583100, 237286
read-wait, 15, 1, 237250
read, 15, 1, 0, 707645831, 237250
circular-read-start, 15, 1, 70764583100, 237289
read-wait, 16, 1, 237253
read, 16, 1, 0, 707645831, 237253
circular-read-start, 16, 1, 70764583100, 237293
read-wait, 17, 1, 237257
read, 17, 1, 0, 707645831, 237257
circular-read-start, 17, 1, 70764583100, 237296
read-wait, 18, 1, 237261
read, 18, 1, 0, 707645831, 237261
circular-read-start, 18, 1, 70764583100, 237300
read-wait, 19, 1, 237264
read, 19, 1, 0, 707645831, 237265
circular-read-start, 19, 1, 70764583100, 237304
read-start, 8, 2, 707645831, 707645831, 1442192
circular-read-total, 8, 1, 70764583100, 15175, 1204963
read-start, 7, 2, 707645831, 707645831, 1442540
circular-read-total, 7, 1, 70764583100, 14176, 1205310
read-start, 9, 2, 707645831, 707645831, 1445403
circular-read-total, 9, 1, 70764583100, 17736, 1208181
read-start, 6, 2, 707645831, 707645831, 1445470
circular-read-total, 6, 1, 70764583100, 16209, 1208361
read-start, 13, 2, 707645831, 707645831, 1446177
circular-read-total, 13, 1, 70764583100, 15861, 1208937
read-start, 4, 2, 707645831, 707645831, 1446286
circular-read-total, 4, 1, 70764583100, 12251, 1276033
read-start, 17, 2, 707645831, 707645831, 1446344
circular-read-total, 17, 1, 70764583100, 17215, 1209095
read-start, 14, 2, 707645831, 707645831, 1481103
circular-read-total, 14, 1, 70764583100, 8065, 1243839
read-start, 5, 2, 707645831, 707645831, 1481513
circular-read-total, 5, 1, 70764583100, 6801, 1310878
read-start, 3, 2, 707645831, 707645831, 1489974
circular-read-total, 3, 1, 70764583100, 5777, 1330002
read-start, 11, 2, 707645831, 707645831, 1490113
circular-read-total, 11, 1, 70764583100, 4310, 1252850
read-start, 12, 2, 707645831, 707645831, 1490689
circular-read-total, 12, 1, 70764583100, 4350, 1253418
read-start, 19, 2, 707645831, 707645831, 1492229
circular-read-total, 19, 1, 70764583100, 5253, 1254937
read-start, 16, 2, 707645831, 707645831, 1492552
circular-read-total, 16, 1, 70764583100, 6064, 1255264
read-start, 18, 2, 707645831, 707645831, 1493858
circular-read-total, 18, 1, 70764583100, 5329, 1256565
read-start, 10, 2, 707645831, 707645831, 1494479
circular-read-total, 10, 1, 70764583100, 4876, 1257219
read-start, 15, 2, 707645831, 707645831, 1494966
circular-read-total, 15, 1, 70764583100, 4455, 1257686
read-wait, 18, 2, 13372
read, 18, 2, 707645831, 707645831, 147288
circular-read-start, 18, 2, 70764583100, 1641147
read-wait, 16, 2, 148707
read, 16, 2, 707645831, 707645831, 153929
circular-read-start, 16, 2, 70764583100, 1646481
read-wait, 4, 2, 200296
read, 4, 2, 707645831, 707645831, 200296
circular-read-start, 4, 2, 70764583100, 1646582
read-wait, 6, 2, 201121
read, 6, 2, 707645831, 707645831, 215959
circular-read-start, 6, 2, 70764583100, 1661430
read-wait, 15, 2, 166639
read, 15, 2, 707645831, 707645831, 166639
circular-read-start, 15, 2, 70764583100, 1661606
read-wait, 9, 2, 216208
read, 9, 2, 707645831, 707645831, 216208
circular-read-start, 9, 2, 70764583100, 1661612
read-wait, 7, 2, 219086
read, 7, 2, 707645831, 707645831, 219086
circular-read-start, 7, 2, 70764583100, 1661627
read-wait, 11, 2, 171516
read, 11, 2, 707645831, 707645831, 171516
circular-read-start, 11, 2, 70764583100, 1661630
read-wait, 17, 2, 215288
read, 17, 2, 707645831, 707645831, 215288
circular-read-start, 17, 2, 70764583100, 1661632
read-wait, 12, 2, 170949
read, 12, 2, 707645831, 707645831, 170949
circular-read-start, 12, 2, 70764583100, 1661638
read-wait, 5, 2, 180132
read, 5, 2, 707645831, 707645831, 180132
circular-read-start, 5, 2, 70764583100, 1661646
read-wait, 3, 2, 171680
read, 3, 2, 707645831, 707645831, 171680
circular-read-start, 3, 2, 70764583100, 1661655
read-wait, 19, 2, 169427
read, 19, 2, 707645831, 707645831, 169427
circular-read-start, 19, 2, 70764583100, 1661657
read-wait, 13, 2, 215498
read, 13, 2, 707645831, 707645831, 215498
circular-read-start, 13, 2, 70764583100, 1661676
read-wait, 14, 2, 180593
read, 14, 2, 707645831, 707645831, 180593
circular-read-start, 14, 2, 70764583100, 1661697
read-wait, 10, 2, 167222
read, 10, 2, 707645831, 707645831, 167222
circular-read-start, 10, 2, 70764583100, 1661701
read-wait, 8, 2, 219537
read, 8, 2, 707645831, 707645831, 219537
circular-read-start, 8, 2, 70764583100, 1661729
read-start, 6, 3, 1415291662, 707645831, 2818557
circular-read-total, 6, 2, 70764583100, 7624, 1157147
read-start, 17, 3, 1415291662, 707645831, 2821702
circular-read-total, 17, 2, 70764583100, 10646, 1160087
read-start, 7, 3, 1415291662, 707645831, 2822500
circular-read-total, 7, 2, 70764583100, 9831, 1160895
read-start, 13, 3, 1415291662, 707645831, 2823003
circular-read-total, 13, 2, 70764583100, 8917, 1161362
read-start, 14, 3, 1415291662, 707645831, 2823171
circular-read-total, 14, 2, 70764583100, 5810, 1161489
read-start, 4, 3, 1415291662, 707645831, 2823370
circular-read-total, 4, 2, 70764583100, 9196, 1176806
read-start, 9, 3, 1415291662, 707645831, 2827433
circular-read-total, 9, 2, 70764583100, 7765, 1165870
read-start, 8, 3, 1415291662, 707645831, 2828706
circular-read-total, 8, 2, 70764583100, 10629, 1167025
read-start, 3, 3, 1415291662, 707645831, 2844253
circular-read-total, 3, 2, 70764583100, 6949, 1182615
read-start, 19, 3, 1415291662, 707645831, 2849258
circular-read-total, 19, 2, 70764583100, 6347, 1187614
read-start, 11, 3, 1415291662, 707645831, 2849720
circular-read-total, 11, 2, 70764583100, 5806, 1188099
read-start, 16, 3, 1415291662, 707645831, 2849957
circular-read-total, 16, 2, 70764583100, 4813, 1203489
read-start, 5, 3, 1415291662, 707645831, 2851109
circular-read-total, 5, 2, 70764583100, 6677, 1189471
read-start, 12, 3, 1415291662, 707645831, 2852393
circular-read-total, 12, 2, 70764583100, 5489, 1190768
read-start, 10, 3, 1415291662, 707645831, 2854866
circular-read-total, 10, 2, 70764583100, 5575, 1193174
read-start, 15, 3, 1415291662, 707645831, 2856634
circular-read-total, 15, 2, 70764583100, 6054, 1195036
read-start, 18, 3, 1415291662, 707645831, 2857893
circular-read-total, 18, 2, 70764583100, 4272, 1216753
read-wait, 16, 3, 15687
read, 16, 3, 1415291662, 707645831, 130651
circular-read-start, 16, 3, 70764583100, 2980608
read-wait, 18, 3, 122838
read, 18, 3, 1415291662, 707645831, 128832
circular-read-start, 18, 3, 70764583100, 2986726
read-wait, 12, 3, 134455
read, 12, 3, 1415291662, 707645831, 134455
circular-read-start, 12, 3, 70764583100, 2986849
read-wait, 5, 3, 135744
read, 5, 3, 1415291662, 707645831, 135744
circular-read-start, 5, 3, 70764583100, 2986853
read-wait, 6, 3, 168305
read, 6, 3, 1415291662, 707645831, 216711
circular-read-start, 6, 3, 70764583100, 3035269
read-wait, 17, 3, 213723
read, 17, 3, 1415291662, 707645831, 213723
circular-read-start, 17, 3, 70764583100, 3035426
read-wait, 4, 3, 212058
read, 4, 3, 1415291662, 707645831, 212058
circular-read-start, 4, 3, 70764583100, 3035429
read-wait, 7, 3, 212940
read, 7, 3, 1415291662, 707645831, 212940
circular-read-start, 7, 3, 70764583100, 3035441
read-wait, 11, 3, 185734
read, 11, 3, 1415291662, 707645831, 185734
circular-read-start, 11, 3, 70764583100, 3035455
read-wait, 3, 3, 191210
read, 3, 3, 1415291662, 707645831, 191210
circular-read-start, 3, 3, 70764583100, 3035464
read-wait, 9, 3, 208032
read, 9, 3, 1415291662, 707645831, 208032
circular-read-start, 9, 3, 70764583100, 3035466
read-wait, 10, 3, 180603
read, 10, 3, 1415291662, 707645831, 180603
circular-read-start, 10, 3, 70764583100, 3035469
read-wait, 15, 3, 178848
read, 15, 3, 1415291662, 707645831, 178848
circular-read-start, 15, 3, 70764583100, 3035483
read-wait, 19, 3, 186231
read, 19, 3, 1415291662, 707645831, 186231
circular-read-start, 19, 3, 70764583100, 3035489
read-wait, 13, 3, 212491
read, 13, 3, 1415291662, 707645831, 212491
circular-read-start, 13, 3, 70764583100, 3035494
read-wait, 8, 3, 206794
read, 8, 3, 1415291662, 707645831, 206794
circular-read-start, 8, 3, 70764583100, 3035501
read-wait, 14, 3, 212564
read, 14, 3, 1415291662, 707645831, 212564
circular-read-start, 14, 3, 70764583100, 3035736
read-start, 4, 4, 2122937493, 229962507, 4240567
circular-read-total, 4, 3, 70764583100, 21090, 1205187
read-start, 8, 4, 2122937493, 229962507, 4242372
circular-read-total, 8, 3, 70764583100, 18358, 1206920
read-start, 7, 4, 2122937493, 229962507, 4242982
circular-read-total, 7, 3, 70764583100, 19851, 1207588
read-start, 9, 4, 2122937493, 229962507, 4244627
circular-read-total, 9, 3, 70764583100, 18418, 1209196
read-start, 6, 4, 2122937493, 229962507, 4246071
circular-read-total, 6, 3, 70764583100, 19712, 1210845
read-start, 17, 4, 2122937493, 229962507, 4246322
circular-read-total, 17, 3, 70764583100, 18636, 1210930
read-start, 3, 4, 2122937493, 229962507, 4255642
circular-read-total, 3, 3, 70764583100, 7449, 1220195
read-start, 13, 4, 2122937493, 229962507, 4256300
circular-read-total, 13, 3, 70764583100, 15387, 1220834
read-start, 11, 4, 2122937493, 229962507, 4270073
circular-read-total, 11, 3, 70764583100, 6543, 1234627
read-start, 14, 4, 2122937493, 229962507, 4271798
circular-read-total, 14, 3, 70764583100, 8771, 1236082
read-start, 5, 4, 2122937493, 229962507, 4273746
circular-read-total, 5, 3, 70764583100, 8284, 1286909
read-start, 16, 4, 2122937493, 229962507, 4280900
circular-read-total, 16, 3, 70764583100, 5912, 1300303
read-start, 19, 4, 2122937493, 229962507, 4281037
circular-read-total, 19, 3, 70764583100, 6104, 1245562
read-start, 15, 4, 2122937493, 229962507, 4281462
circular-read-total, 15, 3, 70764583100, 7750, 1245985
read-start, 12, 4, 2122937493, 229962507, 4282980
circular-read-total, 12, 3, 70764583100, 7631, 1296137
read-start, 18, 4, 2122937493, 229962507, 4286117
circular-read-total, 18, 3, 70764583100, 5591, 1299398
read-start, 10, 4, 2122937493, 229962507, 4286323
circular-read-total, 10, 3, 70764583100, 8186, 1250866
read-wait, 7, 4, 55476
read, 7, 4, 2122937493, 229962507, 129154
circular-read-start, 7, 4, 22996250700, 4372136
read-wait, 5, 4, 98490
read, 5, 4, 2122937493, 229962507, 128836
circular-read-start, 5, 4, 22996250700, 4402582
read-wait, 13, 4, 146383
read, 13, 4, 2122937493, 229962507, 146383
circular-read-start, 13, 4, 22996250700, 4402683
read-wait, 10, 4, 116365
read, 10, 4, 2122937493, 229962507, 128479
circular-read-start, 10, 4, 22996250700, 4414802
read-wait, 18, 4, 128856
read, 18, 4, 2122937493, 229962507, 128856
circular-read-start, 18, 4, 22996250700, 4414974
read-wait, 17, 4, 168656
read, 17, 4, 2122937493, 229962507, 168656
circular-read-start, 17, 4, 22996250700, 4414979
read-wait, 12, 4, 132001
read, 12, 4, 2122937493, 229962507, 132001
circular-read-start, 12, 4, 22996250700, 4414981
read-wait, 19, 4, 133946
read, 19, 4, 2122937493, 229962507, 133946
circular-read-start, 19, 4, 22996250700, 4414984
read-wait, 16, 4, 134089
read, 16, 4, 2122937493, 229962507, 134089
circular-read-start, 16, 4, 22996250700, 4414989
read-wait, 6, 4, 168926
read, 6, 4, 2122937493, 229962507, 213873
circular-read-start, 6, 4, 22996250700, 4459944
read-wait, 3, 4, 204455
read, 3, 4, 2122937493, 229962507, 204455
circular-read-start, 3, 4, 22996250700, 4460098
read-wait, 4, 4, 219533
read, 4, 4, 2122937493, 229962507, 219533
circular-read-start, 4, 4, 22996250700, 4460101
read-wait, 11, 4, 190034
read, 11, 4, 2122937493, 229962507, 190034
circular-read-start, 11, 4, 22996250700, 4460108
read-wait, 8, 4, 217742
read, 8, 4, 2122937493, 229962507, 217742
circular-read-start, 8, 4, 22996250700, 4460114
read-wait, 9, 4, 215496
read, 9, 4, 2122937493, 229962507, 215496
circular-read-start, 9, 4, 22996250700, 4460124
read-wait, 15, 4, 178668
read, 15, 4, 2122937493, 229962507, 178668
circular-read-start, 15, 4, 22996250700, 4460130
read-wait, 14, 4, 188365
read, 14, 4, 2122937493, 229962507, 188365
circular-read-start, 14, 4, 22996250700, 4460164
circular-read-total, 8, 4, 22996250700, 9995, 359126
circular-read-total, 6, 4, 22996250700, 10054, 359860
circular-read-total, 9, 4, 22996250700, 10480, 359975
circular-read-total, 17, 4, 22996250700, 8963, 406889
circular-read-total, 7, 4, 22996250700, 9394, 450845
circular-read-total, 13, 4, 22996250700, 9288, 420389
circular-read-total, 4, 4, 22996250700, 10612, 364516
circular-read-total, 14, 4, 22996250700, 6778, 393288
circular-read-total, 16, 4, 22996250700, 5165, 449937
circular-read-total, 10, 4, 22996250700, 7334, 450309
circular-read-total, 19, 4, 22996250700, 7010, 450152
circular-read-total, 5, 4, 22996250700, 6151, 463308
circular-read-total, 11, 4, 22996250700, 5395, 406637
circular-read-total, 3, 4, 22996250700, 6989, 406731
circular-read-total, 12, 4, 22996250700, 4992, 451950
circular-read-total, 15, 4, 22996250700, 6218, 408192
circular-read-total, 18, 4, 22996250700, 6386, 454277

cmd-read, 4882386
