# Mon Sep 21 09:52:30 PDT 2015
memory, 128926187520
record-value, 112
seek-chunk, 707645831
file, 4, 588225000
file, 5, 588225000
file, 6, 588225000
file, 7, 588225000

read-start, 1, 0, 707645831, 13577
circular-read-start, 4, 1, 58822500000, 20739
circular-read-start, 5, 1, 58822500000, 20739
circular-read-start, 6, 1, 58822500000, 20739
circular-read-start, 7, 1, 58822500000, 20739
circular-read-total, 7, 1, 58822500000, 121247, 149941
circular-read-total, 6, 1, 58822500000, 123028, 150201
circular-read-total, 4, 1, 58822500000, 123068, 150291
circular-read-total, 5, 1, 58822500000, 123433, 150302
linear-scan, 152025
-sort , 45185, 32
-merge, 44369, 32
-last , 1513
read, 1, 707645831, 159187
network, 1, 1286045

read-start, 2, 707645831, 707645831, 1458869
circular-read-start, 4, 2, 58822500000, 1460269
circular-read-start, 5, 2, 58822500000, 1460269
circular-read-start, 6, 2, 58822500000, 1460269
circular-read-start, 7, 2, 58822500000, 1460269
circular-read-total, 7, 2, 58822500000, 120866, 139006
circular-read-total, 6, 2, 58822500000, 122673, 139416
circular-read-total, 5, 2, 58822500000, 123050, 139428
circular-read-total, 4, 2, 58822500000, 122739, 139440
linear-scan, 141872
-sort , 37283, 27
-merge, 38890, 27
-last , 1234
read, 2, 707645831, 143272
network, 2, 1238593

read-start, 3, 1415291662, 707645831, 2840829
circular-read-start, 4, 3, 58822500000, 2842229
circular-read-start, 5, 3, 58822500000, 2842229
circular-read-start, 6, 3, 58822500000, 2842229
circular-read-start, 7, 3, 58822500000, 2842229
circular-read-total, 7, 3, 58822500000, 120550, 123685
circular-read-total, 6, 3, 58822500000, 122416, 124605
circular-read-total, 4, 3, 58822500000, 122447, 124664
circular-read-total, 5, 3, 58822500000, 122797, 124841
linear-scan, 127805
-sort , 25903, 19
-merge, 30957, 19
-last , 1034
read, 3, 707645831, 129204
network, 3, 1287763

read-start, 4, 2122937493, 229962507, 4257951
circular-read-start, 4, 4, 58822500000, 4258407
circular-read-start, 5, 4, 58822500000, 4258407
circular-read-start, 6, 4, 58822500000, 4258407
circular-read-start, 7, 4, 58822500000, 4258407
circular-read-total, 7, 4, 58822500000, 121361, 124052
circular-read-total, 4, 4, 58822500000, 122492, 124734
circular-read-total, 6, 4, 58822500000, 122513, 124750
circular-read-total, 5, 4, 58822500000, 122807, 124872
linear-scan, 125996
-sort , 6701, 15
-merge, 8646, 15
-last , 301
read, 4, 229962507, 126452
network, 4, 448836

exit, 4895717
