# Mon Sep 21 09:52:30 PDT 2015
memory, 128926187520
record-value, 112
seek-chunk, 707645831
file, 4, 588225000
file, 5, 588225000
file, 6, 588225000
file, 7, 588225000

read-start, 1, 0, 707645831, 9839
circular-read-start, 4, 1, 58822500000, 17098
circular-read-start, 5, 1, 58822500000, 17098
circular-read-start, 6, 1, 58822500000, 17098
circular-read-start, 7, 1, 58822500000, 17098
circular-read-total, 7, 1, 58822500000, 123405, 155297
circular-read-total, 6, 1, 58822500000, 123542, 155329
circular-read-total, 4, 1, 58822500000, 123802, 155437
circular-read-total, 5, 1, 58822500000, 124261, 155709
linear-scan, 157448
-sort , 48376, 32
-merge, 43547, 32
-last , 1531
read, 1, 707645831, 164707
network, 1, 1277708

read-start, 2, 707645831, 707645831, 1452340
circular-read-start, 4, 2, 58822500000, 1453736
circular-read-start, 5, 2, 58822500000, 1453736
circular-read-start, 6, 2, 58822500000, 1453736
circular-read-start, 7, 2, 58822500000, 1453736
circular-read-total, 6, 2, 58822500000, 122891, 146613
circular-read-total, 7, 2, 58822500000, 122688, 146681
circular-read-total, 4, 2, 58822500000, 123245, 146834
circular-read-total, 5, 2, 58822500000, 123755, 147087
linear-scan, 149486
-sort , 41195, 27
-merge, 37800, 27
-last , 1257
read, 2, 707645831, 150882
network, 2, 1228987

read-start, 3, 1415291662, 707645831, 2832300
circular-read-start, 4, 3, 58822500000, 2833704
circular-read-start, 5, 3, 58822500000, 2833704
circular-read-start, 6, 3, 58822500000, 2833704
circular-read-start, 7, 3, 58822500000, 2833704
circular-read-total, 7, 3, 58822500000, 122991, 125324
circular-read-total, 6, 3, 58822500000, 123050, 125457
circular-read-total, 4, 3, 58822500000, 123406, 125905
circular-read-total, 5, 3, 58822500000, 123941, 126679
linear-scan, 129612
-sort , 28743, 19
-merge, 32417, 19
-last , 1021
read, 3, 707645831, 131016
network, 3, 1289384

read-start, 4, 2122937493, 229962507, 4252782
circular-read-start, 4, 4, 58822500000, 4253236
circular-read-start, 5, 4, 58822500000, 4253236
circular-read-start, 6, 4, 58822500000, 4253236
circular-read-start, 7, 4, 58822500000, 4253236
circular-read-total, 7, 4, 58822500000, 123411, 126643
circular-read-total, 6, 4, 58822500000, 123427, 126741
circular-read-total, 4, 4, 58822500000, 123616, 126855
circular-read-total, 5, 4, 58822500000, 124132, 127598
linear-scan, 128700
-sort , 7064, 15
-merge, 8357, 15
-last , 301
read, 4, 229962507, 129153
network, 4, 450680

exit, 4892225
