# Mon Sep 21 09:52:30 PDT 2015
memory, 128926187520
record-value, 112
seek-chunk, 707645831
file, 4, 588225000
file, 5, 588225000
file, 6, 588225000
file, 7, 588225000

read-start, 1, 0, 707645831, 4085
circular-read-start, 4, 1, 58822500000, 11265
circular-read-start, 5, 1, 58822500000, 11265
circular-read-start, 6, 1, 58822500000, 11265
circular-read-start, 7, 1, 58822500000, 11265
circular-read-total, 7, 1, 58822500000, 122634, 160787
circular-read-total, 5, 1, 58822500000, 123202, 160894
circular-read-total, 6, 1, 58822500000, 123024, 160937
circular-read-total, 4, 1, 58822500000, 123807, 161183
linear-scan, 163077
-sort , 48405, 32
-merge, 45657, 32
-last , 1515
read, 1, 707645831, 170257
network, 1, 1275819

read-start, 2, 707645831, 707645831, 1450267
circular-read-start, 5, 2, 58822500000, 1451668
circular-read-start, 4, 2, 58822500000, 1451668
circular-read-start, 6, 2, 58822500000, 1451668
circular-read-start, 7, 2, 58822500000, 1451668
circular-read-total, 7, 2, 58822500000, 122275, 151937
circular-read-total, 5, 2, 58822500000, 122882, 152030
circular-read-total, 6, 2, 58822500000, 122867, 152070
circular-read-total, 4, 2, 58822500000, 123638, 152417
linear-scan, 154994
-sort , 41703, 27
-merge, 40659, 27
-last , 1232
read, 2, 707645831, 156395
network, 2, 1220540

read-start, 3, 1415291662, 707645831, 2827289
circular-read-start, 4, 3, 58822500000, 2828691
circular-read-start, 5, 3, 58822500000, 2828691
circular-read-start, 6, 3, 58822500000, 2828691
circular-read-start, 7, 3, 58822500000, 2828691
circular-read-total, 7, 3, 58822500000, 122464, 124754
circular-read-total, 6, 3, 58822500000, 122975, 125338
circular-read-total, 5, 3, 58822500000, 122995, 125512
circular-read-total, 4, 3, 58822500000, 123675, 126052
linear-scan, 129062
-sort , 29308, 19
-merge, 36515, 19
-last , 1034
read, 3, 707645831, 130464
network, 3, 1286570

read-start, 4, 2122937493, 229962507, 4244423
circular-read-start, 4, 4, 58822500000, 4244882
circular-read-start, 5, 4, 58822500000, 4244882
circular-read-start, 6, 4, 58822500000, 4244882
circular-read-start, 7, 4, 58822500000, 4244882
circular-read-total, 7, 4, 58822500000, 122527, 125710
circular-read-total, 6, 4, 58822500000, 123047, 126301
circular-read-total, 5, 4, 58822500000, 123030, 126302
circular-read-total, 4, 4, 58822500000, 123519, 126744
linear-scan, 127868
-sort , 7184, 15
-merge, 9692, 15
-last , 300
read, 4, 229962507, 128327
network, 4, 455539

exit, 4886252
