# Mon Sep 21 09:52:30 PDT 2015
memory, 128926187520
record-value, 112
seek-chunk, 707645831
file, 4, 588225000
file, 5, 588225000
file, 6, 588225000
file, 7, 588225000

read-start, 1, 0, 707645831, 2132
circular-read-start, 4, 1, 58822500000, 9288
circular-read-start, 5, 1, 58822500000, 9288
circular-read-start, 6, 1, 58822500000, 9288
circular-read-start, 7, 1, 58822500000, 9288
circular-read-total, 5, 1, 58822500000, 121028, 150705
circular-read-total, 7, 1, 58822500000, 121652, 150748
circular-read-total, 6, 1, 58822500000, 123100, 151038
circular-read-total, 4, 1, 58822500000, 123255, 151099
linear-scan, 152784
-sort , 44693, 32
-merge, 43545, 32
-last , 1534
read, 1, 707645831, 159940
network, 1, 1329871

read-start, 2, 707645831, 707645831, 1492025
circular-read-start, 4, 2, 58822500000, 1493422
circular-read-start, 5, 2, 58822500000, 1493422
circular-read-start, 6, 2, 58822500000, 1493422
circular-read-start, 7, 2, 58822500000, 1493422
circular-read-total, 5, 2, 58822500000, 120539, 138566
circular-read-total, 7, 2, 58822500000, 121263, 138615
circular-read-total, 6, 2, 58822500000, 122716, 138933
circular-read-total, 4, 2, 58822500000, 123035, 139001
linear-scan, 141333
-sort , 37791, 27
-merge, 38542, 27
-last , 1249
read, 2, 707645831, 142730
network, 2, 1211427

read-start, 3, 1415291662, 707645831, 2846265
circular-read-start, 5, 3, 58822500000, 2847669
circular-read-start, 6, 3, 58822500000, 2847669
circular-read-start, 4, 3, 58822500000, 2847669
circular-read-start, 7, 3, 58822500000, 2847669
circular-read-total, 5, 3, 58822500000, 120504, 123873
circular-read-total, 7, 3, 58822500000, 121257, 124094
circular-read-total, 6, 3, 58822500000, 122663, 124828
circular-read-total, 4, 3, 58822500000, 122828, 124894
linear-scan, 127935
-sort , 26196, 19
-merge, 30522, 19
-last , 1033
read, 3, 707645831, 129339
network, 3, 1281940

read-start, 4, 2122937493, 229962507, 4257613
circular-read-start, 5, 4, 58822500000, 4258067
circular-read-start, 4, 4, 58822500000, 4258067
circular-read-start, 6, 4, 58822500000, 4258067
circular-read-start, 7, 4, 58822500000, 4258067
circular-read-total, 5, 4, 58822500000, 120609, 123676
circular-read-total, 7, 4, 58822500000, 121254, 123938
circular-read-total, 6, 4, 58822500000, 122352, 124603
circular-read-total, 4, 4, 58822500000, 122606, 124741
linear-scan, 125860
-sort , 6515, 15
-merge, 8125, 15
-last , 301
read, 4, 229962507, 126313
network, 4, 484787

exit, 4884378
