# Mon Sep 21 09:52:30 PDT 2015
memory, 128926187520
record-value, 112
seek-chunk, 707645831
file, 4, 588225000
file, 5, 588225000
file, 6, 588225000
file, 7, 588225000

read-start, 1, 0, 707645831, 30411
circular-read-start, 4, 1, 58822500000, 37566
circular-read-start, 5, 1, 58822500000, 37566
circular-read-start, 6, 1, 58822500000, 37566
circular-read-start, 7, 1, 58822500000, 37566
circular-read-total, 7, 1, 58822500000, 120626, 153165
circular-read-total, 5, 1, 58822500000, 120720, 153203
circular-read-total, 6, 1, 58822500000, 120970, 153316
circular-read-total, 4, 1, 58822500000, 122147, 153518
linear-scan, 155534
-sort , 46183, 32
-merge, 45210, 32
-last , 1540
read, 1, 707645831, 162688
network, 1, 1331024

read-start, 2, 707645831, 707645831, 1524169
circular-read-start, 4, 2, 58822500000, 1525570
circular-read-start, 5, 2, 58822500000, 1525570
circular-read-start, 6, 2, 58822500000, 1525570
circular-read-start, 7, 2, 58822500000, 1525570
circular-read-total, 5, 2, 58822500000, 120101, 143122
circular-read-total, 6, 2, 58822500000, 120473, 143183
circular-read-total, 7, 2, 58822500000, 120332, 143232
circular-read-total, 4, 2, 58822500000, 121536, 143485
linear-scan, 145881
-sort , 39639, 27
-merge, 40113, 27
-last , 1241
read, 2, 707645831, 147282
network, 2, 1216629

read-start, 3, 1415291662, 707645831, 2888149
circular-read-start, 4, 3, 58822500000, 2889566
circular-read-start, 5, 3, 58822500000, 2889566
circular-read-start, 6, 3, 58822500000, 2889566
circular-read-start, 7, 3, 58822500000, 2889566
circular-read-total, 7, 3, 58822500000, 120049, 123486
circular-read-total, 6, 3, 58822500000, 120381, 123671
circular-read-total, 5, 3, 58822500000, 120385, 123731
circular-read-total, 4, 3, 58822500000, 121414, 124357
linear-scan, 127409
-sort , 27022, 19
-merge, 33167, 19
-last , 1024
read, 3, 707645831, 128827
network, 3, 1299310

read-start, 4, 2122937493, 229962507, 4316314
circular-read-start, 4, 4, 58822500000, 4316770
circular-read-start, 5, 4, 58822500000, 4316770
circular-read-start, 6, 4, 58822500000, 4316770
circular-read-start, 7, 4, 58822500000, 4316770
circular-read-total, 5, 4, 58822500000, 120178, 123362
circular-read-total, 6, 4, 58822500000, 120302, 123430
circular-read-total, 7, 4, 58822500000, 120692, 123772
circular-read-total, 4, 4, 58822500000, 120959, 123881
linear-scan, 124983
-sort , 6888, 15
-merge, 9409, 15
-last , 299
read, 4, 229962507, 125439
network, 4, 457604

exit, 4912598
