# Mon Sep 21 09:52:30 PDT 2015
memory, 128926187520
record-value, 112
seek-chunk, 707645831
file, 4, 588225000
file, 5, 588225000
file, 6, 588225000
file, 7, 588225000

read-start, 1, 0, 707645831, 26739
circular-read-start, 4, 1, 58822500000, 33908
circular-read-start, 5, 1, 58822500000, 33908
circular-read-start, 6, 1, 58822500000, 33908
circular-read-start, 7, 1, 58822500000, 33908
circular-read-total, 7, 1, 58822500000, 122910, 160247
circular-read-total, 6, 1, 58822500000, 123705, 160398
circular-read-total, 5, 1, 58822500000, 123857, 160543
circular-read-total, 4, 1, 58822500000, 124008, 160543
linear-scan, 162607
-sort , 48897, 32
-merge, 46106, 32
-last , 1541
read, 1, 707645831, 169777
network, 1, 1322641

read-start, 2, 707645831, 707645831, 1519209
circular-read-start, 4, 2, 58822500000, 1520609
circular-read-start, 5, 2, 58822500000, 1520609
circular-read-start, 6, 2, 58822500000, 1520609
circular-read-start, 7, 2, 58822500000, 1520609
circular-read-total, 7, 2, 58822500000, 122004, 149542
circular-read-total, 6, 2, 58822500000, 123052, 149774
circular-read-total, 4, 2, 58822500000, 123252, 149922
circular-read-total, 5, 2, 58822500000, 123297, 150022
linear-scan, 152524
-sort , 40950, 27
-merge, 40526, 27
-last , 1248
read, 2, 707645831, 153925
network, 2, 1203369

read-start, 3, 1415291662, 707645831, 2876575
circular-read-start, 4, 3, 58822500000, 2877982
circular-read-start, 5, 3, 58822500000, 2877983
circular-read-start, 6, 3, 58822500000, 2877983
circular-read-start, 7, 3, 58822500000, 2877983
circular-read-total, 7, 3, 58822500000, 122565, 125132
circular-read-total, 6, 3, 58822500000, 123188, 125650
circular-read-total, 4, 3, 58822500000, 123662, 126092
circular-read-total, 5, 3, 58822500000, 123565, 126112
linear-scan, 129239
-sort , 29603, 19
-merge, 38694, 19
-last , 1042
read, 3, 707645831, 130647
network, 3, 1300184

read-start, 4, 2122937493, 229962507, 4307477
circular-read-start, 5, 4, 58822500000, 4307941
circular-read-start, 4, 4, 58822500000, 4307941
circular-read-start, 6, 4, 58822500000, 4307941
circular-read-start, 7, 4, 58822500000, 4307941
circular-read-total, 7, 4, 58822500000, 122881, 126046
circular-read-total, 4, 4, 58822500000, 123402, 126758
circular-read-total, 6, 4, 58822500000, 123447, 126796
circular-read-total, 5, 4, 58822500000, 123776, 126962
linear-scan, 128094
-sort , 7048, 15
-merge, 9765, 15
-last , 301
read, 4, 229962507, 128558
network, 4, 455372

exit, 4908984
