# Mon Sep 21 09:52:30 PDT 2015
memory, 128926187520
record-value, 112
seek-chunk, 707645831
file, 4, 588225000
file, 5, 588225000
file, 6, 588225000
file, 7, 588225000

read-start, 1, 0, 707645831, 24892
circular-read-start, 4, 1, 58822500000, 31526
circular-read-start, 5, 1, 58822500000, 31526
circular-read-start, 6, 1, 58822500000, 31526
circular-read-start, 7, 1, 58822500000, 31526
circular-read-total, 4, 1, 58822500000, 122054, 153126
circular-read-total, 7, 1, 58822500000, 123039, 153320
circular-read-total, 5, 1, 58822500000, 123161, 153429
circular-read-total, 6, 1, 58822500000, 123443, 153584
linear-scan, 155258
-sort , 46488, 32
-merge, 43315, 32
-last , 1524
read, 1, 707645831, 161892
network, 1, 1333076

read-start, 2, 707645831, 707645831, 1519921
circular-read-start, 4, 2, 58822500000, 1521321
circular-read-start, 5, 2, 58822500000, 1521321
circular-read-start, 6, 2, 58822500000, 1521321
circular-read-start, 7, 2, 58822500000, 1521321
circular-read-total, 7, 2, 58822500000, 120927, 144158
circular-read-total, 5, 2, 58822500000, 122303, 144414
circular-read-total, 4, 2, 58822500000, 122769, 144730
circular-read-total, 6, 2, 58822500000, 123156, 144776
linear-scan, 147319
-sort , 40245, 27
-merge, 38483, 27
-last , 1249
read, 2, 707645831, 148719
network, 2, 1212859

read-start, 3, 1415291662, 707645831, 2881586
circular-read-start, 4, 3, 58822500000, 2882983
circular-read-start, 5, 3, 58822500000, 2882983
circular-read-start, 6, 3, 58822500000, 2882983
circular-read-start, 7, 3, 58822500000, 2882983
circular-read-total, 7, 3, 58822500000, 120862, 123980
circular-read-total, 5, 3, 58822500000, 122488, 124936
circular-read-total, 4, 3, 58822500000, 122563, 125159
circular-read-total, 6, 3, 58822500000, 122748, 125271
linear-scan, 128360
-sort , 27515, 19
-merge, 31355, 19
-last , 1035
read, 3, 707645831, 129757
network, 3, 1294987

read-start, 4, 2122937493, 229962507, 4306410
circular-read-start, 4, 4, 58822500000, 4306877
circular-read-start, 5, 4, 58822500000, 4306877
circular-read-start, 6, 4, 58822500000, 4306877
circular-read-start, 7, 4, 58822500000, 4306877
circular-read-total, 7, 4, 58822500000, 122243, 125120
circular-read-total, 5, 4, 58822500000, 122614, 125617
circular-read-total, 4, 4, 58822500000, 122726, 125834
circular-read-total, 6, 4, 58822500000, 122786, 125974
linear-scan, 127140
-sort , 6830, 15
-merge, 8329, 15
-last , 300
read, 4, 229962507, 127607
network, 4, 459188

exit, 4907372
