# Mon Sep 21 09:52:30 PDT 2015
memory, 128926187520
record-value, 112
seek-chunk, 707645831
file, 4, 588225000
file, 5, 588225000
file, 6, 588225000
file, 7, 588225000

read-start, 1, 0, 707645831, 21450
circular-read-start, 4, 1, 58822500000, 28240
circular-read-start, 5, 1, 58822500000, 28240
circular-read-start, 6, 1, 58822500000, 28240
circular-read-start, 7, 1, 58822500000, 28240
circular-read-total, 4, 1, 58822500000, 122521, 151652
circular-read-total, 6, 1, 58822500000, 122741, 151688
circular-read-total, 7, 1, 58822500000, 123247, 152011
circular-read-total, 5, 1, 58822500000, 124181, 152213
linear-scan, 153883
-sort , 45378, 32
-merge, 43714, 32
-last , 1546
read, 1, 707645831, 160673
network, 1, 1285341

read-start, 2, 707645831, 707645831, 1467585
circular-read-start, 4, 2, 58822500000, 1468984
circular-read-start, 5, 2, 58822500000, 1468984
circular-read-start, 6, 2, 58822500000, 1468984
circular-read-start, 7, 2, 58822500000, 1468984
circular-read-total, 7, 2, 58822500000, 122256, 144696
circular-read-total, 6, 2, 58822500000, 122510, 144716
circular-read-total, 4, 2, 58822500000, 122805, 144856
circular-read-total, 5, 2, 58822500000, 123296, 145018
linear-scan, 147405
-sort , 40440, 27
-merge, 38305, 27
-last , 1250
read, 2, 707645831, 148804
network, 2, 1227907

read-start, 3, 1415291662, 707645831, 2844408
circular-read-start, 4, 3, 58822500000, 2845810
circular-read-start, 5, 3, 58822500000, 2845810
circular-read-start, 6, 3, 58822500000, 2845810
circular-read-start, 7, 3, 58822500000, 2845810
circular-read-total, 7, 3, 58822500000, 122883, 125365
circular-read-total, 6, 3, 58822500000, 122952, 125398
circular-read-total, 4, 3, 58822500000, 123325, 125819
circular-read-total, 5, 3, 58822500000, 123518, 126066
linear-scan, 129092
-sort , 28145, 19
-merge, 31329, 19
-last , 1027
read, 3, 707645831, 130494
network, 3, 1302744

read-start, 4, 2122937493, 229962507, 4277703
circular-read-start, 4, 4, 58822500000, 4278161
circular-read-start, 5, 4, 58822500000, 4278161
circular-read-start, 6, 4, 58822500000, 4278161
circular-read-start, 7, 4, 58822500000, 4278161
circular-read-total, 7, 4, 58822500000, 122817, 126149
circular-read-total, 6, 4, 58822500000, 122930, 126293
circular-read-total, 4, 4, 58822500000, 123203, 126474
circular-read-total, 5, 4, 58822500000, 123413, 126868
linear-scan, 127997
-sort , 7019, 15
-merge, 8309, 15
-last , 299
read, 4, 229962507, 128456
network, 4, 438147

exit, 4903826
