# Mon Sep 21 09:52:30 PDT 2015
memory, 128926187520
record-value, 112
seek-chunk, 707645831
file, 4, 588225000
file, 5, 588225000
file, 6, 588225000
file, 7, 588225000

read-start, 1, 0, 707645831, 19622
circular-read-start, 4, 1, 58822500000, 26771
circular-read-start, 5, 1, 58822500000, 26771
circular-read-start, 6, 1, 58822500000, 26771
circular-read-start, 7, 1, 58822500000, 26771
circular-read-total, 7, 1, 58822500000, 122425, 161580
circular-read-total, 5, 1, 58822500000, 123059, 161754
circular-read-total, 6, 1, 58822500000, 123140, 161778
circular-read-total, 4, 1, 58822500000, 123215, 161845
linear-scan, 164022
-sort , 48918, 32
-merge, 46139, 32
-last , 1534
read, 1, 707645831, 171171
network, 1, 1319386

read-start, 2, 707645831, 707645831, 1510214
circular-read-start, 4, 2, 58822500000, 1511616
circular-read-start, 5, 2, 58822500000, 1511616
circular-read-start, 6, 2, 58822500000, 1511616
circular-read-start, 7, 2, 58822500000, 1511616
circular-read-total, 7, 2, 58822500000, 122057, 150581
circular-read-total, 4, 2, 58822500000, 122557, 150747
circular-read-total, 5, 2, 58822500000, 122482, 150764
circular-read-total, 6, 2, 58822500000, 122777, 150837
linear-scan, 153390
-sort , 41060, 27
-merge, 40221, 27
-last , 1251
read, 2, 707645831, 154792
network, 2, 1206781

read-start, 3, 1415291662, 707645831, 2871865
circular-read-start, 4, 3, 58822500000, 2873264
circular-read-start, 5, 3, 58822500000, 2873264
circular-read-start, 6, 3, 58822500000, 2873264
circular-read-start, 7, 3, 58822500000, 2873264
circular-read-total, 7, 3, 58822500000, 122184, 124742
circular-read-total, 5, 3, 58822500000, 122742, 125226
circular-read-total, 6, 3, 58822500000, 122768, 125325
circular-read-total, 4, 3, 58822500000, 122892, 125374
linear-scan, 128481
-sort , 28915, 19
-merge, 36348, 19
-last , 1027
read, 3, 707645831, 129880
network, 3, 1300631

read-start, 4, 2122937493, 229962507, 4302396
circular-read-start, 5, 4, 58822500000, 4302853
circular-read-start, 4, 4, 58822500000, 4302853
circular-read-start, 6, 4, 58822500000, 4302853
circular-read-start, 7, 4, 58822500000, 4302853
circular-read-total, 7, 4, 58822500000, 123566, 126771
circular-read-total, 5, 4, 58822500000, 124295, 127222
circular-read-total, 4, 4, 58822500000, 124391, 127258
circular-read-total, 6, 4, 58822500000, 124494, 127334
linear-scan, 128444
-sort , 7108, 15
-merge, 9785, 15
-last , 300
read, 4, 229962507, 128900
network, 4, 454965

exit, 4901818
