# 1, 50, 4, true, read
recv-size, 0, 524288000
size, 0, 0
start-read, 0, 0, 41943040
read, 0, 129954
recv-read, 0, 0, 41943040
network, 0, 22448
start-read, 1, 41943040, 41943040
read, 1, 128778
recv-read, 1, 41943040, 41943040
network, 1, 15599
start-read, 2, 83886080, 41943040
read, 2, 116183
recv-read, 2, 83886080, 41943040
network, 2, 13538
start-read, 3, 125829120, 41943040
read, 3, 114678
recv-read, 3, 125829120, 41943040
network, 3, 13386
start-read, 4, 167772160, 41943040
read, 4, 112957
recv-read, 4, 167772160, 41943040
network, 4, 13156
start-read, 5, 209715200, 41943040
read, 5, 111141
recv-read, 5, 209715200, 41943040
network, 5, 13764
start-read, 6, 251658240, 41943040
read, 6, 110796
recv-read, 6, 251658240, 41943040
network, 6, 13954
start-read, 7, 293601280, 41943040
read, 7, 110742
recv-read, 7, 293601280, 41943040
network, 7, 13822
start-read, 8, 335544320, 41943040
read, 8, 110602
recv-read, 8, 335544320, 41943040
network, 8, 12214
start-read, 9, 377487360, 41943040
read, 9, 110757
recv-read, 9, 377487360, 41943040
network, 9, 12941
start-read, 10, 419430400, 41943040
read, 10, 110588
recv-read, 10, 419430400, 41943040
network, 10, 13021
start-read, 11, 461373440, 41943040
read, 11, 110738
recv-read, 11, 461373440, 41943040
network, 11, 12926
start-read, 12, 503316480, 41943040
read, 12, 110215
recv-read, 12, 503316480, 20971520
network, 12, 5664
start-read, 13, 545259520, 41943040
cmd-read, 0, 1664918
