# Sun Sep 20 01:00:42 PDT 2015
# 5, 233.33, 0, read
max-chunk, 3, 1, 171511808, 0
chunk-size, 171511808, 4099
disks, 8

size, 3, 2, 2333300000, 0
size, 4, 1, 2333300000, 0
size, 5, 1, 2333300000, 0
size, 6, 1, 2333300000, 0
size, 7, 1, 2333300000, 0
size, 8, 1, 2333300000, 0


read-start, 3, 1, 0, 171511808, 17
read-start, 4, 1, 0, 171511808, 17
read-start, 5, 1, 0, 171511808, 17
read-start, 6, 1, 0, 171511808, 17
read-start, 7, 1, 0, 171511808, 17
read-start, 8, 1, 0, 171511808, 17
read-wait, 3, 1, 0
read, 3, 1, 0, 171511808, 507284
circular-read-start, 3, 1, 17151180800, 507302
read-wait, 4, 1, 507453
read, 4, 1, 0, 171511808, 513881
circular-read-start, 4, 1, 17151180800, 513899
read-wait, 5, 1, 514055
read, 5, 1, 0, 171511808, 514055
circular-read-start, 5, 1, 17151180800, 514073
read-wait, 6, 1, 514057
read, 6, 1, 0, 171511808, 514057
circular-read-start, 6, 1, 17151180800, 514075
read-wait, 7, 1, 514059
read, 7, 1, 0, 171511808, 514059
circular-read-start, 7, 1, 17151180800, 514077
read-wait, 8, 1, 514061
read, 8, 1, 0, 171511808, 514061
circular-read-start, 8, 1, 17151180800, 514079
read-start, 3, 2, 171511808, 171511808, 703716
circular-read-total, 3, 1, 17151180800, 17710, 196414
read-start, 8, 2, 171511808, 171511808, 709426
circular-read-total, 8, 1, 17151180800, 102422, 195346
read-start, 6, 2, 171511808, 171511808, 709665
circular-read-total, 6, 1, 17151180800, 98305, 195589
read-start, 5, 2, 171511808, 171511808, 709724
circular-read-total, 5, 1, 17151180800, 88042, 195651
read-start, 7, 2, 171511808, 171511808, 709731
circular-read-total, 7, 1, 17151180800, 81515, 195654
read-start, 4, 2, 171511808, 171511808, 709766
circular-read-total, 4, 1, 17151180800, 85890, 195866
read-wait, 5, 2, 63
read, 5, 2, 171511808, 171511808, 482556
circular-read-start, 5, 2, 17151180800, 1192281
read-wait, 6, 2, 482762
read, 6, 2, 171511808, 171511808, 484107
circular-read-start, 6, 2, 17151180800, 1193772
read-wait, 4, 2, 484146
read, 4, 2, 171511808, 171511808, 484146
circular-read-start, 4, 2, 17151180800, 1193912
read-wait, 8, 2, 484490
read, 8, 2, 171511808, 171511808, 484490
circular-read-start, 8, 2, 17151180800, 1193916
read-wait, 7, 2, 484186
read, 7, 2, 171511808, 171511808, 484186
circular-read-start, 7, 2, 17151180800, 1193918
read-wait, 3, 2, 490206
read, 3, 2, 171511808, 171511808, 490206
circular-read-start, 3, 2, 17151180800, 1193923
read-start, 5, 3, 343023616, 171511808, 1388088
circular-read-total, 5, 2, 17151180800, 66862, 195807
read-start, 4, 3, 343023616, 171511808, 1389140
circular-read-total, 4, 2, 17151180800, 102684, 195228
read-start, 3, 3, 343023616, 171511808, 1389179
circular-read-total, 3, 2, 17151180800, 99978, 195256
read-start, 7, 3, 343023616, 171511808, 1389226
circular-read-total, 7, 2, 17151180800, 109739, 195307
read-start, 8, 3, 343023616, 171511808, 1389229
circular-read-total, 8, 2, 17151180800, 103193, 195312
read-wait, 5, 3, 1430
read-start, 6, 3, 343023616, 171511808, 1389526
circular-read-total, 6, 2, 17151180800, 88164, 195753
read, 5, 3, 343023616, 171511808, 482504
circular-read-start, 5, 3, 17151180800, 1870593
read-wait, 6, 3, 481212
read, 6, 3, 343023616, 171511808, 483293
circular-read-start, 6, 3, 17151180800, 1872819
read-wait, 4, 3, 483817
read, 4, 3, 343023616, 171511808, 483817
circular-read-start, 4, 3, 17151180800, 1872958
read-wait, 7, 3, 483735
read, 7, 3, 343023616, 171511808, 483735
circular-read-start, 7, 3, 17151180800, 1872961
read-wait, 8, 3, 483737
read, 8, 3, 343023616, 171511808, 483737
circular-read-start, 8, 3, 17151180800, 1872966
read-wait, 3, 3, 483791
read, 3, 3, 343023616, 171511808, 483791
circular-read-start, 3, 3, 17151180800, 1872971
read-start, 5, 4, 514535424, 171511808, 2065989
circular-read-total, 5, 3, 17151180800, 101646, 195395
read-start, 8, 4, 514535424, 171511808, 2068107
circular-read-total, 8, 3, 17151180800, 100778, 195140
read-start, 4, 4, 514535424, 171511808, 2068241
circular-read-total, 4, 3, 17151180800, 105613, 195283
read-start, 6, 4, 514535424, 171511808, 2068263
circular-read-total, 6, 3, 17151180800, 103253, 195443
read-start, 7, 4, 514535424, 171511808, 2068407
circular-read-total, 7, 3, 17151180800, 98440, 195446
read-wait, 6, 4, 306
read-start, 3, 4, 514535424, 171511808, 2068574
circular-read-total, 3, 3, 17151180800, 87052, 195603
read, 6, 4, 514535424, 171511808, 482833
circular-read-start, 6, 4, 17151180800, 2551097
read-wait, 7, 4, 482831
read, 7, 4, 514535424, 171511808, 482831
circular-read-start, 7, 4, 17151180800, 2551239
read-wait, 5, 4, 485252
read, 5, 4, 514535424, 171511808, 485252
circular-read-start, 5, 4, 17151180800, 2551242
read-wait, 4, 4, 483002
read, 4, 4, 514535424, 171511808, 483002
circular-read-start, 4, 4, 17151180800, 2551244
read-wait, 8, 4, 483155
read, 8, 4, 514535424, 171511808, 483155
circular-read-start, 8, 4, 17151180800, 2551263
read-wait, 3, 4, 482689
read, 3, 4, 514535424, 171511808, 482689
circular-read-start, 3, 4, 17151180800, 2551264
read-start, 5, 5, 686047232, 171511808, 2746612
circular-read-total, 5, 4, 17151180800, 94483, 195369
read-start, 8, 5, 686047232, 171511808, 2746618
circular-read-total, 8, 4, 17151180800, 94798, 195355
read-start, 4, 5, 686047232, 171511808, 2746643
circular-read-total, 4, 4, 17151180800, 88512, 195399
read-start, 6, 5, 686047232, 171511808, 2746705
circular-read-total, 6, 4, 17151180800, 100435, 195608
read-start, 3, 5, 686047232, 171511808, 2746707
circular-read-total, 3, 4, 17151180800, 94083, 195443
read-start, 7, 5, 686047232, 171511808, 2747031
circular-read-total, 7, 4, 17151180800, 83221, 195792
read-wait, 7, 5, 14
read, 7, 5, 686047232, 171511808, 481427
circular-read-start, 7, 5, 17151180800, 3228459
read-wait, 5, 5, 481985
read, 5, 5, 686047232, 171511808, 482767
circular-read-start, 5, 5, 17151180800, 3229379
read-wait, 4, 5, 482884
read, 4, 5, 686047232, 171511808, 483084
circular-read-start, 4, 5, 17151180800, 3229728
read-wait, 6, 5, 483166
read, 6, 5, 686047232, 171511808, 483433
circular-read-start, 6, 5, 17151180800, 3230139
read-wait, 8, 5, 483662
read, 8, 5, 686047232, 171511808, 483662
circular-read-start, 8, 5, 17151180800, 3230280
read-wait, 3, 5, 483579
read, 3, 5, 686047232, 171511808, 483579
circular-read-start, 3, 5, 17151180800, 3230286
read-start, 7, 6, 857559040, 171511808, 3424036
circular-read-total, 7, 5, 17151180800, 100587, 195577
read-start, 5, 6, 857559040, 171511808, 3425009
circular-read-total, 5, 5, 17151180800, 99870, 195629
read-start, 4, 6, 857559040, 171511808, 3425210
circular-read-total, 4, 5, 17151180800, 99902, 195482
read-start, 8, 6, 857559040, 171511808, 3425613
circular-read-total, 8, 5, 17151180800, 82507, 195332
read-start, 3, 6, 857559040, 171511808, 3425793
circular-read-total, 3, 5, 17151180800, 86332, 195507
read-wait, 5, 6, 893
read-start, 6, 6, 857559040, 171511808, 3425905
circular-read-total, 6, 5, 17151180800, 88056, 195765
read, 5, 6, 857559040, 171511808, 482537
circular-read-start, 5, 6, 17151180800, 3907546
read-wait, 7, 6, 483664
read, 7, 6, 857559040, 171511808, 483664
circular-read-start, 7, 6, 17151180800, 3907700
read-wait, 4, 6, 482496
read, 4, 6, 857559040, 171511808, 482496
circular-read-start, 4, 6, 17151180800, 3907706
read-wait, 6, 6, 481806
read, 6, 6, 857559040, 171511808, 482915
circular-read-start, 6, 6, 17151180800, 3908820
read-wait, 8, 6, 483352
read, 8, 6, 857559040, 171511808, 483352
circular-read-start, 8, 6, 17151180800, 3908965
read-wait, 3, 6, 483175
read, 3, 6, 857559040, 171511808, 483175
circular-read-start, 3, 6, 17151180800, 3908969
read-start, 5, 7, 1029070848, 171511808, 4103000
circular-read-total, 5, 6, 17151180800, 100081, 195453
read-start, 7, 7, 1029070848, 171511808, 4103093
circular-read-total, 7, 6, 17151180800, 92109, 195392
read-start, 4, 7, 1029070848, 171511808, 4103142
circular-read-total, 4, 6, 17151180800, 96789, 195435
read-start, 3, 7, 1029070848, 171511808, 4104276
circular-read-total, 3, 6, 17151180800, 101608, 195306
read-start, 6, 7, 1029070848, 171511808, 4104298
circular-read-total, 6, 6, 17151180800, 95527, 195478
read-wait, 5, 7, 1302
read-start, 8, 7, 1029070848, 171511808, 4104398
circular-read-total, 8, 6, 17151180800, 80815, 195432
read, 5, 7, 1029070848, 171511808, 482024
circular-read-start, 5, 7, 17151180800, 4585025
read-wait, 7, 7, 482083
read, 7, 7, 1029070848, 171511808, 482083
circular-read-start, 7, 7, 17151180800, 4585177
read-wait, 6, 7, 480884
read, 6, 7, 1029070848, 171511808, 482955
circular-read-start, 6, 7, 17151180800, 4587253
read-wait, 4, 7, 484258
read, 4, 7, 1029070848, 171511808, 484258
circular-read-start, 4, 7, 17151180800, 4587400
read-wait, 3, 7, 483131
read, 3, 7, 1029070848, 171511808, 483131
circular-read-start, 3, 7, 17151180800, 4587407
read-wait, 8, 7, 483020
read, 8, 7, 1029070848, 171511808, 483020
circular-read-start, 8, 7, 17151180800, 4587419
read-start, 5, 8, 1200582656, 171511808, 4780518
circular-read-total, 5, 7, 17151180800, 104134, 195493
read-start, 7, 8, 1200582656, 171511808, 4780690
circular-read-total, 7, 7, 17151180800, 91308, 195513
read-start, 4, 8, 1200582656, 171511808, 4782855
circular-read-total, 4, 7, 17151180800, 100257, 195454
read-start, 3, 8, 1200582656, 171511808, 4782857
circular-read-total, 3, 7, 17151180800, 112840, 195449
read-start, 8, 8, 1200582656, 171511808, 4782944
circular-read-total, 8, 7, 17151180800, 81237, 195525
read-wait, 5, 8, 2440
read-start, 6, 8, 1200582656, 171511808, 4783005
circular-read-total, 6, 7, 17151180800, 91980, 195751
read, 5, 8, 1200582656, 171511808, 482415
circular-read-start, 5, 8, 17151180800, 5262933
read-wait, 6, 8, 480084
read, 6, 8, 1200582656, 171511808, 482846
circular-read-start, 6, 8, 17151180800, 5265851
read-wait, 7, 8, 485303
read, 7, 8, 1200582656, 171511808, 485303
circular-read-start, 7, 8, 17151180800, 5265994
read-wait, 4, 8, 483146
read, 4, 8, 1200582656, 171511808, 483146
circular-read-start, 4, 8, 17151180800, 5266002
read-wait, 8, 8, 483062
read, 8, 8, 1200582656, 171511808, 483062
circular-read-start, 8, 8, 17151180800, 5266006
read-wait, 3, 8, 483308
read, 3, 8, 1200582656, 171511808, 483308
circular-read-start, 3, 8, 17151180800, 5266166
read-start, 5, 9, 1372094464, 171511808, 5458772
circular-read-total, 5, 8, 17151180800, 81449, 195839
read-start, 4, 9, 1372094464, 171511808, 5461393
circular-read-total, 4, 8, 17151180800, 112654, 195391
read-start, 7, 9, 1372094464, 171511808, 5461472
circular-read-total, 7, 8, 17151180800, 92329, 195477
read-start, 8, 9, 1372094464, 171511808, 5461547
circular-read-total, 8, 8, 17151180800, 89924, 195541
read-start, 3, 9, 1372094464, 171511808, 5461599
circular-read-total, 3, 8, 17151180800, 101319, 195433
read-start, 6, 9, 1372094464, 171511808, 5461602
circular-read-total, 6, 8, 17151180800, 80487, 195750
read-wait, 5, 9, 2841
read, 5, 9, 1372094464, 171511808, 482702
circular-read-start, 5, 9, 17151180800, 5941475
read-wait, 7, 9, 480154
read, 7, 9, 1372094464, 171511808, 481951
circular-read-start, 7, 9, 17151180800, 5943423
read-wait, 6, 9, 481967
read, 6, 9, 1372094464, 171511808, 483526
circular-read-start, 6, 9, 17151180800, 5945129
read-wait, 8, 9, 483721
read, 8, 9, 1372094464, 171511808, 483721
circular-read-start, 8, 9, 17151180800, 5945269
read-wait, 4, 9, 483876
read, 4, 9, 1372094464, 171511808, 483876
circular-read-start, 4, 9, 17151180800, 5945270
read-wait, 3, 9, 483885
read, 3, 9, 1372094464, 171511808, 483885
circular-read-start, 3, 9, 17151180800, 5945485
read-start, 5, 10, 1543606272, 171511808, 6137253
circular-read-total, 5, 9, 17151180800, 69294, 195778
read-start, 7, 10, 1543606272, 171511808, 6138908
circular-read-total, 7, 9, 17151180800, 96199, 195485
read-start, 4, 10, 1543606272, 171511808, 6140545
circular-read-total, 4, 9, 17151180800, 104797, 195275
read-start, 8, 10, 1543606272, 171511808, 6140605
circular-read-total, 8, 9, 17151180800, 90037, 195336
read-start, 6, 10, 1543606272, 171511808, 6140813
circular-read-total, 6, 9, 17151180800, 80412, 195684
read-wait, 5, 10, 3741
read-start, 3, 10, 1543606272, 171511808, 6141213
circular-read-total, 3, 9, 17151180800, 86404, 195728
read, 5, 10, 1543606272, 171511808, 481721
circular-read-start, 5, 10, 17151180800, 6618974
read-wait, 7, 10, 480210
read, 7, 10, 1543606272, 171511808, 480475
circular-read-start, 7, 10, 17151180800, 6619384
read-wait, 6, 10, 478714
read, 6, 10, 1543606272, 171511808, 482607
circular-read-start, 6, 10, 17151180800, 6623420
read-wait, 8, 10, 482964
read, 8, 10, 1543606272, 171511808, 482964
circular-read-start, 8, 10, 17151180800, 6623569
read-wait, 4, 10, 483031
read, 4, 10, 1543606272, 171511808, 483031
circular-read-start, 4, 10, 17151180800, 6623576
read-wait, 3, 10, 482378
read, 3, 10, 1543606272, 171511808, 482378
circular-read-start, 3, 10, 17151180800, 6623592
read-start, 5, 11, 1715118080, 171511808, 6814196
circular-read-total, 5, 10, 17151180800, 44645, 195222
read-start, 7, 11, 1715118080, 171511808, 6815059
circular-read-total, 7, 10, 17151180800, 52508, 195674
read-start, 8, 11, 1715118080, 171511808, 6818963
circular-read-total, 8, 10, 17151180800, 95141, 195393
read-start, 4, 11, 1715118080, 171511808, 6819011
circular-read-total, 4, 10, 17151180800, 95512, 195434
read-wait, 5, 11, 4970
read-start, 6, 11, 1715118080, 171511808, 6819188
circular-read-total, 6, 10, 17151180800, 83770, 195767
read-start, 3, 11, 1715118080, 171511808, 6819263
circular-read-total, 3, 10, 17151180800, 83074, 195670
read, 5, 11, 1715118080, 171511808, 482349
circular-read-start, 5, 11, 17151180800, 7296546
read-wait, 7, 11, 481645
read, 7, 11, 1715118080, 171511808, 481645
circular-read-start, 7, 11, 17151180800, 7296705
read-wait, 6, 11, 477519
read, 6, 11, 1715118080, 171511808, 483286
circular-read-start, 6, 11, 17151180800, 7302474
read-wait, 8, 11, 483657
read, 8, 11, 1715118080, 171511808, 483658
circular-read-start, 8, 11, 17151180800, 7302621
read-wait, 4, 11, 483615
read, 4, 11, 1715118080, 171511808, 483615
circular-read-start, 4, 11, 17151180800, 7302627
read-wait, 3, 11, 483385
read, 3, 11, 1715118080, 171511808, 483385
circular-read-start, 3, 11, 17151180800, 7302648
read-start, 5, 12, 1886629888, 171511808, 7493804
circular-read-total, 5, 11, 17151180800, 63209, 197259
read-start, 7, 12, 1886629888, 171511808, 7494106
circular-read-total, 7, 11, 17151180800, 65039, 197401
read-start, 4, 12, 1886629888, 171511808, 7498024
circular-read-total, 4, 11, 17151180800, 92392, 195397
read-start, 3, 12, 1886629888, 171511808, 7498110
circular-read-total, 3, 11, 17151180800, 84757, 195461
read-start, 6, 12, 1886629888, 171511808, 7498139
circular-read-total, 6, 11, 17151180800, 99010, 195664
read-start, 8, 12, 1886629888, 171511808, 7498614
circular-read-total, 8, 11, 17151180800, 85085, 195993
read-wait, 7, 12, 4519
read, 7, 12, 1886629888, 171511808, 480855
circular-read-start, 7, 12, 17151180800, 7974962
read-wait, 5, 12, 481300
read, 5, 12, 1886629888, 171511808, 482193
circular-read-start, 5, 12, 17151180800, 7975998
read-wait, 6, 12, 478004
read, 6, 12, 1886629888, 171511808, 483261
circular-read-start, 6, 12, 17151180800, 7981400
read-wait, 8, 12, 482927
read, 8, 12, 1886629888, 171511808, 483184
circular-read-start, 8, 12, 17151180800, 7981799
read-wait, 4, 12, 483945
read, 4, 12, 1886629888, 171511808, 483945
circular-read-start, 4, 12, 17151180800, 7981970
read-wait, 3, 12, 483870
read, 3, 12, 1886629888, 171511808, 483870
circular-read-start, 3, 12, 17151180800, 7981980
read-start, 7, 13, 2058141696, 171511808, 8171002
circular-read-total, 7, 12, 17151180800, 17446, 196040
read-start, 5, 13, 2058141696, 171511808, 8171448
circular-read-total, 5, 12, 17151180800, 37943, 195450
read-start, 6, 13, 2058141696, 171511808, 8177338
circular-read-total, 6, 12, 17151180800, 78315, 195938
read-start, 8, 13, 2058141696, 171511808, 8177489
circular-read-total, 8, 12, 17151180800, 73931, 195689
read-start, 3, 13, 2058141696, 171511808, 8177695
circular-read-total, 3, 12, 17151180800, 85332, 195714
read-start, 4, 13, 2058141696, 171511808, 8177726
circular-read-total, 4, 12, 17151180800, 84742, 195755
read-wait, 6, 13, 390
read, 6, 13, 2058141696, 171511808, 483346
circular-read-start, 6, 13, 17151180800, 8660685
read-wait, 7, 13, 489822
read, 7, 13, 2058141696, 171511808, 489822
circular-read-start, 7, 13, 17151180800, 8660825
read-wait, 8, 13, 483338
read, 8, 13, 2058141696, 171511808, 483338
circular-read-start, 8, 13, 17151180800, 8660827
read-wait, 5, 13, 489381
read, 5, 13, 2058141696, 171511808, 489381
circular-read-start, 5, 13, 17151180800, 8660829
read-wait, 4, 13, 483115
read, 4, 13, 2058141696, 171511808, 483115
circular-read-start, 4, 13, 17151180800, 8660842
read-wait, 3, 13, 483150
read, 3, 13, 2058141696, 171511808, 483150
circular-read-start, 3, 13, 17151180800, 8660845
read-start, 4, 14, 2229653504, 103646496, 8856149
circular-read-total, 4, 13, 17151180800, 106755, 195307
read-start, 8, 14, 2229653504, 103646496, 8856275
circular-read-total, 8, 13, 17151180800, 93820, 195448
read-start, 7, 14, 2229653504, 103646496, 8856284
circular-read-total, 7, 13, 17151180800, 92123, 195458
read-start, 3, 14, 2229653504, 103646496, 8856305
circular-read-total, 3, 13, 17151180800, 94705, 195459
read-start, 5, 14, 2229653504, 103646496, 8856397
circular-read-total, 5, 13, 17151180800, 96382, 195568
read-wait, 8, 14, 161
read-start, 6, 14, 2229653504, 103646496, 8856453
circular-read-total, 6, 13, 17151180800, 102783, 195768
read, 8, 14, 2229653504, 103646496, 482364
circular-read-start, 8, 14, 10364649600, 9338640
read-wait, 7, 14, 482511
read, 7, 14, 2229653504, 103646496, 482511
circular-read-start, 7, 14, 10364649600, 9338795
read-wait, 5, 14, 482400
read, 5, 14, 2229653504, 103646496, 482400
circular-read-start, 5, 14, 10364649600, 9338798
read-wait, 4, 14, 482653
read, 4, 14, 2229653504, 103646496, 482653
circular-read-start, 4, 14, 10364649600, 9338802
read-wait, 6, 14, 482349
read, 6, 14, 2229653504, 103646496, 482927
circular-read-start, 6, 14, 10364649600, 9339380
read-wait, 3, 14, 483216
read, 3, 14, 2229653504, 103646496, 483216
circular-read-start, 3, 14, 10364649600, 9339521
circular-read-total, 5, 14, 10364649600, 62529, 116498
circular-read-total, 4, 14, 10364649600, 53626, 116633
circular-read-total, 7, 14, 10364649600, 43864, 116762
circular-read-total, 8, 14, 10364649600, 49846, 117152
circular-read-total, 3, 14, 10364649600, 66850, 116354
circular-read-total, 6, 14, 10364649600, 58572, 116578

cmd-read, 9456190
