# Sun Sep 20 01:00:42 PDT 2015
memory, 32170233856
record-value, 112
seek-chunk, 171511808
file, 4, 2333300000

read-start, 1, 0, 171511808, 4672
circular-read-start, 4, 1, 233330000000, 6394
circular-read-total, 4, 1, 233330000000, 494394, 507292
linear-scan, 508550
-sort , 48162, 52
-merge, 27802, 52
-last , 1257
read, 1, 171511808, 510272
network, 1, 199193

read-start, 2, 171511808, 171511808, 714356
circular-read-start, 4, 2, 233330000000, 714704
circular-read-total, 4, 2, 233330000000, 468410, 482648
linear-scan, 483784
-sort , 47644, 51
-merge, 27995, 51
-last , 1135
read, 2, 171511808, 484132
network, 2, 195731

read-start, 3, 343023616, 171511808, 1394252
circular-read-start, 4, 3, 233330000000, 1394601
circular-read-total, 4, 3, 233330000000, 468304, 482043
linear-scan, 482969
-sort , 46516, 50
-merge, 27447, 50
-last , 925
read, 3, 171511808, 483318
network, 3, 195413

read-start, 4, 514535424, 171511808, 2073024
circular-read-start, 4, 4, 233330000000, 2073373
circular-read-total, 4, 4, 233330000000, 468243, 481907
linear-scan, 482510
-sort , 44998, 49
-merge, 26315, 49
-last , 601
read, 4, 171511808, 482858
network, 4, 195615

read-start, 5, 686047232, 171511808, 2751502
circular-read-start, 4, 5, 233330000000, 2751846
circular-read-total, 4, 5, 233330000000, 468277, 481921
linear-scan, 483114
-sort , 43989, 47
-merge, 25461, 47
-last , 1192
read, 5, 171511808, 483458
network, 5, 195772

read-start, 6, 857559040, 171511808, 3430736
circular-read-start, 4, 6, 233330000000, 3431081
circular-read-total, 4, 6, 233330000000, 468312, 482015
linear-scan, 482594
-sort , 42608, 46
-merge, 24982, 46
-last , 578
read, 6, 171511808, 482939
network, 6, 195452

read-start, 7, 1029070848, 171511808, 4109164
circular-read-start, 4, 7, 233330000000, 4109512
circular-read-total, 4, 7, 233330000000, 468224, 481847
linear-scan, 482632
-sort , 40681, 44
-merge, 23760, 44
-last , 784
read, 7, 171511808, 482980
network, 7, 195719

read-start, 8, 1200582656, 171511808, 4787906
circular-read-start, 4, 8, 233330000000, 4788251
circular-read-total, 4, 8, 233330000000, 468176, 481774
linear-scan, 482525
-sort , 38922, 42
-merge, 22871, 42
-last , 750
read, 8, 171511808, 482870
network, 8, 195757

read-start, 9, 1372094464, 171511808, 5466538
circular-read-start, 4, 9, 233330000000, 5466888
circular-read-total, 4, 9, 233330000000, 468241, 481777
linear-scan, 483201
-sort , 36868, 39
-merge, 21201, 39
-last , 1423
read, 9, 171511808, 483551
network, 9, 195654

read-start, 10, 1543606272, 171511808, 6145784
circular-read-start, 4, 10, 233330000000, 6146128
circular-read-total, 4, 10, 233330000000, 468257, 481780
linear-scan, 482287
-sort , 34220, 37
-merge, 20002, 37
-last , 506
read, 10, 171511808, 482631
network, 10, 195743

read-start, 11, 1715118080, 171511808, 6824194
circular-read-start, 4, 11, 233330000000, 6824538
circular-read-total, 4, 11, 233330000000, 468312, 481988
linear-scan, 482966
-sort , 31100, 33
-merge, 18250, 33
-last , 978
read, 11, 171511808, 483311
network, 11, 195633

read-start, 12, 1886629888, 171511808, 7503179
circular-read-start, 4, 12, 233330000000, 7503528
circular-read-total, 4, 12, 233330000000, 468107, 481647
linear-scan, 482937
-sort , 26751, 28
-merge, 15210, 28
-last , 1289
read, 12, 171511808, 483286
network, 12, 195945

read-start, 13, 2058141696, 171511808, 8182414
circular-read-start, 4, 13, 233330000000, 8182758
circular-read-total, 4, 13, 233330000000, 468071, 481752
linear-scan, 483027
-sort , 20300, 21
-merge, 11524, 21
-last , 1274
read, 13, 171511808, 483370
network, 13, 195746

read-start, 14, 2229653504, 103646496, 8861564
circular-read-start, 4, 14, 233330000000, 8861779
circular-read-total, 4, 14, 233330000000, 468142, 481651
linear-scan, 482735
-sort , 8169, 15
-merge, 5018, 15
-last , 238
read, 14, 103646496, 482951
network, 14, 116550

exit, 9461349
