# 1, 50, 0.5, true, read
recv-size, 0, 524288000
size, 0, 0
start-read, 0, 0, 5242880
read, 0, 118603
recv-read, 0, 0, 5242880
network, 0, 2489
start-read, 1, 5242880, 5242880
read, 1, 111510
recv-read, 1, 5242880, 5242880
network, 1, 2295
start-read, 2, 10485760, 5242880
read, 2, 108486
recv-read, 2, 10485760, 5242880
network, 2, 2357
start-read, 3, 15728640, 5242880
read, 3, 108474
recv-read, 3, 15728640, 5242880
network, 3, 2337
start-read, 4, 20971520, 5242880
read, 4, 108558
recv-read, 4, 20971520, 5242880
network, 4, 2309
start-read, 5, 26214400, 5242880
read, 5, 108476
recv-read, 5, 26214400, 5242880
network, 5, 2293
start-read, 6, 31457280, 5242880
read, 6, 108478
recv-read, 6, 31457280, 5242880
network, 6, 2287
start-read, 7, 36700160, 5242880
read, 7, 108454
recv-read, 7, 36700160, 5242880
network, 7, 2291
start-read, 8, 41943040, 5242880
read, 8, 108420
recv-read, 8, 41943040, 5242880
network, 8, 2288
start-read, 9, 47185920, 5242880
read, 9, 108451
recv-read, 9, 47185920, 5242880
network, 9, 2448
start-read, 10, 52428800, 5242880
read, 10, 108476
recv-read, 10, 52428800, 5242880
network, 10, 2407
start-read, 11, 57671680, 5242880
read, 11, 108442
recv-read, 11, 57671680, 5242880
network, 11, 2408
start-read, 12, 62914560, 5242880
read, 12, 108482
recv-read, 12, 62914560, 5242880
network, 12, 2439
start-read, 13, 68157440, 5242880
read, 13, 108498
recv-read, 13, 68157440, 5242880
network, 13, 2427
start-read, 14, 73400320, 5242880
read, 14, 108437
recv-read, 14, 73400320, 5242880
network, 14, 2417
start-read, 15, 78643200, 5242880
read, 15, 108578
recv-read, 15, 78643200, 5242880
network, 15, 2408
start-read, 16, 83886080, 5242880
read, 16, 108462
recv-read, 16, 83886080, 5242880
network, 16, 2451
start-read, 17, 89128960, 5242880
read, 17, 108567
recv-read, 17, 89128960, 5242880
network, 17, 2429
start-read, 18, 94371840, 5242880
read, 18, 108481
recv-read, 18, 94371840, 5242880
network, 18, 2441
start-read, 19, 99614720, 5242880
read, 19, 108462
recv-read, 19, 99614720, 5242880
network, 19, 2410
start-read, 20, 104857600, 5242880
read, 20, 108498
recv-read, 20, 104857600, 5242880
network, 20, 2416
start-read, 21, 110100480, 5242880
read, 21, 108458
recv-read, 21, 110100480, 5242880
network, 21, 2442
start-read, 22, 115343360, 5242880
read, 22, 108476
recv-read, 22, 115343360, 5242880
network, 22, 2415
start-read, 23, 120586240, 5242880
read, 23, 108524
recv-read, 23, 120586240, 5242880
network, 23, 2425
start-read, 24, 125829120, 5242880
read, 24, 108482
recv-read, 24, 125829120, 5242880
network, 24, 2415
start-read, 25, 131072000, 5242880
read, 25, 108600
recv-read, 25, 131072000, 5242880
network, 25, 2400
start-read, 26, 136314880, 5242880
read, 26, 108526
recv-read, 26, 136314880, 5242880
network, 26, 2404
start-read, 27, 141557760, 5242880
read, 27, 108622
recv-read, 27, 141557760, 5242880
network, 27, 2337
start-read, 28, 146800640, 5242880
read, 28, 108542
recv-read, 28, 146800640, 5242880
network, 28, 2388
start-read, 29, 152043520, 5242880
read, 29, 108475
recv-read, 29, 152043520, 5242880
network, 29, 2452
start-read, 30, 157286400, 5242880
read, 30, 108372
recv-read, 30, 157286400, 5242880
network, 30, 2410
start-read, 31, 162529280, 5242880
read, 31, 108421
recv-read, 31, 162529280, 5242880
network, 31, 2426
start-read, 32, 167772160, 5242880
read, 32, 108463
recv-read, 32, 167772160, 5242880
network, 32, 2410
start-read, 33, 173015040, 5242880
read, 33, 108470
recv-read, 33, 173015040, 5242880
network, 33, 2418
start-read, 34, 178257920, 5242880
read, 34, 108421
recv-read, 34, 178257920, 5242880
network, 34, 2410
start-read, 35, 183500800, 5242880
read, 35, 108486
recv-read, 35, 183500800, 5242880
network, 35, 2433
start-read, 36, 188743680, 5242880
read, 36, 108447
recv-read, 36, 188743680, 5242880
network, 36, 2392
start-read, 37, 193986560, 5242880
read, 37, 108471
recv-read, 37, 193986560, 5242880
network, 37, 2434
start-read, 38, 199229440, 5242880
read, 38, 108469
recv-read, 38, 199229440, 5242880
network, 38, 2410
start-read, 39, 204472320, 5242880
read, 39, 108383
recv-read, 39, 204472320, 5242880
network, 39, 2420
start-read, 40, 209715200, 5242880
read, 40, 108413
recv-read, 40, 209715200, 5242880
network, 40, 2403
start-read, 41, 214958080, 5242880
read, 41, 108447
recv-read, 41, 214958080, 5242880
network, 41, 2401
start-read, 42, 220200960, 5242880
read, 42, 108487
recv-read, 42, 220200960, 5242880
network, 42, 2418
start-read, 43, 225443840, 5242880
read, 43, 108533
recv-read, 43, 225443840, 5242880
network, 43, 2435
start-read, 44, 230686720, 5242880
read, 44, 108415
recv-read, 44, 230686720, 5242880
network, 44, 2404
start-read, 45, 235929600, 5242880
read, 45, 108531
recv-read, 45, 235929600, 5242880
network, 45, 2430
start-read, 46, 241172480, 5242880
read, 46, 108468
recv-read, 46, 241172480, 5242880
network, 46, 2418
start-read, 47, 246415360, 5242880
read, 47, 108471
recv-read, 47, 246415360, 5242880
network, 47, 2410
start-read, 48, 251658240, 5242880
read, 48, 108522
recv-read, 48, 251658240, 5242880
network, 48, 2455
start-read, 49, 256901120, 5242880
read, 49, 108603
recv-read, 49, 256901120, 5242880
network, 49, 2426
start-read, 50, 262144000, 5242880
read, 50, 108432
recv-read, 50, 262144000, 5242880
network, 50, 2425
start-read, 51, 267386880, 5242880
read, 51, 108479
recv-read, 51, 267386880, 5242880
network, 51, 2415
start-read, 52, 272629760, 5242880
read, 52, 108439
recv-read, 52, 272629760, 5242880
network, 52, 2402
start-read, 53, 277872640, 5242880
read, 53, 108525
recv-read, 53, 277872640, 5242880
network, 53, 2428
start-read, 54, 283115520, 5242880
read, 54, 108462
recv-read, 54, 283115520, 5242880
network, 54, 2426
start-read, 55, 288358400, 5242880
read, 55, 108486
recv-read, 55, 288358400, 5242880
network, 55, 2453
start-read, 56, 293601280, 5242880
read, 56, 108473
recv-read, 56, 293601280, 5242880
network, 56, 2424
start-read, 57, 298844160, 5242880
read, 57, 108448
recv-read, 57, 298844160, 5242880
network, 57, 2421
start-read, 58, 304087040, 5242880
read, 58, 108491
recv-read, 58, 304087040, 5242880
network, 58, 2413
start-read, 59, 309329920, 5242880
read, 59, 108492
recv-read, 59, 309329920, 5242880
network, 59, 2418
start-read, 60, 314572800, 5242880
read, 60, 108468
recv-read, 60, 314572800, 5242880
network, 60, 2400
start-read, 61, 319815680, 5242880
read, 61, 108550
recv-read, 61, 319815680, 5242880
network, 61, 2413
start-read, 62, 325058560, 5242880
read, 62, 108511
recv-read, 62, 325058560, 5242880
network, 62, 2407
start-read, 63, 330301440, 5242880
read, 63, 108512
recv-read, 63, 330301440, 5242880
network, 63, 2427
start-read, 64, 335544320, 5242880
read, 64, 108441
recv-read, 64, 335544320, 5242880
network, 64, 2430
start-read, 65, 340787200, 5242880
read, 65, 108408
recv-read, 65, 340787200, 5242880
network, 65, 2413
start-read, 66, 346030080, 5242880
read, 66, 108554
recv-read, 66, 346030080, 5242880
network, 66, 2417
start-read, 67, 351272960, 5242880
read, 67, 108497
recv-read, 67, 351272960, 5242880
network, 67, 2418
start-read, 68, 356515840, 5242880
read, 68, 108478
recv-read, 68, 356515840, 5242880
network, 68, 2432
start-read, 69, 361758720, 5242880
read, 69, 108494
recv-read, 69, 361758720, 5242880
network, 69, 2293
start-read, 70, 367001600, 5242880
read, 70, 108404
recv-read, 70, 367001600, 5242880
network, 70, 2290
start-read, 71, 372244480, 5242880
read, 71, 108531
recv-read, 71, 372244480, 5242880
network, 71, 2292
start-read, 72, 377487360, 5242880
read, 72, 108442
recv-read, 72, 377487360, 5242880
network, 72, 2289
start-read, 73, 382730240, 5242880
read, 73, 108487
recv-read, 73, 382730240, 5242880
network, 73, 2412
start-read, 74, 387973120, 5242880
read, 74, 108450
recv-read, 74, 387973120, 5242880
network, 74, 2424
start-read, 75, 393216000, 5242880
read, 75, 108491
recv-read, 75, 393216000, 5242880
network, 75, 2414
start-read, 76, 398458880, 5242880
read, 76, 108533
recv-read, 76, 398458880, 5242880
network, 76, 2458
start-read, 77, 403701760, 5242880
read, 77, 108471
recv-read, 77, 403701760, 5242880
network, 77, 2417
start-read, 78, 408944640, 5242880
read, 78, 108510
recv-read, 78, 408944640, 5242880
network, 78, 2409
start-read, 79, 414187520, 5242880
read, 79, 108516
recv-read, 79, 414187520, 5242880
network, 79, 2419
start-read, 80, 419430400, 5242880
read, 80, 108552
recv-read, 80, 419430400, 5242880
network, 80, 2419
start-read, 81, 424673280, 5242880
read, 81, 108405
recv-read, 81, 424673280, 5242880
network, 81, 2420
start-read, 82, 429916160, 5242880
read, 82, 108497
recv-read, 82, 429916160, 5242880
network, 82, 2439
start-read, 83, 435159040, 5242880
read, 83, 108476
recv-read, 83, 435159040, 5242880
network, 83, 2418
start-read, 84, 440401920, 5242880
read, 84, 108466
recv-read, 84, 440401920, 5242880
network, 84, 2405
start-read, 85, 445644800, 5242880
read, 85, 108479
recv-read, 85, 445644800, 5242880
network, 85, 2426
start-read, 86, 450887680, 5242880
read, 86, 108460
recv-read, 86, 450887680, 5242880
network, 86, 2411
start-read, 87, 456130560, 5242880
read, 87, 108511
recv-read, 87, 456130560, 5242880
network, 87, 2383
start-read, 88, 461373440, 5242880
read, 88, 108410
recv-read, 88, 461373440, 5242880
network, 88, 2425
start-read, 89, 466616320, 5242880
read, 89, 108553
recv-read, 89, 466616320, 5242880
network, 89, 2409
start-read, 90, 471859200, 5242880
read, 90, 108510
recv-read, 90, 471859200, 5242880
network, 90, 2418
start-read, 91, 477102080, 5242880
read, 91, 108481
recv-read, 91, 477102080, 5242880
network, 91, 2413
start-read, 92, 482344960, 5242880
read, 92, 108452
recv-read, 92, 482344960, 5242880
network, 92, 2411
start-read, 93, 487587840, 5242880
read, 93, 108485
recv-read, 93, 487587840, 5242880
network, 93, 2433
start-read, 94, 492830720, 5242880
read, 94, 108517
recv-read, 94, 492830720, 5242880
network, 94, 2412
start-read, 95, 498073600, 5242880
read, 95, 108486
recv-read, 95, 498073600, 5242880
network, 95, 2392
start-read, 96, 503316480, 5242880
read, 96, 108511
recv-read, 96, 503316480, 5242880
network, 96, 2399
start-read, 97, 508559360, 5242880
read, 97, 108435
recv-read, 97, 508559360, 5242880
network, 97, 2414
start-read, 98, 513802240, 5242880
read, 98, 108506
recv-read, 98, 513802240, 5242880
network, 98, 2404
start-read, 99, 519045120, 5242880
read, 99, 108443
recv-read, 99, 519045120, 5242880
network, 99, 2426
start-read, 100, 524288000, 5242880
cmd-read, 0, 11102057
