# Mon Sep 21 00:42:23 PDT 2015
# 4, 800, 0, read
max-chunk, 3, 1, 707645831, 0
chunk-size, 707645831, 4919
disks, 8

size, 3, 2, 8000000000, 0
size, 4, 1, 8000000000, 0
size, 5, 1, 8000000000, 0
size, 6, 1, 8000000000, 0
size, 7, 1, 8000000000, 0


read-start, 3, 1, 0, 707645831, 18
read-start, 4, 1, 0, 707645831, 18
read-start, 5, 1, 0, 707645831, 18
read-start, 6, 1, 0, 707645831, 18
read-start, 7, 1, 0, 707645831, 18
read-wait, 3, 1, 0
read, 3, 1, 0, 707645831, 494985
circular-read-start, 3, 1, 70764583100, 495003
read-wait, 4, 1, 495107
read, 4, 1, 0, 707645831, 495735
circular-read-start, 4, 1, 70764583100, 495754
read-wait, 5, 1, 495855
read, 5, 1, 0, 707645831, 498403
circular-read-start, 5, 1, 70764583100, 498422
read-wait, 6, 1, 498585
read, 6, 1, 0, 707645831, 512000
circular-read-start, 6, 1, 70764583100, 512018
read-wait, 7, 1, 512123
read, 7, 1, 0, 707645831, 512123
circular-read-start, 7, 1, 70764583100, 512142
read-start, 4, 2, 707645831, 707645831, 794937
circular-read-total, 4, 1, 70764583100, 61986, 299183
read-start, 3, 2, 707645831, 707645831, 795109
circular-read-total, 3, 1, 70764583100, 52900, 300105
read-start, 5, 2, 707645831, 707645831, 795260
circular-read-total, 5, 1, 70764583100, 62891, 296838
read-start, 7, 2, 707645831, 707645831, 796203
circular-read-total, 7, 1, 70764583100, 31760, 284060
read-start, 6, 2, 707645831, 707645831, 796480
circular-read-total, 6, 1, 70764583100, 29668, 284461
read-wait, 3, 2, 1454
read, 3, 2, 707645831, 707645831, 482284
circular-read-start, 3, 2, 70764583100, 1277393
read-wait, 7, 2, 481287
read, 7, 2, 707645831, 707645831, 498751
circular-read-start, 7, 2, 70764583100, 1294955
read-wait, 5, 2, 499796
read, 5, 2, 707645831, 707645831, 499796
circular-read-start, 5, 2, 70764583100, 1295057
read-wait, 6, 2, 498580
read, 6, 2, 707645831, 707645831, 498580
circular-read-start, 6, 2, 70764583100, 1295060
read-wait, 4, 2, 500134
read, 4, 2, 707645831, 707645831, 500134
circular-read-start, 4, 2, 70764583100, 1295071
read-start, 3, 3, 1415291662, 707645831, 1580788
circular-read-total, 3, 2, 70764583100, 19656, 303395
read-start, 6, 3, 1415291662, 707645831, 1580941
circular-read-total, 6, 2, 70764583100, 11869, 285881
read-start, 7, 3, 1415291662, 707645831, 1581164
circular-read-total, 7, 2, 70764583100, 7069, 286208
read-start, 5, 3, 1415291662, 707645831, 1581398
circular-read-total, 5, 2, 70764583100, 9909, 286341
read-start, 4, 3, 1415291662, 707645831, 1582135
circular-read-total, 4, 2, 70764583100, 16889, 287063
read-wait, 5, 3, 754
read, 5, 3, 1415291662, 707645831, 498903
circular-read-start, 5, 3, 70764583100, 2080302
read-wait, 3, 3, 499613
read, 3, 3, 1415291662, 707645831, 499613
circular-read-start, 3, 3, 70764583100, 2080401
read-wait, 7, 3, 499241
read, 7, 3, 1415291662, 707645831, 499241
circular-read-start, 7, 3, 70764583100, 2080405
read-wait, 6, 3, 499469
read, 6, 3, 1415291662, 707645831, 499469
circular-read-start, 6, 3, 70764583100, 2080411
read-wait, 4, 3, 498277
read, 4, 3, 1415291662, 707645831, 498277
circular-read-start, 4, 3, 70764583100, 2080413
read-start, 4, 4, 2122937493, 707645831, 2366741
circular-read-total, 4, 3, 70764583100, 24080, 286328
read-start, 3, 4, 2122937493, 707645831, 2366972
circular-read-total, 3, 3, 70764583100, 29589, 286570
read-start, 5, 4, 2122937493, 707645831, 2367048
circular-read-total, 5, 3, 70764583100, 29872, 286746
read-start, 7, 4, 2122937493, 707645831, 2367463
circular-read-total, 7, 3, 70764583100, 9480, 287057
read-start, 6, 4, 2122937493, 707645831, 2367793
circular-read-total, 6, 3, 70764583100, 21336, 287382
read-wait, 3, 4, 937
read, 3, 4, 2122937493, 707645831, 462187
circular-read-start, 3, 4, 70764583100, 2829160
read-wait, 7, 4, 461799
read, 7, 4, 2122937493, 707645831, 483689
circular-read-start, 7, 4, 70764583100, 2851152
read-wait, 4, 4, 484564
read, 4, 4, 2122937493, 707645831, 484740
circular-read-start, 4, 4, 70764583100, 2851482
read-wait, 6, 4, 483794
read, 6, 4, 2122937493, 707645831, 483794
circular-read-start, 6, 4, 70764583100, 2851588
read-wait, 5, 4, 484551
read, 5, 4, 2122937493, 707645831, 484551
circular-read-start, 5, 4, 70764583100, 2851600
read-start, 4, 5, 2830583324, 707645831, 3137420
circular-read-total, 4, 4, 70764583100, 9421, 285938
read-start, 6, 5, 2830583324, 707645831, 3137539
circular-read-total, 6, 4, 70764583100, 9066, 285950
read-start, 7, 5, 2830583324, 707645831, 3137722
circular-read-total, 7, 4, 70764583100, 15173, 286569
read-start, 5, 5, 2830583324, 707645831, 3137744
circular-read-total, 5, 4, 70764583100, 11945, 286143
read-start, 3, 5, 2830583324, 707645831, 3137888
circular-read-total, 3, 4, 70764583100, 8038, 308727
read-wait, 7, 5, 543
read, 7, 5, 2830583324, 707645831, 453421
circular-read-start, 7, 5, 70764583100, 3591144
read-wait, 3, 5, 453407
read, 3, 5, 2830583324, 707645831, 455360
circular-read-start, 3, 5, 70764583100, 3593248
read-wait, 6, 5, 455871
read, 6, 5, 2830583324, 707645831, 469994
circular-read-start, 6, 5, 70764583100, 3607533
read-wait, 4, 5, 470263
read, 4, 5, 2830583324, 707645831, 470263
circular-read-start, 4, 5, 70764583100, 3607684
read-wait, 5, 5, 469958
read, 5, 5, 2830583324, 707645831, 471097
circular-read-start, 5, 5, 70764583100, 3608842
read-start, 5, 6, 3538229155, 707645831, 3893697
circular-read-total, 5, 5, 70764583100, 12695, 284855
read-start, 7, 6, 3538229155, 707645831, 3893735
circular-read-total, 7, 5, 70764583100, 30404, 302591
read-start, 6, 6, 3538229155, 707645831, 3894101
circular-read-total, 6, 5, 70764583100, 11541, 286568
read-start, 4, 6, 3538229155, 707645831, 3894237
circular-read-total, 4, 5, 70764583100, 24120, 286553
read-start, 3, 6, 3538229155, 707645831, 3894983
circular-read-total, 3, 5, 70764583100, 10829, 301734
read-wait, 7, 6, 1518
read, 7, 6, 3538229155, 707645831, 446572
circular-read-start, 7, 6, 70764583100, 4340308
read-wait, 3, 6, 445427
read, 3, 6, 3538229155, 707645831, 445583
circular-read-start, 3, 6, 70764583100, 4340566
read-wait, 4, 6, 446488
read, 4, 6, 3538229155, 707645831, 453371
circular-read-start, 4, 6, 70764583100, 4347608
read-wait, 6, 6, 453661
read, 6, 6, 3538229155, 707645831, 468570
circular-read-start, 6, 6, 70764583100, 4362672
read-wait, 5, 6, 469132
read, 5, 6, 3538229155, 707645831, 469132
circular-read-start, 5, 6, 70764583100, 4362829
read-start, 7, 7, 4245874986, 707645831, 4646669
circular-read-total, 7, 6, 70764583100, 57912, 306361
read-start, 6, 7, 4245874986, 707645831, 4647687
circular-read-total, 6, 6, 70764583100, 18580, 285015
read-start, 4, 7, 4245874986, 707645831, 4648210
circular-read-total, 4, 6, 70764583100, 29162, 300601
read-start, 5, 7, 4245874986, 707645831, 4648293
circular-read-total, 5, 6, 70764583100, 11352, 285464
read-start, 3, 7, 4245874986, 707645831, 4648489
circular-read-total, 3, 6, 70764583100, 28645, 307923
read-wait, 7, 7, 1822
read, 7, 7, 4245874986, 707645831, 448916
circular-read-start, 7, 7, 70764583100, 5095586
read-wait, 3, 7, 447252
read, 3, 7, 4245874986, 707645831, 447253
circular-read-start, 3, 7, 70764583100, 5095742
read-wait, 5, 7, 447462
read, 5, 7, 4245874986, 707645831, 448806
circular-read-start, 5, 7, 70764583100, 5097100
read-wait, 4, 7, 448988
read, 4, 7, 4245874986, 707645831, 449504
circular-read-start, 4, 7, 70764583100, 5097715
read-wait, 6, 7, 450183
read, 6, 7, 4245874986, 707645831, 453080
circular-read-start, 6, 7, 70764583100, 5100768
read-start, 4, 8, 4953520817, 707645831, 5385159
circular-read-total, 4, 7, 70764583100, 35622, 287444
read-start, 3, 8, 4953520817, 707645831, 5385501
circular-read-total, 3, 7, 70764583100, 29365, 289758
read-start, 6, 8, 4953520817, 707645831, 5385594
circular-read-total, 6, 7, 70764583100, 11272, 284825
read-start, 5, 8, 4953520817, 707645831, 5385804
circular-read-total, 5, 7, 70764583100, 9533, 288704
read-start, 7, 8, 4953520817, 707645831, 5386352
circular-read-total, 7, 7, 70764583100, 13505, 290766
read-wait, 7, 8, 30
read, 7, 8, 4953520817, 707645831, 446030
circular-read-start, 7, 8, 70764583100, 5832383
read-wait, 3, 8, 447039
read, 3, 8, 4953520817, 707645831, 447039
circular-read-start, 3, 8, 70764583100, 5832540
read-wait, 4, 8, 447386
read, 4, 8, 4953520817, 707645831, 447497
circular-read-start, 4, 8, 70764583100, 5832657
read-wait, 5, 8, 447002
read, 5, 8, 4953520817, 707645831, 448901
circular-read-start, 5, 8, 70764583100, 5834706
read-wait, 6, 8, 449288
read, 6, 8, 4953520817, 707645831, 451178
circular-read-start, 6, 8, 70764583100, 5836772
read-start, 5, 9, 5661166648, 707645831, 6120914
circular-read-total, 5, 8, 70764583100, 33576, 286208
read-start, 3, 9, 5661166648, 707645831, 6121405
circular-read-total, 3, 8, 70764583100, 14241, 288865
read-start, 7, 9, 5661166648, 707645831, 6121972
circular-read-total, 7, 8, 70764583100, 13099, 289588
read-start, 6, 9, 5661166648, 707645831, 6122282
circular-read-total, 6, 8, 70764583100, 8746, 285509
read-start, 4, 9, 5661166648, 707645831, 6122293
circular-read-total, 4, 8, 70764583100, 31061, 289636
read-wait, 7, 9, 454
read, 7, 9, 5661166648, 707645831, 444213
circular-read-start, 7, 9, 70764583100, 6566186
read-wait, 3, 9, 444938
read, 3, 9, 5661166648, 707645831, 444938
circular-read-start, 3, 9, 70764583100, 6566344
read-wait, 4, 9, 444055
read, 4, 9, 5661166648, 707645831, 446168
circular-read-start, 4, 9, 70764583100, 6568462
read-wait, 5, 9, 447700
read, 5, 9, 5661166648, 707645831, 447700
circular-read-start, 5, 9, 70764583100, 6568615
read-wait, 6, 9, 446428
read, 6, 9, 5661166648, 707645831, 446504
circular-read-start, 6, 9, 70764583100, 6568787
read-start, 3, 10, 6368812479, 707645831, 6854232
circular-read-total, 3, 9, 70764583100, 40574, 287888
read-start, 5, 10, 6368812479, 707645831, 6854500
circular-read-total, 5, 9, 70764583100, 16199, 285884
read-start, 4, 10, 6368812479, 707645831, 6854637
circular-read-total, 4, 9, 70764583100, 13203, 286174
read-start, 6, 10, 6368812479, 707645831, 6854746
circular-read-total, 6, 9, 70764583100, 8645, 285958
read-start, 7, 10, 6368812479, 707645831, 6854867
circular-read-total, 7, 9, 70764583100, 19386, 288680
read-wait, 5, 10, 1011
read, 5, 10, 6368812479, 707645831, 440073
circular-read-start, 5, 10, 70764583100, 7294574
read-wait, 3, 10, 440497
read, 3, 10, 6368812479, 707645831, 440497
circular-read-start, 3, 10, 70764583100, 7294729
read-wait, 7, 10, 439865
read, 7, 10, 6368812479, 707645831, 440529
circular-read-start, 7, 10, 70764583100, 7295396
read-wait, 4, 10, 440864
read, 4, 10, 6368812479, 707645831, 441816
circular-read-start, 4, 10, 70764583100, 7296453
read-wait, 6, 10, 441827
read, 6, 10, 6368812479, 707645831, 441893
circular-read-start, 6, 10, 70764583100, 7296639
read-start, 7, 11, 7076458310, 707645831, 7581172
circular-read-total, 7, 10, 70764583100, 39650, 285776
read-start, 3, 11, 7076458310, 707645831, 7581837
circular-read-total, 3, 10, 70764583100, 39094, 287108
read-start, 4, 11, 7076458310, 707645831, 7582141
circular-read-total, 4, 10, 70764583100, 14791, 285687
read-start, 5, 11, 7076458310, 707645831, 7582474
circular-read-total, 5, 10, 70764583100, 12023, 287900
read-wait, 3, 11, 751
read-start, 6, 11, 7076458310, 707645831, 7582607
circular-read-total, 6, 10, 70764583100, 10770, 285968
read, 3, 11, 7076458310, 707645831, 432050
circular-read-start, 3, 11, 70764583100, 8013888
read-wait, 5, 11, 431513
read, 5, 11, 7076458310, 707645831, 436617
circular-read-start, 5, 11, 70764583100, 8019092
read-wait, 7, 11, 438018
read, 7, 11, 7076458310, 707645831, 439051
circular-read-start, 7, 11, 70764583100, 8020224
read-wait, 4, 11, 438182
read, 4, 11, 7076458310, 707645831, 438182
circular-read-start, 4, 11, 70764583100, 8020323
read-wait, 6, 11, 437731
read, 6, 11, 7076458310, 707645831, 437731
circular-read-start, 6, 11, 70764583100, 8020339
read-start, 3, 12, 7784104141, 215895859, 8305834
circular-read-total, 3, 11, 70764583100, 34625, 291946
read-start, 6, 12, 7784104141, 215895859, 8305986
circular-read-total, 6, 11, 70764583100, 9053, 285646
read-start, 7, 12, 7784104141, 215895859, 8306195
circular-read-total, 7, 11, 70764583100, 11452, 285970
read-start, 4, 12, 7784104141, 215895859, 8306245
circular-read-total, 4, 11, 70764583100, 11264, 285921
read-start, 5, 12, 7784104141, 215895859, 8306262
circular-read-total, 5, 11, 70764583100, 28882, 287168
read-wait, 3, 12, 606
read, 3, 12, 7784104141, 215895859, 424369
circular-read-start, 3, 12, 21589585900, 8730204
read-wait, 5, 12, 424041
read, 5, 12, 7784104141, 215895859, 427256
circular-read-start, 5, 12, 21589585900, 8733519
read-wait, 4, 12, 427427
read, 4, 12, 7784104141, 215895859, 430421
circular-read-start, 4, 12, 21589585900, 8736666
read-wait, 6, 12, 430780
read, 6, 12, 7784104141, 215895859, 430780
circular-read-start, 6, 12, 21589585900, 8736766
read-wait, 7, 12, 430573
read, 7, 12, 7784104141, 215895859, 432418
circular-read-start, 7, 12, 21589585900, 8738614
circular-read-total, 3, 12, 21589585900, 12723, 93353
circular-read-total, 6, 12, 21589585900, 6610, 86983
circular-read-total, 4, 12, 21589585900, 4983, 87087
circular-read-total, 5, 12, 21589585900, 7935, 90605
circular-read-total, 7, 12, 21589585900, 2306, 86081

cmd-read, 8825124
