# Mon Sep 21 00:42:23 PDT 2015
memory, 128926187520
record-value, 112
seek-chunk, 707645831
file, 4, 2000000000
file, 5, 2000000000
file, 6, 2000000000
file, 7, 2000000000

read-start, 1, 0, 707645831, 9295
circular-read-start, 4, 1, 200000000000, 16591
circular-read-start, 5, 1, 200000000000, 16591
circular-read-start, 6, 1, 200000000000, 16591
circular-read-start, 7, 1, 200000000000, 16591
circular-read-total, 4, 1, 200000000000, 444018, 471586
circular-read-total, 7, 1, 200000000000, 447959, 473381
circular-read-total, 5, 1, 200000000000, 445745, 473482
circular-read-total, 6, 1, 200000000000, 448658, 474717
linear-scan, 475881
-sort , 71641, 50
-merge, 64422, 50
-last , 1144
read, 1, 707645831, 483177
network, 1, 312864

read-start, 2, 707645831, 707645831, 805341
circular-read-start, 4, 2, 200000000000, 806734
circular-read-start, 5, 2, 200000000000, 806734
circular-read-start, 6, 2, 200000000000, 806734
circular-read-start, 7, 2, 200000000000, 806734
circular-read-total, 4, 2, 200000000000, 423330, 493227
circular-read-total, 5, 2, 200000000000, 423976, 493469
circular-read-total, 6, 2, 200000000000, 425951, 494426
circular-read-total, 7, 2, 200000000000, 427070, 495012
linear-scan, 497358
-sort , 71294, 48
-merge, 63361, 48
-last , 2240
read, 2, 707645831, 498751
network, 2, 286196

read-start, 3, 1415291662, 707645831, 1590302
circular-read-start, 4, 3, 200000000000, 1591694
circular-read-start, 5, 3, 200000000000, 1591694
circular-read-start, 6, 3, 200000000000, 1591694
circular-read-start, 7, 3, 200000000000, 1591694
circular-read-total, 6, 3, 200000000000, 430412, 461056
circular-read-total, 5, 3, 200000000000, 429885, 461968
circular-read-total, 7, 3, 200000000000, 431590, 461990
circular-read-total, 4, 3, 200000000000, 430045, 462073
linear-scan, 463531
-sort , 66479, 47
-merge, 60125, 47
-last , 1415
read, 3, 707645831, 464923
network, 3, 321162

read-start, 4, 2122937493, 707645831, 2376603
circular-read-start, 5, 4, 200000000000, 2377999
circular-read-start, 4, 4, 200000000000, 2377999
circular-read-start, 6, 4, 200000000000, 2377999
circular-read-start, 7, 4, 200000000000, 2377999
circular-read-total, 6, 4, 200000000000, 424616, 478410
circular-read-total, 5, 4, 200000000000, 423741, 478448
circular-read-total, 7, 4, 200000000000, 427094, 480084
circular-read-total, 4, 4, 200000000000, 425527, 480230
linear-scan, 482293
-sort , 68179, 45
-merge, 60468, 45
-last , 1975
read, 4, 707645831, 483689
network, 4, 286563

read-start, 5, 2830583324, 707645831, 3146863
circular-read-start, 4, 5, 200000000000, 3148259
circular-read-start, 5, 5, 200000000000, 3148259
circular-read-start, 6, 5, 200000000000, 3148259
circular-read-start, 7, 5, 200000000000, 3148259
circular-read-total, 4, 5, 200000000000, 430802, 447554
circular-read-total, 6, 5, 200000000000, 432433, 448275
circular-read-total, 5, 5, 200000000000, 432522, 448930
circular-read-total, 7, 5, 200000000000, 435203, 449715
linear-scan, 452026
-sort , 61987, 43
-merge, 56584, 43
-last , 2205
read, 5, 707645831, 453421
network, 5, 302580

read-start, 6, 3538229155, 707645831, 3902877
circular-read-start, 5, 6, 200000000000, 3904274
circular-read-start, 4, 6, 200000000000, 3904274
circular-read-start, 6, 6, 200000000000, 3904274
circular-read-start, 7, 6, 200000000000, 3904274
circular-read-total, 4, 6, 200000000000, 430054, 440273
circular-read-total, 5, 6, 200000000000, 431969, 441904
circular-read-total, 6, 6, 200000000000, 433132, 442296
circular-read-total, 7, 6, 200000000000, 434363, 443065
linear-scan, 445175
-sort , 59801, 41
-merge, 55603, 41
-last , 2020
read, 6, 707645831, 446572
network, 6, 306349

read-start, 7, 4245874986, 707645831, 4655812
circular-read-start, 5, 7, 200000000000, 4657207
circular-read-start, 4, 7, 200000000000, 4657207
circular-read-start, 6, 7, 200000000000, 4657207
circular-read-start, 7, 7, 200000000000, 4657207
circular-read-total, 4, 7, 200000000000, 435774, 444324
circular-read-total, 5, 7, 200000000000, 437080, 444409
circular-read-total, 6, 7, 200000000000, 437310, 445723
circular-read-total, 7, 7, 200000000000, 439417, 446303
linear-scan, 447522
-sort , 55753, 39
-merge, 52029, 39
-last , 1194
read, 7, 707645831, 448916
network, 7, 290757

read-start, 8, 4953520817, 707645831, 5395497
circular-read-start, 4, 8, 200000000000, 5396891
circular-read-start, 5, 8, 200000000000, 5396891
circular-read-start, 6, 8, 200000000000, 5396891
circular-read-start, 7, 8, 200000000000, 5396891
circular-read-total, 4, 8, 200000000000, 429515, 438354
circular-read-total, 6, 8, 200000000000, 430589, 438972
circular-read-total, 7, 8, 200000000000, 436138, 442892
circular-read-total, 5, 8, 200000000000, 436129, 443462
linear-scan, 444636
-sort , 51251, 36
-merge, 48590, 36
-last , 1153
read, 8, 707645831, 446031
network, 8, 289585

read-start, 9, 5661166648, 707645831, 6131118
circular-read-start, 5, 9, 200000000000, 6132520
circular-read-start, 4, 9, 200000000000, 6132520
circular-read-start, 6, 9, 200000000000, 6132520
circular-read-start, 7, 9, 200000000000, 6132520
circular-read-total, 4, 9, 200000000000, 425959, 435447
circular-read-total, 6, 9, 200000000000, 428033, 436948
circular-read-total, 5, 9, 200000000000, 432130, 439431
circular-read-total, 7, 9, 200000000000, 434762, 441348
linear-scan, 442812
-sort , 49150, 32
-merge, 56569, 32
-last , 1421
read, 9, 707645831, 444214
network, 9, 288673

read-start, 10, 6368812479, 707645831, 6864014
circular-read-start, 4, 10, 200000000000, 6865408
circular-read-start, 5, 10, 200000000000, 6865408
circular-read-start, 6, 10, 200000000000, 6865408
circular-read-start, 7, 10, 200000000000, 6865408
circular-read-total, 4, 10, 200000000000, 422808, 432183
circular-read-total, 6, 10, 200000000000, 423807, 432638
circular-read-total, 7, 10, 200000000000, 430979, 438029
circular-read-total, 5, 10, 200000000000, 430637, 438042
linear-scan, 439134
-sort , 38837, 27
-merge, 38356, 27
-last , 1078
read, 10, 707645831, 440529
network, 10, 285762

read-start, 11, 7076458310, 707645831, 7590320
circular-read-start, 4, 11, 200000000000, 7591713
circular-read-start, 5, 11, 200000000000, 7591713
circular-read-start, 6, 11, 200000000000, 7591713
circular-read-start, 7, 11, 200000000000, 7591713
circular-read-total, 4, 11, 200000000000, 424007, 431476
circular-read-total, 6, 11, 200000000000, 425415, 432889
circular-read-total, 7, 11, 200000000000, 426445, 434734
circular-read-total, 5, 11, 200000000000, 426928, 435226
linear-scan, 437658
-sort , 27182, 18
-merge, 28597, 18
-last , 2320
read, 11, 707645831, 439051
network, 11, 285963

read-start, 12, 7784104141, 215895859, 8315343
circular-read-start, 4, 12, 200000000000, 8315773
circular-read-start, 5, 12, 200000000000, 8315773
circular-read-start, 6, 12, 200000000000, 8315773
circular-read-start, 7, 12, 200000000000, 8315773
circular-read-total, 6, 12, 200000000000, 417346, 427805
circular-read-total, 4, 12, 200000000000, 417561, 427981
circular-read-total, 5, 12, 200000000000, 422062, 430648
circular-read-total, 7, 12, 200000000000, 422572, 430901
linear-scan, 431989
-sort , 6736, 15
-merge, 7511, 15
-last , 281
read, 12, 215895859, 432419
network, 12, 86077

exit, 8834291
