# Mon Sep 21 00:42:23 PDT 2015
memory, 128926187520
record-value, 112
seek-chunk, 707645831
file, 4, 2000000000
file, 5, 2000000000
file, 6, 2000000000
file, 7, 2000000000

read-start, 1, 0, 707645831, 7455
circular-read-start, 4, 1, 200000000000, 14664
circular-read-start, 5, 1, 200000000000, 14664
circular-read-start, 6, 1, 200000000000, 14664
circular-read-start, 7, 1, 200000000000, 14664
circular-read-total, 7, 1, 200000000000, 449492, 495250
circular-read-total, 6, 1, 200000000000, 449732, 495277
circular-read-total, 5, 1, 200000000000, 451676, 495647
circular-read-total, 4, 1, 200000000000, 456375, 503539
linear-scan, 504704
-sort , 77334, 50
-merge, 67758, 50
-last , 1144
read, 1, 707645831, 511913
network, 1, 284450

read-start, 2, 707645831, 707645831, 803821
circular-read-start, 5, 2, 200000000000, 805223
circular-read-start, 4, 2, 200000000000, 805223
circular-read-start, 6, 2, 200000000000, 805223
circular-read-start, 7, 2, 200000000000, 805223
circular-read-total, 7, 2, 200000000000, 435028, 485971
circular-read-total, 6, 2, 200000000000, 435603, 486125
circular-read-total, 4, 2, 200000000000, 435982, 486757
circular-read-total, 5, 2, 200000000000, 437263, 488045
linear-scan, 490312
-sort , 73031, 48
-merge, 63749, 48
-last , 2161
read, 2, 707645831, 491714
network, 2, 292711

read-start, 3, 1415291662, 707645831, 1588258
circular-read-start, 4, 3, 200000000000, 1589659
circular-read-start, 5, 3, 200000000000, 1589659
circular-read-start, 6, 3, 200000000000, 1589659
circular-read-start, 7, 3, 200000000000, 1589659
circular-read-total, 7, 3, 200000000000, 429906, 491027
circular-read-total, 5, 3, 200000000000, 432917, 493061
circular-read-total, 6, 3, 200000000000, 432479, 493080
circular-read-total, 4, 3, 200000000000, 433611, 493800
linear-scan, 495276
-sort , 72874, 47
-merge, 61561, 47
-last , 1433
read, 3, 707645831, 496677
network, 3, 290146

read-start, 4, 2122937493, 707645831, 2375085
circular-read-start, 4, 4, 200000000000, 2376486
circular-read-start, 5, 4, 200000000000, 2376486
circular-read-start, 6, 4, 200000000000, 2376486
circular-read-start, 7, 4, 200000000000, 2376486
circular-read-total, 6, 4, 200000000000, 436007, 470685
circular-read-total, 4, 4, 200000000000, 435863, 471017
circular-read-total, 7, 4, 200000000000, 437039, 471851
circular-read-total, 5, 4, 200000000000, 437987, 472966
linear-scan, 475013
-sort , 71256, 45
-merge, 60696, 45
-last , 1958
read, 4, 707645831, 476414
network, 4, 293292

read-start, 5, 2830583324, 707645831, 3144806
circular-read-start, 4, 5, 200000000000, 3146207
circular-read-start, 5, 5, 200000000000, 3146207
circular-read-start, 6, 5, 200000000000, 3146207
circular-read-start, 7, 5, 200000000000, 3146207
circular-read-total, 6, 5, 200000000000, 437581, 463659
circular-read-total, 4, 5, 200000000000, 437177, 463866
circular-read-total, 7, 5, 200000000000, 439308, 465723
circular-read-total, 5, 5, 200000000000, 439285, 466229
linear-scan, 468577
-sort , 67183, 43
-merge, 59531, 43
-last , 2242
read, 5, 707645831, 469979
network, 5, 286544

read-start, 6, 3538229155, 707645831, 3901344
circular-read-start, 5, 6, 200000000000, 3902749
circular-read-start, 4, 6, 200000000000, 3902749
circular-read-start, 6, 6, 200000000000, 3902749
circular-read-start, 7, 6, 200000000000, 3902749
circular-read-total, 7, 6, 200000000000, 437092, 462638
circular-read-total, 6, 6, 200000000000, 437273, 462682
circular-read-total, 4, 6, 200000000000, 439292, 464264
circular-read-total, 5, 6, 200000000000, 439268, 465021
linear-scan, 467150
-sort , 64924, 41
-merge, 57858, 41
-last , 2040
read, 6, 707645831, 468555
network, 6, 284995

read-start, 7, 4245874986, 707645831, 4654907
circular-read-start, 5, 7, 200000000000, 4656309
circular-read-start, 4, 7, 200000000000, 4656309
circular-read-start, 6, 7, 200000000000, 4656309
circular-read-start, 7, 7, 200000000000, 4656309
circular-read-total, 4, 7, 200000000000, 436947, 447550
circular-read-total, 7, 7, 200000000000, 437243, 448267
circular-read-total, 6, 7, 200000000000, 438149, 448966
circular-read-total, 5, 7, 200000000000, 439222, 450440
linear-scan, 451663
-sort , 61574, 39
-merge, 58004, 39
-last , 1199
read, 7, 707645831, 453066
network, 7, 284808

read-start, 8, 4953520817, 707645831, 5392790
circular-read-start, 5, 8, 200000000000, 5394212
circular-read-start, 4, 8, 200000000000, 5394212
circular-read-start, 6, 8, 200000000000, 5394212
circular-read-start, 7, 8, 200000000000, 5394212
circular-read-total, 6, 8, 200000000000, 434980, 445441
circular-read-total, 7, 8, 200000000000, 435785, 447015
circular-read-total, 4, 8, 200000000000, 436520, 447298
circular-read-total, 5, 8, 200000000000, 437587, 448557
linear-scan, 449741
-sort , 58388, 36
-merge, 56666, 36
-last , 1163
read, 8, 707645831, 451163
network, 8, 285484

read-start, 9, 5661166648, 707645831, 6129454
circular-read-start, 5, 9, 200000000000, 6130855
circular-read-start, 4, 9, 200000000000, 6130855
circular-read-start, 6, 9, 200000000000, 6130855
circular-read-start, 7, 9, 200000000000, 6130855
circular-read-total, 4, 9, 200000000000, 433741, 442163
circular-read-total, 7, 9, 200000000000, 434510, 442738
circular-read-total, 6, 9, 200000000000, 434528, 442796
circular-read-total, 5, 9, 200000000000, 434492, 443621
linear-scan, 445088
-sort , 51816, 32
-merge, 49188, 32
-last , 1424
read, 9, 707645831, 446488
network, 9, 285735

read-start, 10, 6368812479, 707645831, 6861894
circular-read-start, 5, 10, 200000000000, 6863295
circular-read-start, 4, 10, 200000000000, 6863295
circular-read-start, 6, 10, 200000000000, 6863295
circular-read-start, 7, 10, 200000000000, 6863295
circular-read-total, 7, 10, 200000000000, 426852, 435532
circular-read-total, 4, 10, 200000000000, 427504, 436384
circular-read-total, 6, 10, 200000000000, 428658, 437521
circular-read-total, 5, 10, 200000000000, 429745, 439336
linear-scan, 440477
-sort , 42422, 27
-merge, 45488, 27
-last , 1068
read, 10, 707645831, 441878
network, 10, 285948

read-start, 11, 7076458310, 707645831, 7589733
circular-read-start, 5, 11, 200000000000, 7591136
circular-read-start, 4, 11, 200000000000, 7591136
circular-read-start, 6, 11, 200000000000, 7591136
circular-read-start, 7, 11, 200000000000, 7591136
circular-read-total, 7, 11, 200000000000, 424645, 431930
circular-read-total, 4, 11, 200000000000, 424803, 432316
circular-read-total, 6, 11, 200000000000, 425408, 433151
circular-read-total, 5, 11, 200000000000, 425330, 433256
linear-scan, 435653
-sort , 28228, 18
-merge, 31174, 18
-last , 2284
read, 11, 707645831, 437055
network, 11, 286287

read-start, 12, 7784104141, 215895859, 8313088
circular-read-start, 4, 12, 200000000000, 8313517
circular-read-start, 5, 12, 200000000000, 8313517
circular-read-start, 6, 12, 200000000000, 8313517
circular-read-start, 7, 12, 200000000000, 8313517
circular-read-total, 7, 12, 200000000000, 415661, 424908
circular-read-total, 4, 12, 200000000000, 415882, 424979
circular-read-total, 6, 12, 200000000000, 416633, 426002
circular-read-total, 5, 12, 200000000000, 417216, 426040
linear-scan, 427122
-sort , 6615, 15
-merge, 7673, 15
-last , 281
read, 12, 215895859, 427551
network, 12, 90186

exit, 8832227
