# Mon Sep 21 00:42:23 PDT 2015
memory, 128926187520
record-value, 112
seek-chunk, 707645831
file, 4, 2000000000
file, 5, 2000000000
file, 6, 2000000000
file, 7, 2000000000

read-start, 1, 0, 707645831, 5679
circular-read-start, 4, 1, 200000000000, 12888
circular-read-start, 5, 1, 200000000000, 12888
circular-read-start, 6, 1, 200000000000, 12888
circular-read-start, 7, 1, 200000000000, 12888
circular-read-total, 7, 1, 200000000000, 450459, 487775
circular-read-total, 4, 1, 200000000000, 451424, 488591
circular-read-total, 5, 1, 200000000000, 451825, 488981
circular-read-total, 6, 1, 200000000000, 453192, 489930
linear-scan, 491092
-sort , 75821, 50
-merge, 66668, 50
-last , 1142
read, 1, 707645831, 498301
network, 1, 296820

read-start, 2, 707645831, 707645831, 800807
circular-read-start, 5, 2, 200000000000, 802208
circular-read-start, 4, 2, 200000000000, 802208
circular-read-start, 6, 2, 200000000000, 802208
circular-read-start, 7, 2, 200000000000, 802208
circular-read-total, 7, 2, 200000000000, 433179, 478365
circular-read-total, 4, 2, 200000000000, 433803, 478819
circular-read-total, 5, 2, 200000000000, 433936, 478926
circular-read-total, 6, 2, 200000000000, 436444, 481198
linear-scan, 483478
-sort , 75298, 48
-merge, 63879, 48
-last , 2176
read, 2, 707645831, 484879
network, 2, 301223

read-start, 3, 1415291662, 707645831, 1586913
circular-read-start, 4, 3, 200000000000, 1588313
circular-read-start, 5, 3, 200000000000, 1588313
circular-read-start, 6, 3, 200000000000, 1588313
circular-read-start, 7, 3, 200000000000, 1588313
circular-read-total, 7, 3, 200000000000, 428455, 495040
circular-read-total, 5, 3, 200000000000, 429594, 495411
circular-read-total, 6, 3, 200000000000, 430081, 495585
circular-read-total, 4, 3, 200000000000, 430267, 495997
linear-scan, 497482
-sort , 72691, 47
-merge, 61701, 47
-last , 1442
read, 3, 707645831, 498882
network, 3, 286727

read-start, 4, 2122937493, 707645831, 2372530
circular-read-start, 5, 4, 200000000000, 2373929
circular-read-start, 4, 4, 200000000000, 2373929
circular-read-start, 6, 4, 200000000000, 2373929
circular-read-start, 7, 4, 200000000000, 2373929
circular-read-total, 5, 4, 200000000000, 434459, 467598
circular-read-total, 7, 4, 200000000000, 434374, 468009
circular-read-total, 6, 4, 200000000000, 435668, 468999
circular-read-total, 4, 4, 200000000000, 435642, 469008
linear-scan, 471069
-sort , 70085, 45
-merge, 60162, 45
-last , 1973
read, 4, 707645831, 472468
network, 4, 298188

read-start, 5, 2830583324, 707645831, 3143194
circular-read-start, 5, 5, 200000000000, 3144603
circular-read-start, 4, 5, 200000000000, 3144603
circular-read-start, 6, 5, 200000000000, 3144603
circular-read-start, 7, 5, 200000000000, 3144603
circular-read-total, 7, 5, 200000000000, 434931, 465867
circular-read-total, 5, 5, 200000000000, 435249, 465997
circular-read-total, 4, 5, 200000000000, 435446, 465997
circular-read-total, 6, 5, 200000000000, 437548, 467346
linear-scan, 469668
-sort , 66079, 43
-merge, 59219, 43
-last , 2215
read, 5, 707645831, 471078
network, 5, 284829

read-start, 6, 3538229155, 707645831, 3899115
circular-read-start, 5, 6, 200000000000, 3900515
circular-read-start, 4, 6, 200000000000, 3900515
circular-read-start, 6, 6, 200000000000, 3900515
circular-read-start, 7, 6, 200000000000, 3900515
circular-read-total, 5, 6, 200000000000, 435995, 454222
circular-read-total, 4, 6, 200000000000, 436428, 454892
circular-read-total, 7, 6, 200000000000, 438052, 456332
circular-read-total, 6, 6, 200000000000, 438359, 456551
linear-scan, 458659
-sort , 63435, 41
-merge, 57585, 41
-last , 2022
read, 6, 707645831, 460059
network, 6, 294297

read-start, 7, 4245874986, 707645831, 4653681
circular-read-start, 4, 7, 200000000000, 4655082
circular-read-start, 5, 7, 200000000000, 4655082
circular-read-start, 6, 7, 200000000000, 4655082
circular-read-start, 7, 7, 200000000000, 4655082
circular-read-total, 5, 7, 200000000000, 436050, 444682
circular-read-total, 4, 7, 200000000000, 436982, 445267
circular-read-total, 6, 7, 200000000000, 437251, 445910
circular-read-total, 7, 7, 200000000000, 437725, 446161
linear-scan, 447387
-sort , 59815, 39
-merge, 56029, 39
-last , 1200
read, 7, 707645831, 448787
network, 7, 288689

read-start, 8, 4953520817, 707645831, 5391161
circular-read-start, 4, 8, 200000000000, 5392559
circular-read-start, 5, 8, 200000000000, 5392559
circular-read-start, 6, 8, 200000000000, 5392559
circular-read-start, 7, 8, 200000000000, 5392559
circular-read-total, 7, 8, 200000000000, 432976, 445052
circular-read-total, 6, 8, 200000000000, 434726, 446138
circular-read-total, 4, 8, 200000000000, 434226, 446285
circular-read-total, 5, 8, 200000000000, 434170, 446309
linear-scan, 447484
-sort , 59979, 36
-merge, 60602, 36
-last , 1154
read, 8, 707645831, 448882
network, 8, 286180

read-start, 9, 5661166648, 707645831, 6126241
circular-read-start, 5, 9, 200000000000, 6127637
circular-read-start, 4, 9, 200000000000, 6127637
circular-read-start, 6, 9, 200000000000, 6127637
circular-read-start, 7, 9, 200000000000, 6127637
circular-read-total, 4, 9, 200000000000, 432878, 440926
circular-read-total, 5, 9, 200000000000, 433207, 441124
circular-read-total, 7, 9, 200000000000, 433319, 441263
circular-read-total, 6, 9, 200000000000, 433313, 441393
linear-scan, 442855
-sort , 50194, 32
-merge, 49126, 32
-last , 1420
read, 9, 707645831, 444251
network, 9, 289292

read-start, 10, 6368812479, 707645831, 6859796
circular-read-start, 4, 10, 200000000000, 6861193
circular-read-start, 5, 10, 200000000000, 6861193
circular-read-start, 6, 10, 200000000000, 6861193
circular-read-start, 7, 10, 200000000000, 6861193
circular-read-total, 7, 10, 200000000000, 426703, 435425
circular-read-total, 5, 10, 200000000000, 427432, 436128
circular-read-total, 4, 10, 200000000000, 428087, 436671
circular-read-total, 6, 10, 200000000000, 428861, 437565
linear-scan, 438657
-sort , 41160, 27
-merge, 41784, 27
-last , 1078
read, 10, 707645831, 440055
network, 10, 287885

read-start, 11, 7076458310, 707645831, 7587740
circular-read-start, 4, 11, 200000000000, 7589158
circular-read-start, 5, 11, 200000000000, 7589158
circular-read-start, 6, 11, 200000000000, 7589158
circular-read-start, 7, 11, 200000000000, 7589158
circular-read-total, 4, 11, 200000000000, 424639, 431938
circular-read-total, 5, 11, 200000000000, 424794, 432005
circular-read-total, 6, 11, 200000000000, 424905, 432108
circular-read-total, 7, 11, 200000000000, 425574, 432815
linear-scan, 435181
-sort , 28234, 18
-merge, 30673, 18
-last , 2255
read, 11, 707645831, 436599
network, 11, 287154

read-start, 12, 7784104141, 215895859, 8311498
circular-read-start, 5, 12, 200000000000, 8311928
circular-read-start, 4, 12, 200000000000, 8311928
circular-read-start, 6, 12, 200000000000, 8311928
circular-read-start, 7, 12, 200000000000, 8311928
circular-read-total, 5, 12, 200000000000, 415669, 424574
circular-read-total, 6, 12, 200000000000, 415953, 424666
circular-read-total, 4, 12, 200000000000, 416028, 424768
circular-read-total, 7, 12, 200000000000, 417221, 425767
linear-scan, 426808
-sort , 6557, 15
-merge, 7661, 15
-last , 281
read, 12, 215895859, 427238
network, 12, 90596

exit, 8830355
