# 1, 50, 1, true, read
recv-size, 0, 524288000
size, 0, 0
start-read, 0, 0, 10485760
read, 0, 119247
recv-read, 0, 0, 10485760
network, 0, 9231
start-read, 1, 10485760, 10485760
read, 1, 111240
recv-read, 1, 10485760, 10485760
network, 1, 8978
start-read, 2, 20971520, 10485760
read, 2, 108974
recv-read, 2, 20971520, 10485760
network, 2, 8760
start-read, 3, 31457280, 10485760
read, 3, 108980
recv-read, 3, 31457280, 10485760
network, 3, 8710
start-read, 4, 41943040, 10485760
read, 4, 108957
recv-read, 4, 41943040, 10485760
network, 4, 8874
start-read, 5, 52428800, 10485760
read, 5, 109067
recv-read, 5, 52428800, 10485760
network, 5, 8740
start-read, 6, 62914560, 10485760
read, 6, 109022
recv-read, 6, 62914560, 10485760
network, 6, 8818
start-read, 7, 73400320, 10485760
read, 7, 108950
recv-read, 7, 73400320, 10485760
network, 7, 8767
start-read, 8, 83886080, 10485760
read, 8, 108974
recv-read, 8, 83886080, 10485760
network, 8, 8913
start-read, 9, 94371840, 10485760
read, 9, 108972
recv-read, 9, 94371840, 10485760
network, 9, 8872
start-read, 10, 104857600, 10485760
read, 10, 108980
recv-read, 10, 104857600, 10485760
network, 10, 8970
start-read, 11, 115343360, 10485760
read, 11, 108809
recv-read, 11, 115343360, 10485760
network, 11, 8959
start-read, 12, 125829120, 10485760
read, 12, 108780
recv-read, 12, 125829120, 10485760
network, 12, 8799
start-read, 13, 136314880, 10485760
read, 13, 108957
recv-read, 13, 136314880, 10485760
network, 13, 8759
start-read, 14, 146800640, 10485760
read, 14, 109015
recv-read, 14, 146800640, 10485760
network, 14, 8741
start-read, 15, 157286400, 10485760
read, 15, 108916
recv-read, 15, 157286400, 10485760
network, 15, 8922
start-read, 16, 167772160, 10485760
read, 16, 109066
recv-read, 16, 167772160, 10485760
network, 16, 9004
start-read, 17, 178257920, 10485760
read, 17, 108756
recv-read, 17, 178257920, 10485760
network, 17, 8882
start-read, 18, 188743680, 10485760
read, 18, 108983
recv-read, 18, 188743680, 10485760
network, 18, 8852
start-read, 19, 199229440, 10485760
read, 19, 109017
recv-read, 19, 199229440, 10485760
network, 19, 8904
start-read, 20, 209715200, 10485760
read, 20, 109096
recv-read, 20, 209715200, 10485760
network, 20, 8889
start-read, 21, 220200960, 10485760
read, 21, 109064
recv-read, 21, 220200960, 10485760
network, 21, 8724
start-read, 22, 230686720, 10485760
read, 22, 108975
recv-read, 22, 230686720, 10485760
network, 22, 8761
start-read, 23, 241172480, 10485760
read, 23, 108928
recv-read, 23, 241172480, 10485760
network, 23, 8917
start-read, 24, 251658240, 10485760
read, 24, 108903
recv-read, 24, 251658240, 10485760
network, 24, 8982
start-read, 25, 262144000, 10485760
read, 25, 108842
recv-read, 25, 262144000, 10485760
network, 25, 8781
start-read, 26, 272629760, 10485760
read, 26, 109088
recv-read, 26, 272629760, 10485760
network, 26, 8980
start-read, 27, 283115520, 10485760
read, 27, 108826
recv-read, 27, 283115520, 10485760
network, 27, 8767
start-read, 28, 293601280, 10485760
read, 28, 109070
recv-read, 28, 293601280, 10485760
network, 28, 8757
start-read, 29, 304087040, 10485760
read, 29, 109029
recv-read, 29, 304087040, 10485760
network, 29, 8777
start-read, 30, 314572800, 10485760
read, 30, 108975
recv-read, 30, 314572800, 10485760
network, 30, 8956
start-read, 31, 325058560, 10485760
read, 31, 109007
recv-read, 31, 325058560, 10485760
network, 31, 8740
start-read, 32, 335544320, 10485760
read, 32, 108996
recv-read, 32, 335544320, 10485760
network, 32, 8777
start-read, 33, 346030080, 10485760
read, 33, 108965
recv-read, 33, 346030080, 10485760
network, 33, 8913
start-read, 34, 356515840, 10485760
read, 34, 108836
recv-read, 34, 356515840, 10485760
network, 34, 8855
start-read, 35, 367001600, 10485760
read, 35, 108908
recv-read, 35, 367001600, 10485760
network, 35, 8882
start-read, 36, 377487360, 10485760
read, 36, 109017
recv-read, 36, 377487360, 10485760
network, 36, 8744
start-read, 37, 387973120, 10485760
read, 37, 109016
recv-read, 37, 387973120, 10485760
network, 37, 8713
start-read, 38, 398458880, 10485760
read, 38, 108945
recv-read, 38, 398458880, 10485760
network, 38, 8779
start-read, 39, 408944640, 10485760
read, 39, 108991
recv-read, 39, 408944640, 10485760
network, 39, 8742
start-read, 40, 419430400, 10485760
read, 40, 108941
recv-read, 40, 419430400, 10485760
network, 40, 8759
start-read, 41, 429916160, 10485760
read, 41, 108979
recv-read, 41, 429916160, 10485760
network, 41, 8794
start-read, 42, 440401920, 10485760
read, 42, 108990
recv-read, 42, 440401920, 10485760
network, 42, 8985
start-read, 43, 450887680, 10485760
read, 43, 108756
recv-read, 43, 450887680, 10485760
network, 43, 8730
start-read, 44, 461373440, 10485760
read, 44, 108978
recv-read, 44, 461373440, 10485760
network, 44, 8764
start-read, 45, 471859200, 10485760
read, 45, 108914
recv-read, 45, 471859200, 10485760
network, 45, 8759
start-read, 46, 482344960, 10485760
read, 46, 109031
recv-read, 46, 482344960, 10485760
network, 46, 8721
start-read, 47, 492830720, 10485760
read, 47, 108967
recv-read, 47, 492830720, 10485760
network, 47, 8738
start-read, 48, 503316480, 10485760
read, 48, 109026
recv-read, 48, 503316480, 10485760
network, 48, 8765
start-read, 49, 513802240, 10485760
read, 49, 108705
recv-read, 49, 513802240, 10485760
network, 49, 8929
start-read, 50, 524288000, 10485760
cmd-read, 0, 5902569
