# Sun Sep 20 20:49:00 PDT 2015
# 12, 107.69, 0, read
max-chunk, 3, 1, 171511808, 0
chunk-size, 171511808, 1892
disks, 8

size, 3, 2, 1076900000, 0
size, 4, 1, 1076900000, 0
size, 5, 1, 1076900000, 0
size, 6, 1, 1076900000, 0
size, 7, 1, 1076900000, 0
size, 8, 1, 1076900000, 0
size, 9, 1, 1076900000, 0
size, 10, 1, 1076900000, 0
size, 11, 1, 1076900000, 0
size, 12, 1, 1076900000, 0
size, 13, 1, 1076900000, 0
size, 14, 1, 1076900000, 0
size, 15, 1, 1076900000, 0


read-start, 3, 1, 0, 171511808, 36
read-start, 4, 1, 0, 171511808, 36
read-start, 5, 1, 0, 171511808, 36
read-start, 6, 1, 0, 171511808, 36
read-start, 7, 1, 0, 171511808, 36
read-start, 8, 1, 0, 171511808, 36
read-start, 9, 1, 0, 171511808, 36
read-start, 10, 1, 0, 171511808, 36
read-start, 11, 1, 0, 171511808, 36
read-start, 12, 1, 0, 171511808, 36
read-start, 13, 1, 0, 171511808, 36
read-start, 14, 1, 0, 171511808, 36
read-start, 15, 1, 0, 171511808, 36
read-wait, 3, 1, 0
read, 3, 1, 0, 171511808, 245693
circular-read-start, 3, 1, 17151180800, 245730
read-wait, 4, 1, 245865
read, 4, 1, 0, 171511808, 246087
circular-read-start, 4, 1, 17151180800, 246123
read-wait, 5, 1, 246261
read, 5, 1, 0, 171511808, 246261
circular-read-start, 5, 1, 17151180800, 246298
read-wait, 6, 1, 246263
read, 6, 1, 0, 171511808, 246263
circular-read-start, 6, 1, 17151180800, 246300
read-wait, 7, 1, 246266
read, 7, 1, 0, 171511808, 246266
circular-read-start, 7, 1, 17151180800, 246303
read-wait, 8, 1, 246268
read, 8, 1, 0, 171511808, 246268
circular-read-start, 8, 1, 17151180800, 246305
read-wait, 9, 1, 246271
read, 9, 1, 0, 171511808, 247021
circular-read-start, 9, 1, 17151180800, 247057
read-wait, 10, 1, 247195
read, 10, 1, 0, 171511808, 247195
circular-read-start, 10, 1, 17151180800, 247232
read-wait, 11, 1, 247197
read, 11, 1, 0, 171511808, 247197
circular-read-start, 11, 1, 17151180800, 247234
read-wait, 12, 1, 247200
read, 12, 1, 0, 171511808, 247200
circular-read-start, 12, 1, 17151180800, 247237
read-wait, 13, 1, 247204
read, 13, 1, 0, 171511808, 247204
circular-read-start, 13, 1, 17151180800, 247241
read-wait, 14, 1, 247208
read, 14, 1, 0, 171511808, 247208
circular-read-start, 14, 1, 17151180800, 247245
read-wait, 15, 1, 247210
read, 15, 1, 0, 171511808, 247210
circular-read-start, 15, 1, 17151180800, 247247
read-start, 6, 2, 171511808, 171511808, 441154
circular-read-total, 6, 1, 17151180800, 23753, 194853
read-start, 11, 2, 171511808, 171511808, 443384
circular-read-total, 11, 1, 17151180800, 14521, 196154
read-start, 13, 2, 171511808, 171511808, 443591
circular-read-total, 13, 1, 17151180800, 21697, 196350
read-start, 8, 2, 171511808, 171511808, 443672
circular-read-total, 8, 1, 17151180800, 26086, 197372
read-start, 5, 2, 171511808, 171511808, 443772
circular-read-total, 5, 1, 17151180800, 19758, 197478
read-start, 9, 2, 171511808, 171511808, 444009
circular-read-total, 9, 1, 17151180800, 30205, 196963
read-start, 7, 2, 171511808, 171511808, 444151
circular-read-total, 7, 1, 17151180800, 35477, 197848
read-start, 12, 2, 171511808, 171511808, 444257
circular-read-total, 12, 1, 17151180800, 22023, 197022
read-start, 15, 2, 171511808, 171511808, 444312
circular-read-total, 15, 1, 17151180800, 15612, 197076
read-start, 4, 2, 171511808, 171511808, 445293
circular-read-total, 4, 1, 17151180800, 26804, 199176
read-start, 14, 2, 171511808, 171511808, 445368
circular-read-total, 14, 1, 17151180800, 13328, 198126
read-start, 10, 2, 171511808, 171511808, 446009
circular-read-total, 10, 1, 17151180800, 12204, 198782
read-start, 3, 2, 171511808, 171511808, 447477
circular-read-total, 3, 1, 17151180800, 35912, 201747
read-wait, 8, 2, 9193
read, 8, 2, 171511808, 171511808, 224128
circular-read-start, 8, 2, 17151180800, 667801
read-wait, 11, 2, 224580
read, 11, 2, 171511808, 171511808, 225380
circular-read-start, 11, 2, 17151180800, 668765
read-wait, 6, 2, 227763
read, 6, 2, 171511808, 171511808, 227763
circular-read-start, 6, 2, 17151180800, 668917
read-wait, 15, 2, 224607
read, 15, 2, 171511808, 171511808, 224607
circular-read-start, 15, 2, 17151180800, 668920
read-wait, 5, 2, 225152
read, 5, 2, 171511808, 171511808, 225152
circular-read-start, 5, 2, 17151180800, 668924
read-wait, 12, 2, 224671
read, 12, 2, 171511808, 171511808, 224791
circular-read-start, 12, 2, 17151180800, 669048
read-wait, 10, 2, 223175
read, 10, 2, 171511808, 171511808, 223229
circular-read-start, 10, 2, 17151180800, 669239
read-wait, 7, 2, 225226
read, 7, 2, 171511808, 171511808, 225226
circular-read-start, 7, 2, 17151180800, 669377
read-wait, 9, 2, 225371
read, 9, 2, 171511808, 171511808, 225371
circular-read-start, 9, 2, 17151180800, 669381
read-wait, 3, 2, 221913
read, 3, 2, 171511808, 171511808, 223600
circular-read-start, 3, 2, 17151180800, 671077
read-wait, 13, 2, 227628
read, 13, 2, 171511808, 171511808, 227628
circular-read-start, 13, 2, 17151180800, 671220
read-wait, 14, 2, 225858
read, 14, 2, 171511808, 171511808, 225858
circular-read-start, 14, 2, 17151180800, 671226
read-wait, 4, 2, 225945
read, 4, 2, 171511808, 171511808, 225945
circular-read-start, 4, 2, 17151180800, 671238
read-start, 12, 3, 343023616, 171511808, 863040
circular-read-total, 12, 2, 17151180800, 23062, 193992
read-start, 11, 3, 343023616, 171511808, 863657
circular-read-total, 11, 2, 17151180800, 48491, 194908
read-start, 6, 3, 343023616, 171511808, 864380
circular-read-total, 6, 2, 17151180800, 22363, 195467
read-start, 8, 3, 343023616, 171511808, 864489
circular-read-total, 8, 2, 17151180800, 46993, 196690
read-start, 5, 3, 343023616, 171511808, 864534
circular-read-total, 5, 2, 17151180800, 38724, 195609
read-start, 15, 3, 343023616, 171511808, 864543
circular-read-total, 15, 2, 17151180800, 31833, 195623
read-start, 9, 3, 343023616, 171511808, 864710
circular-read-total, 9, 2, 17151180800, 24055, 195329
read-start, 10, 3, 343023616, 171511808, 865038
circular-read-total, 10, 2, 17151180800, 30417, 195803
read-start, 3, 3, 343023616, 171511808, 865157
circular-read-total, 3, 2, 17151180800, 36638, 194085
read-start, 7, 3, 343023616, 171511808, 865208
circular-read-total, 7, 2, 17151180800, 34213, 195832
read-start, 4, 3, 343023616, 171511808, 865225
circular-read-total, 4, 2, 17151180800, 32177, 193989
read-start, 14, 3, 343023616, 171511808, 865246
circular-read-total, 14, 2, 17151180800, 43840, 194024
read-start, 13, 3, 343023616, 171511808, 865820
circular-read-total, 13, 2, 17151180800, 45849, 194604
read-wait, 8, 3, 6028
read, 8, 3, 343023616, 171511808, 224169
circular-read-start, 8, 3, 17151180800, 1088659
read-wait, 12, 3, 225768
read, 12, 3, 343023616, 171511808, 225768
circular-read-start, 12, 3, 17151180800, 1088809
read-wait, 11, 3, 225164
read, 11, 3, 343023616, 171511808, 225868
circular-read-start, 11, 3, 17151180800, 1089526
read-wait, 6, 3, 225303
read, 6, 3, 343023616, 171511808, 225303
circular-read-start, 6, 3, 17151180800, 1089683
read-wait, 5, 3, 225153
read, 5, 3, 343023616, 171511808, 225153
circular-read-start, 5, 3, 17151180800, 1089687
read-wait, 7, 3, 224481
read, 7, 3, 343023616, 171511808, 224481
circular-read-start, 7, 3, 17151180800, 1089690
read-wait, 15, 3, 225150
read, 15, 3, 343023616, 171511808, 225150
circular-read-start, 15, 3, 17151180800, 1089693
read-wait, 10, 3, 224662
read, 10, 3, 343023616, 171511808, 224662
circular-read-start, 10, 3, 17151180800, 1089700
read-wait, 9, 3, 224992
read, 9, 3, 343023616, 171511808, 224992
circular-read-start, 9, 3, 17151180800, 1089703
read-wait, 13, 3, 223894
read, 13, 3, 343023616, 171511808, 226058
circular-read-start, 13, 3, 17151180800, 1091878
read-wait, 14, 3, 226774
read, 14, 3, 343023616, 171511808, 226774
circular-read-start, 14, 3, 17151180800, 1092021
read-wait, 3, 3, 226869
read, 3, 3, 343023616, 171511808, 226869
circular-read-start, 3, 3, 17151180800, 1092026
read-wait, 4, 3, 226804
read, 4, 3, 343023616, 171511808, 226804
circular-read-start, 4, 3, 17151180800, 1092029
read-start, 10, 4, 514535424, 171511808, 1285366
circular-read-total, 10, 3, 17151180800, 28486, 195670
read-start, 12, 4, 514535424, 171511808, 1285373
circular-read-total, 12, 3, 17151180800, 26478, 196563
read-start, 7, 4, 514535424, 171511808, 1285470
circular-read-total, 7, 3, 17151180800, 55346, 195793
read-start, 8, 4, 514535424, 171511808, 1285489
circular-read-total, 8, 3, 17151180800, 52816, 196832
read-start, 11, 4, 514535424, 171511808, 1285518
circular-read-total, 11, 3, 17151180800, 27037, 195994
read-start, 15, 4, 514535424, 171511808, 1285586
circular-read-total, 15, 3, 17151180800, 37951, 195895
read-start, 6, 4, 514535424, 171511808, 1285652
circular-read-total, 6, 3, 17151180800, 14490, 195972
read-start, 5, 4, 514535424, 171511808, 1285827
circular-read-total, 5, 3, 17151180800, 19390, 196144
read-start, 4, 4, 514535424, 171511808, 1285872
circular-read-total, 4, 3, 17151180800, 36799, 193847
read-start, 13, 4, 514535424, 171511808, 1285901
circular-read-total, 13, 3, 17151180800, 26409, 194022
read-start, 14, 4, 514535424, 171511808, 1286272
circular-read-total, 14, 3, 17151180800, 21711, 194256
read-start, 9, 4, 514535424, 171511808, 1286420
circular-read-total, 9, 3, 17151180800, 32491, 196718
read-start, 3, 4, 514535424, 171511808, 1286440
circular-read-total, 3, 3, 17151180800, 33445, 194417
read-wait, 8, 4, 5543
read, 8, 4, 514535424, 171511808, 223914
circular-read-start, 8, 4, 17151180800, 1509403
read-wait, 11, 4, 224051
read, 11, 4, 514535424, 171511808, 224051
circular-read-start, 11, 4, 17151180800, 1509569
read-wait, 10, 4, 224301
read, 10, 4, 514535424, 171511808, 224301
circular-read-start, 10, 4, 17151180800, 1509667
read-wait, 7, 4, 224200
read, 7, 4, 514535424, 171511808, 224200
circular-read-start, 7, 4, 17151180800, 1509671
read-wait, 15, 4, 224088
read, 15, 4, 514535424, 171511808, 224088
circular-read-start, 15, 4, 17151180800, 1509674
read-wait, 9, 4, 223257
read, 9, 4, 514535424, 171511808, 223775
circular-read-start, 9, 4, 17151180800, 1510196
read-wait, 6, 4, 224682
read, 6, 4, 514535424, 171511808, 224682
circular-read-start, 6, 4, 17151180800, 1510334
read-wait, 12, 4, 224965
read, 12, 4, 514535424, 171511808, 224965
circular-read-start, 12, 4, 17151180800, 1510338
read-wait, 5, 4, 224524
read, 5, 4, 514535424, 171511808, 224524
circular-read-start, 5, 4, 17151180800, 1510351
read-wait, 14, 4, 224088
read, 14, 4, 514535424, 171511808, 224088
circular-read-start, 14, 4, 17151180800, 1510361
read-wait, 3, 4, 223923
read, 3, 4, 514535424, 171511808, 223923
circular-read-start, 3, 4, 17151180800, 1510364
read-wait, 13, 4, 224465
read, 13, 4, 514535424, 171511808, 224724
circular-read-start, 13, 4, 17151180800, 1510625
read-wait, 4, 4, 224902
read, 4, 4, 514535424, 171511808, 224902
circular-read-start, 4, 4, 17151180800, 1510775
read-start, 7, 5, 686047232, 171511808, 1703404
circular-read-total, 7, 4, 17151180800, 51250, 193735
read-start, 10, 5, 686047232, 171511808, 1703723
circular-read-total, 10, 4, 17151180800, 19752, 194056
read-start, 11, 5, 686047232, 171511808, 1703893
circular-read-total, 11, 4, 17151180800, 49204, 194323
read-start, 12, 5, 686047232, 171511808, 1704010
circular-read-total, 12, 4, 17151180800, 17740, 193673
read-start, 15, 5, 686047232, 171511808, 1704018
circular-read-total, 15, 4, 17151180800, 45488, 194344
read-start, 3, 5, 686047232, 171511808, 1704038
circular-read-total, 3, 4, 17151180800, 37737, 193675
read-start, 6, 5, 686047232, 171511808, 1704095
circular-read-total, 6, 4, 17151180800, 29843, 193763
read-start, 9, 5, 686047232, 171511808, 1704108
circular-read-total, 9, 4, 17151180800, 38169, 193925
read-start, 5, 5, 686047232, 171511808, 1704140
circular-read-total, 5, 4, 17151180800, 48081, 193792
read-start, 4, 5, 686047232, 171511808, 1704497
circular-read-total, 4, 4, 17151180800, 29633, 193722
read-start, 14, 5, 686047232, 171511808, 1704622
circular-read-total, 14, 4, 17151180800, 53075, 194262
read-start, 8, 5, 686047232, 171511808, 1704702
circular-read-total, 8, 4, 17151180800, 48569, 195309
read-start, 13, 5, 686047232, 171511808, 1705143
circular-read-total, 13, 4, 17151180800, 56403, 194518
read-wait, 8, 5, 4552
read, 8, 5, 686047232, 171511808, 224598
circular-read-start, 8, 5, 17151180800, 1929301
read-wait, 10, 5, 225736
read, 10, 5, 686047232, 171511808, 225736
circular-read-start, 10, 5, 17151180800, 1929460
read-wait, 12, 5, 225453
read, 12, 5, 686047232, 171511808, 225453
circular-read-start, 12, 5, 17151180800, 1929463
read-wait, 7, 5, 226063
read, 7, 5, 686047232, 171511808, 226063
circular-read-start, 7, 5, 17151180800, 1929467
read-wait, 11, 5, 225576
read, 11, 5, 686047232, 171511808, 225576
circular-read-start, 11, 5, 17151180800, 1929470
read-wait, 15, 5, 225455
read, 15, 5, 686047232, 171511808, 225455
circular-read-start, 15, 5, 17151180800, 1929473
read-wait, 9, 5, 225379
read, 9, 5, 686047232, 171511808, 225379
circular-read-start, 9, 5, 17151180800, 1929488
read-wait, 13, 5, 224351
read, 13, 5, 686047232, 171511808, 225523
circular-read-start, 13, 5, 17151180800, 1930666
read-wait, 6, 5, 226710
read, 6, 5, 686047232, 171511808, 226710
circular-read-start, 6, 5, 17151180800, 1930806
read-wait, 5, 5, 226672
read, 5, 5, 686047232, 171511808, 226672
circular-read-start, 5, 5, 17151180800, 1930812
read-wait, 14, 5, 226191
read, 14, 5, 686047232, 171511808, 226191
circular-read-start, 14, 5, 17151180800, 1930814
read-wait, 4, 5, 226343
read, 4, 5, 686047232, 171511808, 226343
circular-read-start, 4, 5, 17151180800, 1930841
read-wait, 3, 5, 226809
read, 3, 5, 686047232, 171511808, 226809
circular-read-start, 3, 5, 17151180800, 1930847
read-start, 10, 6, 857559040, 171511808, 2123468
circular-read-total, 10, 5, 17151180800, 39047, 194011
read-start, 12, 6, 857559040, 171511808, 2123796
circular-read-total, 12, 5, 17151180800, 25041, 194337
read-start, 9, 6, 857559040, 171511808, 2123820
circular-read-total, 9, 5, 17151180800, 36066, 194338
read-start, 8, 6, 857559040, 171511808, 2124264
circular-read-total, 8, 5, 17151180800, 29203, 194964
read-start, 15, 6, 857559040, 171511808, 2124339
circular-read-total, 15, 5, 17151180800, 27356, 194868
read-start, 5, 6, 857559040, 171511808, 2124533
circular-read-total, 5, 5, 17151180800, 28140, 193720
read-start, 6, 6, 857559040, 171511808, 2124547
circular-read-total, 6, 5, 17151180800, 53810, 193741
read-start, 7, 6, 857559040, 171511808, 2124590
circular-read-total, 7, 5, 17151180800, 33907, 195127
read-start, 13, 6, 857559040, 171511808, 2124630
circular-read-total, 13, 5, 17151180800, 44586, 193967
read-start, 11, 6, 857559040, 171511808, 2124682
circular-read-total, 11, 5, 17151180800, 29153, 195216
read-start, 3, 6, 857559040, 171511808, 2125046
circular-read-total, 3, 5, 17151180800, 48642, 194200
read-start, 14, 6, 857559040, 171511808, 2125134
circular-read-total, 14, 5, 17151180800, 25639, 194321
read-start, 4, 6, 857559040, 171511808, 2125233
circular-read-total, 4, 5, 17151180800, 51298, 194392
read-wait, 8, 6, 5303
read, 8, 6, 857559040, 171511808, 224241
circular-read-start, 8, 6, 17151180800, 2348506
read-wait, 12, 6, 224866
read, 12, 6, 857559040, 171511808, 224866
circular-read-start, 12, 6, 17151180800, 2348662
read-wait, 14, 6, 223541
read, 14, 6, 857559040, 171511808, 224100
circular-read-start, 14, 6, 17151180800, 2349234
read-wait, 11, 6, 224698
read, 11, 6, 857559040, 171511808, 224698
circular-read-start, 11, 6, 17151180800, 2349381
read-wait, 7, 6, 224792
read, 7, 6, 857559040, 171511808, 224792
circular-read-start, 7, 6, 17151180800, 2349383
read-wait, 10, 6, 225918
read, 10, 6, 857559040, 171511808, 225918
circular-read-start, 10, 6, 17151180800, 2349386
read-wait, 13, 6, 224758
read, 13, 6, 857559040, 171511808, 224758
circular-read-start, 13, 6, 17151180800, 2349388
read-wait, 15, 6, 225054
read, 15, 6, 857559040, 171511808, 225054
circular-read-start, 15, 6, 17151180800, 2349394
read-wait, 9, 6, 225576
read, 9, 6, 857559040, 171511808, 225576
circular-read-start, 9, 6, 17151180800, 2349397
read-wait, 5, 6, 224866
read, 5, 6, 857559040, 171511808, 224866
circular-read-start, 5, 6, 17151180800, 2349399
read-wait, 6, 6, 224859
read, 6, 6, 857559040, 171511808, 224859
circular-read-start, 6, 6, 17151180800, 2349406
read-wait, 4, 6, 224194
read, 4, 6, 857559040, 171511808, 224436
circular-read-start, 4, 6, 17151180800, 2349670
read-wait, 3, 6, 224765
read, 3, 6, 857559040, 171511808, 224765
circular-read-start, 3, 6, 17151180800, 2349811
read-start, 8, 7, 1029070848, 47829152, 2542424
circular-read-total, 8, 6, 17151180800, 23678, 193922
read-start, 7, 7, 1029070848, 47829152, 2543107
circular-read-total, 7, 6, 17151180800, 16410, 193726
read-start, 10, 7, 1029070848, 47829152, 2543122
circular-read-total, 10, 6, 17151180800, 28954, 193738
read-start, 9, 7, 1029070848, 47829152, 2543155
circular-read-total, 9, 6, 17151180800, 33124, 193759
read-start, 5, 7, 1029070848, 47829152, 2543228
circular-read-total, 5, 6, 17151180800, 39592, 193831
read-start, 11, 7, 1029070848, 47829152, 2543250
circular-read-total, 11, 6, 17151180800, 36045, 193869
read-start, 3, 7, 1029070848, 47829152, 2543597
circular-read-total, 3, 6, 17151180800, 49900, 193786
read-start, 4, 7, 1029070848, 47829152, 2543606
circular-read-total, 4, 6, 17151180800, 35051, 193936
read-start, 6, 7, 1029070848, 47829152, 2543616
circular-read-total, 6, 6, 17151180800, 59735, 194218
read-start, 15, 7, 1029070848, 47829152, 2543669
circular-read-total, 15, 6, 17151180800, 45551, 194275
read-start, 12, 7, 1029070848, 47829152, 2543807
circular-read-total, 12, 6, 17151180800, 19023, 195149
read-start, 13, 7, 1029070848, 47829152, 2543992
circular-read-total, 13, 6, 17151180800, 35223, 194608
read-start, 14, 7, 1029070848, 47829152, 2544041
circular-read-total, 14, 6, 17151180800, 65056, 194806
read-wait, 14, 7, 4914
read, 14, 7, 1029070848, 47829152, 223175
circular-read-start, 14, 7, 4782915200, 2767217
read-wait, 11, 7, 224109
read, 11, 7, 1029070848, 47829152, 224109
circular-read-start, 11, 7, 4782915200, 2767360
read-wait, 8, 7, 224938
read, 8, 7, 1029070848, 47829152, 224938
circular-read-start, 8, 7, 4782915200, 2767362
read-wait, 13, 7, 223375
read, 13, 7, 1029070848, 47829152, 223375
circular-read-start, 13, 7, 4782915200, 2767367
read-wait, 7, 7, 224263
read, 7, 7, 1029070848, 47829152, 224263
circular-read-start, 7, 7, 4782915200, 2767371
read-wait, 10, 7, 224253
read, 10, 7, 1029070848, 47829152, 224253
circular-read-start, 10, 7, 4782915200, 2767376
read-wait, 12, 7, 223570
read, 12, 7, 1029070848, 47829152, 223570
circular-read-start, 12, 7, 4782915200, 2767377
read-wait, 6, 7, 223796
read, 6, 7, 1029070848, 47829152, 223796
circular-read-start, 6, 7, 4782915200, 2767412
read-wait, 15, 7, 223747
read, 15, 7, 1029070848, 47829152, 223747
circular-read-start, 15, 7, 4782915200, 2767417
read-wait, 5, 7, 224191
read, 5, 7, 1029070848, 47829152, 224191
circular-read-start, 5, 7, 4782915200, 2767420
read-wait, 3, 7, 223826
read, 3, 7, 1029070848, 47829152, 223826
circular-read-start, 3, 7, 4782915200, 2767423
read-wait, 9, 7, 224270
read, 9, 7, 1029070848, 47829152, 224270
circular-read-start, 9, 7, 4782915200, 2767426
read-wait, 4, 7, 223830
read, 4, 7, 1029070848, 47829152, 223830
circular-read-start, 4, 7, 4782915200, 2767436
circular-read-total, 11, 7, 4782915200, 9147, 51142
circular-read-total, 10, 7, 4782915200, 9012, 51260
circular-read-total, 8, 7, 4782915200, 13313, 51302
circular-read-total, 5, 7, 4782915200, 17549, 51251
circular-read-total, 13, 7, 4782915200, 8444, 51321
circular-read-total, 3, 7, 4782915200, 9590, 51379
circular-read-total, 6, 7, 4782915200, 9480, 51411
circular-read-total, 7, 7, 4782915200, 9574, 51532
circular-read-total, 9, 7, 4782915200, 12916, 51582
circular-read-total, 15, 7, 4782915200, 9184, 51592
circular-read-total, 12, 7, 4782915200, 11045, 51686
circular-read-total, 4, 7, 4782915200, 10309, 51842
circular-read-total, 14, 7, 4782915200, 13250, 52243

cmd-read, 2823816
