# Sun Sep 20 20:49:00 PDT 2015
memory, 32170233856
record-value, 112
seek-chunk, 171511808
file, 4, 1076900000

read-start, 1, 0, 171511808, 19083
circular-read-start, 4, 1, 107690000000, 20651
circular-read-total, 4, 1, 107690000000, 238417, 244060
linear-scan, 245079
-sort , 37212, 41
-merge, 21842, 41
-last , 1018
read, 1, 171511808, 246647
network, 1, 197084

read-start, 2, 171511808, 171511808, 462852
circular-read-start, 4, 2, 107690000000, 463196
circular-read-total, 4, 2, 107690000000, 218854, 225084
linear-scan, 225561
-sort , 34821, 39
-merge, 20398, 39
-last , 476
read, 2, 171511808, 225905
network, 2, 196288

read-start, 3, 343023616, 171511808, 885087
circular-read-start, 4, 3, 107690000000, 885425
circular-read-total, 4, 3, 107690000000, 218394, 224787
linear-scan, 225722
-sort , 32235, 36
-merge, 18899, 36
-last , 435
read, 3, 171511808, 226061
network, 3, 194021

read-start, 4, 514535424, 171511808, 1305174
circular-read-start, 4, 4, 107690000000, 1305512
circular-read-total, 4, 4, 107690000000, 217625, 223804
linear-scan, 224384
-sort , 28953, 32
-merge, 16997, 32
-last , 579
read, 4, 171511808, 224722
network, 4, 194514

read-start, 5, 686047232, 171511808, 1724421
circular-read-start, 4, 5, 107690000000, 1724759
circular-read-total, 4, 5, 107690000000, 217788, 223846
linear-scan, 225187
-sort , 24266, 26
-merge, 13888, 26
-last , 1340
read, 5, 171511808, 225526
network, 5, 193926

read-start, 6, 857559040, 171511808, 2143914
circular-read-start, 4, 6, 107690000000, 2144252
circular-read-total, 4, 6, 107690000000, 216671, 222590
linear-scan, 223530
-sort , 16642, 18
-merge, 9660, 18
-last , 939
read, 6, 171511808, 223868
network, 6, 195460

read-start, 7, 1029070848, 47829152, 2563281
circular-read-start, 4, 7, 107690000000, 2563375
circular-read-total, 4, 7, 107690000000, 216615, 222449
linear-scan, 222834
-sort , 3579, 14
-merge, 2132, 14
-last , 384
read, 7, 47829152, 222928
network, 7, 51738

exit, 2843144
