# Sun Sep 20 20:49:00 PDT 2015
memory, 32170233856
record-value, 112
seek-chunk, 171511808
file, 4, 1076900000

read-start, 1, 0, 171511808, 13875
circular-read-start, 4, 1, 107690000000, 15621
circular-read-total, 4, 1, 107690000000, 238339, 243905
linear-scan, 244916
-sort , 37426, 41
-merge, 22180, 41
-last , 1010
read, 1, 171511808, 246661
network, 1, 199307

read-start, 2, 171511808, 171511808, 459865
circular-read-start, 4, 2, 107690000000, 460205
circular-read-total, 4, 2, 107690000000, 216260, 222414
linear-scan, 222892
-sort , 35465, 39
-merge, 21451, 39
-last , 477
read, 2, 171511808, 223232
network, 2, 195786

read-start, 3, 343023616, 171511808, 878909
circular-read-start, 4, 3, 107690000000, 879249
circular-read-total, 4, 3, 107690000000, 216150, 222221
linear-scan, 223144
-sort , 32451, 36
-merge, 19645, 36
-last , 433
read, 3, 171511808, 223484
network, 3, 196833

read-start, 4, 514535424, 171511808, 1299253
circular-read-start, 4, 4, 107690000000, 1299592
circular-read-total, 4, 4, 107690000000, 216247, 222329
linear-scan, 222906
-sort , 28992, 32
-merge, 17603, 32
-last , 575
read, 4, 171511808, 223245
network, 4, 195117

read-start, 5, 686047232, 171511808, 1717627
circular-read-start, 4, 5, 107690000000, 1717972
circular-read-total, 4, 5, 107690000000, 216120, 222174
linear-scan, 223520
-sort , 24277, 26
-merge, 14446, 26
-last , 1345
read, 5, 171511808, 223865
network, 5, 195868

read-start, 6, 857559040, 171511808, 2137387
circular-read-start, 4, 6, 107690000000, 2137726
circular-read-total, 4, 6, 107690000000, 216241, 222242
linear-scan, 223182
-sort , 16591, 18
-merge, 10075, 18
-last , 940
read, 6, 171511808, 223521
network, 6, 196141

read-start, 7, 1029070848, 47829152, 2557058
circular-read-start, 4, 7, 107690000000, 2557152
circular-read-total, 4, 7, 107690000000, 216133, 222064
linear-scan, 222447
-sort , 3551, 14
-merge, 2258, 14
-last , 381
read, 7, 47829152, 222541
network, 7, 52935

exit, 2837797
