# Sun Sep 20 16:55:28 PDT 2015
# 7, 175, 0, read
max-chunk, 3, 1, 171511808, 0
chunk-size, 171511808, 3074
disks, 8

size, 3, 2, 1750000000, 0
size, 4, 1, 1750000000, 0
size, 5, 1, 1750000000, 0
size, 6, 1, 1750000000, 0
size, 7, 1, 1750000000, 0
size, 8, 1, 1750000000, 0
size, 9, 1, 1750000000, 0
size, 10, 1, 1750000000, 0


read-start, 3, 1, 0, 171511808, 38
read-start, 4, 1, 0, 171511808, 38
read-start, 5, 1, 0, 171511808, 38
read-start, 6, 1, 0, 171511808, 38
read-start, 7, 1, 0, 171511808, 38
read-start, 8, 1, 0, 171511808, 38
read-start, 9, 1, 0, 171511808, 38
read-start, 10, 1, 0, 171511808, 38
read-wait, 3, 1, 0
read, 3, 1, 0, 171511808, 364801
circular-read-start, 3, 1, 17151180800, 364840
read-wait, 4, 1, 364982
read, 4, 1, 0, 171511808, 388536
circular-read-start, 4, 1, 17151180800, 388575
read-wait, 5, 1, 388720
read, 5, 1, 0, 171511808, 388720
circular-read-start, 5, 1, 17151180800, 388759
read-wait, 6, 1, 388722
read, 6, 1, 0, 171511808, 388722
circular-read-start, 6, 1, 17151180800, 388760
read-wait, 7, 1, 388723
read, 7, 1, 0, 171511808, 388723
circular-read-start, 7, 1, 17151180800, 388762
read-wait, 8, 1, 388725
read, 8, 1, 0, 171511808, 388725
circular-read-start, 8, 1, 17151180800, 388764
read-wait, 9, 1, 388727
read, 9, 1, 0, 171511808, 388727
circular-read-start, 9, 1, 17151180800, 388766
read-wait, 10, 1, 388729
read, 10, 1, 0, 171511808, 388729
circular-read-start, 10, 1, 17151180800, 388768
read-start, 3, 2, 171511808, 171511808, 563174
circular-read-total, 3, 1, 17151180800, 39287, 198341
read-start, 10, 2, 171511808, 171511808, 583200
circular-read-total, 10, 1, 17151180800, 155234, 194431
read-start, 7, 2, 171511808, 171511808, 583274
circular-read-total, 7, 1, 17151180800, 132705, 194511
read-start, 6, 2, 171511808, 171511808, 583304
circular-read-total, 6, 1, 17151180800, 142704, 194544
read-start, 8, 2, 171511808, 171511808, 583352
circular-read-total, 8, 1, 17151180800, 132571, 194588
read-start, 9, 2, 171511808, 171511808, 583389
circular-read-total, 9, 1, 17151180800, 124230, 194622
read-start, 5, 2, 171511808, 171511808, 583436
circular-read-total, 5, 1, 17151180800, 127645, 194676
read-wait, 6, 2, 328
read-start, 4, 2, 171511808, 171511808, 583662
circular-read-total, 4, 1, 17151180800, 108171, 195086
read, 6, 2, 171511808, 171511808, 363271
circular-read-start, 6, 2, 17151180800, 946576
read-wait, 5, 2, 363283
read, 5, 2, 171511808, 171511808, 363283
circular-read-start, 5, 2, 17151180800, 946719
read-wait, 9, 2, 363333
read, 9, 2, 171511808, 171511808, 363333
circular-read-start, 9, 2, 17151180800, 946723
read-wait, 8, 2, 363372
read, 8, 2, 171511808, 171511808, 363372
circular-read-start, 8, 2, 17151180800, 946725
read-wait, 7, 2, 363458
read, 7, 2, 171511808, 171511808, 363696
circular-read-start, 7, 2, 17151180800, 946971
read-wait, 3, 2, 383950
read, 3, 2, 171511808, 171511808, 383950
circular-read-start, 3, 2, 17151180800, 947124
read-wait, 10, 2, 363926
read, 10, 2, 171511808, 171511808, 364417
circular-read-start, 10, 2, 17151180800, 947617
read-wait, 4, 2, 364095
read, 4, 2, 171511808, 171511808, 364096
circular-read-start, 4, 2, 17151180800, 947758
read-start, 8, 3, 343023616, 171511808, 1141312
circular-read-total, 8, 2, 17151180800, 122580, 194587
read-start, 6, 3, 343023616, 171511808, 1141363
circular-read-total, 6, 2, 17151180800, 125221, 194786
read-start, 5, 3, 343023616, 171511808, 1141570
circular-read-total, 5, 2, 17151180800, 113102, 194851
read-start, 9, 3, 343023616, 171511808, 1141582
circular-read-total, 9, 2, 17151180800, 118872, 194859
read-start, 7, 3, 343023616, 171511808, 1141634
circular-read-total, 7, 2, 17151180800, 149108, 194663
read-start, 3, 3, 343023616, 171511808, 1141823
circular-read-total, 3, 2, 17151180800, 120226, 194698
read-start, 10, 3, 343023616, 171511808, 1142334
circular-read-total, 10, 2, 17151180800, 134060, 194716
read-start, 4, 3, 343023616, 171511808, 1142791
circular-read-total, 4, 2, 17151180800, 117131, 195033
read-wait, 7, 3, 1195
read, 7, 3, 343023616, 171511808, 364305
circular-read-start, 7, 3, 17151180800, 1505940
read-wait, 5, 3, 364514
read, 5, 3, 343023616, 171511808, 364514
circular-read-start, 5, 3, 17151180800, 1506084
read-wait, 6, 3, 364726
read, 6, 3, 343023616, 171511808, 364726
circular-read-start, 6, 3, 17151180800, 1506089
read-wait, 8, 3, 364782
read, 8, 3, 343023616, 171511808, 364782
circular-read-start, 8, 3, 17151180800, 1506095
read-wait, 4, 3, 363312
read, 4, 3, 343023616, 171511808, 363312
circular-read-start, 4, 3, 17151180800, 1506104
read-wait, 9, 3, 364527
read, 9, 3, 343023616, 171511808, 364527
circular-read-start, 9, 3, 17151180800, 1506109
read-wait, 10, 3, 363779
read, 10, 3, 343023616, 171511808, 364771
circular-read-start, 10, 3, 17151180800, 1507105
read-wait, 3, 3, 365419
read, 3, 3, 343023616, 171511808, 365419
circular-read-start, 3, 3, 17151180800, 1507242
read-start, 8, 4, 514535424, 171511808, 1700608
circular-read-total, 8, 3, 17151180800, 135287, 194513
read-start, 5, 4, 514535424, 171511808, 1700653
circular-read-total, 5, 3, 17151180800, 137492, 194568
read-start, 7, 4, 514535424, 171511808, 1700838
circular-read-total, 7, 3, 17151180800, 124839, 194898
read-start, 4, 4, 514535424, 171511808, 1700952
circular-read-total, 4, 3, 17151180800, 108034, 194848
read-start, 9, 4, 514535424, 171511808, 1701044
circular-read-total, 9, 3, 17151180800, 121898, 194934
read-start, 6, 4, 514535424, 171511808, 1701071
circular-read-total, 6, 3, 17151180800, 106832, 194981
read-start, 3, 4, 514535424, 171511808, 1701852
circular-read-total, 3, 3, 17151180800, 145821, 194610
read-start, 10, 4, 514535424, 171511808, 1702032
circular-read-total, 10, 3, 17151180800, 142587, 194926
read-wait, 5, 4, 1445
read, 5, 4, 514535424, 171511808, 363465
circular-read-start, 5, 4, 17151180800, 2064119
read-wait, 8, 4, 363660
read, 8, 4, 514535424, 171511808, 363660
circular-read-start, 8, 4, 17151180800, 2064269
read-wait, 6, 4, 363199
read, 6, 4, 514535424, 171511808, 363416
circular-read-start, 6, 4, 17151180800, 2064488
read-wait, 9, 4, 363593
read, 9, 4, 514535424, 171511808, 363593
circular-read-start, 9, 4, 17151180800, 2064637
read-wait, 7, 4, 363805
read, 7, 4, 514535424, 171511808, 364993
circular-read-start, 7, 4, 17151180800, 2065832
read-wait, 10, 4, 363951
read, 10, 4, 514535424, 171511808, 365231
circular-read-start, 10, 4, 17151180800, 2067263
read-wait, 4, 4, 366454
read, 4, 4, 514535424, 171511808, 366454
circular-read-start, 4, 4, 17151180800, 2067407
read-wait, 3, 4, 365560
read, 3, 4, 514535424, 171511808, 365560
circular-read-start, 3, 4, 17151180800, 2067413
read-start, 5, 5, 686047232, 171511808, 2258680
circular-read-total, 5, 4, 17151180800, 108308, 194561
read-start, 6, 5, 686047232, 171511808, 2259018
circular-read-total, 6, 4, 17151180800, 130319, 194530
read-start, 9, 5, 686047232, 171511808, 2259233
circular-read-total, 9, 4, 17151180800, 98065, 194597
read-start, 8, 5, 686047232, 171511808, 2259872
circular-read-total, 8, 4, 17151180800, 136448, 195603
read-start, 7, 5, 686047232, 171511808, 2260450
circular-read-total, 7, 4, 17151180800, 144317, 194618
read-start, 10, 5, 686047232, 171511808, 2261923
circular-read-total, 10, 4, 17151180800, 148833, 194660
read-start, 3, 5, 686047232, 171511808, 2262171
circular-read-total, 3, 4, 17151180800, 122783, 194758
read-wait, 6, 5, 3327
read-start, 4, 5, 686047232, 171511808, 2262504
circular-read-total, 4, 4, 17151180800, 122017, 195097
read, 6, 5, 686047232, 171511808, 362979
circular-read-start, 6, 5, 17151180800, 2621998
read-wait, 8, 5, 362282
read, 8, 5, 686047232, 171511808, 362761
circular-read-start, 8, 5, 17151180800, 2622633
read-wait, 5, 5, 364095
read, 5, 5, 686047232, 171511808, 364095
circular-read-start, 5, 5, 17151180800, 2622776
read-wait, 9, 5, 363553
read, 9, 5, 686047232, 171511808, 363553
circular-read-start, 9, 5, 17151180800, 2622787
read-wait, 7, 5, 362339
read, 7, 5, 686047232, 171511808, 364489
circular-read-start, 7, 5, 17151180800, 2624939
read-wait, 4, 5, 362590
read, 4, 5, 686047232, 171511808, 364227
circular-read-start, 4, 5, 17151180800, 2626732
read-wait, 3, 5, 364712
read, 3, 5, 686047232, 171511808, 364712
circular-read-start, 3, 5, 17151180800, 2626884
read-wait, 10, 5, 364962
read, 10, 5, 686047232, 171511808, 364962
circular-read-start, 10, 5, 17151180800, 2626886
read-start, 6, 6, 857559040, 171511808, 2817028
circular-read-total, 6, 5, 17151180800, 45016, 195031
read-start, 8, 6, 857559040, 171511808, 2817554
circular-read-total, 8, 5, 17151180800, 83103, 194920
read-start, 5, 6, 857559040, 171511808, 2818472
circular-read-total, 5, 5, 17151180800, 106138, 195696
read-start, 9, 6, 857559040, 171511808, 2818538
circular-read-total, 9, 5, 17151180800, 99160, 195751
read-start, 7, 6, 857559040, 171511808, 2819601
circular-read-total, 7, 5, 17151180800, 142794, 194661
read-start, 10, 6, 857559040, 171511808, 2821473
circular-read-total, 10, 5, 17151180800, 138223, 194586
read-wait, 6, 6, 4551
read-start, 3, 6, 857559040, 171511808, 2821581
circular-read-total, 3, 5, 17151180800, 141254, 194697
read-start, 4, 6, 857559040, 171511808, 2821589
circular-read-total, 4, 5, 17151180800, 126678, 194857
read, 6, 6, 857559040, 171511808, 363906
circular-read-start, 6, 6, 17151180800, 3180934
read-wait, 5, 6, 362635
read, 5, 6, 857559040, 171511808, 363218
circular-read-start, 5, 6, 17151180800, 3181691
read-wait, 8, 6, 364282
read, 8, 6, 857559040, 171511808, 364282
circular-read-start, 8, 6, 17151180800, 3181836
read-wait, 9, 6, 363308
read, 9, 6, 857559040, 171511808, 363308
circular-read-start, 9, 6, 17151180800, 3181847
read-wait, 7, 6, 362247
read, 7, 6, 857559040, 171511808, 364845
circular-read-start, 7, 6, 17151180800, 3184446
read-wait, 10, 6, 363121
read, 10, 6, 857559040, 171511808, 364495
circular-read-start, 10, 6, 17151180800, 3185969
read-wait, 3, 6, 364538
read, 3, 6, 857559040, 171511808, 364538
circular-read-start, 3, 6, 17151180800, 3186120
read-wait, 4, 6, 364543
read, 4, 6, 857559040, 171511808, 364543
circular-read-start, 4, 6, 17151180800, 3186133
read-start, 6, 7, 1029070848, 171511808, 3376097
circular-read-total, 6, 6, 17151180800, 54670, 195162
read-start, 5, 7, 1029070848, 171511808, 3378292
circular-read-total, 5, 6, 17151180800, 120250, 196601
read-start, 9, 7, 1029070848, 171511808, 3378516
circular-read-total, 9, 6, 17151180800, 99464, 196669
read-start, 8, 7, 1029070848, 171511808, 3378686
circular-read-total, 8, 6, 17151180800, 88469, 196850
read-start, 7, 7, 1029070848, 171511808, 3379147
circular-read-total, 7, 6, 17151180800, 143971, 194700
read-start, 10, 7, 1029070848, 171511808, 3380674
circular-read-total, 10, 6, 17151180800, 137476, 194705
read-wait, 6, 7, 4635
read-start, 3, 7, 1029070848, 171511808, 3380778
circular-read-total, 3, 6, 17151180800, 138126, 194657
read-start, 4, 7, 1029070848, 171511808, 3380881
circular-read-total, 4, 6, 17151180800, 136466, 194748
read, 6, 7, 1029070848, 171511808, 363345
circular-read-start, 6, 7, 17151180800, 3739442
read-wait, 8, 7, 360913
read, 8, 7, 1029070848, 171511808, 362898
circular-read-start, 8, 7, 17151180800, 3741585
read-wait, 5, 7, 363441
read, 5, 7, 1029070848, 171511808, 363441
circular-read-start, 5, 7, 17151180800, 3741734
read-wait, 10, 7, 361068
read, 10, 7, 1029070848, 171511808, 364646
circular-read-start, 10, 7, 17151180800, 3745321
read-wait, 9, 7, 366945
read, 9, 7, 1029070848, 171511808, 366945
circular-read-start, 9, 7, 17151180800, 3745461
read-wait, 7, 7, 366316
read, 7, 7, 1029070848, 171511808, 366316
circular-read-start, 7, 7, 17151180800, 3745464
read-wait, 4, 7, 364593
read, 4, 7, 1029070848, 171511808, 364741
circular-read-start, 4, 7, 17151180800, 3745622
read-wait, 3, 7, 365047
read, 3, 7, 1029070848, 171511808, 365047
circular-read-start, 3, 7, 17151180800, 3745826
read-start, 6, 8, 1200582656, 171511808, 3935480
circular-read-total, 6, 7, 17151180800, 77885, 196037
read-start, 5, 8, 1200582656, 171511808, 3936872
circular-read-total, 5, 7, 17151180800, 51700, 195138
read-start, 8, 8, 1200582656, 171511808, 3937180
circular-read-total, 8, 7, 17151180800, 58451, 195595
read-start, 7, 8, 1200582656, 171511808, 3939891
circular-read-total, 7, 7, 17151180800, 156543, 194427
read-start, 9, 8, 1200582656, 171511808, 3940153
circular-read-total, 9, 7, 17151180800, 140505, 194691
read-start, 10, 8, 1200582656, 171511808, 3940294
circular-read-total, 10, 7, 17151180800, 123222, 194973
read-start, 4, 8, 1200582656, 171511808, 3940387
circular-read-total, 4, 7, 17151180800, 137956, 194764
read-start, 3, 8, 1200582656, 171511808, 3940410
circular-read-total, 3, 7, 17151180800, 143057, 194584
read-wait, 6, 8, 4956
read, 6, 8, 1200582656, 171511808, 363336
circular-read-start, 6, 8, 17151180800, 4298816
read-wait, 7, 8, 359082
read, 7, 8, 1200582656, 171511808, 364507
circular-read-start, 7, 8, 17151180800, 4304399
read-wait, 9, 8, 364388
read, 9, 8, 1200582656, 171511808, 364388
circular-read-start, 9, 8, 17151180800, 4304541
read-wait, 8, 8, 367364
read, 8, 8, 1200582656, 171511808, 367364
circular-read-start, 8, 8, 17151180800, 4304545
read-wait, 5, 8, 367675
read, 5, 8, 1200582656, 171511808, 367675
circular-read-start, 5, 8, 17151180800, 4304547
read-wait, 10, 8, 364265
read, 10, 8, 1200582656, 171511808, 364413
circular-read-start, 10, 8, 17151180800, 4304707
read-wait, 4, 8, 364482
read, 4, 8, 1200582656, 171511808, 364482
circular-read-start, 4, 8, 17151180800, 4304869
read-wait, 3, 8, 364467
read, 3, 8, 1200582656, 171511808, 364467
circular-read-start, 3, 8, 17151180800, 4304877
read-start, 6, 9, 1372094464, 171511808, 4493045
circular-read-total, 6, 8, 17151180800, 22705, 194233
read-start, 5, 9, 1372094464, 171511808, 4499112
circular-read-total, 5, 8, 17151180800, 128943, 194565
read-start, 9, 9, 1372094464, 171511808, 4499170
circular-read-total, 9, 8, 17151180800, 134336, 194628
read-start, 7, 9, 1372094464, 171511808, 4499179
circular-read-total, 7, 8, 17151180800, 146235, 194780
read-start, 10, 9, 1372094464, 171511808, 4499404
circular-read-total, 10, 8, 17151180800, 136352, 194697
read-start, 3, 9, 1372094464, 171511808, 4499461
circular-read-total, 3, 8, 17151180800, 137399, 194583
read-start, 8, 9, 1372094464, 171511808, 4499484
circular-read-total, 8, 8, 17151180800, 111743, 194939
read-start, 4, 9, 1372094464, 171511808, 4499581
circular-read-total, 4, 8, 17151180800, 119004, 194712
read-wait, 6, 9, 6592
read, 6, 9, 1372094464, 171511808, 362977
circular-read-start, 6, 9, 17151180800, 4856022
read-wait, 8, 9, 356687
read, 8, 9, 1372094464, 171511808, 362384
circular-read-start, 8, 9, 17151180800, 4861869
read-wait, 9, 9, 362843
read, 9, 9, 1372094464, 171511808, 362843
circular-read-start, 9, 9, 17151180800, 4862014
read-wait, 5, 9, 362912
read, 5, 9, 1372094464, 171511808, 362912
circular-read-start, 5, 9, 17151180800, 4862025
read-wait, 7, 9, 362848
read, 7, 9, 1372094464, 171511808, 363717
circular-read-start, 7, 9, 17151180800, 4862897
read-wait, 10, 9, 363643
read, 10, 9, 1372094464, 171511808, 364055
circular-read-start, 10, 9, 17151180800, 4863460
read-wait, 4, 9, 364030
read, 4, 9, 1372094464, 171511808, 364030
circular-read-start, 4, 9, 17151180800, 4863612
read-wait, 3, 9, 364159
read, 3, 9, 1372094464, 171511808, 364159
circular-read-start, 3, 9, 17151180800, 4863620
read-start, 6, 10, 1543606272, 171511808, 5053631
circular-read-total, 6, 9, 17151180800, 82276, 197609
read-start, 5, 10, 1543606272, 171511808, 5056683
circular-read-total, 5, 9, 17151180800, 128979, 194658
read-start, 8, 10, 1543606272, 171511808, 5056759
circular-read-total, 8, 9, 17151180800, 129845, 194889
read-start, 9, 10, 1543606272, 171511808, 5056903
circular-read-total, 9, 9, 17151180800, 121717, 194889
read-start, 7, 10, 1543606272, 171511808, 5057770
circular-read-total, 7, 9, 17151180800, 131501, 194873
read-start, 10, 10, 1543606272, 171511808, 5058068
circular-read-total, 10, 9, 17151180800, 145534, 194607
read-start, 3, 10, 1543606272, 171511808, 5058387
circular-read-total, 3, 9, 17151180800, 134593, 194767
read-start, 4, 10, 1543606272, 171511808, 5058517
circular-read-total, 4, 9, 17151180800, 112401, 194904
read-wait, 7, 10, 749
read, 7, 10, 1543606272, 171511808, 363866
circular-read-start, 7, 10, 17151180800, 5421637
read-wait, 9, 10, 364886
read, 9, 10, 1543606272, 171511808, 364886
circular-read-start, 9, 10, 17151180800, 5421789
read-wait, 8, 10, 365032
read, 8, 10, 1543606272, 171511808, 365032
circular-read-start, 8, 10, 17151180800, 5421791
read-wait, 6, 10, 368163
read, 6, 10, 1543606272, 171511808, 368163
circular-read-start, 6, 10, 17151180800, 5421794
read-wait, 5, 10, 365115
read, 5, 10, 1543606272, 171511808, 365115
circular-read-start, 5, 10, 17151180800, 5421799
read-wait, 10, 10, 363733
read, 10, 10, 1543606272, 171511808, 365181
circular-read-start, 10, 10, 17151180800, 5423250
read-wait, 4, 10, 364899
read, 4, 10, 1543606272, 171511808, 364899
circular-read-start, 4, 10, 17151180800, 5423416
read-wait, 3, 10, 365031
read, 3, 10, 1543606272, 171511808, 365031
circular-read-start, 3, 10, 17151180800, 5423419
read-start, 9, 11, 1715118080, 34881920, 5616253
circular-read-total, 9, 10, 17151180800, 136349, 194464
read-start, 6, 11, 1715118080, 34881920, 5616322
circular-read-total, 6, 10, 17151180800, 130506, 194527
read-start, 7, 11, 1715118080, 34881920, 5616331
circular-read-total, 7, 10, 17151180800, 139113, 194694
read-start, 8, 11, 1715118080, 34881920, 5616391
circular-read-total, 8, 10, 17151180800, 117149, 194599
read-start, 5, 11, 1715118080, 34881920, 5616426
circular-read-total, 5, 10, 17151180800, 121448, 194627
read-start, 3, 11, 1715118080, 34881920, 5618085
circular-read-total, 3, 10, 17151180800, 127774, 194665
read-start, 4, 11, 1715118080, 34881920, 5618159
circular-read-total, 4, 10, 17151180800, 118178, 194742
read-start, 10, 11, 1715118080, 34881920, 5618683
circular-read-total, 10, 10, 17151180800, 120572, 195433
read-wait, 8, 11, 2353
read, 8, 11, 1715118080, 34881920, 361122
circular-read-start, 8, 11, 3488192000, 5977513
read-wait, 5, 11, 361226
read, 5, 11, 1715118080, 34881920, 361226
circular-read-start, 5, 11, 3488192000, 5977653
read-wait, 9, 11, 361401
read, 9, 11, 1715118080, 34881920, 361401
circular-read-start, 9, 11, 3488192000, 5977654
read-wait, 7, 11, 361324
read, 7, 11, 1715118080, 34881920, 362800
circular-read-start, 7, 11, 3488192000, 5979132
read-wait, 6, 11, 362958
read, 6, 11, 1715118080, 34881920, 362958
circular-read-start, 6, 11, 3488192000, 5979280
read-wait, 10, 11, 360599
read, 10, 11, 1715118080, 34881920, 363908
circular-read-start, 10, 11, 3488192000, 5982591
read-wait, 4, 11, 364575
read, 4, 11, 1715118080, 34881920, 364575
circular-read-start, 4, 11, 3488192000, 5982734
read-wait, 3, 11, 364651
read, 3, 11, 1715118080, 34881920, 364651
circular-read-start, 3, 11, 3488192000, 5982736
circular-read-total, 9, 11, 3488192000, 8497, 37309
circular-read-total, 7, 11, 3488192000, 9722, 37063
circular-read-total, 6, 11, 3488192000, 15096, 36961
circular-read-total, 8, 11, 3488192000, 19534, 39451
circular-read-total, 5, 11, 3488192000, 15738, 39622
circular-read-total, 10, 11, 3488192000, 20877, 36639
circular-read-total, 3, 11, 3488192000, 24954, 36568
circular-read-total, 4, 11, 3488192000, 25473, 36737

cmd-read, 6019759
