# Sun Sep 20 16:55:28 PDT 2015
memory, 32170233856
record-value, 112
seek-chunk, 171511808
file, 4, 1750000000

read-start, 1, 0, 171511808, 13003
circular-read-start, 4, 1, 175000000000, 14580
circular-read-total, 4, 1, 175000000000, 372883, 382052
linear-scan, 383112
-sort , 43634, 48
-merge, 25006, 48
-last , 1058
read, 1, 171511808, 384689
network, 1, 198687

read-start, 2, 171511808, 171511808, 596422
circular-read-start, 4, 2, 175000000000, 596766
circular-read-total, 4, 2, 175000000000, 351181, 360817
linear-scan, 361366
-sort , 42852, 47
-merge, 25082, 47
-last , 548
read, 2, 171511808, 361710
network, 2, 196493

read-start, 3, 343023616, 171511808, 1154630
circular-read-start, 4, 3, 175000000000, 1154975
circular-read-total, 4, 3, 175000000000, 351121, 360700
linear-scan, 361589
-sort , 41020, 45
-merge, 23517, 45
-last , 888
read, 3, 171511808, 361935
network, 3, 197537

read-start, 4, 514535424, 171511808, 1714107
circular-read-start, 4, 4, 175000000000, 1714452
circular-read-total, 4, 4, 175000000000, 351111, 360651
linear-scan, 361670
-sort , 39379, 43
-merge, 22501, 43
-last , 1018
read, 4, 171511808, 362015
network, 4, 196162

read-start, 5, 686047232, 171511808, 2272312
circular-read-start, 4, 5, 175000000000, 2272656
circular-read-total, 4, 5, 175000000000, 351176, 360748
linear-scan, 361573
-sort , 37526, 41
-merge, 21859, 41
-last , 823
read, 5, 171511808, 361916
network, 5, 197400

read-start, 6, 857559040, 171511808, 2831632
circular-read-start, 4, 6, 175000000000, 2831973
circular-read-total, 4, 6, 175000000000, 351145, 360909
linear-scan, 362207
-sort , 35212, 38
-merge, 20246, 38
-last , 1297
read, 6, 171511808, 362549
network, 6, 197208

read-start, 7, 1029070848, 171511808, 3391625
circular-read-start, 4, 7, 175000000000, 3391967
circular-read-total, 4, 7, 175000000000, 351123, 360697
linear-scan, 361897
-sort , 32401, 35
-merge, 18620, 35
-last , 1199
read, 7, 171511808, 362240
network, 7, 199186

read-start, 8, 1200582656, 171511808, 3953277
circular-read-start, 4, 8, 175000000000, 3953623
circular-read-total, 4, 8, 175000000000, 351184, 361063
linear-scan, 362350
-sort , 29032, 31
-merge, 16733, 31
-last , 1286
read, 8, 171511808, 362696
network, 8, 196332

read-start, 9, 1372094464, 171511808, 4512310
circular-read-start, 4, 9, 175000000000, 4512656
circular-read-total, 4, 9, 175000000000, 351035, 360524
linear-scan, 361352
-sort , 24126, 26
-merge, 13818, 26
-last , 827
read, 9, 171511808, 361699
network, 9, 196046

read-start, 10, 1543606272, 171511808, 5070058
circular-read-start, 4, 10, 175000000000, 5070401
circular-read-total, 4, 10, 175000000000, 351028, 360408
linear-scan, 361485
-sort , 16104, 17
-merge, 9107, 17
-last , 1076
read, 10, 171511808, 361828
network, 10, 197508

read-start, 11, 1715118080, 34881920, 5629423
circular-read-start, 4, 11, 175000000000, 5629493
circular-read-total, 4, 11, 175000000000, 350921, 360266
linear-scan, 360365
-sort , 2652, 12
-merge, 1363, 12
-last , 97
read, 11, 34881920, 360435
network, 11, 38282

exit, 6032978
