# Sun Sep 20 16:55:28 PDT 2015
memory, 32170233856
record-value, 112
seek-chunk, 171511808
file, 4, 1750000000

read-start, 1, 0, 171511808, 11186
circular-read-start, 4, 1, 175000000000, 12774
circular-read-total, 4, 1, 175000000000, 371735, 381163
linear-scan, 382225
-sort , 44012, 48
-merge, 25458, 48
-last , 1061
read, 1, 171511808, 383813
network, 1, 199477

read-start, 2, 171511808, 171511808, 594515
circular-read-start, 4, 2, 175000000000, 594874
circular-read-total, 4, 2, 175000000000, 351710, 361707
linear-scan, 362252
-sort , 42772, 47
-merge, 25044, 47
-last , 544
read, 2, 171511808, 362610
network, 2, 195333

read-start, 3, 343023616, 171511808, 1152489
circular-read-start, 4, 3, 175000000000, 1152841
circular-read-total, 4, 3, 175000000000, 351666, 361576
linear-scan, 362472
-sort , 41392, 45
-merge, 24619, 45
-last , 896
read, 3, 171511808, 362824
network, 3, 196461

read-start, 4, 514535424, 171511808, 1711800
circular-read-start, 4, 4, 175000000000, 1712150
circular-read-total, 4, 4, 175000000000, 351406, 361263
linear-scan, 362265
-sort , 39512, 43
-merge, 22945, 43
-last , 1001
read, 4, 171511808, 362615
network, 4, 196647

read-start, 5, 686047232, 171511808, 2271078
circular-read-start, 4, 5, 175000000000, 2271430
circular-read-total, 4, 5, 175000000000, 351555, 361576
linear-scan, 362418
-sort , 37603, 41
-merge, 21897, 41
-last , 841
read, 5, 171511808, 362770
network, 5, 194922

read-start, 6, 857559040, 171511808, 2828774
circular-read-start, 4, 6, 175000000000, 2829131
circular-read-total, 4, 6, 175000000000, 351405, 361357
linear-scan, 362677
-sort , 35374, 38
-merge, 20399, 38
-last , 1319
read, 6, 171511808, 363034
network, 6, 198107

read-start, 7, 1029070848, 171511808, 3389921
circular-read-start, 4, 7, 175000000000, 3390270
circular-read-total, 4, 7, 175000000000, 351476, 361347
linear-scan, 362558
-sort , 32661, 35
-merge, 19121, 35
-last , 1210
read, 7, 171511808, 362907
network, 7, 195589

read-start, 8, 1200582656, 171511808, 3948429
circular-read-start, 4, 8, 175000000000, 3948790
circular-read-total, 4, 8, 175000000000, 351337, 361158
linear-scan, 362448
-sort , 29138, 31
-merge, 16829, 31
-last , 1289
read, 8, 171511808, 362809
network, 8, 199506

read-start, 9, 1372094464, 171511808, 4510747
circular-read-start, 4, 9, 175000000000, 4511098
circular-read-total, 4, 9, 175000000000, 351388, 361206
linear-scan, 362042
-sort , 24235, 26
-merge, 14046, 26
-last , 835
read, 9, 171511808, 362393
network, 9, 194892

read-start, 10, 1543606272, 171511808, 5068036
circular-read-start, 4, 10, 175000000000, 5068387
circular-read-total, 4, 10, 175000000000, 351552, 361464
linear-scan, 362549
-sort , 16159, 17
-merge, 9712, 17
-last , 1084
read, 10, 171511808, 362900
network, 10, 196719

read-start, 11, 1715118080, 34881920, 5627683
circular-read-start, 4, 11, 175000000000, 5627756
circular-read-total, 4, 11, 175000000000, 351159, 360960
linear-scan, 361058
-sort , 2689, 12
-merge, 1371, 12
-last , 97
read, 11, 34881920, 361131
network, 11, 39411

exit, 6031099
