# Sun Sep 20 16:55:28 PDT 2015
memory, 32170233856
record-value, 112
seek-chunk, 171511808
file, 4, 1750000000

read-start, 1, 0, 171511808, 7546
circular-read-start, 4, 1, 175000000000, 9119
circular-read-total, 4, 1, 175000000000, 373441, 383080
linear-scan, 384140
-sort , 44939, 48
-merge, 26381, 48
-last , 1059
read, 1, 171511808, 385714
network, 1, 197563

read-start, 2, 171511808, 171511808, 590828
circular-read-start, 4, 2, 175000000000, 591178
circular-read-total, 4, 2, 175000000000, 351743, 362386
linear-scan, 362930
-sort , 43659, 47
-merge, 26055, 47
-last , 543
read, 2, 171511808, 363281
network, 2, 194748

read-start, 3, 343023616, 171511808, 1148901
circular-read-start, 4, 3, 175000000000, 1149259
circular-read-total, 4, 3, 175000000000, 351822, 362360
linear-scan, 363256
-sort , 42096, 45
-merge, 25107, 45
-last , 896
read, 3, 171511808, 363614
network, 3, 196066

read-start, 4, 514535424, 171511808, 1708624
circular-read-start, 4, 4, 175000000000, 1708981
circular-read-total, 4, 4, 175000000000, 351640, 362040
linear-scan, 363068
-sort , 40380, 43
-merge, 24481, 43
-last , 1027
read, 4, 171511808, 363425
network, 4, 194509

read-start, 5, 686047232, 171511808, 2266586
circular-read-start, 4, 5, 175000000000, 2266940
circular-read-total, 4, 5, 175000000000, 351501, 361798
linear-scan, 362635
-sort , 38497, 41
-merge, 22874, 41
-last , 835
read, 5, 171511808, 362989
network, 5, 195008

read-start, 6, 857559040, 171511808, 2824611
circular-read-start, 4, 6, 175000000000, 2824964
circular-read-total, 4, 6, 175000000000, 351662, 362213
linear-scan, 363562
-sort , 36273, 38
-merge, 21608, 38
-last , 1347
read, 6, 171511808, 363915
network, 6, 195164

read-start, 7, 1029070848, 171511808, 3383695
circular-read-start, 4, 7, 175000000000, 3384053
circular-read-total, 4, 7, 175000000000, 351486, 361773
linear-scan, 362996
-sort , 33259, 35
-merge, 19557, 35
-last , 1222
read, 7, 171511808, 363354
network, 7, 195980

read-start, 8, 1200582656, 171511808, 3943093
circular-read-start, 4, 8, 175000000000, 3943447
circular-read-total, 4, 8, 175000000000, 351366, 361700
linear-scan, 362991
-sort , 29858, 31
-merge, 17860, 31
-last , 1290
read, 8, 171511808, 363345
network, 8, 194222

read-start, 9, 1372094464, 171511808, 4500673
circular-read-start, 4, 9, 175000000000, 4501037
circular-read-total, 4, 9, 175000000000, 351515, 361784
linear-scan, 362622
-sort , 24650, 26
-merge, 14510, 26
-last , 837
read, 9, 171511808, 362986
network, 9, 197603

read-start, 10, 1543606272, 171511808, 5061274
circular-read-start, 4, 10, 175000000000, 5061629
circular-read-total, 4, 10, 175000000000, 351342, 361649
linear-scan, 362733
-sort , 16401, 17
-merge, 9823, 17
-last , 1083
read, 10, 171511808, 363088
network, 10, 199613

read-start, 11, 1715118080, 34881920, 5623980
circular-read-start, 4, 11, 175000000000, 5624050
circular-read-total, 4, 11, 175000000000, 351278, 361470
linear-scan, 361569
-sort , 2725, 12
-merge, 1439, 12
-last , 97
read, 11, 34881920, 361639
network, 11, 38289

exit, 6027465
