# Sun Sep 20 16:55:28 PDT 2015
memory, 32170233856
record-value, 112
seek-chunk, 171511808
file, 4, 1750000000

read-start, 1, 0, 171511808, 5861
circular-read-start, 4, 1, 175000000000, 7560
circular-read-total, 4, 1, 175000000000, 373895, 383174
linear-scan, 384238
-sort , 43842, 48
-merge, 25401, 48
-last , 1063
read, 1, 171511808, 385937
network, 1, 197467

read-start, 2, 171511808, 171511808, 589274
circular-read-start, 4, 2, 175000000000, 589622
circular-read-total, 4, 2, 175000000000, 351969, 361670
linear-scan, 362218
-sort , 42601, 47
-merge, 24800, 47
-last , 547
read, 2, 171511808, 362565
network, 2, 195580

read-start, 3, 343023616, 171511808, 1147423
circular-read-start, 4, 3, 175000000000, 1147773
circular-read-total, 4, 3, 175000000000, 351996, 361765
linear-scan, 362657
-sort , 41244, 45
-merge, 24164, 45
-last , 891
read, 3, 171511808, 363007
network, 3, 196087

read-start, 4, 514535424, 171511808, 1706521
circular-read-start, 4, 4, 175000000000, 1706870
circular-read-total, 4, 4, 175000000000, 352105, 362121
linear-scan, 363126
-sort , 39517, 43
-merge, 23073, 43
-last , 1004
read, 4, 171511808, 363475
network, 4, 194551

read-start, 5, 686047232, 171511808, 2264563
circular-read-start, 4, 5, 175000000000, 2264911
circular-read-total, 4, 5, 175000000000, 351770, 361508
linear-scan, 362345
-sort , 37510, 41
-merge, 21888, 41
-last , 836
read, 5, 171511808, 362693
network, 5, 197109

read-start, 6, 857559040, 171511808, 2824370
circular-read-start, 4, 6, 175000000000, 2824718
circular-read-total, 4, 6, 175000000000, 351826, 361559
linear-scan, 362880
-sort , 35356, 38
-merge, 20557, 38
-last , 1320
read, 6, 171511808, 363228
network, 6, 196370

read-start, 7, 1029070848, 171511808, 3384205
circular-read-start, 4, 7, 175000000000, 3384552
circular-read-total, 4, 7, 175000000000, 351732, 361355
linear-scan, 362575
-sort , 32553, 35
-merge, 18774, 35
-last , 1219
read, 7, 171511808, 362922
network, 7, 195573

read-start, 8, 1200582656, 171511808, 3942799
circular-read-start, 4, 8, 175000000000, 3943149
circular-read-total, 4, 8, 175000000000, 351782, 361288
linear-scan, 362569
-sort , 29005, 31
-merge, 16729, 31
-last , 1280
read, 8, 171511808, 362918
network, 8, 199296

read-start, 9, 1372094464, 171511808, 4505055
circular-read-start, 4, 9, 175000000000, 4505403
circular-read-total, 4, 9, 175000000000, 351513, 360983
linear-scan, 361812
-sort , 23967, 26
-merge, 13954, 26
-last , 828
read, 9, 171511808, 362160
network, 9, 195390

read-start, 10, 1543606272, 171511808, 5062640
circular-read-start, 4, 10, 175000000000, 5062989
circular-read-total, 4, 10, 175000000000, 351505, 360943
linear-scan, 362024
-sort , 16056, 17
-merge, 9397, 17
-last , 1080
read, 10, 171511808, 362373
network, 10, 197345

read-start, 11, 1715118080, 34881920, 5622398
circular-read-start, 4, 11, 175000000000, 5622469
circular-read-total, 4, 11, 175000000000, 351291, 360833
linear-scan, 360932
-sort , 2672, 12
-merge, 1360, 12
-last , 98
read, 11, 34881920, 361003
network, 11, 39853

exit, 6025779
