# 1, 50, 8, true, read
recv-size, 0, 524288000
size, 0, 0
start-read, 0, 0, 83886080
read, 0, 147627
recv-read, 0, 0, 83886080
network, 0, 101239
start-read, 1, 83886080, 83886080
read, 1, 147237
recv-read, 1, 83886080, 83886080
network, 1, 97698
start-read, 2, 167772160, 83886080
read, 2, 141616
recv-read, 2, 167772160, 83886080
network, 2, 97961
start-read, 3, 251658240, 83886080
read, 3, 127721
recv-read, 3, 251658240, 83886080
network, 3, 97720
start-read, 4, 335544320, 83886080
read, 4, 114635
recv-read, 4, 335544320, 83886080
network, 4, 97821
start-read, 5, 419430400, 83886080
read, 5, 114342
recv-read, 5, 419430400, 83886080
network, 5, 98104
start-read, 6, 503316480, 83886080
read, 6, 112799
recv-read, 6, 503316480, 20971520
network, 6, 21266
cmd-read, 0, 1518157
