# Mon Sep 21 09:52:21 PDT 2015
# 7, 500, 0, read
max-chunk, 3, 1, 707645831, 0
chunk-size, 707645831, 3074
disks, 8

size, 3, 2, 5000000000, 0
size, 4, 1, 5000000000, 0
size, 5, 1, 5000000000, 0
size, 6, 1, 5000000000, 0
size, 7, 1, 5000000000, 0
size, 8, 1, 5000000000, 0
size, 9, 1, 5000000000, 0
size, 10, 1, 5000000000, 0


read-start, 3, 1, 0, 707645831, 19
read-start, 4, 1, 0, 707645831, 19
read-start, 5, 1, 0, 707645831, 19
read-start, 6, 1, 0, 707645831, 19
read-start, 7, 1, 0, 707645831, 19
read-start, 8, 1, 0, 707645831, 19
read-start, 9, 1, 0, 707645831, 19
read-start, 10, 1, 0, 707645831, 19
read-wait, 3, 1, 0
read, 3, 1, 0, 707645831, 301562
circular-read-start, 3, 1, 70764583100, 301581
read-wait, 4, 1, 301681
read, 4, 1, 0, 707645831, 311974
circular-read-start, 4, 1, 70764583100, 311993
read-wait, 5, 1, 312095
read, 5, 1, 0, 707645831, 312095
circular-read-start, 5, 1, 70764583100, 312114
read-wait, 6, 1, 312097
read, 6, 1, 0, 707645831, 312097
circular-read-start, 6, 1, 70764583100, 312117
read-wait, 7, 1, 312101
read, 7, 1, 0, 707645831, 312101
circular-read-start, 7, 1, 70764583100, 312120
read-wait, 8, 1, 312104
read, 8, 1, 0, 707645831, 317742
circular-read-start, 8, 1, 70764583100, 317761
read-wait, 9, 1, 317865
read, 9, 1, 0, 707645831, 317865
circular-read-start, 9, 1, 70764583100, 317884
read-wait, 10, 1, 317867
read, 10, 1, 0, 707645831, 317867
circular-read-start, 10, 1, 70764583100, 317886
read-start, 4, 2, 707645831, 707645831, 773909
circular-read-total, 4, 1, 70764583100, 60270, 461915
read-start, 8, 2, 707645831, 707645831, 775443
circular-read-total, 8, 1, 70764583100, 86531, 457681
read-start, 3, 2, 707645831, 707645831, 775685
circular-read-total, 3, 1, 70764583100, 80750, 474104
read-start, 6, 2, 707645831, 707645831, 775997
circular-read-total, 6, 1, 70764583100, 71399, 463885
read-start, 5, 2, 707645831, 707645831, 776219
circular-read-total, 5, 1, 70764583100, 75041, 464104
read-start, 10, 2, 707645831, 707645831, 776250
circular-read-total, 10, 1, 70764583100, 64115, 458363
read-start, 9, 2, 707645831, 707645831, 776256
circular-read-total, 9, 1, 70764583100, 72134, 458371
read-start, 7, 2, 707645831, 707645831, 776304
circular-read-total, 7, 1, 70764583100, 84184, 464184
read-wait, 4, 2, 3877
read, 4, 2, 707645831, 707645831, 300182
circular-read-start, 4, 2, 70764583100, 1074091
read-wait, 9, 2, 297986
read, 9, 2, 707645831, 707645831, 303550
circular-read-start, 9, 2, 70764583100, 1079806
read-wait, 7, 2, 303602
read, 7, 2, 707645831, 707645831, 303602
circular-read-start, 7, 2, 70764583100, 1079907
read-wait, 6, 2, 303926
read, 6, 2, 707645831, 707645831, 303926
circular-read-start, 6, 2, 70764583100, 1079924
read-wait, 10, 2, 303675
read, 10, 2, 707645831, 707645831, 303675
circular-read-start, 10, 2, 70764583100, 1079925
read-wait, 3, 2, 304245
read, 3, 2, 707645831, 707645831, 304245
circular-read-start, 3, 2, 70764583100, 1079930
read-wait, 5, 2, 303723
read, 5, 2, 707645831, 707645831, 303723
circular-read-start, 5, 2, 70764583100, 1079942
read-wait, 8, 2, 304504
read, 8, 2, 707645831, 707645831, 309099
circular-read-start, 8, 2, 70764583100, 1084542
read-start, 5, 3, 1415291662, 707645831, 1540091
circular-read-total, 5, 2, 70764583100, 100350, 460148
read-start, 4, 3, 1415291662, 707645831, 1541479
circular-read-total, 4, 2, 70764583100, 104275, 467388
read-start, 8, 3, 1415291662, 707645831, 1542057
circular-read-total, 8, 2, 70764583100, 100464, 457515
read-start, 6, 3, 1415291662, 707645831, 1542459
circular-read-total, 6, 2, 70764583100, 101367, 462535
read-start, 3, 3, 1415291662, 707645831, 1542551
circular-read-total, 3, 2, 70764583100, 102900, 462620
read-start, 9, 3, 1415291662, 707645831, 1542583
circular-read-total, 9, 2, 70764583100, 103037, 462777
read-start, 10, 3, 1415291662, 707645831, 1542596
circular-read-total, 10, 2, 70764583100, 101896, 462671
read-start, 7, 3, 1415291662, 707645831, 1542697
circular-read-total, 7, 2, 70764583100, 95047, 462790
read-wait, 4, 3, 2737
read, 4, 3, 1415291662, 707645831, 288220
circular-read-start, 4, 3, 70764583100, 1829699
read-wait, 9, 3, 287266
read, 9, 3, 1415291662, 707645831, 293413
circular-read-start, 9, 3, 70764583100, 1835996
read-wait, 3, 3, 293554
read, 3, 3, 1415291662, 707645831, 293554
circular-read-start, 3, 3, 70764583100, 1836106
read-wait, 10, 3, 293513
read, 10, 3, 1415291662, 707645831, 293513
circular-read-start, 10, 3, 70764583100, 1836110
read-wait, 7, 3, 293425
read, 7, 3, 1415291662, 707645831, 293425
circular-read-start, 7, 3, 70764583100, 1836123
read-wait, 6, 3, 293679
read, 6, 3, 1415291662, 707645831, 293679
circular-read-start, 6, 3, 70764583100, 1836139
read-wait, 5, 3, 296059
read, 5, 3, 1415291662, 707645831, 296059
circular-read-start, 5, 3, 70764583100, 1836151
read-wait, 8, 3, 294100
read, 8, 3, 1415291662, 707645831, 297825
circular-read-start, 8, 3, 70764583100, 1839882
read-start, 10, 4, 2122937493, 707645831, 2296699
circular-read-total, 10, 3, 70764583100, 103603, 460589
read-start, 6, 4, 2122937493, 707645831, 2296866
circular-read-total, 6, 3, 70764583100, 101169, 460727
read-start, 3, 4, 2122937493, 707645831, 2297352
circular-read-total, 3, 3, 70764583100, 106204, 461246
read-start, 7, 4, 2122937493, 707645831, 2297401
circular-read-total, 7, 3, 70764583100, 94468, 461279
read-start, 5, 4, 2122937493, 707645831, 2297678
circular-read-total, 5, 3, 70764583100, 104551, 461527
read-start, 4, 4, 2122937493, 707645831, 2297867
circular-read-total, 4, 3, 70764583100, 102207, 468168
read-start, 9, 4, 2122937493, 707645831, 2297884
circular-read-total, 9, 3, 70764583100, 105554, 461887
read-start, 8, 4, 2122937493, 707645831, 2297944
circular-read-total, 8, 3, 70764583100, 98201, 458061
read-wait, 9, 4, 947
read, 9, 4, 2122937493, 707645831, 281429
circular-read-start, 9, 4, 70764583100, 2579313
read-wait, 4, 4, 281613
read, 4, 4, 2122937493, 707645831, 281613
circular-read-start, 4, 4, 70764583100, 2579481
read-wait, 3, 4, 282153
read, 3, 4, 2122937493, 707645831, 282153
circular-read-start, 3, 4, 70764583100, 2579505
read-wait, 10, 4, 282811
read, 10, 4, 2122937493, 707645831, 282811
circular-read-start, 10, 4, 70764583100, 2579511
read-wait, 7, 4, 282120
read, 7, 4, 2122937493, 707645831, 282120
circular-read-start, 7, 4, 70764583100, 2579522
read-wait, 6, 4, 282673
read, 6, 4, 2122937493, 707645831, 282673
circular-read-start, 6, 4, 70764583100, 2579540
read-wait, 5, 4, 281866
read, 5, 4, 2122937493, 707645831, 281866
circular-read-start, 5, 4, 70764583100, 2579545
read-wait, 8, 4, 281602
read, 8, 4, 2122937493, 707645831, 285169
circular-read-start, 8, 4, 70764583100, 2583114
read-start, 7, 5, 2830583324, 707645831, 3039581
circular-read-total, 7, 4, 70764583100, 91201, 460060
read-start, 8, 5, 2830583324, 707645831, 3039648
circular-read-total, 8, 4, 70764583100, 91030, 456534
read-start, 6, 5, 2830583324, 707645831, 3040917
circular-read-total, 6, 4, 70764583100, 92695, 461377
read-start, 4, 5, 2830583324, 707645831, 3041117
circular-read-total, 4, 4, 70764583100, 101148, 461636
read-start, 10, 5, 2830583324, 707645831, 3041191
circular-read-total, 10, 4, 70764583100, 101595, 461679
read-start, 3, 5, 2830583324, 707645831, 3041223
circular-read-total, 3, 4, 70764583100, 97952, 461718
read-start, 5, 5, 2830583324, 707645831, 3041331
circular-read-total, 5, 4, 70764583100, 96376, 461786
read-start, 9, 5, 2830583324, 707645831, 3041392
circular-read-total, 9, 4, 70764583100, 108671, 462079
read-wait, 9, 5, 1501
read, 9, 5, 2830583324, 707645831, 272963
circular-read-start, 9, 5, 70764583100, 3314355
read-wait, 4, 5, 273338
read, 4, 5, 2830583324, 707645831, 273338
circular-read-start, 4, 5, 70764583100, 3314455
read-wait, 7, 5, 274894
read, 7, 5, 2830583324, 707645831, 274894
circular-read-start, 7, 5, 70764583100, 3314476
read-wait, 10, 5, 273287
read, 10, 5, 2830583324, 707645831, 273287
circular-read-start, 10, 5, 70764583100, 3314478
read-wait, 3, 5, 273265
read, 3, 5, 2830583324, 707645831, 273265
circular-read-start, 3, 5, 70764583100, 3314489
read-wait, 5, 5, 273173
read, 5, 5, 2830583324, 707645831, 273174
circular-read-start, 5, 5, 70764583100, 3314505
read-wait, 6, 5, 273588
read, 6, 5, 2830583324, 707645831, 273588
circular-read-start, 6, 5, 70764583100, 3314506
read-wait, 8, 5, 275098
read, 8, 5, 2830583324, 707645831, 275098
circular-read-start, 8, 5, 70764583100, 3314746
read-start, 8, 6, 3538229155, 707645831, 3770358
circular-read-total, 8, 5, 70764583100, 96534, 455612
read-start, 10, 6, 3538229155, 707645831, 3771156
circular-read-total, 10, 5, 70764583100, 100637, 456677
read-start, 5, 6, 3538229155, 707645831, 3772721
circular-read-total, 5, 5, 70764583100, 93053, 458216
read-start, 4, 6, 3538229155, 707645831, 3773317
circular-read-total, 4, 5, 70764583100, 103132, 458861
read-start, 3, 6, 3538229155, 707645831, 3773320
circular-read-total, 3, 5, 70764583100, 90860, 458831
read-start, 6, 6, 3538229155, 707645831, 3773455
circular-read-total, 6, 5, 70764583100, 100580, 458952
read-start, 7, 6, 3538229155, 707645831, 3773560
circular-read-total, 7, 5, 70764583100, 102270, 459084
read-start, 9, 6, 3538229155, 707645831, 3773753
circular-read-total, 9, 5, 70764583100, 89049, 459401
read-wait, 9, 6, 3915
read, 9, 6, 3538229155, 707645831, 273770
circular-read-start, 9, 6, 70764583100, 4047524
read-wait, 4, 6, 274374
read, 4, 6, 3538229155, 707645831, 274374
circular-read-start, 4, 6, 70764583100, 4047691
read-wait, 7, 6, 274135
read, 7, 6, 3538229155, 707645831, 274135
circular-read-start, 7, 6, 70764583100, 4047696
read-wait, 10, 6, 276562
read, 10, 6, 3538229155, 707645831, 276562
circular-read-start, 10, 6, 70764583100, 4047718
read-wait, 5, 6, 274999
read, 5, 6, 3538229155, 707645831, 274999
circular-read-start, 5, 6, 70764583100, 4047721
read-wait, 3, 6, 274402
read, 3, 6, 3538229155, 707645831, 274402
circular-read-start, 3, 6, 70764583100, 4047723
read-wait, 6, 6, 274288
read, 6, 6, 3538229155, 707645831, 274288
circular-read-start, 6, 6, 70764583100, 4047744
read-wait, 8, 6, 277446
read, 8, 6, 3538229155, 707645831, 277446
circular-read-start, 8, 6, 70764583100, 4047805
read-start, 9, 7, 4245874986, 707645831, 4505427
circular-read-total, 9, 6, 70764583100, 94157, 457903
read-start, 6, 7, 4245874986, 707645831, 4505430
circular-read-total, 6, 6, 70764583100, 103172, 457689
read-start, 10, 7, 4245874986, 707645831, 4506362
circular-read-total, 10, 6, 70764583100, 104822, 458643
read-start, 4, 7, 4245874986, 707645831, 4506374
circular-read-total, 4, 6, 70764583100, 106419, 458684
read-start, 7, 7, 4245874986, 707645831, 4506475
circular-read-total, 7, 6, 70764583100, 103736, 458779
read-start, 3, 7, 4245874986, 707645831, 4506480
circular-read-total, 3, 6, 70764583100, 95156, 458756
read-start, 5, 7, 4245874986, 707645831, 4506551
circular-read-total, 5, 6, 70764583100, 99031, 458830
read-start, 8, 7, 4245874986, 707645831, 4506777
circular-read-total, 8, 6, 70764583100, 103399, 458971
read-wait, 7, 7, 2021
read, 7, 7, 4245874986, 707645831, 266851
circular-read-start, 7, 7, 70764583100, 4773326
read-wait, 4, 7, 267120
read, 4, 7, 4245874986, 707645831, 274512
circular-read-start, 4, 7, 70764583100, 4780887
read-wait, 10, 7, 274631
read, 10, 7, 4245874986, 707645831, 275125
circular-read-start, 10, 7, 70764583100, 4781487
read-wait, 5, 7, 275085
read, 5, 7, 4245874986, 707645831, 275085
circular-read-start, 5, 7, 70764583100, 4781637
read-wait, 3, 7, 275163
read, 3, 7, 4245874986, 707645831, 275163
circular-read-start, 3, 7, 70764583100, 4781643
read-wait, 9, 7, 276222
read, 9, 7, 4245874986, 707645831, 276222
circular-read-start, 9, 7, 70764583100, 4781649
read-wait, 6, 7, 276286
read, 6, 7, 4245874986, 707645831, 276286
circular-read-start, 6, 7, 70764583100, 4781716
read-wait, 8, 7, 274980
read, 8, 7, 4245874986, 707645831, 274980
circular-read-start, 8, 7, 70764583100, 4781757
read-start, 8, 8, 4953520817, 46479183, 5237603
circular-read-total, 8, 7, 70764583100, 102572, 455845
read-start, 9, 8, 4953520817, 46479183, 5238370
circular-read-total, 9, 7, 70764583100, 101428, 456721
read-start, 6, 8, 4953520817, 46479183, 5238909
circular-read-total, 6, 7, 70764583100, 93194, 457193
read-start, 7, 8, 4953520817, 46479183, 5239818
circular-read-total, 7, 7, 70764583100, 101223, 466493
read-start, 3, 8, 4953520817, 46479183, 5239864
circular-read-total, 3, 7, 70764583100, 97881, 458221
read-start, 10, 8, 4953520817, 46479183, 5239897
circular-read-total, 10, 7, 70764583100, 103851, 458410
read-start, 4, 8, 4953520817, 46479183, 5239949
circular-read-total, 4, 7, 70764583100, 103515, 459062
read-start, 5, 8, 4953520817, 46479183, 5240239
circular-read-total, 5, 7, 70764583100, 99139, 458602
read-wait, 3, 8, 1741
read, 3, 8, 4953520817, 46479183, 262347
circular-read-start, 3, 8, 4647918300, 5502211
read-wait, 7, 8, 262491
read, 7, 8, 4953520817, 46479183, 273689
circular-read-start, 7, 8, 4647918300, 5513508
read-wait, 4, 8, 273711
read, 4, 8, 4953520817, 46479183, 274129
circular-read-start, 4, 8, 4647918300, 5514079
read-wait, 6, 8, 275268
read, 6, 8, 4953520817, 46479183, 275268
circular-read-start, 6, 8, 4647918300, 5514177
read-wait, 9, 8, 275811
read, 9, 8, 4953520817, 46479183, 276704
circular-read-start, 9, 8, 4647918300, 5515075
read-wait, 10, 8, 275274
read, 10, 8, 4953520817, 46479183, 275934
circular-read-start, 10, 8, 4647918300, 5515832
read-wait, 5, 8, 275691
read, 5, 8, 4953520817, 46479183, 275691
circular-read-start, 5, 8, 4647918300, 5515930
read-wait, 8, 8, 278334
read, 8, 8, 4953520817, 46479183, 278334
circular-read-start, 8, 8, 4647918300, 5515938
circular-read-total, 8, 8, 4647918300, 4589, 25419
circular-read-total, 5, 8, 4647918300, 4686, 27676
circular-read-total, 9, 8, 4647918300, 5813, 29254
circular-read-total, 10, 8, 4647918300, 5183, 28501
circular-read-total, 4, 8, 4647918300, 6046, 30345
circular-read-total, 6, 8, 4647918300, 5833, 30429
circular-read-total, 3, 8, 4647918300, 5380, 42494
circular-read-total, 7, 8, 4647918300, 5569, 31408

cmd-read, 5547454
