# Mon Sep 21 09:52:21 PDT 2015
memory, 128926187520
record-value, 112
seek-chunk, 707645831
file, 4, 1250000000
file, 5, 1250000000
file, 6, 1250000000
file, 7, 1250000000

read-start, 1, 0, 707645831, 14951
circular-read-start, 5, 1, 125000000000, 22255
circular-read-start, 4, 1, 125000000000, 22255
circular-read-start, 6, 1, 125000000000, 22255
circular-read-start, 7, 1, 125000000000, 22255
circular-read-total, 5, 1, 125000000000, 271259, 299874
circular-read-total, 6, 1, 125000000000, 271664, 300307
circular-read-total, 7, 1, 125000000000, 272227, 300398
circular-read-total, 4, 1, 125000000000, 272744, 300930
linear-scan, 302409
-sort , 61765, 43
-merge, 58467, 43
-last , 1434
read, 1, 707645831, 309713
network, 1, 466513

read-start, 2, 707645831, 707645831, 791187
circular-read-start, 5, 2, 125000000000, 792590
circular-read-start, 4, 2, 125000000000, 792590
circular-read-start, 6, 2, 125000000000, 792590
circular-read-start, 7, 2, 125000000000, 792590
circular-read-total, 7, 2, 125000000000, 259915, 292960
circular-read-total, 6, 2, 125000000000, 260197, 292991
circular-read-total, 5, 2, 125000000000, 260381, 293273
circular-read-total, 4, 2, 125000000000, 263639, 294673
linear-scan, 296446
-sort , 58316, 41
-merge, 55156, 41
-last , 1100
read, 2, 707645831, 297849
network, 2, 468498

read-start, 3, 1415291662, 707645831, 1557538
circular-read-start, 4, 3, 125000000000, 1558936
circular-read-start, 5, 3, 125000000000, 1558936
circular-read-start, 6, 3, 125000000000, 1558936
circular-read-start, 7, 3, 125000000000, 1558936
circular-read-total, 6, 3, 125000000000, 260460, 282143
circular-read-total, 7, 3, 125000000000, 260554, 282281
circular-read-total, 5, 3, 125000000000, 260940, 282558
circular-read-total, 4, 3, 125000000000, 262707, 283706
linear-scan, 285492
-sort , 54959, 38
-merge, 52550, 38
-last , 1719
read, 3, 707645831, 286890
network, 3, 467195

read-start, 4, 2122937493, 707645831, 2311646
circular-read-start, 4, 4, 125000000000, 2313050
circular-read-start, 5, 4, 125000000000, 2313050
circular-read-start, 6, 4, 125000000000, 2313050
circular-read-start, 7, 4, 125000000000, 2313050
circular-read-total, 6, 4, 125000000000, 260798, 270101
circular-read-total, 7, 4, 125000000000, 260797, 270114
circular-read-total, 5, 4, 125000000000, 261254, 270392
circular-read-total, 4, 4, 125000000000, 263068, 271496
linear-scan, 272952
-sort , 50360, 35
-merge, 50365, 35
-last , 1412
read, 4, 707645831, 274356
network, 4, 470127

read-start, 5, 2830583324, 707645831, 3056142
circular-read-start, 4, 5, 125000000000, 3057547
circular-read-start, 5, 5, 125000000000, 3057547
circular-read-start, 6, 5, 125000000000, 3057547
circular-read-start, 7, 5, 125000000000, 3057547
circular-read-total, 7, 5, 125000000000, 260855, 267007
circular-read-total, 6, 5, 125000000000, 261208, 267223
circular-read-total, 5, 5, 125000000000, 261515, 267482
circular-read-total, 4, 5, 125000000000, 262668, 268309
linear-scan, 269598
-sort , 44377, 31
-merge, 46261, 31
-last , 1256
read, 5, 707645831, 271003
network, 5, 458949

read-start, 6, 3538229155, 707645831, 3786112
circular-read-start, 4, 6, 125000000000, 3787511
circular-read-start, 5, 6, 125000000000, 3787511
circular-read-start, 6, 6, 125000000000, 3787511
circular-read-start, 7, 6, 125000000000, 3787511
circular-read-total, 6, 6, 125000000000, 262524, 268723
circular-read-total, 7, 6, 125000000000, 263141, 269239
circular-read-total, 5, 6, 125000000000, 263189, 269351
circular-read-total, 4, 6, 125000000000, 263984, 269849
linear-scan, 271576
-sort , 36482, 25
-merge, 38949, 25
-last , 1658
read, 6, 707645831, 272975
network, 6, 462214

read-start, 7, 4245874986, 707645831, 4521323
circular-read-start, 4, 7, 125000000000, 4522722
circular-read-start, 5, 7, 125000000000, 4522722
circular-read-start, 6, 7, 125000000000, 4522722
circular-read-start, 7, 7, 125000000000, 4522722
circular-read-total, 6, 7, 125000000000, 263628, 270052
circular-read-total, 7, 7, 125000000000, 264100, 270290
circular-read-total, 5, 7, 125000000000, 264595, 270575
circular-read-total, 4, 7, 125000000000, 265858, 271235
linear-scan, 273728
-sort , 22427, 15
-merge, 25434, 15
-last , 2375
read, 7, 707645831, 275127
network, 7, 458403

read-start, 8, 4953520817, 46479183, 5254863
circular-read-start, 4, 8, 125000000000, 5254955
circular-read-start, 5, 8, 125000000000, 5254955
circular-read-start, 6, 8, 125000000000, 5254955
circular-read-start, 7, 8, 125000000000, 5254955
circular-read-total, 6, 8, 125000000000, 269322, 274300
circular-read-total, 7, 8, 125000000000, 269726, 274778
circular-read-total, 5, 8, 125000000000, 269954, 275012
circular-read-total, 4, 8, 125000000000, 270424, 275602
linear-scan, 275844
-sort , 1461, 15
-merge, 1677, 15
-last , 60
read, 8, 46479183, 275935
network, 8, 28489

exit, 5562441
