# Mon Sep 21 09:52:21 PDT 2015
memory, 128926187520
record-value, 112
seek-chunk, 707645831
file, 4, 1250000000
file, 5, 1250000000
file, 6, 1250000000
file, 7, 1250000000

read-start, 1, 0, 707645831, 7236
circular-read-start, 4, 1, 125000000000, 13788
circular-read-start, 5, 1, 125000000000, 13788
circular-read-start, 6, 1, 125000000000, 13788
circular-read-start, 7, 1, 125000000000, 13788
circular-read-total, 5, 1, 125000000000, 264799, 291064
circular-read-total, 4, 1, 125000000000, 264523, 291070
circular-read-total, 7, 1, 125000000000, 264607, 291250
circular-read-total, 6, 1, 125000000000, 264249, 291253
linear-scan, 292736
-sort , 61131, 43
-merge, 58454, 43
-last , 1438
read, 1, 707645831, 299288
network, 1, 476675

read-start, 2, 707645831, 707645831, 783214
circular-read-start, 5, 2, 125000000000, 784619
circular-read-start, 4, 2, 125000000000, 784619
circular-read-start, 6, 2, 125000000000, 784619
circular-read-start, 7, 2, 125000000000, 784619
circular-read-total, 6, 2, 125000000000, 254969, 290274
circular-read-total, 7, 2, 125000000000, 256335, 290825
circular-read-total, 5, 2, 125000000000, 256719, 290834
circular-read-total, 4, 2, 125000000000, 256595, 291012
linear-scan, 292973
-sort , 58354, 41
-merge, 55515, 41
-last , 1106
read, 2, 707645831, 294378
network, 2, 472059

read-start, 3, 1415291662, 707645831, 1549676
circular-read-start, 4, 3, 125000000000, 1551084
circular-read-start, 5, 3, 125000000000, 1551084
circular-read-start, 6, 3, 125000000000, 1551084
circular-read-start, 7, 3, 125000000000, 1551084
circular-read-total, 6, 3, 125000000000, 255153, 279543
circular-read-total, 5, 3, 125000000000, 256725, 280026
circular-read-total, 7, 3, 125000000000, 256550, 280117
circular-read-total, 4, 3, 125000000000, 256473, 280144
linear-scan, 281915
-sort , 54263, 38
-merge, 52302, 38
-last , 1705
read, 3, 707645831, 283323
network, 3, 471071

read-start, 4, 2122937493, 707645831, 2304083
circular-read-start, 5, 4, 125000000000, 2305489
circular-read-start, 4, 4, 125000000000, 2305489
circular-read-start, 6, 4, 125000000000, 2305489
circular-read-start, 7, 4, 125000000000, 2305489
circular-read-total, 6, 4, 125000000000, 255394, 265348
circular-read-total, 5, 4, 125000000000, 256945, 265769
circular-read-total, 4, 4, 125000000000, 257064, 265897
circular-read-total, 7, 4, 125000000000, 256744, 265976
linear-scan, 267425
-sort , 49716, 35
-merge, 49882, 35
-last , 1405
read, 4, 707645831, 268831
network, 4, 475207

read-start, 5, 2830583324, 707645831, 3048134
circular-read-start, 5, 5, 125000000000, 3049542
circular-read-start, 4, 5, 125000000000, 3049542
circular-read-start, 6, 5, 125000000000, 3049542
circular-read-start, 7, 5, 125000000000, 3049542
circular-read-total, 6, 5, 125000000000, 255344, 262480
circular-read-total, 7, 5, 125000000000, 256275, 262957
circular-read-total, 5, 5, 125000000000, 256788, 263036
circular-read-total, 4, 5, 125000000000, 256650, 263211
linear-scan, 264515
-sort , 44565, 31
-merge, 45152, 31
-last , 1272
read, 5, 707645831, 265923
network, 5, 466605

read-start, 6, 3538229155, 707645831, 3780672
circular-read-start, 4, 6, 125000000000, 3782078
circular-read-start, 5, 6, 125000000000, 3782078
circular-read-start, 6, 6, 125000000000, 3782078
circular-read-start, 7, 6, 125000000000, 3782078
circular-read-total, 6, 6, 125000000000, 254409, 261756
circular-read-total, 7, 6, 125000000000, 255646, 262424
circular-read-total, 5, 6, 125000000000, 256112, 262549
circular-read-total, 4, 6, 125000000000, 255965, 262715
linear-scan, 264455
-sort , 36235, 25
-merge, 38470, 25
-last , 1673
read, 6, 707645831, 265861
network, 6, 466095

read-start, 7, 4245874986, 707645831, 4512646
circular-read-start, 5, 7, 125000000000, 4514048
circular-read-start, 4, 7, 125000000000, 4514048
circular-read-start, 6, 7, 125000000000, 4514048
circular-read-start, 7, 7, 125000000000, 4514048
circular-read-total, 6, 7, 125000000000, 253674, 261149
circular-read-total, 7, 7, 125000000000, 254677, 261631
circular-read-total, 5, 7, 125000000000, 254993, 261635
circular-read-total, 4, 7, 125000000000, 254759, 261837
linear-scan, 264398
-sort , 22584, 15
-merge, 25725, 15
-last , 2441
read, 7, 707645831, 265801
network, 7, 467658

read-start, 8, 4953520817, 46479183, 5246125
circular-read-start, 4, 8, 125000000000, 5246217
circular-read-start, 5, 8, 125000000000, 5246217
circular-read-start, 6, 8, 125000000000, 5246217
circular-read-start, 7, 8, 125000000000, 5246217
circular-read-total, 6, 8, 125000000000, 252852, 260334
circular-read-total, 4, 8, 125000000000, 253992, 261105
circular-read-total, 5, 8, 125000000000, 254511, 261115
circular-read-total, 7, 8, 125000000000, 254092, 261145
linear-scan, 261355
-sort , 1422, 15
-merge, 1666, 15
-last , 61
read, 8, 46479183, 261447
network, 8, 44242

exit, 5554689
