# Mon Sep 21 09:52:21 PDT 2015
memory, 128926187520
record-value, 112
seek-chunk, 707645831
file, 4, 1250000000
file, 5, 1250000000
file, 6, 1250000000
file, 7, 1250000000

read-start, 1, 0, 707645831, 1589
circular-read-start, 4, 1, 125000000000, 8008
circular-read-start, 5, 1, 125000000000, 8008
circular-read-start, 6, 1, 125000000000, 8008
circular-read-start, 7, 1, 125000000000, 8008
circular-read-total, 5, 1, 125000000000, 264763, 292779
circular-read-total, 6, 1, 125000000000, 265353, 293054
circular-read-total, 7, 1, 125000000000, 265219, 293175
circular-read-total, 4, 1, 125000000000, 265829, 293652
linear-scan, 295132
-sort , 60526, 43
-merge, 58092, 43
-last , 1436
read, 1, 707645831, 301552
network, 1, 474075

read-start, 2, 707645831, 707645831, 777230
circular-read-start, 4, 2, 125000000000, 778632
circular-read-start, 5, 2, 125000000000, 778632
circular-read-start, 6, 2, 125000000000, 778632
circular-read-start, 7, 2, 125000000000, 778632
circular-read-total, 5, 2, 125000000000, 252700, 287792
circular-read-total, 6, 2, 125000000000, 252938, 287840
circular-read-total, 7, 2, 125000000000, 252733, 287886
circular-read-total, 4, 2, 125000000000, 254438, 288840
linear-scan, 290660
-sort , 57758, 41
-merge, 55102, 41
-last , 1105
read, 2, 707645831, 292062
network, 2, 474762

read-start, 3, 1415291662, 707645831, 1544071
circular-read-start, 5, 3, 125000000000, 1545483
circular-read-start, 4, 3, 125000000000, 1545483
circular-read-start, 6, 3, 125000000000, 1545483
circular-read-start, 7, 3, 125000000000, 1545483
circular-read-total, 4, 3, 125000000000, 258997, 280514
circular-read-total, 7, 3, 125000000000, 259977, 280948
circular-read-total, 5, 3, 125000000000, 260736, 281322
circular-read-total, 6, 3, 125000000000, 261289, 281423
linear-scan, 283219
-sort , 54416, 38
-merge, 52372, 38
-last , 1729
read, 3, 707645831, 284631
network, 3, 470128

read-start, 4, 2122937493, 707645831, 2298848
circular-read-start, 5, 4, 125000000000, 2300253
circular-read-start, 4, 4, 125000000000, 2300253
circular-read-start, 6, 4, 125000000000, 2300253
circular-read-start, 7, 4, 125000000000, 2300253
circular-read-total, 7, 4, 125000000000, 255736, 267474
circular-read-total, 4, 4, 125000000000, 256226, 267750
circular-read-total, 5, 4, 125000000000, 256446, 267809
circular-read-total, 6, 4, 125000000000, 256856, 267942
linear-scan, 269388
-sort , 49903, 35
-merge, 50127, 35
-last , 1402
read, 4, 707645831, 270793
network, 4, 473046

read-start, 5, 2830583324, 707645831, 3042695
circular-read-start, 5, 5, 125000000000, 3044098
circular-read-start, 4, 5, 125000000000, 3044098
circular-read-start, 6, 5, 125000000000, 3044098
circular-read-start, 7, 5, 125000000000, 3044098
circular-read-total, 5, 5, 125000000000, 254141, 261448
circular-read-total, 7, 5, 125000000000, 254167, 261727
circular-read-total, 6, 5, 125000000000, 254426, 262006
circular-read-total, 4, 5, 125000000000, 254928, 262402
linear-scan, 263710
-sort , 44108, 31
-merge, 46048, 31
-last , 1275
read, 5, 707645831, 265112
network, 5, 466936

read-start, 6, 3538229155, 707645831, 3774769
circular-read-start, 5, 6, 125000000000, 3776169
circular-read-start, 4, 6, 125000000000, 3776169
circular-read-start, 6, 6, 125000000000, 3776169
circular-read-start, 7, 6, 125000000000, 3776169
circular-read-total, 7, 6, 125000000000, 256638, 263106
circular-read-total, 4, 6, 125000000000, 256623, 263281
circular-read-total, 5, 6, 125000000000, 257267, 263394
circular-read-total, 6, 6, 125000000000, 258149, 263945
linear-scan, 265723
-sort , 35826, 25
-merge, 38199, 25
-last , 1711
read, 6, 707645831, 267124
network, 6, 465995

read-start, 7, 4245874986, 707645831, 4507904
circular-read-start, 4, 7, 125000000000, 4509311
circular-read-start, 5, 7, 125000000000, 4509311
circular-read-start, 6, 7, 125000000000, 4509311
circular-read-start, 7, 7, 125000000000, 4509311
circular-read-total, 4, 7, 125000000000, 257200, 263350
circular-read-total, 7, 7, 125000000000, 258768, 264166
circular-read-total, 5, 7, 125000000000, 259244, 264377
circular-read-total, 6, 7, 125000000000, 260034, 264889
linear-scan, 267440
-sort , 22211, 15
-merge, 25567, 15
-last , 2428
read, 7, 707645831, 268846
network, 7, 464500

read-start, 8, 4953520817, 46479183, 5241265
circular-read-start, 5, 8, 125000000000, 5241357
circular-read-start, 4, 8, 125000000000, 5241357
circular-read-start, 6, 8, 125000000000, 5241357
circular-read-start, 7, 8, 125000000000, 5241357
circular-read-total, 5, 8, 125000000000, 253084, 261115
circular-read-total, 6, 8, 125000000000, 253070, 261180
circular-read-total, 7, 8, 125000000000, 253110, 261189
circular-read-total, 4, 8, 125000000000, 254764, 262012
linear-scan, 262247
-sort , 1431, 15
-merge, 1663, 15
-last , 60
read, 8, 46479183, 262339
network, 8, 42487

exit, 5548864
