# 1, 50, 5, true, read
recv-size, 0, 524288000
size, 0, 0
start-read, 0, 0, 52428800
read, 0, 122048
recv-read, 0, 0, 52428800
network, 0, 20869
start-read, 1, 52428800, 52428800
read, 1, 117675
recv-read, 1, 52428800, 52428800
network, 1, 17670
start-read, 2, 104857600, 52428800
read, 2, 117728
recv-read, 2, 104857600, 52428800
network, 2, 23275
start-read, 3, 157286400, 52428800
read, 3, 118137
recv-read, 3, 157286400, 52428800
network, 3, 15975
start-read, 4, 209715200, 52428800
read, 4, 112135
recv-read, 4, 209715200, 52428800
network, 4, 15331
start-read, 5, 262144000, 52428800
read, 5, 111758
recv-read, 5, 262144000, 52428800
network, 5, 16292
start-read, 6, 314572800, 52428800
read, 6, 111466
recv-read, 6, 314572800, 52428800
network, 6, 17256
start-read, 7, 367001600, 52428800
read, 7, 111936
recv-read, 7, 367001600, 52428800
network, 7, 25949
start-read, 8, 419430400, 52428800
read, 8, 117628
recv-read, 8, 419430400, 52428800
network, 8, 22211
start-read, 9, 471859200, 52428800
read, 9, 111511
recv-read, 9, 471859200, 52428800
network, 9, 19764
start-read, 10, 524288000, 52428800
cmd-read, 0, 1347550
