# 1, 600, 0, true, read
record-value, 112
chunk-size, 323500984, 52428800
disks, 2
size, 1, 0
recv-size, 1, 1996488704
start-read, 1, 0, 323500984
read, 1, 707193
recv-read, 1, 0, 323500984
network, 1, 262155
start-read, 2, 323500984, 323500984
read, 2, 675665
recv-read, 2, 323500984, 323500984
network, 2, 261653
start-read, 3, 647001968, 323500984
read, 3, 668862
recv-read, 3, 647001968, 323500984
network, 3, 261639
start-read, 4, 970502952, 323500984
read, 4, 663563
recv-read, 4, 970502952, 323500984
network, 4, 261587
start-read, 5, 1294003936, 323500984
read, 5, 666734
recv-read, 5, 1294003936, 323500984
network, 5, 261443
start-read, 6, 1617504920, 323500984
read, 6, 666766
recv-read, 6, 1617504920, 323500984
network, 6, 261658
start-read, 7, 1941005904, 323500984
read, 7, 652780
recv-read, 7, 1941005904, 55482800
network, 7, 44510
cmd-read, 0, 6316214
