Thu Sep 24 19:41:35 PDT 2015
start, 0
myid, 0
disks, 1
disk-path, /mnt/b
in-files, 1
mybuckets, 9
local-bucket, 0, 0, 0
local-bucket, 3, 1, 0
local-bucket, 6, 2, 0
local-bucket, 9, 3, 0
local-bucket, 12, 4, 0
local-bucket, 15, 5, 0
local-bucket, 18, 6, 0
local-bucket, 21, 7, 0
local-bucket, 24, 8, 0
buckets, 27
bucket, 0, 0
bucket, 1, 1
bucket, 2, 2
bucket, 3, 0
bucket, 4, 1
bucket, 5, 2
bucket, 6, 0
bucket, 7, 1
bucket, 8, 2
bucket, 9, 0
bucket, 10, 1
bucket, 11, 2
bucket, 12, 0
bucket, 13, 1
bucket, 14, 2
bucket, 15, 0
bucket, 16, 1
bucket, 17, 2
bucket, 18, 0
bucket, 19, 1
bucket, 20, 2
bucket, 21, 0
bucket, 22, 1
bucket, 23, 2
bucket, 24, 0
bucket, 25, 1
bucket, 26, 2
nodes, 3
backend, 172.30.0.37:9000
backend, 172.30.0.39:9000
backend, 172.30.0.38:9000
phase-one-start, 13
p0, listen, 0.0.0.0:9000
disk, 0, /mnt/b, 9
p1, disk-start, 14
p0, connect, 172.30.0.37:9000
p0, connect, 172.30.0.39:9000
p0, connect, 172.30.0.38:9000
p1, netout-start, 10015
p0, new-connection, 172.30.0.37:56683
p0, new-connection, 172.30.0.39:41776
p0, new-connection, 172.30.0.38:43224
p1, send-start, 10050
p1, recv-start, 10051
circular-read-start, 3, 1, 133333333300, 10051
circular-read-total, 3, 1, 133333333300, 378995, 843461
p1, disk-done, 873013, 862961
p1, recv-end, 1030434, 1020383
p1, send-end, 1030434, 1020384
p1, netout-done, 1030521, 1020506, 1018256
p1, disk-drained, 1030522, 1030507, 0
p1, disk-write, 1030522, 1030507, 622102
p1, disk-end, 1030522, 1030508
phase-one-end, 1030522, 1030508
phase-two-start, 1030522
sort-disk, 1604140, 0, 38867, 276882, 292450
phase-two-end, 1604140, 573618
finish, 1604140, 1594127
