Thu Sep 24 19:41:35 PDT 2015
start, 0
myid, 1
disks, 1
disk-path, /mnt/b
in-files, 1
mybuckets, 9
local-bucket, 1, 0, 0
local-bucket, 4, 1, 0
local-bucket, 7, 2, 0
local-bucket, 10, 3, 0
local-bucket, 13, 4, 0
local-bucket, 16, 5, 0
local-bucket, 19, 6, 0
local-bucket, 22, 7, 0
local-bucket, 25, 8, 0
buckets, 27
bucket, 0, 0
bucket, 1, 1
bucket, 2, 2
bucket, 3, 0
bucket, 4, 1
bucket, 5, 2
bucket, 6, 0
bucket, 7, 1
bucket, 8, 2
bucket, 9, 0
bucket, 10, 1
bucket, 11, 2
bucket, 12, 0
bucket, 13, 1
bucket, 14, 2
bucket, 15, 0
bucket, 16, 1
bucket, 17, 2
bucket, 18, 0
bucket, 19, 1
bucket, 20, 2
bucket, 21, 0
bucket, 22, 1
bucket, 23, 2
bucket, 24, 0
bucket, 25, 1
bucket, 26, 2
nodes, 3
backend, 172.30.0.37:9000
backend, 172.30.0.39:9000
backend, 172.30.0.38:9000
phase-one-start, 12
p0, listen, 0.0.0.0:9000
disk, 0, /mnt/b, 9
p1, disk-start, 12
p0, connect, 172.30.0.37:9000
p0, connect, 172.30.0.39:9000
p0, connect, 172.30.0.38:9000
p1, netout-start, 10014
p0, new-connection, 172.30.0.37:34107
p0, new-connection, 172.30.0.39:60680
p0, new-connection, 172.30.0.38:43334
p1, send-start, 10016
p1, recv-start, 10016
circular-read-start, 3, 1, 133333333300, 10016
circular-read-total, 3, 1, 133333333300, 370473, 841136
p1, disk-done, 870772, 860755
p1, netout-done, 1027814, 1017799, 1015754
p1, recv-end, 1030393, 1020376
p1, send-end, 1030393, 1020377
p1, disk-drained, 1030420, 1030407, 14
p1, disk-write, 1030420, 1030407, 633901
p1, disk-end, 1030420, 1030407
phase-one-end, 1030420, 1030408
phase-two-start, 1030420
sort-disk, 1579639, 0, 40179, 253532, 291302
phase-two-end, 1579640, 549219
finish, 1579640, 1569627
