# 1, 50, 8, true, read
recv-size, 0, 524288000
size, 0, 0
start-read, 0, 0, 83886080
read, 0, 146047
recv-read, 0, 0, 83886080
network, 0, 100651
start-read, 1, 83886080, 83886080
read, 1, 146442
recv-read, 1, 83886080, 83886080
network, 1, 97380
start-read, 2, 167772160, 83886080
read, 2, 140370
recv-read, 2, 167772160, 83886080
network, 2, 97724
start-read, 3, 251658240, 83886080
read, 3, 127511
recv-read, 3, 251658240, 83886080
network, 3, 97473
start-read, 4, 335544320, 83886080
read, 4, 114877
recv-read, 4, 335544320, 83886080
network, 4, 97476
start-read, 5, 419430400, 83886080
read, 5, 114282
recv-read, 5, 419430400, 83886080
network, 5, 97709
start-read, 6, 503316480, 83886080
read, 6, 113208
recv-read, 6, 503316480, 20971520
network, 6, 21234
cmd-read, 0, 1512731
