# Tue Sep 15 14:48:24 PDT 2015
# 7, 200, 0, read
record-value, 112
chunk-size, 168172393, 431
disks, 1

size, 5, 1, 2097152000, 0
size, 6, 1, 2097152000, 0
size, 7, 1, 2097152000, 0
size, 8, 1, 2097152000, 0
size, 9, 1, 2097152000, 0
size, 10, 1, 2097152000, 0
size, 11, 1, 2097152000, 0


read-start, 5, 1, 0, 168172393, 36
read-start, 6, 1, 0, 168172393, 36
read-start, 7, 1, 0, 168172393, 36
read-start, 8, 1, 0, 168172393, 36
read-start, 9, 1, 0, 168172393, 36
read-start, 10, 1, 0, 168172393, 36
read-start, 11, 1, 0, 168172393, 36
read-wait, 5, 1, 0
read, 5, 1, 0, 168172393, 460963
circular-read-start, 5, 1, 16817239300, 460999
read-wait, 6, 1, 461124
read, 6, 1, 0, 168172393, 466005
circular-read-start, 6, 1, 16817239300, 466041
read-wait, 7, 1, 466163
read, 7, 1, 0, 168172393, 466163
circular-read-start, 7, 1, 16817239300, 466199
read-wait, 8, 1, 466165
read, 8, 1, 0, 168172393, 466165
circular-read-start, 8, 1, 16817239300, 466201
read-wait, 9, 1, 466167
read, 9, 1, 0, 168172393, 466167
circular-read-start, 9, 1, 16817239300, 466204
read-wait, 10, 1, 466170
read, 10, 1, 0, 168172393, 466170
circular-read-start, 10, 1, 16817239300, 466207
read-wait, 11, 1, 466173
read, 11, 1, 0, 168172393, 466173
circular-read-start, 11, 1, 16817239300, 466210
read-start, 10, 2, 168172393, 168172393, 1833877
circular-read-total, 10, 1, 16817239300, 1150317, 1367669
read-start, 5, 2, 168172393, 168172393, 1834006
circular-read-total, 5, 1, 16817239300, 1140583, 1373007
read-start, 9, 2, 168172393, 168172393, 1834421
circular-read-total, 9, 1, 16817239300, 1209709, 1368217
read-start, 7, 2, 168172393, 168172393, 1834926
circular-read-total, 7, 1, 16817239300, 1191530, 1368726
read-start, 8, 2, 168172393, 168172393, 1835080
circular-read-total, 8, 1, 16817239300, 1168556, 1368878
read-start, 6, 2, 168172393, 168172393, 1835270
circular-read-total, 6, 1, 16817239300, 1226086, 1369227
read-start, 11, 2, 168172393, 168172393, 1835286
circular-read-total, 11, 1, 16817239300, 1182302, 1369076
read-wait, 8, 2, 277
read, 8, 2, 168172393, 168172393, 435954
circular-read-start, 8, 2, 16817239300, 2271034
read-wait, 9, 2, 436780
read, 9, 2, 168172393, 168172393, 436780
circular-read-start, 9, 2, 16817239300, 2271201
read-wait, 7, 2, 436277
read, 7, 2, 168172393, 168172393, 436277
circular-read-start, 7, 2, 16817239300, 2271203
read-wait, 6, 2, 435942
read, 6, 2, 168172393, 168172393, 439137
circular-read-start, 6, 2, 16817239300, 2274407
read-wait, 11, 2, 439270
read, 11, 2, 168172393, 168172393, 439270
circular-read-start, 11, 2, 16817239300, 2274557
read-wait, 5, 2, 440554
read, 5, 2, 168172393, 168172393, 440554
circular-read-start, 5, 2, 16817239300, 2274561
read-wait, 10, 2, 440691
read, 10, 2, 168172393, 168172393, 440691
circular-read-start, 10, 2, 16817239300, 2274568
read-start, 8, 3, 336344786, 168172393, 3644302
circular-read-total, 8, 2, 16817239300, 1161430, 1373267
read-start, 7, 3, 336344786, 168172393, 3645238
circular-read-total, 7, 2, 16817239300, 1213714, 1374038
read-start, 5, 3, 336344786, 168172393, 3645507
circular-read-total, 5, 2, 16817239300, 1138181, 1370945
read-start, 9, 3, 336344786, 168172393, 3645879
circular-read-total, 9, 2, 16817239300, 1147399, 1374678
read-start, 11, 3, 336344786, 168172393, 3646714
circular-read-total, 11, 2, 16817239300, 1167540, 1372156
read-start, 10, 3, 336344786, 168172393, 3646730
circular-read-total, 10, 2, 16817239300, 1167439, 1372161
read-wait, 8, 3, 2534
read-start, 6, 3, 336344786, 168172393, 3646886
circular-read-total, 6, 2, 16817239300, 1195123, 1372479
read, 8, 3, 336344786, 168172393, 435343
circular-read-start, 8, 3, 16817239300, 4079645
read-wait, 7, 3, 434572
read, 7, 3, 336344786, 168172393, 434572
circular-read-start, 7, 3, 16817239300, 4079810
read-wait, 9, 3, 433932
read, 9, 3, 336344786, 168172393, 434284
circular-read-start, 9, 3, 16817239300, 4080164
read-wait, 11, 3, 433610
read, 11, 3, 336344786, 168172393, 434717
circular-read-start, 11, 3, 16817239300, 4081431
read-wait, 10, 3, 434859
read, 10, 3, 336344786, 168172393, 434859
circular-read-start, 10, 3, 16817239300, 4081590
read-wait, 6, 3, 434704
read, 6, 3, 336344786, 168172393, 439089
circular-read-start, 6, 3, 16817239300, 4085976
read-wait, 5, 3, 440624
read, 5, 3, 336344786, 168172393, 440624
circular-read-start, 5, 3, 16817239300, 4086132
read-start, 7, 4, 504517179, 168172393, 5455736
circular-read-total, 7, 3, 16817239300, 1167270, 1375925
read-start, 9, 4, 504517179, 168172393, 5456104
circular-read-total, 9, 3, 16817239300, 1133994, 1375939
read-start, 5, 4, 504517179, 168172393, 5456132
circular-read-total, 5, 3, 16817239300, 1166882, 1369999
read-start, 11, 4, 504517179, 168172393, 5456258
circular-read-total, 11, 3, 16817239300, 1211514, 1374826
read-start, 10, 4, 504517179, 168172393, 5456441
circular-read-total, 10, 3, 16817239300, 1172590, 1374851
read-start, 6, 4, 504517179, 168172393, 5456749
circular-read-total, 6, 3, 16817239300, 1212594, 1370773
read-start, 8, 4, 504517179, 168172393, 5457018
circular-read-total, 8, 3, 16817239300, 1156150, 1377373
read-wait, 8, 4, 32
read, 8, 4, 504517179, 168172393, 435558
circular-read-start, 8, 4, 16817239300, 5892576
read-wait, 9, 4, 436636
read, 9, 4, 504517179, 168172393, 436636
circular-read-start, 9, 4, 16817239300, 5892741
read-wait, 7, 4, 437007
read, 7, 4, 504517179, 168172393, 437007
circular-read-start, 7, 4, 16817239300, 5892743
read-wait, 10, 4, 436308
read, 10, 4, 504517179, 168172393, 436308
circular-read-start, 10, 4, 16817239300, 5892750
read-wait, 11, 4, 436494
read, 11, 4, 504517179, 168172393, 436494
circular-read-start, 11, 4, 16817239300, 5892753
read-wait, 6, 4, 436007
read, 6, 4, 504517179, 168172393, 439679
circular-read-start, 6, 4, 16817239300, 5896429
read-wait, 5, 4, 440470
read, 5, 4, 504517179, 168172393, 440470
circular-read-start, 5, 4, 16817239300, 5896602
read-start, 11, 5, 672689572, 168172393, 7266372
circular-read-total, 11, 4, 16817239300, 1175466, 1373618
read-start, 9, 5, 672689572, 168172393, 7266469
circular-read-total, 9, 4, 16817239300, 1145657, 1373728
read-start, 5, 5, 672689572, 168172393, 7267598
circular-read-total, 5, 4, 16817239300, 1159895, 1370996
read-start, 10, 5, 672689572, 168172393, 7267697
circular-read-total, 10, 4, 16817239300, 1156076, 1374947
read-start, 7, 5, 672689572, 168172393, 7267721
circular-read-total, 7, 4, 16817239300, 1149293, 1374977
read-start, 6, 5, 672689572, 168172393, 7267863
circular-read-total, 6, 4, 16817239300, 1238038, 1371434
read-start, 8, 5, 672689572, 168172393, 7268120
circular-read-total, 8, 4, 16817239300, 1175950, 1375543
read-wait, 8, 5, 4
read, 8, 5, 672689572, 168172393, 435461
circular-read-start, 8, 5, 16817239300, 7703582
read-wait, 7, 5, 436027
read, 7, 5, 672689572, 168172393, 436027
circular-read-start, 7, 5, 16817239300, 7703748
read-wait, 9, 5, 437285
read, 9, 5, 672689572, 168172393, 437285
circular-read-start, 9, 5, 16817239300, 7703755
read-wait, 10, 5, 436063
read, 10, 5, 672689572, 168172393, 437514
circular-read-start, 10, 5, 16817239300, 7705211
read-wait, 11, 5, 438991
read, 11, 5, 672689572, 168172393, 438991
circular-read-start, 11, 5, 16817239300, 7705363
read-wait, 6, 5, 437505
read, 6, 5, 672689572, 168172393, 440263
circular-read-start, 6, 5, 16817239300, 7708127
read-wait, 5, 5, 440694
read, 5, 5, 672689572, 168172393, 440695
circular-read-start, 5, 5, 16817239300, 7708293
read-start, 10, 6, 840861965, 168172393, 9077116
circular-read-total, 10, 5, 16817239300, 1151509, 1371904
read-start, 5, 6, 840861965, 168172393, 9077932
circular-read-total, 5, 5, 16817239300, 1156269, 1369638
read-start, 9, 6, 840861965, 168172393, 9078557
circular-read-total, 9, 5, 16817239300, 1151669, 1374802
read-start, 8, 6, 840861965, 168172393, 9078724
circular-read-total, 8, 5, 16817239300, 1172462, 1375141
read-start, 7, 6, 840861965, 168172393, 9078927
circular-read-total, 7, 5, 16817239300, 1187903, 1375179
read-start, 11, 6, 840861965, 168172393, 9079352
circular-read-total, 11, 5, 16817239300, 1185533, 1373988
read-wait, 8, 6, 711
read-start, 6, 6, 840861965, 168172393, 9079630
circular-read-total, 6, 5, 16817239300, 1211696, 1371503
read, 8, 6, 840861965, 168172393, 434681
circular-read-start, 8, 6, 16817239300, 9513405
read-wait, 7, 6, 434648
read, 7, 6, 840861965, 168172393, 434648
circular-read-start, 7, 6, 16817239300, 9513575
read-wait, 9, 6, 435024
read, 9, 6, 840861965, 168172393, 435024
circular-read-start, 9, 6, 16817239300, 9513582
read-wait, 10, 6, 436476
read, 10, 6, 840861965, 168172393, 436476
circular-read-start, 10, 6, 16817239300, 9513592
read-wait, 11, 6, 434312
read, 11, 6, 840861965, 168172393, 434312
circular-read-start, 11, 6, 16817239300, 9513664
read-wait, 6, 6, 434045
read, 6, 6, 840861965, 168172393, 446950
circular-read-start, 6, 6, 16817239300, 9526581
read-wait, 5, 6, 448811
read, 5, 6, 840861965, 168172393, 448811
circular-read-start, 5, 6, 16817239300, 9526743
read-start, 9, 7, 1009034358, 168172393, 10896405
circular-read-total, 9, 6, 16817239300, 1092859, 1382822
read-start, 11, 7, 1009034358, 168172393, 10896542
circular-read-total, 11, 6, 16817239300, 1162906, 1382878
read-start, 5, 7, 1009034358, 168172393, 10896581
circular-read-total, 5, 6, 16817239300, 1146613, 1369838
read-start, 8, 7, 1009034358, 168172393, 10896910
circular-read-total, 8, 6, 16817239300, 1130154, 1383504
read-start, 7, 7, 1009034358, 168172393, 10896930
circular-read-total, 7, 6, 16817239300, 1138612, 1383354
read-start, 10, 7, 1009034358, 168172393, 10897531
circular-read-total, 10, 6, 16817239300, 1170008, 1383939
read-wait, 8, 7, 656
read-start, 6, 7, 1009034358, 168172393, 10897674
circular-read-total, 6, 6, 16817239300, 1239564, 1371093
read, 8, 7, 1009034358, 168172393, 434875
circular-read-start, 8, 7, 16817239300, 11331786
read-wait, 7, 7, 435024
read, 7, 7, 1009034358, 168172393, 435024
circular-read-start, 7, 7, 16817239300, 11331954
read-wait, 9, 7, 435553
read, 9, 7, 1009034358, 168172393, 435553
circular-read-start, 9, 7, 16817239300, 11331958
read-wait, 11, 7, 435430
read, 11, 7, 1009034358, 168172393, 435430
circular-read-start, 11, 7, 16817239300, 11331973
read-wait, 10, 7, 434449
read, 10, 7, 1009034358, 168172393, 441622
circular-read-start, 10, 7, 16817239300, 11339154
read-wait, 6, 7, 441660
read, 6, 7, 1009034358, 168172393, 441660
circular-read-start, 6, 7, 16817239300, 11339335
read-wait, 5, 7, 442757
read, 5, 7, 1009034358, 168172393, 442757
circular-read-start, 5, 7, 16817239300, 11339339
read-start, 7, 8, 1177206751, 168172393, 12708427
circular-read-total, 7, 7, 16817239300, 1115188, 1376473
read-start, 8, 8, 1177206751, 168172393, 12709363
circular-read-total, 8, 7, 16817239300, 1153465, 1377577
read-start, 6, 8, 1177206751, 168172393, 12709379
circular-read-total, 6, 7, 16817239300, 1240666, 1370044
read-start, 10, 8, 1177206751, 168172393, 12710654
circular-read-total, 10, 7, 16817239300, 1175204, 1371500
read-start, 5, 8, 1177206751, 168172393, 12711098
circular-read-total, 5, 7, 16817239300, 1172654, 1371759
read-start, 9, 8, 1177206751, 168172393, 12711103
circular-read-total, 9, 7, 16817239300, 1137438, 1379144
read-start, 11, 8, 1177206751, 168172393, 12711211
circular-read-total, 11, 7, 16817239300, 1178702, 1379238
read-wait, 8, 8, 1856
read, 8, 8, 1177206751, 168172393, 435172
circular-read-start, 8, 8, 16817239300, 13144535
read-wait, 9, 8, 433604
read, 9, 8, 1177206751, 168172393, 433981
circular-read-start, 9, 8, 16817239300, 13145084
read-wait, 7, 8, 436809
read, 7, 8, 1177206751, 168172393, 436809
circular-read-start, 7, 8, 16817239300, 13145237
read-wait, 11, 8, 434033
read, 11, 8, 1177206751, 168172393, 434743
circular-read-start, 11, 8, 16817239300, 13145954
read-wait, 10, 8, 435467
read, 10, 8, 1177206751, 168172393, 436547
circular-read-start, 10, 8, 16817239300, 13147202
read-wait, 6, 8, 437979
read, 6, 8, 1177206751, 168172393, 439519
circular-read-start, 6, 8, 16817239300, 13148898
read-wait, 5, 8, 438065
read, 5, 8, 1177206751, 168172393, 438065
circular-read-start, 5, 8, 16817239300, 13149164
read-start, 9, 9, 1345379144, 168172393, 14516765
circular-read-total, 9, 8, 16817239300, 1136904, 1371680
read-start, 10, 9, 1345379144, 168172393, 14517145
circular-read-total, 10, 8, 16817239300, 1159499, 1369943
read-start, 8, 9, 1345379144, 168172393, 14518244
circular-read-total, 8, 8, 16817239300, 1126600, 1373709
read-start, 11, 9, 1345379144, 168172393, 14518291
circular-read-total, 11, 8, 16817239300, 1209947, 1372336
read-start, 5, 9, 1345379144, 168172393, 14518493
circular-read-total, 5, 8, 16817239300, 1161563, 1369329
read-wait, 8, 9, 864
read-start, 7, 9, 1345379144, 168172393, 14519185
circular-read-total, 7, 8, 16817239300, 1132921, 1373948
read-start, 6, 9, 1345379144, 168172393, 14519198
circular-read-total, 6, 8, 16817239300, 1210387, 1370299
read, 8, 9, 1345379144, 168172393, 435212
circular-read-start, 8, 9, 16817239300, 14953457
read-wait, 9, 9, 436866
read, 9, 9, 1345379144, 168172393, 436866
circular-read-start, 9, 9, 16817239300, 14953631
read-wait, 7, 9, 434455
read, 7, 9, 1345379144, 168172393, 434455
circular-read-start, 7, 9, 16817239300, 14953641
read-wait, 11, 9, 435353
read, 11, 9, 1345379144, 168172393, 435353
circular-read-start, 11, 9, 16817239300, 14953645
read-wait, 10, 9, 436523
read, 10, 9, 1345379144, 168172393, 436531
circular-read-start, 10, 9, 16817239300, 14953677
read-wait, 6, 9, 434655
read, 6, 9, 1345379144, 168172393, 439798
circular-read-start, 6, 9, 16817239300, 14958996
read-wait, 5, 9, 440685
read, 5, 9, 1345379144, 168172393, 440686
circular-read-start, 5, 9, 16817239300, 14959179
read-start, 9, 10, 1513551537, 168172393, 16327988
circular-read-total, 9, 9, 16817239300, 1144050, 1374358
read-start, 7, 10, 1513551537, 168172393, 16328264
circular-read-total, 7, 9, 16817239300, 1164639, 1374623
read-start, 8, 10, 1513551537, 168172393, 16329090
circular-read-total, 8, 9, 16817239300, 1161580, 1375633
read-start, 5, 10, 1513551537, 168172393, 16329098
circular-read-total, 5, 9, 16817239300, 1177865, 1369919
read-start, 10, 10, 1513551537, 168172393, 16329099
circular-read-total, 10, 9, 16817239300, 1199467, 1375422
read-start, 6, 10, 1513551537, 168172393, 16329505
circular-read-total, 6, 9, 16817239300, 1242199, 1370508
read-wait, 8, 10, 526
read-start, 11, 10, 1513551537, 168172393, 16329667
circular-read-total, 11, 9, 16817239300, 1201908, 1376022
read, 8, 10, 1513551537, 168172393, 434972
circular-read-start, 8, 10, 16817239300, 16764063
read-wait, 11, 10, 434595
read, 11, 10, 1513551537, 168172393, 434659
circular-read-start, 11, 10, 16817239300, 16764327
read-wait, 9, 10, 436490
read, 9, 10, 1513551537, 168172393, 436490
circular-read-start, 9, 10, 16817239300, 16764479
read-wait, 7, 10, 436216
read, 7, 10, 1513551537, 168172393, 436216
circular-read-start, 7, 10, 16817239300, 16764481
read-wait, 10, 10, 435387
read, 10, 10, 1513551537, 168172393, 436646
circular-read-start, 10, 10, 16817239300, 16765746
read-wait, 6, 10, 436404
read, 6, 10, 1513551537, 168172393, 438436
circular-read-start, 6, 10, 16817239300, 16767942
read-wait, 5, 10, 439046
read, 5, 10, 1513551537, 168172393, 439046
circular-read-start, 5, 10, 16817239300, 16768145
read-start, 5, 11, 1681723930, 168172393, 18137991
circular-read-total, 5, 10, 16817239300, 1157298, 1369845
read-start, 6, 11, 1681723930, 168172393, 18138018
circular-read-total, 6, 10, 16817239300, 1223176, 1370076
read-start, 8, 11, 1681723930, 168172393, 18138186
circular-read-total, 8, 10, 16817239300, 1169171, 1374122
read-start, 10, 11, 1681723930, 168172393, 18138740
circular-read-total, 10, 10, 16817239300, 1153489, 1372994
read-start, 7, 11, 1681723930, 168172393, 18138834
circular-read-total, 7, 10, 16817239300, 1119189, 1374353
read-start, 11, 11, 1681723930, 168172393, 18138857
circular-read-total, 11, 10, 16817239300, 1144581, 1374530
read-wait, 8, 11, 1065
read-start, 9, 11, 1681723930, 168172393, 18139270
circular-read-total, 9, 10, 16817239300, 1093692, 1374790
read, 8, 11, 1681723930, 168172393, 434575
circular-read-start, 8, 11, 16817239300, 18572761
read-wait, 9, 11, 433661
read, 9, 11, 1681723930, 168172393, 433661
circular-read-start, 9, 11, 16817239300, 18572931
read-wait, 10, 11, 434335
read, 10, 11, 1681723930, 168172393, 436193
circular-read-start, 10, 11, 16817239300, 18574934
read-wait, 7, 11, 436254
read, 7, 11, 1681723930, 168172393, 436254
circular-read-start, 7, 11, 16817239300, 18575089
read-wait, 11, 11, 436235
read, 11, 11, 1681723930, 168172393, 436235
circular-read-start, 11, 11, 16817239300, 18575093
read-wait, 6, 11, 437084
read, 6, 11, 1681723930, 168172393, 452124
circular-read-start, 6, 11, 16817239300, 18590143
read-wait, 5, 11, 452367
read, 5, 11, 1681723930, 168172393, 452367
circular-read-start, 5, 11, 16817239300, 18590359
read-start, 9, 12, 1849896323, 168172393, 19957904
circular-read-total, 9, 11, 16817239300, 1152291, 1384973
read-start, 8, 12, 1849896323, 168172393, 19959122
circular-read-total, 8, 11, 16817239300, 1145227, 1386360
read-start, 6, 12, 1849896323, 168172393, 19959283
circular-read-total, 6, 11, 16817239300, 1226950, 1369141
read-start, 10, 12, 1849896323, 168172393, 19959824
circular-read-total, 10, 11, 16817239300, 1145120, 1384890
read-start, 11, 12, 1849896323, 168172393, 19959904
circular-read-total, 11, 11, 16817239300, 1194482, 1384810
read-start, 7, 12, 1849896323, 168172393, 19960233
circular-read-total, 7, 11, 16817239300, 1165612, 1385143
read-start, 5, 12, 1849896323, 168172393, 19960517
circular-read-total, 5, 11, 16817239300, 1161925, 1370158
read-wait, 8, 12, 1418
read, 8, 12, 1849896323, 168172393, 435175
circular-read-start, 8, 12, 16817239300, 20394297
read-wait, 9, 12, 436562
read, 9, 12, 1849896323, 168172393, 436562
circular-read-start, 9, 12, 16817239300, 20394467
read-wait, 11, 12, 434564
read, 11, 12, 1849896323, 168172393, 434564
circular-read-start, 11, 12, 16817239300, 20394469
read-wait, 7, 12, 434352
read, 7, 12, 1849896323, 168172393, 434352
circular-read-start, 7, 12, 16817239300, 20394585
read-wait, 10, 12, 434768
read, 10, 12, 1849896323, 168172393, 439356
circular-read-start, 10, 12, 16817239300, 20399181
read-wait, 6, 12, 440062
read, 6, 12, 1849896323, 168172393, 440062
circular-read-start, 6, 12, 16817239300, 20399346
read-wait, 5, 12, 438834
read, 5, 12, 1849896323, 168172393, 438834
circular-read-start, 5, 12, 16817239300, 20399352
read-start, 9, 13, 2018068716, 79083284, 21769596
circular-read-total, 9, 12, 16817239300, 1142462, 1375128
read-start, 7, 13, 2018068716, 79083284, 21769711
circular-read-total, 7, 12, 16817239300, 1133435, 1375126
read-start, 8, 13, 2018068716, 79083284, 21769790
circular-read-total, 8, 12, 16817239300, 1181373, 1375493
read-start, 5, 13, 2018068716, 79083284, 21769913
circular-read-total, 5, 12, 16817239300, 1177146, 1370561
read-start, 6, 13, 2018068716, 79083284, 21769940
circular-read-total, 6, 12, 16817239300, 1196587, 1370593
read-start, 11, 13, 2018068716, 79083284, 21770204
circular-read-total, 11, 12, 16817239300, 1169377, 1375734
read-wait, 9, 13, 828
read-start, 10, 13, 2018068716, 79083284, 21770436
circular-read-total, 10, 12, 16817239300, 1198596, 1371255
read, 9, 13, 2018068716, 79083284, 433252
circular-read-start, 9, 13, 7908328400, 22202848
read-wait, 7, 13, 433288
read, 7, 13, 2018068716, 79083284, 433288
circular-read-start, 7, 13, 7908328400, 22203000
read-wait, 11, 13, 432798
read, 11, 13, 2018068716, 79083284, 434395
circular-read-start, 11, 13, 7908328400, 22204599
read-wait, 8, 13, 434959
read, 8, 13, 2018068716, 79083284, 434959
circular-read-start, 8, 13, 7908328400, 22204750
read-wait, 10, 13, 434317
read, 10, 13, 2018068716, 79083284, 435865
circular-read-start, 10, 13, 7908328400, 22206301
read-wait, 5, 13, 436543
read, 5, 13, 2018068716, 79083284, 436543
circular-read-start, 5, 13, 7908328400, 22206456
read-wait, 6, 13, 436525
read, 6, 13, 2018068716, 79083284, 438852
circular-read-start, 6, 13, 7908328400, 22208793
circular-read-total, 8, 13, 7908328400, 534833, 643175
circular-read-total, 7, 13, 7908328400, 533287, 644991
circular-read-total, 9, 13, 7908328400, 520781, 645609
circular-read-total, 6, 13, 7908328400, 578178, 640240
circular-read-total, 5, 13, 7908328400, 555017, 643107
circular-read-total, 11, 13, 7908328400, 555195, 645116
circular-read-total, 10, 13, 7908328400, 561660, 643498

cmd-read, 22849799
