# Fri Oct 23 09:43:07 PDT 2015
# 6, 1400, 0, read
max-chunk, 3, 1, 137773447, 0
chunk-size, 137773447, 3484
disks, 1

size, 3, 2, 2333333333, 0
size, 4, 1, 2333333333, 0
size, 5, 1, 2333333333, 0
size, 6, 1, 2333333333, 0
size, 7, 1, 2333333333, 0
size, 8, 1, 2333333333, 0


read-start, 3, 1, 0, 137773447, 95
read-start, 4, 1, 0, 137773447, 95
read-start, 5, 1, 0, 137773447, 95
read-start, 6, 1, 0, 137773447, 95
read-start, 7, 1, 0, 137773447, 95
read-start, 8, 1, 0, 137773447, 95
read-wait, 3, 1, 0
read, 3, 1, 0, 137773447, 331903
circular-read-start, 3, 1, 13777344700, 331998
read-wait, 4, 1, 332093
read, 4, 1, 0, 137773447, 332093
circular-read-start, 4, 1, 13777344700, 332188
read-wait, 5, 1, 332096
read, 5, 1, 0, 137773447, 335966
circular-read-start, 5, 1, 13777344700, 336061
read-wait, 6, 1, 336101
read, 6, 1, 0, 137773447, 336101
circular-read-start, 6, 1, 13777344700, 336197
read-wait, 7, 1, 336104
read, 7, 1, 0, 137773447, 336752
circular-read-start, 7, 1, 13777344700, 336848
read-wait, 8, 1, 336883
read, 8, 1, 0, 137773447, 336883
circular-read-start, 8, 1, 13777344700, 336979
read-start, 3, 2, 137773447, 137773447, 369404
circular-read-total, 3, 1, 13777344700, 7596, 37411
read-start, 4, 2, 137773447, 137773447, 390523
circular-read-total, 4, 1, 13777344700, 10499, 58334
read-start, 8, 2, 137773447, 137773447, 392669
circular-read-total, 8, 1, 13777344700, 11398, 55690
read-start, 7, 2, 137773447, 137773447, 393627
circular-read-total, 7, 1, 13777344700, 15551, 56779
read-start, 5, 2, 137773447, 137773447, 393732
circular-read-total, 5, 1, 13777344700, 13783, 57670
read-start, 6, 2, 137773447, 137773447, 393936
circular-read-total, 6, 1, 13777344700, 13020, 57739
read-wait, 5, 2, 1685
read, 5, 2, 137773447, 137773447, 342116
circular-read-start, 5, 2, 13777344700, 735849
read-wait, 6, 2, 342092
read, 6, 2, 137773447, 137773447, 342092
circular-read-start, 6, 2, 13777344700, 736029
read-wait, 8, 2, 343363
read, 8, 2, 137773447, 137773447, 343363
circular-read-start, 8, 2, 13777344700, 736033
read-wait, 7, 2, 342408
read, 7, 2, 137773447, 137773447, 343242
circular-read-start, 7, 2, 13777344700, 736869
read-wait, 4, 2, 346510
read, 4, 2, 137773447, 137773447, 346510
circular-read-start, 4, 2, 13777344700, 737033
read-wait, 3, 2, 367631
read, 3, 2, 137773447, 137773447, 367632
circular-read-start, 3, 2, 13777344700, 737036
read-start, 3, 3, 275546894, 137773447, 774069
circular-read-total, 3, 2, 13777344700, 988, 37041
read-start, 8, 3, 275546894, 137773447, 795329
circular-read-total, 8, 2, 13777344700, 9203, 59296
read-start, 4, 3, 275546894, 137773447, 795501
circular-read-total, 4, 2, 13777344700, 16966, 58468
read-start, 6, 3, 275546894, 137773447, 796018
circular-read-total, 6, 2, 13777344700, 8595, 59989
read-start, 7, 3, 275546894, 137773447, 796354
circular-read-total, 7, 2, 13777344700, 11197, 59485
read-start, 5, 3, 275546894, 137773447, 796694
circular-read-total, 5, 2, 13777344700, 12926, 60845
read-wait, 5, 3, 1133
read, 5, 3, 275546894, 137773447, 344487
circular-read-start, 5, 3, 13777344700, 1141182
read-wait, 4, 3, 345855
read, 4, 3, 275546894, 137773447, 345855
circular-read-start, 4, 3, 13777344700, 1141357
read-wait, 6, 3, 345341
read, 6, 3, 275546894, 137773447, 345341
circular-read-start, 6, 3, 13777344700, 1141359
read-wait, 7, 3, 345012
read, 7, 3, 275546894, 137773447, 349720
circular-read-start, 7, 3, 13777344700, 1146074
read-wait, 8, 3, 350927
read, 8, 3, 275546894, 137773447, 350927
circular-read-start, 8, 3, 13777344700, 1146256
read-wait, 3, 3, 372191
read, 3, 3, 275546894, 137773447, 372191
circular-read-start, 3, 3, 13777344700, 1146261
read-start, 3, 4, 413320341, 137773447, 1180763
circular-read-total, 3, 3, 13777344700, 457, 34510
read-start, 4, 4, 413320341, 137773447, 1203003
circular-read-total, 4, 3, 13777344700, 16477, 61647
read-start, 7, 4, 413320341, 137773447, 1204587
circular-read-total, 7, 3, 13777344700, 11613, 58512
read-start, 6, 4, 413320341, 137773447, 1204658
circular-read-total, 6, 3, 13777344700, 10239, 63298
read-start, 8, 4, 413320341, 137773447, 1204660
circular-read-total, 8, 3, 13777344700, 10734, 58403
read-start, 5, 4, 413320341, 137773447, 1205940
circular-read-total, 5, 3, 13777344700, 12984, 64758
read-wait, 5, 4, 1947
read, 5, 4, 413320341, 137773447, 359215
circular-read-start, 5, 4, 13777344700, 1565155
read-wait, 6, 4, 360670
read, 6, 4, 413320341, 137773447, 360670
circular-read-start, 6, 4, 13777344700, 1565329
read-wait, 4, 4, 362332
read, 4, 4, 413320341, 137773447, 362332
circular-read-start, 4, 4, 13777344700, 1565336
read-wait, 7, 4, 360752
read, 7, 4, 413320341, 137773447, 360752
circular-read-start, 7, 4, 13777344700, 1565340
read-wait, 3, 4, 384586
read, 3, 4, 413320341, 137773447, 384586
circular-read-start, 3, 4, 13777344700, 1565350
read-wait, 8, 4, 360695
read, 8, 4, 413320341, 137773447, 360695
circular-read-start, 8, 4, 13777344700, 1565356
read-start, 3, 5, 551093788, 137773447, 1605344
circular-read-total, 3, 4, 13777344700, 1502, 39996
read-start, 6, 5, 551093788, 137773447, 1624599
circular-read-total, 6, 4, 13777344700, 8523, 59272
read-start, 7, 5, 551093788, 137773447, 1625131
circular-read-total, 7, 4, 13777344700, 10267, 59792
read-start, 8, 5, 551093788, 137773447, 1625250
circular-read-total, 8, 4, 13777344700, 7210, 59895
read-start, 5, 5, 551093788, 137773447, 1625621
circular-read-total, 5, 4, 13777344700, 11739, 60465
read-start, 4, 5, 551093788, 137773447, 1625831
circular-read-total, 4, 4, 13777344700, 16985, 60495
read-wait, 7, 5, 1856
read, 7, 5, 551093788, 137773447, 356184
circular-read-start, 7, 5, 13777344700, 1981316
read-wait, 6, 5, 356944
read, 6, 5, 551093788, 137773447, 356944
circular-read-start, 6, 5, 13777344700, 1981544
read-wait, 5, 5, 355928
read, 5, 5, 551093788, 137773447, 355928
circular-read-start, 5, 5, 13777344700, 1981550
read-wait, 4, 5, 355721
read, 4, 5, 551093788, 137773447, 355721
circular-read-start, 4, 5, 13777344700, 1981553
read-wait, 8, 5, 356314
read, 8, 5, 551093788, 137773447, 356862
circular-read-start, 8, 5, 13777344700, 1982113
read-wait, 3, 5, 377095
read, 3, 5, 551093788, 137773447, 377095
circular-read-start, 3, 5, 13777344700, 1982439
read-start, 3, 6, 688867235, 137773447, 2025957
circular-read-total, 3, 5, 13777344700, 430, 43518
read-start, 4, 6, 688867235, 137773447, 2038744
circular-read-total, 4, 5, 13777344700, 14847, 57191
read-start, 6, 6, 688867235, 137773447, 2041511
circular-read-total, 6, 5, 13777344700, 8515, 59967
read-start, 8, 6, 688867235, 137773447, 2041718
circular-read-total, 8, 5, 13777344700, 9194, 59604
read-start, 7, 6, 688867235, 137773447, 2041805
circular-read-total, 7, 5, 13777344700, 10330, 60489
read-start, 5, 6, 688867235, 137773447, 2041998
circular-read-total, 5, 5, 13777344700, 11598, 60448
read-wait, 5, 6, 643
read, 5, 6, 688867235, 137773447, 347150
circular-read-start, 5, 6, 13777344700, 2389149
read-wait, 7, 6, 347527
read, 7, 6, 688867235, 137773447, 347527
circular-read-start, 7, 6, 13777344700, 2389333
read-wait, 4, 6, 350597
read, 4, 6, 688867235, 137773447, 350597
circular-read-start, 4, 6, 13777344700, 2389342
read-wait, 6, 6, 347835
read, 6, 6, 688867235, 137773447, 359366
circular-read-start, 6, 6, 13777344700, 2400878
read-wait, 8, 6, 359351
read, 8, 6, 688867235, 137773447, 359351
circular-read-start, 8, 6, 13777344700, 2401069
read-wait, 3, 6, 375118
read, 3, 6, 688867235, 137773447, 375119
circular-read-start, 3, 6, 13777344700, 2401076
read-start, 3, 7, 826640682, 137773447, 2440279
circular-read-total, 3, 6, 13777344700, 758, 39210
read-start, 4, 7, 826640682, 137773447, 2457613
circular-read-total, 4, 6, 13777344700, 8996, 68271
read-start, 7, 7, 826640682, 137773447, 2458882
circular-read-total, 7, 6, 13777344700, 9194, 69550
read-start, 5, 7, 826640682, 137773447, 2459345
circular-read-total, 5, 6, 13777344700, 9848, 70196
read-start, 8, 7, 826640682, 137773447, 2459461
circular-read-total, 8, 6, 13777344700, 11151, 58392
read-start, 6, 7, 826640682, 137773447, 2460558
circular-read-total, 6, 6, 13777344700, 11478, 59680
read-wait, 5, 7, 3001
read, 5, 7, 826640682, 137773447, 344863
circular-read-start, 5, 7, 13777344700, 2804209
read-wait, 7, 7, 345501
read, 7, 7, 826640682, 137773447, 345501
circular-read-start, 7, 7, 13777344700, 2804384
read-wait, 6, 7, 343835
read, 6, 7, 826640682, 137773447, 348020
circular-read-start, 6, 7, 13777344700, 2808579
read-wait, 4, 7, 351125
read, 4, 7, 826640682, 137773447, 351125
circular-read-start, 4, 7, 13777344700, 2808739
read-wait, 3, 7, 368470
read, 3, 7, 826640682, 137773447, 368470
circular-read-start, 3, 7, 13777344700, 2808750
read-wait, 8, 7, 349290
read, 8, 7, 826640682, 137773447, 349290
circular-read-start, 8, 7, 13777344700, 2808752
read-start, 3, 8, 964414129, 137773447, 2846983
circular-read-total, 3, 7, 13777344700, 747, 38244
read-start, 8, 8, 964414129, 137773447, 2867918
circular-read-total, 8, 7, 13777344700, 8877, 59166
read-start, 6, 8, 964414129, 137773447, 2868560
circular-read-total, 6, 7, 13777344700, 8763, 59981
read-start, 5, 8, 964414129, 137773447, 2868671
circular-read-total, 5, 7, 13777344700, 9944, 64461
read-start, 7, 8, 964414129, 137773447, 2868701
circular-read-total, 7, 7, 13777344700, 10133, 64317
read-start, 4, 8, 964414129, 137773447, 2869235
circular-read-total, 4, 7, 13777344700, 16949, 60495
read-wait, 5, 8, 1325
read, 5, 8, 964414129, 137773447, 343721
circular-read-start, 5, 8, 13777344700, 3212392
read-wait, 7, 8, 343895
read, 7, 8, 964414129, 137773447, 343895
circular-read-start, 7, 8, 13777344700, 3212597
read-wait, 6, 8, 344043
read, 6, 8, 964414129, 137773447, 344043
circular-read-start, 6, 8, 13777344700, 3212604
read-wait, 4, 8, 343372
read, 4, 8, 964414129, 137773447, 343372
circular-read-start, 4, 8, 13777344700, 3212607
read-wait, 3, 8, 365634
read, 3, 8, 964414129, 137773447, 365634
circular-read-start, 3, 8, 13777344700, 3212617
read-wait, 8, 8, 344702
read, 8, 8, 964414129, 137773447, 344702
circular-read-start, 8, 8, 13777344700, 3212621
read-start, 3, 9, 1102187576, 137773447, 3250949
circular-read-total, 3, 8, 13777344700, 249, 38332
read-start, 7, 9, 1102187576, 137773447, 3271171
circular-read-total, 7, 8, 13777344700, 8898, 58574
read-start, 5, 9, 1102187576, 137773447, 3271827
circular-read-total, 5, 8, 13777344700, 11300, 59435
read-start, 8, 9, 1102187576, 137773447, 3272565
circular-read-total, 8, 8, 13777344700, 9336, 59944
read-start, 4, 9, 1102187576, 137773447, 3272648
circular-read-total, 4, 8, 13777344700, 19062, 60041
read-start, 6, 9, 1102187576, 137773447, 3272666
circular-read-total, 6, 8, 13777344700, 9220, 60061
read-wait, 5, 9, 1666
read, 5, 9, 1102187576, 137773447, 335903
circular-read-start, 5, 9, 13777344700, 3607731
read-wait, 6, 9, 335273
read, 6, 9, 1102187576, 137773447, 338984
circular-read-start, 6, 9, 13777344700, 3611650
read-wait, 7, 9, 340645
read, 7, 9, 1102187576, 137773447, 342179
circular-read-start, 7, 9, 13777344700, 3613351
read-wait, 8, 9, 341062
read, 8, 9, 1102187576, 137773447, 341062
circular-read-start, 8, 9, 13777344700, 3613627
read-wait, 4, 9, 340983
read, 4, 9, 1102187576, 137773447, 340983
circular-read-start, 4, 9, 13777344700, 3613632
read-wait, 3, 9, 362690
read, 3, 9, 1102187576, 137773447, 362690
circular-read-start, 3, 9, 13777344700, 3613640
read-start, 3, 10, 1239961023, 137773447, 3647712
circular-read-total, 3, 9, 13777344700, 359, 34080
read-start, 5, 10, 1239961023, 137773447, 3671221
circular-read-total, 5, 9, 13777344700, 10794, 63492
read-start, 6, 10, 1239961023, 137773447, 3671275
circular-read-total, 6, 9, 13777344700, 8988, 59625
read-start, 8, 10, 1239961023, 137773447, 3672028
circular-read-total, 8, 9, 13777344700, 9763, 58400
read-start, 7, 10, 1239961023, 137773447, 3672753
circular-read-total, 7, 9, 13777344700, 8290, 59400
read-start, 4, 10, 1239961023, 137773447, 3672914
circular-read-total, 4, 9, 13777344700, 18334, 59281
read-wait, 5, 10, 2809
read, 5, 10, 1239961023, 137773447, 341466
circular-read-start, 5, 10, 13777344700, 4012688
read-wait, 6, 10, 341637
read, 6, 10, 1239961023, 137773447, 341637
circular-read-start, 6, 10, 13777344700, 4012913
read-wait, 7, 10, 340167
read, 7, 10, 1239961023, 137773447, 341166
circular-read-start, 7, 10, 13777344700, 4013920
read-wait, 8, 10, 342134
read, 8, 10, 1239961023, 137773447, 342134
circular-read-start, 8, 10, 13777344700, 4014162
read-wait, 4, 10, 341251
read, 4, 10, 1239961023, 137773447, 341251
circular-read-start, 4, 10, 13777344700, 4014165
read-wait, 3, 10, 366464
read, 3, 10, 1239961023, 137773447, 366464
circular-read-start, 3, 10, 13777344700, 4014177
read-start, 3, 11, 1377734470, 137773447, 4055740
circular-read-total, 3, 10, 13777344700, 549, 41563
read-start, 7, 11, 1377734470, 137773447, 4071092
circular-read-total, 7, 10, 13777344700, 9866, 57172
read-start, 6, 11, 1377734470, 137773447, 4073059
circular-read-total, 6, 10, 13777344700, 10050, 60147
read-start, 5, 11, 1377734470, 137773447, 4073337
circular-read-total, 5, 10, 13777344700, 12854, 60648
read-start, 4, 11, 1377734470, 137773447, 4073671
circular-read-total, 4, 10, 13777344700, 16878, 59506
read-start, 8, 11, 1377734470, 137773447, 4073904
circular-read-total, 8, 10, 13777344700, 9792, 59741
read-wait, 5, 11, 1535
read, 5, 11, 1377734470, 137773447, 340246
circular-read-start, 5, 11, 13777344700, 4413583
read-wait, 7, 11, 342694
read, 7, 11, 1377734470, 137773447, 342694
circular-read-start, 7, 11, 13777344700, 4413786
read-wait, 6, 11, 340740
read, 6, 11, 1377734470, 137773447, 340740
circular-read-start, 6, 11, 13777344700, 4413800
read-wait, 8, 11, 339905
read, 8, 11, 1377734470, 137773447, 339905
circular-read-start, 8, 11, 13777344700, 4413809
read-wait, 4, 11, 340140
read, 4, 11, 1377734470, 137773447, 340140
circular-read-start, 4, 11, 13777344700, 4413812
read-wait, 3, 11, 358093
read, 3, 11, 1377734470, 137773447, 358093
circular-read-start, 3, 11, 13777344700, 4413833
read-start, 3, 12, 1515507917, 137773447, 4455333
circular-read-total, 3, 11, 13777344700, 816, 41500
read-start, 7, 12, 1515507917, 137773447, 4471041
circular-read-total, 7, 11, 13777344700, 9012, 57255
read-start, 6, 12, 1515507917, 137773447, 4472927
circular-read-total, 6, 11, 13777344700, 8912, 59127
read-start, 4, 12, 1515507917, 137773447, 4473425
circular-read-total, 4, 11, 13777344700, 14448, 59613
read-start, 8, 12, 1515507917, 137773447, 4473939
circular-read-total, 8, 11, 13777344700, 8500, 60130
read-start, 5, 12, 1515507917, 137773447, 4474006
circular-read-total, 5, 11, 13777344700, 12893, 60422
read-wait, 7, 12, 4723
read, 7, 12, 1515507917, 137773447, 335757
circular-read-start, 7, 12, 13777344700, 4806799
read-wait, 5, 12, 333078
read, 5, 12, 1515507917, 137773447, 336740
circular-read-start, 5, 12, 13777344700, 4810747
read-wait, 6, 12, 337992
read, 6, 12, 1515507917, 137773447, 337992
circular-read-start, 6, 12, 13777344700, 4810919
read-wait, 8, 12, 336995
read, 8, 12, 1515507917, 137773447, 336995
circular-read-start, 8, 12, 13777344700, 4810935
read-wait, 4, 12, 337520
read, 4, 12, 1515507917, 137773447, 337520
circular-read-start, 4, 12, 13777344700, 4810946
read-wait, 3, 12, 355632
read, 3, 12, 1515507917, 137773447, 355632
circular-read-start, 3, 12, 13777344700, 4810965
read-start, 3, 13, 1653281364, 137773447, 4846846
circular-read-total, 3, 12, 13777344700, 787, 35889
read-start, 5, 13, 1653281364, 137773447, 4869637
circular-read-total, 5, 12, 13777344700, 10827, 58891
read-start, 7, 13, 1653281364, 137773447, 4869807
circular-read-total, 7, 12, 13777344700, 11509, 63008
read-start, 8, 13, 1653281364, 137773447, 4870151
circular-read-total, 8, 12, 13777344700, 8469, 59216
read-start, 6, 13, 1653281364, 137773447, 4870352
circular-read-total, 6, 12, 13777344700, 7450, 59435
read-start, 4, 13, 1653281364, 137773447, 4870822
circular-read-total, 4, 12, 13777344700, 17046, 59876
read-wait, 5, 13, 2786
read, 5, 13, 1653281364, 137773447, 345156
circular-read-start, 5, 13, 13777344700, 5214794
read-wait, 7, 13, 345184
read, 7, 13, 1653281364, 137773447, 345184
circular-read-start, 7, 13, 13777344700, 5214992
read-wait, 6, 13, 344642
read, 6, 13, 1653281364, 137773447, 344642
circular-read-start, 6, 13, 13777344700, 5214995
read-wait, 8, 13, 344857
read, 8, 13, 1653281364, 137773447, 344857
circular-read-start, 8, 13, 13777344700, 5215009
read-wait, 4, 13, 344200
read, 4, 13, 1653281364, 137773447, 344200
circular-read-start, 4, 13, 13777344700, 5215023
read-wait, 3, 13, 368381
read, 3, 13, 1653281364, 137773447, 368381
circular-read-start, 3, 13, 13777344700, 5215227
read-start, 3, 14, 1791054811, 137773447, 5253886
circular-read-total, 3, 13, 13777344700, 1120, 38661
read-start, 6, 14, 1791054811, 137773447, 5273305
circular-read-total, 6, 13, 13777344700, 8218, 58309
read-start, 8, 14, 1791054811, 137773447, 5273744
circular-read-total, 8, 13, 13777344700, 8821, 58735
read-start, 5, 14, 1791054811, 137773447, 5274841
circular-read-total, 5, 13, 13777344700, 13355, 60047
read-start, 7, 14, 1791054811, 137773447, 5275060
circular-read-total, 7, 13, 13777344700, 10944, 60068
read-start, 4, 14, 1791054811, 137773447, 5275095
circular-read-total, 4, 13, 13777344700, 19747, 60072
read-wait, 5, 14, 985
read, 5, 14, 1791054811, 137773447, 344241
circular-read-start, 5, 14, 13777344700, 5619084
read-wait, 7, 14, 344208
read, 7, 14, 1791054811, 137773447, 344209
circular-read-start, 7, 14, 13777344700, 5619270
read-wait, 6, 14, 345978
read, 6, 14, 1791054811, 137773447, 345978
circular-read-start, 6, 14, 13777344700, 5619284
read-wait, 8, 14, 345550
read, 8, 14, 1791054811, 137773447, 345550
circular-read-start, 8, 14, 13777344700, 5619295
read-wait, 4, 14, 344206
read, 4, 14, 1791054811, 137773447, 344206
circular-read-start, 4, 14, 13777344700, 5619302
read-wait, 3, 14, 365440
read, 3, 14, 1791054811, 137773447, 365440
circular-read-start, 3, 14, 13777344700, 5619327
read-start, 3, 15, 1928828258, 137773447, 5656453
circular-read-total, 3, 14, 13777344700, 766, 37136
read-start, 8, 15, 1928828258, 137773447, 5677563
circular-read-total, 8, 14, 13777344700, 9300, 58268
read-start, 4, 15, 1928828258, 137773447, 5679033
circular-read-total, 4, 14, 13777344700, 18195, 59731
read-start, 6, 15, 1928828258, 137773447, 5679171
circular-read-total, 6, 14, 13777344700, 10030, 59888
read-start, 5, 15, 1928828258, 137773447, 5679438
circular-read-total, 5, 14, 13777344700, 11468, 60354
read-start, 7, 15, 1928828258, 137773447, 5679776
circular-read-total, 7, 14, 13777344700, 9784, 60506
read-wait, 7, 15, 1643
read, 7, 15, 1928828258, 137773447, 331983
circular-read-start, 7, 15, 13777344700, 6011759
read-wait, 5, 15, 332583
read, 5, 15, 1928828258, 137773447, 340578
circular-read-start, 5, 15, 13777344700, 6020017
read-wait, 8, 15, 342622
read, 8, 15, 1928828258, 137773447, 342622
circular-read-start, 8, 15, 13777344700, 6020186
read-wait, 6, 15, 341020
read, 6, 15, 1928828258, 137773447, 341020
circular-read-start, 6, 15, 13777344700, 6020191
read-wait, 4, 15, 341170
read, 4, 15, 1928828258, 137773447, 341170
circular-read-start, 4, 15, 13777344700, 6020204
read-wait, 3, 15, 363752
read, 3, 15, 1928828258, 137773447, 363752
circular-read-start, 3, 15, 13777344700, 6020206
read-start, 3, 16, 2066601705, 137773447, 6060494
circular-read-total, 3, 15, 13777344700, 3105, 40293
read-start, 6, 16, 2066601705, 137773447, 6077480
circular-read-total, 6, 15, 13777344700, 10550, 57289
read-start, 7, 16, 2066601705, 137773447, 6078457
circular-read-total, 7, 15, 13777344700, 11805, 66698
read-start, 4, 16, 2066601705, 137773447, 6079270
circular-read-total, 4, 15, 13777344700, 17461, 59066
read-start, 8, 16, 2066601705, 137773447, 6079624
circular-read-total, 8, 15, 13777344700, 9741, 59437
read-start, 5, 16, 2066601705, 137773447, 6079737
circular-read-total, 5, 15, 13777344700, 12362, 59719
read-wait, 6, 16, 3568
read, 6, 16, 2066601705, 137773447, 324019
circular-read-start, 6, 16, 13777344700, 6401500
read-wait, 7, 16, 323171
read, 7, 16, 2066601705, 137773447, 338050
circular-read-start, 7, 16, 13777344700, 6416508
read-wait, 8, 16, 337115
read, 8, 16, 2066601705, 137773447, 337115
circular-read-start, 8, 16, 13777344700, 6416739
read-wait, 5, 16, 337005
read, 5, 16, 2066601705, 137773447, 339834
circular-read-start, 5, 16, 13777344700, 6419572
read-wait, 4, 16, 340475
read, 4, 16, 2066601705, 137773447, 340475
circular-read-start, 4, 16, 13777344700, 6419746
read-wait, 3, 16, 359255
read, 3, 16, 2066601705, 137773447, 359255
circular-read-start, 3, 16, 13777344700, 6419750
read-start, 3, 17, 2204375152, 128958181, 6458768
circular-read-total, 3, 16, 13777344700, 1539, 39027
read-start, 6, 17, 2204375152, 128958181, 6476793
circular-read-total, 6, 16, 13777344700, 9767, 75294
read-start, 7, 17, 2204375152, 128958181, 6477389
circular-read-total, 7, 16, 13777344700, 9890, 60882
read-start, 8, 17, 2204375152, 128958181, 6477478
circular-read-total, 8, 16, 13777344700, 10164, 60738
read-start, 5, 17, 2204375152, 128958181, 6478073
circular-read-total, 5, 16, 13777344700, 9723, 58501
read-start, 4, 17, 2204375152, 128958181, 6478262
circular-read-total, 4, 16, 13777344700, 21054, 58516
read-wait, 8, 17, 2100
read, 8, 17, 2204375152, 128958181, 303454
circular-read-start, 8, 17, 12895818100, 6780932
read-wait, 5, 17, 303061
read, 5, 17, 2204375152, 128958181, 340070
circular-read-start, 5, 17, 12895818100, 6818143
read-wait, 7, 17, 340930
read, 7, 17, 2204375152, 128958181, 340931
circular-read-start, 7, 17, 12895818100, 6818321
read-wait, 6, 17, 341535
read, 6, 17, 2204375152, 128958181, 341535
circular-read-start, 6, 17, 12895818100, 6818329
read-wait, 4, 17, 340071
read, 4, 17, 2204375152, 128958181, 340071
circular-read-start, 4, 17, 12895818100, 6818334
read-wait, 3, 17, 359570
read, 3, 17, 2204375152, 128958181, 359570
circular-read-start, 3, 17, 12895818100, 6818338
circular-read-total, 3, 17, 12895818100, 1847, 33305
circular-read-total, 8, 17, 12895818100, 8986, 90154
circular-read-total, 5, 17, 12895818100, 11963, 54236
circular-read-total, 4, 17, 12895818100, 13659, 54287
circular-read-total, 6, 17, 12895818100, 9247, 54905
circular-read-total, 7, 17, 12895818100, 10055, 55095

cmd-read, 6876073
