# Fri Oct 23 09:43:07 PDT 2015
record-value, 112
seek-chunk, 137773447
file, 4, 2333333333

read-start, 1, 0, 137773447, 20984
circular-read-start, 4, 1, 233333333300, 21977
circular-read-total, 4, 1, 233333333300, 315657, 334976
linear-scan, 335693
-sort , 37019, 56
-merge, 24518, 56
-last , 261
read, 1, 137773447, 336686
network, 1, 56768

read-start, 2, 137773447, 137773447, 414448
circular-read-start, 4, 2, 233333333300, 414755
circular-read-total, 4, 2, 233333333300, 315316, 342476
linear-scan, 342910
-sort , 38054, 55
-merge, 24353, 55
-last , 432
read, 2, 137773447, 343216
network, 2, 59481

read-start, 3, 275546894, 137773447, 817152
circular-read-start, 4, 3, 233333333300, 817486
circular-read-total, 4, 3, 233333333300, 324009, 348873
linear-scan, 349358
-sort , 37119, 54
-merge, 24531, 54
-last , 483
read, 3, 137773447, 349692
network, 3, 58499

read-start, 4, 413320341, 137773447, 1225357
circular-read-start, 4, 4, 233333333300, 1225679
circular-read-total, 4, 4, 233333333300, 316443, 340114
linear-scan, 340577
-sort , 35802, 53
-merge, 23208, 53
-last , 462
read, 4, 137773447, 340899
network, 4, 79622

read-start, 5, 551093788, 137773447, 1645892
circular-read-start, 4, 5, 233333333300, 1646345
circular-read-total, 4, 5, 233333333300, 333332, 355323
linear-scan, 355748
-sort , 37020, 52
-merge, 24404, 52
-last , 423
read, 5, 137773447, 356201
network, 5, 60488

read-start, 6, 688867235, 137773447, 2062586
circular-read-start, 4, 6, 233333333300, 2062988
circular-read-total, 4, 6, 233333333300, 322057, 341335
linear-scan, 342385
-sort , 36005, 50
-merge, 22921, 50
-last , 1048
read, 6, 137773447, 342787
network, 6, 74280

read-start, 7, 826640682, 137773447, 2479671
circular-read-start, 4, 7, 233333333300, 2480087
circular-read-total, 4, 7, 233333333300, 322380, 337609
linear-scan, 338418
-sort , 34087, 49
-merge, 22314, 49
-last , 807
read, 7, 137773447, 338834
network, 7, 70976

read-start, 8, 964414129, 137773447, 2889486
circular-read-start, 4, 8, 233333333300, 2889878
circular-read-total, 4, 8, 233333333300, 324014, 337493
linear-scan, 338036
-sort , 34128, 48
-merge, 22370, 48
-last , 541
read, 8, 137773447, 338429
network, 8, 64013

read-start, 9, 1102187576, 137773447, 3291947
circular-read-start, 4, 9, 233333333300, 3292416
circular-read-total, 4, 9, 233333333300, 328162, 340846
linear-scan, 341701
-sort , 32466, 46
-merge, 21764, 46
-last , 852
read, 9, 137773447, 342169
network, 9, 59396

read-start, 10, 1239961023, 137773447, 3693518
circular-read-start, 4, 10, 233333333300, 3693856
circular-read-total, 4, 10, 233333333300, 327324, 340114
linear-scan, 340818
-sort , 31297, 45
-merge, 21426, 45
-last , 349
read, 10, 137773447, 341156
network, 10, 57153

read-start, 11, 1377734470, 137773447, 4091848
circular-read-start, 4, 11, 233333333300, 4092245
circular-read-total, 4, 11, 233333333300, 326070, 338956
linear-scan, 339325
-sort , 30254, 43
-merge, 20501, 43
-last , 367
read, 11, 137773447, 339722
network, 11, 60195

read-start, 12, 1515507917, 137773447, 4491796
circular-read-start, 4, 12, 233333333300, 4492255
circular-read-total, 4, 12, 233333333300, 320705, 334452
linear-scan, 335304
-sort , 27516, 40
-merge, 19182, 40
-last , 850
read, 12, 137773447, 335764
network, 12, 62998

read-start, 13, 1653281364, 137773447, 4890571
circular-read-start, 4, 13, 233333333300, 4890916
circular-read-total, 4, 13, 233333333300, 318184, 332104
linear-scan, 332545
-sort , 25891, 38
-merge, 18185, 38
-last , 439
read, 13, 137773447, 332890
network, 13, 72361

read-start, 14, 1791054811, 137773447, 5295829
circular-read-start, 4, 14, 233333333300, 5296223
circular-read-total, 4, 14, 233333333300, 317714, 331323
linear-scan, 332169
-sort , 23277, 34
-merge, 16146, 34
-last , 844
read, 14, 137773447, 332563
network, 14, 72148

read-start, 15, 1928828258, 137773447, 5700544
circular-read-start, 4, 15, 233333333300, 5700965
circular-read-total, 4, 15, 233333333300, 316757, 330773
linear-scan, 331564
-sort , 20646, 30
-merge, 14394, 30
-last , 789
read, 15, 137773447, 331985
network, 15, 66686

read-start, 16, 2066601705, 137773447, 6099230
circular-read-start, 4, 16, 233333333300, 6099636
circular-read-total, 4, 16, 233333333300, 324168, 336938
linear-scan, 337647
-sort , 15865, 24
-merge, 12075, 24
-last , 708
read, 16, 137773447, 338053
network, 16, 60870

read-start, 17, 2204375152, 128958181, 6498166
circular-read-start, 4, 17, 233333333300, 6498534
circular-read-total, 4, 17, 233333333300, 313217, 327730
linear-scan, 328813
-sort , 7666, 15
-merge, 6946, 15
-last , 238
read, 17, 128958181, 329180
network, 17, 66843

exit, 6896946
