# Sun Jan 31 18:47:49 PST 2016
# 10, 300, 0, cdf
meth1_client: relocation error: meth1_client: symbol _ZTVNSt7__cxx1119basic_istringstreamIcSt11char_traitsIcESaIcEEE, version GLIBCXX_3.4.21 not defined in file libstdc++.so.6 with link time reference
# Sun Jan 31 22:26:56 PST 2016
# 10, 300, 0, cdf
meth1_client: relocation error: meth1_client: symbol _ZTVNSt7__cxx1119basic_istringstreamIcSt11char_traitsIcESaIcEEE, version GLIBCXX_3.4.21 not defined in file libstdc++.so.6 with link time reference
# Sun Jan 31 23:30:22 PST 2016
# 10, 300, 0, cdf
meth1_client: relocation error: meth1_client: symbol _ZTVNSt7__cxx1119basic_istringstreamIcSt11char_traitsIcESaIcEEE, version GLIBCXX_3.4.21 not defined in file libstdc++.so.6 with link time reference
# Sun Jan 31 23:40:54 PST 2016
# 10, 300, 0, cdf
max-chunk, 3, 1, 168172367, 0
chunk-size, 168172367, 2454
disks, 8

# Sun Jan 31 23:45:34 PST 2016
# 10, 300, 0, read
max-chunk, 3, 1, 168172367, 0
chunk-size, 168172367, 2454
disks, 8

size, 3, 2, 300000000, 0
size, 4, 1, 300000000, 0
size, 5, 1, 300000000, 0
size, 6, 1, 300000000, 0
size, 7, 1, 300000000, 0
size, 8, 1, 300000000, 0
size, 9, 1, 300000000, 0
size, 10, 1, 300000000, 0
size, 11, 1, 300000000, 0
size, 12, 1, 300000000, 0


read-start, 3, 1, 0, 168172367, 32
read-start, 4, 1, 0, 168172367, 32
read-start, 5, 1, 0, 168172367, 32
read-start, 6, 1, 0, 168172367, 32
read-start, 7, 1, 0, 168172367, 32
read-start, 8, 1, 0, 168172367, 32
read-start, 9, 1, 0, 168172367, 32
read-start, 10, 1, 0, 168172367, 32
read-start, 11, 1, 0, 168172367, 32
read-start, 12, 1, 0, 168172367, 32
read-wait, 3, 1, 0
read, 3, 1, 0, 168172367, 65466
circular-read-start, 3, 1, 16817236700, 65498
read-wait, 4, 1, 65624
read, 4, 1, 0, 168172367, 68744
circular-read-start, 4, 1, 16817236700, 68776
read-wait, 5, 1, 68964
read, 5, 1, 0, 168172367, 68964
circular-read-start, 5, 1, 16817236700, 68996
read-wait, 6, 1, 68965
read, 6, 1, 0, 168172367, 68965
circular-read-start, 6, 1, 16817236700, 68998
read-wait, 7, 1, 68969
read, 7, 1, 0, 168172367, 68969
circular-read-start, 7, 1, 16817236700, 69001
read-wait, 8, 1, 68972
read, 8, 1, 0, 168172367, 68972
circular-read-start, 8, 1, 16817236700, 69004
read-wait, 9, 1, 68975
read, 9, 1, 0, 168172367, 68975
circular-read-start, 9, 1, 16817236700, 69008
read-wait, 10, 1, 68979
read, 10, 1, 0, 168172367, 68979
circular-read-start, 10, 1, 16817236700, 69011
read-wait, 11, 1, 68982
read, 11, 1, 0, 168172367, 68982
circular-read-start, 11, 1, 16817236700, 69014
read-wait, 12, 1, 68985
read, 12, 1, 0, 168172367, 68985
circular-read-start, 12, 1, 16817236700, 69017
read-start, 3, 2, 168172367, 131827633, 255315
circular-read-total, 3, 1, 16817236700, 1021, 189817
read-start, 5, 2, 168172367, 131827633, 258610
circular-read-total, 5, 1, 16817236700, 2803, 189613
read-start, 7, 2, 168172367, 131827633, 258628
read-start, 11, 2, 168172367, 131827633, 258634
circular-read-total, 11, 1, 16817236700, 2225, 189620
circular-read-total, 7, 1, 16817236700, 626, 189638
read-start, 9, 2, 168172367, 131827633, 258651
circular-read-total, 9, 1, 16817236700, 2956, 189643
read-start, 4, 2, 168172367, 131827633, 258651
circular-read-total, 4, 1, 16817236700, 1690, 189876
read-start, 10, 2, 168172367, 131827633, 258659
circular-read-total, 10, 1, 16817236700, 2789, 189650
read-start, 12, 2, 168172367, 131827633, 258946
circular-read-total, 12, 1, 16817236700, 3608, 189928
read-start, 8, 2, 168172367, 131827633, 259185
circular-read-total, 8, 1, 16817236700, 4206, 190180
read-wait, 3, 2, 4265
read-start, 6, 2, 168172367, 131827633, 259586
circular-read-total, 6, 1, 16817236700, 5041, 190588
read, 3, 2, 168172367, 131827633, 64026
circular-read-start, 3, 2, 13182763300, 319341
read-wait, 6, 2, 59907
read, 6, 2, 168172367, 131827633, 63860
circular-read-start, 6, 2, 13182763300, 323447
read-wait, 11, 2, 64959
read, 11, 2, 168172367, 131827633, 64959
circular-read-start, 11, 2, 13182763300, 323593
read-wait, 12, 2, 64648
read, 12, 2, 168172367, 131827633, 64648
circular-read-start, 12, 2, 13182763300, 323595
read-wait, 7, 2, 64969
read, 7, 2, 168172367, 131827633, 64969
circular-read-start, 7, 2, 13182763300, 323598
read-wait, 9, 2, 64952
read, 9, 2, 168172367, 131827633, 64952
circular-read-start, 9, 2, 13182763300, 323604
read-wait, 8, 2, 64422
read, 8, 2, 168172367, 131827633, 64422
circular-read-start, 8, 2, 13182763300, 323607
read-wait, 10, 2, 64952
read, 10, 2, 168172367, 131827633, 64952
circular-read-start, 10, 2, 13182763300, 323611
read-wait, 4, 2, 64963
read, 4, 2, 168172367, 131827633, 64963
circular-read-start, 4, 2, 13182763300, 323615
read-wait, 5, 2, 65018
read, 5, 2, 168172367, 131827633, 65018
circular-read-start, 5, 2, 13182763300, 323628
circular-read-total, 3, 2, 13182763300, 2269, 149699
circular-read-total, 7, 2, 13182763300, 1918, 147766
circular-read-total, 12, 2, 13182763300, 1650, 147774
circular-read-total, 10, 2, 13182763300, 2004, 147767
circular-read-total, 9, 2, 13182763300, 2206, 147775
circular-read-total, 4, 2, 13182763300, 924, 147767
circular-read-total, 5, 2, 13182763300, 1922, 147765
circular-read-total, 8, 2, 13182763300, 1662, 147806
circular-read-total, 11, 2, 13182763300, 1907, 147894
circular-read-total, 6, 2, 13182763300, 2517, 148120

cmd-read, 471670
