# Sun Jan 31 18:47:49 PST 2016
meth1_node: relocation error: meth1_node: symbol _ZTVNSt7__cxx1119basic_istringstreamIcSt11char_traitsIcESaIcEEE, version GLIBCXX_3.4.21 not defined in file libstdc++.so.6 with link time reference
# Sun Jan 31 22:26:56 PST 2016
meth1_node: relocation error: meth1_node: symbol _ZTVNSt7__cxx1119basic_istringstreamIcSt11char_traitsIcESaIcEEE, version GLIBCXX_3.4.21 not defined in file libstdc++.so.6 with link time reference
# Sun Jan 31 23:30:22 PST 2016
meth1_node: relocation error: meth1_node: symbol _ZTVNSt7__cxx1119basic_istringstreamIcSt11char_traitsIcESaIcEEE, version GLIBCXX_3.4.21 not defined in file libstdc++.so.6 with link time reference
# Sun Jan 31 23:40:54 PST 2016
record-value, 112
seek-chunk, 168172367
file, 4, 300000000

exit, 13816
# Sun Jan 31 23:45:34 PST 2016
record-value, 112
seek-chunk, 168172367
file, 4, 300000000

read-start, 1, 0, 168172367, 13501
circular-read-start, 4, 1, 30000000000, 15045
circular-read-total, 4, 1, 30000000000, 61248, 63028
linear-scan, 64224
-sort , 19115, 23
-merge, 13816, 23
-last , 760
read, 1, 168172367, 65768
network, 1, 192802

read-start, 2, 168172367, 131827633, 272131
circular-read-start, 4, 2, 30000000000, 272403
circular-read-total, 4, 2, 30000000000, 61484, 62903
linear-scan, 64195
-sort , 9210, 15
-merge, 7286, 15
-last , 248
read, 2, 131827633, 64466
network, 2, 148214

exit, 485177
