# Sun Jan 31 18:47:49 PST 2016
meth1_node: relocation error: meth1_node: symbol _ZTVNSt7__cxx1119basic_istringstreamIcSt11char_traitsIcESaIcEEE, version GLIBCXX_3.4.21 not defined in file libstdc++.so.6 with link time reference
# Sun Jan 31 22:26:56 PST 2016
meth1_node: relocation error: meth1_node: symbol _ZTVNSt7__cxx1119basic_istringstreamIcSt11char_traitsIcESaIcEEE, version GLIBCXX_3.4.21 not defined in file libstdc++.so.6 with link time reference
# Sun Jan 31 23:30:22 PST 2016
meth1_node: relocation error: meth1_node: symbol _ZTVNSt7__cxx1119basic_istringstreamIcSt11char_traitsIcESaIcEEE, version GLIBCXX_3.4.21 not defined in file libstdc++.so.6 with link time reference
# Sun Jan 31 23:40:54 PST 2016
record-value, 112
seek-chunk, 168172367
file, 4, 300000000

exit, 12257
# Sun Jan 31 23:45:34 PST 2016
record-value, 112
seek-chunk, 168172367
file, 4, 300000000

read-start, 1, 0, 168172367, 11898
circular-read-start, 4, 1, 30000000000, 13424
circular-read-total, 4, 1, 30000000000, 60668, 62429
linear-scan, 63542
-sort , 19065, 23
-merge, 13791, 23
-last , 761
read, 1, 168172367, 65067
network, 1, 193490

read-start, 2, 168172367, 131827633, 270519
circular-read-start, 4, 2, 30000000000, 270792
circular-read-total, 4, 2, 30000000000, 60399, 62125
linear-scan, 63389
-sort , 9310, 15
-merge, 7288, 15
-last , 221
read, 2, 131827633, 63662
network, 2, 149033

exit, 483571
