# Sun Jan 31 18:47:49 PST 2016
meth1_node: relocation error: meth1_node: symbol _ZTVNSt7__cxx1119basic_istringstreamIcSt11char_traitsIcESaIcEEE, version GLIBCXX_3.4.21 not defined in file libstdc++.so.6 with link time reference
# Sun Jan 31 22:26:56 PST 2016
meth1_node: relocation error: meth1_node: symbol _ZTVNSt7__cxx1119basic_istringstreamIcSt11char_traitsIcESaIcEEE, version GLIBCXX_3.4.21 not defined in file libstdc++.so.6 with link time reference
# Sun Jan 31 23:30:22 PST 2016
meth1_node: relocation error: meth1_node: symbol _ZTVNSt7__cxx1119basic_istringstreamIcSt11char_traitsIcESaIcEEE, version GLIBCXX_3.4.21 not defined in file libstdc++.so.6 with link time reference
# Sun Jan 31 23:40:54 PST 2016
record-value, 112
seek-chunk, 168172367
file, 4, 300000000

exit, 8873
# Sun Jan 31 23:45:34 PST 2016
record-value, 112
seek-chunk, 168172367
file, 4, 300000000

read-start, 1, 0, 168172367, 8845
circular-read-start, 4, 1, 30000000000, 10464
circular-read-total, 4, 1, 30000000000, 60900, 62740
linear-scan, 63770
-sort , 19214, 23
-merge, 14457, 23
-last , 764
read, 1, 168172367, 65390
network, 1, 193171

read-start, 2, 168172367, 131827633, 267454
circular-read-start, 4, 2, 30000000000, 267721
circular-read-total, 4, 2, 30000000000, 60492, 62221
linear-scan, 63503
-sort , 9252, 15
-merge, 7090, 15
-last , 228
read, 2, 131827633, 63771
network, 2, 148940

exit, 480539
