# Thu Oct 22 12:11:40 PDT 2015
# 1, 5, 0, first
connect: Connection refused
# Thu Oct 22 12:14:28 PDT 2015
# 1, 5, 0, first
max-chunk, 3, 1, 137773447, 0
chunk-size, 137773447, 20908
disks, 1

read-start, 3, 1, 0, 1, 61
read-wait, 3, 1, 0
read, 3, 1, 0, 1, 7255

first, 000001146232ad3e47bd
cmd-first, 7255
# Thu Oct 22 12:48:37 PDT 2015
# 10, 1400, 0, read
max-chunk, 3, 1, 137773447, 0
chunk-size, 137773447, 2090
disks, 1

size, 3, 2, 1400000000, 0
size, 4, 1, 1400000000, 0
size, 5, 1, 1400000000, 0
size, 6, 1, 1400000000, 0
size, 7, 1, 1400000000, 0
size, 8, 1, 1400000000, 0
size, 9, 1, 1400000000, 0
size, 10, 1, 1400000000, 0
size, 11, 1, 1400000000, 0
size, 12, 1, 1400000000, 0


read-start, 3, 1, 0, 137773447, 58
read-start, 4, 1, 0, 137773447, 58
read-start, 5, 1, 0, 137773447, 58
read-start, 6, 1, 0, 137773447, 58
read-start, 7, 1, 0, 137773447, 58
read-start, 8, 1, 0, 137773447, 58
read-start, 9, 1, 0, 137773447, 58
read-start, 10, 1, 0, 137773447, 58
read-start, 11, 1, 0, 137773447, 58
read-start, 12, 1, 0, 137773447, 59
read-wait, 3, 1, 0
read, 3, 1, 0, 137773447, 193604
circular-read-start, 3, 1, 13777344700, 193663
read-wait, 4, 1, 193798
read, 4, 1, 0, 137773447, 207875
circular-read-start, 4, 1, 13777344700, 207934
read-wait, 5, 1, 208070
read, 5, 1, 0, 137773447, 208070
circular-read-start, 5, 1, 13777344700, 208129
read-wait, 6, 1, 208073
read, 6, 1, 0, 137773447, 208073
circular-read-start, 6, 1, 13777344700, 208132
read-wait, 7, 1, 208077
read, 7, 1, 0, 137773447, 208077
circular-read-start, 7, 1, 13777344700, 208136
read-wait, 8, 1, 208081
read, 8, 1, 0, 137773447, 243798
circular-read-start, 8, 1, 13777344700, 243857
read-wait, 9, 1, 244000
read, 9, 1, 0, 137773447, 244000
circular-read-start, 9, 1, 13777344700, 244059
read-wait, 10, 1, 244003
read, 10, 1, 0, 137773447, 244003
circular-read-start, 10, 1, 13777344700, 244062
read-wait, 11, 1, 244007
read, 11, 1, 0, 137773447, 244007
circular-read-start, 11, 1, 13777344700, 244066
read-wait, 12, 1, 244011
read, 12, 1, 0, 137773447, 244011
circular-read-start, 12, 1, 13777344700, 244070
read-start, 12, 2, 137773447, 137773447, 327693
circular-read-total, 12, 1, 13777344700, 9613, 83633
read-start, 11, 2, 137773447, 137773447, 330306
circular-read-total, 11, 1, 13777344700, 8155, 86241
read-start, 6, 2, 137773447, 137773447, 331997
circular-read-total, 6, 1, 13777344700, 7616, 123872
read-start, 8, 2, 137773447, 137773447, 332710
circular-read-total, 8, 1, 13777344700, 10632, 88855
read-start, 3, 2, 137773447, 137773447, 334740
circular-read-total, 3, 1, 13777344700, 5462, 141083
read-start, 7, 2, 137773447, 137773447, 335091
circular-read-total, 7, 1, 13777344700, 6935, 126961
read-start, 10, 2, 137773447, 137773447, 335401
circular-read-total, 10, 1, 13777344700, 9208, 91344
read-start, 9, 2, 137773447, 137773447, 335473
circular-read-total, 9, 1, 13777344700, 8562, 91422
read-start, 5, 2, 137773447, 137773447, 336692
circular-read-total, 5, 1, 13777344700, 6159, 128571
read-start, 4, 2, 137773447, 137773447, 337628
circular-read-total, 4, 1, 13777344700, 7372, 129701
read-wait, 9, 2, 16553
read, 9, 2, 137773447, 137773447, 213904
circular-read-start, 9, 2, 13777344700, 549378
read-wait, 7, 2, 214464
read, 7, 2, 137773447, 137773447, 214464
circular-read-start, 7, 2, 13777344700, 549556
read-wait, 5, 2, 212872
read, 5, 2, 137773447, 137773447, 212872
circular-read-start, 5, 2, 13777344700, 549565
read-wait, 12, 2, 221875
read, 12, 2, 137773447, 137773447, 221875
circular-read-start, 12, 2, 13777344700, 549569
read-wait, 6, 2, 217576
read, 6, 2, 137773447, 137773447, 217576
circular-read-start, 6, 2, 13777344700, 549573
read-wait, 4, 2, 211949
read, 4, 2, 137773447, 137773447, 214490
circular-read-start, 4, 2, 13777344700, 552119
read-wait, 10, 2, 216905
read, 10, 2, 137773447, 137773447, 216905
circular-read-start, 10, 2, 13777344700, 552306
read-wait, 8, 2, 219597
read, 8, 2, 137773447, 137773447, 240166
circular-read-start, 8, 2, 13777344700, 572877
read-wait, 11, 2, 242753
read, 11, 2, 137773447, 137773447, 242753
circular-read-start, 11, 2, 13777344700, 573060
read-wait, 3, 2, 238321
read, 3, 2, 137773447, 137773447, 238321
circular-read-start, 3, 2, 13777344700, 573062
read-start, 11, 3, 275546894, 137773447, 649211
circular-read-total, 11, 2, 13777344700, 2038, 76165
read-start, 12, 3, 275546894, 137773447, 651939
circular-read-total, 12, 2, 13777344700, 915, 102386
read-start, 8, 3, 275546894, 137773447, 656101
circular-read-total, 8, 2, 13777344700, 2748, 83232
read-start, 10, 3, 275546894, 137773447, 656622
circular-read-total, 10, 2, 13777344700, 1318, 104323
read-start, 7, 3, 275546894, 137773447, 659550
circular-read-total, 7, 2, 13777344700, 3789, 110000
read-start, 6, 3, 275546894, 137773447, 660756
circular-read-total, 6, 2, 13777344700, 3125, 111190
read-start, 3, 3, 275546894, 137773447, 660879
circular-read-total, 3, 2, 13777344700, 2016, 87827
read-start, 9, 3, 275546894, 137773447, 661642
circular-read-total, 9, 2, 13777344700, 3925, 112280
read-start, 5, 3, 275546894, 137773447, 662280
circular-read-total, 5, 2, 13777344700, 2889, 112721
read-start, 4, 3, 275546894, 137773447, 662886
circular-read-total, 4, 2, 13777344700, 3310, 110771
read-wait, 9, 3, 15391
read, 9, 3, 275546894, 137773447, 208210
circular-read-start, 9, 3, 13777344700, 869853
read-wait, 7, 3, 210480
read, 7, 3, 275546894, 137773447, 210480
circular-read-start, 7, 3, 13777344700, 870031
read-wait, 8, 3, 213934
read, 8, 3, 275546894, 137773447, 213934
circular-read-start, 8, 3, 13777344700, 870036
read-wait, 5, 3, 207759
read, 5, 3, 275546894, 137773447, 207759
circular-read-start, 5, 3, 13777344700, 870039
read-wait, 6, 3, 209286
read, 6, 3, 275546894, 137773447, 209286
circular-read-start, 6, 3, 13777344700, 870043
read-wait, 10, 3, 213426
read, 10, 3, 275546894, 137773447, 213426
circular-read-start, 10, 3, 13777344700, 870048
read-wait, 12, 3, 218114
read, 12, 3, 275546894, 137773447, 218114
circular-read-start, 12, 3, 13777344700, 870054
read-wait, 4, 3, 207175
read, 4, 3, 275546894, 137773447, 214221
circular-read-start, 4, 3, 13777344700, 877107
read-wait, 3, 3, 216409
read, 3, 3, 275546894, 137773447, 216409
circular-read-start, 3, 3, 13777344700, 877289
read-wait, 11, 3, 228097
read, 11, 3, 275546894, 137773447, 228097
circular-read-start, 11, 3, 13777344700, 877309
read-start, 12, 4, 413320341, 137773447, 956858
circular-read-total, 12, 3, 13777344700, 809, 86816
read-start, 11, 4, 413320341, 137773447, 960575
circular-read-total, 11, 3, 13777344700, 2229, 83279
read-start, 8, 4, 413320341, 137773447, 960818
circular-read-total, 8, 3, 13777344700, 1953, 90792
read-start, 10, 4, 413320341, 137773447, 964404
circular-read-total, 10, 3, 13777344700, 1497, 94364
read-start, 5, 4, 413320341, 137773447, 964581
circular-read-total, 5, 3, 13777344700, 2272, 94548
read-start, 7, 4, 413320341, 137773447, 965448
circular-read-total, 7, 3, 13777344700, 2365, 95424
read-start, 6, 4, 413320341, 137773447, 967897
circular-read-total, 6, 3, 13777344700, 1889, 97862
read-start, 9, 4, 413320341, 137773447, 968743
circular-read-total, 9, 3, 13777344700, 2819, 98899
read-start, 3, 4, 413320341, 137773447, 969310
circular-read-total, 3, 3, 13777344700, 2931, 92026
read-start, 4, 4, 413320341, 137773447, 971359
circular-read-total, 4, 3, 13777344700, 3395, 94257
read-wait, 5, 4, 18173
read, 5, 4, 413320341, 137773447, 195664
circular-read-start, 5, 4, 13777344700, 1160246
read-wait, 10, 4, 196018
read, 10, 4, 413320341, 137773447, 205062
circular-read-start, 10, 4, 13777344700, 1169466
read-wait, 6, 4, 201746
read, 6, 4, 413320341, 137773447, 204914
circular-read-start, 6, 4, 13777344700, 1172812
read-wait, 9, 4, 204238
read, 9, 4, 413320341, 137773447, 205574
circular-read-start, 9, 4, 13777344700, 1174318
read-wait, 7, 4, 209049
read, 7, 4, 413320341, 137773447, 209049
circular-read-start, 7, 4, 13777344700, 1174498
read-wait, 12, 4, 217646
read, 12, 4, 413320341, 137773447, 217646
circular-read-start, 12, 4, 13777344700, 1174505
read-wait, 8, 4, 213702
read, 8, 4, 413320341, 137773447, 213702
circular-read-start, 8, 4, 13777344700, 1174521
read-wait, 3, 4, 205221
read, 3, 4, 413320341, 137773447, 205221
circular-read-start, 3, 4, 13777344700, 1174532
read-wait, 11, 4, 213965
read, 11, 4, 413320341, 137773447, 213965
circular-read-start, 11, 4, 13777344700, 1174541
read-wait, 4, 4, 203187
read, 4, 4, 413320341, 137773447, 207885
circular-read-start, 4, 4, 13777344700, 1179245
read-start, 11, 5, 551093788, 137773447, 1253815
circular-read-total, 11, 4, 13777344700, 608, 79287
read-start, 10, 5, 551093788, 137773447, 1261810
circular-read-total, 10, 4, 13777344700, 1522, 92353
read-start, 9, 5, 551093788, 137773447, 1264153
circular-read-total, 9, 4, 13777344700, 2489, 89845
read-start, 8, 5, 551093788, 137773447, 1265013
circular-read-total, 8, 4, 13777344700, 2377, 90501
read-start, 12, 5, 551093788, 137773447, 1265543
circular-read-total, 12, 4, 13777344700, 1464, 91039
read-start, 3, 5, 551093788, 137773447, 1266842
circular-read-total, 3, 4, 13777344700, 4407, 92314
read-start, 4, 5, 551093788, 137773447, 1267642
circular-read-total, 4, 4, 13777344700, 3162, 88403
read-start, 6, 5, 551093788, 137773447, 1268838
circular-read-total, 6, 4, 13777344700, 2954, 96032
read-start, 5, 5, 551093788, 137773447, 1270771
circular-read-total, 5, 4, 13777344700, 2653, 110538
read-start, 7, 5, 551093788, 137773447, 1271056
circular-read-total, 7, 4, 13777344700, 3771, 96564
read-wait, 7, 5, 11726
read, 7, 5, 551093788, 137773447, 195642
circular-read-start, 7, 5, 13777344700, 1466699
read-wait, 9, 5, 202728
read, 9, 5, 551093788, 137773447, 202728
circular-read-start, 9, 5, 13777344700, 1466882
read-wait, 5, 5, 196115
read, 5, 5, 551093788, 137773447, 196115
circular-read-start, 5, 5, 13777344700, 1466887
read-wait, 10, 5, 205086
read, 10, 5, 551093788, 137773447, 205086
circular-read-start, 10, 5, 13777344700, 1466897
read-wait, 6, 5, 198063
read, 6, 5, 551093788, 137773447, 200836
circular-read-start, 6, 5, 13777344700, 1469674
read-wait, 12, 5, 204309
read, 12, 5, 551093788, 137773447, 204309
circular-read-start, 12, 5, 13777344700, 1469852
read-wait, 8, 5, 204845
read, 8, 5, 551093788, 137773447, 204845
circular-read-start, 8, 5, 13777344700, 1469858
read-wait, 3, 5, 203019
read, 3, 5, 551093788, 137773447, 203019
circular-read-start, 3, 5, 13777344700, 1469861
read-wait, 4, 5, 202227
read, 4, 5, 551093788, 137773447, 202227
circular-read-start, 4, 5, 13777344700, 1469870
read-wait, 11, 5, 216063
read, 11, 5, 551093788, 137773447, 216063
circular-read-start, 11, 5, 13777344700, 1469879
read-start, 12, 6, 688867235, 137773447, 1550535
circular-read-total, 12, 5, 13777344700, 742, 80695
read-start, 8, 6, 688867235, 137773447, 1556569
circular-read-total, 8, 5, 13777344700, 1775, 86720
read-start, 3, 6, 688867235, 137773447, 1557725
circular-read-total, 3, 5, 13777344700, 3831, 87871
read-start, 10, 6, 688867235, 137773447, 1557779
circular-read-total, 10, 5, 13777344700, 1954, 90891
read-start, 11, 6, 688867235, 137773447, 1558044
circular-read-total, 11, 5, 13777344700, 1143, 88172
read-start, 6, 6, 688867235, 137773447, 1561353
circular-read-total, 6, 5, 13777344700, 3576, 91687
read-start, 7, 6, 688867235, 137773447, 1562581
circular-read-total, 7, 5, 13777344700, 3500, 95888
read-start, 5, 6, 688867235, 137773447, 1562687
circular-read-total, 5, 5, 13777344700, 3126, 95807
read-start, 9, 6, 688867235, 137773447, 1563707
circular-read-total, 9, 5, 13777344700, 3141, 96829
read-start, 4, 6, 688867235, 137773447, 1564180
circular-read-total, 4, 5, 13777344700, 2532, 94317
read-wait, 7, 6, 13560
read, 7, 6, 688867235, 137773447, 195416
circular-read-start, 7, 6, 13777344700, 1757997
read-wait, 9, 6, 194475
read, 9, 6, 688867235, 137773447, 200839
circular-read-start, 9, 6, 13777344700, 1764546
read-wait, 6, 6, 203379
read, 6, 6, 688867235, 137773447, 203379
circular-read-start, 6, 6, 13777344700, 1764732
read-wait, 10, 6, 206963
read, 10, 6, 688867235, 137773447, 206963
circular-read-start, 10, 6, 13777344700, 1764743
read-wait, 8, 6, 208176
read, 8, 6, 688867235, 137773447, 208176
circular-read-start, 8, 6, 13777344700, 1764745
read-wait, 12, 6, 214218
read, 12, 6, 688867235, 137773447, 214218
circular-read-start, 12, 6, 13777344700, 1764753
read-wait, 5, 6, 202068
read, 5, 6, 688867235, 137773447, 202068
circular-read-start, 5, 6, 13777344700, 1764756
read-wait, 11, 6, 206720
read, 11, 6, 688867235, 137773447, 206720
circular-read-start, 11, 6, 13777344700, 1764764
read-wait, 3, 6, 207042
read, 3, 6, 688867235, 137773447, 207042
circular-read-start, 3, 6, 13777344700, 1764767
read-wait, 4, 6, 200593
read, 4, 6, 688867235, 137773447, 202557
circular-read-start, 4, 6, 13777344700, 1766737
read-start, 12, 7, 826640682, 137773447, 1844114
circular-read-total, 12, 6, 13777344700, 1073, 79366
read-start, 11, 7, 826640682, 137773447, 1848344
circular-read-total, 11, 6, 13777344700, 661, 83591
read-start, 9, 7, 826640682, 137773447, 1850324
circular-read-total, 9, 6, 13777344700, 3085, 85779
read-start, 8, 7, 826640682, 137773447, 1850381
circular-read-total, 8, 6, 13777344700, 1844, 85645
read-start, 10, 7, 826640682, 137773447, 1850401
circular-read-total, 10, 6, 13777344700, 1642, 85668
read-start, 3, 7, 826640682, 137773447, 1852900
circular-read-total, 3, 6, 13777344700, 2989, 88139
read-start, 6, 7, 826640682, 137773447, 1853657
circular-read-total, 6, 6, 13777344700, 3125, 88930
read-start, 5, 7, 826640682, 137773447, 1855412
circular-read-total, 5, 6, 13777344700, 2579, 90663
read-start, 7, 7, 826640682, 137773447, 1855505
circular-read-total, 7, 6, 13777344700, 2143, 97509
read-start, 4, 7, 826640682, 137773447, 1857858
circular-read-total, 4, 6, 13777344700, 2376, 91120
read-wait, 7, 7, 14803
read, 7, 7, 826640682, 137773447, 194987
circular-read-start, 7, 7, 13777344700, 2050492
read-wait, 9, 7, 200353
read, 9, 7, 826640682, 137773447, 200353
circular-read-start, 9, 7, 13777344700, 2050678
read-wait, 10, 7, 200323
read, 10, 7, 826640682, 137773447, 200324
circular-read-start, 10, 7, 13777344700, 2050725
read-wait, 6, 7, 197070
read, 6, 7, 826640682, 137773447, 201782
circular-read-start, 6, 7, 13777344700, 2055439
read-wait, 12, 7, 211503
read, 12, 7, 826640682, 137773447, 211503
circular-read-start, 12, 7, 13777344700, 2055618
read-wait, 8, 7, 205259
read, 8, 7, 826640682, 137773447, 205259
circular-read-start, 8, 7, 13777344700, 2055640
read-wait, 5, 7, 200229
read, 5, 7, 826640682, 137773447, 200230
circular-read-start, 5, 7, 13777344700, 2055642
read-wait, 11, 7, 207308
read, 11, 7, 826640682, 137773447, 207308
circular-read-start, 11, 7, 13777344700, 2055653
read-wait, 4, 7, 197797
read, 4, 7, 826640682, 137773447, 200736
circular-read-start, 4, 7, 13777344700, 2058594
read-wait, 3, 7, 205924
read, 3, 7, 826640682, 137773447, 205924
circular-read-start, 3, 7, 13777344700, 2058825
read-start, 11, 8, 964414129, 137773447, 2138296
circular-read-total, 11, 7, 13777344700, 1076, 82655
read-start, 8, 8, 964414129, 137773447, 2141545
circular-read-total, 8, 7, 13777344700, 2903, 85915
read-start, 12, 8, 964414129, 137773447, 2141624
circular-read-total, 12, 7, 13777344700, 1438, 86000
read-start, 10, 8, 964414129, 137773447, 2144436
circular-read-total, 10, 7, 13777344700, 2425, 93724
read-start, 7, 8, 964414129, 137773447, 2146559
circular-read-total, 7, 7, 13777344700, 3921, 96074
read-start, 4, 8, 964414129, 137773447, 2146717
circular-read-total, 4, 7, 13777344700, 3396, 88123
read-start, 3, 8, 964414129, 137773447, 2146795
circular-read-total, 3, 7, 13777344700, 3233, 87970
read-start, 6, 8, 964414129, 137773447, 2147372
circular-read-total, 6, 7, 13777344700, 1282, 91941
read-start, 9, 8, 964414129, 137773447, 2147799
circular-read-total, 9, 7, 13777344700, 3578, 97121
read-start, 5, 8, 964414129, 137773447, 2150360
circular-read-total, 5, 7, 13777344700, 2744, 94722
read-wait, 7, 8, 16951
read, 7, 8, 964414129, 137773447, 195011
circular-read-start, 7, 8, 13777344700, 2341570
read-wait, 9, 8, 193957
read, 9, 8, 964414129, 137773447, 200186
circular-read-start, 9, 8, 13777344700, 2347986
read-wait, 10, 8, 203728
read, 10, 8, 964414129, 137773447, 203728
circular-read-start, 10, 8, 13777344700, 2348164
read-wait, 8, 8, 206621
read, 8, 8, 964414129, 137773447, 206621
circular-read-start, 8, 8, 13777344700, 2348167
read-wait, 6, 8, 200797
read, 6, 8, 964414129, 137773447, 201530
circular-read-start, 6, 8, 13777344700, 2348903
read-wait, 12, 8, 207456
read, 12, 8, 964414129, 137773447, 207456
circular-read-start, 12, 8, 13777344700, 2349081
read-wait, 11, 8, 210795
read, 11, 8, 964414129, 137773447, 210795
circular-read-start, 11, 8, 13777344700, 2349092
read-wait, 5, 8, 198735
read, 5, 8, 964414129, 137773447, 198735
circular-read-start, 5, 8, 13777344700, 2349096
read-wait, 4, 8, 202382
read, 4, 8, 964414129, 137773447, 202382
circular-read-start, 4, 8, 13777344700, 2349100
read-wait, 3, 8, 202320
read, 3, 8, 964414129, 137773447, 202320
circular-read-start, 3, 8, 13777344700, 2349115
read-start, 10, 9, 1102187576, 137773447, 2433315
circular-read-total, 10, 8, 13777344700, 1925, 85159
read-start, 8, 9, 1102187576, 137773447, 2433922
circular-read-total, 8, 8, 13777344700, 2916, 85766
read-start, 12, 9, 1102187576, 137773447, 2435446
circular-read-total, 12, 8, 13777344700, 1258, 86371
read-start, 3, 9, 1102187576, 137773447, 2436919
circular-read-total, 3, 8, 13777344700, 2012, 87805
read-start, 7, 9, 1102187576, 137773447, 2438517
circular-read-total, 7, 8, 13777344700, 2644, 96952
read-start, 11, 9, 1102187576, 137773447, 2439072
circular-read-total, 11, 8, 13777344700, 503, 89988
read-start, 5, 9, 1102187576, 137773447, 2441356
circular-read-total, 5, 8, 13777344700, 2234, 92269
read-start, 4, 9, 1102187576, 137773447, 2441986
circular-read-total, 4, 8, 13777344700, 2958, 92893
read-start, 6, 9, 1102187576, 137773447, 2444495
circular-read-total, 6, 8, 13777344700, 2544, 95595
read-start, 9, 9, 1102187576, 137773447, 2444511
circular-read-total, 9, 8, 13777344700, 3180, 96529
read-wait, 7, 9, 15751
read, 7, 9, 1102187576, 137773447, 194364
circular-read-start, 7, 9, 13777344700, 2632881
read-wait, 10, 9, 199748
read, 10, 9, 1102187576, 137773447, 200198
circular-read-start, 10, 9, 13777344700, 2633513
read-wait, 9, 9, 189177
read, 9, 9, 1102187576, 137773447, 199557
circular-read-start, 9, 9, 13777344700, 2644068
read-wait, 8, 9, 210334
read, 8, 9, 1102187576, 137773447, 218244
circular-read-start, 8, 9, 13777344700, 2652166
read-wait, 11, 9, 213289
read, 11, 9, 1102187576, 137773447, 213289
circular-read-start, 11, 9, 13777344700, 2652362
read-wait, 6, 9, 207870
read, 6, 9, 1102187576, 137773447, 207870
circular-read-start, 6, 9, 13777344700, 2652365
read-wait, 12, 9, 216926
read, 12, 9, 1102187576, 137773447, 216926
circular-read-start, 12, 9, 13777344700, 2652373
read-wait, 4, 9, 210393
read, 4, 9, 1102187576, 137773447, 210393
circular-read-start, 4, 9, 13777344700, 2652379
read-wait, 5, 9, 211025
read, 5, 9, 1102187576, 137773447, 211025
circular-read-start, 5, 9, 13777344700, 2652381
read-wait, 3, 9, 215485
read, 3, 9, 1102187576, 137773447, 215485
circular-read-start, 3, 9, 13777344700, 2652405
read-start, 11, 10, 1239961023, 137773447, 2733727
circular-read-total, 11, 9, 13777344700, 1680, 81376
read-start, 8, 10, 1239961023, 137773447, 2738174
circular-read-total, 8, 9, 13777344700, 4097, 86009
read-start, 10, 10, 1239961023, 137773447, 2738336
circular-read-total, 10, 9, 13777344700, 2798, 104832
read-start, 12, 10, 1239961023, 137773447, 2739028
circular-read-total, 12, 9, 13777344700, 2011, 86662
read-start, 6, 10, 1239961023, 137773447, 2739124
circular-read-total, 6, 9, 13777344700, 3566, 86764
read-start, 5, 10, 1239961023, 137773447, 2739249
circular-read-total, 5, 9, 13777344700, 3415, 86873
read-start, 9, 10, 1239961023, 137773447, 2739346
circular-read-total, 9, 9, 13777344700, 2070, 95288
read-start, 4, 10, 1239961023, 137773447, 2742288
circular-read-total, 4, 9, 13777344700, 3024, 89915
read-start, 3, 10, 1239961023, 137773447, 2742479
circular-read-total, 3, 9, 13777344700, 2627, 90080
read-start, 7, 10, 1239961023, 137773447, 2746446
circular-read-total, 7, 9, 13777344700, 1851, 113571
read-wait, 9, 10, 18869
read, 9, 10, 1239961023, 137773447, 199565
circular-read-start, 9, 10, 13777344700, 2938911
read-wait, 8, 10, 200921
read, 8, 10, 1239961023, 137773447, 212086
circular-read-start, 8, 10, 13777344700, 2950261
read-wait, 11, 10, 216715
read, 11, 10, 1239961023, 137773447, 216715
circular-read-start, 11, 10, 13777344700, 2950443
read-wait, 7, 10, 203999
read, 7, 10, 1239961023, 137773447, 203999
circular-read-start, 7, 10, 13777344700, 2950446
read-wait, 10, 10, 212113
read, 10, 10, 1239961023, 137773447, 212113
circular-read-start, 10, 10, 13777344700, 2950449
read-wait, 6, 10, 211327
read, 6, 10, 1239961023, 137773447, 211327
circular-read-start, 6, 10, 13777344700, 2950452
read-wait, 12, 10, 211428
read, 12, 10, 1239961023, 137773447, 211428
circular-read-start, 12, 10, 13777344700, 2950457
read-wait, 4, 10, 208175
read, 4, 10, 1239961023, 137773447, 208175
circular-read-start, 4, 10, 13777344700, 2950464
read-wait, 5, 10, 211221
read, 5, 10, 1239961023, 137773447, 211221
circular-read-start, 5, 10, 13777344700, 2950470
read-wait, 3, 10, 207996
read, 3, 10, 1239961023, 137773447, 207996
circular-read-start, 3, 10, 13777344700, 2950475
read-start, 12, 11, 1377734470, 22265530, 3034442
circular-read-total, 12, 10, 13777344700, 889, 84000
read-start, 10, 11, 1377734470, 22265530, 3036859
circular-read-total, 10, 10, 13777344700, 1897, 86420
read-start, 3, 11, 1377734470, 22265530, 3037764
circular-read-total, 3, 10, 13777344700, 3245, 87304
read-start, 6, 11, 1377734470, 22265530, 3038362
circular-read-total, 6, 10, 13777344700, 1576, 87917
read-start, 11, 11, 1377734470, 22265530, 3039577
circular-read-total, 11, 10, 13777344700, 984, 89141
read-start, 9, 11, 1377734470, 22265530, 3042052
read-start, 7, 11, 1377734470, 22265530, 3042056
circular-read-total, 9, 10, 13777344700, 1077, 103146
circular-read-total, 7, 10, 13777344700, 1945, 91614
read-start, 8, 11, 1377734470, 22265530, 3042367
circular-read-total, 8, 10, 13777344700, 3552, 92114
read-start, 4, 11, 1377734470, 22265530, 3042579
circular-read-total, 4, 10, 13777344700, 2434, 92122
read-start, 5, 11, 1377734470, 22265530, 3045662
circular-read-total, 5, 10, 13777344700, 2405, 95200
read-wait, 12, 11, 24058
read, 12, 11, 1377734470, 22265530, 192169
circular-read-start, 12, 11, 2226553000, 3226611
read-wait, 8, 11, 184470
read, 8, 11, 1377734470, 22265530, 204863
circular-read-start, 8, 11, 2226553000, 3247231
read-wait, 6, 11, 209053
read, 6, 11, 1377734470, 22265530, 209053
circular-read-start, 6, 11, 2226553000, 3247416
read-wait, 3, 11, 209653
read, 3, 11, 1377734470, 22265530, 209654
circular-read-start, 3, 11, 2226553000, 3247418
read-wait, 4, 11, 204842
read, 4, 11, 1377734470, 22265530, 204842
circular-read-start, 4, 11, 2226553000, 3247421
read-wait, 9, 11, 205370
read, 9, 11, 1377734470, 22265530, 205370
circular-read-start, 9, 11, 2226553000, 3247423
read-wait, 10, 11, 210565
read, 10, 11, 1377734470, 22265530, 210565
circular-read-start, 10, 11, 2226553000, 3247424
read-wait, 5, 11, 201763
read, 5, 11, 1377734470, 22265530, 201763
circular-read-start, 5, 11, 2226553000, 3247426
read-wait, 7, 11, 205371
read, 7, 11, 1377734470, 22265530, 205371
circular-read-start, 7, 11, 2226553000, 3247428
read-wait, 11, 11, 207852
read, 11, 11, 1377734470, 22265530, 207852
circular-read-start, 11, 11, 2226553000, 3247429
circular-read-total, 8, 11, 2226553000, 1742, 9080
circular-read-total, 11, 11, 2226553000, 328, 8915
circular-read-total, 10, 11, 2226553000, 1070, 9206
circular-read-total, 7, 11, 2226553000, 1002, 9579
circular-read-total, 12, 11, 2226553000, 602, 30721
circular-read-total, 9, 11, 2226553000, 1526, 10939
circular-read-total, 4, 11, 2226553000, 1135, 11370
circular-read-total, 3, 11, 2226553000, 1280, 11664
circular-read-total, 5, 11, 2226553000, 1536, 11817
circular-read-total, 6, 11, 2226553000, 917, 12010

cmd-read, 3265156
# Thu Oct 22 14:34:32 PDT 2015
# 8, 1400, 0, read
max-chunk, 3, 1, 137773447, 0
chunk-size, 137773447, 2613
disks, 1

size, 3, 2, 1750000000, 0
size, 4, 1, 1750000000, 0
size, 5, 1, 1750000000, 0
size, 6, 1, 1750000000, 0
size, 7, 1, 1750000000, 0
size, 8, 1, 1750000000, 0
size, 9, 1, 1750000000, 0
size, 10, 1, 1750000000, 1


read-start, 3, 1, 0, 137773447, 68
read-start, 4, 1, 0, 137773447, 68
read-start, 5, 1, 0, 137773447, 68
read-start, 6, 1, 0, 137773447, 68
read-start, 7, 1, 0, 137773447, 68
read-start, 8, 1, 0, 137773447, 68
read-start, 9, 1, 0, 137773447, 68
read-start, 10, 1, 0, 137773447, 68
read-wait, 3, 1, 0
read, 3, 1, 0, 137773447, 293628
circular-read-start, 3, 1, 13777344700, 293696
read-wait, 4, 1, 293957
read, 4, 1, 0, 137773447, 293957
circular-read-start, 4, 1, 13777344700, 294026
read-wait, 5, 1, 293963
read, 5, 1, 0, 137773447, 296258
circular-read-start, 5, 1, 13777344700, 296327
read-wait, 6, 1, 296930
read, 6, 1, 0, 137773447, 307263
circular-read-start, 6, 1, 13777344700, 307332
read-wait, 7, 1, 307995
read, 7, 1, 0, 137773447, 307995
circular-read-start, 7, 1, 13777344700, 308064
read-wait, 8, 1, 308007
read, 8, 1, 0, 137773447, 336000
circular-read-start, 8, 1, 13777344700, 336071
read-wait, 9, 1, 336982
read, 9, 1, 0, 137773447, 336982
circular-read-start, 9, 1, 13777344700, 337051
read-wait, 10, 1, 336994
read, 10, 1, 0, 137773447, 336994
circular-read-start, 10, 1, 13777344700, 337063
read-start, 6, 2, 137773447, 137773447, 440446
circular-read-total, 6, 1, 13777344700, 18859, 133136
read-start, 7, 2, 137773447, 137773447, 449034
circular-read-total, 7, 1, 13777344700, 18676, 140984
read-start, 5, 2, 137773447, 137773447, 449283
circular-read-total, 5, 1, 13777344700, 18754, 152974
read-start, 10, 2, 137773447, 137773447, 455337
circular-read-total, 10, 1, 13777344700, 29113, 118286
read-start, 3, 2, 137773447, 137773447, 457396
circular-read-total, 3, 1, 13777344700, 17083, 163714
read-start, 9, 2, 137773447, 137773447, 457880
circular-read-total, 9, 1, 13777344700, 32550, 120836
read-start, 4, 2, 137773447, 137773447, 458291
circular-read-total, 4, 1, 13777344700, 16378, 164273
read-start, 8, 2, 137773447, 137773447, 490017
circular-read-total, 8, 1, 13777344700, 133001, 153946
read-wait, 6, 2, 49940
read, 6, 2, 137773447, 137773447, 313423
circular-read-start, 6, 2, 13777344700, 753871
read-wait, 5, 2, 305147
read, 5, 2, 137773447, 137773447, 312656
circular-read-start, 5, 2, 13777344700, 761942
read-wait, 7, 2, 313674
read, 7, 2, 137773447, 137773447, 313674
circular-read-start, 7, 2, 13777344700, 762709
read-wait, 4, 2, 304427
read, 4, 2, 137773447, 137773447, 304427
circular-read-start, 4, 2, 13777344700, 762718
read-wait, 8, 2, 272709
read, 8, 2, 137773447, 137773447, 340360
circular-read-start, 8, 2, 13777344700, 830382
read-wait, 9, 2, 373262
read, 9, 2, 137773447, 137773447, 373262
circular-read-start, 9, 2, 13777344700, 831143
read-wait, 10, 2, 375824
read, 10, 2, 137773447, 137773447, 375825
circular-read-start, 10, 2, 13777344700, 831162
read-wait, 3, 2, 373781
read, 3, 2, 137773447, 137773447, 373781
circular-read-start, 3, 2, 13777344700, 831178
read-start, 7, 3, 275546894, 137773447, 949759
circular-read-total, 7, 2, 13777344700, 16391, 187066
read-start, 10, 3, 275546894, 137773447, 952926
circular-read-total, 10, 2, 13777344700, 20874, 121775
read-start, 9, 3, 275546894, 137773447, 954240
circular-read-total, 9, 2, 13777344700, 18906, 123110
read-start, 5, 3, 275546894, 137773447, 955851
circular-read-total, 5, 2, 13777344700, 20235, 193919
read-start, 3, 3, 275546894, 137773447, 958731
circular-read-total, 3, 2, 13777344700, 17605, 127561
read-start, 4, 3, 275546894, 137773447, 960681
circular-read-total, 4, 2, 13777344700, 16795, 197963
read-start, 6, 3, 275546894, 137773447, 968054
circular-read-total, 6, 2, 13777344700, 17092, 214193
read-start, 8, 3, 275546894, 137773447, 987706
circular-read-total, 8, 2, 13777344700, 102373, 157323
read-wait, 5, 3, 34031
read, 5, 3, 275546894, 137773447, 308017
circular-read-start, 5, 3, 13777344700, 1263869
read-wait, 6, 3, 296441
read, 6, 3, 275546894, 137773447, 310761
circular-read-start, 6, 3, 13777344700, 1278815
read-wait, 8, 3, 291778
read, 8, 3, 275546894, 137773447, 324797
circular-read-start, 8, 3, 13777344700, 1312507
read-wait, 7, 3, 363492
read, 7, 3, 275546894, 137773447, 363492
circular-read-start, 7, 3, 13777344700, 1313253
read-wait, 9, 3, 359030
read, 9, 3, 275546894, 137773447, 359030
circular-read-start, 9, 3, 13777344700, 1313270
read-wait, 4, 3, 352626
read, 4, 3, 275546894, 137773447, 352626
circular-read-start, 4, 3, 13777344700, 1313308
read-wait, 10, 3, 360389
read, 10, 3, 275546894, 137773447, 360389
circular-read-start, 10, 3, 13777344700, 1313315
read-wait, 3, 3, 354636
read, 3, 3, 275546894, 137773447, 354636
circular-read-start, 3, 3, 13777344700, 1313368
read-start, 6, 4, 413320341, 137773447, 1428593
circular-read-total, 6, 3, 13777344700, 24478, 149803
read-start, 5, 4, 413320341, 137773447, 1429170
circular-read-total, 5, 3, 13777344700, 27326, 165300
read-start, 7, 4, 413320341, 137773447, 1429407
circular-read-total, 7, 3, 13777344700, 45212, 116166
read-start, 4, 4, 413320341, 137773447, 1435070
circular-read-total, 4, 3, 13777344700, 43403, 121765
read-start, 3, 4, 413320341, 137773447, 1435390
circular-read-total, 3, 3, 13777344700, 34146, 122025
read-start, 9, 4, 413320341, 137773447, 1435409
circular-read-total, 9, 3, 13777344700, 42425, 122143
read-start, 10, 4, 413320341, 137773447, 1437673
circular-read-total, 10, 3, 13777344700, 44138, 124364
read-start, 8, 4, 413320341, 137773447, 1454383
circular-read-total, 8, 3, 13777344700, 96940, 141878
read-wait, 5, 4, 27182
read, 5, 4, 413320341, 137773447, 297043
circular-read-start, 5, 4, 13777344700, 1726214
read-wait, 8, 4, 272582
read, 8, 4, 413320341, 137773447, 313140
circular-read-start, 8, 4, 13777344700, 1767524
read-wait, 7, 4, 338967
read, 7, 4, 413320341, 137773447, 338967
circular-read-start, 7, 4, 13777344700, 1768374
read-wait, 6, 4, 339818
read, 6, 4, 413320341, 137773447, 339818
circular-read-start, 6, 4, 13777344700, 1768411
read-wait, 9, 4, 333021
read, 9, 4, 413320341, 137773447, 333021
circular-read-start, 9, 4, 13777344700, 1768431
read-wait, 10, 4, 330787
read, 10, 4, 413320341, 137773447, 330789
circular-read-start, 10, 4, 13777344700, 1768463
read-wait, 4, 4, 333429
read, 4, 4, 413320341, 137773447, 333429
circular-read-start, 4, 4, 13777344700, 1768501
read-wait, 3, 4, 333139
read, 3, 4, 413320341, 137773447, 333139
circular-read-start, 3, 4, 13777344700, 1768529
read-start, 7, 5, 551093788, 137773447, 1880205
circular-read-total, 7, 4, 13777344700, 48886, 111847
read-start, 6, 5, 551093788, 137773447, 1880780
circular-read-total, 6, 4, 13777344700, 49080, 112381
read-start, 5, 5, 551093788, 137773447, 1880892
circular-read-total, 5, 4, 13777344700, 28985, 154677
read-start, 10, 5, 551093788, 137773447, 1882386
circular-read-total, 10, 4, 13777344700, 47951, 113937
read-start, 3, 5, 551093788, 137773447, 1887735
circular-read-total, 3, 4, 13777344700, 46439, 119212
read-start, 9, 5, 551093788, 137773447, 1888154
circular-read-total, 9, 4, 13777344700, 45208, 119728
read-start, 4, 5, 551093788, 137773447, 1888837
circular-read-total, 4, 4, 13777344700, 47668, 120341
read-start, 8, 5, 551093788, 137773447, 1902784
circular-read-total, 8, 4, 13777344700, 118027, 135259
read-wait, 6, 5, 25347
read, 6, 5, 551093788, 137773447, 297686
circular-read-start, 6, 5, 13777344700, 2178467
read-wait, 8, 5, 276324
read, 8, 5, 551093788, 137773447, 356629
circular-read-start, 8, 5, 13777344700, 2259413
read-wait, 5, 5, 379608
read, 5, 5, 551093788, 137773447, 379608
circular-read-start, 5, 5, 13777344700, 2260501
read-wait, 9, 5, 372384
read, 9, 5, 551093788, 137773447, 372384
circular-read-start, 9, 5, 13777344700, 2260538
read-wait, 7, 5, 380352
read, 7, 5, 551093788, 137773447, 380352
circular-read-start, 7, 5, 13777344700, 2260557
read-wait, 10, 5, 378209
read, 10, 5, 551093788, 137773447, 378209
circular-read-start, 10, 5, 13777344700, 2260596
read-wait, 4, 5, 371776
read, 4, 5, 551093788, 137773447, 371776
circular-read-start, 4, 5, 13777344700, 2260614
read-wait, 3, 5, 372890
read, 3, 5, 551093788, 137773447, 372890
circular-read-start, 3, 5, 13777344700, 2260625
read-start, 7, 6, 688867235, 137773447, 2376276
circular-read-total, 7, 5, 13777344700, 52445, 115739
read-start, 10, 6, 688867235, 137773447, 2377225
circular-read-total, 10, 5, 13777344700, 51253, 116647
read-start, 5, 6, 688867235, 137773447, 2377812
circular-read-total, 5, 5, 13777344700, 52750, 117311
read-start, 6, 6, 688867235, 137773447, 2383064
circular-read-total, 6, 5, 13777344700, 29207, 204616
read-start, 3, 6, 688867235, 137773447, 2383608
circular-read-total, 3, 5, 13777344700, 50089, 122987
read-start, 9, 6, 688867235, 137773447, 2386383
circular-read-total, 9, 5, 13777344700, 50177, 125847
read-start, 4, 6, 688867235, 137773447, 2386450
circular-read-total, 4, 5, 13777344700, 50380, 125848
read-start, 8, 6, 688867235, 137773447, 2396883
circular-read-total, 8, 5, 13777344700, 68060, 137470
read-wait, 6, 6, 21861
read, 6, 6, 688867235, 137773447, 292635
circular-read-start, 6, 6, 13777344700, 2675700
read-wait, 8, 6, 279479
read, 8, 6, 688867235, 137773447, 321876
circular-read-start, 8, 6, 13777344700, 2718760
read-wait, 5, 6, 341543
read, 5, 6, 688867235, 137773447, 341543
circular-read-start, 5, 6, 13777344700, 2719356
read-wait, 7, 6, 343127
read, 7, 6, 688867235, 137773447, 343127
circular-read-start, 7, 6, 13777344700, 2719403
read-wait, 9, 6, 333031
read, 9, 6, 688867235, 137773447, 333031
circular-read-start, 9, 6, 13777344700, 2719417
read-wait, 4, 6, 332989
read, 4, 6, 688867235, 137773447, 332989
circular-read-start, 4, 6, 13777344700, 2719440
read-wait, 10, 6, 342238
read, 10, 6, 688867235, 137773447, 342239
circular-read-start, 10, 6, 13777344700, 2719464
read-wait, 3, 6, 335878
read, 3, 6, 688867235, 137773447, 335878
circular-read-start, 3, 6, 13777344700, 2719486
read-start, 5, 7, 826640682, 137773447, 2826035
circular-read-total, 5, 6, 13777344700, 63200, 106681
read-start, 4, 7, 826640682, 137773447, 2827079
circular-read-total, 4, 6, 13777344700, 65434, 107650
read-start, 6, 7, 826640682, 137773447, 2828146
circular-read-total, 6, 6, 13777344700, 43399, 152444
read-start, 7, 7, 826640682, 137773447, 2828596
circular-read-total, 7, 6, 13777344700, 65803, 109194
read-start, 10, 7, 826640682, 137773447, 2829361
circular-read-total, 10, 6, 13777344700, 62799, 109899
read-start, 8, 7, 826640682, 137773447, 2830639
circular-read-total, 8, 6, 13777344700, 61611, 111884
read-start, 9, 7, 826640682, 137773447, 2831312
circular-read-total, 9, 6, 13777344700, 60556, 111901
read-start, 3, 7, 826640682, 137773447, 2832317
circular-read-total, 3, 6, 13777344700, 64551, 112835
read-wait, 6, 7, 19014
read, 6, 7, 826640682, 137773447, 270696
circular-read-start, 6, 7, 13777344700, 3098843
read-wait, 8, 7, 268813
read, 8, 7, 826640682, 137773447, 339854
circular-read-start, 8, 7, 13777344700, 3170494
read-wait, 7, 7, 342544
read, 7, 7, 826640682, 137773447, 342544
circular-read-start, 7, 7, 13777344700, 3171141
read-wait, 5, 7, 345120
read, 5, 7, 826640682, 137773447, 345120
circular-read-start, 5, 7, 13777344700, 3171156
read-wait, 9, 7, 339907
read, 9, 7, 826640682, 137773447, 339907
circular-read-start, 9, 7, 13777344700, 3171220
read-wait, 10, 7, 341890
read, 10, 7, 826640682, 137773447, 341890
circular-read-start, 10, 7, 13777344700, 3171252
read-wait, 3, 7, 339007
read, 3, 7, 826640682, 137773447, 339007
circular-read-start, 3, 7, 13777344700, 3171325
read-wait, 4, 7, 344308
read, 4, 7, 826640682, 137773447, 344308
circular-read-start, 4, 7, 13777344700, 3171388
read-start, 7, 8, 964414129, 137773447, 3294609
circular-read-total, 7, 7, 13777344700, 65049, 123488
read-start, 10, 8, 964414129, 137773447, 3294691
circular-read-total, 10, 7, 13777344700, 64270, 123449
read-start, 5, 8, 964414129, 137773447, 3296599
circular-read-total, 5, 7, 13777344700, 63961, 125450
read-start, 9, 8, 964414129, 137773447, 3301790
circular-read-total, 9, 7, 13777344700, 64457, 130586
read-start, 6, 8, 964414129, 137773447, 3302379
circular-read-total, 6, 7, 13777344700, 31903, 203544
read-start, 4, 8, 964414129, 137773447, 3305503
circular-read-total, 4, 7, 13777344700, 64816, 134118
read-start, 3, 8, 964414129, 137773447, 3309119
circular-read-total, 3, 7, 13777344700, 61487, 137804
read-start, 8, 8, 964414129, 137773447, 3310147
circular-read-total, 8, 7, 13777344700, 69807, 139672
read-wait, 6, 8, 26612
read, 6, 8, 964414129, 137773447, 252491
circular-read-start, 6, 8, 13777344700, 3554874
read-wait, 8, 8, 245403
read, 8, 8, 964414129, 137773447, 342963
circular-read-start, 8, 8, 13777344700, 3653111
read-wait, 7, 8, 359193
read, 7, 8, 964414129, 137773447, 359193
circular-read-start, 7, 8, 13777344700, 3653804
read-wait, 5, 8, 357228
read, 5, 8, 964414129, 137773447, 357228
circular-read-start, 5, 8, 13777344700, 3653827
read-wait, 9, 8, 352065
read, 9, 8, 964414129, 137773447, 352065
circular-read-start, 9, 8, 13777344700, 3653856
read-wait, 10, 8, 359210
read, 10, 8, 964414129, 137773447, 359210
circular-read-start, 10, 8, 13777344700, 3653902
read-wait, 4, 8, 348442
read, 4, 8, 964414129, 137773447, 348442
circular-read-start, 4, 8, 13777344700, 3653946
read-wait, 3, 8, 344877
read, 3, 8, 964414129, 137773447, 344877
circular-read-start, 3, 8, 13777344700, 3653997
read-start, 7, 9, 1102187576, 137773447, 3782097
circular-read-total, 7, 8, 13777344700, 64530, 128292
read-start, 5, 9, 1102187576, 137773447, 3784534
circular-read-total, 5, 8, 13777344700, 63447, 130706
read-start, 6, 9, 1102187576, 137773447, 3787658
circular-read-total, 6, 8, 13777344700, 32033, 232784
read-start, 9, 9, 1102187576, 137773447, 3791103
circular-read-total, 9, 8, 13777344700, 61447, 137289
read-start, 8, 9, 1102187576, 137773447, 3798303
circular-read-total, 8, 8, 13777344700, 59723, 145193
read-start, 10, 9, 1102187576, 137773447, 3799277
circular-read-total, 10, 8, 13777344700, 62212, 145386
read-start, 4, 9, 1102187576, 137773447, 3804608
circular-read-total, 4, 8, 13777344700, 63240, 150686
read-start, 3, 9, 1102187576, 137773447, 3805474
circular-read-total, 3, 8, 13777344700, 61707, 151488
read-wait, 6, 9, 36008
read, 6, 9, 1102187576, 137773447, 249170
circular-read-start, 6, 9, 13777344700, 4036828
read-wait, 8, 9, 239204
read, 8, 9, 1102187576, 137773447, 339361
circular-read-start, 8, 9, 13777344700, 4137665
read-wait, 5, 9, 353690
read, 5, 9, 1102187576, 137773447, 353690
circular-read-start, 5, 9, 13777344700, 4138225
read-wait, 9, 9, 347170
read, 9, 9, 1102187576, 137773447, 347171
circular-read-start, 9, 9, 13777344700, 4138275
read-wait, 7, 9, 356201
read, 7, 9, 1102187576, 137773447, 356201
circular-read-start, 7, 9, 13777344700, 4138298
read-wait, 10, 9, 339070
read, 10, 9, 1102187576, 137773447, 339070
circular-read-start, 10, 9, 13777344700, 4138347
read-wait, 4, 9, 333820
read, 4, 9, 1102187576, 137773447, 333820
circular-read-start, 4, 9, 13777344700, 4138428
read-wait, 3, 9, 333025
read, 3, 9, 1102187576, 137773447, 333025
circular-read-start, 3, 9, 13777344700, 4138500
read-start, 7, 10, 1239961023, 137773447, 4266918
circular-read-total, 7, 9, 13777344700, 66382, 128635
read-start, 5, 10, 1239961023, 137773447, 4268369
circular-read-total, 5, 9, 13777344700, 66381, 130144
read-start, 10, 10, 1239961023, 137773447, 4275510
circular-read-total, 10, 9, 13777344700, 63101, 137187
read-start, 9, 10, 1239961023, 137773447, 4277464
circular-read-total, 9, 9, 13777344700, 63257, 139221
read-start, 3, 10, 1239961023, 137773447, 4283975
circular-read-total, 3, 9, 13777344700, 62974, 145474
read-start, 4, 10, 1239961023, 137773447, 4284569
circular-read-total, 4, 9, 13777344700, 64996, 146155
read-start, 8, 10, 1239961023, 137773447, 4286130
circular-read-total, 8, 9, 13777344700, 64979, 148469
read-start, 6, 10, 1239961023, 137773447, 4287339
circular-read-total, 6, 9, 13777344700, 33051, 250532
read-wait, 6, 10, 21280
read, 6, 10, 1239961023, 137773447, 257175
circular-read-start, 6, 10, 13777344700, 4544515
read-wait, 7, 10, 278152
read, 7, 10, 1239961023, 137773447, 278152
circular-read-start, 7, 10, 13777344700, 4545071
read-wait, 8, 10, 258953
read, 8, 10, 1239961023, 137773447, 330503
circular-read-start, 8, 10, 13777344700, 4616634
read-wait, 9, 10, 339748
read, 9, 10, 1239961023, 137773447, 339748
circular-read-start, 9, 10, 13777344700, 4617213
read-wait, 5, 10, 348891
read, 5, 10, 1239961023, 137773447, 348892
circular-read-start, 5, 10, 13777344700, 4617262
read-wait, 10, 10, 341769
read, 10, 10, 1239961023, 137773447, 341769
circular-read-start, 10, 10, 13777344700, 4617279
read-wait, 4, 10, 332802
read, 4, 10, 1239961023, 137773447, 332803
circular-read-start, 4, 10, 13777344700, 4617373
read-wait, 3, 10, 333461
read, 3, 10, 1239961023, 137773447, 333461
circular-read-start, 3, 10, 13777344700, 4617436
read-start, 7, 11, 1377734470, 137773447, 4746752
circular-read-total, 7, 10, 13777344700, 43172, 201693
read-start, 6, 11, 1377734470, 137773447, 4747763
circular-read-total, 6, 10, 13777344700, 28106, 203262
read-start, 5, 11, 1377734470, 137773447, 4750460
circular-read-total, 5, 10, 13777344700, 53781, 133212
read-start, 10, 11, 1377734470, 137773447, 4757912
circular-read-total, 10, 10, 13777344700, 53752, 140633
read-start, 9, 11, 1377734470, 137773447, 4758377
circular-read-total, 9, 10, 13777344700, 53942, 141179
read-start, 4, 11, 1377734470, 137773447, 4760272
circular-read-total, 4, 10, 13777344700, 54261, 142906
read-start, 3, 11, 1377734470, 137773447, 4760440
circular-read-total, 3, 10, 13777344700, 52752, 143004
read-start, 8, 11, 1377734470, 137773447, 4768429
circular-read-total, 8, 10, 13777344700, 58394, 151805
read-wait, 6, 11, 34757
read, 6, 11, 1377734470, 137773447, 259061
circular-read-start, 6, 11, 13777344700, 5006825
read-wait, 8, 11, 239022
read, 8, 11, 1377734470, 137773447, 335611
circular-read-start, 8, 11, 13777344700, 5104040
read-wait, 9, 11, 346293
read, 9, 11, 1377734470, 137773447, 346293
circular-read-start, 9, 11, 13777344700, 5104670
read-wait, 7, 11, 357954
read, 7, 11, 1377734470, 137773447, 357954
circular-read-start, 7, 11, 13777344700, 5104706
read-wait, 5, 11, 354273
read, 5, 11, 1377734470, 137773447, 354273
circular-read-start, 5, 11, 13777344700, 5104734
read-wait, 10, 11, 346840
read, 10, 11, 1377734470, 137773447, 346840
circular-read-start, 10, 11, 13777344700, 5104753
read-wait, 4, 11, 344546
read, 4, 11, 1377734470, 137773447, 344546
circular-read-start, 4, 11, 13777344700, 5104818
read-wait, 3, 11, 344395
read, 3, 11, 1377734470, 137773447, 344395
circular-read-start, 3, 11, 13777344700, 5104836
read-start, 9, 12, 1515507917, 137773447, 5226408
circular-read-total, 9, 11, 13777344700, 53820, 121756
read-start, 6, 12, 1515507917, 137773447, 5227215
circular-read-total, 6, 11, 13777344700, 29737, 220405
read-start, 10, 12, 1515507917, 137773447, 5228951
circular-read-total, 10, 11, 13777344700, 52165, 124214
read-start, 7, 12, 1515507917, 137773447, 5231184
circular-read-total, 7, 11, 13777344700, 56271, 126497
read-start, 4, 12, 1515507917, 137773447, 5233483
circular-read-total, 4, 11, 13777344700, 55824, 128682
read-start, 8, 12, 1515507917, 137773447, 5234103
circular-read-total, 8, 11, 13777344700, 57590, 130074
read-start, 5, 12, 1515507917, 137773447, 5234224
circular-read-total, 5, 11, 13777344700, 54802, 129495
read-start, 3, 12, 1515507917, 137773447, 5236626
circular-read-total, 3, 11, 13777344700, 52365, 131799
read-wait, 9, 12, 29044
read, 9, 12, 1515507917, 137773447, 252633
circular-read-start, 9, 12, 13777344700, 5479042
read-wait, 7, 12, 248163
read, 7, 12, 1515507917, 137773447, 257671
circular-read-start, 7, 12, 13777344700, 5488855
read-wait, 6, 12, 262136
read, 6, 12, 1515507917, 137773447, 262136
circular-read-start, 6, 12, 13777344700, 5489352
read-wait, 8, 12, 255257
read, 8, 12, 1515507917, 137773447, 328564
circular-read-start, 8, 12, 13777344700, 5562668
read-wait, 10, 12, 334287
read, 10, 12, 1515507917, 137773447, 334288
circular-read-start, 10, 12, 13777344700, 5563239
read-wait, 5, 12, 329032
read, 5, 12, 1515507917, 137773447, 329032
circular-read-start, 5, 12, 13777344700, 5563257
read-wait, 3, 12, 326686
read, 3, 12, 1515507917, 137773447, 326686
circular-read-start, 3, 12, 13777344700, 5563312
read-wait, 4, 12, 329836
read, 4, 12, 1515507917, 137773447, 329836
circular-read-start, 4, 12, 13777344700, 5563320
read-start, 6, 13, 1653281364, 96718636, 5680413
circular-read-total, 6, 12, 13777344700, 17107, 191092
read-start, 9, 13, 1653281364, 96718636, 5687727
circular-read-total, 9, 12, 13777344700, 13504, 208685
read-start, 7, 13, 1653281364, 96718636, 5688597
circular-read-total, 7, 12, 13777344700, 18320, 199752
read-start, 10, 13, 1653281364, 96718636, 5690840
circular-read-total, 10, 12, 13777344700, 32278, 127611
read-start, 5, 13, 1653281364, 96718636, 5691772
circular-read-total, 5, 12, 13777344700, 32754, 128532
read-start, 4, 13, 1653281364, 96718636, 5693630
circular-read-total, 4, 12, 13777344700, 31185, 130320
read-start, 3, 13, 1653281364, 96718636, 5695190
circular-read-total, 3, 12, 13777344700, 29005, 131885
read-start, 8, 13, 1653281364, 96718636, 5698590
circular-read-total, 8, 12, 13777344700, 36601, 135932
read-wait, 9, 13, 29215
read, 9, 13, 1653281364, 96718636, 252962
circular-read-start, 9, 13, 9671863600, 5940690
read-wait, 8, 13, 242398
read, 8, 13, 1653281364, 96718636, 331545
circular-read-start, 8, 13, 9671863600, 6030138
read-wait, 6, 13, 350322
read, 6, 13, 1653281364, 96718636, 350322
circular-read-start, 6, 13, 9671863600, 6030736
read-wait, 10, 13, 339908
read, 10, 13, 1653281364, 96718636, 339909
circular-read-start, 10, 13, 9671863600, 6030749
read-wait, 5, 13, 339014
read, 5, 13, 1653281364, 96718636, 339014
circular-read-start, 5, 13, 9671863600, 6030787
read-wait, 7, 13, 342215
read, 7, 13, 1653281364, 96718636, 342215
circular-read-start, 7, 13, 9671863600, 6030813
read-wait, 3, 13, 335650
read, 3, 13, 1653281364, 96718636, 335650
circular-read-start, 3, 13, 9671863600, 6030841
read-wait, 4, 13, 337224
read, 4, 13, 1653281364, 96718636, 337224
circular-read-start, 4, 13, 9671863600, 6030855
circular-read-total, 6, 13, 9671863600, 53262, 71090
circular-read-total, 10, 13, 9671863600, 52936, 75466
circular-read-total, 7, 13, 9671863600, 55483, 77982
circular-read-total, 5, 13, 9671863600, 55127, 79612
circular-read-total, 4, 13, 9671863600, 54948, 84921
circular-read-total, 9, 13, 9671863600, 22303, 187278
circular-read-total, 8, 13, 9671863600, 54242, 100453
circular-read-total, 3, 13, 9671863600, 51760, 107901

cmd-read, 6155558
