# Thu Oct 22 12:48:37 PDT 2015
record-value, 112
seek-chunk, 137773447
file, 4, 1400000000

read-start, 1, 0, 137773447, 24954
circular-read-start, 4, 1, 140000000000, 26123
circular-read-total, 4, 1, 140000000000, 229700, 241709
linear-scan, 242616
-sort , 42050, 48
-merge, 28279, 48
-last , 904
read, 1, 137773447, 243784
network, 1, 88844

read-start, 2, 137773447, 137773447, 357606
circular-read-start, 4, 2, 140000000000, 357958
circular-read-total, 4, 2, 140000000000, 216235, 239405
linear-scan, 239814
-sort , 37450, 47
-merge, 26196, 47
-last , 408
read, 2, 137773447, 240165
network, 2, 83195

read-start, 3, 275546894, 137773447, 680997
circular-read-start, 4, 3, 140000000000, 681321
circular-read-total, 4, 3, 140000000000, 188653, 206408
linear-scan, 207055
-sort , 31522, 45
-merge, 20382, 45
-last , 645
read, 3, 137773447, 207379
network, 3, 97305

read-start, 4, 413320341, 137773447, 985714
circular-read-start, 4, 4, 140000000000, 986040
circular-read-total, 4, 4, 140000000000, 188289, 203568
linear-scan, 204323
-sort , 31244, 43
-merge, 20172, 43
-last , 754
read, 4, 137773447, 204649
network, 4, 99528

read-start, 5, 551093788, 137773447, 1289909
circular-read-start, 4, 5, 140000000000, 1290237
circular-read-total, 4, 5, 140000000000, 188494, 199947
linear-scan, 200529
-sort , 29794, 41
-merge, 19602, 41
-last , 580
read, 5, 137773447, 200857
network, 5, 90671

read-start, 6, 688867235, 137773447, 1581466
circular-read-start, 4, 6, 140000000000, 1581790
circular-read-total, 4, 6, 140000000000, 191216, 199845
linear-scan, 200784
-sort , 27690, 38
-merge, 18461, 38
-last , 937
read, 6, 137773447, 201108
network, 6, 92670

read-start, 7, 826640682, 137773447, 1875277
circular-read-start, 4, 7, 140000000000, 1875605
circular-read-total, 4, 7, 140000000000, 188249, 196925
linear-scan, 197777
-sort , 25237, 35
-merge, 16692, 35
-last , 851
read, 7, 137773447, 198105
network, 7, 93036

read-start, 8, 964414129, 137773447, 2166441
circular-read-start, 4, 8, 140000000000, 2166765
circular-read-total, 4, 8, 140000000000, 191964, 200526
linear-scan, 201451
-sort , 21859, 31
-merge, 14953, 31
-last , 923
read, 8, 137773447, 201774
network, 8, 90563

read-start, 9, 1102187576, 137773447, 2458818
circular-read-start, 4, 9, 140000000000, 2459158
circular-read-total, 4, 9, 140000000000, 209333, 217353
linear-scan, 217903
-sort , 21180, 26
-merge, 14476, 26
-last , 548
read, 9, 137773447, 218243
network, 9, 85983

read-start, 10, 1239961023, 137773447, 2763071
circular-read-start, 4, 10, 140000000000, 2763420
circular-read-total, 4, 10, 140000000000, 203334, 211258
linear-scan, 211736
-sort , 12948, 17
-merge, 9999, 17
-last , 476
read, 10, 137773447, 212084
network, 10, 92082

read-start, 11, 1377734470, 22265530, 3067264
circular-read-start, 4, 11, 140000000000, 3067319
circular-read-total, 4, 11, 140000000000, 196819, 204732
linear-scan, 204801
-sort , 1742, 8
-merge, 776, 8
-last , 68
read, 11, 22265530, 204856
network, 11, 9067

exit, 3290112
# Thu Oct 22 14:34:32 PDT 2015
record-value, 112
seek-chunk, 137773447
file, 4, 1750000000

read-start, 1, 0, 137773447, 17972
circular-read-start, 4, 1, 175000000000, 20705
circular-read-total, 4, 1, 175000000000, 265058, 303409
linear-scan, 304529
-sort , 41577, 51
-merge, 28109, 51
-last , 1118
read, 1, 137773447, 307262
network, 1, 133053

read-start, 2, 137773447, 137773447, 458353
circular-read-start, 4, 2, 175000000000, 459507
circular-read-total, 4, 2, 175000000000, 264016, 311394
linear-scan, 312258
-sort , 40471, 50
-merge, 29186, 50
-last , 862
read, 2, 137773447, 313413
network, 2, 214125

read-start, 3, 275546894, 137773447, 985959
circular-read-start, 4, 3, 175000000000, 987153
circular-read-total, 4, 3, 175000000000, 263216, 308622
linear-scan, 309564
-sort , 38517, 49
-merge, 28767, 49
-last , 939
read, 3, 137773447, 310758
network, 3, 149744

read-start, 4, 413320341, 137773447, 1446500
circular-read-start, 4, 4, 175000000000, 1447631
circular-read-total, 4, 4, 175000000000, 262857, 302969
linear-scan, 304124
-sort , 37632, 47
-merge, 26334, 47
-last , 1152
read, 4, 137773447, 305256
network, 4, 146892

read-start, 5, 551093788, 137773447, 1898684
circular-read-start, 4, 5, 175000000000, 1899772
circular-read-total, 4, 5, 175000000000, 261465, 295891
linear-scan, 296577
-sort , 36921, 46
-merge, 26400, 46
-last , 684
read, 5, 137773447, 297666
network, 5, 204540

read-start, 6, 688867235, 137773447, 2400968
circular-read-start, 4, 6, 175000000000, 2402058
circular-read-total, 4, 6, 175000000000, 262211, 290704
linear-scan, 291536
-sort , 36245, 44
-merge, 25680, 44
-last , 830
read, 6, 137773447, 292626
network, 6, 152427

read-start, 7, 826640682, 137773447, 2846050
circular-read-start, 4, 7, 175000000000, 2847178
circular-read-total, 4, 7, 175000000000, 243281, 268733
linear-scan, 269564
-sort , 31414, 42
-merge, 23637, 42
-last , 829
read, 7, 137773447, 270692
network, 7, 203519

read-start, 8, 964414129, 137773447, 3320283
circular-read-start, 4, 8, 175000000000, 3321342
circular-read-total, 4, 8, 175000000000, 235553, 250750
linear-scan, 251428
-sort , 28951, 40
-merge, 21949, 40
-last , 675
read, 8, 137773447, 252487
network, 8, 232750

read-start, 9, 1102187576, 137773447, 3805561
circular-read-start, 4, 9, 175000000000, 3806600
circular-read-total, 4, 9, 175000000000, 235796, 247087
linear-scan, 248126
-sort , 26759, 37
-merge, 20940, 37
-last , 1037
read, 9, 137773447, 249165
network, 9, 250466

read-start, 10, 1239961023, 137773447, 4305243
circular-read-start, 4, 10, 175000000000, 4306646
circular-read-total, 4, 10, 175000000000, 244760, 254626
linear-scan, 255766
-sort , 24126, 33
-merge, 20765, 33
-last , 1137
read, 10, 137773447, 257169
network, 10, 203228

read-start, 11, 1377734470, 137773447, 4765667
circular-read-start, 4, 11, 175000000000, 4767250
circular-read-total, 4, 11, 175000000000, 247371, 256800
linear-scan, 257470
-sort , 21051, 29
-merge, 20219, 29
-last , 668
read, 11, 137773447, 259054
network, 11, 220376

read-start, 12, 1515507917, 137773447, 5245119
circular-read-start, 4, 12, 175000000000, 5246250
circular-read-total, 4, 12, 175000000000, 242801, 253027
linear-scan, 254146
-sort , 15841, 22
-merge, 15909, 22
-last , 1116
read, 12, 137773447, 255277
network, 12, 197879

read-start, 13, 1653281364, 96718636, 5698319
circular-read-start, 4, 13, 175000000000, 5699095
circular-read-total, 4, 13, 175000000000, 235613, 246992
linear-scan, 247628
-sort , 5796, 14
-merge, 6970, 14
-last , 633
read, 13, 96718636, 248403
network, 13, 172849

exit, 6173532
