# Thu Oct 22 14:34:32 PDT 2015
record-value, 112
seek-chunk, 137773447
file, 4, 1750000000

read-start, 1, 0, 137773447, 8874
circular-read-start, 4, 1, 175000000000, 9992
circular-read-total, 4, 1, 175000000000, 240307, 261556
linear-scan, 262375
-sort , 34859, 51
-merge, 23175, 51
-last , 817
read, 1, 137773447, 263493
network, 1, 194705

read-start, 2, 137773447, 137773447, 467097
circular-read-start, 4, 2, 175000000000, 467460
circular-read-total, 4, 2, 175000000000, 238753, 268782
linear-scan, 269463
-sort , 33633, 50
-merge, 22447, 50
-last , 679
read, 2, 137773447, 269826
network, 2, 232545

read-start, 3, 275546894, 137773447, 969487
circular-read-start, 4, 3, 175000000000, 969845
circular-read-total, 4, 3, 175000000000, 239395, 265972
linear-scan, 266572
-sort , 32966, 49
-merge, 22138, 49
-last , 597
read, 3, 137773447, 266929
network, 3, 207412

read-start, 4, 413320341, 137773447, 1443877
circular-read-start, 4, 4, 175000000000, 1444227
circular-read-total, 4, 4, 175000000000, 240404, 262715
linear-scan, 263583
-sort , 31937, 47
-merge, 21314, 47
-last , 866
read, 4, 137773447, 263932
network, 4, 189809

read-start, 5, 551093788, 137773447, 1897643
circular-read-start, 4, 5, 175000000000, 1898013
circular-read-total, 4, 5, 175000000000, 240508, 259574
linear-scan, 260179
-sort , 31318, 46
-merge, 21021, 46
-last , 603
read, 5, 137773447, 260549
network, 5, 237013

read-start, 6, 688867235, 137773447, 2395257
circular-read-start, 4, 6, 175000000000, 2395607
circular-read-total, 4, 6, 175000000000, 239305, 253450
linear-scan, 254223
-sort , 30148, 44
-merge, 20562, 44
-last , 772
read, 6, 137773447, 254574
network, 6, 186034

read-start, 7, 826640682, 137773447, 2835885
circular-read-start, 4, 7, 175000000000, 2836268
circular-read-total, 4, 7, 175000000000, 241373, 252251
linear-scan, 253028
-sort , 28969, 42
-merge, 20536, 42
-last , 775
read, 7, 137773447, 253411
network, 7, 224979

read-start, 8, 964414129, 137773447, 3314312
circular-read-start, 4, 8, 175000000000, 3314684
circular-read-total, 4, 8, 175000000000, 239472, 250451
linear-scan, 250939
-sort , 27030, 40
-merge, 18942, 40
-last , 486
read, 8, 137773447, 251312
network, 8, 247753

read-start, 9, 1102187576, 137773447, 3813414
circular-read-start, 4, 9, 175000000000, 3813775
circular-read-total, 4, 9, 175000000000, 239443, 250280
linear-scan, 250944
-sort , 24980, 37
-merge, 17544, 37
-last , 662
read, 9, 137773447, 251306
network, 9, 228602

read-start, 10, 1239961023, 137773447, 4293376
circular-read-start, 4, 10, 175000000000, 4293715
circular-read-total, 4, 10, 175000000000, 238154, 249130
linear-scan, 250021
-sort , 22583, 33
-merge, 15550, 33
-last , 890
read, 10, 137773447, 250360
network, 10, 225301

read-start, 11, 1377734470, 137773447, 4769078
circular-read-start, 4, 11, 175000000000, 4769434
circular-read-total, 4, 11, 175000000000, 237504, 248520
linear-scan, 249150
-sort , 19652, 29
-merge, 13574, 29
-last , 628
read, 11, 137773447, 249506
network, 11, 223692

read-start, 12, 1515507917, 137773447, 5242289
circular-read-start, 4, 12, 175000000000, 5242661
circular-read-total, 4, 12, 175000000000, 237813, 248804
linear-scan, 249490
-sort , 14679, 22
-merge, 10546, 22
-last , 685
read, 12, 137773447, 249862
network, 12, 210254

read-start, 13, 1653281364, 96718636, 5702437
circular-read-start, 4, 13, 175000000000, 5702680
circular-read-total, 4, 13, 175000000000, 236129, 247292
linear-scan, 247915
-sort , 5553, 14
-merge, 4805, 14
-last , 622
read, 13, 96718636, 248159
network, 13, 173860

exit, 6164434
