# Thu Sep 10 01:07:23 UTC 2015
# 1, 500, 0, true, read
record-value, 112
chunk-size, 171478413, 2967
disks, 1

size, 5, 1, 5242880000, 0


read-start, 5, 1, 0, 171478413, 16
read-wait, 5, 1, 0
read, 5, 1, 0, 171478413, 1111386
network, 1, 195486
read-start, 5, 2, 171478413, 171478413, 1306890
read-wait, 5, 2, 0
read, 5, 2, 171478413, 171478413, 1081513
network, 2, 195576
read-start, 5, 3, 342956826, 171478413, 2583981
read-wait, 5, 3, 0
read, 5, 3, 342956826, 171478413, 1082625
network, 3, 195474
read-start, 5, 4, 514435239, 171478413, 3862082
read-wait, 5, 4, 0
read, 5, 4, 514435239, 171478413, 1082236
network, 4, 195425
read-start, 5, 5, 685913652, 171478413, 5139744
read-wait, 5, 5, 0
read, 5, 5, 685913652, 171478413, 1082005
network, 5, 195353
read-start, 5, 6, 857392065, 171478413, 6417103
read-wait, 5, 6, 0
read, 5, 6, 857392065, 171478413, 1084492
network, 6, 195388
read-start, 5, 7, 1028870478, 171478413, 7696985
read-wait, 5, 7, 0
read, 5, 7, 1028870478, 171478413, 1082452
network, 7, 195414
read-start, 5, 8, 1200348891, 171478413, 8974852
read-wait, 5, 8, 0
read, 5, 8, 1200348891, 171478413, 1082010
network, 8, 195370
read-start, 5, 9, 1371827304, 171478413, 10252233
read-wait, 5, 9, 0
read, 5, 9, 1371827304, 171478413, 1081614
network, 9, 195321
read-start, 5, 10, 1543305717, 171478413, 11529169
read-wait, 5, 10, 0
read, 5, 10, 1543305717, 171478413, 1081801
network, 10, 195479
read-start, 5, 11, 1714784130, 171478413, 12806451
read-wait, 5, 11, 0
read, 5, 11, 1714784130, 171478413, 1081799
network, 11, 195492
read-start, 5, 12, 1886262543, 171478413, 14083743
read-wait, 5, 12, 0
read, 5, 12, 1886262543, 171478413, 1080897
network, 12, 195531
read-start, 5, 13, 2057740956, 171478413, 15360172
read-wait, 5, 13, 0
read, 5, 13, 2057740956, 171478413, 1083564
network, 13, 195322
read-start, 5, 14, 2229219369, 171478413, 16639059
read-wait, 5, 14, 0
read, 5, 14, 2229219369, 171478413, 1081467
network, 14, 195522
read-start, 5, 15, 2400697782, 171478413, 17916049
read-wait, 5, 15, 0
read, 5, 15, 2400697782, 171478413, 1081446
network, 15, 195638
read-start, 5, 16, 2572176195, 171478413, 19193135
read-wait, 5, 16, 0
read, 5, 16, 2572176195, 171478413, 1082669
network, 16, 195619
read-start, 5, 17, 2743654608, 171478413, 20471423
read-wait, 5, 17, 0
read, 5, 17, 2743654608, 171478413, 1081660
network, 17, 195388
read-start, 5, 18, 2915133021, 171478413, 21748472
read-wait, 5, 18, 0
read, 5, 18, 2915133021, 171478413, 1082236
network, 18, 195494
read-start, 5, 19, 3086611434, 171478413, 23026203
read-wait, 5, 19, 0
read, 5, 19, 3086611434, 171478413, 1081928
network, 19, 195520
read-start, 5, 20, 3258089847, 171478413, 24303653
read-wait, 5, 20, 0
read, 5, 20, 3258089847, 171478413, 1081577
network, 20, 195620
read-start, 5, 21, 3429568260, 171478413, 25580852
read-wait, 5, 21, 0
read, 5, 21, 3429568260, 171478413, 1080904
network, 21, 195528
read-start, 5, 22, 3601046673, 171478413, 26857284
read-wait, 5, 22, 0
read, 5, 22, 3601046673, 171478413, 1082537
network, 22, 195554
read-start, 5, 23, 3772525086, 171478413, 28135377
read-wait, 5, 23, 0
read, 5, 23, 3772525086, 171478413, 1080643
network, 23, 195688
read-start, 5, 24, 3944003499, 171478413, 29411709
read-wait, 5, 24, 0
read, 5, 24, 3944003499, 171478413, 1080664
network, 24, 195503
read-start, 5, 25, 4115481912, 171478413, 30687877
read-wait, 5, 25, 0
read, 5, 25, 4115481912, 171478413, 1080435
network, 25, 195713
read-start, 5, 26, 4286960325, 171478413, 31964027
read-wait, 5, 26, 0
read, 5, 26, 4286960325, 171478413, 1082178
network, 26, 195473
read-start, 5, 27, 4458438738, 171478413, 33241678
read-wait, 5, 27, 0
read, 5, 27, 4458438738, 171478413, 1080421
network, 27, 195507
read-start, 5, 28, 4629917151, 171478413, 34517607
read-wait, 5, 28, 0
read, 5, 28, 4629917151, 171478413, 1080872
network, 28, 195457
read-start, 5, 29, 4801395564, 171478413, 35793938
read-wait, 5, 29, 0
read, 5, 29, 4801395564, 171478413, 1081434
network, 29, 195562
read-start, 5, 30, 4972873977, 171478413, 37070936
read-wait, 5, 30, 0
read, 5, 30, 4972873977, 171478413, 1081163
network, 30, 195440
read-start, 5, 31, 5144352390, 171478413, 38347540
read-wait, 5, 31, 0
read, 5, 31, 5144352390, 98527610, 1081824
network, 31, 110714

cmd-read, 39540063
